2025-12-10 22:25:23,317 - INFO - Initializing database connection at: news_articles.db
2025-12-10 22:25:23,318 - INFO - --- Scraper service started (CI Mode: Run Once) ---
2025-12-10 22:25:23,318 - INFO - --- Starting new scraping job (Parallel Mode) ---
2025-12-10 22:25:23,318 - INFO - Creating new robust session with 3 retries on 5xx/connection/read errors.
2025-12-10 22:25:23,318 - INFO - Proxy is DISABLED.
2025-12-10 22:25:23,318 - INFO - Starting scrape for BBC RSS feed: http://feeds.bbci.co.uk/news/world/rss.xml
2025-12-10 22:25:23,319 - INFO - [Times of India] (Thread) requires Selenium. Initializing driver...
2025-12-10 22:25:23,319 - INFO - Initializing headless Selenium Chrome driver (using SeleniumManager)...
2025-12-10 22:25:23,319 - INFO - Starting scrape for The Guardian RSS feed: https://www.theguardian.com/world/rss
2025-12-10 22:25:23,320 - INFO - [The Hindu] (Thread) requires Selenium. Initializing driver...
2025-12-10 22:25:23,320 - INFO - Initializing headless Selenium Chrome driver (using SeleniumManager)...
2025-12-10 22:25:23,320 - INFO - Submitted 4 jobs to thread pool. Waiting up to 300s for completion...
2025-12-10 22:25:23,454 - INFO - Found 52 articles in BBC RSS feed. Processing up to 10.
2025-12-10 22:25:23,455 - INFO - [BBC] Article: https://www.bbc.com/news/articles/c1dz0g2ykpeo?at_medium=RSS&at_campaign=rss
2025-12-10 22:25:23,455 - INFO - [BBC] Attempt 1/1: Trying with 'requests_browser' strategy...
2025-12-10 22:25:23,512 - INFO - Found 45 articles in The Guardian RSS feed. Processing up to 10.
2025-12-10 22:25:23,513 - INFO - [The Guardian] Article: https://www.theguardian.com/world/2025/dec/10/burkina-faso-releases-nigerian-troops-unauthorised-emergency-landing
2025-12-10 22:25:23,513 - INFO - [The Guardian] Attempt 1/1: Trying with 'requests_browser' strategy...
2025-12-10 22:25:23,546 - INFO - [The Guardian] Success with 'requests_browser'. Found content (388 words).
2025-12-10 22:25:23,583 - INFO - Duplicate article skipped: Burkina Faso releases 11 Nigerian troops after ‘unauthorised’ plane landing | Nigeria | The Guardian from The Guardian
2025-12-10 22:25:23,702 - INFO - [BBC] Success with 'requests_browser'. Found content (867 words).
2025-12-10 22:25:23,738 - INFO - Duplicate article skipped: US could ask tourists for five-year social media history before entry from BBC
2025-12-10 22:25:24,642 - INFO - [The Guardian] Article: https://www.theguardian.com/world/2025/dec/09/drc-fighting-forces-200000-to-flee-just-days-after-washington-peace-deal
2025-12-10 22:25:24,642 - INFO - [The Guardian] Attempt 1/1: Trying with 'requests_browser' strategy...
2025-12-10 22:25:24,667 - INFO - [The Guardian] Success with 'requests_browser'. Found content (408 words).
2025-12-10 22:25:24,700 - INFO - Duplicate article skipped: DRC fighting forces 200,000 to flee just days after Washington peace deal | Democratic Republic of the Congo | The Guardian from The Guardian
2025-12-10 22:25:24,771 - INFO - [BBC] Article: https://www.bbc.com/news/articles/c5y20p7xweko?at_medium=RSS&at_campaign=rss
2025-12-10 22:25:24,771 - INFO - [BBC] Attempt 1/1: Trying with 'requests_browser' strategy...
2025-12-10 22:25:24,815 - INFO - [BBC] Success with 'requests_browser'. Found content (790 words).
2025-12-10 22:25:24,850 - INFO - Duplicate article skipped: Intensive work continuing on Ukraine plan, European leaders say after Trump call from BBC
2025-12-10 22:25:25,699 - INFO - [The Guardian] Article: https://www.theguardian.com/world/2025/dec/09/colombian-mercenaries-sudan-sanctions
2025-12-10 22:25:25,699 - INFO - [The Guardian] Attempt 1/1: Trying with 'requests_browser' strategy...
2025-12-10 22:25:25,804 - INFO - [The Guardian] Success with 'requests_browser'. Found content (506 words).
2025-12-10 22:25:25,840 - INFO - Duplicate article skipped: US puts sanctions on network said to funnel Colombian mercenaries to Sudan | Sudan | The Guardian from The Guardian
2025-12-10 22:25:26,113 - INFO - [BBC] Article: https://www.bbc.com/news/articles/cjwy9n786n0o?at_medium=RSS&at_campaign=rss
2025-12-10 22:25:26,114 - INFO - [BBC] Attempt 1/1: Trying with 'requests_browser' strategy...
2025-12-10 22:25:26,151 - INFO - [BBC] Success with 'requests_browser'. Found content (621 words).
2025-12-10 22:25:26,187 - INFO - Duplicate article skipped: Iceland becomes fifth country to boycott Eurovision from BBC
2025-12-10 22:25:26,962 - INFO - [The Guardian] Article: https://www.theguardian.com/world/2025/dec/09/nigeria-troops-held-burkina-faso-emergency-landing
2025-12-10 22:25:26,962 - INFO - [The Guardian] Attempt 1/1: Trying with 'requests_browser' strategy...
2025-12-10 22:25:26,988 - INFO - [The Guardian] Success with 'requests_browser'. Found content (386 words).
2025-12-10 22:25:27,023 - INFO - Duplicate article skipped: Nigerian troops held in Burkina Faso after ‘unfriendly’ emergency landing | Nigeria | The Guardian from The Guardian
2025-12-10 22:25:27,342 - INFO - [BBC] Article: https://www.bbc.com/news/articles/clyz2vyzek9o?at_medium=RSS&at_campaign=rss
2025-12-10 22:25:27,342 - INFO - [BBC] Attempt 1/1: Trying with 'requests_browser' strategy...
2025-12-10 22:25:27,377 - INFO - [BBC] Success with 'requests_browser'. Found content (630 words).
2025-12-10 22:25:27,411 - INFO - Duplicate article skipped: Judge rules Epstein grand jury records from 2019 can be released from BBC
2025-12-10 22:25:27,590 - INFO - [The Guardian] Article: https://www.theguardian.com/world/2025/dec/08/white-supremacist-notions-threaten-sovereignty-of-south-africa-ramaphosa
2025-12-10 22:25:27,590 - INFO - [The Guardian] Attempt 1/1: Trying with 'requests_browser' strategy...
2025-12-10 22:25:27,626 - INFO - [The Guardian] Success with 'requests_browser'. Found content (547 words).
2025-12-10 22:25:27,681 - INFO - Duplicate article skipped: False claims Afrikaners are persecuted threaten South Africa’s sovereignty, says president | South Africa | The Guardian from The Guardian
2025-12-10 22:25:28,540 - INFO - [BBC] Article: https://www.bbc.com/news/articles/cedx6lqy967o?at_medium=RSS&at_campaign=rss
2025-12-10 22:25:28,540 - INFO - [BBC] Attempt 1/1: Trying with 'requests_browser' strategy...
2025-12-10 22:25:28,541 - INFO - [The Guardian] Article: https://www.theguardian.com/world/2025/dec/10/bolivia-luis-arce
2025-12-10 22:25:28,541 - INFO - [The Guardian] Attempt 1/1: Trying with 'requests_browser' strategy...
2025-12-10 22:25:28,575 - INFO - [BBC] Success with 'requests_browser'. Found content (472 words).
2025-12-10 22:25:28,631 - INFO - Duplicate article skipped: Taliban warn Afghans who wore 'un-Islamic' Peaky Blinders outfits from BBC
2025-12-10 22:25:28,646 - INFO - [The Guardian] Success with 'requests_browser'. Found content (395 words).
2025-12-10 22:25:28,690 - INFO - Saved article: Former Bolivian president Luis Arce reportedly detained by police | Bolivia | The Guardian from The Guardian
2025-12-10 22:25:29,277 - INFO - [BBC] Article: https://www.bbc.com/news/articles/c80x3p331lxo?at_medium=RSS&at_campaign=rss
2025-12-10 22:25:29,277 - INFO - [BBC] Attempt 1/1: Trying with 'requests_browser' strategy...
2025-12-10 22:25:29,308 - INFO - [BBC] Success with 'requests_browser'. Found content (462 words).
2025-12-10 22:25:29,344 - INFO - Duplicate article skipped: Italian cooking awarded special Unesco status from BBC
2025-12-10 22:25:30,059 - INFO - [The Guardian] Article: https://www.theguardian.com/us-news/2025/dec/10/us-forces-reportedly-seize-oil-tanker-off-venezuela-coast
2025-12-10 22:25:30,059 - INFO - [The Guardian] Attempt 1/1: Trying with 'requests_browser' strategy...
2025-12-10 22:25:30,093 - INFO - [The Guardian] Success with 'requests_browser'. Found content (625 words).
2025-12-10 22:25:30,141 - INFO - Saved article: US forces seize oil tanker off Venezuela coast | US foreign policy | The Guardian from The Guardian
2025-12-10 22:25:30,347 - INFO - [BBC] Article: https://www.bbc.com/news/articles/cwyln60219qo?at_medium=RSS&at_campaign=rss
2025-12-10 22:25:30,347 - INFO - [BBC] Attempt 1/1: Trying with 'requests_browser' strategy...
2025-12-10 22:25:30,390 - INFO - [BBC] Success with 'requests_browser'. Found content (877 words).
2025-12-10 22:25:30,429 - INFO - Duplicate article skipped: Benin coup attempt: Ringleader Lt Col Pascal Tigri hiding in Togo, official tells BBC from BBC
2025-12-10 22:25:31,318 - INFO - [The Guardian] Article: https://www.theguardian.com/world/2025/dec/10/venezuelan-nobel-peace-prize-winner-maria-corina-machado-not-attend-ceremony-oslo
2025-12-10 22:25:31,318 - INFO - [The Guardian] Attempt 1/1: Trying with 'requests_browser' strategy...
2025-12-10 22:25:31,358 - INFO - [The Guardian] Success with 'requests_browser'. Found content (1289 words).
2025-12-10 22:25:31,405 - INFO - Duplicate article skipped: Venezuelan Nobel peace prize winner misses ceremony but vows to continue struggle | María Corina Machado | The Guardian from The Guardian
2025-12-10 22:25:31,536 - INFO - [BBC] Article: https://www.bbc.com/news/articles/cwyv5gw95ypo?at_medium=RSS&at_campaign=rss
2025-12-10 22:25:31,536 - INFO - [BBC] Attempt 1/1: Trying with 'requests_browser' strategy...
2025-12-10 22:25:31,574 - INFO - [BBC] Success with 'requests_browser'. Found content (983 words).
2025-12-10 22:25:31,610 - INFO - Duplicate article skipped: María Corina Machado: Nobel Peace Prize winner's daughter accepts award on her behalf from BBC
2025-12-10 22:25:32,565 - INFO - [BBC] Article: https://www.bbc.com/news/articles/cly59283d7ko?at_medium=RSS&at_campaign=rss
2025-12-10 22:25:32,565 - INFO - [BBC] Attempt 1/1: Trying with 'requests_browser' strategy...
2025-12-10 22:25:32,610 - INFO - [BBC] Success with 'requests_browser'. Found content (843 words).
2025-12-10 22:25:32,623 - INFO - [The Guardian] Article: https://www.theguardian.com/us-news/live/2025/dec/09/hegseth-rubio-venezuela-trump-tariffs-pennsylvania-nvidia-china-us-politics-latest-news-updates
2025-12-10 22:25:32,623 - INFO - [The Guardian] Attempt 1/1: Trying with 'requests_browser' strategy...
2025-12-10 22:25:32,657 - INFO - Duplicate article skipped: DR Congo fighting: M23 rebels reportedly enter Uvira despite Donald Trump peace deal from BBC
2025-12-10 22:25:32,853 - INFO - [The Guardian] Success with 'requests_browser'. Found content (1276 words).
2025-12-10 22:25:32,932 - INFO - Duplicate article skipped: Trump speech on affordability ramps up bigotry and false statements – as it happened | US politics | The Guardian from The Guardian
2025-12-10 22:25:33,348 - INFO - [BBC] Article: https://www.bbc.com/news/articles/c74x03zy19wo?at_medium=RSS&at_campaign=rss
2025-12-10 22:25:33,348 - INFO - [BBC] Attempt 1/1: Trying with 'requests_browser' strategy...
2025-12-10 22:25:33,378 - INFO - [BBC] Success with 'requests_browser'. Found content (406 words).
2025-12-10 22:25:33,412 - INFO - Duplicate article skipped: Fez: At least 22 killed in building collapse in Morocco from BBC
2025-12-10 22:25:33,521 - INFO - [The Guardian] Article: https://www.theguardian.com/world/2025/dec/09/honduras-president-alleges-electoral-coup-under-way-amid-trump-interference
2025-12-10 22:25:33,521 - INFO - [The Guardian] Attempt 1/1: Trying with 'requests_browser' strategy...
2025-12-10 22:25:33,551 - INFO - [The Guardian] Success with 'requests_browser'. Found content (627 words).
2025-12-10 22:25:33,592 - INFO - Duplicate article skipped: Honduras president alleges ‘electoral coup’ under way amid Trump ‘interference’ | Honduras | The Guardian from The Guardian
2025-12-10 22:25:36,904 - INFO - Selenium driver initialized successfully.
2025-12-10 22:25:36,904 - INFO - Starting scrape for Times of India RSS feed: https://timesofindia.indiatimes.com/rssfeeds/296589292.cms
2025-12-10 22:25:36,906 - INFO - Selenium driver initialized successfully.
2025-12-10 22:25:36,906 - INFO - Starting scrape for The Hindu RSS feed: https://www.thehindu.com/news/national/feeder/default.rss
2025-12-10 22:25:37,093 - INFO - Found 20 articles in Times of India RSS feed. Processing up to 10.
2025-12-10 22:25:37,093 - INFO - [Times of India] Article: https://timesofindia.indiatimes.com/world/us-streamers/fanfan-diddy-joke-fallout-grows-as-thestockguy-reports-receiving-death-threats-for-speaking-out/articleshow/125897697.cms
2025-12-10 22:25:37,093 - INFO - [Times of India] Attempt 1/1: Trying with 'selenium_browser' strategy...
2025-12-10 22:25:37,192 - INFO - Found 100 articles in The Hindu RSS feed. Processing up to 10.
2025-12-10 22:25:37,192 - INFO - [The Hindu] Article: https://www.thehindu.com/news/national/west-bengal/uncollectable-forms-of-ineligible-voters-in-west-bengal-crosses-575-lakhs-dead-voters-over-24-lakhs/article70381472.ece
2025-12-10 22:25:37,192 - INFO - [The Hindu] Attempt 1/1: Trying with 'selenium_browser' strategy...
2025-12-10 22:25:42,949 - INFO - [The Hindu] Page content loaded.
2025-12-10 22:25:43,261 - INFO - [The Hindu] Success with 'selenium_browser'. Found content (244 words).
2025-12-10 22:25:43,678 - INFO - Saved article: ‘Uncollectable’ forms of ineligible voters in West Bengal crosses 57.5 lakhs, dead voters over 24 lakhs - The Hindu from The Hindu
2025-12-10 22:25:44,305 - INFO - [The Hindu] Article: https://www.thehindu.com/news/national/trump-says-the-us-has-seized-an-oil-tanker-off-the-coast-of-venezuela/article70382020.ece
2025-12-10 22:25:44,306 - INFO - [The Hindu] Attempt 1/1: Trying with 'selenium_browser' strategy...
2025-12-10 22:25:49,130 - INFO - [The Hindu] Page content loaded.
2025-12-10 22:25:49,425 - INFO - [The Hindu] Success with 'selenium_browser'. Found content (380 words).
2025-12-10 22:25:49,452 - INFO - [Times of India] Page content loaded.
2025-12-10 22:25:49,563 - INFO - Saved article: Trump says the U.S. has seized an oil tanker off Venezuela - The Hindu from The Hindu
2025-12-10 22:25:49,754 - INFO - [Times of India] Success with 'selenium_browser'. Found content (442 words).
2025-12-10 22:25:49,876 - INFO - Saved article: FanFan Diddy joke fallout grows as TheStockGuy reports receiving death threats for speaking out - The Times of India from Times of India
2025-12-10 22:25:50,504 - INFO - [The Hindu] Article: https://www.thehindu.com/opinion/op-ed/winds-of-change-in-music/article70380643.ece
2025-12-10 22:25:50,504 - INFO - [The Hindu] Attempt 1/1: Trying with 'selenium_browser' strategy...
2025-12-10 22:25:51,159 - INFO - [Times of India] Article: https://timesofindia.indiatimes.com/sports/international-sports/mountaineer-charged-in-girlfriends-death-says-rescue-was-impossible-as-she-froze-on-austrias-highest-peak/articleshow/125897712.cms
2025-12-10 22:25:51,159 - INFO - [Times of India] Attempt 1/1: Trying with 'selenium_browser' strategy...
2025-12-10 22:25:51,185 - INFO - [The Hindu] Page content loaded.
2025-12-10 22:25:51,252 - INFO - [The Hindu] Success with 'selenium_browser'. Found content (677 words).
2025-12-10 22:25:51,336 - INFO - Duplicate article skipped: Winds of change in music - The Hindu from The Hindu
2025-12-10 22:25:52,784 - INFO - [Times of India] Page content loaded.
2025-12-10 22:25:52,804 - INFO - [The Hindu] Article: https://www.thehindu.com/news/national/odisha/odisha-assembly-clears-bill-to-implement-threefold-hike-in-salary-pension-for-mlas/article70380711.ece
2025-12-10 22:25:52,804 - INFO - [The Hindu] Attempt 1/1: Trying with 'selenium_browser' strategy...
2025-12-10 22:25:53,026 - INFO - [Times of India] Success with 'selenium_browser'. Found content (466 words).
2025-12-10 22:25:53,358 - INFO - Saved article: Mountaineer charged in girlfriend’s death says rescue was impossible as she froze on Austria’s highest peak | International Sports News - The Times of India from Times of India
2025-12-10 22:25:53,961 - INFO - [Times of India] Article: https://timesofindia.indiatimes.com/world/us/its-not-blackmail-former-cia-director-reveals-how-cia-scares-spies-to-keep-working-old-clip-goes-viral/articleshow/125897658.cms
2025-12-10 22:25:53,961 - INFO - [Times of India] Attempt 1/1: Trying with 'selenium_browser' strategy...
2025-12-10 22:25:55,512 - INFO - [The Hindu] Page content loaded.
2025-12-10 22:25:55,583 - INFO - [The Hindu] Success with 'selenium_browser'. Found content (321 words).
2025-12-10 22:25:55,757 - INFO - Duplicate article skipped: Odisha Assembly clears Bill to implement threefold hike in salary, pension for MLAs - The Hindu from The Hindu
2025-12-10 22:25:56,606 - INFO - [The Hindu] Article: https://www.thehindu.com/news/national/west-bengal/ec-extends-deadline-for-booth-rearrangement-in-west-bengal/article70381327.ece
2025-12-10 22:25:56,606 - INFO - [The Hindu] Attempt 1/1: Trying with 'selenium_browser' strategy...
2025-12-10 22:26:06,608 - INFO - [Times of India] Page content loaded.
2025-12-10 22:26:07,019 - INFO - [Times of India] Success with 'selenium_browser'. Found content (384 words).
2025-12-10 22:26:07,354 - INFO - Saved article: ‘It’s not blackmail’: Former CIA director reveals how CIA ‘scares’ spies to keep working; old clip goes viral | World News - The Times of India from Times of India
2025-12-10 22:26:08,444 - INFO - [Times of India] Article: https://timesofindia.indiatimes.com/world/europe/princess-sofia-skips-nobel-prize-ceremony-after-epstein-links-emerge-shes-the-girl-i-told-you-about/articleshow/125897627.cms
2025-12-10 22:26:08,445 - INFO - [Times of India] Attempt 1/1: Trying with 'selenium_browser' strategy...
2025-12-10 22:26:09,853 - INFO - [Times of India] Page content loaded.
2025-12-10 22:26:09,969 - INFO - [Times of India] Success with 'selenium_browser'. Found content (311 words).
2025-12-10 22:26:10,064 - INFO - Saved article: Princess Sofia skips Nobel Prize Ceremony after Epstein links emerge: 'She's the girl I told you about' - The Times of India from Times of India
2025-12-10 22:26:11,031 - INFO - [Times of India] Article: https://timesofindia.indiatimes.com/world/us-streamers/who-is-mapletom-the-lol-legend-whose-twitch-channel-sparked-concern-after-a-2025-hack/articleshow/125897564.cms
2025-12-10 22:26:11,031 - INFO - [Times of India] Attempt 1/1: Trying with 'selenium_browser' strategy...
2025-12-10 22:26:13,349 - INFO - [Times of India] Page content loaded.
2025-12-10 22:26:13,463 - INFO - [Times of India] Success with 'selenium_browser'. Found content (410 words).
2025-12-10 22:26:13,596 - INFO - Saved article: Who is mapletom? The LoL legend whose Twitch channel sparked concern after a 2025 hack - The Times of India from Times of India
2025-12-10 22:26:14,264 - INFO - [Times of India] Article: https://timesofindia.indiatimes.com/world/us-streamers/there-are-serious-security-issues-elon-musk-opens-up-on-katie-miller-podcast-about-fear-after-charlie-kirks-assassination/articleshow/125896106.cms
2025-12-10 22:26:14,264 - INFO - [Times of India] Attempt 1/1: Trying with 'selenium_browser' strategy...
2025-12-10 22:26:15,499 - INFO - [Times of India] Page content loaded.
2025-12-10 22:26:15,696 - INFO - [Times of India] Success with 'selenium_browser'. Found content (490 words).
2025-12-10 22:26:15,768 - INFO - Saved article: “There are serious security issues”: Elon Musk opens up on Katie Miller podcast about fear after Charlie Kirk’s assassination - The Times of India from Times of India
2025-12-10 22:26:16,813 - INFO - [Times of India] Article: https://timesofindia.indiatimes.com/world/us-streamers/who-is-japans-top-twitch-streamer-junichi-kato-inside-unko-chans-dating-life-with-adult-star-career-and-marriage-controversy/articleshow/125889864.cms
2025-12-10 22:26:16,813 - INFO - [Times of India] Attempt 1/1: Trying with 'selenium_browser' strategy...
2025-12-10 22:26:18,235 - INFO - [Times of India] Page content loaded.
2025-12-10 22:26:18,427 - INFO - [Times of India] Success with 'selenium_browser'. Found content (433 words).
2025-12-10 22:26:18,488 - INFO - Saved article: Who is Japan’s top Twitch streamer, Junichi Kato? Inside Unko-chan’s dating life with adult star, career, and marriage controversy - The Times of India from Times of India
2025-12-10 22:26:19,103 - INFO - [Times of India] Article: https://timesofindia.indiatimes.com/world/us/mind-virus-erika-kirks-massive-outburst-on-candace-owens-evil-claims-about-charlie-kirks-assassination/articleshow/125897418.cms
2025-12-10 22:26:19,103 - INFO - [Times of India] Attempt 1/1: Trying with 'selenium_browser' strategy...
2025-12-10 22:26:20,260 - INFO - [Times of India] Page content loaded.
2025-12-10 22:26:20,361 - INFO - [Times of India] Success with 'selenium_browser'. Found content (428 words).
2025-12-10 22:26:20,418 - INFO - Duplicate article skipped: Mind virus: Erika Kirk's massive outburst on Candace Owens' 'evil' claims about Charlie Kirk's assassination; 'My silence does not mean...' - The Times of India from Times of India
2025-12-10 22:26:21,772 - INFO - [Times of India] Article: https://timesofindia.indiatimes.com/world/uk/uk-report-says-indian-origin-parents-may-be-aborting-female-foetuses/articleshow/125897238.cms
2025-12-10 22:26:21,772 - INFO - [Times of India] Attempt 1/1: Trying with 'selenium_browser' strategy...
2025-12-10 22:26:22,673 - INFO - [Times of India] Page content loaded.
2025-12-10 22:26:22,842 - INFO - [Times of India] Success with 'selenium_browser'. Found content (305 words).
2025-12-10 22:26:23,005 - INFO - Duplicate article skipped: UK report says Indian-origin parents may be aborting female foetuses - The Times of India from Times of India
2025-12-10 22:26:23,656 - INFO - [Times of India] Article: https://timesofindia.indiatimes.com/world/us/please-do-not-stranded-indian-h-1bs-request-on-reddit-goes-viral-amid-visa-chaos/articleshow/125896961.cms
2025-12-10 22:26:23,656 - INFO - [Times of India] Attempt 1/1: Trying with 'selenium_browser' strategy...
2025-12-10 22:26:24,078 - INFO - [The Hindu] Page content loaded.
2025-12-10 22:26:24,198 - INFO - [The Hindu] Success with 'selenium_browser'. Found content (252 words).
2025-12-10 22:26:24,301 - INFO - Duplicate article skipped: EC extends deadline for booth rearrangement in West Bengal - The Hindu from The Hindu
2025-12-10 22:26:24,973 - INFO - [The Hindu] Article: https://www.thehindu.com/news/national/other-states/groped-at-post-malones-guwahati-concert-alleges-british-woman/article70381281.ece
2025-12-10 22:26:24,973 - INFO - [The Hindu] Attempt 1/1: Trying with 'selenium_browser' strategy...
2025-12-10 22:26:25,437 - INFO - [Times of India] Page content loaded.
2025-12-10 22:26:25,607 - INFO - [Times of India] Success with 'selenium_browser'. Found content (447 words).
2025-12-10 22:26:25,764 - INFO - Saved article: 'Please do not...': Stranded Indian H-1B's request on Reddit goes viral amid visa chaos - The Times of India from Times of India
2025-12-10 22:26:26,520 - INFO - [Times of India] (Thread) Finished. Attempting to shut down its Selenium driver.
2025-12-10 22:26:26,762 - INFO - [Times of India] (Thread) driver.quit() successful.
2025-12-10 22:26:27,095 - INFO - [The Hindu] Page content loaded.
2025-12-10 22:26:27,184 - INFO - [The Hindu] Success with 'selenium_browser'. Found content (222 words).
2025-12-10 22:26:27,313 - INFO - Duplicate article skipped: Groped at Post Malone’s Guwahati concert, alleges British woman - The Hindu from The Hindu
2025-12-10 22:26:28,341 - INFO - [The Hindu] Article: https://www.thehindu.com/news/national/kerala/anvars-possible-udf-entry-has-nothing-to-do-with-trinamool/article70380853.ece
2025-12-10 22:26:28,342 - INFO - [The Hindu] Attempt 1/1: Trying with 'selenium_browser' strategy...
2025-12-10 22:26:28,996 - INFO - [The Hindu] Page content loaded.
2025-12-10 22:26:29,141 - INFO - [The Hindu] Success with 'selenium_browser'. Found content (195 words).
2025-12-10 22:26:29,224 - INFO - Duplicate article skipped: ‘Anvar’s possible UDF entry has nothing to do with Trinamool’ - The Hindu from The Hindu
2025-12-10 22:26:29,995 - INFO - [The Hindu] Article: https://www.thehindu.com/news/national/no-change-in-schemes-for-unorganised-workers-after-labour-codes-centre/article70381777.ece
2025-12-10 22:26:29,995 - INFO - [The Hindu] Attempt 1/1: Trying with 'selenium_browser' strategy...
2025-12-10 22:26:31,102 - INFO - [The Hindu] Page content loaded.
2025-12-10 22:26:31,148 - INFO - [The Hindu] Success with 'selenium_browser'. Found content (200 words).
2025-12-10 22:26:31,274 - INFO - Duplicate article skipped: No change in schemes for unorganised workers after Labour Codes: Centre - The Hindu from The Hindu
2025-12-10 22:26:32,770 - INFO - [The Hindu] Article: https://www.thehindu.com/news/national/kerala/inl-workers-in-kasaragod-allegedly-threaten-independent-candidate/article70380415.ece
2025-12-10 22:26:32,770 - INFO - [The Hindu] Attempt 1/1: Trying with 'selenium_browser' strategy...
2025-12-10 22:26:34,620 - INFO - [The Hindu] Page content loaded.
2025-12-10 22:26:34,680 - INFO - [The Hindu] Success with 'selenium_browser'. Found content (104 words).
2025-12-10 22:26:34,750 - INFO - Duplicate article skipped: INL workers in Kasaragod allegedly threaten Independent candidate - The Hindu from The Hindu
2025-12-10 22:26:35,619 - INFO - [The Hindu] Article: https://www.thehindu.com/news/national/tamil-nadu/msme-marketing-conclave-held-in-chennai/article70381667.ece
2025-12-10 22:26:35,620 - INFO - [The Hindu] Attempt 1/1: Trying with 'selenium_browser' strategy...
2025-12-10 22:26:36,742 - INFO - [The Hindu] Page content loaded.
2025-12-10 22:26:36,799 - INFO - [The Hindu] Success with 'selenium_browser'. Found content (88 words).
2025-12-10 22:26:36,872 - INFO - Duplicate article skipped: MSME Marketing Conclave held in Chennai - The Hindu from The Hindu
2025-12-10 22:26:38,247 - INFO - [The Hindu] (Thread) Finished. Attempting to shut down its Selenium driver.
2025-12-10 22:26:38,410 - INFO - [The Hindu] (Thread) driver.quit() successful.
2025-12-10 22:26:38,410 - INFO - Shutting down thread pool (wait=False)...
2025-12-10 22:26:38,410 - INFO - Scraped: 0 BBC, 8 Times of India, 2 The Hindu, 2 The Guardian articles. (Total saved: 12)
2025-12-10 22:26:38,410 - INFO - --- Scraping job finished ---
2025-12-10 22:26:38,416 - INFO - --- Scraper service stopped and database connection closed. ---
2025-12-10 22:26:38,416 - INFO - --- Main thread finished. Forcing process exit to kill zombie threads. ---
