2026-02-08 18:46:25,521 - INFO - Initializing database connection at: news_articles.db
2026-02-08 18:46:25,521 - INFO - --- Scraper service started (CI Mode: Run Once) ---
2026-02-08 18:46:25,521 - INFO - --- Starting new scraping job (Parallel Mode) ---
2026-02-08 18:46:25,521 - INFO - Creating new robust session with 3 retries on 5xx/connection/read errors.
2026-02-08 18:46:25,521 - INFO - Proxy is DISABLED.
2026-02-08 18:46:25,522 - INFO - Starting scrape for BBC RSS feed: http://feeds.bbci.co.uk/news/world/rss.xml
2026-02-08 18:46:25,522 - INFO - [Times of India] (Thread) requires Selenium. Initializing driver...
2026-02-08 18:46:25,522 - INFO - Initializing headless Selenium Chrome driver (using SeleniumManager)...
2026-02-08 18:46:25,522 - INFO - Starting scrape for The Guardian RSS feed: https://www.theguardian.com/world/rss
2026-02-08 18:46:25,523 - INFO - [The Hindu] (Thread) requires Selenium. Initializing driver...
2026-02-08 18:46:25,523 - INFO - Initializing headless Selenium Chrome driver (using SeleniumManager)...
2026-02-08 18:46:25,523 - INFO - Submitted 4 jobs to thread pool. Waiting up to 300s for completion...
2026-02-08 18:46:25,648 - INFO - Found 45 articles in The Guardian RSS feed. Processing up to 10.
2026-02-08 18:46:25,648 - INFO - [The Guardian] Article: https://www.theguardian.com/world/2026/feb/07/sudan-rsf-drone-attack-rahad-kills-displaced-people
2026-02-08 18:46:25,648 - INFO - [The Guardian] Attempt 1/1: Trying with 'requests_browser' strategy...
2026-02-08 18:46:25,690 - INFO - [The Guardian] Success with 'requests_browser'. Found content (817 words).
2026-02-08 18:46:25,737 - INFO - Duplicate article skipped: RSF drone attack kills 24 people fleeing fighting in central Sudan, says doctors group | Sudan | The Guardian from The Guardian
2026-02-08 18:46:25,850 - INFO - Found 32 articles in BBC RSS feed. Processing up to 10.
2026-02-08 18:46:25,850 - INFO - [BBC] Article: https://www.bbc.com/news/articles/cx2y7d2z29xo?at_medium=RSS&at_campaign=rss
2026-02-08 18:46:25,850 - INFO - [BBC] Attempt 1/1: Trying with 'requests_browser' strategy...
2026-02-08 18:46:25,956 - INFO - [BBC] Success with 'requests_browser'. Found content (701 words).
2026-02-08 18:46:26,008 - INFO - Duplicate article skipped: Japan's governing party on course for landslide election win from BBC
2026-02-08 18:46:26,969 - INFO - [The Guardian] Article: https://www.theguardian.com/global-development/2026/feb/07/businesses-close-protest-malawi-tax-changes-electronic-invoicing-system
2026-02-08 18:46:26,969 - INFO - [The Guardian] Attempt 1/1: Trying with 'requests_browser' strategy...
2026-02-08 18:46:27,083 - INFO - [The Guardian] Success with 'requests_browser'. Found content (591 words).
2026-02-08 18:46:27,116 - INFO - Duplicate article skipped: Thousands of Malawi businesses close in protest over tax changes | Global development | The Guardian from The Guardian
2026-02-08 18:46:27,190 - INFO - [BBC] Article: https://www.bbc.com/news/articles/cx2jn4z4eq0o?at_medium=RSS&at_campaign=rss
2026-02-08 18:46:27,190 - INFO - [BBC] Attempt 1/1: Trying with 'requests_browser' strategy...
2026-02-08 18:46:27,316 - INFO - [BBC] Success with 'requests_browser'. Found content (869 words).
2026-02-08 18:46:27,355 - INFO - Duplicate article skipped: Thailand election 2026: PM claims election victory as early results show conservatives ahead from BBC
2026-02-08 18:46:27,730 - INFO - [The Guardian] Article: https://www.theguardian.com/environment/2026/feb/06/weather-tracker-storm-leonardo-europe-portugal-spain-northern-africa
2026-02-08 18:46:27,730 - INFO - [The Guardian] Attempt 1/1: Trying with 'requests_browser' strategy...
2026-02-08 18:46:27,753 - INFO - [The Guardian] Success with 'requests_browser'. Found content (438 words).
2026-02-08 18:46:27,787 - INFO - Duplicate article skipped: Weather tracker: Storm Leonardo continues to batter Europe and northern Africa | Europe | The Guardian from The Guardian
2026-02-08 18:46:28,259 - INFO - [BBC] Article: https://www.bbc.com/news/articles/cy7j6xe8862o?at_medium=RSS&at_campaign=rss
2026-02-08 18:46:28,259 - INFO - [BBC] Attempt 1/1: Trying with 'requests_browser' strategy...
2026-02-08 18:46:28,295 - INFO - [BBC] Success with 'requests_browser'. Found content (661 words).
2026-02-08 18:46:28,334 - INFO - Duplicate article skipped: Vladimir Alexeyev: Russia names three suspects in shooting of general from BBC
2026-02-08 18:46:29,102 - INFO - [The Guardian] Article: https://www.theguardian.com/world/2026/feb/05/nigeria-sends-troops-to-villages-attacked-by-jihadist-fighters
2026-02-08 18:46:29,102 - INFO - [The Guardian] Attempt 1/1: Trying with 'requests_browser' strategy...
2026-02-08 18:46:29,403 - INFO - [The Guardian] Success with 'requests_browser'. Found content (663 words).
2026-02-08 18:46:29,442 - INFO - Duplicate article skipped: ‘They killed my sons’: chief of Nigerian village where jihadists massacred hundreds recounts night of terror | Nigeria | The Guardian from The Guardian
2026-02-08 18:46:29,824 - INFO - [BBC] Article: https://www.bbc.com/news/articles/ce9y99eg0nno?at_medium=RSS&at_campaign=rss
2026-02-08 18:46:29,824 - INFO - [BBC] Attempt 1/1: Trying with 'requests_browser' strategy...
2026-02-08 18:46:29,871 - INFO - [BBC] Success with 'requests_browser'. Found content (676 words).
2026-02-08 18:46:29,917 - INFO - Duplicate article skipped: Savannah Guthrie says 'we will pay' for mother's safe return from BBC
2026-02-08 18:46:30,211 - INFO - [The Guardian] Article: https://www.theguardian.com/world/2026/feb/04/gunmen-west-nigeria-attack-red-cross
2026-02-08 18:46:30,211 - INFO - [The Guardian] Attempt 1/1: Trying with 'requests_browser' strategy...
2026-02-08 18:46:30,329 - INFO - [The Guardian] Success with 'requests_browser'. Found content (881 words).
2026-02-08 18:46:30,395 - INFO - Duplicate article skipped: Gunmen kill more than 160 people in attacks on two west Nigeria villages | Nigeria | The Guardian from The Guardian
2026-02-08 18:46:31,051 - INFO - [The Guardian] Article: https://www.theguardian.com/world/2026/feb/08/canada-alberta-separatism-join-us
2026-02-08 18:46:31,051 - INFO - [The Guardian] Attempt 1/1: Trying with 'requests_browser' strategy...
2026-02-08 18:46:31,075 - INFO - [The Guardian] Success with 'requests_browser'. Found content (798 words).
2026-02-08 18:46:31,115 - INFO - Duplicate article skipped: Canada is no stranger to separatism but push for Alberta to join US is a new peril | Canada | The Guardian from The Guardian
2026-02-08 18:46:31,377 - INFO - [BBC] Article: https://www.bbc.com/news/articles/c0j5pg0597po?at_medium=RSS&at_campaign=rss
2026-02-08 18:46:31,377 - INFO - [BBC] Attempt 1/1: Trying with 'requests_browser' strategy...
2026-02-08 18:46:31,416 - INFO - [BBC] Success with 'requests_browser'. Found content (479 words).
2026-02-08 18:46:31,458 - INFO - Duplicate article skipped: South Africa's Wiandre Pretorius: Man named at Madlanga Commission found dead from BBC
2026-02-08 18:46:32,208 - INFO - Selenium driver initialized successfully.
2026-02-08 18:46:32,209 - INFO - Starting scrape for The Hindu RSS feed: https://www.thehindu.com/news/national/feeder/default.rss
2026-02-08 18:46:32,210 - INFO - Selenium driver initialized successfully.
2026-02-08 18:46:32,210 - INFO - Starting scrape for Times of India RSS feed: https://timesofindia.indiatimes.com/rssfeeds/296589292.cms
2026-02-08 18:46:32,311 - INFO - Found 20 articles in Times of India RSS feed. Processing up to 10.
2026-02-08 18:46:32,312 - INFO - [Times of India] Article: https://timesofindia.indiatimes.com/world/south-asia/watch-tarique-rahmans-daughter-campaigns-by-rickshaw-in-dhaka-ahead-of-feb-12-polls/articleshow/128079469.cms
2026-02-08 18:46:32,312 - INFO - [Times of India] Attempt 1/1: Trying with 'selenium_browser' strategy...
2026-02-08 18:46:32,347 - INFO - Found 100 articles in The Hindu RSS feed. Processing up to 10.
2026-02-08 18:46:32,347 - INFO - [The Hindu] Article: https://www.thehindu.com/news/cities/chennai/kennel-club-of-india-secretary-sudarsan-no-more/article70608618.ece
2026-02-08 18:46:32,347 - INFO - [The Hindu] Attempt 1/1: Trying with 'selenium_browser' strategy...
2026-02-08 18:46:32,590 - INFO - [The Guardian] Article: https://www.theguardian.com/environment/2026/feb/07/bermuda-snail-thought-to-be-extinct-now-thrives-after-a-decades-effort
2026-02-08 18:46:32,590 - INFO - [The Guardian] Attempt 1/1: Trying with 'requests_browser' strategy...
2026-02-08 18:46:32,712 - INFO - [The Guardian] Success with 'requests_browser'. Found content (436 words).
2026-02-08 18:46:32,770 - INFO - Duplicate article skipped: Bermuda snail thought to be extinct now thrives after a decade’s effort | Wildlife | The Guardian from The Guardian
2026-02-08 18:46:32,874 - INFO - [BBC] Article: https://www.bbc.com/news/articles/cn87l12e4xeo?at_medium=RSS&at_campaign=rss
2026-02-08 18:46:32,874 - INFO - [BBC] Attempt 1/1: Trying with 'requests_browser' strategy...
2026-02-08 18:46:32,902 - INFO - [BBC] Success with 'requests_browser'. Found content (295 words).
2026-02-08 18:46:32,980 - INFO - Saved article: France murder trial complicated by twin brothers with same DNA from BBC
2026-02-08 18:46:33,991 - INFO - [The Guardian] Article: https://www.theguardian.com/world/2026/feb/07/china-overturns-death-sentence-of-canadian-robert-lloyd-schellenberg-in-sign-of-diplomatic-thaw
2026-02-08 18:46:33,991 - INFO - [The Guardian] Attempt 1/1: Trying with 'requests_browser' strategy...
2026-02-08 18:46:34,169 - INFO - [The Guardian] Success with 'requests_browser'. Found content (526 words).
2026-02-08 18:46:34,215 - INFO - [BBC] Article: https://www.bbc.com/sport/articles/c98q5g51z4no?at_medium=RSS&at_campaign=rss
2026-02-08 18:46:34,215 - INFO - [BBC] Attempt 1/1: Trying with 'requests_browser' strategy...
2026-02-08 18:46:34,311 - INFO - Duplicate article skipped: China overturns death sentence of Canadian in sign of diplomatic thaw | China | The Guardian from The Guardian
2026-02-08 18:46:34,405 - INFO - [BBC] Success with 'requests_browser'. Found content (981 words).
2026-02-08 18:46:34,539 - INFO - Duplicate article skipped: Lindsey Vonn: American crashes out in women's downhill at Winter Olympics as Breezy Johnson wins gold - BBC Sport from BBC
2026-02-08 18:46:35,343 - INFO - [The Guardian] Article: https://www.theguardian.com/us-news/2026/feb/06/trump-proclamation-us-imports-argentine-beef
2026-02-08 18:46:35,343 - INFO - [The Guardian] Attempt 1/1: Trying with 'requests_browser' strategy...
2026-02-08 18:46:35,587 - INFO - [The Guardian] Success with 'requests_browser'. Found content (303 words).
2026-02-08 18:46:35,724 - INFO - Duplicate article skipped: Trump signs proclamation to increase US imports of beef from Argentina | Donald Trump | The Guardian from The Guardian
2026-02-08 18:46:36,020 - INFO - [BBC] Article: https://www.bbc.com/news/articles/c1e9p04n8y9o?at_medium=RSS&at_campaign=rss
2026-02-08 18:46:36,020 - INFO - [BBC] Attempt 1/1: Trying with 'requests_browser' strategy...
2026-02-08 18:46:36,182 - INFO - [BBC] Success with 'requests_browser'. Found content (672 words).
2026-02-08 18:46:36,346 - INFO - Saved article: Ebo Taylor: Influential highlife and afrobeat musician dies at 90 from BBC
2026-02-08 18:46:36,678 - INFO - [The Guardian] Article: https://www.theguardian.com/world/2026/feb/06/canada-and-france-open-greenland-consulates-in-show-of-denmark-support
2026-02-08 18:46:36,678 - INFO - [The Guardian] Attempt 1/1: Trying with 'requests_browser' strategy...
2026-02-08 18:46:36,921 - INFO - [The Guardian] Success with 'requests_browser'. Found content (352 words).
2026-02-08 18:46:37,175 - INFO - Duplicate article skipped: Canada and France open Greenland consulates in show of Denmark support | Greenland | The Guardian from The Guardian
2026-02-08 18:46:37,608 - INFO - [BBC] Article: https://www.bbc.com/news/articles/cgl5293n5n9o?at_medium=RSS&at_campaign=rss
2026-02-08 18:46:37,608 - INFO - [BBC] Attempt 1/1: Trying with 'requests_browser' strategy...
2026-02-08 18:46:37,779 - INFO - [BBC] Success with 'requests_browser'. Found content (604 words).
2026-02-08 18:46:37,850 - INFO - Duplicate article skipped: Italian police arrest protesters after clash in Olympic host city Milan from BBC
2026-02-08 18:46:38,381 - INFO - [BBC] Article: https://www.bbc.com/news/articles/cre2egrg5q1o?at_medium=RSS&at_campaign=rss
2026-02-08 18:46:38,382 - INFO - [BBC] Attempt 1/1: Trying with 'requests_browser' strategy...
2026-02-08 18:46:38,579 - INFO - [BBC] Success with 'requests_browser'. Found content (539 words).
2026-02-08 18:46:38,683 - INFO - Duplicate article skipped: 3 Doors Down lead singer Brad Arnold dies at 47 from BBC
2026-02-08 18:47:11,187 - INFO - [The Hindu] Page content loaded.
2026-02-08 18:47:11,375 - INFO - [The Hindu] Success with 'selenium_browser'. Found content (193 words).
2026-02-08 18:47:11,572 - INFO - Saved article: Kennel Club of India secretary Sudarsan no more - The Hindu from The Hindu
2026-02-08 18:47:12,812 - INFO - [The Hindu] Article: https://www.thehindu.com/news/national/kerala/police-excise-launch-intensive-raid-in-perumbavoor-nine-ndps-cases-registered/article70608463.ece
2026-02-08 18:47:12,813 - INFO - [The Hindu] Attempt 1/1: Trying with 'selenium_browser' strategy...
2026-02-08 18:47:14,707 - INFO - [Times of India] Page content loaded.
2026-02-08 18:47:14,852 - INFO - [The Hindu] Page content loaded.
2026-02-08 18:47:15,110 - INFO - [The Hindu] Success with 'selenium_browser'. Found content (322 words).
2026-02-08 18:47:15,162 - INFO - [Times of India] Success with 'selenium_browser'. Found content (584 words).
2026-02-08 18:47:15,280 - INFO - Saved article: Police, Excise launch intensive raid in Perumbavoor; nine NDPS cases registered - The Hindu from The Hindu
2026-02-08 18:47:15,364 - INFO - Saved article: Watch: Tarique Rahman’s daughter campaigns by rickshaw in Dhaka ahead of Feb 12 polls - The Times of India from Times of India
2026-02-08 18:47:15,822 - INFO - [The Hindu] Article: https://www.thehindu.com/news/cities/chennai/lack-of-feed-affects-milk-production-in-tn-karnataka-does-better/article70607872.ece
2026-02-08 18:47:15,822 - INFO - [The Hindu] Attempt 1/1: Trying with 'selenium_browser' strategy...
2026-02-08 18:47:16,626 - INFO - [Times of India] Article: https://timesofindia.indiatimes.com/world/us/two-indian-american-men-indicted-for-allegedly-using-3000-stolen-identities-to-defraud-online-gambling-sites-of-3-million/articleshow/128077490.cms
2026-02-08 18:47:16,626 - INFO - [Times of India] Attempt 1/1: Trying with 'selenium_browser' strategy...
2026-02-08 18:47:16,693 - INFO - [The Hindu] Page content loaded.
2026-02-08 18:47:16,757 - INFO - [The Hindu] Success with 'selenium_browser'. Found content (501 words).
2026-02-08 18:47:16,895 - INFO - Saved article: Lack of feed affects milk production in T.N.; Karnataka does better - The Hindu from The Hindu
2026-02-08 18:47:17,954 - INFO - [The Hindu] Article: https://www.thehindu.com/news/national/pm-modi-vows-stronger-india-malaysia-ties-in-strategic-pivot-says-no-compromise-on-terrorism/article70608243.ece
2026-02-08 18:47:17,954 - INFO - [The Hindu] Attempt 1/1: Trying with 'selenium_browser' strategy...
2026-02-08 18:47:19,264 - INFO - [The Hindu] Page content loaded.
2026-02-08 18:47:19,450 - INFO - [The Hindu] Success with 'selenium_browser'. Found content (964 words).
2026-02-08 18:47:19,574 - INFO - Saved article: PM Modi vows stronger India-Malaysia ties in strategic pivot; says ‘no compromise’ on terrorism - The Hindu from The Hindu
2026-02-08 18:47:20,945 - INFO - [The Hindu] Article: https://www.thehindu.com/news/national/telangana/brs-will-win-all-municipalities-in-medak-district-harish/article70608311.ece
2026-02-08 18:47:20,945 - INFO - [The Hindu] Attempt 1/1: Trying with 'selenium_browser' strategy...
2026-02-08 18:47:22,749 - INFO - [The Hindu] Page content loaded.
2026-02-08 18:47:22,816 - INFO - [The Hindu] Success with 'selenium_browser'. Found content (293 words).
2026-02-08 18:47:22,916 - INFO - Saved article: BRS will win all municipalities in Medak district: Harish - The Hindu from The Hindu
2026-02-08 18:47:23,649 - INFO - [The Hindu] Article: https://www.thehindu.com/news/national/andhra-pradesh/ap-govt-signs-pact-with-srm-ap-for-quantum-reference-facility/article70608377.ece
2026-02-08 18:47:23,649 - INFO - [The Hindu] Attempt 1/1: Trying with 'selenium_browser' strategy...
2026-02-08 18:47:25,212 - INFO - [The Hindu] Page content loaded.
2026-02-08 18:47:25,408 - INFO - [The Hindu] Success with 'selenium_browser'. Found content (283 words).
2026-02-08 18:47:25,516 - INFO - Saved article: A.P. govt. signs pact with SRM-A.P. for quantum reference facility - The Hindu from The Hindu
2026-02-08 18:47:26,309 - INFO - [The Hindu] Article: https://www.thehindu.com/news/national/karnataka/namma-metro-fare-hike-put-on-hold-after-public-backlash-bmrcl-to-review-decision/article70608130.ece
2026-02-08 18:47:26,309 - INFO - [The Hindu] Attempt 1/1: Trying with 'selenium_browser' strategy...
2026-02-08 18:47:27,685 - INFO - [The Hindu] Page content loaded.
2026-02-08 18:47:27,915 - INFO - [The Hindu] Success with 'selenium_browser'. Found content (470 words).
2026-02-08 18:47:28,003 - INFO - Saved article: Namma Metro fare hike put on hold after public backlash; BMRCL to review decision - The Hindu from The Hindu
2026-02-08 18:47:28,897 - INFO - [The Hindu] Article: https://www.thehindu.com/news/national/tamil-nadu/islamiah-college-in-tirupattur-inks-mou/article70607362.ece
2026-02-08 18:47:28,897 - INFO - [The Hindu] Attempt 1/1: Trying with 'selenium_browser' strategy...
2026-02-08 18:47:29,656 - INFO - [The Hindu] Page content loaded.
2026-02-08 18:47:29,835 - INFO - [The Hindu] Success with 'selenium_browser'. Found content (112 words).
2026-02-08 18:47:29,929 - INFO - Saved article: Islamiah College in Tirupattur inks MOU - The Hindu from The Hindu
2026-02-08 18:47:30,627 - INFO - [The Hindu] Article: https://www.thehindu.com/news/national/karnataka/salesman-robbed-close-to-police-station/article70607301.ece
2026-02-08 18:47:30,627 - INFO - [The Hindu] Attempt 1/1: Trying with 'selenium_browser' strategy...
2026-02-08 18:47:31,354 - INFO - [The Hindu] Page content loaded.
2026-02-08 18:47:31,405 - INFO - [The Hindu] Success with 'selenium_browser'. Found content (216 words).
2026-02-08 18:47:31,482 - INFO - Saved article: Salesman robbed close to police station - The Hindu from The Hindu
2026-02-08 18:47:32,621 - INFO - [The Hindu] Article: https://www.thehindu.com/news/national/andhra-pradesh/nandi-theatre-festivals-will-organised-soon-says-tourism-minister/article70608412.ece
2026-02-08 18:47:32,621 - INFO - [The Hindu] Attempt 1/1: Trying with 'selenium_browser' strategy...
2026-02-08 18:47:33,658 - INFO - [The Hindu] Page content loaded.
2026-02-08 18:47:33,837 - INFO - [The Hindu] Success with 'selenium_browser'. Found content (174 words).
2026-02-08 18:47:34,009 - INFO - Saved article: Nandi theatre festivals will be organised soon, says Tourism Minister - The Hindu from The Hindu
2026-02-08 18:47:35,087 - INFO - [The Hindu] (Thread) Finished. Attempting to shut down its Selenium driver.
2026-02-08 18:47:35,246 - INFO - [The Hindu] (Thread) driver.quit() successful.
2026-02-08 18:47:46,672 - INFO - [Times of India] Page content loaded.
2026-02-08 18:47:46,842 - INFO - [Times of India] Success with 'selenium_browser'. Found content (567 words).
2026-02-08 18:47:46,936 - INFO - Saved article: Two Indian American men indicted for allegedly using 3,000 stolen identities to defraud online gambling sites of $3 million - The Times of India from Times of India
2026-02-08 18:47:48,055 - INFO - [Times of India] Article: https://timesofindia.indiatimes.com/world/middle-east/nobel-peace-prize-winner-narges-mohammadi-sentenced-to-fresh-jail-term-in-iran/articleshow/128078345.cms
2026-02-08 18:47:48,055 - INFO - [Times of India] Attempt 1/1: Trying with 'selenium_browser' strategy...
2026-02-08 18:47:48,723 - INFO - [Times of India] Page content loaded.
2026-02-08 18:47:48,864 - INFO - [Times of India] Success with 'selenium_browser'. Found content (420 words).
2026-02-08 18:47:48,933 - INFO - Saved article: Nobel Peace Prize winner Narges Mohammadi sentenced to fresh jail term in Iran - The Times of India from Times of India
2026-02-08 18:47:49,510 - INFO - [Times of India] Article: https://timesofindia.indiatimes.com/world/rest-of-world/japan-snap-elections-takaichi-led-ldp-projected-to-storm-back-to-power-top-developments/articleshow/128070183.cms
2026-02-08 18:47:49,510 - INFO - [Times of India] Attempt 1/1: Trying with 'selenium_browser' strategy...
2026-02-08 18:47:50,258 - INFO - [Times of India] Page content loaded.
2026-02-08 18:47:50,375 - INFO - [Times of India] Success with 'selenium_browser'. Found content (775 words).
2026-02-08 18:47:50,430 - INFO - Duplicate article skipped: Japan snap elections: PM Sanae Takaichi’s LDP secures majority in lower house - top developments - The Times of India from Times of India
2026-02-08 18:47:51,797 - INFO - [Times of India] Article: https://timesofindia.indiatimes.com/world/rest-of-world/thailand-elections-conservative-pm-anutin-charnvirakul-claims-election-victory/articleshow/128076472.cms
2026-02-08 18:47:51,797 - INFO - [Times of India] Attempt 1/1: Trying with 'selenium_browser' strategy...
2026-02-08 18:47:52,739 - INFO - [Times of India] Page content loaded.
2026-02-08 18:47:52,852 - INFO - [Times of India] Success with 'selenium_browser'. Found content (208 words).
2026-02-08 18:47:52,911 - INFO - Duplicate article skipped: Thailand elections: Conservative PM Anutin Charnvirakul claims victory - The Times of India from Times of India
2026-02-08 18:47:54,412 - INFO - [Times of India] Article: https://timesofindia.indiatimes.com/world/us/she-nearly-died-18-month-old-girl-was-returned-to-ice-custody-denied-medication-despite-life-threatening-illness-lawsuit-says/articleshow/128076200.cms
2026-02-08 18:47:54,412 - INFO - [Times of India] Attempt 1/1: Trying with 'selenium_browser' strategy...
2026-02-08 18:47:55,317 - INFO - [Times of India] Page content loaded.
2026-02-08 18:47:55,467 - INFO - [Times of India] Success with 'selenium_browser'. Found content (237 words).
2026-02-08 18:47:55,522 - INFO - Duplicate article skipped: ‘She nearly died’: 18-month-old girl returned to ICE custody, denied medication despite life-threatening illness, lawsuit says - The Times of India from Times of India
2026-02-08 18:47:56,944 - INFO - [Times of India] Article: https://timesofindia.indiatimes.com/world/us/they-started-beating-me-mexican-immigrant-with-8-skull-fractures-recalls-ice-assault-in-minnesota/articleshow/128075390.cms
2026-02-08 18:47:56,944 - INFO - [Times of India] Attempt 1/1: Trying with 'selenium_browser' strategy...
2026-02-08 18:47:57,861 - INFO - [Times of India] Page content loaded.
2026-02-08 18:47:57,986 - INFO - [Times of India] Success with 'selenium_browser'. Found content (542 words).
2026-02-08 18:47:58,040 - INFO - Duplicate article skipped: ‘They started beating me’: Mexican immigrant with 8 skull fractures recalls ICE assault in Minnesota - The Times of India from Times of India
2026-02-08 18:47:59,360 - INFO - [Times of India] Article: https://timesofindia.indiatimes.com/world/us/florida-now-offers-english-only-driving-tests-following-fatal-crash-involving-immigrant-driver/articleshow/128073693.cms
2026-02-08 18:47:59,360 - INFO - [Times of India] Attempt 1/1: Trying with 'selenium_browser' strategy...
2026-02-08 18:48:00,412 - INFO - [Times of India] Page content loaded.
2026-02-08 18:48:00,544 - INFO - [Times of India] Success with 'selenium_browser'. Found content (379 words).
2026-02-08 18:48:00,597 - INFO - Duplicate article skipped: Florida now offers English-only driving tests following fatal crash involving immigrant driver - The Times of India from Times of India
2026-02-08 18:48:02,043 - INFO - [Times of India] Article: https://timesofindia.indiatimes.com/world/uk/uk-pm-keir-starmers-chief-of-staff-quits-over-appointment-of-peter-mandelson-as-us-ambassador-despite-epstein-ties/articleshow/128074944.cms
2026-02-08 18:48:02,043 - INFO - [Times of India] Attempt 1/1: Trying with 'selenium_browser' strategy...
2026-02-08 18:48:03,299 - INFO - [Times of India] Page content loaded.
2026-02-08 18:48:03,482 - INFO - [Times of India] Success with 'selenium_browser'. Found content (349 words).
2026-02-08 18:48:03,535 - INFO - Duplicate article skipped: UK PM Keir Starmer’s chief of staff quits over appointment of Peter Mandelson as US ambassador despite Epstein ties - The Times of India from Times of India
2026-02-08 18:48:04,179 - INFO - [Times of India] Article: https://timesofindia.indiatimes.com/world/south-asia/bringing-them-to-justice-bangladesh-seeks-un-help-to-probe-killing-of-student-leader-sharif-osman-hadi/articleshow/128074879.cms
2026-02-08 18:48:04,179 - INFO - [Times of India] Attempt 1/1: Trying with 'selenium_browser' strategy...
2026-02-08 18:48:05,195 - INFO - [Times of India] Page content loaded.
2026-02-08 18:48:05,405 - INFO - [Times of India] Success with 'selenium_browser'. Found content (427 words).
2026-02-08 18:48:05,461 - INFO - Duplicate article skipped: ‘Bringing them to justice’: Bangladesh seeks UN help to probe killing of student leader Sharif Osman Hadi - The Times of India from Times of India
2026-02-08 18:48:06,637 - INFO - [Times of India] (Thread) Finished. Attempting to shut down its Selenium driver.
2026-02-08 18:48:06,991 - INFO - [Times of India] (Thread) driver.quit() successful.
2026-02-08 18:48:06,991 - INFO - Shutting down thread pool (wait=False)...
2026-02-08 18:48:06,991 - INFO - Scraped: 3 Times of India, 0 The Guardian, 2 BBC, 10 The Hindu articles. (Total saved: 15)
2026-02-08 18:48:06,991 - INFO - --- Scraping job finished ---
2026-02-08 18:48:06,996 - INFO - --- Scraper service stopped and database connection closed. ---
2026-02-08 18:48:06,997 - INFO - --- Main thread finished. Forcing process exit to kill zombie threads. ---
