2026-01-09 02:08:26,135 - INFO - Initializing database connection at: news_articles.db
2026-01-09 02:08:26,135 - INFO - --- Scraper service started (CI Mode: Run Once) ---
2026-01-09 02:08:26,135 - INFO - --- Starting new scraping job (Parallel Mode) ---
2026-01-09 02:08:26,135 - INFO - Creating new robust session with 3 retries on 5xx/connection/read errors.
2026-01-09 02:08:26,135 - INFO - Proxy is DISABLED.
2026-01-09 02:08:26,136 - INFO - Starting scrape for BBC RSS feed: http://feeds.bbci.co.uk/news/world/rss.xml
2026-01-09 02:08:26,136 - INFO - [Times of India] (Thread) requires Selenium. Initializing driver...
2026-01-09 02:08:26,136 - INFO - Initializing headless Selenium Chrome driver (using SeleniumManager)...
2026-01-09 02:08:26,137 - INFO - Starting scrape for The Guardian RSS feed: https://www.theguardian.com/world/rss
2026-01-09 02:08:26,137 - INFO - [The Hindu] (Thread) requires Selenium. Initializing driver...
2026-01-09 02:08:26,137 - INFO - Initializing headless Selenium Chrome driver (using SeleniumManager)...
2026-01-09 02:08:26,137 - INFO - Submitted 4 jobs to thread pool. Waiting up to 300s for completion...
2026-01-09 02:08:26,253 - INFO - Found 45 articles in The Guardian RSS feed. Processing up to 10.
2026-01-09 02:08:26,253 - INFO - [The Guardian] Article: https://www.theguardian.com/world/2026/jan/08/questions-targeting-impact-us-airstrikes-in-nigeria
2026-01-09 02:08:26,253 - INFO - [The Guardian] Attempt 1/1: Trying with 'requests_browser' strategy...
2026-01-09 02:08:26,375 - INFO - Found 28 articles in BBC RSS feed. Processing up to 10.
2026-01-09 02:08:26,375 - INFO - [BBC] Article: https://www.bbc.com/news/articles/cg7y0579lp8o?at_medium=RSS&at_campaign=rss
2026-01-09 02:08:26,375 - INFO - [BBC] Attempt 1/1: Trying with 'requests_browser' strategy...
2026-01-09 02:08:26,443 - INFO - [The Guardian] Success with 'requests_browser'. Found content (795 words).
2026-01-09 02:08:26,488 - INFO - Duplicate article skipped: Two weeks on, questions linger over targeting and impact of US airstrikes in Nigeria | Nigeria | The Guardian from The Guardian
2026-01-09 02:08:26,923 - INFO - [BBC] Success with 'requests_browser'. Found content (1406 words).
2026-01-09 02:08:26,978 - INFO - Duplicate article skipped: Huge anti-government protests in Tehran and other Iranian cities, videos show from BBC
2026-01-09 02:08:27,088 - INFO - Selenium driver initialized successfully.
2026-01-09 02:08:27,088 - INFO - Starting scrape for Times of India RSS feed: https://timesofindia.indiatimes.com/rssfeeds/296589292.cms
2026-01-09 02:08:27,089 - INFO - Selenium driver initialized successfully.
2026-01-09 02:08:27,089 - INFO - Starting scrape for The Hindu RSS feed: https://www.thehindu.com/news/national/feeder/default.rss
2026-01-09 02:08:27,130 - INFO - [The Guardian] Article: https://www.theguardian.com/world/2026/jan/02/anthony-joshuas-driver-charged-with-dangerous-driving-after-fatal-crash-in-nigeria
2026-01-09 02:08:27,131 - INFO - [The Guardian] Attempt 1/1: Trying with 'requests_browser' strategy...
2026-01-09 02:08:27,171 - INFO - [The Guardian] Success with 'requests_browser'. Found content (346 words).
2026-01-09 02:08:27,211 - INFO - Duplicate article skipped: Anthony Joshua’s driver charged with dangerous driving after fatal crash in Nigeria | Anthony Joshua | The Guardian from The Guardian
2026-01-09 02:08:27,221 - INFO - Found 20 articles in Times of India RSS feed. Processing up to 10.
2026-01-09 02:08:27,221 - INFO - [Times of India] Article: https://timesofindia.indiatimes.com/world/europe/uk-france-troops-will-be-targets-in-ukraine-russia/articleshow/126425397.cms
2026-01-09 02:08:27,221 - INFO - [Times of India] Attempt 1/1: Trying with 'selenium_browser' strategy...
2026-01-09 02:08:27,247 - INFO - Found 100 articles in The Hindu RSS feed. Processing up to 10.
2026-01-09 02:08:27,247 - INFO - [The Hindu] Article: https://www.thehindu.com/news/national/telangana/telangana-land-owner-on-ground-not-in-official-records/article70488210.ece
2026-01-09 02:08:27,247 - INFO - [The Hindu] Attempt 1/1: Trying with 'selenium_browser' strategy...
2026-01-09 02:08:27,815 - INFO - [BBC] Article: https://www.bbc.com/news/articles/c99knmrx71go?at_medium=RSS&at_campaign=rss
2026-01-09 02:08:27,815 - INFO - [BBC] Attempt 1/1: Trying with 'requests_browser' strategy...
2026-01-09 02:08:27,867 - INFO - [BBC] Success with 'requests_browser'. Found content (781 words).
2026-01-09 02:08:27,946 - INFO - Saved article: Minnesota officials say FBI blocked access to ICE shooting investigation from BBC
2026-01-09 02:08:28,032 - INFO - [The Guardian] Article: https://www.theguardian.com/science/2026/jan/01/cremation-pyre-in-africa-thought-to-be-worlds-oldest-containing-adult-remains
2026-01-09 02:08:28,032 - INFO - [The Guardian] Attempt 1/1: Trying with 'requests_browser' strategy...
2026-01-09 02:08:28,259 - INFO - [The Guardian] Success with 'requests_browser'. Found content (653 words).
2026-01-09 02:08:28,325 - INFO - Duplicate article skipped: Cremation pyre in Africa thought to be world’s oldest containing adult remains | Anthropology | The Guardian from The Guardian
2026-01-09 02:08:28,523 - INFO - [BBC] Article: https://www.bbc.com/news/articles/c2lgjd51v95o?at_medium=RSS&at_campaign=rss
2026-01-09 02:08:28,523 - INFO - [BBC] Attempt 1/1: Trying with 'requests_browser' strategy...
2026-01-09 02:08:28,587 - INFO - [BBC] Success with 'requests_browser'. Found content (740 words).
2026-01-09 02:08:28,655 - INFO - Duplicate article skipped: Greenland: Vance criticises Denmark and Europe's handling of 'critical' territory from BBC
2026-01-09 02:08:29,534 - INFO - [BBC] Article: https://www.bbc.com/news/articles/cp80ln97py5o?at_medium=RSS&at_campaign=rss
2026-01-09 02:08:29,534 - INFO - [BBC] Attempt 1/1: Trying with 'requests_browser' strategy...
2026-01-09 02:08:29,654 - INFO - [BBC] Success with 'requests_browser'. Found content (633 words).
2026-01-09 02:08:29,805 - INFO - [The Guardian] Article: https://www.theguardian.com/global-development/2026/jan/01/us-aid-cuts-conditions-un-humanitarian-pledge-ocha
2026-01-09 02:08:29,806 - INFO - [The Guardian] Attempt 1/1: Trying with 'requests_browser' strategy...
2026-01-09 02:08:29,810 - INFO - Duplicate article skipped: Trump withdraws US from key climate treaty and dozens of other groups from BBC
2026-01-09 02:08:29,885 - INFO - [The Guardian] Success with 'requests_browser'. Found content (631 words).
2026-01-09 02:08:30,053 - INFO - Duplicate article skipped: US ‘adapt, shrink or die’ terms for $2bn aid pot will mean UN bowing down to Washington, say experts | Aid | The Guardian from The Guardian
2026-01-09 02:08:30,389 - INFO - [BBC] Article: https://www.bbc.com/news/articles/ckgl8jgdxypo?at_medium=RSS&at_campaign=rss
2026-01-09 02:08:30,389 - INFO - [BBC] Attempt 1/1: Trying with 'requests_browser' strategy...
2026-01-09 02:08:30,583 - INFO - [BBC] Success with 'requests_browser'. Found content (854 words).
2026-01-09 02:08:30,804 - INFO - Duplicate article skipped: China's crackdown on underground churches intensifies with new arrests from BBC
2026-01-09 02:08:31,534 - INFO - [The Guardian] Article: https://www.theguardian.com/world/2025/dec/31/guinea-junta-chief-mamady-doumbouya-elected-president-after-opposition-boycott
2026-01-09 02:08:31,534 - INFO - [The Guardian] Attempt 1/1: Trying with 'requests_browser' strategy...
2026-01-09 02:08:31,669 - INFO - [BBC] Article: https://www.bbc.com/sport/tennis/articles/cx2gr00ndmyo?at_medium=RSS&at_campaign=rss
2026-01-09 02:08:31,669 - INFO - [BBC] Attempt 1/1: Trying with 'requests_browser' strategy...
2026-01-09 02:08:31,752 - INFO - [BBC] Success with 'requests_browser'. Found content (427 words).
2026-01-09 02:08:31,871 - INFO - Duplicate article skipped: Hajar Abdelkader: Wildcard serves 20 doubles faults and loses match in 37 minutes - BBC Sport from BBC
2026-01-09 02:08:32,019 - INFO - [The Guardian] Success with 'requests_browser'. Found content (399 words).
2026-01-09 02:08:32,088 - INFO - Duplicate article skipped: Guinea’s junta chief elected president after opposition boycott | Guinea | The Guardian from The Guardian
2026-01-09 02:08:32,408 - INFO - [BBC] Article: https://www.bbc.com/news/articles/c78e99pzr25o?at_medium=RSS&at_campaign=rss
2026-01-09 02:08:32,408 - INFO - [BBC] Attempt 1/1: Trying with 'requests_browser' strategy...
2026-01-09 02:08:32,561 - INFO - [BBC] Success with 'requests_browser'. Found content (768 words).
2026-01-09 02:08:32,666 - INFO - Duplicate article skipped: Spain: Catholic Church signs deal on sexual abuse compensation from BBC
2026-01-09 02:08:32,948 - INFO - [The Guardian] Article: https://www.theguardian.com/world/2026/jan/08/venezuela-to-release-important-number-of-detainees
2026-01-09 02:08:32,948 - INFO - [The Guardian] Attempt 1/1: Trying with 'requests_browser' strategy...
2026-01-09 02:08:33,109 - INFO - [The Guardian] Success with 'requests_browser'. Found content (942 words).
2026-01-09 02:08:33,278 - INFO - Duplicate article skipped: Venezuela says it is releasing an important number of detainees to ‘consolidate peace’ | Venezuela | The Guardian from The Guardian
2026-01-09 02:08:33,971 - INFO - [BBC] Article: https://www.bbc.com/news/articles/cx20gyn8qvvo?at_medium=RSS&at_campaign=rss
2026-01-09 02:08:33,972 - INFO - [BBC] Attempt 1/1: Trying with 'requests_browser' strategy...
2026-01-09 02:08:34,039 - INFO - [The Guardian] Article: https://www.theguardian.com/world/2026/jan/08/brazil-president-lula-vetoes-bill-jair-bolsonaro-prison-sentence
2026-01-09 02:08:34,039 - INFO - [The Guardian] Attempt 1/1: Trying with 'requests_browser' strategy...
2026-01-09 02:08:34,166 - INFO - [BBC] Success with 'requests_browser'. Found content (922 words).
2026-01-09 02:08:34,228 - INFO - [The Guardian] Success with 'requests_browser'. Found content (455 words).
2026-01-09 02:08:34,480 - INFO - Duplicate article skipped: US involvement in Venezuela could last years, Trump says from BBC
2026-01-09 02:08:34,585 - INFO - Duplicate article skipped: Brazilian president vetoes bill reducing Jair Bolsonaro’s prison sentence | Brazil | The Guardian from The Guardian
2026-01-09 02:08:35,630 - INFO - [The Guardian] Article: https://www.theguardian.com/world/2026/jan/08/venezuela-oil-deal-rodriguez-trump-vance-claims-us-control
2026-01-09 02:08:35,631 - INFO - [The Guardian] Attempt 1/1: Trying with 'requests_browser' strategy...
2026-01-09 02:08:35,785 - INFO - [The Guardian] Success with 'requests_browser'. Found content (1234 words).
2026-01-09 02:08:35,785 - INFO - [BBC] Article: https://www.bbc.com/news/articles/cj4ln977w0jo?at_medium=RSS&at_campaign=rss
2026-01-09 02:08:35,797 - INFO - [BBC] Attempt 1/1: Trying with 'requests_browser' strategy...
2026-01-09 02:08:36,070 - INFO - [BBC] Success with 'requests_browser'. Found content (627 words).
2026-01-09 02:08:36,094 - INFO - Duplicate article skipped: Venezuela cooperating fully and US will control its oil for years, Trump claims | US attack on Venezuela | The Guardian from The Guardian
2026-01-09 02:08:36,197 - INFO - Duplicate article skipped: Lebanon: Army says has taken over security in Hezbollah-dominated south from BBC
2026-01-09 02:08:36,844 - INFO - [BBC] Article: https://www.bbc.com/news/articles/ckgn1lpq52ko?at_medium=RSS&at_campaign=rss
2026-01-09 02:08:36,844 - INFO - [BBC] Attempt 1/1: Trying with 'requests_browser' strategy...
2026-01-09 02:08:36,919 - INFO - [BBC] Success with 'requests_browser'. Found content (453 words).
2026-01-09 02:08:36,988 - INFO - [The Guardian] Article: https://www.theguardian.com/business/2026/jan/08/shadow-fleet-ships-sanctioned-oil-reflagged-russia-lloyds-list-analysis
2026-01-09 02:08:36,988 - INFO - [The Guardian] Attempt 1/1: Trying with 'requests_browser' strategy...
2026-01-09 02:08:37,083 - INFO - Duplicate article skipped: US halts assistance to Somalia over claims WFP food aid was illegally seized from BBC
2026-01-09 02:08:37,149 - INFO - [The Guardian] Success with 'requests_browser'. Found content (654 words).
2026-01-09 02:08:37,309 - INFO - Duplicate article skipped: ‘Shadow fleet’ ships moving sanctioned oil reflagged to Russia at rising rate | Shipping industry | The Guardian from The Guardian
2026-01-09 02:08:38,431 - INFO - [The Guardian] Article: https://www.theguardian.com/us-news/2026/jan/08/venezuela-protester-arrested
2026-01-09 02:08:38,431 - INFO - [The Guardian] Attempt 1/1: Trying with 'requests_browser' strategy...
2026-01-09 02:08:38,506 - INFO - [The Guardian] Success with 'requests_browser'. Found content (636 words).
2026-01-09 02:08:38,632 - INFO - Duplicate article skipped: US protester arrested after TV interview says she was targeted due to Venezuela trip | Protest (US) | The Guardian from The Guardian
2026-01-09 02:09:27,261 - ERROR - [The Hindu] Request failed for strategy 'selenium_browser' on URL https://www.thehindu.com/news/national/telangana/telangana-land-owner-on-ground-not-in-official-records/article70488210.ece: Message: timeout: Timed out receiving message from renderer: 59.961
  (Session info: chrome=143.0.7499.169)
Stacktrace:
#0 0x55e94085761a <unknown>
#1 0x55e9402d420b <unknown>
#2 0x55e9402bc2aa <unknown>
#3 0x55e9402bbf8d <unknown>
#4 0x55e9402b9e47 <unknown>
#5 0x55e9402ba75f <unknown>
#6 0x55e9402c8f20 <unknown>
#7 0x55e9402e25e7 <unknown>
#8 0x55e9402e8c9b <unknown>
#9 0x55e9402bae88 <unknown>
#10 0x55e9402e2356 <unknown>
#11 0x55e940371580 <unknown>
#12 0x55e940318232 <unknown>
#13 0x55e940318ee1 <unknown>
#14 0x55e9408203f9 <unknown>
#15 0x55e94082334d <unknown>
#16 0x55e940809122 <unknown>
#17 0x55e940823f2b <unknown>
#18 0x55e9407efc30 <unknown>
#19 0x55e940844d78 <unknown>
#20 0x55e940844f4c <unknown>
#21 0x55e940856973 <unknown>
#22 0x7fba4469caa4 <unknown>
#23 0x7fba44729c6c <unknown>

2026-01-09 02:09:27,261 - ERROR - [The Hindu] All scrape strategies failed for https://www.thehindu.com/news/national/telangana/telangana-land-owner-on-ground-not-in-official-records/article70488210.ece. Falling back to RSS description.
2026-01-09 02:09:27,263 - INFO - Saved article: Telangana land owner on ground, not in official records from The Hindu
2026-01-09 02:09:28,203 - INFO - [The Hindu] Article: https://www.thehindu.com/news/national/andhra-pradesh/chittoor-poised-for-a-white-revolution/article70487001.ece
2026-01-09 02:09:28,203 - INFO - [The Hindu] Attempt 1/1: Trying with 'selenium_browser' strategy...
2026-01-09 02:09:29,320 - INFO - [The Hindu] Page content loaded.
2026-01-09 02:09:29,485 - INFO - [The Hindu] Success with 'selenium_browser'. Found content (1169 words).
2026-01-09 02:09:29,650 - INFO - Saved article: Chittoor poised for a white revolution - The Hindu from The Hindu
2026-01-09 02:09:31,115 - INFO - [The Hindu] Article: https://www.thehindu.com/news/national/andhra-pradesh/defence-corridor-will-be-set-up-in-jaggayyapeta-vijayawada-mp/article70487137.ece
2026-01-09 02:09:31,115 - INFO - [The Hindu] Attempt 1/1: Trying with 'selenium_browser' strategy...
2026-01-09 02:09:31,946 - INFO - [The Hindu] Page content loaded.
2026-01-09 02:09:31,990 - INFO - [The Hindu] Success with 'selenium_browser'. Found content (178 words).
2026-01-09 02:09:32,085 - INFO - Saved article: Defence corridor will be set up in Jaggayyapeta: Vijayawada MP - The Hindu from The Hindu
2026-01-09 02:09:32,904 - INFO - [The Hindu] Article: https://www.thehindu.com/news/national/andhra-pradesh/despite-ban-roosterfight-arenas-being-set-up-for-sankranti-festival/article70486479.ece
2026-01-09 02:09:32,904 - INFO - [The Hindu] Attempt 1/1: Trying with 'selenium_browser' strategy...
2026-01-09 02:09:33,701 - INFO - [The Hindu] Page content loaded.
2026-01-09 02:09:33,745 - INFO - [The Hindu] Success with 'selenium_browser'. Found content (428 words).
2026-01-09 02:09:33,798 - INFO - Saved article: Despite ban, roosterfight arenas being set up for Sankranti festival - The Hindu from The Hindu
2026-01-09 02:09:34,575 - INFO - [The Hindu] Article: https://www.thehindu.com/news/national/pm-modi-chairs-roundtable-with-ai-startups-ahead-of-february-summit/article70486782.ece
2026-01-09 02:09:34,575 - INFO - [The Hindu] Attempt 1/1: Trying with 'selenium_browser' strategy...
2026-01-09 02:09:35,627 - INFO - [The Hindu] Page content loaded.
2026-01-09 02:09:35,756 - INFO - [The Hindu] Success with 'selenium_browser'. Found content (334 words).
2026-01-09 02:09:35,879 - INFO - Saved article: PM Modi chairs roundtable with AI startups ahead of February summit - The Hindu from The Hindu
2026-01-09 02:09:36,991 - INFO - [The Hindu] Article: https://www.thehindu.com/news/national/odisha/union-minister-expresses-concern-over-alarming-pollution-in-odishas-angul-talcher-region/article70486861.ece
2026-01-09 02:09:36,991 - INFO - [The Hindu] Attempt 1/1: Trying with 'selenium_browser' strategy...
2026-01-09 02:09:38,872 - INFO - [The Hindu] Page content loaded.
2026-01-09 02:09:38,917 - INFO - [The Hindu] Success with 'selenium_browser'. Found content (374 words).
2026-01-09 02:09:38,992 - INFO - Saved article: Union Minister expresses concern over alarming pollution in Odisha’s Angul-Talcher region - The Hindu from The Hindu
2026-01-09 02:09:40,335 - INFO - [The Hindu] Article: https://www.thehindu.com/news/national/jharkhand/jharkhand-bjp-chief-accuses-sorens-government-of-robbing-the-rights-of-tribals/article70487286.ece
2026-01-09 02:09:40,335 - INFO - [The Hindu] Attempt 1/1: Trying with 'selenium_browser' strategy...
2026-01-09 02:09:41,202 - INFO - [The Hindu] Page content loaded.
2026-01-09 02:09:41,252 - INFO - [The Hindu] Success with 'selenium_browser'. Found content (581 words).
2026-01-09 02:09:41,331 - INFO - Saved article: Jharkhand BJP chief accuses Soren’s government of robbing the rights of tribals - The Hindu from The Hindu
2026-01-09 02:09:42,587 - INFO - [The Hindu] Article: https://www.thehindu.com/news/national/rajasthan/rajasthan-jalore-women-smartphone-ban-chaudhury-community/article70477467.ece
2026-01-09 02:09:42,587 - INFO - [The Hindu] Attempt 1/1: Trying with 'selenium_browser' strategy...
2026-01-09 02:09:43,445 - INFO - [The Hindu] Page content loaded.
2026-01-09 02:09:43,496 - INFO - [The Hindu] Success with 'selenium_browser'. Found content (1849 words).
2026-01-09 02:09:43,579 - INFO - Saved article: Women in Rajasthan’s Jalore, almost disconnected - The Hindu from The Hindu
2026-01-09 02:09:44,653 - INFO - [The Hindu] Article: https://www.thehindu.com/news/national/manipur/13-youths-from-conflict-scarred-manipur-get-jobs-in-japan/article70486311.ece
2026-01-09 02:09:44,654 - INFO - [The Hindu] Attempt 1/1: Trying with 'selenium_browser' strategy...
2026-01-09 02:09:45,459 - INFO - [The Hindu] Page content loaded.
2026-01-09 02:09:45,502 - INFO - [The Hindu] Success with 'selenium_browser'. Found content (210 words).
2026-01-09 02:09:45,565 - INFO - Saved article: 13 youths from conflict-scarred Manipur get jobs in Japan - The Hindu from The Hindu
2026-01-09 02:09:47,023 - INFO - [The Hindu] Article: https://www.thehindu.com/news/national/west-bengal/ed-ipac-move-calcutta-hc-over-searches-on-firms-office-pratik-jains-residence/article70488381.ece
2026-01-09 02:09:47,023 - INFO - [The Hindu] Attempt 1/1: Trying with 'selenium_browser' strategy...
2026-01-09 02:09:48,923 - INFO - [The Hindu] Page content loaded.
2026-01-09 02:09:49,001 - INFO - [The Hindu] Success with 'selenium_browser'. Found content (244 words).
2026-01-09 02:09:49,095 - INFO - Saved article: ED, I-PAC move Calcutta HC over searches on firm's office, Pratik Jain’s residence - The Hindu from The Hindu
2026-01-09 02:09:50,523 - INFO - [The Hindu] (Thread) Finished. Attempting to shut down its Selenium driver.
2026-01-09 02:09:50,659 - INFO - [The Hindu] (Thread) driver.quit() successful.
2026-01-09 02:10:27,322 - ERROR - [Times of India] Request failed for strategy 'selenium_browser' on URL https://timesofindia.indiatimes.com/world/europe/uk-france-troops-will-be-targets-in-ukraine-russia/articleshow/126425397.cms: HTTPConnectionPool(host='localhost', port=58249): Read timed out. (read timeout=120)
2026-01-09 02:10:27,322 - ERROR - [Times of India] All scrape strategies failed for https://timesofindia.indiatimes.com/world/europe/uk-france-troops-will-be-targets-in-ukraine-russia/articleshow/126425397.cms. Falling back to RSS description.
2026-01-09 02:10:27,324 - INFO - Saved article: UK, France troops will be targets in Ukraine: Russia from Times of India
2026-01-09 02:10:27,937 - INFO - [Times of India] Article: https://timesofindia.indiatimes.com/world/rest-of-world/bondi-attack-australia-pm-announces-royal-commission-into-antisemitism/articleshow/126425386.cms
2026-01-09 02:10:27,937 - INFO - [Times of India] Attempt 1/1: Trying with 'selenium_browser' strategy...
2026-01-09 02:12:27,951 - ERROR - [Times of India] Request failed for strategy 'selenium_browser' on URL https://timesofindia.indiatimes.com/world/rest-of-world/bondi-attack-australia-pm-announces-royal-commission-into-antisemitism/articleshow/126425386.cms: HTTPConnectionPool(host='localhost', port=58249): Read timed out. (read timeout=120)
2026-01-09 02:12:27,951 - ERROR - [Times of India] All scrape strategies failed for https://timesofindia.indiatimes.com/world/rest-of-world/bondi-attack-australia-pm-announces-royal-commission-into-antisemitism/articleshow/126425386.cms. Falling back to RSS description.
2026-01-09 02:12:27,953 - INFO - Saved article: Bondi attack: Australia PM announces royal commission into antisemitism from Times of India
2026-01-09 02:12:29,141 - INFO - [Times of India] Article: https://timesofindia.indiatimes.com/world/us-streamers/top-10-most-viewed-youtube-videos-in-the-world/articleshow/126422495.cms
2026-01-09 02:12:29,141 - INFO - [Times of India] Attempt 1/1: Trying with 'selenium_browser' strategy...
2026-01-09 02:13:26,137 - CRITICAL - --- TIMEOUT: 1 scrape jobs did not complete in 300s. ---
2026-01-09 02:13:26,138 - ERROR - A thread has timed out and will be abandoned.
2026-01-09 02:13:26,138 - INFO - Shutting down thread pool (wait=False)...
2026-01-09 02:13:26,138 - INFO - Scraped: 10 The Hindu, 1 BBC, 0 The Guardian, 1 Timed_Out_Jobs articles. (Total saved: 11)
2026-01-09 02:13:26,138 - INFO - --- Scraping job finished ---
2026-01-09 02:13:26,138 - INFO - --- Scraper service stopped and database connection closed. ---
2026-01-09 02:13:26,138 - INFO - --- Main thread finished. Forcing process exit to kill zombie threads. ---
