2026-02-12 22:38:14,924 - INFO - Initializing database connection at: news_articles.db
2026-02-12 22:38:14,924 - INFO - --- Scraper service started (CI Mode: Run Once) ---
2026-02-12 22:38:14,924 - INFO - --- Starting new scraping job (Parallel Mode) ---
2026-02-12 22:38:14,924 - INFO - Creating new robust session with 3 retries on 5xx/connection/read errors.
2026-02-12 22:38:14,925 - INFO - Proxy is DISABLED.
2026-02-12 22:38:14,925 - INFO - Starting scrape for BBC RSS feed: http://feeds.bbci.co.uk/news/world/rss.xml
2026-02-12 22:38:14,925 - INFO - [Times of India] (Thread) requires Selenium. Initializing driver...
2026-02-12 22:38:14,926 - INFO - Initializing headless Selenium Chrome driver (using SeleniumManager)...
2026-02-12 22:38:14,926 - INFO - Starting scrape for The Guardian RSS feed: https://www.theguardian.com/world/rss
2026-02-12 22:38:14,927 - INFO - [The Hindu] (Thread) requires Selenium. Initializing driver...
2026-02-12 22:38:14,927 - INFO - Initializing headless Selenium Chrome driver (using SeleniumManager)...
2026-02-12 22:38:14,927 - INFO - Submitted 4 jobs to thread pool. Waiting up to 300s for completion...
2026-02-12 22:38:15,071 - INFO - Found 45 articles in The Guardian RSS feed. Processing up to 10.
2026-02-12 22:38:15,071 - INFO - [The Guardian] Article: https://www.theguardian.com/world/2026/feb/09/deaths-migrant-boat-capsizes-mediterranean-libya
2026-02-12 22:38:15,071 - INFO - [The Guardian] Attempt 1/1: Trying with 'requests_browser' strategy...
2026-02-12 22:38:15,245 - INFO - [The Guardian] Success with 'requests_browser'. Found content (367 words).
2026-02-12 22:38:15,289 - INFO - Duplicate article skipped: 53 people dead or missing after migrant boat capsizes in Mediterranean | Migration | The Guardian from The Guardian
2026-02-12 22:38:15,340 - INFO - Found 24 articles in BBC RSS feed. Processing up to 10.
2026-02-12 22:38:15,340 - INFO - [BBC] Article: https://www.bbc.com/news/articles/cn0zdd7yl4vo?at_medium=RSS&at_campaign=rss
2026-02-12 22:38:15,340 - INFO - [BBC] Attempt 1/1: Trying with 'requests_browser' strategy...
2026-02-12 22:38:15,549 - INFO - [BBC] Success with 'requests_browser'. Found content (1006 words).
2026-02-12 22:38:15,582 - INFO - Duplicate article skipped: Trump revokes landmark ruling that greenhouse gases endanger public health from BBC
2026-02-12 22:38:16,278 - INFO - [The Guardian] Article: https://www.theguardian.com/music/2026/feb/09/ebo-taylor-ghanaian-highlife-pioneer-dies-age-90
2026-02-12 22:38:16,278 - INFO - [The Guardian] Attempt 1/1: Trying with 'requests_browser' strategy...
2026-02-12 22:38:16,724 - INFO - [BBC] Article: https://www.bbc.com/news/articles/c2lr9w29zwyo?at_medium=RSS&at_campaign=rss
2026-02-12 22:38:16,724 - INFO - [BBC] Attempt 1/1: Trying with 'requests_browser' strategy...
2026-02-12 22:38:16,729 - INFO - [The Guardian] Success with 'requests_browser'. Found content (915 words).
2026-02-12 22:38:16,761 - INFO - Duplicate article skipped: Ebo Taylor, Ghanaian highlife pioneer and guitarist, dies age 90 | Music | The Guardian from The Guardian
2026-02-12 22:38:16,785 - INFO - [BBC] Success with 'requests_browser'. Found content (719 words).
2026-02-12 22:38:16,818 - INFO - Duplicate article skipped: Minneapolis immigration enforcement operation to 'conclude', officials say from BBC
2026-02-12 22:38:17,296 - INFO - [The Guardian] Article: https://www.theguardian.com/environment/2026/feb/09/weather-tracker-spain-and-portugal-hit-by-third-fatal-storm
2026-02-12 22:38:17,296 - INFO - [The Guardian] Attempt 1/1: Trying with 'requests_browser' strategy...
2026-02-12 22:38:17,462 - INFO - [The Guardian] Success with 'requests_browser'. Found content (391 words).
2026-02-12 22:38:17,487 - INFO - [BBC] Article: https://www.bbc.com/news/articles/cn0e1g7kwglo?at_medium=RSS&at_campaign=rss
2026-02-12 22:38:17,487 - INFO - [BBC] Attempt 1/1: Trying with 'requests_browser' strategy...
2026-02-12 22:38:17,501 - INFO - Duplicate article skipped: Weather tracker: Spain and Portugal hit by third deadly storm in two weeks | Flooding | The Guardian from The Guardian
2026-02-12 22:38:17,539 - INFO - [BBC] Success with 'requests_browser'. Found content (746 words).
2026-02-12 22:38:17,572 - INFO - Duplicate article skipped: Kim Ju Ae: North Korea leader Kim Jong Un chooses daughter as heir, Seoul says from BBC
2026-02-12 22:38:18,391 - INFO - [The Guardian] Article: https://www.theguardian.com/world/2026/feb/07/sudan-rsf-drone-attack-rahad-kills-displaced-people
2026-02-12 22:38:18,391 - INFO - [The Guardian] Attempt 1/1: Trying with 'requests_browser' strategy...
2026-02-12 22:38:18,777 - INFO - [BBC] Article: https://www.bbc.com/news/articles/cwygxz81330o?at_medium=RSS&at_campaign=rss
2026-02-12 22:38:18,777 - INFO - [BBC] Attempt 1/1: Trying with 'requests_browser' strategy...
2026-02-12 22:38:18,820 - INFO - [BBC] Success with 'requests_browser'. Found content (789 words).
2026-02-12 22:38:18,874 - INFO - Saved article: Iran fortifies underground complex near nuclear site, satellite images show from BBC
2026-02-12 22:38:18,884 - INFO - [The Guardian] Success with 'requests_browser'. Found content (817 words).
2026-02-12 22:38:18,921 - INFO - Duplicate article skipped: RSF drone attack kills 24 people fleeing fighting in central Sudan, says doctors group | Sudan | The Guardian from The Guardian
2026-02-12 22:38:19,852 - INFO - [The Guardian] Article: https://www.theguardian.com/global-development/2026/feb/07/businesses-close-protest-malawi-tax-changes-electronic-invoicing-system
2026-02-12 22:38:19,852 - INFO - [The Guardian] Attempt 1/1: Trying with 'requests_browser' strategy...
2026-02-12 22:38:19,880 - INFO - [The Guardian] Success with 'requests_browser'. Found content (591 words).
2026-02-12 22:38:19,931 - INFO - Duplicate article skipped: Thousands of Malawi businesses close in protest over tax changes | Global development | The Guardian from The Guardian
2026-02-12 22:38:20,218 - INFO - [BBC] Article: https://www.bbc.com/news/articles/c5yqr8eggvwo?at_medium=RSS&at_campaign=rss
2026-02-12 22:38:20,219 - INFO - [BBC] Attempt 1/1: Trying with 'requests_browser' strategy...
2026-02-12 22:38:20,256 - INFO - [BBC] Success with 'requests_browser'. Found content (602 words).
2026-02-12 22:38:20,289 - INFO - Duplicate article skipped: Norway's former PM Jagland charged with gross corruption over Epstein links from BBC
2026-02-12 22:38:20,530 - INFO - [The Guardian] Article: https://www.theguardian.com/world/2026/feb/12/police-visited-home-of-tumbler-ridge-suspect-multiple-times-over-mental-health-concerns
2026-02-12 22:38:20,531 - INFO - [The Guardian] Attempt 1/1: Trying with 'requests_browser' strategy...
2026-02-12 22:38:20,687 - INFO - [The Guardian] Success with 'requests_browser'. Found content (924 words).
2026-02-12 22:38:20,722 - INFO - Saved article: Police visited home of Canada school shooting suspect multiple times over mental health concerns | Canada | The Guardian from The Guardian
2026-02-12 22:38:21,332 - INFO - [BBC] Article: https://www.bbc.com/news/articles/clyz2x4yzqgo?at_medium=RSS&at_campaign=rss
2026-02-12 22:38:21,332 - INFO - [BBC] Attempt 1/1: Trying with 'requests_browser' strategy...
2026-02-12 22:38:21,379 - INFO - [BBC] Success with 'requests_browser'. Found content (738 words).
2026-02-12 22:38:21,413 - INFO - Duplicate article skipped: Tumbler Ridge shooting suspect had police visits over mental health struggles from BBC
2026-02-12 22:38:22,039 - INFO - [The Guardian] Article: https://www.theguardian.com/world/2026/feb/12/mexico-cuba-aid-oil-trump
2026-02-12 22:38:22,039 - INFO - [The Guardian] Attempt 1/1: Trying with 'requests_browser' strategy...
2026-02-12 22:38:22,069 - INFO - [The Guardian] Success with 'requests_browser'. Found content (913 words).
2026-02-12 22:38:22,101 - INFO - Duplicate article skipped: Mexico sends aid to Cuba as Sheinbaum walks diplomatic tightrope with US | Cuba | The Guardian from The Guardian
2026-02-12 22:38:22,829 - INFO - [BBC] Article: https://www.bbc.com/news/articles/cpv8zwxwp2eo?at_medium=RSS&at_campaign=rss
2026-02-12 22:38:22,829 - INFO - [BBC] Attempt 1/1: Trying with 'requests_browser' strategy...
2026-02-12 22:38:22,869 - INFO - [BBC] Success with 'requests_browser'. Found content (369 words).
2026-02-12 22:38:22,901 - INFO - Duplicate article skipped: Olympic body criticised for selling Nazi-era Games T-shirt from BBC
2026-02-12 22:38:23,374 - INFO - [The Guardian] Article: https://www.theguardian.com/world/2026/feb/12/venezuela-protests-activists-nicolas-maduro-donald-trump-caracas
2026-02-12 22:38:23,374 - INFO - [The Guardian] Attempt 1/1: Trying with 'requests_browser' strategy...
2026-02-12 22:38:23,537 - INFO - [The Guardian] Success with 'requests_browser'. Found content (983 words).
2026-02-12 22:38:23,577 - INFO - Duplicate article skipped: ‘Big step forwards’: emboldened activists take to the streets of Venezuela | Venezuela | The Guardian from The Guardian
2026-02-12 22:38:23,856 - INFO - [BBC] Article: https://www.bbc.com/news/articles/c931zzzep0eo?at_medium=RSS&at_campaign=rss
2026-02-12 22:38:23,856 - INFO - [BBC] Attempt 1/1: Trying with 'requests_browser' strategy...
2026-02-12 22:38:23,901 - INFO - [BBC] Success with 'requests_browser'. Found content (659 words).
2026-02-12 22:38:23,937 - INFO - Duplicate article skipped: Cyclone Gezani: Toamasina in ruins as storm rips through Madagascar and on towards Mozambique from BBC
2026-02-12 22:38:24,566 - INFO - [The Guardian] Article: https://www.theguardian.com/world/2026/feb/12/sao-paulo-law-dogs-bond
2026-02-12 22:38:24,566 - INFO - [The Guardian] Attempt 1/1: Trying with 'requests_browser' strategy...
2026-02-12 22:38:24,595 - INFO - [The Guardian] Success with 'requests_browser'. Found content (478 words).
2026-02-12 22:38:24,629 - INFO - Duplicate article skipped: São Paulo names new law after dog that stayed by owner’s grave for 10 years | Brazil | The Guardian from The Guardian
2026-02-12 22:38:24,841 - INFO - [BBC] Article: https://www.bbc.com/news/articles/cvgk4vl30vko?at_medium=RSS&at_campaign=rss
2026-02-12 22:38:24,841 - INFO - [BBC] Attempt 1/1: Trying with 'requests_browser' strategy...
2026-02-12 22:38:24,880 - INFO - [BBC] Success with 'requests_browser'. Found content (613 words).
2026-02-12 22:38:24,915 - INFO - Duplicate article skipped: Judge blocks US military from demoting Mark Kelly over 'illegal orders' video from BBC
2026-02-12 22:38:26,032 - INFO - [The Guardian] Article: https://www.theguardian.com/us-news/2026/feb/12/trump-nominee-jeremy-carl-racist-views
2026-02-12 22:38:26,032 - INFO - [The Guardian] Attempt 1/1: Trying with 'requests_browser' strategy...
2026-02-12 22:38:26,061 - INFO - [The Guardian] Success with 'requests_browser'. Found content (1009 words).
2026-02-12 22:38:26,092 - INFO - Duplicate article skipped: Trump’s pick for top diplomatic role faces scrutiny over ‘white supremacist’ views | Trump administration | The Guardian from The Guardian
2026-02-12 22:38:26,116 - INFO - Selenium driver initialized successfully.
2026-02-12 22:38:26,116 - INFO - Starting scrape for The Hindu RSS feed: https://www.thehindu.com/news/national/feeder/default.rss
2026-02-12 22:38:26,117 - INFO - Selenium driver initialized successfully.
2026-02-12 22:38:26,117 - INFO - Starting scrape for Times of India RSS feed: https://timesofindia.indiatimes.com/rssfeeds/296589292.cms
2026-02-12 22:38:26,173 - INFO - [BBC] Article: https://www.bbc.com/news/articles/cy7jdmvn3l0o?at_medium=RSS&at_campaign=rss
2026-02-12 22:38:26,173 - INFO - [BBC] Attempt 1/1: Trying with 'requests_browser' strategy...
2026-02-12 22:38:26,218 - INFO - [BBC] Success with 'requests_browser'. Found content (727 words).
2026-02-12 22:38:26,252 - INFO - Duplicate article skipped: Bangladesh election: Polls close in first vote since Gen Z protests ousted former PM Sheikh Hasina from BBC
2026-02-12 22:38:26,394 - INFO - Found 20 articles in Times of India RSS feed. Processing up to 10.
2026-02-12 22:38:26,394 - INFO - [Times of India] Article: https://timesofindia.indiatimes.com/science/water-and-oxygen-arent-enough-scientists-reveal-two-must-have-ingredients-for-life-on-other-planets/articleshow/128272637.cms
2026-02-12 22:38:26,394 - INFO - [Times of India] Attempt 1/1: Trying with 'selenium_browser' strategy...
2026-02-12 22:38:27,027 - INFO - Found 100 articles in The Hindu RSS feed. Processing up to 10.
2026-02-12 22:38:27,027 - INFO - [The Hindu] Article: https://www.thehindu.com/news/national/jammu-and-kashmir/jammu-invokes-section-163-to-ban-cross-gender-massage-parlours-bars-bolting-of-enclosures/article70624863.ece
2026-02-12 22:38:27,027 - INFO - [The Hindu] Attempt 1/1: Trying with 'selenium_browser' strategy...
2026-02-12 22:38:32,756 - INFO - [The Hindu] Page content loaded.
2026-02-12 22:38:33,028 - INFO - [The Hindu] Success with 'selenium_browser'. Found content (476 words).
2026-02-12 22:38:33,542 - INFO - Saved article: Jammu invokes Section 163 to ban ‘cross-gender’ massage parlours, bars bolting of enclosures - The Hindu from The Hindu
2026-02-12 22:38:34,796 - INFO - [The Hindu] Article: https://www.thehindu.com/news/national/udit-narayans-first-wife-alleges-non-consensual-uterus-surgery-demands-justice/article70624382.ece
2026-02-12 22:38:34,797 - INFO - [The Hindu] Attempt 1/1: Trying with 'selenium_browser' strategy...
2026-02-12 22:38:37,349 - INFO - [The Hindu] Page content loaded.
2026-02-12 22:38:37,980 - INFO - [The Hindu] Success with 'selenium_browser'. Found content (409 words).
2026-02-12 22:38:38,153 - INFO - Saved article: Udit Narayan’s first wife alleges non-consensual uterus surgery, demands justice - The Hindu from The Hindu
2026-02-12 22:38:39,164 - INFO - [The Hindu] Article: https://www.thehindu.com/news/national/angela-merkel-to-deliver-first-manmohan-memorial-lecture/article70624669.ece
2026-02-12 22:38:39,164 - INFO - [The Hindu] Attempt 1/1: Trying with 'selenium_browser' strategy...
2026-02-12 22:38:40,811 - INFO - [The Hindu] Page content loaded.
2026-02-12 22:38:40,880 - INFO - [The Hindu] Success with 'selenium_browser'. Found content (199 words).
2026-02-12 22:38:40,947 - INFO - Saved article: Angela Merkel to deliver first Manmohan Memorial Lecture - The Hindu from The Hindu
2026-02-12 22:38:41,887 - INFO - [The Hindu] Article: https://www.thehindu.com/news/national/odisha/orissa-high-court-directs-state-government-to-tally-puri-jagannath-temples-jewellery-inventoried-in-1978/article70624993.ece
2026-02-12 22:38:41,887 - INFO - [The Hindu] Attempt 1/1: Trying with 'selenium_browser' strategy...
2026-02-12 22:38:51,334 - INFO - [The Hindu] Page content loaded.
2026-02-12 22:38:51,443 - INFO - [The Hindu] Success with 'selenium_browser'. Found content (589 words).
2026-02-12 22:38:51,520 - INFO - Saved article: Orissa High Court directs State Government to tally Puri Jagannath temple’s jewellery inventoried in 1978 - The Hindu from The Hindu
2026-02-12 22:38:52,690 - INFO - [The Hindu] Article: https://www.thehindu.com/news/national/tamil-nadu/over-73-of-mous-converted-into-investments-in-tn-says-stalin/article70624492.ece
2026-02-12 22:38:52,690 - INFO - [The Hindu] Attempt 1/1: Trying with 'selenium_browser' strategy...
2026-02-12 22:38:53,677 - INFO - [The Hindu] Page content loaded.
2026-02-12 22:38:53,796 - INFO - [The Hindu] Success with 'selenium_browser'. Found content (519 words).
2026-02-12 22:38:53,869 - INFO - Saved article: Over 73% of MoUs converted into investments in T.N., says Stalin - The Hindu from The Hindu
2026-02-12 22:38:54,417 - INFO - [The Hindu] Article: https://www.thehindu.com/news/national/uttar-pradesh/bar-association-opposes-sc-proposal-for-allahabad-hc/article70624829.ece
2026-02-12 22:38:54,417 - INFO - [The Hindu] Attempt 1/1: Trying with 'selenium_browser' strategy...
2026-02-12 22:38:56,065 - INFO - [The Hindu] Page content loaded.
2026-02-12 22:38:56,161 - INFO - [The Hindu] Success with 'selenium_browser'. Found content (326 words).
2026-02-12 22:38:56,243 - INFO - Duplicate article skipped: Bar association opposes SC proposal for Allahabad HC - The Hindu from The Hindu
2026-02-12 22:38:56,854 - INFO - [The Hindu] Article: https://www.thehindu.com/news/national/madhya-pradesh/man-arrested-for-killing-neighbours-in-suspected-human-sacrifice-inmp-village/article70624814.ece
2026-02-12 22:38:56,854 - INFO - [The Hindu] Attempt 1/1: Trying with 'selenium_browser' strategy...
2026-02-12 22:38:58,055 - INFO - [The Hindu] Page content loaded.
2026-02-12 22:38:58,165 - INFO - [The Hindu] Success with 'selenium_browser'. Found content (330 words).
2026-02-12 22:38:58,225 - INFO - Duplicate article skipped: Man arrested for killing neighbours in suspected human sacrifice in M.P. village - The Hindu from The Hindu
2026-02-12 22:38:59,703 - INFO - [The Hindu] Article: https://www.thehindu.com/news/cities/chennai/fomrra-submits-peoples-manifesto-to-political-parties/article70597150.ece
2026-02-12 22:38:59,703 - INFO - [The Hindu] Attempt 1/1: Trying with 'selenium_browser' strategy...
2026-02-12 22:39:01,174 - INFO - [The Hindu] Page content loaded.
2026-02-12 22:39:01,403 - INFO - [The Hindu] Success with 'selenium_browser'. Found content (230 words).
2026-02-12 22:39:01,509 - INFO - Duplicate article skipped: FOMRRA submits people’s manifesto to political parties - The Hindu from The Hindu
2026-02-12 22:39:02,865 - INFO - [The Hindu] Article: https://www.thehindu.com/news/cities/chennai/ophthalmologist-gets-award-for-community-eye-care/article70625529.ece
2026-02-12 22:39:02,865 - INFO - [The Hindu] Attempt 1/1: Trying with 'selenium_browser' strategy...
2026-02-12 22:39:03,842 - INFO - [The Hindu] Page content loaded.
2026-02-12 22:39:04,073 - INFO - [The Hindu] Success with 'selenium_browser'. Found content (83 words).
2026-02-12 22:39:04,165 - INFO - Duplicate article skipped: Ophthalmologist gets award for community eye care - The Hindu from The Hindu
2026-02-12 22:39:05,127 - INFO - [The Hindu] Article: https://www.thehindu.com/news/national/kerala/forest-fire-in-kasaragod-brought-under-control-10-acres-damaged/article70624670.ece
2026-02-12 22:39:05,128 - INFO - [The Hindu] Attempt 1/1: Trying with 'selenium_browser' strategy...
2026-02-12 22:39:06,410 - INFO - [The Hindu] Page content loaded.
2026-02-12 22:39:06,589 - INFO - [The Hindu] Success with 'selenium_browser'. Found content (139 words).
2026-02-12 22:39:06,697 - INFO - Duplicate article skipped: Forest fire in Kasaragod brought under control; 10 acres damaged - The Hindu from The Hindu
2026-02-12 22:39:07,706 - INFO - [The Hindu] (Thread) Finished. Attempting to shut down its Selenium driver.
2026-02-12 22:39:07,828 - INFO - [The Hindu] (Thread) driver.quit() successful.
2026-02-12 22:39:26,411 - ERROR - [Times of India] Request failed for strategy 'selenium_browser' on URL https://timesofindia.indiatimes.com/science/water-and-oxygen-arent-enough-scientists-reveal-two-must-have-ingredients-for-life-on-other-planets/articleshow/128272637.cms: Message: timeout: Timed out receiving message from renderer: 59.674
  (Session info: chrome=144.0.7559.132)
Stacktrace:
#0 0x5576168bba4a <unknown>
#1 0x5576162d46a2 <unknown>
#2 0x5576162bbd87 <unknown>
#3 0x5576162bb996 <unknown>
#4 0x5576162b94a1 <unknown>
#5 0x5576162b9e2f <unknown>
#6 0x5576162c9360 <unknown>
#7 0x5576162e3357 <unknown>
#8 0x5576162ea56b <unknown>
#9 0x5576162ba599 <unknown>
#10 0x5576162e30ec <unknown>
#11 0x557616372b68 <unknown>
#12 0x55761631b8b2 <unknown>
#13 0x55761631c6a1 <unknown>
#14 0x5576168818a9 <unknown>
#15 0x5576168847b1 <unknown>
#16 0x55761686dea9 <unknown>
#17 0x55761688536e <unknown>
#18 0x557616854410 <unknown>
#19 0x5576168a90c8 <unknown>
#20 0x5576168a929b <unknown>
#21 0x5576168badb8 <unknown>
#22 0x7f8af009caa4 <unknown>
#23 0x7f8af0129c6c <unknown>

2026-02-12 22:39:26,411 - ERROR - [Times of India] All scrape strategies failed for https://timesofindia.indiatimes.com/science/water-and-oxygen-arent-enough-scientists-reveal-two-must-have-ingredients-for-life-on-other-planets/articleshow/128272637.cms. Falling back to RSS description.
2026-02-12 22:39:26,414 - INFO - Saved article: Water and oxygen aren’t enough: Scientists reveal two ‘must-have’ ingredients for life on other planets from Times of India
2026-02-12 22:39:27,619 - INFO - [Times of India] Article: https://timesofindia.indiatimes.com/world/us/republican-slams-purdue-university-for-hiring-h-1b-worker-for-149000-software-engineer-role-are-there-no-qualified-americans/articleshow/128274771.cms
2026-02-12 22:39:27,619 - INFO - [Times of India] Attempt 1/1: Trying with 'selenium_browser' strategy...
2026-02-12 22:39:28,675 - INFO - [Times of India] Page content loaded.
2026-02-12 22:39:28,810 - INFO - [Times of India] Success with 'selenium_browser'. Found content (394 words).
2026-02-12 22:39:28,953 - INFO - Saved article: Republican slams Purdue University for hiring H-1B worker for $149,000 software engineer role: ‘Are there no qualified Americans?’ - The Times of India from Times of India
2026-02-12 22:39:30,144 - INFO - [Times of India] Article: https://timesofindia.indiatimes.com/world/uk/major-row-over-britains-nato-envoy-angus-lapsley-bringing-intern-girlfriend-half-his-age-to-official-residence-they-are-not-hiding-it/articleshow/128274284.cms
2026-02-12 22:39:30,145 - INFO - [Times of India] Attempt 1/1: Trying with 'selenium_browser' strategy...
2026-02-12 22:39:30,963 - INFO - [Times of India] Page content loaded.
2026-02-12 22:39:31,104 - INFO - [Times of India] Success with 'selenium_browser'. Found content (350 words).
2026-02-12 22:39:31,150 - INFO - Duplicate article skipped: Major row over Britain's Nato envoy Angus Lapsley bringing intern girlfriend, half his age, to official residence: 'They are not hiding it' - The Times of India from Times of India
2026-02-12 22:39:32,428 - INFO - [Times of India] Article: https://timesofindia.indiatimes.com/world/uk/british-indians-have-continually-helped-british-economy-prosper-since-wwii-report/articleshow/128273774.cms
2026-02-12 22:39:32,428 - INFO - [Times of India] Attempt 1/1: Trying with 'selenium_browser' strategy...
2026-02-12 22:39:43,071 - WARNING - [Times of India] Page timed out (10s). No <p> tags found. Proceeding anyway.
2026-02-12 22:39:43,211 - INFO - [Times of India] Success with 'selenium_browser'. Found content (464 words).
2026-02-12 22:39:43,287 - INFO - Duplicate article skipped: British Indians have continually helped British economy prosper since WWII: Report - The Times of India from Times of India
2026-02-12 22:39:43,839 - INFO - [Times of India] Article: https://timesofindia.indiatimes.com/world/us/you-should-resign-shouting-match-erupts-between-josh-hawley-and-keith-ellison-over-fraud-probe/articleshow/128273768.cms
2026-02-12 22:39:43,839 - INFO - [Times of India] Attempt 1/1: Trying with 'selenium_browser' strategy...
2026-02-12 22:39:44,302 - INFO - [Times of India] Page content loaded.
2026-02-12 22:39:44,427 - INFO - [Times of India] Success with 'selenium_browser'. Found content (521 words).
2026-02-12 22:39:44,474 - INFO - Duplicate article skipped: ‘You should resign’: Shouting match erupts between Josh Hawley and Keith Ellison over fraud probe - The Times of India from Times of India
2026-02-12 22:39:45,731 - INFO - [Times of India] Article: https://timesofindia.indiatimes.com/world/uk/bangladeshi-migrant-avoids-deportation-from-uk-over-20-year-jail-sentence-imposed-under-sheikh-hasinas-regime-in-dhaka/articleshow/128273210.cms
2026-02-12 22:39:45,731 - INFO - [Times of India] Attempt 1/1: Trying with 'selenium_browser' strategy...
2026-02-12 22:39:46,482 - INFO - [Times of India] Page content loaded.
2026-02-12 22:39:46,595 - INFO - [Times of India] Success with 'selenium_browser'. Found content (555 words).
2026-02-12 22:39:46,660 - INFO - Duplicate article skipped: Bangladeshi migrant avoids deportation from UK over 20-year jail sentence imposed under Sheikh Hasina’s regime in Dhaka - The Times of India from Times of India
2026-02-12 22:39:47,370 - INFO - [Times of India] Article: https://timesofindia.indiatimes.com/world/us/one-man-in-pakistan-second-in-texas-how-two-foreigners-duped-us-medicare-of-10-million/articleshow/128271991.cms
2026-02-12 22:39:47,370 - INFO - [Times of India] Attempt 1/1: Trying with 'selenium_browser' strategy...
2026-02-12 22:39:48,113 - INFO - [Times of India] Page content loaded.
2026-02-12 22:39:48,226 - INFO - [Times of India] Success with 'selenium_browser'. Found content (383 words).
2026-02-12 22:39:48,275 - INFO - Duplicate article skipped: One man in Pakistan, another in Texas: How two foreigners duped US Medicare of $10 million - The Times of India from Times of India
2026-02-12 22:39:48,998 - INFO - [Times of India] Article: https://timesofindia.indiatimes.com/world/us/who-is-andrew-paul-johnson-january-6-rioter-pardoned-by-trump-found-guilty-of-child-sex-abuse/articleshow/128270597.cms
2026-02-12 22:39:48,998 - INFO - [Times of India] Attempt 1/1: Trying with 'selenium_browser' strategy...
2026-02-12 22:39:49,891 - INFO - [Times of India] Page content loaded.
2026-02-12 22:39:49,993 - INFO - [Times of India] Success with 'selenium_browser'. Found content (425 words).
2026-02-12 22:39:50,038 - INFO - Duplicate article skipped: Who is Andrew Paul Johnson? January 6 rioter pardoned by Trump found guilty of child sex abuse - The Times of India from Times of India
2026-02-12 22:39:50,858 - INFO - [Times of India] Article: https://timesofindia.indiatimes.com/world/rest-of-world/she-was-the-last-person-to-deserve-this-father-recalls-final-moments-with-12-year-old-lgbtq-supporter-daughter-killed-by-trans-in-canada-shooting/articleshow/128268362.cms
2026-02-12 22:39:50,858 - INFO - [Times of India] Attempt 1/1: Trying with 'selenium_browser' strategy...
2026-02-12 22:39:51,615 - INFO - [Times of India] Page content loaded.
2026-02-12 22:39:51,718 - INFO - [Times of India] Success with 'selenium_browser'. Found content (305 words).
2026-02-12 22:39:51,769 - INFO - Duplicate article skipped: ‘She was the last person to deserve this’: Father recalls final moments with 12-year-old LGBTQ supporter daughter killed by trans in Canada shooting - The Times of India from Times of India
2026-02-12 22:39:52,678 - INFO - [Times of India] Article: https://timesofindia.indiatimes.com/world/us/new-rules-limit-which-foreigners-will-get-a-commercial-driving-license-in-us-only-h-2a-h-2b-and-e-2-visa-holders/articleshow/128268194.cms
2026-02-12 22:39:52,678 - INFO - [Times of India] Attempt 1/1: Trying with 'selenium_browser' strategy...
2026-02-12 22:39:53,360 - INFO - [Times of India] Page content loaded.
2026-02-12 22:39:53,464 - INFO - [Times of India] Success with 'selenium_browser'. Found content (372 words).
2026-02-12 22:39:53,523 - INFO - Duplicate article skipped: New rules limit which foreigners will get a commercial driving license in US: Only H-2A, H-2B, and E-2 visa holders - The Times of India from Times of India
2026-02-12 22:39:54,851 - INFO - [Times of India] (Thread) Finished. Attempting to shut down its Selenium driver.
2026-02-12 22:39:55,012 - INFO - [Times of India] (Thread) driver.quit() successful.
2026-02-12 22:39:55,012 - INFO - Shutting down thread pool (wait=False)...
2026-02-12 22:39:55,012 - INFO - Scraped: 1 BBC, 5 The Hindu, 2 Times of India, 1 The Guardian articles. (Total saved: 9)
2026-02-12 22:39:55,012 - INFO - --- Scraping job finished ---
2026-02-12 22:39:55,017 - INFO - --- Scraper service stopped and database connection closed. ---
2026-02-12 22:39:55,017 - INFO - --- Main thread finished. Forcing process exit to kill zombie threads. ---
