2026-01-07 16:37:56,837 - INFO - Initializing database connection at: news_articles.db
2026-01-07 16:37:56,837 - INFO - --- Scraper service started (CI Mode: Run Once) ---
2026-01-07 16:37:56,837 - INFO - --- Starting new scraping job (Parallel Mode) ---
2026-01-07 16:37:56,837 - INFO - Creating new robust session with 3 retries on 5xx/connection/read errors.
2026-01-07 16:37:56,837 - INFO - Proxy is DISABLED.
2026-01-07 16:37:56,838 - INFO - Starting scrape for BBC RSS feed: http://feeds.bbci.co.uk/news/world/rss.xml
2026-01-07 16:37:56,838 - INFO - [Times of India] (Thread) requires Selenium. Initializing driver...
2026-01-07 16:37:56,838 - INFO - Initializing headless Selenium Chrome driver (using SeleniumManager)...
2026-01-07 16:37:56,838 - INFO - Starting scrape for The Guardian RSS feed: https://www.theguardian.com/world/rss
2026-01-07 16:37:56,839 - INFO - [The Hindu] (Thread) requires Selenium. Initializing driver...
2026-01-07 16:37:56,839 - INFO - Initializing headless Selenium Chrome driver (using SeleniumManager)...
2026-01-07 16:37:56,839 - INFO - Submitted 4 jobs to thread pool. Waiting up to 300s for completion...
2026-01-07 16:37:57,070 - INFO - Found 45 articles in The Guardian RSS feed. Processing up to 10.
2026-01-07 16:37:57,070 - INFO - [The Guardian] Article: https://www.theguardian.com/world/2026/jan/02/anthony-joshuas-driver-charged-with-dangerous-driving-after-fatal-crash-in-nigeria
2026-01-07 16:37:57,070 - INFO - [The Guardian] Attempt 1/1: Trying with 'requests_browser' strategy...
2026-01-07 16:37:57,084 - INFO - Found 40 articles in BBC RSS feed. Processing up to 10.
2026-01-07 16:37:57,084 - INFO - [BBC] Article: https://www.bbc.com/news/articles/cwyg1jg8xkmo?at_medium=RSS&at_campaign=rss
2026-01-07 16:37:57,084 - INFO - [BBC] Attempt 1/1: Trying with 'requests_browser' strategy...
2026-01-07 16:37:57,227 - INFO - [The Guardian] Success with 'requests_browser'. Found content (346 words).
2026-01-07 16:37:57,262 - INFO - Duplicate article skipped: Anthony Joshua’s driver charged with dangerous driving after fatal crash in Nigeria | Anthony Joshua | The Guardian from The Guardian
2026-01-07 16:37:57,401 - INFO - [BBC] Success with 'requests_browser'. Found content (1060 words).
2026-01-07 16:37:57,440 - INFO - Duplicate article skipped: US discussing options to acquire Greenland including using military - White House from BBC
2026-01-07 16:37:57,967 - INFO - [The Guardian] Article: https://www.theguardian.com/science/2026/jan/01/cremation-pyre-in-africa-thought-to-be-worlds-oldest-containing-adult-remains
2026-01-07 16:37:57,967 - INFO - [The Guardian] Attempt 1/1: Trying with 'requests_browser' strategy...
2026-01-07 16:37:57,995 - INFO - [The Guardian] Success with 'requests_browser'. Found content (653 words).
2026-01-07 16:37:58,031 - INFO - Duplicate article skipped: Cremation pyre in Africa thought to be world’s oldest containing adult remains | Anthropology | The Guardian from The Guardian
2026-01-07 16:37:58,492 - INFO - [BBC] Article: https://www.bbc.com/news/articles/c74wexkd598o?at_medium=RSS&at_campaign=rss
2026-01-07 16:37:58,493 - INFO - [BBC] Attempt 1/1: Trying with 'requests_browser' strategy...
2026-01-07 16:37:58,528 - INFO - [BBC] Success with 'requests_browser'. Found content (314 words).
2026-01-07 16:37:58,560 - INFO - Duplicate article skipped: Families shocked Swiss ski bar was not inspected for years before deadly fire from BBC
2026-01-07 16:37:59,326 - INFO - [The Guardian] Article: https://www.theguardian.com/global-development/2026/jan/01/us-aid-cuts-conditions-un-humanitarian-pledge-ocha
2026-01-07 16:37:59,326 - INFO - [The Guardian] Attempt 1/1: Trying with 'requests_browser' strategy...
2026-01-07 16:37:59,356 - INFO - [The Guardian] Success with 'requests_browser'. Found content (631 words).
2026-01-07 16:37:59,392 - INFO - Duplicate article skipped: US ‘adapt, shrink or die’ terms for $2bn aid pot will mean UN bowing down to Washington, say experts | Aid | The Guardian from The Guardian
2026-01-07 16:37:59,988 - INFO - [BBC] Article: https://www.bbc.com/news/articles/c8e5d9j66l0o?at_medium=RSS&at_campaign=rss
2026-01-07 16:37:59,988 - INFO - [BBC] Attempt 1/1: Trying with 'requests_browser' strategy...
2026-01-07 16:38:00,031 - INFO - [BBC] Success with 'requests_browser'. Found content (818 words).
2026-01-07 16:38:00,037 - INFO - [The Guardian] Article: https://www.theguardian.com/world/2025/dec/31/guinea-junta-chief-mamady-doumbouya-elected-president-after-opposition-boycott
2026-01-07 16:38:00,037 - INFO - [The Guardian] Attempt 1/1: Trying with 'requests_browser' strategy...
2026-01-07 16:38:00,103 - INFO - [The Guardian] Success with 'requests_browser'. Found content (399 words).
2026-01-07 16:38:00,103 - INFO - Saved article: Venezuela's interim leader sacks man in charge of Maduro's guard from BBC
2026-01-07 16:38:00,139 - INFO - Duplicate article skipped: Guinea’s junta chief elected president after opposition boycott | Guinea | The Guardian from The Guardian
2026-01-07 16:38:00,641 - INFO - [The Guardian] Article: https://www.theguardian.com/world/2025/dec/30/saudi-arabia-uae-tension-future-yemen-boiling-point
2026-01-07 16:38:00,641 - INFO - [The Guardian] Attempt 1/1: Trying with 'requests_browser' strategy...
2026-01-07 16:38:00,679 - INFO - [The Guardian] Success with 'requests_browser'. Found content (932 words).
2026-01-07 16:38:00,724 - INFO - Duplicate article skipped: Tensions between Saudis and Emiratis over future of Yemen reach boiling point | Yemen | The Guardian from The Guardian
2026-01-07 16:38:01,198 - INFO - [BBC] Article: https://www.bbc.com/news/articles/c86v3y45pyyo?at_medium=RSS&at_campaign=rss
2026-01-07 16:38:01,198 - INFO - [BBC] Attempt 1/1: Trying with 'requests_browser' strategy...
2026-01-07 16:38:01,239 - INFO - [BBC] Success with 'requests_browser'. Found content (465 words).
2026-01-07 16:38:01,279 - INFO - Saved article: Rare mountain gorilla twins born in DR Congo's Virunga National Park from BBC
2026-01-07 16:38:01,499 - INFO - [The Guardian] Article: https://www.theguardian.com/us-news/live/2026/jan/07/donald-trump-venezuela-greenland-oil-childcare-us-politics-live
2026-01-07 16:38:01,499 - INFO - [The Guardian] Attempt 1/1: Trying with 'requests_browser' strategy...
2026-01-07 16:38:01,712 - INFO - [The Guardian] Success with 'requests_browser'. Found content (1321 words).
2026-01-07 16:38:01,813 - INFO - Duplicate article skipped: Trump claims China and Russia have ‘zero fear’ of Nato without US; officials brief Congress on Venezuela operation – live | US news | The Guardian from The Guardian
2026-01-07 16:38:01,953 - INFO - [BBC] Article: https://www.bbc.com/news/articles/cy59k13e7eqo?at_medium=RSS&at_campaign=rss
2026-01-07 16:38:01,953 - INFO - [BBC] Attempt 1/1: Trying with 'requests_browser' strategy...
2026-01-07 16:38:01,990 - INFO - [BBC] Success with 'requests_browser'. Found content (441 words).
2026-01-07 16:38:02,027 - INFO - Saved article: Hundreds of flights cancelled as big freeze grips western Europe from BBC
2026-01-07 16:38:02,622 - INFO - [The Guardian] Article: https://www.theguardian.com/world/2026/jan/07/russia-submarine-escort-shadow-fleet-tanker-us-sanctions
2026-01-07 16:38:02,623 - INFO - [The Guardian] Attempt 1/1: Trying with 'requests_browser' strategy...
2026-01-07 16:38:02,657 - INFO - [The Guardian] Success with 'requests_browser'. Found content (895 words).
2026-01-07 16:38:02,702 - INFO - Duplicate article skipped: US seizes Russian-flagged oil tanker in Atlantic after two-week pursuit | US news | The Guardian from The Guardian
2026-01-07 16:38:03,165 - INFO - [BBC] Article: https://www.bbc.com/news/articles/cew85yeqgewo?at_medium=RSS&at_campaign=rss
2026-01-07 16:38:03,166 - INFO - [BBC] Attempt 1/1: Trying with 'requests_browser' strategy...
2026-01-07 16:38:03,203 - INFO - [BBC] Success with 'requests_browser'. Found content (834 words).
2026-01-07 16:38:03,244 - INFO - [The Guardian] Article: https://www.theguardian.com/business/2026/jan/07/oil-prices-fall-after-trump-says-venezuela-will-send-up-to-50m-barrels-to-us
2026-01-07 16:38:03,244 - INFO - [The Guardian] Attempt 1/1: Trying with 'requests_browser' strategy...
2026-01-07 16:38:03,245 - INFO - Duplicate article skipped: Yemen separatist leader accused of treason as Saudis strike forces from BBC
2026-01-07 16:38:03,279 - INFO - [The Guardian] Success with 'requests_browser'. Found content (807 words).
2026-01-07 16:38:03,325 - INFO - Duplicate article skipped: Venezuela to continue supplying oil to US ‘indefinitely’, White House says | Oil | The Guardian from The Guardian
2026-01-07 16:38:04,448 - INFO - [BBC] Article: https://www.bbc.com/news/articles/clyz4dzyq7po?at_medium=RSS&at_campaign=rss
2026-01-07 16:38:04,448 - INFO - [BBC] Attempt 1/1: Trying with 'requests_browser' strategy...
2026-01-07 16:38:04,492 - INFO - [BBC] Success with 'requests_browser'. Found content (468 words).
2026-01-07 16:38:04,530 - INFO - Duplicate article skipped: Burkina Faso foils plot to assassinate Capt Ibrahim Traoré, says junta from BBC
2026-01-07 16:38:04,648 - INFO - [The Guardian] Article: https://www.theguardian.com/world/2026/jan/07/trump-venezuela-oil-regime-after-maduro
2026-01-07 16:38:04,648 - INFO - [The Guardian] Attempt 1/1: Trying with 'requests_browser' strategy...
2026-01-07 16:38:04,680 - INFO - [The Guardian] Success with 'requests_browser'. Found content (543 words).
2026-01-07 16:38:04,722 - INFO - Duplicate article skipped: Trump claims Venezuela is set for an oil boom after US attack – history points to a bumpy road ahead | Venezuela | The Guardian from The Guardian
2026-01-07 16:38:05,519 - INFO - Selenium driver initialized successfully.
2026-01-07 16:38:05,519 - INFO - Starting scrape for The Hindu RSS feed: https://www.thehindu.com/news/national/feeder/default.rss
2026-01-07 16:38:05,520 - INFO - Selenium driver initialized successfully.
2026-01-07 16:38:05,520 - INFO - Starting scrape for Times of India RSS feed: https://timesofindia.indiatimes.com/rssfeeds/296589292.cms
2026-01-07 16:38:05,667 - INFO - [BBC] Article: https://www.bbc.com/news/articles/c0er4qd3115o?at_medium=RSS&at_campaign=rss
2026-01-07 16:38:05,667 - INFO - [BBC] Attempt 1/1: Trying with 'requests_browser' strategy...
2026-01-07 16:38:05,705 - INFO - [BBC] Success with 'requests_browser'. Found content (607 words).
2026-01-07 16:38:05,743 - INFO - Duplicate article skipped: Nobel winner Maria Machado says her coalition should lead Venezuela from BBC
2026-01-07 16:38:05,787 - INFO - Found 100 articles in The Hindu RSS feed. Processing up to 10.
2026-01-07 16:38:05,787 - INFO - [The Hindu] Article: https://www.thehindu.com/news/national/telangana/new-hyderabad-zones-see-transfer-of-20-senior-police-officers/article70483549.ece
2026-01-07 16:38:05,787 - INFO - [The Hindu] Attempt 1/1: Trying with 'selenium_browser' strategy...
2026-01-07 16:38:05,883 - INFO - Found 20 articles in Times of India RSS feed. Processing up to 10.
2026-01-07 16:38:05,883 - INFO - [Times of India] Article: https://timesofindia.indiatimes.com/nri/30-year-old-nri-confused-whether-to-return-for-old-parents-or-to-stay-abroad-with-children-i-find-myself-conflicted-/articleshow/126397861.cms
2026-01-07 16:38:05,883 - INFO - [Times of India] Attempt 1/1: Trying with 'selenium_browser' strategy...
2026-01-07 16:38:05,993 - INFO - [The Guardian] Article: https://www.theguardian.com/world/2026/jan/07/wager-platform-polymarket-will-not-pay-out-on-bets-on-us-invasion-of-venezuela
2026-01-07 16:38:05,993 - INFO - [The Guardian] Attempt 1/1: Trying with 'requests_browser' strategy...
2026-01-07 16:38:06,033 - INFO - [The Guardian] Success with 'requests_browser'. Found content (388 words).
2026-01-07 16:38:06,095 - INFO - Duplicate article skipped: Gambling platform Polymarket not paying bets on US invasion of Venezuela | Venezuela | The Guardian from The Guardian
2026-01-07 16:38:06,781 - INFO - [BBC] Article: https://www.bbc.com/news/articles/cgm4yeexmg2o?at_medium=RSS&at_campaign=rss
2026-01-07 16:38:06,781 - INFO - [BBC] Attempt 1/1: Trying with 'requests_browser' strategy...
2026-01-07 16:38:06,843 - INFO - [BBC] Success with 'requests_browser'. Found content (583 words).
2026-01-07 16:38:06,921 - INFO - Saved article: Zelensky says Ukraine does not have clear security pledge from allies from BBC
2026-01-07 16:38:07,604 - INFO - [The Hindu] Page content loaded.
2026-01-07 16:38:08,076 - INFO - [The Hindu] Success with 'selenium_browser'. Found content (572 words).
2026-01-07 16:38:08,289 - INFO - Saved article: New Hyderabad zones see transfer of 20 senior police officers - The Hindu from The Hindu
2026-01-07 16:38:08,351 - INFO - [BBC] Article: https://www.bbc.com/news/articles/c4grxzxjjd8o?at_medium=RSS&at_campaign=rss
2026-01-07 16:38:08,351 - INFO - [BBC] Attempt 1/1: Trying with 'requests_browser' strategy...
2026-01-07 16:38:08,490 - INFO - [BBC] Success with 'requests_browser'. Found content (921 words).
2026-01-07 16:38:08,715 - INFO - Duplicate article skipped: Trump says Venezuela will be 'turning over' up to 50 million barrels of oil to US from BBC
2026-01-07 16:38:09,690 - INFO - [The Hindu] Article: https://www.thehindu.com/news/national/congress-to-place-legal-teams-in-every-district-they-will-be-our-eyes-and-ears-singhvi/article70483395.ece
2026-01-07 16:38:09,690 - INFO - [The Hindu] Attempt 1/1: Trying with 'selenium_browser' strategy...
2026-01-07 16:38:13,489 - INFO - [The Hindu] Page content loaded.
2026-01-07 16:38:13,604 - INFO - [The Hindu] Success with 'selenium_browser'. Found content (299 words).
2026-01-07 16:38:13,830 - INFO - Saved article: Congress to place legal teams in every district; they will be our eyes and ears: Singhvi - The Hindu from The Hindu
2026-01-07 16:38:14,594 - INFO - [The Hindu] Article: https://www.thehindu.com/news/cities/Hyderabad/five-arrested-as-excise-officials-bust-liquor-adulteration-gang-in-shamshabad/article70482011.ece
2026-01-07 16:38:14,594 - INFO - [The Hindu] Attempt 1/1: Trying with 'selenium_browser' strategy...
2026-01-07 16:38:17,094 - INFO - [The Hindu] Page content loaded.
2026-01-07 16:38:17,212 - INFO - [The Hindu] Success with 'selenium_browser'. Found content (337 words).
2026-01-07 16:38:17,361 - INFO - Saved article: Five arrested as excise officials bust liquor adulteration gang in Shamshabad - The Hindu from The Hindu
2026-01-07 16:38:17,879 - INFO - [The Hindu] Article: https://www.thehindu.com/news/national/kerala/we-are-living-in-an-era-where-selective-narratives-are-presented-as-truth-kr-meera/article70483582.ece
2026-01-07 16:38:17,879 - INFO - [The Hindu] Attempt 1/1: Trying with 'selenium_browser' strategy...
2026-01-07 16:38:19,157 - INFO - [The Hindu] Page content loaded.
2026-01-07 16:38:19,872 - INFO - [The Hindu] Success with 'selenium_browser'. Found content (335 words).
2026-01-07 16:38:20,197 - INFO - Saved article: We are living in an era where selective narratives are presented as truth: K.R. Meera - The Hindu from The Hindu
2026-01-07 16:38:20,844 - INFO - [The Hindu] Article: https://www.thehindu.com/business/agri-business/centre-seeks-public-comments-on-draft-pesticides-management-bill-to-replace-1968-act/article70483458.ece
2026-01-07 16:38:20,844 - INFO - [The Hindu] Attempt 1/1: Trying with 'selenium_browser' strategy...
2026-01-07 16:38:22,558 - INFO - [The Hindu] Page content loaded.
2026-01-07 16:38:22,600 - INFO - [The Hindu] Success with 'selenium_browser'. Found content (265 words).
2026-01-07 16:38:22,652 - INFO - Saved article: Centre seeks public comments on draft Pesticides Management Bill to replace 1968 Act - The Hindu from The Hindu
2026-01-07 16:38:23,272 - INFO - [The Hindu] Article: https://www.thehindu.com/news/national/telangana/cm-to-inaugurate-renovation-works-at-sammakka-saralamma-shrine-in-medaram-on-jan-19-ponguleti-srinivas-reddy/article70483436.ece
2026-01-07 16:38:23,272 - INFO - [The Hindu] Attempt 1/1: Trying with 'selenium_browser' strategy...
2026-01-07 16:38:23,799 - INFO - [The Hindu] Page content loaded.
2026-01-07 16:38:23,845 - INFO - [The Hindu] Success with 'selenium_browser'. Found content (324 words).
2026-01-07 16:38:23,895 - INFO - Saved article: CM to inaugurate renovation works at Sammakka Saralamma shrine in Medaram on Jan. 19: Ponguleti Srinivas Reddy - The Hindu from The Hindu
2026-01-07 16:38:25,202 - INFO - [The Hindu] Article: https://www.thehindu.com/news/national/kerala/ernakulam-rural-police-see-spike-in-ndps-cases/article70482502.ece
2026-01-07 16:38:25,202 - INFO - [The Hindu] Attempt 1/1: Trying with 'selenium_browser' strategy...
2026-01-07 16:38:26,122 - INFO - [The Hindu] Page content loaded.
2026-01-07 16:38:26,176 - INFO - [The Hindu] Success with 'selenium_browser'. Found content (308 words).
2026-01-07 16:38:26,228 - INFO - Saved article: Ernakulam Rural police see spike in NDPS cases - The Hindu from The Hindu
2026-01-07 16:38:27,006 - INFO - [The Hindu] Article: https://www.thehindu.com/news/national/kerala/state-govt-shares-high-courts-satisfaction-with-sit-probe-says-vasavan/article70483457.ece
2026-01-07 16:38:27,006 - INFO - [The Hindu] Attempt 1/1: Trying with 'selenium_browser' strategy...
2026-01-07 16:38:28,068 - INFO - [The Hindu] Page content loaded.
2026-01-07 16:38:28,109 - INFO - [The Hindu] Success with 'selenium_browser'. Found content (189 words).
2026-01-07 16:38:28,159 - INFO - Saved article: State govt. shares High Court’s satisfaction with SIT probe, says Vasavan - The Hindu from The Hindu
2026-01-07 16:38:29,619 - INFO - [The Hindu] Article: https://www.thehindu.com/news/national/telangana/three-panchayat-officials-arrested-by-acb-for-accepting-25-lakh-bribe/article70482569.ece
2026-01-07 16:38:29,619 - INFO - [The Hindu] Attempt 1/1: Trying with 'selenium_browser' strategy...
2026-01-07 16:38:32,890 - INFO - [The Hindu] Page content loaded.
2026-01-07 16:38:32,981 - INFO - [The Hindu] Success with 'selenium_browser'. Found content (214 words).
2026-01-07 16:38:33,086 - INFO - Saved article: Three panchayat officials arrested by ACB for accepting ₹2.5 lakh bribe - The Hindu from The Hindu
2026-01-07 16:38:34,526 - INFO - [The Hindu] Article: https://www.thehindu.com/news/national/x-tells-it-ministry-it-is-in-compliance-with-indian-law/article70483214.ece
2026-01-07 16:38:34,526 - INFO - [The Hindu] Attempt 1/1: Trying with 'selenium_browser' strategy...
2026-01-07 16:38:36,621 - INFO - [The Hindu] Page content loaded.
2026-01-07 16:38:36,824 - INFO - [The Hindu] Success with 'selenium_browser'. Found content (509 words).
2026-01-07 16:38:36,963 - INFO - Saved article: X tells IT Ministry it is ‘in compliance’ with Indian law - The Hindu from The Hindu
2026-01-07 16:38:37,717 - INFO - [The Hindu] (Thread) Finished. Attempting to shut down its Selenium driver.
2026-01-07 16:38:37,837 - INFO - [The Hindu] (Thread) driver.quit() successful.
2026-01-07 16:40:05,984 - ERROR - [Times of India] Request failed for strategy 'selenium_browser' on URL https://timesofindia.indiatimes.com/nri/30-year-old-nri-confused-whether-to-return-for-old-parents-or-to-stay-abroad-with-children-i-find-myself-conflicted-/articleshow/126397861.cms: HTTPConnectionPool(host='localhost', port=54745): Read timed out. (read timeout=120)
2026-01-07 16:40:05,984 - ERROR - [Times of India] All scrape strategies failed for https://timesofindia.indiatimes.com/nri/30-year-old-nri-confused-whether-to-return-for-old-parents-or-to-stay-abroad-with-children-i-find-myself-conflicted-/articleshow/126397861.cms. Falling back to RSS description.
2026-01-07 16:40:05,986 - INFO - Saved article: NRI confused whether to return for old parents or to stay abroad with children: 'I feel conflicted' from Times of India
2026-01-07 16:40:06,900 - INFO - [Times of India] Article: https://timesofindia.indiatimes.com/world/us/may-you-lose-in-such-a-manner-vivek-hater-drafts-letter-after-ramaswamy-says-he-is-off-social-media/articleshow/126398156.cms
2026-01-07 16:40:06,900 - INFO - [Times of India] Attempt 1/1: Trying with 'selenium_browser' strategy...
2026-01-07 16:42:06,924 - ERROR - [Times of India] Request failed for strategy 'selenium_browser' on URL https://timesofindia.indiatimes.com/world/us/may-you-lose-in-such-a-manner-vivek-hater-drafts-letter-after-ramaswamy-says-he-is-off-social-media/articleshow/126398156.cms: HTTPConnectionPool(host='localhost', port=54745): Read timed out. (read timeout=120)
2026-01-07 16:42:06,924 - ERROR - [Times of India] All scrape strategies failed for https://timesofindia.indiatimes.com/world/us/may-you-lose-in-such-a-manner-vivek-hater-drafts-letter-after-ramaswamy-says-he-is-off-social-media/articleshow/126398156.cms. Falling back to RSS description.
2026-01-07 16:42:06,926 - INFO - Saved article: 'May you lose in such a manner...': Vivek-hater drafts letter after Ramaswamy says he is off social media from Times of India
2026-01-07 16:42:07,868 - INFO - [Times of India] Article: https://timesofindia.indiatimes.com/world/us/russia-china-only-fear-donald-trump-blasts-nato-takes-credit-for-pushing-bloc-to-pay-bills/articleshow/126397884.cms
2026-01-07 16:42:07,868 - INFO - [Times of India] Attempt 1/1: Trying with 'selenium_browser' strategy...
2026-01-07 16:42:56,839 - CRITICAL - --- TIMEOUT: 1 scrape jobs did not complete in 300s. ---
2026-01-07 16:42:56,839 - ERROR - A thread has timed out and will be abandoned.
2026-01-07 16:42:56,839 - INFO - Shutting down thread pool (wait=False)...
2026-01-07 16:42:56,839 - INFO - Scraped: 4 BBC, 10 The Hindu, 0 The Guardian, 1 Timed_Out_Jobs articles. (Total saved: 14)
2026-01-07 16:42:56,839 - INFO - --- Scraping job finished ---
2026-01-07 16:42:56,840 - INFO - --- Scraper service stopped and database connection closed. ---
2026-01-07 16:42:56,840 - INFO - --- Main thread finished. Forcing process exit to kill zombie threads. ---
