2026-02-09 02:44:42,855 - INFO - Initializing database connection at: news_articles.db
2026-02-09 02:44:42,855 - INFO - --- Scraper service started (CI Mode: Run Once) ---
2026-02-09 02:44:42,855 - INFO - --- Starting new scraping job (Parallel Mode) ---
2026-02-09 02:44:42,855 - INFO - Creating new robust session with 3 retries on 5xx/connection/read errors.
2026-02-09 02:44:42,855 - INFO - Proxy is DISABLED.
2026-02-09 02:44:42,856 - INFO - Starting scrape for BBC RSS feed: http://feeds.bbci.co.uk/news/world/rss.xml
2026-02-09 02:44:42,856 - INFO - [Times of India] (Thread) requires Selenium. Initializing driver...
2026-02-09 02:44:42,856 - INFO - Initializing headless Selenium Chrome driver (using SeleniumManager)...
2026-02-09 02:44:42,857 - INFO - Starting scrape for The Guardian RSS feed: https://www.theguardian.com/world/rss
2026-02-09 02:44:42,859 - INFO - [The Hindu] (Thread) requires Selenium. Initializing driver...
2026-02-09 02:44:42,860 - INFO - Initializing headless Selenium Chrome driver (using SeleniumManager)...
2026-02-09 02:44:42,860 - INFO - Submitted 4 jobs to thread pool. Waiting up to 300s for completion...
2026-02-09 02:44:42,992 - INFO - Found 34 articles in BBC RSS feed. Processing up to 10.
2026-02-09 02:44:42,992 - INFO - [BBC] Article: https://www.bbc.com/news/articles/cx2y7d2z29xo?at_medium=RSS&at_campaign=rss
2026-02-09 02:44:42,992 - INFO - [BBC] Attempt 1/1: Trying with 'requests_browser' strategy...
2026-02-09 02:44:43,054 - INFO - Found 45 articles in The Guardian RSS feed. Processing up to 10.
2026-02-09 02:44:43,054 - INFO - [The Guardian] Article: https://www.theguardian.com/world/2026/feb/07/sudan-rsf-drone-attack-rahad-kills-displaced-people
2026-02-09 02:44:43,054 - INFO - [The Guardian] Attempt 1/1: Trying with 'requests_browser' strategy...
2026-02-09 02:44:43,097 - INFO - [The Guardian] Success with 'requests_browser'. Found content (817 words).
2026-02-09 02:44:43,143 - INFO - Duplicate article skipped: RSF drone attack kills 24 people fleeing fighting in central Sudan, says doctors group | Sudan | The Guardian from The Guardian
2026-02-09 02:44:43,270 - INFO - [BBC] Success with 'requests_browser'. Found content (791 words).
2026-02-09 02:44:43,309 - INFO - Duplicate article skipped: Japan election: PM Sanae Takaichi set for landslide win from BBC
2026-02-09 02:44:43,854 - INFO - [BBC] Article: https://www.bbc.com/news/articles/cx2jn4z4eq0o?at_medium=RSS&at_campaign=rss
2026-02-09 02:44:43,854 - INFO - [BBC] Attempt 1/1: Trying with 'requests_browser' strategy...
2026-02-09 02:44:43,902 - INFO - [BBC] Success with 'requests_browser'. Found content (789 words).
2026-02-09 02:44:43,941 - INFO - Duplicate article skipped: Thailand election 2026: PM claims victory with conservatives well ahead from BBC
2026-02-09 02:44:44,251 - INFO - [The Guardian] Article: https://www.theguardian.com/global-development/2026/feb/07/businesses-close-protest-malawi-tax-changes-electronic-invoicing-system
2026-02-09 02:44:44,251 - INFO - [The Guardian] Attempt 1/1: Trying with 'requests_browser' strategy...
2026-02-09 02:44:44,282 - INFO - [The Guardian] Success with 'requests_browser'. Found content (591 words).
2026-02-09 02:44:44,329 - INFO - Duplicate article skipped: Thousands of Malawi businesses close in protest over tax changes | Global development | The Guardian from The Guardian
2026-02-09 02:44:44,804 - INFO - [BBC] Article: https://www.bbc.com/news/articles/cy7j6xe8862o?at_medium=RSS&at_campaign=rss
2026-02-09 02:44:44,804 - INFO - [BBC] Attempt 1/1: Trying with 'requests_browser' strategy...
2026-02-09 02:44:44,852 - INFO - [BBC] Success with 'requests_browser'. Found content (661 words).
2026-02-09 02:44:44,891 - INFO - Duplicate article skipped: Vladimir Alexeyev: Russia names three suspects in shooting of general from BBC
2026-02-09 02:44:45,453 - INFO - [The Guardian] Article: https://www.theguardian.com/environment/2026/feb/06/weather-tracker-storm-leonardo-europe-portugal-spain-northern-africa
2026-02-09 02:44:45,454 - INFO - [The Guardian] Attempt 1/1: Trying with 'requests_browser' strategy...
2026-02-09 02:44:45,485 - INFO - [The Guardian] Success with 'requests_browser'. Found content (438 words).
2026-02-09 02:44:45,521 - INFO - Duplicate article skipped: Weather tracker: Storm Leonardo continues to batter Europe and northern Africa | Europe | The Guardian from The Guardian
2026-02-09 02:44:45,537 - INFO - [BBC] Article: https://www.bbc.com/news/articles/cn87l12e4xeo?at_medium=RSS&at_campaign=rss
2026-02-09 02:44:45,537 - INFO - [BBC] Attempt 1/1: Trying with 'requests_browser' strategy...
2026-02-09 02:44:45,577 - INFO - [BBC] Success with 'requests_browser'. Found content (295 words).
2026-02-09 02:44:45,615 - INFO - Duplicate article skipped: France murder trial complicated by twin brothers with same DNA from BBC
2026-02-09 02:44:46,162 - INFO - [The Guardian] Article: https://www.theguardian.com/world/2026/feb/05/nigeria-sends-troops-to-villages-attacked-by-jihadist-fighters
2026-02-09 02:44:46,163 - INFO - [The Guardian] Attempt 1/1: Trying with 'requests_browser' strategy...
2026-02-09 02:44:46,165 - INFO - [BBC] Article: https://www.bbc.com/sport/articles/c98q5g51z4no?at_medium=RSS&at_campaign=rss
2026-02-09 02:44:46,165 - INFO - [BBC] Attempt 1/1: Trying with 'requests_browser' strategy...
2026-02-09 02:44:46,203 - INFO - [The Guardian] Success with 'requests_browser'. Found content (663 words).
2026-02-09 02:44:46,241 - INFO - Duplicate article skipped: ‘They killed my sons’: chief of Nigerian village where jihadists massacred hundreds recounts night of terror | Nigeria | The Guardian from The Guardian
2026-02-09 02:44:46,254 - INFO - [BBC] Success with 'requests_browser'. Found content (981 words).
2026-02-09 02:44:46,314 - INFO - Duplicate article skipped: Lindsey Vonn: American crashes out in women's downhill at Winter Olympics as Breezy Johnson wins gold - BBC Sport from BBC
2026-02-09 02:44:47,038 - INFO - [The Guardian] Article: https://www.theguardian.com/world/2026/feb/04/gunmen-west-nigeria-attack-red-cross
2026-02-09 02:44:47,038 - INFO - [The Guardian] Attempt 1/1: Trying with 'requests_browser' strategy...
2026-02-09 02:44:47,083 - INFO - [The Guardian] Success with 'requests_browser'. Found content (881 words).
2026-02-09 02:44:47,125 - INFO - Duplicate article skipped: Gunmen kill more than 160 people in attacks on two west Nigeria villages | Nigeria | The Guardian from The Guardian
2026-02-09 02:44:47,379 - INFO - [BBC] Article: https://www.bbc.com/news/articles/ce9y99eg0nno?at_medium=RSS&at_campaign=rss
2026-02-09 02:44:47,379 - INFO - [BBC] Attempt 1/1: Trying with 'requests_browser' strategy...
2026-02-09 02:44:47,431 - INFO - [BBC] Success with 'requests_browser'. Found content (676 words).
2026-02-09 02:44:47,469 - INFO - Duplicate article skipped: Savannah Guthrie says 'we will pay' for mother's safe return from BBC
2026-02-09 02:44:48,303 - INFO - [The Guardian] Article: https://www.theguardian.com/world/2026/feb/08/canada-alberta-separatism-join-us
2026-02-09 02:44:48,303 - INFO - [The Guardian] Attempt 1/1: Trying with 'requests_browser' strategy...
2026-02-09 02:44:48,337 - INFO - [The Guardian] Success with 'requests_browser'. Found content (798 words).
2026-02-09 02:44:48,346 - INFO - [BBC] Article: https://www.bbc.com/news/articles/ce820zz8jl6o?at_medium=RSS&at_campaign=rss
2026-02-09 02:44:48,346 - INFO - [BBC] Attempt 1/1: Trying with 'requests_browser' strategy...
2026-02-09 02:44:48,375 - INFO - Duplicate article skipped: Canada is no stranger to separatism but push for Alberta to join US is a new peril | Canada | The Guardian from The Guardian
2026-02-09 02:44:48,410 - INFO - [BBC] Success with 'requests_browser'. Found content (495 words).
2026-02-09 02:44:48,448 - INFO - Duplicate article skipped: Venezuela frees high-profile opposition figure Juan Pablo Guanipa from BBC
2026-02-09 02:44:49,053 - INFO - [BBC] Article: https://www.bbc.com/news/articles/clygw161wzvo?at_medium=RSS&at_campaign=rss
2026-02-09 02:44:49,053 - INFO - [BBC] Attempt 1/1: Trying with 'requests_browser' strategy...
2026-02-09 02:44:49,102 - INFO - [BBC] Success with 'requests_browser'. Found content (661 words).
2026-02-09 02:44:49,141 - INFO - Duplicate article skipped: Iranian Nobel laureate Narges Mohammadi handed further prison sentence, lawyer says from BBC
2026-02-09 02:44:49,254 - INFO - [The Guardian] Article: https://www.theguardian.com/environment/2026/feb/07/bermuda-snail-thought-to-be-extinct-now-thrives-after-a-decades-effort
2026-02-09 02:44:49,254 - INFO - [The Guardian] Attempt 1/1: Trying with 'requests_browser' strategy...
2026-02-09 02:44:49,356 - INFO - [The Guardian] Success with 'requests_browser'. Found content (436 words).
2026-02-09 02:44:49,391 - INFO - Duplicate article skipped: Bermuda snail thought to be extinct now thrives after a decade’s effort | Wildlife | The Guardian from The Guardian
2026-02-09 02:44:50,529 - INFO - [The Guardian] Article: https://www.theguardian.com/world/2026/feb/07/china-overturns-death-sentence-of-canadian-robert-lloyd-schellenberg-in-sign-of-diplomatic-thaw
2026-02-09 02:44:50,529 - INFO - [The Guardian] Attempt 1/1: Trying with 'requests_browser' strategy...
2026-02-09 02:44:50,563 - INFO - [The Guardian] Success with 'requests_browser'. Found content (526 words).
2026-02-09 02:44:50,571 - INFO - [BBC] Article: https://www.bbc.com/news/articles/cdxg6rqge2lo?at_medium=RSS&at_campaign=rss
2026-02-09 02:44:50,571 - INFO - [BBC] Attempt 1/1: Trying with 'requests_browser' strategy...
2026-02-09 02:44:50,600 - INFO - Duplicate article skipped: China overturns death sentence of Canadian in sign of diplomatic thaw | China | The Guardian from The Guardian
2026-02-09 02:44:50,621 - INFO - [BBC] Success with 'requests_browser'. Found content (284 words).
2026-02-09 02:44:50,655 - INFO - Duplicate article skipped: Centre-left candidate poised to comfortably win Portuguese presidency from BBC
2026-02-09 02:44:50,811 - INFO - Selenium driver initialized successfully.
2026-02-09 02:44:50,811 - INFO - Selenium driver initialized successfully.
2026-02-09 02:44:50,811 - INFO - Starting scrape for The Hindu RSS feed: https://www.thehindu.com/news/national/feeder/default.rss
2026-02-09 02:44:50,811 - INFO - Starting scrape for Times of India RSS feed: https://timesofindia.indiatimes.com/rssfeeds/296589292.cms
2026-02-09 02:44:50,929 - INFO - Found 20 articles in Times of India RSS feed. Processing up to 10.
2026-02-09 02:44:50,929 - INFO - [Times of India] Article: https://timesofindia.indiatimes.com/world/rest-of-world/japans-takaichi-wins-landslide-clears-way-for-hardline-agenda/articleshow/128092338.cms
2026-02-09 02:44:50,929 - INFO - [Times of India] Attempt 1/1: Trying with 'selenium_browser' strategy...
2026-02-09 02:44:50,968 - INFO - Found 100 articles in The Hindu RSS feed. Processing up to 10.
2026-02-09 02:44:50,968 - INFO - [The Hindu] Article: https://www.thehindu.com/news/national/kerala/vypeen-munambam-road-turns-a-death-trap/article70608097.ece
2026-02-09 02:44:50,968 - INFO - [The Hindu] Attempt 1/1: Trying with 'selenium_browser' strategy...
2026-02-09 02:44:51,482 - INFO - [BBC] Article: https://www.bbc.com/news/articles/c3vevxnw9pko?at_medium=RSS&at_campaign=rss
2026-02-09 02:44:51,482 - INFO - [BBC] Attempt 1/1: Trying with 'requests_browser' strategy...
2026-02-09 02:44:51,539 - INFO - [BBC] Success with 'requests_browser'. Found content (599 words).
2026-02-09 02:44:51,586 - INFO - Duplicate article skipped: Christchurch shooter seeks to overturn guilty plea from BBC
2026-02-09 02:44:51,652 - INFO - [The Guardian] Article: https://www.theguardian.com/us-news/2026/feb/06/trump-proclamation-us-imports-argentine-beef
2026-02-09 02:44:51,652 - INFO - [The Guardian] Attempt 1/1: Trying with 'requests_browser' strategy...
2026-02-09 02:44:51,695 - INFO - [The Guardian] Success with 'requests_browser'. Found content (303 words).
2026-02-09 02:44:51,744 - INFO - Duplicate article skipped: Trump signs proclamation to increase US imports of beef from Argentina | Donald Trump | The Guardian from The Guardian
2026-02-09 02:44:52,720 - INFO - [The Guardian] Article: https://www.theguardian.com/world/2026/feb/06/canada-and-france-open-greenland-consulates-in-show-of-denmark-support
2026-02-09 02:44:52,720 - INFO - [The Guardian] Attempt 1/1: Trying with 'requests_browser' strategy...
2026-02-09 02:44:52,924 - INFO - [The Guardian] Success with 'requests_browser'. Found content (352 words).
2026-02-09 02:44:53,040 - INFO - Duplicate article skipped: Canada and France open Greenland consulates in show of Denmark support | Greenland | The Guardian from The Guardian
2026-02-09 02:44:54,807 - INFO - [The Hindu] Page content loaded.
2026-02-09 02:44:55,009 - INFO - [The Hindu] Success with 'selenium_browser'. Found content (417 words).
2026-02-09 02:44:55,436 - INFO - Saved article: Vypeen-Munambam road turns a death trap - The Hindu from The Hindu
2026-02-09 02:44:56,230 - INFO - [The Hindu] Article: https://www.thehindu.com/news/national/telangana/history-sheeter-booked-for-cheating-and-criminal-intimidation/article70607831.ece
2026-02-09 02:44:56,230 - INFO - [The Hindu] Attempt 1/1: Trying with 'selenium_browser' strategy...
2026-02-09 02:44:59,964 - INFO - [The Hindu] Page content loaded.
2026-02-09 02:45:00,171 - INFO - [The Hindu] Success with 'selenium_browser'. Found content (138 words).
2026-02-09 02:45:00,361 - INFO - Saved article: History-sheeter booked for cheating and criminal intimidation - The Hindu from The Hindu
2026-02-09 02:45:01,463 - INFO - [The Hindu] Article: https://www.thehindu.com/news/national/telangana/bhatti-tears-into-brs-on-penultimate-day-of-electioneering/article70607961.ece
2026-02-09 02:45:01,463 - INFO - [The Hindu] Attempt 1/1: Trying with 'selenium_browser' strategy...
2026-02-09 02:45:02,750 - INFO - [The Hindu] Page content loaded.
2026-02-09 02:45:03,017 - INFO - [The Hindu] Success with 'selenium_browser'. Found content (243 words).
2026-02-09 02:45:03,134 - INFO - Saved article: Telangana: Bhatti tears into BRS on penultimate day of electioneering - The Hindu from The Hindu
2026-02-09 02:45:04,427 - INFO - [The Hindu] Article: https://www.thehindu.com/news/national/telangana/hyderabad-police-commissioner-presents-awards-to-1446-personnel-introduces-extra-mile-recognition/article70607861.ece
2026-02-09 02:45:04,427 - INFO - [The Hindu] Attempt 1/1: Trying with 'selenium_browser' strategy...
2026-02-09 02:45:05,320 - INFO - [The Hindu] Page content loaded.
2026-02-09 02:45:05,670 - INFO - [The Hindu] Success with 'selenium_browser'. Found content (162 words).
2026-02-09 02:45:05,803 - INFO - Saved article: Telangana: Hyderabad police commissioner presents awards to 1,446 personnel - The Hindu from The Hindu
2026-02-09 02:45:06,854 - INFO - [The Hindu] Article: https://www.thehindu.com/news/national/tamil-nadu/artists-perform-at-weekly-cultural-programme-on-marina-blue-flag-beach/article70608569.ece
2026-02-09 02:45:06,854 - INFO - [The Hindu] Attempt 1/1: Trying with 'selenium_browser' strategy...
2026-02-09 02:45:07,790 - INFO - [The Hindu] Page content loaded.
2026-02-09 02:45:07,890 - INFO - [The Hindu] Success with 'selenium_browser'. Found content (105 words).
2026-02-09 02:45:07,975 - INFO - Saved article: Artists perform at weekly cultural programme on Marina Blue Flag beach - The Hindu from The Hindu
2026-02-09 02:45:08,652 - INFO - [The Hindu] Article: https://www.thehindu.com/sci-tech/science/budget-could-cut-reliance-on-foreign-telescope-trips-on-space-spending/article70607109.ece
2026-02-09 02:45:08,652 - INFO - [The Hindu] Attempt 1/1: Trying with 'selenium_browser' strategy...
2026-02-09 02:45:10,184 - INFO - [The Hindu] Page content loaded.
2026-02-09 02:45:10,251 - INFO - [The Hindu] Success with 'selenium_browser'. Found content (974 words).
2026-02-09 02:45:10,309 - INFO - Saved article: Budget may cut reliance on foreign telescopes; trips on space spending - The Hindu from The Hindu
2026-02-09 02:45:11,657 - INFO - [The Hindu] Article: https://www.thehindu.com/news/cities/chennai/rameswaram-airport-aai-submits-pre-feasibility-report-finds-site-near-keelakarai-feasible/article70607311.ece
2026-02-09 02:45:11,657 - INFO - [The Hindu] Attempt 1/1: Trying with 'selenium_browser' strategy...
2026-02-09 02:45:12,972 - INFO - [The Hindu] Page content loaded.
2026-02-09 02:45:13,070 - INFO - [The Hindu] Success with 'selenium_browser'. Found content (375 words).
2026-02-09 02:45:13,180 - INFO - Saved article: Rameswaram airport: AAI submits pre-feasibility report, finds site near Keelakarai feasible - The Hindu from The Hindu
2026-02-09 02:45:14,121 - INFO - [The Hindu] Article: https://www.thehindu.com/news/national/punjab/aap-leaders-accuse-congress-bajwa-of-making-derogatory-remark-against-punjab-cabinet-minister/article70608820.ece
2026-02-09 02:45:14,121 - INFO - [The Hindu] Attempt 1/1: Trying with 'selenium_browser' strategy...
2026-02-09 02:45:15,453 - INFO - [The Hindu] Page content loaded.
2026-02-09 02:45:15,523 - INFO - [The Hindu] Success with 'selenium_browser'. Found content (585 words).
2026-02-09 02:45:15,585 - INFO - Saved article: AAP slams Congress’ Partap Singh Bajwa for making derogatory remark against Punjab Cabinet Minister Harbhajan Singh - The Hindu from The Hindu
2026-02-09 02:45:16,643 - INFO - [The Hindu] Article: https://www.thehindu.com/news/national/uttar-pradesh/missing-sub-inspector-from-ups-basti-found-dead-in-ayodhya-probe-on/article70608706.ece
2026-02-09 02:45:16,643 - INFO - [The Hindu] Attempt 1/1: Trying with 'selenium_browser' strategy...
2026-02-09 02:45:17,396 - INFO - [The Hindu] Page content loaded.
2026-02-09 02:45:17,509 - INFO - [The Hindu] Success with 'selenium_browser'. Found content (283 words).
2026-02-09 02:45:17,597 - INFO - Saved article: Missing sub-inspector from U.P.’s Basti found dead in Ayodhya; probe on - The Hindu from The Hindu
2026-02-09 02:45:18,538 - INFO - [The Hindu] Article: https://www.thehindu.com/news/national/tripura/man-critically-injured-in-elephant-attack-in-tripura/article70608707.ece
2026-02-09 02:45:18,539 - INFO - [The Hindu] Attempt 1/1: Trying with 'selenium_browser' strategy...
2026-02-09 02:45:20,340 - INFO - [The Hindu] Page content loaded.
2026-02-09 02:45:20,406 - INFO - [The Hindu] Success with 'selenium_browser'. Found content (203 words).
2026-02-09 02:45:20,469 - INFO - Duplicate article skipped: Man critically injured in elephant attack in Tripura - The Hindu from The Hindu
2026-02-09 02:45:21,805 - INFO - [The Hindu] (Thread) Finished. Attempting to shut down its Selenium driver.
2026-02-09 02:45:21,927 - INFO - [The Hindu] (Thread) driver.quit() successful.
2026-02-09 02:45:50,954 - ERROR - [Times of India] Request failed for strategy 'selenium_browser' on URL https://timesofindia.indiatimes.com/world/rest-of-world/japans-takaichi-wins-landslide-clears-way-for-hardline-agenda/articleshow/128092338.cms: Message: timeout: Timed out receiving message from renderer: 59.913
  (Session info: chrome=144.0.7559.109)
Stacktrace:
#0 0x563d10d964ba <unknown>
#1 0x563d107ff492 <unknown>
#2 0x563d107e6b47 <unknown>
#3 0x563d107e6756 <unknown>
#4 0x563d107e4271 <unknown>
#5 0x563d107e4bff <unknown>
#6 0x563d107f4150 <unknown>
#7 0x563d1080e147 <unknown>
#8 0x563d1081534b <unknown>
#9 0x563d107e5369 <unknown>
#10 0x563d1080deda <unknown>
#11 0x563d1089da78 <unknown>
#12 0x563d108466a2 <unknown>
#13 0x563d10847491 <unknown>
#14 0x563d10d5c479 <unknown>
#15 0x563d10d5f391 <unknown>
#16 0x563d10d48a89 <unknown>
#17 0x563d10d5ff4e <unknown>
#18 0x563d10d2f070 <unknown>
#19 0x563d10d83ca8 <unknown>
#20 0x563d10d83e78 <unknown>
#21 0x563d10d95828 <unknown>
#22 0x7fa80389caa4 <unknown>
#23 0x7fa803929c6c <unknown>

2026-02-09 02:45:50,954 - ERROR - [Times of India] All scrape strategies failed for https://timesofindia.indiatimes.com/world/rest-of-world/japans-takaichi-wins-landslide-clears-way-for-hardline-agenda/articleshow/128092338.cms. Falling back to RSS description.
2026-02-09 02:45:50,956 - INFO - Saved article: Japan’s Takaichi wins landslide, clears way for hardline agenda from Times of India
2026-02-09 02:45:52,038 - INFO - [Times of India] Article: https://timesofindia.indiatimes.com/world/uk/starmers-top-aide-quits-over-mandelson-fallout-pressure-mounts-on-pm/articleshow/128090629.cms
2026-02-09 02:45:52,038 - INFO - [Times of India] Attempt 1/1: Trying with 'selenium_browser' strategy...
2026-02-09 02:46:03,063 - WARNING - [Times of India] Page timed out (10s). No <p> tags found. Proceeding anyway.
2026-02-09 02:46:03,235 - INFO - [Times of India] Success with 'selenium_browser'. Found content (350 words).
2026-02-09 02:46:03,374 - INFO - Saved article: Starmer's top aide quits over Mandelson fallout, pressure mounts on PM - The Times of India from Times of India
2026-02-09 02:46:04,224 - INFO - [Times of India] Article: https://timesofindia.indiatimes.com/world/us/apps-to-boycott-us-goods-gain-traction-amid-trumps-threats-to-greenland/articleshow/128090506.cms
2026-02-09 02:46:04,224 - INFO - [Times of India] Attempt 1/1: Trying with 'selenium_browser' strategy...
2026-02-09 02:46:15,398 - WARNING - [Times of India] Page timed out (10s). No <p> tags found. Proceeding anyway.
2026-02-09 02:46:15,555 - INFO - [Times of India] Success with 'selenium_browser'. Found content (537 words).
2026-02-09 02:46:15,646 - INFO - Saved article: Apps to boycott US goods gain traction amid Trump's threats to Greenland - The Times of India from Times of India
2026-02-09 02:46:16,423 - INFO - [Times of India] Article: https://timesofindia.indiatimes.com/world/us-streamers/stableronaldo-sparks-controversy-after-pointing-gun-on-irl-stream/articleshow/128084640.cms
2026-02-09 02:46:16,423 - INFO - [Times of India] Attempt 1/1: Trying with 'selenium_browser' strategy...
2026-02-09 02:46:16,922 - INFO - [Times of India] Page content loaded.
2026-02-09 02:46:17,042 - INFO - [Times of India] Success with 'selenium_browser'. Found content (389 words).
2026-02-09 02:46:17,096 - INFO - Saved article: StableRonaldo sparks controversy after pointing gun on IRL stream - The Times of India from Times of India
2026-02-09 02:46:18,343 - INFO - [Times of India] Article: https://timesofindia.indiatimes.com/etimes/trending/99-of-jobs-could-vanish-by-2027-only-5-types-may-survive-warns-ai-expert/articleshow/128084606.cms
2026-02-09 02:46:18,344 - INFO - [Times of India] Attempt 1/1: Trying with 'selenium_browser' strategy...
2026-02-09 02:46:30,131 - WARNING - [Times of India] Page timed out (10s). No <p> tags found. Proceeding anyway.
2026-02-09 02:46:30,270 - INFO - [Times of India] Success with 'selenium_browser'. Found content (895 words).
2026-02-09 02:46:30,349 - INFO - Duplicate article skipped: 99% of jobs could vanish by 2027 – only 5 types may survive, warns AI expert | - The Times of India from Times of India
2026-02-09 02:46:31,694 - INFO - [Times of India] Article: https://timesofindia.indiatimes.com/world/us/americas-elections-are-rigged-stolen-trump-renews-claims-warns-us-must-fix-system-or-lose-country/articleshow/128085069.cms
2026-02-09 02:46:31,694 - INFO - [Times of India] Attempt 1/1: Trying with 'selenium_browser' strategy...
2026-02-09 02:46:32,150 - INFO - [Times of India] Page content loaded.
2026-02-09 02:46:32,318 - INFO - [Times of India] Success with 'selenium_browser'. Found content (378 words).
2026-02-09 02:46:32,379 - INFO - Duplicate article skipped: ‘America’s elections are rigged, stolen’: Trump renews claims, warns US must fix system or lose country - The Times of India from Times of India
2026-02-09 02:46:33,165 - INFO - [Times of India] Article: https://timesofindia.indiatimes.com/world/rest-of-world/from-remembrance-to-ashes-memorial-for-41-victims-of-swiss-nightclub-fire-goes-up-in-flames/articleshow/128085222.cms
2026-02-09 02:46:33,166 - INFO - [Times of India] Attempt 1/1: Trying with 'selenium_browser' strategy...
2026-02-09 02:46:33,925 - INFO - [Times of India] Page content loaded.
2026-02-09 02:46:34,074 - INFO - [Times of India] Success with 'selenium_browser'. Found content (357 words).
2026-02-09 02:46:34,136 - INFO - Duplicate article skipped: From remembrance to ashes: Memorial for 41 victims of Swiss nightclub fire goes up in flames - The Times of India from Times of India
2026-02-09 02:46:35,452 - INFO - [Times of India] Article: https://timesofindia.indiatimes.com/world/rest-of-world/australia-moves-to-ban-pro-palestinian-slogan-under-law-carrying-up-to-2-years-in-jail/articleshow/128072751.cms
2026-02-09 02:46:35,452 - INFO - [Times of India] Attempt 1/1: Trying with 'selenium_browser' strategy...
2026-02-09 02:46:36,245 - INFO - [Times of India] Page content loaded.
2026-02-09 02:46:36,374 - INFO - [Times of India] Success with 'selenium_browser'. Found content (634 words).
2026-02-09 02:46:36,457 - INFO - Duplicate article skipped: Australia moves to ban pro-Palestinian slogan and symbols under law carrying up to 2 years in jail - The Times of India from Times of India
2026-02-09 02:46:37,002 - INFO - [Times of India] Article: https://timesofindia.indiatimes.com/world/uk/queen-elizabeths-response-to-prince-andrews-epstein-links-revealed-full-support-from-mum/articleshow/128077522.cms
2026-02-09 02:46:37,002 - INFO - [Times of India] Attempt 1/1: Trying with 'selenium_browser' strategy...
2026-02-09 02:46:37,791 - INFO - [Times of India] Page content loaded.
2026-02-09 02:46:37,981 - INFO - [Times of India] Success with 'selenium_browser'. Found content (683 words).
2026-02-09 02:46:38,032 - INFO - Duplicate article skipped: Queen Elizabeth's response to Prince Andrew's Epstein links revealed: 'Full support from mum' | World News - The Times of India from Times of India
2026-02-09 02:46:39,319 - INFO - [Times of India] Article: https://timesofindia.indiatimes.com/world/us/did-everything-right-still-failed-indian-student-plans-to-leave-us-after-job-hunt-stalls/articleshow/128083827.cms
2026-02-09 02:46:39,319 - INFO - [Times of India] Attempt 1/1: Trying with 'selenium_browser' strategy...
2026-02-09 02:46:39,982 - INFO - [Times of India] Page content loaded.
2026-02-09 02:46:40,111 - INFO - [Times of India] Success with 'selenium_browser'. Found content (222 words).
2026-02-09 02:46:40,218 - INFO - Duplicate article skipped: ‘Did everything right, still failed’: Indian student plans to leave US after job hunt stalls - The Times of India from Times of India
2026-02-09 02:46:41,707 - INFO - [Times of India] (Thread) Finished. Attempting to shut down its Selenium driver.
2026-02-09 02:46:42,015 - INFO - [Times of India] (Thread) driver.quit() successful.
2026-02-09 02:46:42,015 - INFO - Shutting down thread pool (wait=False)...
2026-02-09 02:46:42,015 - INFO - Scraped: 9 The Hindu, 0 The Guardian, 0 BBC, 4 Times of India articles. (Total saved: 13)
2026-02-09 02:46:42,015 - INFO - --- Scraping job finished ---
2026-02-09 02:46:42,020 - INFO - --- Scraper service stopped and database connection closed. ---
2026-02-09 02:46:42,020 - INFO - --- Main thread finished. Forcing process exit to kill zombie threads. ---
