2026-01-22 18:41:45,706 - INFO - Initializing database connection at: news_articles.db
2026-01-22 18:41:45,706 - INFO - --- Scraper service started (CI Mode: Run Once) ---
2026-01-22 18:41:45,706 - INFO - --- Starting new scraping job (Parallel Mode) ---
2026-01-22 18:41:45,706 - INFO - Creating new robust session with 3 retries on 5xx/connection/read errors.
2026-01-22 18:41:45,707 - INFO - Proxy is DISABLED.
2026-01-22 18:41:45,707 - INFO - Starting scrape for BBC RSS feed: http://feeds.bbci.co.uk/news/world/rss.xml
2026-01-22 18:41:45,707 - INFO - [Times of India] (Thread) requires Selenium. Initializing driver...
2026-01-22 18:41:45,707 - INFO - Initializing headless Selenium Chrome driver (using SeleniumManager)...
2026-01-22 18:41:45,708 - INFO - Starting scrape for The Guardian RSS feed: https://www.theguardian.com/world/rss
2026-01-22 18:41:45,708 - INFO - [The Hindu] (Thread) requires Selenium. Initializing driver...
2026-01-22 18:41:45,708 - INFO - Initializing headless Selenium Chrome driver (using SeleniumManager)...
2026-01-22 18:41:45,709 - INFO - Submitted 4 jobs to thread pool. Waiting up to 300s for completion...
2026-01-22 18:41:45,798 - INFO - Found 45 articles in The Guardian RSS feed. Processing up to 10.
2026-01-22 18:41:45,799 - INFO - [The Guardian] Article: https://www.theguardian.com/global-development/2026/jan/22/actionaid-rethink-child-sponsorship-decolonise-funding
2026-01-22 18:41:45,799 - INFO - [The Guardian] Attempt 1/1: Trying with 'requests_browser' strategy...
2026-01-22 18:41:45,826 - INFO - [The Guardian] Success with 'requests_browser'. Found content (688 words).
2026-01-22 18:41:45,861 - INFO - Duplicate article skipped: ActionAid to rethink child sponsorship as part of plan to ‘decolonise’ its work | Global development | The Guardian from The Guardian
2026-01-22 18:41:45,951 - INFO - Found 31 articles in BBC RSS feed. Processing up to 10.
2026-01-22 18:41:45,952 - INFO - [BBC] Article: https://www.bbc.com/news/articles/c4g44r22j5jo?at_medium=RSS&at_campaign=rss
2026-01-22 18:41:45,952 - INFO - [BBC] Attempt 1/1: Trying with 'requests_browser' strategy...
2026-01-22 18:41:46,073 - INFO - [BBC] Success with 'requests_browser'. Found content (668 words).
2026-01-22 18:41:46,110 - INFO - Duplicate article skipped: US optimistic on end to war as Zelensky says Ukraine to talk to US and Russia from BBC
2026-01-22 18:41:47,136 - INFO - [The Guardian] Article: https://www.theguardian.com/us-news/2026/jan/20/us-diplomats-urged-to-remind-african-leaders-of-us-generosity-despite-usaid-closing
2026-01-22 18:41:47,136 - INFO - [The Guardian] Attempt 1/1: Trying with 'requests_browser' strategy...
2026-01-22 18:41:47,164 - INFO - [The Guardian] Success with 'requests_browser'. Found content (797 words).
2026-01-22 18:41:47,200 - INFO - Duplicate article skipped: Head of US Africa bureau urges staff to highlight US ‘generosity’ despite aid cuts | US foreign policy | The Guardian from The Guardian
2026-01-22 18:41:47,274 - INFO - [BBC] Article: https://www.bbc.com/news/articles/cdexxr2y907o?at_medium=RSS&at_campaign=rss
2026-01-22 18:41:47,274 - INFO - [BBC] Attempt 1/1: Trying with 'requests_browser' strategy...
2026-01-22 18:41:47,306 - INFO - [BBC] Success with 'requests_browser'. Found content (489 words).
2026-01-22 18:41:47,360 - INFO - Saved article: France seizes suspected Russian 'shadow fleet' tanker in the Mediterranean from BBC
2026-01-22 18:41:47,894 - INFO - [The Guardian] Article: https://www.theguardian.com/global-development/2026/jan/19/brazen-political-influence-rich-laid-bare-wealth-billionaires-inequality-poverty-instability-oxfam
2026-01-22 18:41:47,894 - INFO - [The Guardian] Attempt 1/1: Trying with 'requests_browser' strategy...
2026-01-22 18:41:47,917 - INFO - [The Guardian] Success with 'requests_browser'. Found content (639 words).
2026-01-22 18:41:47,955 - INFO - Duplicate article skipped: ‘Brazen’ political influence of rich laid bare as wealth of billionaires reaches $18.3tn, says Oxfam | Global development | The Guardian from The Guardian
2026-01-22 18:41:48,221 - INFO - [BBC] Article: https://www.bbc.com/news/articles/cwyrrqwxpz7o?at_medium=RSS&at_campaign=rss
2026-01-22 18:41:48,221 - INFO - [BBC] Attempt 1/1: Trying with 'requests_browser' strategy...
2026-01-22 18:41:48,251 - INFO - [BBC] Success with 'requests_browser'. Found content (665 words).
2026-01-22 18:41:48,293 - INFO - Saved article: ICE detains 5-year-old and father in Minnesota, lawyer says from BBC
2026-01-22 18:41:49,182 - INFO - [BBC] Article: https://www.bbc.com/news/articles/ckgjjy55x2mo?at_medium=RSS&at_campaign=rss
2026-01-22 18:41:49,182 - INFO - [BBC] Attempt 1/1: Trying with 'requests_browser' strategy...
2026-01-22 18:41:49,207 - INFO - [BBC] Success with 'requests_browser'. Found content (466 words).
2026-01-22 18:41:49,242 - INFO - Saved article: German nurse jailed for murder may face inquiry into 100 more deaths from BBC
2026-01-22 18:41:49,336 - INFO - [The Guardian] Article: https://www.theguardian.com/world/2026/jan/18/ugandas-president-calls-opponents-terrorists-in-victory-speech
2026-01-22 18:41:49,336 - INFO - [The Guardian] Attempt 1/1: Trying with 'requests_browser' strategy...
2026-01-22 18:41:49,438 - INFO - [The Guardian] Success with 'requests_browser'. Found content (533 words).
2026-01-22 18:41:49,484 - INFO - Duplicate article skipped: Uganda’s president calls opponents 'terrorists' in victory speech | Uganda | The Guardian from The Guardian
2026-01-22 18:41:50,293 - INFO - [The Guardian] Article: https://www.theguardian.com/world/2026/jan/17/yoweri-museveni-wins-ugandan-election-as-opponent-condemns-fake-result
2026-01-22 18:41:50,293 - INFO - [The Guardian] Attempt 1/1: Trying with 'requests_browser' strategy...
2026-01-22 18:41:50,323 - INFO - [The Guardian] Success with 'requests_browser'. Found content (462 words).
2026-01-22 18:41:50,370 - INFO - Duplicate article skipped: Yoweri Museveni wins Ugandan election as opponent condemns ‘fake result’ | Uganda | The Guardian from The Guardian
2026-01-22 18:41:50,629 - INFO - [BBC] Article: https://www.bbc.com/news/articles/cz0ppdjmjy9o?at_medium=RSS&at_campaign=rss
2026-01-22 18:41:50,630 - INFO - [BBC] Attempt 1/1: Trying with 'requests_browser' strategy...
2026-01-22 18:41:50,672 - INFO - [BBC] Success with 'requests_browser'. Found content (1099 words).
2026-01-22 18:41:50,747 - INFO - Saved article: Oscar nominations 2026: Vampire film Sinners breaks record from BBC
2026-01-22 18:41:50,967 - INFO - [The Guardian] Article: https://www.theguardian.com/world/2026/jan/22/canada-pilot-airline-tickets
2026-01-22 18:41:50,967 - INFO - [The Guardian] Attempt 1/1: Trying with 'requests_browser' strategy...
2026-01-22 18:41:50,988 - INFO - [The Guardian] Success with 'requests_browser'. Found content (349 words).
2026-01-22 18:41:51,033 - INFO - Saved article: Toronto man posed as pilot to rack up hundreds of free flights, prosecutors say | Canada | The Guardian from The Guardian
2026-01-22 18:41:51,360 - INFO - [BBC] Article: https://www.bbc.com/news/articles/c9311l0d40qo?at_medium=RSS&at_campaign=rss
2026-01-22 18:41:51,360 - INFO - [BBC] Attempt 1/1: Trying with 'requests_browser' strategy...
2026-01-22 18:41:51,395 - INFO - [BBC] Success with 'requests_browser'. Found content (750 words).
2026-01-22 18:41:51,432 - INFO - Duplicate article skipped: Rapid rollback of Kurdish-led forces reshapes Sharaa's Syria from BBC
2026-01-22 18:41:51,738 - INFO - [The Guardian] Article: https://www.theguardian.com/world/2026/jan/22/canada-marineland-aquarium-whales-us
2026-01-22 18:41:51,738 - INFO - [The Guardian] Attempt 1/1: Trying with 'requests_browser' strategy...
2026-01-22 18:41:51,760 - INFO - [The Guardian] Success with 'requests_browser'. Found content (316 words).
2026-01-22 18:41:51,795 - INFO - Saved article: Canada aquarium that threatened to kill its whales wants to sell them to US | Canada | The Guardian from The Guardian
2026-01-22 18:41:52,540 - INFO - [BBC] Article: https://www.bbc.com/news/articles/cp9jj1j74ggo?at_medium=RSS&at_campaign=rss
2026-01-22 18:41:52,541 - INFO - [BBC] Attempt 1/1: Trying with 'requests_browser' strategy...
2026-01-22 18:41:52,580 - INFO - [BBC] Success with 'requests_browser'. Found content (1007 words).
2026-01-22 18:41:52,628 - INFO - Duplicate article skipped: UK holds off joining Trump's peace board over Putin concerns from BBC
2026-01-22 18:41:53,162 - INFO - [The Guardian] Article: https://www.theguardian.com/world/2026/jan/22/peru-president-chinese-businessmen-secret-meeting
2026-01-22 18:41:53,162 - INFO - [The Guardian] Attempt 1/1: Trying with 'requests_browser' strategy...
2026-01-22 18:41:53,266 - INFO - [The Guardian] Success with 'requests_browser'. Found content (688 words).
2026-01-22 18:41:53,306 - INFO - Saved article: Peru’s interim president embroiled in scandal over secret meetings with Chinese businessmen | Peru | The Guardian from The Guardian
2026-01-22 18:41:53,520 - INFO - Selenium driver initialized successfully.
2026-01-22 18:41:53,520 - INFO - Starting scrape for The Hindu RSS feed: https://www.thehindu.com/news/national/feeder/default.rss
2026-01-22 18:41:53,521 - INFO - Selenium driver initialized successfully.
2026-01-22 18:41:53,521 - INFO - Starting scrape for Times of India RSS feed: https://timesofindia.indiatimes.com/rssfeeds/296589292.cms
2026-01-22 18:41:53,718 - INFO - Found 100 articles in The Hindu RSS feed. Processing up to 10.
2026-01-22 18:41:53,719 - INFO - [The Hindu] Article: https://www.thehindu.com/news/national/andhra-pradesh/startup-revolution-key-to-growth-in-space-technology-says-nrsc-director/article70537912.ece
2026-01-22 18:41:53,719 - INFO - [The Hindu] Attempt 1/1: Trying with 'selenium_browser' strategy...
2026-01-22 18:41:53,845 - INFO - Found 20 articles in Times of India RSS feed. Processing up to 10.
2026-01-22 18:41:53,845 - INFO - [Times of India] Article: https://timesofindia.indiatimes.com/world/us/piece-or-peace-elon-musk-takes-a-jab-at-donald-trumps-board-of-peace-watch/articleshow/127183469.cms
2026-01-22 18:41:53,845 - INFO - [Times of India] Attempt 1/1: Trying with 'selenium_browser' strategy...
2026-01-22 18:41:53,951 - INFO - [BBC] Article: https://www.bbc.com/news/articles/cje11x527n4o?at_medium=RSS&at_campaign=rss
2026-01-22 18:41:53,951 - INFO - [BBC] Attempt 1/1: Trying with 'requests_browser' strategy...
2026-01-22 18:41:53,984 - INFO - [The Guardian] Article: https://www.theguardian.com/world/2026/jan/22/cross-border-crackdown-illegal-gold-mining-amazon
2026-01-22 18:41:53,984 - INFO - [The Guardian] Attempt 1/1: Trying with 'requests_browser' strategy...
2026-01-22 18:41:53,991 - INFO - [BBC] Success with 'requests_browser'. Found content (714 words).
2026-01-22 18:41:54,039 - INFO - Duplicate article skipped: New Zealand: Two dead and several missing after deadly landslides from BBC
2026-01-22 18:41:54,060 - INFO - [The Guardian] Success with 'requests_browser'. Found content (442 words).
2026-01-22 18:41:54,103 - INFO - Duplicate article skipped: Nearly 200 arrested in cross-border crackdown on gold mining in Amazon | Americas | The Guardian from The Guardian
2026-01-22 18:41:54,925 - INFO - [The Guardian] Article: https://www.theguardian.com/world/2026/jan/22/delcy-rodriguez-capture-maduro-venezuela
2026-01-22 18:41:54,925 - INFO - [The Guardian] Attempt 1/1: Trying with 'requests_browser' strategy...
2026-01-22 18:41:54,969 - INFO - [The Guardian] Success with 'requests_browser'. Found content (922 words).
2026-01-22 18:41:55,055 - INFO - Duplicate article skipped: Venezuela’s Delcy Rodríguez assured US of cooperation before Maduro’s capture | Venezuela | The Guardian from The Guardian
2026-01-22 18:41:55,224 - INFO - [BBC] Article: https://www.bbc.com/news/articles/cx2yy8z91n4o?at_medium=RSS&at_campaign=rss
2026-01-22 18:41:55,224 - INFO - [BBC] Attempt 1/1: Trying with 'requests_browser' strategy...
2026-01-22 18:41:55,275 - INFO - [BBC] Success with 'requests_browser'. Found content (397 words).
2026-01-22 18:41:55,372 - INFO - Duplicate article skipped: Japan suspends world's largest nuclear plant hours after restart from BBC
2026-01-22 18:41:56,455 - INFO - [BBC] Article: https://www.bbc.com/news/articles/c4g00mv29j5o?at_medium=RSS&at_campaign=rss
2026-01-22 18:41:56,456 - INFO - [BBC] Attempt 1/1: Trying with 'requests_browser' strategy...
2026-01-22 18:41:56,588 - INFO - [BBC] Success with 'requests_browser'. Found content (233 words).
2026-01-22 18:41:56,807 - INFO - Duplicate article skipped: Australia: Three dead in New South Wales shooting from BBC
2026-01-22 18:41:57,595 - INFO - [The Hindu] Page content loaded.
2026-01-22 18:41:57,697 - INFO - [The Hindu] Success with 'selenium_browser'. Found content (217 words).
2026-01-22 18:41:57,807 - INFO - Saved article: Startup revolution key to growth in space technology, says NRSC Director - The Hindu from The Hindu
2026-01-22 18:41:59,016 - INFO - [The Hindu] Article: https://www.thehindu.com/news/national/andhra-pradesh/woman-paramour-held-for-murdering-husband-in-guntur-district/article70537118.ece
2026-01-22 18:41:59,016 - INFO - [The Hindu] Attempt 1/1: Trying with 'selenium_browser' strategy...
2026-01-22 18:42:05,296 - INFO - [The Hindu] Page content loaded.
2026-01-22 18:42:05,405 - INFO - [The Hindu] Success with 'selenium_browser'. Found content (203 words).
2026-01-22 18:42:05,585 - INFO - Saved article: Woman, paramour held for ‘murdering’ husband in Guntur district - The Hindu from The Hindu
2026-01-22 18:42:06,768 - INFO - [The Hindu] Article: https://www.thehindu.com/news/national/andhra-pradesh/murder-of-ysrcp-follower-triggers-political-row-in-palnadu/article70537149.ece
2026-01-22 18:42:06,768 - INFO - [The Hindu] Attempt 1/1: Trying with 'selenium_browser' strategy...
2026-01-22 18:42:09,332 - INFO - [The Hindu] Page content loaded.
2026-01-22 18:42:09,743 - INFO - [The Hindu] Success with 'selenium_browser'. Found content (255 words).
2026-01-22 18:42:09,965 - INFO - Saved article: ‘Murder’ of YSRCP follower triggers political row in Palnadu - The Hindu from The Hindu
2026-01-22 18:42:11,314 - INFO - [The Hindu] Article: https://www.thehindu.com/news/national/andhra-pradesh/command-control-centre-at-dr-ntruhs-to-monitor-exams-in-ap-medical-colleges/article70538760.ece
2026-01-22 18:42:11,315 - INFO - [The Hindu] Attempt 1/1: Trying with 'selenium_browser' strategy...
2026-01-22 18:42:14,243 - INFO - [The Hindu] Page content loaded.
2026-01-22 18:42:14,317 - INFO - [The Hindu] Success with 'selenium_browser'. Found content (245 words).
2026-01-22 18:42:14,427 - INFO - Saved article: Command control centre at Dr. NTRUHS to monitor exams in A.P. medical colleges - The Hindu from The Hindu
2026-01-22 18:42:15,817 - INFO - [The Hindu] Article: https://www.thehindu.com/news/national/tamil-nadu/stalins-2011-election-sc-to-examine-if-cds-showing-alleged-malpractice-have-been-authenticated-under-evidence-act/article70539614.ece
2026-01-22 18:42:15,817 - INFO - [The Hindu] Attempt 1/1: Trying with 'selenium_browser' strategy...
2026-01-22 18:42:16,453 - INFO - [The Hindu] Page content loaded.
2026-01-22 18:42:16,498 - INFO - [The Hindu] Success with 'selenium_browser'. Found content (349 words).
2026-01-22 18:42:16,573 - INFO - Saved article: Stalin’s 2011 election: SC to examine if CDs showing alleged malpractice have been authenticated under Evidence Act - The Hindu from The Hindu
2026-01-22 18:42:17,909 - INFO - [The Hindu] Article: https://www.thehindu.com/news/national/pm-modi-speaks-to-brazils-lula-says-ties-key-for-interests-of-global-south/article70539605.ece
2026-01-22 18:42:17,909 - INFO - [The Hindu] Attempt 1/1: Trying with 'selenium_browser' strategy...
2026-01-22 18:42:18,770 - INFO - [The Hindu] Page content loaded.
2026-01-22 18:42:18,900 - INFO - [The Hindu] Success with 'selenium_browser'. Found content (238 words).
2026-01-22 18:42:18,988 - INFO - Saved article: PM Modi speaks to Brazil's Lula, says ties key for interests of Global South - The Hindu from The Hindu
2026-01-22 18:42:19,987 - INFO - [The Hindu] Article: https://www.thehindu.com/news/cities/bangalore/team-of-four-officers-to-conduct-preliminary-inquiry-against-ramachandra-rao/article70537889.ece
2026-01-22 18:42:19,987 - INFO - [The Hindu] Attempt 1/1: Trying with 'selenium_browser' strategy...
2026-01-22 18:42:22,745 - INFO - [The Hindu] Page content loaded.
2026-01-22 18:42:22,949 - INFO - [The Hindu] Success with 'selenium_browser'. Found content (205 words).
2026-01-22 18:42:23,092 - INFO - Saved article: Team of four officers to conduct preliminary inquiry against Ramachandra Rao - The Hindu from The Hindu
2026-01-22 18:42:23,609 - INFO - [The Hindu] Article: https://www.thehindu.com/news/national/census-2027-first-phase-to-have-33-questions/article70539222.ece
2026-01-22 18:42:23,609 - INFO - [The Hindu] Attempt 1/1: Trying with 'selenium_browser' strategy...
2026-01-22 18:42:24,399 - INFO - [The Hindu] Page content loaded.
2026-01-22 18:42:24,644 - INFO - [The Hindu] Success with 'selenium_browser'. Found content (567 words).
2026-01-22 18:42:24,731 - INFO - Saved article: Census 2027 first phase to have 33 questions - The Hindu from The Hindu
2026-01-22 18:42:25,803 - INFO - [The Hindu] Article: https://www.thehindu.com/news/national/andhra-pradesh/ap-telangana-discuss-student-development-initiatives/article70538533.ece
2026-01-22 18:42:25,803 - INFO - [The Hindu] Attempt 1/1: Trying with 'selenium_browser' strategy...
2026-01-22 18:42:26,737 - INFO - [The Hindu] Page content loaded.
2026-01-22 18:42:26,805 - INFO - [The Hindu] Success with 'selenium_browser'. Found content (215 words).
2026-01-22 18:42:26,909 - INFO - Saved article: A.P., Telangana discuss student development initiatives - The Hindu from The Hindu
2026-01-22 18:42:27,941 - INFO - [The Hindu] Article: https://www.thehindu.com/news/national/andhra-pradesh/pawan-kalyan-inaugurates-kotappakonda-kothapalem-road/article70537279.ece
2026-01-22 18:42:27,941 - INFO - [The Hindu] Attempt 1/1: Trying with 'selenium_browser' strategy...
2026-01-22 18:42:29,190 - INFO - [The Hindu] Page content loaded.
2026-01-22 18:42:29,378 - INFO - [The Hindu] Success with 'selenium_browser'. Found content (327 words).
2026-01-22 18:42:29,497 - INFO - Saved article: Pawan Kalyan inaugurates Kotappakonda-Kothapalem road - The Hindu from The Hindu
2026-01-22 18:42:30,775 - INFO - [The Hindu] (Thread) Finished. Attempting to shut down its Selenium driver.
2026-01-22 18:42:30,926 - INFO - [The Hindu] (Thread) driver.quit() successful.
2026-01-22 18:43:53,908 - ERROR - [Times of India] Request failed for strategy 'selenium_browser' on URL https://timesofindia.indiatimes.com/world/us/piece-or-peace-elon-musk-takes-a-jab-at-donald-trumps-board-of-peace-watch/articleshow/127183469.cms: HTTPConnectionPool(host='localhost', port=46933): Read timed out. (read timeout=120)
2026-01-22 18:43:53,908 - ERROR - [Times of India] All scrape strategies failed for https://timesofindia.indiatimes.com/world/us/piece-or-peace-elon-musk-takes-a-jab-at-donald-trumps-board-of-peace-watch/articleshow/127183469.cms. Falling back to RSS description.
2026-01-22 18:43:53,910 - INFO - Saved article: Piece or peace? Elon Musk takes a jab at Donald Trump’s ‘Board of Peace’ — watch from Times of India
2026-01-22 18:43:55,156 - INFO - [Times of India] Article: https://timesofindia.indiatimes.com/world/us/sorry-i-killed-your-daughter-hope-youre-still-a-fan-shri-thanedar-jibes-at-trump-over-remarks-on-renee-goods-death/articleshow/127181270.cms
2026-01-22 18:43:55,157 - INFO - [Times of India] Attempt 1/1: Trying with 'selenium_browser' strategy...
2026-01-22 18:45:55,257 - ERROR - [Times of India] Request failed for strategy 'selenium_browser' on URL https://timesofindia.indiatimes.com/world/us/sorry-i-killed-your-daughter-hope-youre-still-a-fan-shri-thanedar-jibes-at-trump-over-remarks-on-renee-goods-death/articleshow/127181270.cms: HTTPConnectionPool(host='localhost', port=46933): Read timed out. (read timeout=120)
2026-01-22 18:45:55,257 - ERROR - [Times of India] All scrape strategies failed for https://timesofindia.indiatimes.com/world/us/sorry-i-killed-your-daughter-hope-youre-still-a-fan-shri-thanedar-jibes-at-trump-over-remarks-on-renee-goods-death/articleshow/127181270.cms. Falling back to RSS description.
2026-01-22 18:45:55,259 - INFO - Saved article: ‘Sorry I killed your daughter, hope you’re still a fan’: Shri Thanedar jibes at Trump over remarks on Renee Good’s death from Times of India
2026-01-22 18:45:55,954 - INFO - [Times of India] Article: https://timesofindia.indiatimes.com/world/us/not-just-vandalism-statue-damaged-at-hindu-temple-in-us-investigation-under-way/articleshow/127181037.cms
2026-01-22 18:45:55,954 - INFO - [Times of India] Attempt 1/1: Trying with 'selenium_browser' strategy...
2026-01-22 18:46:45,709 - CRITICAL - --- TIMEOUT: 1 scrape jobs did not complete in 300s. ---
2026-01-22 18:46:45,709 - ERROR - A thread has timed out and will be abandoned.
2026-01-22 18:46:45,709 - INFO - Shutting down thread pool (wait=False)...
2026-01-22 18:46:45,709 - INFO - Scraped: 3 The Guardian, 10 The Hindu, 4 BBC, 1 Timed_Out_Jobs articles. (Total saved: 17)
2026-01-22 18:46:45,709 - INFO - --- Scraping job finished ---
2026-01-22 18:46:45,709 - INFO - --- Scraper service stopped and database connection closed. ---
2026-01-22 18:46:45,710 - INFO - --- Main thread finished. Forcing process exit to kill zombie threads. ---
