2025-11-15 04:26:59,189 - INFO - Initializing database connection at: news_articles.db
2025-11-15 04:26:59,190 - INFO - --- Scraper service started (CI Mode: Run Once) ---
2025-11-15 04:26:59,190 - INFO - --- Starting new scraping job (Parallel Mode) ---
2025-11-15 04:26:59,190 - INFO - Creating new robust session with 3 retries on 5xx/connection/read errors.
2025-11-15 04:26:59,190 - INFO - Proxy is DISABLED.
2025-11-15 04:26:59,190 - INFO - Starting scrape for BBC RSS feed: http://feeds.bbci.co.uk/news/world/rss.xml
2025-11-15 04:26:59,191 - INFO - [Times of India] (Thread) requires Selenium. Initializing driver...
2025-11-15 04:26:59,191 - INFO - Initializing headless Selenium Chrome driver (using SeleniumManager)...
2025-11-15 04:26:59,191 - INFO - Starting scrape for The Guardian RSS feed: https://www.theguardian.com/world/rss
2025-11-15 04:26:59,192 - INFO - [The Hindu] (Thread) requires Selenium. Initializing driver...
2025-11-15 04:26:59,192 - INFO - Initializing headless Selenium Chrome driver (using SeleniumManager)...
2025-11-15 04:26:59,192 - INFO - Submitted 4 jobs to thread pool. Waiting up to 300s for completion...
2025-11-15 04:26:59,310 - INFO - Found 44 articles in The Guardian RSS feed. Processing up to 10.
2025-11-15 04:26:59,310 - INFO - [The Guardian] Article: https://www.theguardian.com/world/2025/nov/14/anger-south-africa-plane-palestinians-held-12-hours
2025-11-15 04:26:59,310 - INFO - [The Guardian] Attempt 1/1: Trying with 'requests_browser' strategy...
2025-11-15 04:26:59,348 - INFO - [The Guardian] Success with 'requests_browser'. Found content (620 words).
2025-11-15 04:26:59,392 - INFO - Duplicate article skipped: South Africa to investigate ‘mysterious’ arrival of 153 Palestinians on plane | South Africa | The Guardian from The Guardian
2025-11-15 04:26:59,437 - INFO - Found 25 articles in BBC RSS feed. Processing up to 10.
2025-11-15 04:26:59,438 - INFO - [BBC] Article: https://www.bbc.com/news/articles/c891jp9j79do?at_medium=RSS&at_campaign=rss
2025-11-15 04:26:59,438 - INFO - [BBC] Attempt 1/1: Trying with 'requests_browser' strategy...
2025-11-15 04:26:59,880 - INFO - [BBC] Success with 'requests_browser'. Found content (716 words).
2025-11-15 04:26:59,930 - INFO - Duplicate article skipped: Trump says he will sue BBC for at least $1bn over Panorama edit from BBC
2025-11-15 04:27:00,834 - INFO - [The Guardian] Article: https://www.theguardian.com/world/2025/nov/14/british-egyptian-activist-alaa-abd-el-fattah-stopped-from-flying-to-uk-says-family
2025-11-15 04:27:00,834 - INFO - [The Guardian] Attempt 1/1: Trying with 'requests_browser' strategy...
2025-11-15 04:27:00,864 - INFO - [The Guardian] Success with 'requests_browser'. Found content (456 words).
2025-11-15 04:27:00,909 - INFO - Duplicate article skipped: British-Egyptian activist stopped from flying to UK, says family | Egypt | The Guardian from The Guardian
2025-11-15 04:27:01,140 - INFO - Selenium driver initialized successfully.
2025-11-15 04:27:01,140 - INFO - Selenium driver initialized successfully.
2025-11-15 04:27:01,140 - INFO - Starting scrape for Times of India RSS feed: https://timesofindia.indiatimes.com/rssfeeds/296589292.cms
2025-11-15 04:27:01,140 - INFO - Starting scrape for The Hindu RSS feed: https://www.thehindu.com/news/national/feeder/default.rss
2025-11-15 04:27:01,154 - INFO - [BBC] Article: https://www.bbc.com/news/articles/cdjr4xw83eko?at_medium=RSS&at_campaign=rss
2025-11-15 04:27:01,154 - INFO - [BBC] Attempt 1/1: Trying with 'requests_browser' strategy...
2025-11-15 04:27:01,196 - INFO - [BBC] Success with 'requests_browser'. Found content (677 words).
2025-11-15 04:27:01,244 - INFO - Saved article: Trump rolls back tariffs on dozens of food products from BBC
2025-11-15 04:27:01,244 - INFO - Found 20 articles in Times of India RSS feed. Processing up to 10.
2025-11-15 04:27:01,245 - INFO - [Times of India] Article: https://timesofindia.indiatimes.com/world/us/they-cheated-trump-plans-1bn5bn-lawsuit-against-bbc-what-the-speech-edit-row-is-about/articleshow/125340861.cms
2025-11-15 04:27:01,245 - INFO - [Times of India] Attempt 1/1: Trying with 'selenium_browser' strategy...
2025-11-15 04:27:01,999 - INFO - Found 100 articles in The Hindu RSS feed. Processing up to 10.
2025-11-15 04:27:01,999 - INFO - [The Hindu] Article: https://www.thehindu.com/news/national/kerala/kerala-local-body-polls-2025keen-battle-on-the-cards-in-perumbavoor-as-udf-ldf-eye-stability/article70276613.ece
2025-11-15 04:27:01,999 - INFO - [The Hindu] Attempt 1/1: Trying with 'selenium_browser' strategy...
2025-11-15 04:27:02,169 - INFO - [The Guardian] Article: https://www.theguardian.com/world/2025/nov/12/state-sanctioned-fuel-smuggling-cost-libya-20bn-over-three-years-report
2025-11-15 04:27:02,169 - INFO - [The Guardian] Attempt 1/1: Trying with 'requests_browser' strategy...
2025-11-15 04:27:02,199 - INFO - [The Guardian] Success with 'requests_browser'. Found content (670 words).
2025-11-15 04:27:02,252 - INFO - Duplicate article skipped: State-sanctioned fuel smuggling cost Libya $20bn over three years – report | Libya | The Guardian from The Guardian
2025-11-15 04:27:02,425 - INFO - [BBC] Article: https://www.bbc.com/news/articles/cn4jn94gyllo?at_medium=RSS&at_campaign=rss
2025-11-15 04:27:02,425 - INFO - [BBC] Attempt 1/1: Trying with 'requests_browser' strategy...
2025-11-15 04:27:02,620 - INFO - [BBC] Success with 'requests_browser'. Found content (584 words).
2025-11-15 04:27:02,689 - INFO - Duplicate article skipped: Russian drone slams into block of flats in deadly wave of strikes across Kyiv from BBC
2025-11-15 04:27:03,095 - INFO - [The Guardian] Article: https://www.theguardian.com/global-development/2025/nov/13/british-american-tobacco-africa-zambia-uk
2025-11-15 04:27:03,095 - INFO - [The Guardian] Attempt 1/1: Trying with 'requests_browser' strategy...
2025-11-15 04:27:03,150 - INFO - [The Guardian] Success with 'requests_browser'. Found content (753 words).
2025-11-15 04:27:03,225 - INFO - Duplicate article skipped: ‘Utter hypocrisy’: tobacco firm lobbied against rules in Africa that are law in UK | Global development | The Guardian from The Guardian
2025-11-15 04:27:03,815 - INFO - [BBC] Article: https://www.bbc.com/news/articles/cj97x2lere0o?at_medium=RSS&at_campaign=rss
2025-11-15 04:27:03,815 - INFO - [BBC] Attempt 1/1: Trying with 'requests_browser' strategy...
2025-11-15 04:27:03,957 - INFO - [BBC] Success with 'requests_browser'. Found content (968 words).
2025-11-15 04:27:04,067 - INFO - Duplicate article skipped: US justice department investigates Epstein's alleged ties to Clinton and banks after Trump request from BBC
2025-11-15 04:27:04,286 - INFO - [The Guardian] Article: https://www.theguardian.com/world/2025/nov/12/french-algerian-writer-boualem-sansal-pardoned-and-to-be-released-from-prison
2025-11-15 04:27:04,286 - INFO - [The Guardian] Attempt 1/1: Trying with 'requests_browser' strategy...
2025-11-15 04:27:04,372 - INFO - [The Guardian] Success with 'requests_browser'. Found content (322 words).
2025-11-15 04:27:04,503 - INFO - Duplicate article skipped: French-Algerian writer Boualem Sansal pardoned and to be released from prison | Algeria | The Guardian from The Guardian
2025-11-15 04:27:05,418 - INFO - [BBC] Article: https://www.bbc.com/news/articles/c3dn3g4jdxjo?at_medium=RSS&at_campaign=rss
2025-11-15 04:27:05,418 - INFO - [BBC] Attempt 1/1: Trying with 'requests_browser' strategy...
2025-11-15 04:27:05,562 - INFO - [BBC] Success with 'requests_browser'. Found content (795 words).
2025-11-15 04:27:05,625 - INFO - Duplicate article skipped: South Africa to investigate 'mystery' of planeload of Palestinians, Cyril Ramaphosa says from BBC
2025-11-15 04:27:05,985 - INFO - [The Guardian] Article: https://www.theguardian.com/environment/2025/nov/14/protesters-blockade-cop30-summit-over-plight-of-indigenous-peoples
2025-11-15 04:27:05,986 - INFO - [The Guardian] Attempt 1/1: Trying with 'requests_browser' strategy...
2025-11-15 04:27:06,098 - INFO - [The Guardian] Success with 'requests_browser'. Found content (976 words).
2025-11-15 04:27:06,266 - INFO - Duplicate article skipped: Protesters blockade Cop30 summit over plight of Indigenous peoples | Cop30 | The Guardian from The Guardian
2025-11-15 04:27:06,772 - INFO - [BBC] Article: https://www.bbc.com/news/articles/crklvx2n7rzo?at_medium=RSS&at_campaign=rss
2025-11-15 04:27:06,772 - INFO - [BBC] Attempt 1/1: Trying with 'requests_browser' strategy...
2025-11-15 04:27:06,942 - INFO - [BBC] Success with 'requests_browser'. Found content (1092 words).
2025-11-15 04:27:07,241 - INFO - Duplicate article skipped: China and Japan in escalating spat over Taiwan: What to know from BBC
2025-11-15 04:27:07,286 - INFO - [The Hindu] Page content loaded.
2025-11-15 04:27:07,353 - INFO - [The Guardian] Article: https://www.theguardian.com/world/2025/nov/14/mark-carney-nation-building-canada
2025-11-15 04:27:07,353 - INFO - [The Guardian] Attempt 1/1: Trying with 'requests_browser' strategy...
2025-11-15 04:27:07,505 - INFO - [The Guardian] Success with 'requests_browser'. Found content (745 words).
2025-11-15 04:27:07,730 - INFO - Duplicate article skipped: Carney’s ‘nation-building’ programme misses mark to be truly transformative for Canada | Canada | The Guardian from The Guardian
2025-11-15 04:27:07,868 - INFO - [The Hindu] Success with 'selenium_browser'. Found content (526 words).
2025-11-15 04:27:08,164 - INFO - Saved article: Kerala local body polls 2025: Keen battle on the cards in Perumbavoor as UDF, LDF eye stability - The Hindu from The Hindu
2025-11-15 04:27:08,526 - INFO - [BBC] Article: https://www.bbc.com/news/articles/c9wv4dx05q5o?at_medium=RSS&at_campaign=rss
2025-11-15 04:27:08,526 - INFO - [BBC] Attempt 1/1: Trying with 'requests_browser' strategy...
2025-11-15 04:27:08,661 - INFO - [BBC] Success with 'requests_browser'. Found content (459 words).
2025-11-15 04:27:08,832 - INFO - [The Guardian] Article: https://www.theguardian.com/world/2025/nov/14/venezuela-maduro-urges-trump-to-avoid-afghanistan-style-forever-war
2025-11-15 04:27:08,832 - INFO - [The Guardian] Attempt 1/1: Trying with 'requests_browser' strategy...
2025-11-15 04:27:08,919 - INFO - Saved article: Trump targets longtime MAGA ally Marjorie Taylor Greene from BBC
2025-11-15 04:27:09,028 - INFO - [The Guardian] Success with 'requests_browser'. Found content (499 words).
2025-11-15 04:27:09,288 - INFO - Duplicate article skipped: Venezuela’s Maduro urges Trump to avoid Afghanistan-style ‘forever war’ | Venezuela | The Guardian from The Guardian
2025-11-15 04:27:09,497 - INFO - [The Hindu] Article: https://www.thehindu.com/news/national/kerala/kerala-local-body-polls-2025aap-to-contest-in-over-400-panchayats-and-four-corporations/article70278309.ece
2025-11-15 04:27:09,497 - INFO - [The Hindu] Attempt 1/1: Trying with 'selenium_browser' strategy...
2025-11-15 04:27:09,954 - INFO - [The Guardian] Article: https://www.theguardian.com/environment/2025/nov/14/london-judge-rules-bhp-group-liable-for-brazil-2015-samarco-dam-collapse
2025-11-15 04:27:09,954 - INFO - [The Guardian] Attempt 1/1: Trying with 'requests_browser' strategy...
2025-11-15 04:27:10,037 - INFO - [BBC] Article: https://www.bbc.com/news/articles/c629m7jm777o?at_medium=RSS&at_campaign=rss
2025-11-15 04:27:10,037 - INFO - [BBC] Attempt 1/1: Trying with 'requests_browser' strategy...
2025-11-15 04:27:10,124 - INFO - [BBC] Success with 'requests_browser'. Found content (264 words).
2025-11-15 04:27:10,156 - INFO - [The Guardian] Success with 'requests_browser'. Found content (407 words).
2025-11-15 04:27:10,380 - INFO - Duplicate article skipped: Several killed after bus crashes into bus stop in Stockholm from BBC
2025-11-15 04:27:10,436 - INFO - Duplicate article skipped: Mining firm BHP found liable in UK for disastrous Brazilian dam collapse | Mining | The Guardian from The Guardian
2025-11-15 04:27:11,205 - INFO - [BBC] Article: https://www.bbc.com/news/articles/c8034v2e3l3o?at_medium=RSS&at_campaign=rss
2025-11-15 04:27:11,206 - INFO - [BBC] Attempt 1/1: Trying with 'requests_browser' strategy...
2025-11-15 04:27:11,386 - INFO - [The Guardian] Article: https://www.theguardian.com/environment/2025/nov/14/fossil-fuel-lobbyists-cop30
2025-11-15 04:27:11,386 - INFO - [The Guardian] Attempt 1/1: Trying with 'requests_browser' strategy...
2025-11-15 04:27:11,464 - INFO - [The Guardian] Success with 'requests_browser'. Found content (1226 words).
2025-11-15 04:27:11,550 - INFO - Duplicate article skipped: Fossil fuel lobbyists outnumber all Cop30 delegations except Brazil, report says | Cop30 | The Guardian from The Guardian
2025-11-15 04:27:11,741 - INFO - [BBC] Success with 'requests_browser'. Found content (770 words).
2025-11-15 04:27:11,851 - INFO - Duplicate article skipped: UK court finds mining firm liable for Brazil's worst environmental disaster from BBC
2025-11-15 04:27:11,902 - INFO - [Times of India] Page content loaded.
2025-11-15 04:27:12,077 - INFO - [The Hindu] Page content loaded.
2025-11-15 04:27:12,579 - INFO - [The Hindu] Success with 'selenium_browser'. Found content (377 words).
2025-11-15 04:27:12,974 - INFO - Saved article: Kerala local body polls 2025: AAP to contest in over 400 panchayats and four Corporations - The Hindu from The Hindu
2025-11-15 04:27:13,148 - INFO - [Times of India] Success with 'selenium_browser'. Found content (431 words).
2025-11-15 04:27:13,254 - INFO - [BBC] Article: https://www.bbc.com/news/articles/c4gpdxp5vl2o?at_medium=RSS&at_campaign=rss
2025-11-15 04:27:13,255 - INFO - [BBC] Attempt 1/1: Trying with 'requests_browser' strategy...
2025-11-15 04:27:13,464 - INFO - Saved article: 'They cheated': Trump plans $1bn–$5bn lawsuit against BBC; what the speech edit row is about? - The Times of India from Times of India
2025-11-15 04:27:13,478 - INFO - [BBC] Success with 'requests_browser'. Found content (539 words).
2025-11-15 04:27:13,610 - INFO - Duplicate article skipped: Tanzania's President Samia Suluhu Hassan promises probe into post-election unrest from BBC
2025-11-15 04:27:13,643 - INFO - [The Hindu] Article: https://www.thehindu.com/news/cities/kolkata/kolkata-ezra-street-building-fire-engines-casualties-shops-gutted/article70282832.ece
2025-11-15 04:27:13,643 - INFO - [The Hindu] Attempt 1/1: Trying with 'selenium_browser' strategy...
2025-11-15 04:27:14,350 - INFO - [Times of India] Article: https://timesofindia.indiatimes.com/world/uk/first-arrests-made-in-spate-of-attacks-targeting-indians-in-ireland/articleshow/125337458.cms
2025-11-15 04:27:14,350 - INFO - [Times of India] Attempt 1/1: Trying with 'selenium_browser' strategy...
2025-11-15 04:27:15,054 - INFO - [The Hindu] Page content loaded.
2025-11-15 04:27:15,331 - INFO - [The Hindu] Success with 'selenium_browser'. Found content (272 words).
2025-11-15 04:27:15,588 - INFO - Saved article: Massive fire in central Kolkata building; 20 fire engines rushed to spot, no casualties reported - The Hindu from The Hindu
2025-11-15 04:27:16,149 - INFO - [The Hindu] Article: https://www.thehindu.com/news/national/kerala/kerala-local-body-polls-2025-no-need-to-be-a-peoples-representative-to-intervene-in-peoples-issues-says-mayor-arya-rajendran/article70280635.ece
2025-11-15 04:27:16,149 - INFO - [The Hindu] Attempt 1/1: Trying with 'selenium_browser' strategy...
2025-11-15 04:27:16,666 - INFO - [Times of India] Page content loaded.
2025-11-15 04:27:17,045 - INFO - [Times of India] Success with 'selenium_browser'. Found content (364 words).
2025-11-15 04:27:17,170 - INFO - Duplicate article skipped: First arrests made in spate of attacks targeting Indians in Ireland - The Times of India from Times of India
2025-11-15 04:27:18,648 - INFO - [Times of India] Article: https://timesofindia.indiatimes.com/world/us-streamers/candace-owens-lists-10-tpusa-verifiable-lies-and-raises-big-questions-about-charlie-kirks-assassination-story/articleshow/125337151.cms
2025-11-15 04:27:18,648 - INFO - [Times of India] Attempt 1/1: Trying with 'selenium_browser' strategy...
2025-11-15 04:27:21,345 - INFO - [The Hindu] Page content loaded.
2025-11-15 04:27:21,810 - INFO - [The Hindu] Success with 'selenium_browser'. Found content (761 words).
2025-11-15 04:27:22,145 - INFO - Saved article: Kerala local body polls 2025: No need to be a people’s representative to intervene in people’s issues, says Mayor Arya Rajendran - The Hindu from The Hindu
2025-11-15 04:27:22,681 - INFO - [The Hindu] Article: https://www.thehindu.com/news/national/jharkhand/car-plunges-into-dam-in-jharkhand/article70282854.ece
2025-11-15 04:27:22,681 - INFO - [The Hindu] Attempt 1/1: Trying with 'selenium_browser' strategy...
2025-11-15 04:27:23,262 - INFO - [Times of India] Page content loaded.
2025-11-15 04:27:23,554 - INFO - [Times of India] Success with 'selenium_browser'. Found content (549 words).
2025-11-15 04:27:23,681 - INFO - Duplicate article skipped: Candace Owens lists 10 TPUSA verifiable lies and raises big questions about Charlie Kirk’s assassination story - The Times of India from Times of India
2025-11-15 04:27:24,837 - INFO - [Times of India] Article: https://timesofindia.indiatimes.com/world/us/olivia-nuzzi-drops-bombshell-on-affair-with-rfk-jr-he-said-i-love-you-first-wanted-her-to-have-his-baby/articleshow/125336910.cms
2025-11-15 04:27:24,837 - INFO - [Times of India] Attempt 1/1: Trying with 'selenium_browser' strategy...
2025-11-15 04:27:27,232 - INFO - [Times of India] Page content loaded.
2025-11-15 04:27:27,393 - INFO - [Times of India] Success with 'selenium_browser'. Found content (357 words).
2025-11-15 04:27:27,488 - INFO - Duplicate article skipped: Olivia Nuzzi drops bombshell on 'affair with RFK Jr': He said 'I love you' first; wanted her to have his baby - The Times of India from Times of India
2025-11-15 04:27:28,292 - INFO - [Times of India] Article: https://timesofindia.indiatimes.com/world/us/white-house-press-secretary-calls-climate-change-fallacy-social-media-says-she-mispronounced-science/articleshow/125336309.cms
2025-11-15 04:27:28,292 - INFO - [Times of India] Attempt 1/1: Trying with 'selenium_browser' strategy...
2025-11-15 04:27:30,901 - INFO - [Times of India] Page content loaded.
2025-11-15 04:27:31,378 - INFO - [Times of India] Success with 'selenium_browser'. Found content (302 words).
2025-11-15 04:27:31,531 - INFO - Duplicate article skipped: White House press secretary calls climate change 'fallacy', social media says 'she mispronounced science' - The Times of India from Times of India
2025-11-15 04:27:32,664 - INFO - [Times of India] Article: https://timesofindia.indiatimes.com/world/us-streamers/top-10-most-followed-twitch-streamers-in-2025/articleshow/125336539.cms
2025-11-15 04:27:32,664 - INFO - [Times of India] Attempt 1/1: Trying with 'selenium_browser' strategy...
2025-11-15 04:29:22,779 - ERROR - [The Hindu] Request failed for strategy 'selenium_browser' on URL https://www.thehindu.com/news/national/jharkhand/car-plunges-into-dam-in-jharkhand/article70282854.ece: HTTPConnectionPool(host='localhost', port=59965): Read timed out. (read timeout=120)
2025-11-15 04:29:22,779 - ERROR - [The Hindu] All scrape strategies failed for https://www.thehindu.com/news/national/jharkhand/car-plunges-into-dam-in-jharkhand/article70282854.ece. Falling back to RSS description.
2025-11-15 04:29:22,781 - INFO - Saved article: Three drown, one missing after car falls into dam in Jharkhand from The Hindu
2025-11-15 04:29:24,231 - INFO - [The Hindu] Article: https://www.thehindu.com/news/national/kerala/kerala-local-body-polls-2025-central-travancore-in-focus-as-kerala-congress-seeks-to-become-a-tangible-political-power/article70276122.ece
2025-11-15 04:29:24,231 - INFO - [The Hindu] Attempt 1/1: Trying with 'selenium_browser' strategy...
2025-11-15 04:29:32,695 - ERROR - [Times of India] Request failed for strategy 'selenium_browser' on URL https://timesofindia.indiatimes.com/world/us-streamers/top-10-most-followed-twitch-streamers-in-2025/articleshow/125336539.cms: HTTPConnectionPool(host='localhost', port=35461): Read timed out. (read timeout=120)
2025-11-15 04:29:32,695 - ERROR - [Times of India] All scrape strategies failed for https://timesofindia.indiatimes.com/world/us-streamers/top-10-most-followed-twitch-streamers-in-2025/articleshow/125336539.cms. Falling back to RSS description.
2025-11-15 04:29:32,696 - INFO - Duplicate article skipped: Top 10 most followed Twitch streamers in 2025 from Times of India
2025-11-15 04:29:33,983 - INFO - [Times of India] Article: https://timesofindia.indiatimes.com/world/middle-east/dubai-crown-prince-sheikh-hamdans-net-worth-2025-a-glimpse-at-his-palaces-yachts-and-lavish-lifestyle/articleshow/125334254.cms
2025-11-15 04:29:33,983 - INFO - [Times of India] Attempt 1/1: Trying with 'selenium_browser' strategy...
2025-11-15 04:31:24,308 - ERROR - [The Hindu] Request failed for strategy 'selenium_browser' on URL https://www.thehindu.com/news/national/kerala/kerala-local-body-polls-2025-central-travancore-in-focus-as-kerala-congress-seeks-to-become-a-tangible-political-power/article70276122.ece: HTTPConnectionPool(host='localhost', port=59965): Read timed out. (read timeout=120)
2025-11-15 04:31:24,308 - ERROR - [The Hindu] All scrape strategies failed for https://www.thehindu.com/news/national/kerala/kerala-local-body-polls-2025-central-travancore-in-focus-as-kerala-congress-seeks-to-become-a-tangible-political-power/article70276122.ece. Falling back to RSS description.
2025-11-15 04:31:24,310 - INFO - Saved article: Kerala local body polls 2025: Central Travancore in focus as Kerala Congress seeks to become a tangible political power from The Hindu
2025-11-15 04:31:25,800 - INFO - [The Hindu] Article: https://www.thehindu.com/news/national/jammu-and-kashmir/jammu-and-kashmir-nowgam-police-station-blast-live-updates-november-15/article70282820.ece
2025-11-15 04:31:25,800 - INFO - [The Hindu] Attempt 1/1: Trying with 'selenium_browser' strategy...
2025-11-15 04:31:34,084 - ERROR - [Times of India] Request failed for strategy 'selenium_browser' on URL https://timesofindia.indiatimes.com/world/middle-east/dubai-crown-prince-sheikh-hamdans-net-worth-2025-a-glimpse-at-his-palaces-yachts-and-lavish-lifestyle/articleshow/125334254.cms: HTTPConnectionPool(host='localhost', port=35461): Read timed out. (read timeout=120)
2025-11-15 04:31:34,084 - ERROR - [Times of India] All scrape strategies failed for https://timesofindia.indiatimes.com/world/middle-east/dubai-crown-prince-sheikh-hamdans-net-worth-2025-a-glimpse-at-his-palaces-yachts-and-lavish-lifestyle/articleshow/125334254.cms. Falling back to RSS description.
2025-11-15 04:31:34,087 - INFO - Saved article: Dubai Crown Prince Sheikh Hamdan’s net worth 2025: A glimpse at his palaces, yachts and lavish lifestyle from Times of India
2025-11-15 04:31:35,403 - INFO - [Times of India] Article: https://timesofindia.indiatimes.com/world/us/epstein-emails-list-of-celebrities-named-in-latest-files/articleshow/125335552.cms
2025-11-15 04:31:35,403 - INFO - [Times of India] Attempt 1/1: Trying with 'selenium_browser' strategy...
2025-11-15 04:31:59,192 - CRITICAL - --- TIMEOUT: 2 scrape jobs did not complete in 300s. ---
2025-11-15 04:31:59,192 - ERROR - A thread has timed out and will be abandoned.
2025-11-15 04:31:59,192 - ERROR - A thread has timed out and will be abandoned.
2025-11-15 04:31:59,192 - INFO - Shutting down thread pool (wait=False)...
2025-11-15 04:31:59,192 - INFO - Scraped: 0 The Guardian, 2 BBC, 2 Timed_Out_Jobs articles. (Total saved: 2)
2025-11-15 04:31:59,192 - INFO - --- Scraping job finished ---
2025-11-15 04:31:59,193 - INFO - --- Scraper service stopped and database connection closed. ---
2025-11-15 04:31:59,193 - INFO - --- Main thread finished. Forcing process exit to kill zombie threads. ---
