2026-01-21 14:37:34,955 - INFO - Initializing database connection at: news_articles.db
2026-01-21 14:37:34,955 - INFO - --- Scraper service started (CI Mode: Run Once) ---
2026-01-21 14:37:34,955 - INFO - --- Starting new scraping job (Parallel Mode) ---
2026-01-21 14:37:34,955 - INFO - Creating new robust session with 3 retries on 5xx/connection/read errors.
2026-01-21 14:37:34,955 - INFO - Proxy is DISABLED.
2026-01-21 14:37:34,956 - INFO - Starting scrape for BBC RSS feed: http://feeds.bbci.co.uk/news/world/rss.xml
2026-01-21 14:37:34,956 - INFO - [Times of India] (Thread) requires Selenium. Initializing driver...
2026-01-21 14:37:34,956 - INFO - Initializing headless Selenium Chrome driver (using SeleniumManager)...
2026-01-21 14:37:34,956 - INFO - Starting scrape for The Guardian RSS feed: https://www.theguardian.com/world/rss
2026-01-21 14:37:34,957 - INFO - [The Hindu] (Thread) requires Selenium. Initializing driver...
2026-01-21 14:37:34,957 - INFO - Initializing headless Selenium Chrome driver (using SeleniumManager)...
2026-01-21 14:37:34,957 - INFO - Submitted 4 jobs to thread pool. Waiting up to 300s for completion...
2026-01-21 14:37:35,216 - INFO - Found 45 articles in The Guardian RSS feed. Processing up to 10.
2026-01-21 14:37:35,217 - INFO - [The Guardian] Article: https://www.theguardian.com/us-news/2026/jan/20/us-diplomats-urged-to-remind-african-leaders-of-us-generosity-despite-usaid-closing
2026-01-21 14:37:35,217 - INFO - [The Guardian] Attempt 1/1: Trying with 'requests_browser' strategy...
2026-01-21 14:37:35,264 - INFO - [The Guardian] Success with 'requests_browser'. Found content (797 words).
2026-01-21 14:37:35,299 - INFO - Duplicate article skipped: Head of US Africa bureau urges staff to highlight US ‘generosity’ despite aid cuts | US foreign policy | The Guardian from The Guardian
2026-01-21 14:37:35,538 - INFO - Found 42 articles in BBC RSS feed. Processing up to 10.
2026-01-21 14:37:35,538 - INFO - [BBC] Article: https://www.bbc.com/news/articles/c701rvrpjwko?at_medium=RSS&at_campaign=rss
2026-01-21 14:37:35,538 - INFO - [BBC] Attempt 1/1: Trying with 'requests_browser' strategy...
2026-01-21 14:37:35,827 - INFO - [BBC] Success with 'requests_browser'. Found content (1020 words).
2026-01-21 14:37:35,866 - INFO - Duplicate article skipped: Could the US Congress stop Trump from taking Greenland? from BBC
2026-01-21 14:37:36,428 - INFO - [BBC] Article: https://www.bbc.com/news/articles/cn8jek4vv8ko?at_medium=RSS&at_campaign=rss
2026-01-21 14:37:36,428 - INFO - [BBC] Attempt 1/1: Trying with 'requests_browser' strategy...
2026-01-21 14:37:36,475 - INFO - [BBC] Success with 'requests_browser'. Found content (793 words).
2026-01-21 14:37:36,513 - INFO - Duplicate article skipped: Israeli PM Netanyahu agrees to join Trump's Board of Peace from BBC
2026-01-21 14:37:36,750 - INFO - [The Guardian] Article: https://www.theguardian.com/global-development/2026/jan/19/brazen-political-influence-rich-laid-bare-wealth-billionaires-inequality-poverty-instability-oxfam
2026-01-21 14:37:36,750 - INFO - [The Guardian] Attempt 1/1: Trying with 'requests_browser' strategy...
2026-01-21 14:37:36,788 - INFO - [The Guardian] Success with 'requests_browser'. Found content (639 words).
2026-01-21 14:37:36,823 - INFO - Duplicate article skipped: ‘Brazen’ political influence of rich laid bare as wealth of billionaires reaches $18.3tn, says Oxfam | Global development | The Guardian from The Guardian
2026-01-21 14:37:37,296 - INFO - [BBC] Article: https://www.bbc.com/news/articles/c0r4957rq8ro?at_medium=RSS&at_campaign=rss
2026-01-21 14:37:37,296 - INFO - [BBC] Attempt 1/1: Trying with 'requests_browser' strategy...
2026-01-21 14:37:37,333 - INFO - [BBC] Success with 'requests_browser'. Found content (854 words).
2026-01-21 14:37:37,365 - INFO - Duplicate article skipped: Leaked photos show hundreds killed in Iran's brutal crackdown from BBC
2026-01-21 14:37:38,053 - INFO - [The Guardian] Article: https://www.theguardian.com/world/2026/jan/18/ugandas-president-calls-opponents-terrorists-in-victory-speech
2026-01-21 14:37:38,053 - INFO - [The Guardian] Attempt 1/1: Trying with 'requests_browser' strategy...
2026-01-21 14:37:38,095 - INFO - [The Guardian] Success with 'requests_browser'. Found content (533 words).
2026-01-21 14:37:38,139 - INFO - Duplicate article skipped: Uganda’s president calls opponents 'terrorists' in victory speech | Uganda | The Guardian from The Guardian
2026-01-21 14:37:38,647 - INFO - [BBC] Article: https://www.bbc.com/news/articles/c1m78xl0gmpo?at_medium=RSS&at_campaign=rss
2026-01-21 14:37:38,648 - INFO - [BBC] Attempt 1/1: Trying with 'requests_browser' strategy...
2026-01-21 14:37:38,688 - INFO - [BBC] Success with 'requests_browser'. Found content (451 words).
2026-01-21 14:37:38,727 - INFO - Duplicate article skipped: Spain train crash: Driver killed in derailment near Barcelona from BBC
2026-01-21 14:37:38,751 - INFO - [The Guardian] Article: https://www.theguardian.com/world/2026/jan/17/yoweri-museveni-wins-ugandan-election-as-opponent-condemns-fake-result
2026-01-21 14:37:38,751 - INFO - [The Guardian] Attempt 1/1: Trying with 'requests_browser' strategy...
2026-01-21 14:37:38,791 - INFO - [The Guardian] Success with 'requests_browser'. Found content (462 words).
2026-01-21 14:37:38,836 - INFO - Duplicate article skipped: Yoweri Museveni wins Ugandan election as opponent condemns ‘fake result’ | Uganda | The Guardian from The Guardian
2026-01-21 14:37:40,004 - INFO - [BBC] Article: https://www.bbc.com/news/articles/c4gwp2me3gzo?at_medium=RSS&at_campaign=rss
2026-01-21 14:37:40,004 - INFO - [BBC] Attempt 1/1: Trying with 'requests_browser' strategy...
2026-01-21 14:37:40,049 - INFO - [BBC] Success with 'requests_browser'. Found content (976 words).
2026-01-21 14:37:40,061 - INFO - [The Guardian] Article: https://www.theguardian.com/uk-news/2026/jan/17/afcon-little-morocco-london-confidence-high
2026-01-21 14:37:40,061 - INFO - [The Guardian] Attempt 1/1: Trying with 'requests_browser' strategy...
2026-01-21 14:37:40,112 - INFO - Duplicate article skipped: Global markets on alert as Europe to suspend approval of US trade deal from BBC
2026-01-21 14:37:40,221 - INFO - [The Guardian] Success with 'requests_browser'. Found content (686 words).
2026-01-21 14:37:40,256 - INFO - Duplicate article skipped: Confidence runs high in London’s Little Morocco as Afcon glory beckons | London | The Guardian from The Guardian
2026-01-21 14:37:40,693 - INFO - [BBC] Article: https://www.bbc.com/news/articles/cq6v0v32rg1o?at_medium=RSS&at_campaign=rss
2026-01-21 14:37:40,693 - INFO - [BBC] Attempt 1/1: Trying with 'requests_browser' strategy...
2026-01-21 14:37:40,739 - INFO - [BBC] Success with 'requests_browser'. Found content (1309 words).
2026-01-21 14:37:40,780 - INFO - Duplicate article skipped: Japan restarts world's largest nuclear plant as Fukushima memories loom large from BBC
2026-01-21 14:37:40,803 - INFO - [The Guardian] Article: https://www.theguardian.com/us-news/2026/jan/20/catholic-cardinals-trump-foreign-policy
2026-01-21 14:37:40,804 - INFO - [The Guardian] Attempt 1/1: Trying with 'requests_browser' strategy...
2026-01-21 14:37:40,840 - INFO - [The Guardian] Success with 'requests_browser'. Found content (741 words).
2026-01-21 14:37:40,873 - INFO - Duplicate article skipped: Catholic cardinals warn US foreign policy under Trump risks global suffering | Trump administration | The Guardian from The Guardian
2026-01-21 14:37:41,332 - INFO - [BBC] Article: https://www.bbc.com/news/articles/c86v5lj39zpo?at_medium=RSS&at_campaign=rss
2026-01-21 14:37:41,332 - INFO - [BBC] Attempt 1/1: Trying with 'requests_browser' strategy...
2026-01-21 14:37:41,382 - INFO - [BBC] Success with 'requests_browser'. Found content (920 words).
2026-01-21 14:37:41,425 - INFO - Duplicate article skipped: Life imprisonment for man who killed Japan's ex-PM Shinzo Abe from BBC
2026-01-21 14:37:41,856 - INFO - [The Guardian] Article: https://www.theguardian.com/world/2026/jan/20/colombia-ex-paramilitary-leader-salvatore-mancuso-jailed-crimes-against-indigenous-groups
2026-01-21 14:37:41,856 - INFO - [The Guardian] Attempt 1/1: Trying with 'requests_browser' strategy...
2026-01-21 14:37:41,891 - INFO - [The Guardian] Success with 'requests_browser'. Found content (428 words).
2026-01-21 14:37:41,928 - INFO - Duplicate article skipped: Colombian ex-paramilitary leader jailed for crimes against Indigenous groups | Colombia | The Guardian from The Guardian
2026-01-21 14:37:42,191 - INFO - Selenium driver initialized successfully.
2026-01-21 14:37:42,191 - INFO - Starting scrape for The Hindu RSS feed: https://www.thehindu.com/news/national/feeder/default.rss
2026-01-21 14:37:42,192 - INFO - Selenium driver initialized successfully.
2026-01-21 14:37:42,192 - INFO - Starting scrape for Times of India RSS feed: https://timesofindia.indiatimes.com/rssfeeds/296589292.cms
2026-01-21 14:37:42,385 - INFO - Found 100 articles in The Hindu RSS feed. Processing up to 10.
2026-01-21 14:37:42,385 - INFO - [The Hindu] Article: https://www.thehindu.com/news/national/karnataka/ramachandra-rao-case-likely-to-be-handed-over-to-cid/article70533918.ece
2026-01-21 14:37:42,385 - INFO - [The Hindu] Attempt 1/1: Trying with 'selenium_browser' strategy...
2026-01-21 14:37:42,553 - INFO - Found 20 articles in Times of India RSS feed. Processing up to 10.
2026-01-21 14:37:42,553 - INFO - [Times of India] Article: https://timesofindia.indiatimes.com/world/us/2-students-found-dead-inside-car-in-ohios-franciscan-university-carbon-monoxide-poisoning-suspected/articleshow/126999044.cms
2026-01-21 14:37:42,553 - INFO - [Times of India] Attempt 1/1: Trying with 'selenium_browser' strategy...
2026-01-21 14:37:42,623 - INFO - [BBC] Article: https://www.bbc.com/news/articles/czx1p47x589o?at_medium=RSS&at_campaign=rss
2026-01-21 14:37:42,623 - INFO - [BBC] Attempt 1/1: Trying with 'requests_browser' strategy...
2026-01-21 14:37:42,669 - INFO - [BBC] Success with 'requests_browser'. Found content (945 words).
2026-01-21 14:37:42,711 - INFO - Duplicate article skipped: Air India crash plane had record of safety defects, campaigners claim from BBC
2026-01-21 14:37:42,976 - INFO - [The Guardian] Article: https://www.theguardian.com/world/2026/jan/20/trial-peru-amazon-quinto-inuma-alvarado-indigenous-leader
2026-01-21 14:37:42,976 - INFO - [The Guardian] Attempt 1/1: Trying with 'requests_browser' strategy...
2026-01-21 14:37:43,503 - INFO - [The Guardian] Success with 'requests_browser'. Found content (660 words).
2026-01-21 14:37:43,566 - INFO - Duplicate article skipped: Men charged with contract killing of Indigenous leader to go on trial in Peru | Peru | The Guardian from The Guardian
2026-01-21 14:37:44,042 - INFO - [BBC] Article: https://www.bbc.com/news/articles/cwy8v31kkv1o?at_medium=RSS&at_campaign=rss
2026-01-21 14:37:44,042 - INFO - [BBC] Attempt 1/1: Trying with 'requests_browser' strategy...
2026-01-21 14:37:44,100 - INFO - [BBC] Success with 'requests_browser'. Found content (837 words).
2026-01-21 14:37:44,176 - INFO - Duplicate article skipped: Cambodian businessman exposed in BBC Eye online scam investigation arrested from BBC
2026-01-21 14:37:44,484 - INFO - [The Guardian] Article: https://www.theguardian.com/world/2026/jan/19/guatemala-state-of-emergency-police-officers-killed-prison-gang-violence
2026-01-21 14:37:44,484 - INFO - [The Guardian] Attempt 1/1: Trying with 'requests_browser' strategy...
2026-01-21 14:37:44,644 - INFO - [The Guardian] Success with 'requests_browser'. Found content (498 words).
2026-01-21 14:37:44,772 - INFO - Duplicate article skipped: Guatemala declares state of emergency after eight police officers killed in prison gang violence | Guatemala | The Guardian from The Guardian
2026-01-21 14:37:44,783 - INFO - [BBC] Article: https://www.bbc.com/news/articles/c4grw9vg7y4o?at_medium=RSS&at_campaign=rss
2026-01-21 14:37:44,783 - INFO - [BBC] Attempt 1/1: Trying with 'requests_browser' strategy...
2026-01-21 14:37:44,959 - INFO - [BBC] Success with 'requests_browser'. Found content (689 words).
2026-01-21 14:37:45,120 - INFO - Duplicate article skipped: Kaduna state kidnap: Nigeria police confirm church abductions after earlier denial from BBC
2026-01-21 14:37:45,333 - INFO - [The Guardian] Article: https://www.theguardian.com/world/2026/jan/18/chile-president-declares-state-of-catastrophe-as-wildfires-kill
2026-01-21 14:37:45,333 - INFO - [The Guardian] Attempt 1/1: Trying with 'requests_browser' strategy...
2026-01-21 14:37:45,546 - INFO - [The Guardian] Success with 'requests_browser'. Found content (475 words).
2026-01-21 14:37:45,649 - INFO - Duplicate article skipped: Chilean president declares state of catastrophe as wildfires kill at least 18 | Chile | The Guardian from The Guardian
2026-01-21 14:37:48,053 - INFO - [The Hindu] Page content loaded.
2026-01-21 14:37:48,857 - INFO - [The Hindu] Success with 'selenium_browser'. Found content (259 words).
2026-01-21 14:37:49,115 - INFO - Saved article: Ramachandra Rao case likely to be handed over to CID - The Hindu from The Hindu
2026-01-21 14:37:50,010 - INFO - [The Hindu] Article: https://www.thehindu.com/news/national/andhra-pradesh/chief-minister-chandrababu-naidu-to-visit-nagari-on-january-24/article70533594.ece
2026-01-21 14:37:50,011 - INFO - [The Hindu] Attempt 1/1: Trying with 'selenium_browser' strategy...
2026-01-21 14:37:52,529 - INFO - [The Hindu] Page content loaded.
2026-01-21 14:37:52,597 - INFO - [The Hindu] Success with 'selenium_browser'. Found content (151 words).
2026-01-21 14:37:52,750 - INFO - Saved article: Chief Minister Chandrababu Naidu to visit Nagari on January 24 - The Hindu from The Hindu
2026-01-21 14:37:53,573 - INFO - [The Hindu] Article: https://www.thehindu.com/news/national/andhra-pradesh/three-killed-five-injured-in-separate-road-accidents-in-annamayya-district/article70533261.ece
2026-01-21 14:37:53,574 - INFO - [The Hindu] Attempt 1/1: Trying with 'selenium_browser' strategy...
2026-01-21 14:37:54,584 - INFO - [The Hindu] Page content loaded.
2026-01-21 14:37:54,657 - INFO - [The Hindu] Success with 'selenium_browser'. Found content (196 words).
2026-01-21 14:37:54,748 - INFO - Saved article: Three killed, five injured in separate road accidents in Annamayya district - The Hindu from The Hindu
2026-01-21 14:37:56,118 - INFO - [The Hindu] Article: https://www.thehindu.com/news/national/karnataka/leopard-attack-near-mm-hills-padayatra-two-wheeler-movement-halted/article70534139.ece
2026-01-21 14:37:56,118 - INFO - [The Hindu] Attempt 1/1: Trying with 'selenium_browser' strategy...
2026-01-21 14:37:57,101 - INFO - [The Hindu] Page content loaded.
2026-01-21 14:37:57,144 - INFO - [The Hindu] Success with 'selenium_browser'. Found content (220 words).
2026-01-21 14:37:58,121 - INFO - Saved article: Leopard attack near M.M. Hills: Padayatra, two-wheeler movement halted - The Hindu from The Hindu
2026-01-21 14:37:58,670 - INFO - [The Hindu] Article: https://www.thehindu.com/entertainment/movies/palestine-films-banned-india-bengaluru-international-film-festival-17th-biffes-iffk-kerala/article70533448.ece
2026-01-21 14:37:58,670 - INFO - [The Hindu] Attempt 1/1: Trying with 'selenium_browser' strategy...
2026-01-21 14:38:16,501 - INFO - [Times of India] Page content loaded.
2026-01-21 14:38:16,861 - INFO - [Times of India] Success with 'selenium_browser'. Found content (451 words).
2026-01-21 14:38:16,987 - INFO - Saved article: 2 students found dead inside car in Ohio’s Franciscan University, carbon monoxide poisoning suspected - The Times of India from Times of India
2026-01-21 14:38:17,505 - INFO - [Times of India] Article: https://timesofindia.indiatimes.com/world/us/visa-bond-for-25-countries-immigration-visa-pause-for-75-countries-new-rules-coming-into-effect-from-january-21/articleshow/126993528.cms
2026-01-21 14:38:17,506 - INFO - [Times of India] Attempt 1/1: Trying with 'selenium_browser' strategy...
2026-01-21 14:38:18,500 - INFO - [Times of India] Page content loaded.
2026-01-21 14:38:18,637 - INFO - [Times of India] Success with 'selenium_browser'. Found content (393 words).
2026-01-21 14:38:18,704 - INFO - Saved article: Visa bond for 25 countries, immigration visa pause for 75 countries: New rules coming into effect from January 21 - The Times of India from Times of India
2026-01-21 14:38:19,949 - INFO - [Times of India] Article: https://timesofindia.indiatimes.com/world/us/why-import-h-1b-visas-maga-supporter-questions-indias-tech-talent-after-ai-prediction-indians-react/articleshow/126988203.cms
2026-01-21 14:38:19,949 - INFO - [Times of India] Attempt 1/1: Trying with 'selenium_browser' strategy...
2026-01-21 14:38:20,918 - INFO - [Times of India] Page content loaded.
2026-01-21 14:38:21,041 - INFO - [Times of India] Success with 'selenium_browser'. Found content (332 words).
2026-01-21 14:38:21,097 - INFO - Saved article: ‘Why import H-1B visas?’ MAGA supporter questions India’s tech talent after AI prediction; Indians react - The Times of India from Times of India
2026-01-21 14:38:22,302 - INFO - [Times of India] Article: https://timesofindia.indiatimes.com/world/us/another-brown-child-her-husbands-movement-wants-to-deport-democrat-reacts-to-usha-welcoming-fourth-child-with-jd-vance/articleshow/126992562.cms
2026-01-21 14:38:22,302 - INFO - [Times of India] Attempt 1/1: Trying with 'selenium_browser' strategy...
2026-01-21 14:38:23,693 - INFO - [Times of India] Page content loaded.
2026-01-21 14:38:23,819 - INFO - [Times of India] Success with 'selenium_browser'. Found content (702 words).
2026-01-21 14:38:23,913 - INFO - Saved article: 'Another brown child her husband's movement wants to deport': Democrat reacts to Usha welcoming fourth child with JD Vance - The Times of India from Times of India
2026-01-21 14:38:24,667 - INFO - [Times of India] Article: https://timesofindia.indiatimes.com/world/rest-of-world/world-economic-forum-why-exactly-was-canadas-former-pm-justin-trudeau-in-davos/articleshow/126982063.cms
2026-01-21 14:38:24,667 - INFO - [Times of India] Attempt 1/1: Trying with 'selenium_browser' strategy...
2026-01-21 14:38:26,494 - INFO - [Times of India] Page content loaded.
2026-01-21 14:38:26,664 - INFO - [Times of India] Success with 'selenium_browser'. Found content (279 words).
2026-01-21 14:38:26,733 - INFO - Saved article: World Economic Forum: Why exactly was Canada’s former PM Justin Trudeau in Davos? - The Times of India from Times of India
2026-01-21 14:38:28,133 - INFO - [Times of India] Article: https://timesofindia.indiatimes.com/world/us/is-usha-vance-expecting-a-baby-the-most-googled-questions-about-jd-vances-wife/articleshow/126986641.cms
2026-01-21 14:38:28,133 - INFO - [Times of India] Attempt 1/1: Trying with 'selenium_browser' strategy...
2026-01-21 14:38:29,458 - INFO - [Times of India] Page content loaded.
2026-01-21 14:38:29,556 - INFO - [Times of India] Success with 'selenium_browser'. Found content (695 words).
2026-01-21 14:38:29,664 - INFO - Duplicate article skipped: Is Usha Vance expecting a baby? The most Googled questions about JD Vance's wife | World News - The Times of India from Times of India
2026-01-21 14:38:30,296 - INFO - [Times of India] Article: https://timesofindia.indiatimes.com/world/us/indian-man-killed-in-road-accident-in-us-when-he-was-walking-outside-his-car-used-to-play-cricket-for-north-carolina/articleshow/126985688.cms
2026-01-21 14:38:30,296 - INFO - [Times of India] Attempt 1/1: Trying with 'selenium_browser' strategy...
2026-01-21 14:38:31,205 - INFO - [Times of India] Page content loaded.
2026-01-21 14:38:31,344 - INFO - [Times of India] Success with 'selenium_browser'. Found content (229 words).
2026-01-21 14:38:31,433 - INFO - Duplicate article skipped: Indian man killed in road accident in US when he was walking outside his car; used to play cricket for North Carolina team - The Times of India from Times of India
2026-01-21 14:38:32,571 - INFO - [Times of India] Article: https://timesofindia.indiatimes.com/world/us/how-sunita-williams-600-days-in-space-inspired-the-world/articleshow/126981889.cms
2026-01-21 14:38:32,571 - INFO - [Times of India] Attempt 1/1: Trying with 'selenium_browser' strategy...
2026-01-21 14:38:33,951 - INFO - [Times of India] Page content loaded.
2026-01-21 14:38:34,051 - INFO - [Times of India] Success with 'selenium_browser'. Found content (162 words).
2026-01-21 14:38:34,076 - INFO - Saved article: How Sunita Williams’ 600 days in space inspired the world - The Times of India from Times of India
2026-01-21 14:38:35,126 - INFO - [Times of India] Article: https://timesofindia.indiatimes.com/world/middle-east/abu-dhabi-darb-toll-scam-alert-fraudsters-sending-fake-pending-fees-messages-what-uae-residents-must-know/articleshow/126978446.cms
2026-01-21 14:38:35,126 - INFO - [Times of India] Attempt 1/1: Trying with 'selenium_browser' strategy...
2026-01-21 14:38:36,027 - INFO - [Times of India] Page content loaded.
2026-01-21 14:38:36,109 - INFO - [Times of India] Success with 'selenium_browser'. Found content (469 words).
2026-01-21 14:38:36,136 - INFO - Saved article: Abu Dhabi Dar​b toll scam alert: Fraudsters sending fake pending fees messages, what UAE residents must know - The Times of India from Times of India
2026-01-21 14:38:36,929 - INFO - [Times of India] Article: https://timesofindia.indiatimes.com/entertainment/english/hollywood/news/saas-bahu-aur-beckham-decoding-the-victoria-beckham-vs-nicola-peltz-scandal/articleshow/126979537.cms
2026-01-21 14:38:36,930 - INFO - [Times of India] Attempt 1/1: Trying with 'selenium_browser' strategy...
2026-01-21 14:38:38,006 - INFO - [Times of India] Page content loaded.
2026-01-21 14:38:38,150 - INFO - [Times of India] Success with 'selenium_browser'. Found content (1197 words).
2026-01-21 14:38:38,204 - INFO - Saved article: Saas, Bahu Aur Beckham: Decoding the Victoria Beckham vs Nicola Peltz scandal | - The Times of India from Times of India
2026-01-21 14:38:39,144 - INFO - [Times of India] (Thread) Finished. Attempting to shut down its Selenium driver.
2026-01-21 14:38:39,377 - INFO - [Times of India] (Thread) driver.quit() successful.
2026-01-21 14:39:58,750 - ERROR - [The Hindu] Request failed for strategy 'selenium_browser' on URL https://www.thehindu.com/entertainment/movies/palestine-films-banned-india-bengaluru-international-film-festival-17th-biffes-iffk-kerala/article70533448.ece: HTTPConnectionPool(host='localhost', port=36815): Read timed out. (read timeout=120)
2026-01-21 14:39:58,750 - ERROR - [The Hindu] All scrape strategies failed for https://www.thehindu.com/entertainment/movies/palestine-films-banned-india-bengaluru-international-film-festival-17th-biffes-iffk-kerala/article70533448.ece. Falling back to RSS description.
2026-01-21 14:39:58,752 - INFO - Saved article: BIFFes: No clarity on screening of Palestine films at festival from The Hindu
2026-01-21 14:40:00,164 - INFO - [The Hindu] Article: https://www.thehindu.com/news/national/andhra-pradesh/srm-university-ap-faculty-members-get-ai-training-at-carnegie-mellon-university/article70533814.ece
2026-01-21 14:40:00,164 - INFO - [The Hindu] Attempt 1/1: Trying with 'selenium_browser' strategy...
2026-01-21 14:42:00,166 - ERROR - [The Hindu] Request failed for strategy 'selenium_browser' on URL https://www.thehindu.com/news/national/andhra-pradesh/srm-university-ap-faculty-members-get-ai-training-at-carnegie-mellon-university/article70533814.ece: HTTPConnectionPool(host='localhost', port=36815): Read timed out. (read timeout=120)
2026-01-21 14:42:00,167 - ERROR - [The Hindu] All scrape strategies failed for https://www.thehindu.com/news/national/andhra-pradesh/srm-university-ap-faculty-members-get-ai-training-at-carnegie-mellon-university/article70533814.ece. Falling back to RSS description.
2026-01-21 14:42:00,168 - INFO - Saved article: SRM University-A.P. faculty members get AI training at Carnegie Mellon University from The Hindu
2026-01-21 14:42:01,270 - INFO - [The Hindu] Article: https://www.thehindu.com/news/national/kerala/ed-freezes-13-crore-assets-of-unnikrishnan-potti-prime-accused-in-sabarimala-gold-theft-case/article70533734.ece
2026-01-21 14:42:01,270 - INFO - [The Hindu] Attempt 1/1: Trying with 'selenium_browser' strategy...
2026-01-21 14:42:34,957 - CRITICAL - --- TIMEOUT: 1 scrape jobs did not complete in 300s. ---
2026-01-21 14:42:34,957 - ERROR - A thread has timed out and will be abandoned.
2026-01-21 14:42:34,957 - INFO - Shutting down thread pool (wait=False)...
2026-01-21 14:42:34,957 - INFO - Scraped: 8 Times of India, 0 The Guardian, 0 BBC, 1 Timed_Out_Jobs articles. (Total saved: 8)
2026-01-21 14:42:34,957 - INFO - --- Scraping job finished ---
2026-01-21 14:42:34,958 - INFO - --- Scraper service stopped and database connection closed. ---
2026-01-21 14:42:34,958 - INFO - --- Main thread finished. Forcing process exit to kill zombie threads. ---
