2025-12-21 06:37:50,896 - INFO - Initializing database connection at: news_articles.db
2025-12-21 06:37:50,896 - INFO - --- Scraper service started (CI Mode: Run Once) ---
2025-12-21 06:37:50,896 - INFO - --- Starting new scraping job (Parallel Mode) ---
2025-12-21 06:37:50,896 - INFO - Creating new robust session with 3 retries on 5xx/connection/read errors.
2025-12-21 06:37:50,897 - INFO - Proxy is DISABLED.
2025-12-21 06:37:50,897 - INFO - Starting scrape for BBC RSS feed: http://feeds.bbci.co.uk/news/world/rss.xml
2025-12-21 06:37:50,897 - INFO - [Times of India] (Thread) requires Selenium. Initializing driver...
2025-12-21 06:37:50,898 - INFO - Initializing headless Selenium Chrome driver (using SeleniumManager)...
2025-12-21 06:37:50,898 - INFO - Starting scrape for The Guardian RSS feed: https://www.theguardian.com/world/rss
2025-12-21 06:37:50,898 - INFO - [The Hindu] (Thread) requires Selenium. Initializing driver...
2025-12-21 06:37:50,898 - INFO - Initializing headless Selenium Chrome driver (using SeleniumManager)...
2025-12-21 06:37:50,898 - INFO - Submitted 4 jobs to thread pool. Waiting up to 300s for completion...
2025-12-21 06:37:51,064 - INFO - Found 25 articles in BBC RSS feed. Processing up to 10.
2025-12-21 06:37:51,065 - INFO - [BBC] Article: https://www.bbc.com/news/articles/c5ydzl0nwqeo?at_medium=RSS&at_campaign=rss
2025-12-21 06:37:51,065 - INFO - [BBC] Attempt 1/1: Trying with 'requests_browser' strategy...
2025-12-21 06:37:51,152 - INFO - Found 45 articles in The Guardian RSS feed. Processing up to 10.
2025-12-21 06:37:51,153 - INFO - [The Guardian] Article: https://www.theguardian.com/society/2025/dec/19/hepatitis-b-vaccine-study-guinea-bissau-rfk
2025-12-21 06:37:51,153 - INFO - [The Guardian] Attempt 1/1: Trying with 'requests_browser' strategy...
2025-12-21 06:37:51,186 - INFO - [The Guardian] Success with 'requests_browser'. Found content (1565 words).
2025-12-21 06:37:51,228 - INFO - Duplicate article skipped: US plan for $1.6m hepatitis B vaccine study in Africa called ‘highly unethical’ | Vaccines and immunisation | The Guardian from The Guardian
2025-12-21 06:37:51,281 - INFO - [BBC] Success with 'requests_browser'. Found content (557 words).
2025-12-21 06:37:51,327 - INFO - Saved article: Australian PM announces intelligence review as country mourns Bondi attack from BBC
2025-12-21 06:37:51,860 - INFO - [The Guardian] Article: https://www.theguardian.com/global-development/2025/dec/19/colombian-mercenaries-sudan-rsf-us-sanctions-recruited-uk-registered-firms-investigation
2025-12-21 06:37:51,861 - INFO - [The Guardian] Attempt 1/1: Trying with 'requests_browser' strategy...
2025-12-21 06:37:51,895 - INFO - [The Guardian] Success with 'requests_browser'. Found content (1251 words).
2025-12-21 06:37:51,938 - INFO - Duplicate article skipped: Colombian mercenaries in Sudan ‘recruited by UK-registered firms’ | Conflict and arms | The Guardian from The Guardian
2025-12-21 06:37:51,999 - INFO - [BBC] Article: https://www.bbc.com/news/articles/c0mpy1ynnzzo?at_medium=RSS&at_campaign=rss
2025-12-21 06:37:51,999 - INFO - [BBC] Attempt 1/1: Trying with 'requests_browser' strategy...
2025-12-21 06:37:52,038 - INFO - [BBC] Success with 'requests_browser'. Found content (575 words).
2025-12-21 06:37:52,075 - INFO - Duplicate article skipped: US seizes vessel in international waters off Venezuela's coast, officials say from BBC
2025-12-21 06:37:53,150 - INFO - [The Guardian] Article: https://www.theguardian.com/global-development/2025/dec/18/morocco-genz212-protests-police-mass-arrests-beatings-detentions-rights
2025-12-21 06:37:53,150 - INFO - [The Guardian] Attempt 1/1: Trying with 'requests_browser' strategy...
2025-12-21 06:37:53,178 - INFO - [The Guardian] Success with 'requests_browser'. Found content (772 words).
2025-12-21 06:37:53,219 - INFO - Duplicate article skipped: Morocco accused of ‘horrific’ abuse of detained gen Z protesters | Morocco | The Guardian from The Guardian
2025-12-21 06:37:53,290 - INFO - [BBC] Article: https://www.bbc.com/news/articles/cm20ppy0rreo?at_medium=RSS&at_campaign=rss
2025-12-21 06:37:53,290 - INFO - [BBC] Attempt 1/1: Trying with 'requests_browser' strategy...
2025-12-21 06:37:53,340 - INFO - [BBC] Success with 'requests_browser'. Found content (2275 words).
2025-12-21 06:37:53,388 - INFO - Saved article: How Israel's grassroots hostage families group became a powerful international force from BBC
2025-12-21 06:37:53,831 - INFO - [The Guardian] Article: https://www.theguardian.com/world/2025/dec/16/five-key-moments-in-the-assault-on-the-rights-of-women-and-girls-in-2025
2025-12-21 06:37:53,831 - INFO - [The Guardian] Attempt 1/1: Trying with 'requests_browser' strategy...
2025-12-21 06:37:53,861 - INFO - [The Guardian] Success with 'requests_browser'. Found content (914 words).
2025-12-21 06:37:53,903 - INFO - Duplicate article skipped: Five key moments in the assault on the rights of women and girls in 2025 | Anti-rights movement | The Guardian from The Guardian
2025-12-21 06:37:54,127 - INFO - [BBC] Article: https://www.bbc.com/news/articles/c14vy02847vo?at_medium=RSS&at_campaign=rss
2025-12-21 06:37:54,127 - INFO - [BBC] Attempt 1/1: Trying with 'requests_browser' strategy...
2025-12-21 06:37:54,171 - INFO - [BBC] Success with 'requests_browser'. Found content (1254 words).
2025-12-21 06:37:54,212 - INFO - Duplicate article skipped: Survivors are 'nervous and sceptical' about partial Epstein file release from BBC
2025-12-21 06:37:54,879 - INFO - [BBC] Article: https://www.bbc.com/news/articles/c79xyxdpzrxo?at_medium=RSS&at_campaign=rss
2025-12-21 06:37:54,879 - INFO - [BBC] Attempt 1/1: Trying with 'requests_browser' strategy...
2025-12-21 06:37:54,908 - INFO - [BBC] Success with 'requests_browser'. Found content (116 words).
2025-12-21 06:37:54,980 - INFO - Saved article: Gunmen kill nine in South Africa tavern attack from BBC
2025-12-21 06:37:55,304 - INFO - [The Guardian] Article: https://www.theguardian.com/world/2025/dec/16/south-africa-russia-men-tricked-fighting-ukraine
2025-12-21 06:37:55,305 - INFO - [The Guardian] Attempt 1/1: Trying with 'requests_browser' strategy...
2025-12-21 06:37:55,329 - INFO - [The Guardian] Success with 'requests_browser'. Found content (503 words).
2025-12-21 06:37:55,364 - INFO - Duplicate article skipped: South Africa in talks with Russia over men ‘tricked’ into fighting in Ukraine | South Africa | The Guardian from The Guardian
2025-12-21 06:37:56,387 - INFO - [BBC] Article: https://www.bbc.com/news/articles/c9qe2yln2nlo?at_medium=RSS&at_campaign=rss
2025-12-21 06:37:56,387 - INFO - [BBC] Attempt 1/1: Trying with 'requests_browser' strategy...
2025-12-21 06:37:56,398 - INFO - [The Guardian] Article: https://www.theguardian.com/us-news/2025/dec/20/us-second-merchant-vessel-venezuela
2025-12-21 06:37:56,398 - INFO - [The Guardian] Attempt 1/1: Trying with 'requests_browser' strategy...
2025-12-21 06:37:56,424 - INFO - [BBC] Success with 'requests_browser'. Found content (162 words).
2025-12-21 06:37:56,463 - INFO - Duplicate article skipped: India express train kills seven elephants crossing tracks from BBC
2025-12-21 06:37:56,471 - INFO - [The Guardian] Success with 'requests_browser'. Found content (911 words).
2025-12-21 06:37:56,508 - INFO - Duplicate article skipped: US intercepts second merchant vessel off coast of Venezuela in international waters | US military | The Guardian from The Guardian
2025-12-21 06:37:57,269 - INFO - [BBC] Article: https://www.bbc.com/news/articles/c62vx2pgl0eo?at_medium=RSS&at_campaign=rss
2025-12-21 06:37:57,269 - INFO - [BBC] Attempt 1/1: Trying with 'requests_browser' strategy...
2025-12-21 06:37:57,302 - INFO - [BBC] Success with 'requests_browser'. Found content (572 words).
2025-12-21 06:37:57,348 - INFO - Duplicate article skipped: Imran Khan and wife sentenced for state gift fraud from BBC
2025-12-21 06:37:57,360 - INFO - [The Guardian] Article: https://www.theguardian.com/us-news/2025/dec/19/trump-venezuela-war
2025-12-21 06:37:57,361 - INFO - [The Guardian] Attempt 1/1: Trying with 'requests_browser' strategy...
2025-12-21 06:37:57,390 - INFO - [The Guardian] Success with 'requests_browser'. Found content (817 words).
2025-12-21 06:37:57,426 - INFO - Duplicate article skipped: Trump and top aides refuse to rule out war with Venezuela | US foreign policy | The Guardian from The Guardian
2025-12-21 06:37:57,898 - INFO - Selenium driver initialized successfully.
2025-12-21 06:37:57,898 - INFO - Selenium driver initialized successfully.
2025-12-21 06:37:57,898 - INFO - Starting scrape for The Hindu RSS feed: https://www.thehindu.com/news/national/feeder/default.rss
2025-12-21 06:37:57,899 - INFO - Starting scrape for Times of India RSS feed: https://timesofindia.indiatimes.com/rssfeeds/296589292.cms
2025-12-21 06:37:58,006 - INFO - Found 20 articles in Times of India RSS feed. Processing up to 10.
2025-12-21 06:37:58,006 - INFO - [Times of India] Article: https://timesofindia.indiatimes.com/world/us/im-literally-stuck-in-india-us-cancels-h-1b-interviews-abruptly-leaving-workers-stranded-back-home-but-why/articleshow/126100878.cms
2025-12-21 06:37:58,006 - INFO - [Times of India] Attempt 1/1: Trying with 'selenium_browser' strategy...
2025-12-21 06:37:58,087 - INFO - Found 100 articles in The Hindu RSS feed. Processing up to 10.
2025-12-21 06:37:58,088 - INFO - [The Hindu] Article: https://www.thehindu.com/news/national/jammu-and-kashmir/searches-underway-after-terrorists-take-food-from-house-in-jks-udhampur/article70422147.ece
2025-12-21 06:37:58,088 - INFO - [The Hindu] Attempt 1/1: Trying with 'selenium_browser' strategy...
2025-12-21 06:37:58,333 - INFO - [The Guardian] Article: https://www.theguardian.com/world/2025/dec/19/montreal-grocery-store-santas-elves-robbery
2025-12-21 06:37:58,333 - INFO - [The Guardian] Attempt 1/1: Trying with 'requests_browser' strategy...
2025-12-21 06:37:58,361 - INFO - [The Guardian] Success with 'requests_browser'. Found content (403 words).
2025-12-21 06:37:58,413 - INFO - Duplicate article skipped: Santas and elves rob Montreal grocery store to ‘give food to the needy’ | Canada | The Guardian from The Guardian
2025-12-21 06:37:58,633 - INFO - [BBC] Article: https://www.bbc.com/news/articles/c5y9z0g7lleo?at_medium=RSS&at_campaign=rss
2025-12-21 06:37:58,633 - INFO - [BBC] Attempt 1/1: Trying with 'requests_browser' strategy...
2025-12-21 06:37:58,666 - INFO - [BBC] Success with 'requests_browser'. Found content (441 words).
2025-12-21 06:37:58,715 - INFO - Duplicate article skipped: Blue Origin: Engineer becomes first wheelchair user to go to space from BBC
2025-12-21 06:37:59,086 - INFO - [The Guardian] Article: https://www.theguardian.com/world/2025/dec/19/colombia-eln-guerrilla-group-attack-military-base
2025-12-21 06:37:59,086 - INFO - [The Guardian] Attempt 1/1: Trying with 'requests_browser' strategy...
2025-12-21 06:37:59,146 - INFO - [The Guardian] Success with 'requests_browser'. Found content (351 words).
2025-12-21 06:37:59,212 - INFO - Duplicate article skipped: Seven Colombian soldiers killed in rebel drone attack on base near Venezuela | Colombia | The Guardian from The Guardian
2025-12-21 06:37:59,258 - INFO - [BBC] Article: https://www.bbc.com/news/articles/c5yq7zzw618o?at_medium=RSS&at_campaign=rss
2025-12-21 06:37:59,258 - INFO - [BBC] Attempt 1/1: Trying with 'requests_browser' strategy...
2025-12-21 06:37:59,320 - INFO - [BBC] Success with 'requests_browser'. Found content (597 words).
2025-12-21 06:37:59,398 - INFO - Duplicate article skipped: US carries out 'massive' strike against IS in Syria from BBC
2025-12-21 06:38:00,034 - INFO - [The Guardian] Article: https://www.theguardian.com/world/2025/dec/19/i-cant-think-of-a-place-more-pristine-133000-hectares-of-chilean-patagonia-preserved-after-local-fundraising
2025-12-21 06:38:00,034 - INFO - [The Guardian] Attempt 1/1: Trying with 'requests_browser' strategy...
2025-12-21 06:38:00,039 - INFO - [BBC] Article: https://www.bbc.com/news/articles/c8r38ne1x2mo?at_medium=RSS&at_campaign=rss
2025-12-21 06:38:00,039 - INFO - [BBC] Attempt 1/1: Trying with 'requests_browser' strategy...
2025-12-21 06:38:00,276 - INFO - [The Guardian] Success with 'requests_browser'. Found content (1210 words).
2025-12-21 06:38:00,414 - INFO - [BBC] Success with 'requests_browser'. Found content (1593 words).
2025-12-21 06:38:00,511 - INFO - Duplicate article skipped: ‘I can’t think of a place more pristine’: 133,000 hectares of Chilean Patagonia preserved after local fundraising | Chile | The Guardian from The Guardian
2025-12-21 06:38:00,607 - INFO - Duplicate article skipped: Epstein files: Who and what are in the documents? from BBC
2025-12-21 06:38:01,898 - INFO - [The Hindu] Page content loaded.
2025-12-21 06:38:01,986 - INFO - [The Hindu] Success with 'selenium_browser'. Found content (223 words).
2025-12-21 06:38:02,088 - INFO - Saved article: Searches underway after terrorists take food from house in J&K's Udhampur - The Hindu from The Hindu
2025-12-21 06:38:03,584 - INFO - [The Hindu] Article: https://www.thehindu.com/news/national/kerala/sreenivasan-kerala-bids-farewell-to-a-legend/article70422080.ece
2025-12-21 06:38:03,584 - INFO - [The Hindu] Attempt 1/1: Trying with 'selenium_browser' strategy...
2025-12-21 06:38:07,288 - INFO - [The Hindu] Page content loaded.
2025-12-21 06:38:07,634 - INFO - [The Hindu] Success with 'selenium_browser'. Found content (229 words).
2025-12-21 06:38:08,486 - INFO - Saved article: Sreenivasan: Kerala bids farewell to a legend - The Hindu from The Hindu
2025-12-21 06:38:09,315 - INFO - [The Hindu] Article: https://www.thehindu.com/news/national/jammu-and-kashmir/snow-rain-in-kashmir-chillai-kalan/article70422055.ece
2025-12-21 06:38:09,315 - INFO - [The Hindu] Attempt 1/1: Trying with 'selenium_browser' strategy...
2025-12-21 06:38:09,589 - INFO - [Times of India] Page content loaded.
2025-12-21 06:38:10,200 - INFO - [Times of India] Success with 'selenium_browser'. Found content (785 words).
2025-12-21 06:38:10,407 - INFO - Saved article: ‘I’m literally stuck in India’: US cancels H-1b interviews abruptly, leaving workers stranded back home — but why? - The Times of India from Times of India
2025-12-21 06:38:11,171 - INFO - [Times of India] Article: https://timesofindia.indiatimes.com/world/pakistan/prepare-for-street-movement-imran-khan-calls-for-nationwide-protests-after-17-years-sentence-claims-his-lawyers-were-not-heard-in-court/articleshow/126101430.cms
2025-12-21 06:38:11,171 - INFO - [Times of India] Attempt 1/1: Trying with 'selenium_browser' strategy...
2025-12-21 06:38:13,041 - INFO - [The Hindu] Page content loaded.
2025-12-21 06:38:13,206 - INFO - [The Hindu] Success with 'selenium_browser'. Found content (257 words).
2025-12-21 06:38:13,330 - INFO - Saved article: Snow, rain in higher reaches of Kashmir as ‘Chillai-Kalan’ checks in - The Hindu from The Hindu
2025-12-21 06:38:13,453 - INFO - [Times of India] Page content loaded.
2025-12-21 06:38:13,836 - INFO - [Times of India] Success with 'selenium_browser'. Found content (377 words).
2025-12-21 06:38:13,990 - INFO - Saved article: ‘Prepare for street movement’: Imran Khan calls for nationwide protests after 17 years sentence; claims his lawyers were not heard in court - The Times of India from Times of India
2025-12-21 06:38:14,114 - INFO - [The Hindu] Article: https://www.thehindu.com/videos/karnatakas-iconic-toy-towns-why-the-next-generation-walking-away/article70422047.ece
2025-12-21 06:38:14,114 - INFO - [The Hindu] Attempt 1/1: Trying with 'selenium_browser' strategy...
2025-12-21 06:38:14,945 - INFO - [Times of India] Article: https://timesofindia.indiatimes.com/world/middle-east/saudi-arabia-riyadh-introduces-new-semester-and-annual-passes-for-unlimited-travel-from-jan-2026/articleshow/126101008.cms
2025-12-21 06:38:14,945 - INFO - [Times of India] Attempt 1/1: Trying with 'selenium_browser' strategy...
2025-12-21 06:38:17,451 - INFO - [The Hindu] Page content loaded.
2025-12-21 06:38:17,623 - WARNING - [The Hindu] FAILED with 'selenium_browser' (content was too short: 68 words).
2025-12-21 06:38:17,624 - ERROR - [The Hindu] All scrape strategies failed for https://www.thehindu.com/videos/karnatakas-iconic-toy-towns-why-the-next-generation-walking-away/article70422047.ece. Falling back to RSS description.
2025-12-21 06:38:17,629 - INFO - Saved article: Karnataka’s iconic toy towns: Why is the next generation walking away? from The Hindu
2025-12-21 06:38:19,018 - INFO - [The Hindu] Article: https://www.thehindu.com/news/national/maharashtra/maharashtra-civic-polls-counting-updated-december-21/article70422041.ece
2025-12-21 06:38:19,018 - INFO - [The Hindu] Attempt 1/1: Trying with 'selenium_browser' strategy...
2025-12-21 06:38:22,465 - INFO - [The Hindu] Page content loaded.
2025-12-21 06:38:22,485 - INFO - [Times of India] Page content loaded.
2025-12-21 06:38:22,811 - INFO - [The Hindu] Success with 'selenium_browser'. Found content (172 words).
2025-12-21 06:38:22,956 - INFO - Saved article: Maharashtra civic polls counting begins - The Hindu from The Hindu
2025-12-21 06:38:23,511 - INFO - [Times of India] Success with 'selenium_browser'. Found content (235 words).
2025-12-21 06:38:23,640 - INFO - Duplicate article skipped: Saudi Arabia: Riyadh introduces new semester and annual passes for unlimited travel from Jan 2026 | World News - The Times of India from Times of India
2025-12-21 06:38:24,067 - INFO - [The Hindu] Article: https://www.thehindu.com/news/national/maharashtra/maharashtra-police-helps-in-rescue-of-7-persons-from-cyber-slavery-in-myanmars-notorious-kk-park/article70422003.ece
2025-12-21 06:38:24,067 - INFO - [The Hindu] Attempt 1/1: Trying with 'selenium_browser' strategy...
2025-12-21 06:38:25,091 - INFO - [Times of India] Article: https://timesofindia.indiatimes.com/world/us-streamers/what-really-happened-when-kick-streamer-clavicular-was-forced-to-the-ground-and-arrested-live-on-stream/articleshow/126100427.cms
2025-12-21 06:38:25,091 - INFO - [Times of India] Attempt 1/1: Trying with 'selenium_browser' strategy...
2025-12-21 06:38:28,949 - INFO - [The Hindu] Page content loaded.
2025-12-21 06:38:29,029 - INFO - [The Hindu] Success with 'selenium_browser'. Found content (380 words).
2025-12-21 06:38:29,136 - INFO - Saved article: Maharashtra police helps in rescue of 7 persons from 'cyber slavery' in Myanmar's notorious KK Park - The Hindu from The Hindu
2025-12-21 06:38:30,098 - INFO - [Times of India] Page content loaded.
2025-12-21 06:38:30,209 - INFO - [The Hindu] Article: https://www.thehindu.com/news/national/pm-modi-assam-visit-second-day-pariksha-pe-charcha/article70422013.ece
2025-12-21 06:38:30,209 - INFO - [The Hindu] Attempt 1/1: Trying with 'selenium_browser' strategy...
2025-12-21 06:38:30,304 - INFO - [Times of India] Success with 'selenium_browser'. Found content (399 words).
2025-12-21 06:38:30,428 - INFO - Duplicate article skipped: What really happened when Kick streamer Clavicular was forced to the ground and arrested live on stream? - The Times of India from Times of India
2025-12-21 06:38:31,839 - INFO - [Times of India] Article: https://timesofindia.indiatimes.com/world/us-streamers/why-did-lamarr-wilson-commit-suicide-inside-the-heartbreaking-loss-of-the-tech-youtuber-who-inspired-millions/articleshow/126100450.cms
2025-12-21 06:38:31,839 - INFO - [Times of India] Attempt 1/1: Trying with 'selenium_browser' strategy...
2025-12-21 06:38:33,013 - INFO - [The Hindu] Page content loaded.
2025-12-21 06:38:33,094 - INFO - [The Hindu] Success with 'selenium_browser'. Found content (168 words).
2025-12-21 06:38:33,252 - INFO - Duplicate article skipped: PM interacts with students in ‘Pariksha Pe Charcha’ programme in Assam - The Hindu from The Hindu
2025-12-21 06:38:33,355 - INFO - [Times of India] Page content loaded.
2025-12-21 06:38:33,502 - INFO - [Times of India] Success with 'selenium_browser'. Found content (517 words).
2025-12-21 06:38:33,575 - INFO - Saved article: Why did Lamarr Wilson commit suicide? Inside the heartbreaking loss of the tech YouTuber who inspired millions - The Times of India from Times of India
2025-12-21 06:38:34,741 - INFO - [The Hindu] Article: https://www.thehindu.com/photos/in-frames-grounded-in-tradition-a-kashmiri-village-endures/article70421969.ece
2025-12-21 06:38:34,741 - INFO - [The Hindu] Attempt 1/1: Trying with 'selenium_browser' strategy...
2025-12-21 06:38:34,822 - INFO - [Times of India] Article: https://timesofindia.indiatimes.com/world/us-streamers/candace-owens-shares-shocking-fresh-witness-claim-about-erika-kirk-meeting-security-before-charlie-kirk-death/articleshow/126100414.cms
2025-12-21 06:38:34,822 - INFO - [Times of India] Attempt 1/1: Trying with 'selenium_browser' strategy...
2025-12-21 06:38:37,117 - INFO - [Times of India] Page content loaded.
2025-12-21 06:38:37,474 - INFO - [Times of India] Success with 'selenium_browser'. Found content (461 words).
2025-12-21 06:38:37,639 - INFO - Saved article: Candace Owens shares shocking fresh witness claim about Erika Kirk meeting security before Charlie Kirk death - The Times of India from Times of India
2025-12-21 06:38:38,890 - INFO - [The Hindu] Page content loaded.
2025-12-21 06:38:39,120 - INFO - [Times of India] Article: https://timesofindia.indiatimes.com/world/us-streamers/the-real-monsters-rob-schneider-blasts-candace-owens-and-nick-fuentes-warns-conservatives-at-tpusas-amfest/articleshow/126100368.cms
2025-12-21 06:38:39,120 - INFO - [Times of India] Attempt 1/1: Trying with 'selenium_browser' strategy...
2025-12-21 06:38:39,150 - INFO - [The Hindu] Success with 'selenium_browser'. Found content (551 words).
2025-12-21 06:38:39,386 - INFO - Duplicate article skipped: In Frames: Grounded in tradition, Dudran, a Kashmiri village endures - The Hindu from The Hindu
2025-12-21 06:38:40,468 - INFO - [Times of India] Page content loaded.
2025-12-21 06:38:40,604 - INFO - [Times of India] Success with 'selenium_browser'. Found content (368 words).
2025-12-21 06:38:40,662 - INFO - Saved article: “The real monsters”: Rob Schneider blasts Candace Owens and Nick Fuentes, warns conservatives at TPUSA’s AmFest - The Times of India from Times of India
2025-12-21 06:38:40,760 - INFO - [The Hindu] Article: https://www.thehindu.com/news/national/uttar-pradesh/up-ministers-flay-akhilesh-yadav-over-photographs-with-cough-syrup-case-accused/article70421934.ece
2025-12-21 06:38:40,760 - INFO - [The Hindu] Attempt 1/1: Trying with 'selenium_browser' strategy...
2025-12-21 06:38:41,215 - INFO - [Times of India] Article: https://timesofindia.indiatimes.com/world/us-streamers/jenna-marbles-and-twitch-streamer-julien-solomita-mourn-the-loss-of-mr-marbles-at-17/articleshow/126098013.cms
2025-12-21 06:38:41,215 - INFO - [Times of India] Attempt 1/1: Trying with 'selenium_browser' strategy...
2025-12-21 06:38:42,643 - INFO - [The Hindu] Page content loaded.
2025-12-21 06:38:42,994 - INFO - [The Hindu] Success with 'selenium_browser'. Found content (462 words).
2025-12-21 06:38:43,106 - INFO - Duplicate article skipped: U.P. ministers flay Akhilesh Yadav over photographs with cough syrup case accused - The Hindu from The Hindu
2025-12-21 06:38:43,739 - INFO - [The Hindu] Article: https://www.thehindu.com/news/national/tamil-nadu/destroy-ivory-stocks-only-after-taking-samples-for-dna-tests-madras-high-court-directs-tn-forest-department/article70419984.ece
2025-12-21 06:38:43,739 - INFO - [The Hindu] Attempt 1/1: Trying with 'selenium_browser' strategy...
2025-12-21 06:38:48,379 - INFO - [The Hindu] Page content loaded.
2025-12-21 06:38:48,483 - INFO - [The Hindu] Success with 'selenium_browser'. Found content (407 words).
2025-12-21 06:38:48,566 - INFO - Duplicate article skipped: Destroy ivory stocks only after taking samples for DNA tests, Madras High Court directs T.N. forest department - The Hindu from The Hindu
2025-12-21 06:38:49,479 - INFO - [The Hindu] (Thread) Finished. Attempting to shut down its Selenium driver.
2025-12-21 06:38:49,652 - INFO - [The Hindu] (Thread) driver.quit() successful.
2025-12-21 06:38:53,031 - WARNING - [Times of India] Page timed out (10s). No <p> tags found. Proceeding anyway.
2025-12-21 06:38:53,226 - INFO - [Times of India] Success with 'selenium_browser'. Found content (439 words).
2025-12-21 06:38:53,331 - INFO - Saved article: Jenna Marbles and Twitch streamer Julien Solomita mourn the loss of Mr. Marbles at 17 - The Times of India from Times of India
2025-12-21 06:38:54,071 - INFO - [Times of India] Article: https://timesofindia.indiatimes.com/world/south-asia/conducted-operations-yunus-says-rab-police-probing-hindu-mans-murder-in-bangladesh-10-arrested/articleshow/126100966.cms
2025-12-21 06:38:54,071 - INFO - [Times of India] Attempt 1/1: Trying with 'selenium_browser' strategy...
2025-12-21 06:38:54,990 - INFO - [Times of India] Page content loaded.
2025-12-21 06:38:55,080 - INFO - [Times of India] Success with 'selenium_browser'. Found content (411 words).
2025-12-21 06:38:55,147 - INFO - Saved article: ‘Conducted operations’: Yunus says RAB, police probing Hindu man's murder in Bangladesh; 10 arrested - The Times of India from Times of India
2025-12-21 06:38:56,548 - INFO - [Times of India] Article: https://timesofindia.indiatimes.com/business/international-business/dont-travel-google-and-apple-warn-visa-workers-against-overseas-travel-amid-us-immigration-crackdown/articleshow/126100671.cms
2025-12-21 06:38:56,548 - INFO - [Times of India] Attempt 1/1: Trying with 'selenium_browser' strategy...
2025-12-21 06:38:57,542 - INFO - [Times of India] Page content loaded.
2025-12-21 06:38:57,778 - INFO - [Times of India] Success with 'selenium_browser'. Found content (481 words).
2025-12-21 06:38:57,842 - INFO - Saved article: 'Don’t travel’: Google and Apple warn visa workers against overseas travel amid US immigration crackdown - The Times of India from Times of India
2025-12-21 06:38:58,879 - INFO - [Times of India] (Thread) Finished. Attempting to shut down its Selenium driver.
2025-12-21 06:38:59,179 - INFO - [Times of India] (Thread) driver.quit() successful.
2025-12-21 06:38:59,179 - INFO - Shutting down thread pool (wait=False)...
2025-12-21 06:38:59,179 - INFO - Scraped: 0 The Guardian, 8 Times of India, 6 The Hindu, 3 BBC articles. (Total saved: 17)
2025-12-21 06:38:59,179 - INFO - --- Scraping job finished ---
2025-12-21 06:38:59,186 - INFO - --- Scraper service stopped and database connection closed. ---
2025-12-21 06:38:59,186 - INFO - --- Main thread finished. Forcing process exit to kill zombie threads. ---
