2025-11-26 04:31:47,686 - INFO - Initializing database connection at: news_articles.db
2025-11-26 04:31:47,686 - INFO - --- Scraper service started (CI Mode: Run Once) ---
2025-11-26 04:31:47,686 - INFO - --- Starting new scraping job (Parallel Mode) ---
2025-11-26 04:31:47,686 - INFO - Creating new robust session with 3 retries on 5xx/connection/read errors.
2025-11-26 04:31:47,686 - INFO - Proxy is DISABLED.
2025-11-26 04:31:47,687 - INFO - Starting scrape for BBC RSS feed: http://feeds.bbci.co.uk/news/world/rss.xml
2025-11-26 04:31:47,687 - INFO - [Times of India] (Thread) requires Selenium. Initializing driver...
2025-11-26 04:31:47,687 - INFO - Initializing headless Selenium Chrome driver (using SeleniumManager)...
2025-11-26 04:31:47,688 - INFO - Starting scrape for The Guardian RSS feed: https://www.theguardian.com/world/rss
2025-11-26 04:31:47,688 - INFO - [The Hindu] (Thread) requires Selenium. Initializing driver...
2025-11-26 04:31:47,688 - INFO - Initializing headless Selenium Chrome driver (using SeleniumManager)...
2025-11-26 04:31:47,689 - INFO - Submitted 4 jobs to thread pool. Waiting up to 300s for completion...
2025-11-26 04:31:47,804 - INFO - Found 45 articles in The Guardian RSS feed. Processing up to 10.
2025-11-26 04:31:47,805 - INFO - [The Guardian] Article: https://www.theguardian.com/world/2025/nov/25/nigerian-schoolgirls-rescued-after-mass-abduction-in-kebbi
2025-11-26 04:31:47,805 - INFO - [The Guardian] Attempt 1/1: Trying with 'requests_browser' strategy...
2025-11-26 04:31:47,848 - INFO - [The Guardian] Success with 'requests_browser'. Found content (515 words).
2025-11-26 04:31:47,904 - INFO - Duplicate article skipped: Nigerian schoolgirls rescued after mass abduction in Kebbi | Nigeria | The Guardian from The Guardian
2025-11-26 04:31:47,910 - INFO - Found 30 articles in BBC RSS feed. Processing up to 10.
2025-11-26 04:31:47,911 - INFO - [BBC] Article: https://www.bbc.com/news/articles/cy95jvw57v2o?at_medium=RSS&at_campaign=rss
2025-11-26 04:31:47,911 - INFO - [BBC] Attempt 1/1: Trying with 'requests_browser' strategy...
2025-11-26 04:31:48,134 - INFO - [BBC] Success with 'requests_browser'. Found content (1027 words).
2025-11-26 04:31:48,180 - INFO - Duplicate article skipped: Ukraine says 'understanding' reached on US peace plan, as Trump envoy to meet Putin from BBC
2025-11-26 04:31:49,008 - INFO - [The Guardian] Article: https://www.theguardian.com/world/2025/nov/25/jacob-zuma-daughter-accused-tricking-men-fighting-for-russia-in-ukraine
2025-11-26 04:31:49,008 - INFO - [The Guardian] Attempt 1/1: Trying with 'requests_browser' strategy...
2025-11-26 04:31:49,043 - INFO - [The Guardian] Success with 'requests_browser'. Found content (656 words).
2025-11-26 04:31:49,091 - INFO - Duplicate article skipped: Jacob Zuma’s daughter accused of tricking men into fighting for Russia in Ukraine | South Africa | The Guardian from The Guardian
2025-11-26 04:31:49,574 - INFO - [BBC] Article: https://www.bbc.com/news/articles/c1dzp050yn2o?at_medium=RSS&at_campaign=rss
2025-11-26 04:31:49,574 - INFO - [BBC] Attempt 1/1: Trying with 'requests_browser' strategy...
2025-11-26 04:31:49,626 - INFO - [BBC] Success with 'requests_browser'. Found content (1214 words).
2025-11-26 04:31:49,666 - INFO - Duplicate article skipped: Italian parliament unanimously votes to make femicide a crime from BBC
2025-11-26 04:31:50,057 - INFO - [The Guardian] Article: https://www.theguardian.com/uk-news/2025/nov/24/uk-rejects-nigerian-request-to-deport-former-politican-ike-ekweremadu-jailed-for-organ-trafficking
2025-11-26 04:31:50,057 - INFO - [The Guardian] Attempt 1/1: Trying with 'requests_browser' strategy...
2025-11-26 04:31:50,087 - INFO - [The Guardian] Success with 'requests_browser'. Found content (545 words).
2025-11-26 04:31:50,120 - INFO - Duplicate article skipped: UK rejects Nigerian request to deport former politican jailed for organ trafficking | UK news | The Guardian from The Guardian
2025-11-26 04:31:50,499 - INFO - [BBC] Article: https://www.bbc.com/news/articles/crmx7x3yjyko?at_medium=RSS&at_campaign=rss
2025-11-26 04:31:50,499 - INFO - [BBC] Attempt 1/1: Trying with 'requests_browser' strategy...
2025-11-26 04:31:50,545 - INFO - [BBC] Success with 'requests_browser'. Found content (1927 words).
2025-11-26 04:31:50,587 - INFO - Duplicate article skipped: Russia's Wagner group accused of killing civilians in cold-blood in Mali from BBC
2025-11-26 04:31:50,882 - INFO - [The Guardian] Article: https://www.theguardian.com/world/2025/nov/24/ethiopian-volcano-hayli-gubbi-erupts-first-time-12000-years
2025-11-26 04:31:50,882 - INFO - [The Guardian] Attempt 1/1: Trying with 'requests_browser' strategy...
2025-11-26 04:31:50,910 - INFO - [The Guardian] Success with 'requests_browser'. Found content (306 words).
2025-11-26 04:31:50,947 - INFO - Duplicate article skipped: Ethiopian volcano erupts for first time in 12,000 years | Ethiopia | The Guardian from The Guardian
2025-11-26 04:31:51,227 - INFO - [BBC] Article: https://www.bbc.com/news/articles/cp84xed0g18o?at_medium=RSS&at_campaign=rss
2025-11-26 04:31:51,227 - INFO - [BBC] Attempt 1/1: Trying with 'requests_browser' strategy...
2025-11-26 04:31:51,266 - INFO - [BBC] Success with 'requests_browser'. Found content (500 words).
2025-11-26 04:31:51,303 - INFO - Duplicate article skipped: New Zealand 'suitcase murders': Woman gets life in prison for killing her two children from BBC
2025-11-26 04:31:51,872 - INFO - [BBC] Article: https://www.bbc.com/news/articles/ckg97wx144jo?at_medium=RSS&at_campaign=rss
2025-11-26 04:31:51,872 - INFO - [BBC] Attempt 1/1: Trying with 'requests_browser' strategy...
2025-11-26 04:31:51,910 - INFO - [BBC] Success with 'requests_browser'. Found content (477 words).
2025-11-26 04:31:51,951 - INFO - Saved article: South East Asia floods: Scores killed and thousands evacuated from record rainfall from BBC
2025-11-26 04:31:52,012 - INFO - [The Guardian] Article: https://www.theguardian.com/world/2025/nov/23/cyril-ramaphosa-gavel-g20-summit-us-handover
2025-11-26 04:31:52,012 - INFO - [The Guardian] Attempt 1/1: Trying with 'requests_browser' strategy...
2025-11-26 04:31:52,202 - INFO - [The Guardian] Success with 'requests_browser'. Found content (520 words).
2025-11-26 04:31:52,247 - INFO - Duplicate article skipped: Cyril Ramaphosa closes G20 summit after US boycott and handover row | G20 | The Guardian from The Guardian
2025-11-26 04:31:52,763 - INFO - [The Guardian] Article: https://www.theguardian.com/world/2025/nov/25/jair-bolsonaro-brazil-prison
2025-11-26 04:31:52,763 - INFO - [The Guardian] Attempt 1/1: Trying with 'requests_browser' strategy...
2025-11-26 04:31:52,793 - INFO - [The Guardian] Success with 'requests_browser'. Found content (877 words).
2025-11-26 04:31:52,826 - INFO - Duplicate article skipped: Jair Bolsonaro ordered to start 27-year prison term for plotting Brazil coup | Jair Bolsonaro | The Guardian from The Guardian
2025-11-26 04:31:53,321 - INFO - [BBC] Article: https://www.bbc.com/news/articles/c997r8pyyz4o?at_medium=RSS&at_campaign=rss
2025-11-26 04:31:53,322 - INFO - [BBC] Attempt 1/1: Trying with 'requests_browser' strategy...
2025-11-26 04:31:53,354 - INFO - [BBC] Success with 'requests_browser'. Found content (309 words).
2025-11-26 04:31:53,388 - INFO - Duplicate article skipped: Parking inspector and wife arrested for €1m meter theft from BBC
2025-11-26 04:31:53,615 - INFO - [The Guardian] Article: https://www.theguardian.com/world/2025/nov/25/uk-accused-of-caving-in-to-british-virgin-islands-over-access-to-company-register
2025-11-26 04:31:53,615 - INFO - [The Guardian] Attempt 1/1: Trying with 'requests_browser' strategy...
2025-11-26 04:31:53,645 - INFO - [The Guardian] Success with 'requests_browser'. Found content (566 words).
2025-11-26 04:31:53,689 - INFO - Duplicate article skipped: UK accused of caving-in to British Virgin Islands over access to companies register | British Virgin Islands | The Guardian from The Guardian
2025-11-26 04:31:54,546 - INFO - [The Guardian] Article: https://www.theguardian.com/world/2025/nov/25/canadian-author-thomas-king-not-indigenous-cherokee-inconvenient-indian
2025-11-26 04:31:54,546 - INFO - [The Guardian] Attempt 1/1: Trying with 'requests_browser' strategy...
2025-11-26 04:31:54,576 - INFO - [The Guardian] Success with 'requests_browser'. Found content (541 words).
2025-11-26 04:31:54,602 - INFO - [BBC] Article: https://www.bbc.com/news/articles/cr4dl19npv5o?at_medium=RSS&at_campaign=rss
2025-11-26 04:31:54,602 - INFO - [BBC] Attempt 1/1: Trying with 'requests_browser' strategy...
2025-11-26 04:31:54,618 - INFO - Selenium driver initialized successfully.
2025-11-26 04:31:54,618 - INFO - Starting scrape for The Hindu RSS feed: https://www.thehindu.com/news/national/feeder/default.rss
2025-11-26 04:31:54,619 - INFO - Duplicate article skipped: Canada: ‘Inconvenient Indian’ author Thomas King says he is not Indigenous | Canada | The Guardian from The Guardian
2025-11-26 04:31:54,619 - INFO - Selenium driver initialized successfully.
2025-11-26 04:31:54,619 - INFO - Starting scrape for Times of India RSS feed: https://timesofindia.indiatimes.com/rssfeeds/296589292.cms
2025-11-26 04:31:54,638 - INFO - [BBC] Success with 'requests_browser'. Found content (398 words).
2025-11-26 04:31:54,674 - INFO - Duplicate article skipped: Brazil: Bolsonaro ordered to start serving 27-year prison sentence for coup plot from BBC
2025-11-26 04:31:54,764 - INFO - Found 20 articles in Times of India RSS feed. Processing up to 10.
2025-11-26 04:31:54,764 - INFO - [Times of India] Article: https://timesofindia.indiatimes.com/world/europe/germanys-giant-christmas-tree-lit-in-dortmund-built-from-1200-spruces-touted-as-worlds-largest-video/articleshow/125578794.cms
2025-11-26 04:31:54,764 - INFO - [Times of India] Attempt 1/1: Trying with 'selenium_browser' strategy...
2025-11-26 04:31:54,795 - INFO - Found 100 articles in The Hindu RSS feed. Processing up to 10.
2025-11-26 04:31:54,795 - INFO - [The Hindu] Article: https://www.thehindu.com/news/national/2611-attack-november-26-2025-droupadi-murmu/article70324472.ece
2025-11-26 04:31:54,795 - INFO - [The Hindu] Attempt 1/1: Trying with 'selenium_browser' strategy...
2025-11-26 04:31:55,419 - INFO - [BBC] Article: https://www.bbc.com/news/articles/cde6702n4geo?at_medium=RSS&at_campaign=rss
2025-11-26 04:31:55,419 - INFO - [BBC] Attempt 1/1: Trying with 'requests_browser' strategy...
2025-11-26 04:31:55,461 - INFO - [BBC] Success with 'requests_browser'. Found content (512 words).
2025-11-26 04:31:55,526 - INFO - Saved article: Fame reduces musician life expectancy by four years, study finds from BBC
2025-11-26 04:31:55,552 - INFO - [The Guardian] Article: https://www.theguardian.com/us-news/live/2025/nov/24/us-politics-trump-venezuela-marjorie-tayor-greene-latest-updates
2025-11-26 04:31:55,552 - INFO - [The Guardian] Attempt 1/1: Trying with 'requests_browser' strategy...
2025-11-26 04:31:56,007 - INFO - [The Guardian] Success with 'requests_browser'. Found content (3832 words).
2025-11-26 04:31:56,188 - INFO - Duplicate article skipped: Cases against Comey and James tossed, Pentagon investigating US senator and Turning Point USA looks to 2028 – as it happened | Trump administration | The Guardian from The Guardian
2025-11-26 04:31:56,854 - INFO - [BBC] Article: https://www.bbc.com/news/articles/c17x0xjqj21o?at_medium=RSS&at_campaign=rss
2025-11-26 04:31:56,854 - INFO - [BBC] Attempt 1/1: Trying with 'requests_browser' strategy...
2025-11-26 04:31:56,984 - INFO - [BBC] Success with 'requests_browser'. Found content (423 words).
2025-11-26 04:31:57,036 - INFO - [The Guardian] Article: https://www.theguardian.com/world/2025/nov/24/canada-grizzly-bear-attack-search
2025-11-26 04:31:57,036 - INFO - [The Guardian] Attempt 1/1: Trying with 'requests_browser' strategy...
2025-11-26 04:31:57,083 - INFO - Duplicate article skipped: Israel receives coffin that Hamas says contains Gaza hostage's body from BBC
2025-11-26 04:31:57,152 - INFO - [The Guardian] Success with 'requests_browser'. Found content (852 words).
2025-11-26 04:31:57,297 - INFO - Duplicate article skipped: Grizzly bear that attacked children and teachers in Canada still eludes searchers | Canada | The Guardian from The Guardian
2025-11-26 04:31:57,840 - INFO - [BBC] Article: https://www.bbc.com/news/articles/cj01j710rmmo?at_medium=RSS&at_campaign=rss
2025-11-26 04:31:57,840 - INFO - [BBC] Attempt 1/1: Trying with 'requests_browser' strategy...
2025-11-26 04:31:57,973 - INFO - [BBC] Success with 'requests_browser'. Found content (1043 words).
2025-11-26 04:31:58,079 - INFO - Duplicate article skipped: Ex-wife of Dubai royal says she fears arrest as custody battle escalates from BBC
2025-11-26 04:31:59,708 - INFO - [The Hindu] Page content loaded.
2025-11-26 04:32:00,048 - INFO - [The Hindu] Success with 'selenium_browser'. Found content (161 words).
2025-11-26 04:32:00,353 - INFO - Saved article: Let's reaffirm commitment to combat terrorism in all forms: President Murmu on 26/11 anniversary - The Hindu from The Hindu
2025-11-26 04:32:01,227 - INFO - [The Hindu] Article: https://www.thehindu.com/news/national/kerala/kerala-local-body-polls-can-lok-sabha-wave-meet-local-body-reality-in-thrissur/article70307127.ece
2025-11-26 04:32:01,227 - INFO - [The Hindu] Attempt 1/1: Trying with 'selenium_browser' strategy...
2025-11-26 04:32:03,917 - INFO - [The Hindu] Page content loaded.
2025-11-26 04:32:04,221 - INFO - [The Hindu] Success with 'selenium_browser'. Found content (699 words).
2025-11-26 04:32:04,468 - INFO - Saved article: Kerala local body polls: Can Lok Sabha wave meet local body reality in Thrissur? - The Hindu from The Hindu
2025-11-26 04:32:05,291 - INFO - [The Hindu] Article: https://www.thehindu.com/news/national/kerala/kerala-local-body-polls-2025-rival-fronts-fear-public-anger-as-pollution-hogs-the-limelight/article70322035.ece
2025-11-26 04:32:05,291 - INFO - [The Hindu] Attempt 1/1: Trying with 'selenium_browser' strategy...
2025-11-26 04:32:11,560 - INFO - [The Hindu] Page content loaded.
2025-11-26 04:32:11,879 - INFO - [The Hindu] Success with 'selenium_browser'. Found content (679 words).
2025-11-26 04:32:12,265 - INFO - Saved article: Kerala local body polls 2025: Rival fronts fear public anger as pollution hogs the limelight - The Hindu from The Hindu
2025-11-26 04:32:13,026 - INFO - [The Hindu] Article: https://www.thehindu.com/news/national/kerala/kerala-local-body-polls-youngsters-want-to-cast-their-votes-make-them-count-too/article70322020.ece
2025-11-26 04:32:13,026 - INFO - [The Hindu] Attempt 1/1: Trying with 'selenium_browser' strategy...
2025-11-26 04:33:54,769 - ERROR - [Times of India] Request failed for strategy 'selenium_browser' on URL https://timesofindia.indiatimes.com/world/europe/germanys-giant-christmas-tree-lit-in-dortmund-built-from-1200-spruces-touted-as-worlds-largest-video/articleshow/125578794.cms: HTTPConnectionPool(host='localhost', port=53995): Read timed out. (read timeout=120)
2025-11-26 04:33:54,770 - ERROR - [Times of India] All scrape strategies failed for https://timesofindia.indiatimes.com/world/europe/germanys-giant-christmas-tree-lit-in-dortmund-built-from-1200-spruces-touted-as-worlds-largest-video/articleshow/125578794.cms. Falling back to RSS description.
2025-11-26 04:33:54,772 - INFO - Saved article: Germany’s giant Christmas tree lit: Built from 1,200 spruces, touted as world’s largest — video from Times of India
2025-11-26 04:33:56,008 - INFO - [Times of India] Article: https://timesofindia.indiatimes.com/world/us/will-be-pleasantly-surprised-by-the-actions-of-president-xi-donald-trump-confirms-china-visit-praises-great-relationship-with-jinping/articleshow/125578844.cms
2025-11-26 04:33:56,009 - INFO - [Times of India] Attempt 1/1: Trying with 'selenium_browser' strategy...
2025-11-26 04:34:13,035 - ERROR - [The Hindu] Request failed for strategy 'selenium_browser' on URL https://www.thehindu.com/news/national/kerala/kerala-local-body-polls-youngsters-want-to-cast-their-votes-make-them-count-too/article70322020.ece: HTTPConnectionPool(host='localhost', port=34823): Read timed out. (read timeout=120)
2025-11-26 04:34:13,036 - ERROR - [The Hindu] All scrape strategies failed for https://www.thehindu.com/news/national/kerala/kerala-local-body-polls-youngsters-want-to-cast-their-votes-make-them-count-too/article70322020.ece. Falling back to RSS description.
2025-11-26 04:34:13,037 - INFO - Saved article: Kerala local body polls: Youngsters want to cast their votes, make them count too from The Hindu
2025-11-26 04:34:14,353 - INFO - [The Hindu] Article: https://www.thehindu.com/news/national/punjab/after-total-shutdown-call-by-students-panjab-university-to-remain-shut-today/article70324471.ece
2025-11-26 04:34:14,353 - INFO - [The Hindu] Attempt 1/1: Trying with 'selenium_browser' strategy...
2025-11-26 04:35:56,110 - ERROR - [Times of India] Request failed for strategy 'selenium_browser' on URL https://timesofindia.indiatimes.com/world/us/will-be-pleasantly-surprised-by-the-actions-of-president-xi-donald-trump-confirms-china-visit-praises-great-relationship-with-jinping/articleshow/125578844.cms: HTTPConnectionPool(host='localhost', port=53995): Read timed out. (read timeout=120)
2025-11-26 04:35:56,110 - ERROR - [Times of India] All scrape strategies failed for https://timesofindia.indiatimes.com/world/us/will-be-pleasantly-surprised-by-the-actions-of-president-xi-donald-trump-confirms-china-visit-praises-great-relationship-with-jinping/articleshow/125578844.cms. Falling back to RSS description.
2025-11-26 04:35:56,112 - INFO - Saved article: 'Will be pleasantly surprised by the actions of President Xi': Donald Trump confirms China visit; praises 'great relationship' with Jinping from Times of India
2025-11-26 04:35:57,456 - INFO - [Times of India] Article: https://timesofindia.indiatimes.com/world/us/i-had-no-idea-zohran-mamdani-recalls-weirdest-moment-at-white-house-watch/articleshow/125577751.cms
2025-11-26 04:35:57,457 - INFO - [Times of India] Attempt 1/1: Trying with 'selenium_browser' strategy...
2025-11-26 04:36:14,454 - ERROR - [The Hindu] Request failed for strategy 'selenium_browser' on URL https://www.thehindu.com/news/national/punjab/after-total-shutdown-call-by-students-panjab-university-to-remain-shut-today/article70324471.ece: HTTPConnectionPool(host='localhost', port=34823): Read timed out. (read timeout=120)
2025-11-26 04:36:14,454 - ERROR - [The Hindu] All scrape strategies failed for https://www.thehindu.com/news/national/punjab/after-total-shutdown-call-by-students-panjab-university-to-remain-shut-today/article70324471.ece. Falling back to RSS description.
2025-11-26 04:36:14,456 - INFO - Saved article: After total shutdown call by students, Panjab University to remain shut today from The Hindu
2025-11-26 04:36:15,171 - INFO - [The Hindu] Article: https://www.thehindu.com/news/national/west-bengal/nearly-14-lakh-sir-forms-identified-as-uncollectable-so-far-in-west-bengal/article70324458.ece
2025-11-26 04:36:15,171 - INFO - [The Hindu] Attempt 1/1: Trying with 'selenium_browser' strategy...
2025-11-26 04:36:47,689 - CRITICAL - --- TIMEOUT: 2 scrape jobs did not complete in 300s. ---
2025-11-26 04:36:47,689 - ERROR - A thread has timed out and will be abandoned.
2025-11-26 04:36:47,689 - ERROR - A thread has timed out and will be abandoned.
2025-11-26 04:36:47,689 - INFO - Shutting down thread pool (wait=False)...
2025-11-26 04:36:47,689 - INFO - Scraped: 2 BBC, 0 The Guardian, 2 Timed_Out_Jobs articles. (Total saved: 2)
2025-11-26 04:36:47,689 - INFO - --- Scraping job finished ---
2025-11-26 04:36:47,689 - INFO - --- Scraper service stopped and database connection closed. ---
2025-11-26 04:36:47,689 - INFO - --- Main thread finished. Forcing process exit to kill zombie threads. ---
