2025-12-03 22:26:10,487 - INFO - Initializing database connection at: news_articles.db
2025-12-03 22:26:10,487 - INFO - --- Scraper service started (CI Mode: Run Once) ---
2025-12-03 22:26:10,487 - INFO - --- Starting new scraping job (Parallel Mode) ---
2025-12-03 22:26:10,487 - INFO - Creating new robust session with 3 retries on 5xx/connection/read errors.
2025-12-03 22:26:10,487 - INFO - Proxy is DISABLED.
2025-12-03 22:26:10,488 - INFO - Starting scrape for BBC RSS feed: http://feeds.bbci.co.uk/news/world/rss.xml
2025-12-03 22:26:10,488 - INFO - [Times of India] (Thread) requires Selenium. Initializing driver...
2025-12-03 22:26:10,488 - INFO - Initializing headless Selenium Chrome driver (using SeleniumManager)...
2025-12-03 22:26:10,489 - INFO - Starting scrape for The Guardian RSS feed: https://www.theguardian.com/world/rss
2025-12-03 22:26:10,489 - INFO - [The Hindu] (Thread) requires Selenium. Initializing driver...
2025-12-03 22:26:10,489 - INFO - Initializing headless Selenium Chrome driver (using SeleniumManager)...
2025-12-03 22:26:10,489 - INFO - Submitted 4 jobs to thread pool. Waiting up to 300s for completion...
2025-12-03 22:26:10,586 - INFO - Found 37 articles in BBC RSS feed. Processing up to 10.
2025-12-03 22:26:10,586 - INFO - [BBC] Article: https://www.bbc.com/news/articles/c7731n5z6d3o?at_medium=RSS&at_campaign=rss
2025-12-03 22:26:10,586 - INFO - [BBC] Attempt 1/1: Trying with 'requests_browser' strategy...
2025-12-03 22:26:10,626 - INFO - Found 45 articles in The Guardian RSS feed. Processing up to 10.
2025-12-03 22:26:10,626 - INFO - [The Guardian] Article: https://www.theguardian.com/uk-news/2025/dec/03/british-troops-accused-of-human-rights-violations-environmental-destruction-and-sexual-abuse-in-kenya
2025-12-03 22:26:10,626 - INFO - [The Guardian] Attempt 1/1: Trying with 'requests_browser' strategy...
2025-12-03 22:26:10,722 - INFO - [BBC] Success with 'requests_browser'. Found content (922 words).
2025-12-03 22:26:10,760 - INFO - Duplicate article skipped: Stop wasting world's time, Ukraine tells Putin after US talks in Moscow from BBC
2025-12-03 22:26:10,840 - INFO - [The Guardian] Success with 'requests_browser'. Found content (772 words).
2025-12-03 22:26:10,884 - INFO - Duplicate article skipped: British troops accused of human rights violations and sexual abuse in Kenya | British army | The Guardian from The Guardian
2025-12-03 22:26:11,589 - INFO - [The Guardian] Article: https://www.theguardian.com/global-development/2025/dec/03/whistleblower-accuses-foreign-office-of-censoring-warning-of-sudan-genocide
2025-12-03 22:26:11,589 - INFO - [The Guardian] Attempt 1/1: Trying with 'requests_browser' strategy...
2025-12-03 22:26:11,619 - INFO - [The Guardian] Success with 'requests_browser'. Found content (1465 words).
2025-12-03 22:26:11,665 - INFO - Duplicate article skipped: Whistleblower accuses Foreign Office of ‘censoring’ warning of Sudan genocide | Global development | The Guardian from The Guardian
2025-12-03 22:26:11,753 - INFO - [BBC] Article: https://www.bbc.com/news/articles/cpq4e21nr5vo?at_medium=RSS&at_campaign=rss
2025-12-03 22:26:11,753 - INFO - [BBC] Attempt 1/1: Trying with 'requests_browser' strategy...
2025-12-03 22:26:11,917 - INFO - [BBC] Success with 'requests_browser'. Found content (438 words).
2025-12-03 22:26:11,952 - INFO - Duplicate article skipped: What latest Ukraine talks reveal about Putin's state of mind from BBC
2025-12-03 22:26:12,452 - INFO - [The Guardian] Article: https://www.theguardian.com/us-news/2025/dec/02/trump-somali-immigrants-minnesota
2025-12-03 22:26:12,452 - INFO - [The Guardian] Attempt 1/1: Trying with 'requests_browser' strategy...
2025-12-03 22:26:12,473 - INFO - [The Guardian] Success with 'requests_browser'. Found content (473 words).
2025-12-03 22:26:12,506 - INFO - Duplicate article skipped: Trump calls Somali immigrants ‘garbage’ as US reportedly targets Minnesota community | Trump administration | The Guardian from The Guardian
2025-12-03 22:26:12,794 - INFO - [BBC] Article: https://www.bbc.com/news/articles/cpwk7xen544o?at_medium=RSS&at_campaign=rss
2025-12-03 22:26:12,794 - INFO - [BBC] Attempt 1/1: Trying with 'requests_browser' strategy...
2025-12-03 22:26:13,354 - INFO - [BBC] Success with 'requests_browser'. Found content (668 words).
2025-12-03 22:26:13,388 - INFO - Duplicate article skipped: Israel says Rafah crossing to open soon to let Gazans leave via Egypt from BBC
2025-12-03 22:26:13,853 - INFO - [The Guardian] Article: https://www.theguardian.com/world/2025/dec/01/south-africans-court-alleged-recruitment-russia-war-ukraine
2025-12-03 22:26:13,853 - INFO - [The Guardian] Attempt 1/1: Trying with 'requests_browser' strategy...
2025-12-03 22:26:14,324 - INFO - [The Guardian] Success with 'requests_browser'. Found content (506 words).
2025-12-03 22:26:14,370 - INFO - Duplicate article skipped: Five South Africans in court over alleged recruitment for Russia’s war in Ukraine | South Africa | The Guardian from The Guardian
2025-12-03 22:26:14,546 - INFO - [BBC] Article: https://www.bbc.com/news/articles/c2lvzrve5lqo?at_medium=RSS&at_campaign=rss
2025-12-03 22:26:14,547 - INFO - [BBC] Attempt 1/1: Trying with 'requests_browser' strategy...
2025-12-03 22:26:14,707 - INFO - [BBC] Success with 'requests_browser'. Found content (292 words).
2025-12-03 22:26:14,744 - INFO - Duplicate article skipped: Federica Mogherini: Former EU top diplomat accused in fraud investigation from BBC
2025-12-03 22:26:15,710 - INFO - [The Guardian] Article: https://www.theguardian.com/global-development/2025/dec/01/global-health-hiv-aids-funding-cuts-infections-prevention
2025-12-03 22:26:15,710 - INFO - [The Guardian] Attempt 1/1: Trying with 'requests_browser' strategy...
2025-12-03 22:26:15,820 - INFO - [BBC] Article: https://www.bbc.com/news/articles/c62lv79p0pdo?at_medium=RSS&at_campaign=rss
2025-12-03 22:26:15,820 - INFO - [BBC] Attempt 1/1: Trying with 'requests_browser' strategy...
2025-12-03 22:26:16,078 - INFO - [BBC] Success with 'requests_browser'. Found content (482 words).
2025-12-03 22:26:16,135 - INFO - Duplicate article skipped: Hong Kong orders removal of scaffolding mesh after deadly blaze from BBC
2025-12-03 22:26:16,170 - INFO - [The Guardian] Success with 'requests_browser'. Found content (674 words).
2025-12-03 22:26:16,208 - INFO - Duplicate article skipped: Aid cuts have shaken HIV/Aids care to its core – and will mean millions more infections ahead | Global health | The Guardian from The Guardian
2025-12-03 22:26:16,703 - INFO - [BBC] Article: https://www.bbc.com/news/articles/cd6x2j4g3z7o?at_medium=RSS&at_campaign=rss
2025-12-03 22:26:16,703 - INFO - [BBC] Attempt 1/1: Trying with 'requests_browser' strategy...
2025-12-03 22:26:16,889 - INFO - [BBC] Success with 'requests_browser'. Found content (394 words).
2025-12-03 22:26:16,922 - INFO - Duplicate article skipped: Israel receives coffin that Hamas says contains Gaza hostage's body from BBC
2025-12-03 22:26:17,398 - INFO - [The Guardian] Article: https://www.theguardian.com/us-news/2025/dec/03/epstein-caribbean-island-new-photo-video-release
2025-12-03 22:26:17,398 - INFO - [The Guardian] Attempt 1/1: Trying with 'requests_browser' strategy...
2025-12-03 22:26:17,420 - INFO - [The Guardian] Success with 'requests_browser'. Found content (373 words).
2025-12-03 22:26:17,458 - INFO - Duplicate article skipped: House Democrats release new images of Epstein’s private Caribbean island | Jeffrey Epstein | The Guardian from The Guardian
2025-12-03 22:26:18,005 - INFO - [BBC] Article: https://www.bbc.com/news/articles/c208x9v68w3o?at_medium=RSS&at_campaign=rss
2025-12-03 22:26:18,005 - INFO - [BBC] Attempt 1/1: Trying with 'requests_browser' strategy...
2025-12-03 22:26:18,040 - INFO - [BBC] Success with 'requests_browser'. Found content (1092 words).
2025-12-03 22:26:18,078 - INFO - Duplicate article skipped: Trump says he doesn't want Somalis in US as ICE plans operation from BBC
2025-12-03 22:26:18,244 - INFO - [The Guardian] Article: https://www.theguardian.com/world/2025/dec/03/colombia-trump-warning-military-threat
2025-12-03 22:26:18,244 - INFO - [The Guardian] Attempt 1/1: Trying with 'requests_browser' strategy...
2025-12-03 22:26:18,266 - INFO - [The Guardian] Success with 'requests_browser'. Found content (612 words).
2025-12-03 22:26:18,305 - INFO - Duplicate article skipped: Colombia’s president warns Trump: ‘Do not wake the jaguar’ with threats of military strikes | Colombia | The Guardian from The Guardian
2025-12-03 22:26:18,631 - INFO - Selenium driver initialized successfully.
2025-12-03 22:26:18,632 - INFO - Selenium driver initialized successfully.
2025-12-03 22:26:18,632 - INFO - Starting scrape for Times of India RSS feed: https://timesofindia.indiatimes.com/rssfeeds/296589292.cms
2025-12-03 22:26:18,632 - INFO - Starting scrape for The Hindu RSS feed: https://www.thehindu.com/news/national/feeder/default.rss
2025-12-03 22:26:18,708 - INFO - [BBC] Article: https://www.bbc.com/news/articles/cy8jnxxm70jo?at_medium=RSS&at_campaign=rss
2025-12-03 22:26:18,708 - INFO - [BBC] Attempt 1/1: Trying with 'requests_browser' strategy...
2025-12-03 22:26:18,735 - INFO - [BBC] Success with 'requests_browser'. Found content (244 words).
2025-12-03 22:26:18,777 - INFO - Duplicate article skipped: Drunk raccoon found passed out on liquor store floor after breaking in from BBC
2025-12-03 22:26:18,781 - INFO - Found 20 articles in Times of India RSS feed. Processing up to 10.
2025-12-03 22:26:18,781 - INFO - [Times of India] Article: https://timesofindia.indiatimes.com/world/us-streamers/mrbeast-becomes-the-top-us-youtuber-for-the-sixth-year-in-a-row/articleshow/125752940.cms
2025-12-03 22:26:18,781 - INFO - [Times of India] Attempt 1/1: Trying with 'selenium_browser' strategy...
2025-12-03 22:26:18,814 - INFO - Found 100 articles in The Hindu RSS feed. Processing up to 10.
2025-12-03 22:26:18,814 - INFO - [The Hindu] Article: https://www.thehindu.com/news/national/south-indians-dont-want-to-be-isolated-because-they-dont-know-hindi-supreme-court-judge-bv-nagarathna/article70355036.ece
2025-12-03 22:26:18,814 - INFO - [The Hindu] Attempt 1/1: Trying with 'selenium_browser' strategy...
2025-12-03 22:26:18,854 - INFO - [The Guardian] Article: https://www.theguardian.com/us-news/live/2025/dec/02/donald-trump-pete-hegseth-boat-venezuela-maduro-tennessee-us-politics-live-news-updates
2025-12-03 22:26:18,854 - INFO - [The Guardian] Attempt 1/1: Trying with 'requests_browser' strategy...
2025-12-03 22:26:19,121 - INFO - [The Guardian] Success with 'requests_browser'. Found content (4155 words).
2025-12-03 22:26:19,233 - INFO - Duplicate article skipped: Pete Hegseth says he ‘didn’t stick around’ to watch second strike on alleged drug boat as Democrats slam administration over attacks – as it happened | Trump administration | The Guardian from The Guardian
2025-12-03 22:26:19,552 - INFO - [BBC] Article: https://www.bbc.com/news/articles/cvgq5dvygllo?at_medium=RSS&at_campaign=rss
2025-12-03 22:26:19,552 - INFO - [BBC] Attempt 1/1: Trying with 'requests_browser' strategy...
2025-12-03 22:26:19,758 - INFO - [BBC] Success with 'requests_browser'. Found content (1030 words).
2025-12-03 22:26:19,832 - INFO - Duplicate article skipped: Kenyan MPs accuse British soldiers from Batuk of sexual abuse in Laikipia from BBC
2025-12-03 22:26:20,071 - INFO - [The Guardian] Article: https://www.theguardian.com/world/2025/dec/02/trump-intervention-honduras-presidential-vote-count-stalls-nasry-asfura
2025-12-03 22:26:20,071 - INFO - [The Guardian] Attempt 1/1: Trying with 'requests_browser' strategy...
2025-12-03 22:26:20,303 - INFO - [The Guardian] Success with 'requests_browser'. Found content (945 words).
2025-12-03 22:26:20,375 - INFO - Duplicate article skipped: Trump frees ex-Honduran president from prison as country awaits knife-edge election result | Honduras | The Guardian from The Guardian
2025-12-03 22:26:20,792 - INFO - [BBC] Article: https://www.bbc.com/news/articles/c1m8g5x1xmko?at_medium=RSS&at_campaign=rss
2025-12-03 22:26:20,792 - INFO - [BBC] Attempt 1/1: Trying with 'requests_browser' strategy...
2025-12-03 22:26:21,401 - INFO - [BBC] Success with 'requests_browser'. Found content (308 words).
2025-12-03 22:26:21,496 - INFO - Duplicate article skipped: Three French teens drown in freak car crash in swimming pool from BBC
2025-12-03 22:26:21,808 - INFO - [The Guardian] Article: https://www.theguardian.com/us-news/2025/dec/02/pete-hegseth-franklin-the-turtle
2025-12-03 22:26:21,808 - INFO - [The Guardian] Attempt 1/1: Trying with 'requests_browser' strategy...
2025-12-03 22:26:21,876 - INFO - [The Guardian] Success with 'requests_browser'. Found content (438 words).
2025-12-03 22:26:21,982 - INFO - Duplicate article skipped: Publisher condemns ‘violent’ use of Franklin the Turtle after Hegseth’s boat strike post | Pete Hegseth | The Guardian from The Guardian
2025-12-03 22:26:23,556 - INFO - [The Hindu] Page content loaded.
2025-12-03 22:26:23,969 - INFO - [The Hindu] Success with 'selenium_browser'. Found content (259 words).
2025-12-03 22:26:24,307 - INFO - Saved article: South Indians don't want to be isolated because they don't know Hindi: Supreme Court judge B.V. Nagarathna - The Hindu from The Hindu
2025-12-03 22:26:25,138 - INFO - [The Hindu] Article: https://www.thehindu.com/news/national/law-commission-to-brief-joint-committee-of-parliament-on-simultaneous-polls-on-december-4/article70355206.ece
2025-12-03 22:26:25,138 - INFO - [The Hindu] Attempt 1/1: Trying with 'selenium_browser' strategy...
2025-12-03 22:26:30,732 - INFO - [The Hindu] Page content loaded.
2025-12-03 22:26:31,235 - INFO - [The Hindu] Success with 'selenium_browser'. Found content (259 words).
2025-12-03 22:26:31,598 - INFO - Saved article: Law Commission to brief joint committee of Parliament on simultaneous polls on December 4 - The Hindu from The Hindu
2025-12-03 22:26:32,567 - INFO - [The Hindu] Article: https://www.thehindu.com/news/national/jharkhand/congress-dismisses-rumours-of-hemant-soren-bjp-likely-tie-up-says-india-bloc-in-jharkhand-is-rock-solid/article70354726.ece
2025-12-03 22:26:32,567 - INFO - [The Hindu] Attempt 1/1: Trying with 'selenium_browser' strategy...
2025-12-03 22:26:37,066 - INFO - [The Hindu] Page content loaded.
2025-12-03 22:26:37,274 - INFO - [The Hindu] Success with 'selenium_browser'. Found content (474 words).
2025-12-03 22:26:37,585 - INFO - Saved article: Congress dismisses rumours of Hemant Soren-BJP likely tie-up; says INDIA bloc in Jharkhand is rock solid - The Hindu from The Hindu
2025-12-03 22:26:38,168 - INFO - [The Hindu] Article: https://www.thehindu.com/news/national/bjp-slams-sp-mp-for-saying-that-muslims-may-have-to-wage-jihad-to-fight-government-oppression/article70354372.ece
2025-12-03 22:26:38,168 - INFO - [The Hindu] Attempt 1/1: Trying with 'selenium_browser' strategy...
2025-12-03 22:26:39,185 - INFO - [The Hindu] Page content loaded.
2025-12-03 22:26:39,229 - INFO - [The Hindu] Success with 'selenium_browser'. Found content (267 words).
2025-12-03 22:26:39,312 - INFO - Saved article: BJP slams SP MP for saying that Muslims may have to wage ‘jihad’ to fight government oppression - The Hindu from The Hindu
2025-12-03 22:26:40,373 - INFO - [The Hindu] Article: https://www.thehindu.com/news/national/tamil-nadu/panneerselvam-meets-amit-shah-amid-talk-of-his-return-to-the-bjps-fold/article70354496.ece
2025-12-03 22:26:40,373 - INFO - [The Hindu] Attempt 1/1: Trying with 'selenium_browser' strategy...
2025-12-03 22:26:41,335 - INFO - [The Hindu] Page content loaded.
2025-12-03 22:26:41,384 - INFO - [The Hindu] Success with 'selenium_browser'. Found content (437 words).
2025-12-03 22:26:41,478 - INFO - Saved article: Panneerselvam meets Amit Shah amid talk of his return to the BJP’s fold - The Hindu from The Hindu
2025-12-03 22:26:42,876 - INFO - [The Hindu] Article: https://www.thehindu.com/news/national/nepal-india-to-discuss-supply-of-aviation-fuel-through-pipeline/article70355022.ece
2025-12-03 22:26:42,876 - INFO - [The Hindu] Attempt 1/1: Trying with 'selenium_browser' strategy...
2025-12-03 22:26:43,762 - INFO - [The Hindu] Page content loaded.
2025-12-03 22:26:43,806 - INFO - [The Hindu] Success with 'selenium_browser'. Found content (167 words).
2025-12-03 22:26:43,860 - INFO - Duplicate article skipped: Nepal, India to discuss supply of aviation fuel through pipeline - The Hindu from The Hindu
2025-12-03 22:26:44,759 - INFO - [The Hindu] Article: https://www.thehindu.com/news/national/haryana/haryana-man-fails-to-pay-1-cr-for-fancy-number-minister-orders-income-check/article70354432.ece
2025-12-03 22:26:44,759 - INFO - [The Hindu] Attempt 1/1: Trying with 'selenium_browser' strategy...
2025-12-03 22:26:45,611 - INFO - [The Hindu] Page content loaded.
2025-12-03 22:26:45,654 - INFO - [The Hindu] Success with 'selenium_browser'. Found content (316 words).
2025-12-03 22:26:45,708 - INFO - Duplicate article skipped: Haryana man fails to pay ₹1 cr. for ‘fancy number’; Minister orders income check - The Hindu from The Hindu
2025-12-03 22:26:46,342 - INFO - [The Hindu] Article: https://www.thehindu.com/news/national/maharashtra/do-not-comment-on-order-you-havent-challenged-pune-court-to-rahul-gandhi/article70354973.ece
2025-12-03 22:26:46,342 - INFO - [The Hindu] Attempt 1/1: Trying with 'selenium_browser' strategy...
2025-12-03 22:26:47,368 - INFO - [The Hindu] Page content loaded.
2025-12-03 22:26:47,423 - INFO - [The Hindu] Success with 'selenium_browser'. Found content (315 words).
2025-12-03 22:26:47,481 - INFO - Duplicate article skipped: Do not comment on order you haven't challenged: Pune court to Rahul Gandhi - The Hindu from The Hindu
2025-12-03 22:26:48,938 - INFO - [The Hindu] Article: https://www.thehindu.com/news/national/kerala/poll-preparations-intensify-as-officials-balance-sir-and-election-duties/article70354463.ece
2025-12-03 22:26:48,938 - INFO - [The Hindu] Attempt 1/1: Trying with 'selenium_browser' strategy...
2025-12-03 22:26:49,859 - INFO - [The Hindu] Page content loaded.
2025-12-03 22:26:50,070 - INFO - [The Hindu] Success with 'selenium_browser'. Found content (363 words).
2025-12-03 22:26:50,194 - INFO - Duplicate article skipped: Poll preparations intensify in Ernakulam as officials balance SIR and election duties - The Hindu from The Hindu
2025-12-03 22:26:51,545 - INFO - [The Hindu] Article: https://www.thehindu.com/news/national/kerala/udfs-manifesto-for-ernakulam-district-gives-thrust-to-tourism-waste-management-public-transport/article70354061.ece
2025-12-03 22:26:51,545 - INFO - [The Hindu] Attempt 1/1: Trying with 'selenium_browser' strategy...
2025-12-03 22:26:52,280 - INFO - [The Hindu] Page content loaded.
2025-12-03 22:26:52,326 - INFO - [The Hindu] Success with 'selenium_browser'. Found content (289 words).
2025-12-03 22:26:52,402 - INFO - Duplicate article skipped: UDF’s manifesto for Ernakulam district gives thrust to tourism, waste management, public transport - The Hindu from The Hindu
2025-12-03 22:26:53,357 - INFO - [The Hindu] (Thread) Finished. Attempting to shut down its Selenium driver.
2025-12-03 22:26:54,475 - INFO - [The Hindu] (Thread) driver.quit() successful.
2025-12-03 22:28:18,882 - ERROR - [Times of India] Request failed for strategy 'selenium_browser' on URL https://timesofindia.indiatimes.com/world/us-streamers/mrbeast-becomes-the-top-us-youtuber-for-the-sixth-year-in-a-row/articleshow/125752940.cms: HTTPConnectionPool(host='localhost', port=60657): Read timed out. (read timeout=120)
2025-12-03 22:28:18,882 - ERROR - [Times of India] All scrape strategies failed for https://timesofindia.indiatimes.com/world/us-streamers/mrbeast-becomes-the-top-us-youtuber-for-the-sixth-year-in-a-row/articleshow/125752940.cms. Falling back to RSS description.
2025-12-03 22:28:18,884 - INFO - Saved article: MrBeast becomes the top US YouTuber for the sixth year in a row from Times of India
2025-12-03 22:28:19,620 - INFO - [Times of India] Article: https://timesofindia.indiatimes.com/world/rest-of-world/irans-supreme-leader-ayatollah-khamenei-goes-on-feminist-rant-blames-america-and-capitalism-for-oppressing-women/articleshow/125752830.cms
2025-12-03 22:28:19,620 - INFO - [Times of India] Attempt 1/1: Trying with 'selenium_browser' strategy...
2025-12-03 22:30:19,630 - ERROR - [Times of India] Request failed for strategy 'selenium_browser' on URL https://timesofindia.indiatimes.com/world/rest-of-world/irans-supreme-leader-ayatollah-khamenei-goes-on-feminist-rant-blames-america-and-capitalism-for-oppressing-women/articleshow/125752830.cms: HTTPConnectionPool(host='localhost', port=60657): Read timed out. (read timeout=120)
2025-12-03 22:30:19,630 - ERROR - [Times of India] All scrape strategies failed for https://timesofindia.indiatimes.com/world/rest-of-world/irans-supreme-leader-ayatollah-khamenei-goes-on-feminist-rant-blames-america-and-capitalism-for-oppressing-women/articleshow/125752830.cms. Falling back to RSS description.
2025-12-03 22:30:19,632 - INFO - Saved article: Iran’s supreme leader Ayatollah Khamenei goes on ‘feminist’ rant, blames America and capitalism for oppressing women from Times of India
2025-12-03 22:30:20,775 - INFO - [Times of India] Article: https://timesofindia.indiatimes.com/world/us/drunk-raccoon-breaks-into-liquor-store-downs-scotch-and-passes-out-in-bathroom/articleshow/125752346.cms
2025-12-03 22:30:20,775 - INFO - [Times of India] Attempt 1/1: Trying with 'selenium_browser' strategy...
2025-12-03 22:31:10,490 - CRITICAL - --- TIMEOUT: 1 scrape jobs did not complete in 300s. ---
2025-12-03 22:31:10,490 - ERROR - A thread has timed out and will be abandoned.
2025-12-03 22:31:10,490 - INFO - Shutting down thread pool (wait=False)...
2025-12-03 22:31:10,490 - INFO - Scraped: 5 The Hindu, 0 BBC, 0 The Guardian, 1 Timed_Out_Jobs articles. (Total saved: 5)
2025-12-03 22:31:10,490 - INFO - --- Scraping job finished ---
2025-12-03 22:31:10,490 - INFO - --- Scraper service stopped and database connection closed. ---
2025-12-03 22:31:10,490 - INFO - --- Main thread finished. Forcing process exit to kill zombie threads. ---
