2025-11-17 10:29:19,365 - INFO - Initializing database connection at: news_articles.db
2025-11-17 10:29:19,366 - INFO - --- Scraper service started (CI Mode: Run Once) ---
2025-11-17 10:29:19,366 - INFO - --- Starting new scraping job (Parallel Mode) ---
2025-11-17 10:29:19,366 - INFO - Creating new robust session with 3 retries on 5xx/connection/read errors.
2025-11-17 10:29:19,366 - INFO - Proxy is DISABLED.
2025-11-17 10:29:19,366 - INFO - Starting scrape for BBC RSS feed: http://feeds.bbci.co.uk/news/world/rss.xml
2025-11-17 10:29:19,367 - INFO - [Times of India] (Thread) requires Selenium. Initializing driver...
2025-11-17 10:29:19,367 - INFO - Initializing headless Selenium Chrome driver (using SeleniumManager)...
2025-11-17 10:29:19,367 - INFO - Starting scrape for The Guardian RSS feed: https://www.theguardian.com/world/rss
2025-11-17 10:29:19,368 - INFO - [The Hindu] (Thread) requires Selenium. Initializing driver...
2025-11-17 10:29:19,368 - INFO - Initializing headless Selenium Chrome driver (using SeleniumManager)...
2025-11-17 10:29:19,368 - INFO - Submitted 4 jobs to thread pool. Waiting up to 300s for completion...
2025-11-17 10:29:19,461 - INFO - Found 23 articles in BBC RSS feed. Processing up to 10.
2025-11-17 10:29:19,461 - INFO - [BBC] Article: https://www.bbc.com/news/articles/cvgv653v1vjo?at_medium=RSS&at_campaign=rss
2025-11-17 10:29:19,461 - INFO - [BBC] Attempt 1/1: Trying with 'requests_browser' strategy...
2025-11-17 10:29:19,493 - INFO - Found 45 articles in The Guardian RSS feed. Processing up to 10.
2025-11-17 10:29:19,493 - INFO - [The Guardian] Article: https://www.theguardian.com/world/2025/nov/17/sheffield-based-propagandist-sudan-rsf-militia-abdalmonim-alrabea
2025-11-17 10:29:19,493 - INFO - [The Guardian] Attempt 1/1: Trying with 'requests_browser' strategy...
2025-11-17 10:29:19,525 - INFO - [The Guardian] Success with 'requests_browser'. Found content (814 words).
2025-11-17 10:29:19,567 - INFO - Saved article: ‘His role is to recruit’: the Sheffield-based propagandist for Sudan’s RSF militia | Sudan | The Guardian from The Guardian
2025-11-17 10:29:19,876 - INFO - [BBC] Success with 'requests_browser'. Found content (1000 words).
2025-11-17 10:29:19,933 - INFO - Duplicate article skipped: Trump calls on House Republicans to vote to release Epstein files from BBC
2025-11-17 10:29:20,404 - INFO - [The Guardian] Article: https://www.theguardian.com/world/2025/nov/15/ethiopia-confirms-outbreak-of-deadly-marburg-virus
2025-11-17 10:29:20,404 - INFO - [The Guardian] Attempt 1/1: Trying with 'requests_browser' strategy...
2025-11-17 10:29:20,425 - INFO - [The Guardian] Success with 'requests_browser'. Found content (279 words).
2025-11-17 10:29:20,460 - INFO - Duplicate article skipped: Ethiopia confirms outbreak of deadly Marburg virus | Ethiopia | The Guardian from The Guardian
2025-11-17 10:29:20,718 - INFO - [BBC] Article: https://www.bbc.com/news/articles/c2emyz0zpxko?at_medium=RSS&at_campaign=rss
2025-11-17 10:29:20,719 - INFO - [BBC] Attempt 1/1: Trying with 'requests_browser' strategy...
2025-11-17 10:29:20,749 - INFO - [BBC] Success with 'requests_browser'. Found content (1484 words).
2025-11-17 10:29:20,784 - INFO - Duplicate article skipped: Haditha: Two US marines implicated in killing family in notorious Iraq war shooting, expert tells BBC from BBC
2025-11-17 10:29:21,088 - INFO - [The Guardian] Article: https://www.theguardian.com/australia-news/2025/nov/16/australia-dubai-international-airshow-defence-weapons-arms-fair-sudan-uae
2025-11-17 10:29:21,089 - INFO - [The Guardian] Attempt 1/1: Trying with 'requests_browser' strategy...
2025-11-17 10:29:21,122 - INFO - [The Guardian] Success with 'requests_browser'. Found content (1164 words).
2025-11-17 10:29:21,173 - INFO - Duplicate article skipped: Australia is selling arms at a weapons fair in Dubai. Are they destined to be used in Sudan atrocities? | Australia news | The Guardian from The Guardian
2025-11-17 10:29:21,922 - INFO - [BBC] Article: https://www.bbc.com/news/articles/crexy0e2373o?at_medium=RSS&at_campaign=rss
2025-11-17 10:29:21,922 - INFO - [BBC] Attempt 1/1: Trying with 'requests_browser' strategy...
2025-11-17 10:29:21,944 - INFO - [BBC] Success with 'requests_browser'. Found content (750 words).
2025-11-17 10:29:21,974 - INFO - Duplicate article skipped: Jurors in Toyah Cordingley murder trial visit beach where body found from BBC
2025-11-17 10:29:22,493 - INFO - [The Guardian] Article: https://www.theguardian.com/global-development/2025/nov/15/health-uk-cut-global-fund-aids-tuberculosis-tb-malaria-africa
2025-11-17 10:29:22,493 - INFO - [The Guardian] Attempt 1/1: Trying with 'requests_browser' strategy...
2025-11-17 10:29:22,515 - INFO - [The Guardian] Success with 'requests_browser'. Found content (681 words).
2025-11-17 10:29:22,552 - INFO - Duplicate article skipped: UK warned that 15% cut to health fund will force ‘impossible choices’ on Africa | Global Fund to Fight Aids, Tuberculosis and Malaria | The Guardian from The Guardian
2025-11-17 10:29:22,747 - INFO - [BBC] Article: https://www.bbc.com/news/articles/c2dr6y0w3rjo?at_medium=RSS&at_campaign=rss
2025-11-17 10:29:22,748 - INFO - [BBC] Attempt 1/1: Trying with 'requests_browser' strategy...
2025-11-17 10:29:22,770 - INFO - [BBC] Success with 'requests_browser'. Found content (412 words).
2025-11-17 10:29:22,804 - INFO - Saved article: Ariana Grande: Singapore jails Australian man who grabbed Wicked star from BBC
2025-11-17 10:29:23,400 - INFO - [BBC] Article: https://www.bbc.com/news/articles/cwypzdgwg1yo?at_medium=RSS&at_campaign=rss
2025-11-17 10:29:23,400 - INFO - [BBC] Attempt 1/1: Trying with 'requests_browser' strategy...
2025-11-17 10:29:23,454 - INFO - [BBC] Success with 'requests_browser'. Found content (1186 words).
2025-11-17 10:29:23,491 - INFO - Duplicate article skipped: Brazil's Amazon rainforest at risk as key protection under threat from BBC
2025-11-17 10:29:23,955 - INFO - [The Guardian] Article: https://www.theguardian.com/world/2025/nov/14/anger-south-africa-plane-palestinians-held-12-hours
2025-11-17 10:29:23,955 - INFO - [The Guardian] Attempt 1/1: Trying with 'requests_browser' strategy...
2025-11-17 10:29:23,987 - INFO - [The Guardian] Success with 'requests_browser'. Found content (620 words).
2025-11-17 10:29:24,065 - INFO - Duplicate article skipped: South Africa to investigate ‘mysterious’ arrival of 153 Palestinians on plane | South Africa | The Guardian from The Guardian
2025-11-17 10:29:24,117 - INFO - [BBC] Article: https://www.bbc.com/news/articles/cvg7dme9en0o?at_medium=RSS&at_campaign=rss
2025-11-17 10:29:24,117 - INFO - [BBC] Attempt 1/1: Trying with 'requests_browser' strategy...
2025-11-17 10:29:24,143 - INFO - [BBC] Success with 'requests_browser'. Found content (359 words).
2025-11-17 10:29:24,176 - INFO - Saved article: Saudi Arabia: Dozens of India pilgrims killed in bus crash near Medina from BBC
2025-11-17 10:29:24,966 - INFO - [BBC] Article: https://www.bbc.com/news/articles/c0jd0v8dvpwo?at_medium=RSS&at_campaign=rss
2025-11-17 10:29:24,966 - INFO - [BBC] Attempt 1/1: Trying with 'requests_browser' strategy...
2025-11-17 10:29:24,986 - INFO - [BBC] Success with 'requests_browser'. Found content (591 words).
2025-11-17 10:29:25,014 - INFO - Duplicate article skipped: Communist and far-right candidates head to Chile presidential run-off from BBC
2025-11-17 10:29:25,124 - INFO - [The Guardian] Article: https://www.theguardian.com/world/2025/nov/17/far-right-candidate-jose-antonio-kast-favourite-to-become-chiles-next-president-after-first-round-vote
2025-11-17 10:29:25,124 - INFO - [The Guardian] Attempt 1/1: Trying with 'requests_browser' strategy...
2025-11-17 10:29:25,149 - INFO - [The Guardian] Success with 'requests_browser'. Found content (573 words).
2025-11-17 10:29:25,187 - INFO - Duplicate article skipped: Far-right candidate José Antonio Kast favourite to become Chile’s next president after first round vote | Chile | The Guardian from The Guardian
2025-11-17 10:29:25,987 - INFO - [BBC] Article: https://www.bbc.com/news/articles/cqjw2x10njeo?at_medium=RSS&at_campaign=rss
2025-11-17 10:29:25,987 - INFO - [BBC] Attempt 1/1: Trying with 'requests_browser' strategy...
2025-11-17 10:29:26,012 - INFO - [BBC] Success with 'requests_browser'. Found content (947 words).
2025-11-17 10:29:26,045 - INFO - Duplicate article skipped: Gujarat: Hackers steal maternity ward CCTV videos in India cybercrime racket from BBC
2025-11-17 10:29:26,290 - INFO - [The Guardian] Article: https://www.theguardian.com/environment/2025/nov/16/have-courage-to-create-fossil-fuel-phaseout-roadmap-at-cop30-brazilian-minister-urges
2025-11-17 10:29:26,290 - INFO - [The Guardian] Attempt 1/1: Trying with 'requests_browser' strategy...
2025-11-17 10:29:26,320 - INFO - [The Guardian] Success with 'requests_browser'. Found content (1091 words).
2025-11-17 10:29:26,369 - INFO - Duplicate article skipped: Have courage to create fossil fuel phaseout roadmap at Cop30, Brazilian minister urges | Cop30 | The Guardian from The Guardian
2025-11-17 10:29:26,894 - INFO - [BBC] Article: https://www.bbc.com/news/articles/c891zkwvjl2o?at_medium=RSS&at_campaign=rss
2025-11-17 10:29:26,894 - INFO - [BBC] Attempt 1/1: Trying with 'requests_browser' strategy...
2025-11-17 10:29:26,915 - INFO - [BBC] Success with 'requests_browser'. Found content (613 words).
2025-11-17 10:29:26,943 - INFO - Duplicate article skipped: Ecuador votes against allowing foreign military bases in country from BBC
2025-11-17 10:29:27,045 - INFO - [The Guardian] Article: https://www.theguardian.com/world/2025/nov/16/gen-z-protests-against-mexico-president-turn-violent-amid-anger-over-mayors-death
2025-11-17 10:29:27,045 - INFO - [The Guardian] Attempt 1/1: Trying with 'requests_browser' strategy...
2025-11-17 10:29:27,068 - INFO - [The Guardian] Success with 'requests_browser'. Found content (541 words).
2025-11-17 10:29:27,103 - INFO - Duplicate article skipped: At least 120 hurt in gen Z protests over corruption and drug violence in Mexico | Mexico | The Guardian from The Guardian
2025-11-17 10:29:28,050 - INFO - [BBC] Article: https://www.bbc.com/news/articles/cqx3n4r2g04o?at_medium=RSS&at_campaign=rss
2025-11-17 10:29:28,050 - INFO - [BBC] Attempt 1/1: Trying with 'requests_browser' strategy...
2025-11-17 10:29:28,078 - INFO - [BBC] Success with 'requests_browser'. Found content (463 words).
2025-11-17 10:29:28,129 - INFO - Duplicate article skipped: Charlotte faces DHS crackdown as agents target 'criminal illegal aliens' from BBC
2025-11-17 10:29:28,172 - INFO - [The Guardian] Article: https://www.theguardian.com/world/2025/nov/16/chile-election-president-crime-migration-fears
2025-11-17 10:29:28,172 - INFO - [The Guardian] Attempt 1/1: Trying with 'requests_browser' strategy...
2025-11-17 10:29:28,204 - INFO - [The Guardian] Success with 'requests_browser'. Found content (664 words).
2025-11-17 10:29:28,248 - INFO - Duplicate article skipped: Chile votes for next president in contest dominated by crime and migration fears | Chile | The Guardian from The Guardian
2025-11-17 10:29:28,779 - INFO - Selenium driver initialized successfully.
2025-11-17 10:29:28,779 - INFO - Starting scrape for The Hindu RSS feed: https://www.thehindu.com/news/national/feeder/default.rss
2025-11-17 10:29:28,780 - INFO - Selenium driver initialized successfully.
2025-11-17 10:29:28,780 - INFO - Starting scrape for Times of India RSS feed: https://timesofindia.indiatimes.com/rssfeeds/296589292.cms
2025-11-17 10:29:28,852 - INFO - [The Guardian] Article: https://www.theguardian.com/world/2025/nov/16/caribbean-reparations-crc-uk-visit-britain-colonial-legacy
2025-11-17 10:29:28,852 - INFO - [The Guardian] Attempt 1/1: Trying with 'requests_browser' strategy...
2025-11-17 10:29:28,874 - INFO - [The Guardian] Success with 'requests_browser'. Found content (667 words).
2025-11-17 10:29:28,912 - INFO - Duplicate article skipped: Caribbean reparations leaders in ‘historic’ first UK visit to press for justice | Reparations and reparative justice | The Guardian from The Guardian
2025-11-17 10:29:28,982 - INFO - Found 100 articles in The Hindu RSS feed. Processing up to 10.
2025-11-17 10:29:28,982 - INFO - [The Hindu] Article: https://www.thehindu.com/news/national/andhra-pradesh/teppotsavam-at-patalaganga-postponed/article70289672.ece
2025-11-17 10:29:28,982 - INFO - [The Hindu] Attempt 1/1: Trying with 'selenium_browser' strategy...
2025-11-17 10:29:29,025 - INFO - Found 20 articles in Times of India RSS feed. Processing up to 10.
2025-11-17 10:29:29,025 - INFO - [Times of India] Article: https://timesofindia.indiatimes.com/world/middle-east/watch-video-dubai-makes-history-with-worlds-first-air-taxi-take-off-here-the-first-look/articleshow/125382193.cms
2025-11-17 10:29:29,025 - INFO - [Times of India] Attempt 1/1: Trying with 'selenium_browser' strategy...
2025-11-17 10:29:35,110 - INFO - [The Hindu] Page content loaded.
2025-11-17 10:29:35,262 - INFO - [The Hindu] Success with 'selenium_browser'. Found content (187 words).
2025-11-17 10:29:35,491 - INFO - Saved article: Teppotsavam at Patalaganga postponed - The Hindu from The Hindu
2025-11-17 10:29:36,375 - INFO - [The Hindu] Article: https://www.thehindu.com/news/cities/Delhi/jksa-alleges-collective-suspicion-of-kashmiri-students-after-delhi-blast/article70290099.ece
2025-11-17 10:29:36,375 - INFO - [The Hindu] Attempt 1/1: Trying with 'selenium_browser' strategy...
2025-11-17 10:29:43,382 - INFO - [The Hindu] Page content loaded.
2025-11-17 10:29:43,647 - INFO - [The Hindu] Success with 'selenium_browser'. Found content (326 words).
2025-11-17 10:29:44,116 - INFO - Saved article: JKSA alleges 'collective suspicion' of Kashmiri students after Delhi blast - The Hindu from The Hindu
2025-11-17 10:29:45,436 - INFO - [The Hindu] Article: https://www.thehindu.com/news/national/karnataka/karnataka-to-unveil-state-developed-ai-ready-personal-computer-keo-at-bengaluru-tech-summit-bts-2025/article70290086.ece
2025-11-17 10:29:45,436 - INFO - [The Hindu] Attempt 1/1: Trying with 'selenium_browser' strategy...
2025-11-17 10:31:29,126 - ERROR - [Times of India] Request failed for strategy 'selenium_browser' on URL https://timesofindia.indiatimes.com/world/middle-east/watch-video-dubai-makes-history-with-worlds-first-air-taxi-take-off-here-the-first-look/articleshow/125382193.cms: HTTPConnectionPool(host='localhost', port=54345): Read timed out. (read timeout=120)
2025-11-17 10:31:29,126 - ERROR - [Times of India] All scrape strategies failed for https://timesofindia.indiatimes.com/world/middle-east/watch-video-dubai-makes-history-with-worlds-first-air-taxi-take-off-here-the-first-look/articleshow/125382193.cms. Falling back to RSS description.
2025-11-17 10:31:29,129 - INFO - Saved article: Watch video: Dubai makes history with world’s first air taxi take-off - Here the first look from Times of India
2025-11-17 10:31:30,036 - INFO - [Times of India] Article: https://timesofindia.indiatimes.com/world/rest-of-world/ecuador-voters-reject-referendum-to-bring-back-us-bases/articleshow/125381612.cms
2025-11-17 10:31:30,036 - INFO - [Times of India] Attempt 1/1: Trying with 'selenium_browser' strategy...
2025-11-17 10:31:45,536 - ERROR - [The Hindu] Request failed for strategy 'selenium_browser' on URL https://www.thehindu.com/news/national/karnataka/karnataka-to-unveil-state-developed-ai-ready-personal-computer-keo-at-bengaluru-tech-summit-bts-2025/article70290086.ece: HTTPConnectionPool(host='localhost', port=43737): Read timed out. (read timeout=120)
2025-11-17 10:31:45,537 - ERROR - [The Hindu] All scrape strategies failed for https://www.thehindu.com/news/national/karnataka/karnataka-to-unveil-state-developed-ai-ready-personal-computer-keo-at-bengaluru-tech-summit-bts-2025/article70290086.ece. Falling back to RSS description.
2025-11-17 10:31:45,589 - INFO - Saved article: Karnataka to unveil State-developed AI-ready personal computer KEO at Bengaluru Tech Summit 2025 from The Hindu
2025-11-17 10:31:46,482 - INFO - [The Hindu] Article: https://www.thehindu.com/news/national/government-approves-17-projects-with-7172-crore-investment-under-electronics-component-manufacturing-scheme/article70289911.ece
2025-11-17 10:31:46,483 - INFO - [The Hindu] Attempt 1/1: Trying with 'selenium_browser' strategy...
2025-11-17 10:33:30,038 - ERROR - [Times of India] Request failed for strategy 'selenium_browser' on URL https://timesofindia.indiatimes.com/world/rest-of-world/ecuador-voters-reject-referendum-to-bring-back-us-bases/articleshow/125381612.cms: HTTPConnectionPool(host='localhost', port=54345): Read timed out. (read timeout=120)
2025-11-17 10:33:30,038 - ERROR - [Times of India] All scrape strategies failed for https://timesofindia.indiatimes.com/world/rest-of-world/ecuador-voters-reject-referendum-to-bring-back-us-bases/articleshow/125381612.cms. Falling back to RSS description.
2025-11-17 10:33:30,040 - INFO - Saved article: Ecuador voters reject referendum to bring back US bases from Times of India
2025-11-17 10:33:30,895 - INFO - [Times of India] Article: https://timesofindia.indiatimes.com/world/rest-of-world/chile-far-left-far-right-candidates-proceed-to-runoff-vote/articleshow/125381134.cms
2025-11-17 10:33:30,895 - INFO - [Times of India] Attempt 1/1: Trying with 'selenium_browser' strategy...
2025-11-17 10:33:46,516 - ERROR - [The Hindu] Request failed for strategy 'selenium_browser' on URL https://www.thehindu.com/news/national/government-approves-17-projects-with-7172-crore-investment-under-electronics-component-manufacturing-scheme/article70289911.ece: HTTPConnectionPool(host='localhost', port=43737): Read timed out. (read timeout=120)
2025-11-17 10:33:46,516 - ERROR - [The Hindu] All scrape strategies failed for https://www.thehindu.com/news/national/government-approves-17-projects-with-7172-crore-investment-under-electronics-component-manufacturing-scheme/article70289911.ece. Falling back to RSS description.
2025-11-17 10:33:46,519 - INFO - Saved article: Government approves 17 projects with ₹7,172 crore investment under electronics component manufacturing scheme from The Hindu
2025-11-17 10:33:47,321 - INFO - [The Hindu] Article: https://www.thehindu.com/news/national/kerala/kerala-blos-stage-statewide-protests-demanding-postponement-of-sir-by-eci/article70290001.ece
2025-11-17 10:33:47,321 - INFO - [The Hindu] Attempt 1/1: Trying with 'selenium_browser' strategy...
2025-11-17 10:34:19,368 - CRITICAL - --- TIMEOUT: 2 scrape jobs did not complete in 300s. ---
2025-11-17 10:34:19,368 - ERROR - A thread has timed out and will be abandoned.
2025-11-17 10:34:19,368 - ERROR - A thread has timed out and will be abandoned.
2025-11-17 10:34:19,368 - INFO - Shutting down thread pool (wait=False)...
2025-11-17 10:34:19,369 - INFO - Scraped: 1 The Guardian, 2 BBC, 2 Timed_Out_Jobs articles. (Total saved: 3)
2025-11-17 10:34:19,369 - INFO - --- Scraping job finished ---
2025-11-17 10:34:19,369 - INFO - --- Scraper service stopped and database connection closed. ---
2025-11-17 10:34:19,369 - INFO - --- Main thread finished. Forcing process exit to kill zombie threads. ---
