2025-12-08 22:25:04,507 - INFO - Initializing database connection at: news_articles.db
2025-12-08 22:25:04,507 - INFO - --- Scraper service started (CI Mode: Run Once) ---
2025-12-08 22:25:04,507 - INFO - --- Starting new scraping job (Parallel Mode) ---
2025-12-08 22:25:04,508 - INFO - Creating new robust session with 3 retries on 5xx/connection/read errors.
2025-12-08 22:25:04,508 - INFO - Proxy is DISABLED.
2025-12-08 22:25:04,508 - INFO - Starting scrape for BBC RSS feed: http://feeds.bbci.co.uk/news/world/rss.xml
2025-12-08 22:25:04,508 - INFO - [Times of India] (Thread) requires Selenium. Initializing driver...
2025-12-08 22:25:04,508 - INFO - Initializing headless Selenium Chrome driver (using SeleniumManager)...
2025-12-08 22:25:04,509 - INFO - Starting scrape for The Guardian RSS feed: https://www.theguardian.com/world/rss
2025-12-08 22:25:04,510 - INFO - [The Hindu] (Thread) requires Selenium. Initializing driver...
2025-12-08 22:25:04,510 - INFO - Initializing headless Selenium Chrome driver (using SeleniumManager)...
2025-12-08 22:25:04,510 - INFO - Submitted 4 jobs to thread pool. Waiting up to 300s for completion...
2025-12-08 22:25:04,620 - INFO - Found 45 articles in The Guardian RSS feed. Processing up to 10.
2025-12-08 22:25:04,620 - INFO - [The Guardian] Article: https://www.theguardian.com/world/2025/dec/08/white-supremacist-notions-threaten-sovereignty-of-south-africa-ramaphosa
2025-12-08 22:25:04,620 - INFO - [The Guardian] Attempt 1/1: Trying with 'requests_browser' strategy...
2025-12-08 22:25:04,662 - INFO - [The Guardian] Success with 'requests_browser'. Found content (547 words).
2025-12-08 22:25:04,730 - INFO - Duplicate article skipped: False claims Afrikaners are persecuted threaten South Africa’s sovereignty, says president | South Africa | The Guardian from The Guardian
2025-12-08 22:25:04,737 - INFO - Found 44 articles in BBC RSS feed. Processing up to 10.
2025-12-08 22:25:04,737 - INFO - [BBC] Article: https://www.bbc.com/news/articles/c2k4z9nwz4yo?at_medium=RSS&at_campaign=rss
2025-12-08 22:25:04,737 - INFO - [BBC] Attempt 1/1: Trying with 'requests_browser' strategy...
2025-12-08 22:25:04,969 - INFO - [BBC] Success with 'requests_browser'. Found content (886 words).
2025-12-08 22:25:05,007 - INFO - Duplicate article skipped: Critical moment to ramp up support for Ukraine, European allies say from BBC
2025-12-08 22:25:05,573 - INFO - [The Guardian] Article: https://www.theguardian.com/world/2025/dec/08/ancient-egyptian-pleasure-boat-found-archaeologists-alexandria-coast
2025-12-08 22:25:05,574 - INFO - [The Guardian] Attempt 1/1: Trying with 'requests_browser' strategy...
2025-12-08 22:25:05,606 - INFO - [The Guardian] Success with 'requests_browser'. Found content (765 words).
2025-12-08 22:25:05,641 - INFO - Duplicate article skipped: Ancient Egyptian pleasure boat found by archaeologists off Alexandria coast | Egypt | The Guardian from The Guardian
2025-12-08 22:25:05,835 - INFO - [BBC] Article: https://www.bbc.com/news/articles/c8r3v5mmyp8o?at_medium=RSS&at_campaign=rss
2025-12-08 22:25:05,835 - INFO - [BBC] Attempt 1/1: Trying with 'requests_browser' strategy...
2025-12-08 22:25:05,872 - INFO - [BBC] Success with 'requests_browser'. Found content (888 words).
2025-12-08 22:25:05,908 - INFO - Duplicate article skipped: European leaders walk tightrope between backing Ukraine and keeping US on board from BBC
2025-12-08 22:25:06,288 - INFO - [The Guardian] Article: https://www.theguardian.com/world/2025/dec/07/release-secured-of-100-kidnapped-nigerian-schoolchildren-but-many-still-being-held
2025-12-08 22:25:06,288 - INFO - [The Guardian] Attempt 1/1: Trying with 'requests_browser' strategy...
2025-12-08 22:25:06,319 - INFO - [The Guardian] Success with 'requests_browser'. Found content (413 words).
2025-12-08 22:25:06,355 - INFO - Duplicate article skipped: Nigerian state secures release of 100 out of 265 kidnapped schoolchildren | Nigeria | The Guardian from The Guardian
2025-12-08 22:25:06,910 - INFO - [BBC] Article: https://www.bbc.com/news/articles/cr7l0rjz05eo?at_medium=RSS&at_campaign=rss
2025-12-08 22:25:06,910 - INFO - [BBC] Attempt 1/1: Trying with 'requests_browser' strategy...
2025-12-08 22:25:06,942 - INFO - [BBC] Success with 'requests_browser'. Found content (669 words).
2025-12-08 22:25:06,980 - INFO - Duplicate article skipped: Thailand-Cambodia conflict: Thousands flee disputed border after deadly clashes and air strikes from BBC
2025-12-08 22:25:07,270 - INFO - [The Guardian] Article: https://www.theguardian.com/world/2025/dec/07/troops-and-warplanes-deployed-in-benin-after-failed-coup-attempt
2025-12-08 22:25:07,270 - INFO - [The Guardian] Attempt 1/1: Trying with 'requests_browser' strategy...
2025-12-08 22:25:07,299 - INFO - [The Guardian] Success with 'requests_browser'. Found content (553 words).
2025-12-08 22:25:07,335 - INFO - Duplicate article skipped: Troops and warplanes deployed in Benin after ‘failed coup attempt’ | Benin | The Guardian from The Guardian
2025-12-08 22:25:07,974 - INFO - [BBC] Article: https://www.bbc.com/news/articles/cqxqz4227x7o?at_medium=RSS&at_campaign=rss
2025-12-08 22:25:07,974 - INFO - [BBC] Attempt 1/1: Trying with 'requests_browser' strategy...
2025-12-08 22:25:08,008 - INFO - [BBC] Success with 'requests_browser'. Found content (530 words).
2025-12-08 22:25:08,039 - INFO - Duplicate article skipped: Israel to review reports that troops killed three-year-old in Gaza from BBC
2025-12-08 22:25:08,403 - INFO - [The Guardian] Article: https://www.theguardian.com/world/2025/dec/06/gunmen-kill-pretoria-south-african-hostel
2025-12-08 22:25:08,403 - INFO - [The Guardian] Attempt 1/1: Trying with 'requests_browser' strategy...
2025-12-08 22:25:08,429 - INFO - [The Guardian] Success with 'requests_browser'. Found content (285 words).
2025-12-08 22:25:08,466 - INFO - Duplicate article skipped: Gunmen kill at least 12 people including three-year-old in hostel in South Africa | South Africa | The Guardian from The Guardian
2025-12-08 22:25:09,162 - INFO - [BBC] Article: https://www.bbc.com/news/articles/cj69xzpzrdyo?at_medium=RSS&at_campaign=rss
2025-12-08 22:25:09,163 - INFO - [BBC] Attempt 1/1: Trying with 'requests_browser' strategy...
2025-12-08 22:25:09,198 - INFO - [BBC] Success with 'requests_browser'. Found content (775 words).
2025-12-08 22:25:09,262 - INFO - Duplicate article skipped: Paramount launches rival bid for Warner Bros Discovery from BBC
2025-12-08 22:25:09,928 - INFO - [The Guardian] Article: https://www.theguardian.com/us-news/2025/dec/08/ice-family-college-student-deported-honduras
2025-12-08 22:25:09,928 - INFO - [The Guardian] Attempt 1/1: Trying with 'requests_browser' strategy...
2025-12-08 22:25:09,955 - INFO - [The Guardian] Success with 'requests_browser'. Found content (535 words).
2025-12-08 22:25:09,996 - INFO - Duplicate article skipped: Family of student deported to Honduras say they were targeted by ICE agents | US immigration | The Guardian from The Guardian
2025-12-08 22:25:10,126 - INFO - [BBC] Article: https://www.bbc.com/news/articles/c0589g0dqq7o?at_medium=RSS&at_campaign=rss
2025-12-08 22:25:10,126 - INFO - [BBC] Attempt 1/1: Trying with 'requests_browser' strategy...
2025-12-08 22:25:10,156 - INFO - [BBC] Success with 'requests_browser'. Found content (514 words).
2025-12-08 22:25:10,190 - INFO - Duplicate article skipped: Elon Musk's X bans European Commission from making ads after €120m fine from BBC
2025-12-08 22:25:11,243 - INFO - [The Guardian] Article: https://www.theguardian.com/film/2025/dec/08/jim-caviezel-jair-bolsonaro-biopic
2025-12-08 22:25:11,243 - INFO - [The Guardian] Attempt 1/1: Trying with 'requests_browser' strategy...
2025-12-08 22:25:11,291 - INFO - [The Guardian] Success with 'requests_browser'. Found content (515 words).
2025-12-08 22:25:11,335 - INFO - Duplicate article skipped: Jim Caviezel to play Jair Bolsonaro in ‘heroic’ biopic | Biopics | The Guardian from The Guardian
2025-12-08 22:25:11,560 - INFO - [BBC] Article: https://www.bbc.com/news/articles/c7091k5pg31o?at_medium=RSS&at_campaign=rss
2025-12-08 22:25:11,560 - INFO - [BBC] Attempt 1/1: Trying with 'requests_browser' strategy...
2025-12-08 22:25:11,589 - INFO - [BBC] Success with 'requests_browser'. Found content (307 words).
2025-12-08 22:25:11,626 - INFO - Duplicate article skipped: Major earthquake strikes Japan's north-east coast from BBC
2025-12-08 22:25:11,888 - INFO - Selenium driver initialized successfully.
2025-12-08 22:25:11,889 - INFO - Selenium driver initialized successfully.
2025-12-08 22:25:11,889 - INFO - Starting scrape for The Hindu RSS feed: https://www.thehindu.com/news/national/feeder/default.rss
2025-12-08 22:25:11,889 - INFO - Starting scrape for Times of India RSS feed: https://timesofindia.indiatimes.com/rssfeeds/296589292.cms
2025-12-08 22:25:12,026 - INFO - Found 100 articles in The Hindu RSS feed. Processing up to 10.
2025-12-08 22:25:12,026 - INFO - [The Hindu] Article: https://www.thehindu.com/news/national/uttar-pradesh/up-cm-asks-residents-to-remain-vigilant-against-infiltrators/article70372723.ece
2025-12-08 22:25:12,026 - INFO - [The Hindu] Attempt 1/1: Trying with 'selenium_browser' strategy...
2025-12-08 22:25:12,103 - INFO - Found 20 articles in Times of India RSS feed. Processing up to 10.
2025-12-08 22:25:12,103 - INFO - [Times of India] Article: https://timesofindia.indiatimes.com/world/us/who-are-jan-jahanzeb-and-israr-niazal-afghan-asylum-seekers-jailed-for-raping-15-year-old-girl-in-britain/articleshow/125846927.cms
2025-12-08 22:25:12,103 - INFO - [Times of India] Attempt 1/1: Trying with 'selenium_browser' strategy...
2025-12-08 22:25:12,111 - INFO - [The Guardian] Article: https://www.theguardian.com/us-news/2025/dec/08/ex-honduran-president-juan-orlando-hernandez-trump-pardon
2025-12-08 22:25:12,111 - INFO - [The Guardian] Attempt 1/1: Trying with 'requests_browser' strategy...
2025-12-08 22:25:12,143 - INFO - [The Guardian] Success with 'requests_browser'. Found content (794 words).
2025-12-08 22:25:12,182 - INFO - Duplicate article skipped: Ex-Honduran president thanks God – and Trump – for drug-trafficking pardon | Donald Trump | The Guardian from The Guardian
2025-12-08 22:25:12,704 - INFO - [The Guardian] Article: https://www.theguardian.com/world/2025/dec/08/us-attack-venezuela-risks-vietnam-style-conflict-lula-adviser
2025-12-08 22:25:12,704 - INFO - [The Guardian] Attempt 1/1: Trying with 'requests_browser' strategy...
2025-12-08 22:25:12,759 - INFO - [The Guardian] Success with 'requests_browser'. Found content (935 words).
2025-12-08 22:25:12,849 - INFO - [BBC] Article: https://www.bbc.com/news/articles/cgex2d3y3dxo?at_medium=RSS&at_campaign=rss
2025-12-08 22:25:12,849 - INFO - [BBC] Attempt 1/1: Trying with 'requests_browser' strategy...
2025-12-08 22:25:12,851 - INFO - Duplicate article skipped: US attack on Venezuela risks ‘Vietnam-style’ regional conflict, warns Lula adviser | Venezuela | The Guardian from The Guardian
2025-12-08 22:25:12,914 - INFO - [BBC] Success with 'requests_browser'. Found content (893 words).
2025-12-08 22:25:12,986 - INFO - Duplicate article skipped: Benin coup attempt: Hunt for plotters as two hostages reportedly freed from BBC
2025-12-08 22:25:14,179 - INFO - [BBC] Article: https://www.bbc.com/news/articles/c0mp4nevdz7o?at_medium=RSS&at_campaign=rss
2025-12-08 22:25:14,179 - INFO - [BBC] Attempt 1/1: Trying with 'requests_browser' strategy...
2025-12-08 22:25:14,220 - INFO - [The Guardian] Article: https://www.theguardian.com/world/2025/dec/06/magnitude-7-earthquake-alaska-canada
2025-12-08 22:25:14,220 - INFO - [The Guardian] Attempt 1/1: Trying with 'requests_browser' strategy...
2025-12-08 22:25:14,351 - INFO - [BBC] Success with 'requests_browser'. Found content (323 words).
2025-12-08 22:25:14,383 - INFO - [The Guardian] Success with 'requests_browser'. Found content (209 words).
2025-12-08 22:25:14,634 - INFO - Duplicate article skipped: Thieves walk out of Brazil library with eight Matisse art works from BBC
2025-12-08 22:25:14,668 - INFO - Duplicate article skipped: Magnitude 7.0 earthquake strikes remote area near Alaska-Canada border | Earthquakes | The Guardian from The Guardian
2025-12-08 22:25:15,674 - INFO - [BBC] Article: https://www.bbc.com/news/articles/c3e073pglvzo?at_medium=RSS&at_campaign=rss
2025-12-08 22:25:15,675 - INFO - [BBC] Attempt 1/1: Trying with 'requests_browser' strategy...
2025-12-08 22:25:15,751 - INFO - [BBC] Success with 'requests_browser'. Found content (679 words).
2025-12-08 22:25:15,888 - INFO - Duplicate article skipped: US Supreme Court appears poised to expand Trump's power to fire federal official from BBC
2025-12-08 22:25:21,073 - INFO - [The Hindu] Page content loaded.
2025-12-08 22:25:21,227 - INFO - [The Hindu] Success with 'selenium_browser'. Found content (188 words).
2025-12-08 22:25:21,354 - INFO - Duplicate article skipped: U.P. CM asks residents to remain vigilant against ‘infiltrators’ - The Hindu from The Hindu
2025-12-08 22:25:22,524 - INFO - [The Hindu] Article: https://www.thehindu.com/news/national/jammu-and-kashmir/mp-engineer-rashid-seeks-pm-intervention-to-end-growing-disconnect-between-l-g-cm-in-jk/article70373145.ece
2025-12-08 22:25:22,524 - INFO - [The Hindu] Attempt 1/1: Trying with 'selenium_browser' strategy...
2025-12-08 22:25:24,337 - INFO - [Times of India] Page content loaded.
2025-12-08 22:25:25,429 - INFO - [Times of India] Success with 'selenium_browser'. Found content (410 words).
2025-12-08 22:25:26,261 - INFO - Saved article: Who are Jan Jahanzeb and Israr Niazal? Afghan asylum seekers jailed for raping 15-year-old girl in Britain - The Times of India from Times of India
2025-12-08 22:25:27,012 - INFO - [Times of India] Article: https://timesofindia.indiatimes.com/world/us/who-is-alina-habba-trumps-former-high-profile-lawyer-resigns-what-led-to-her-decision/articleshow/125846490.cms
2025-12-08 22:25:27,012 - INFO - [Times of India] Attempt 1/1: Trying with 'selenium_browser' strategy...
2025-12-08 22:25:30,088 - INFO - [Times of India] Page content loaded.
2025-12-08 22:25:30,290 - INFO - [Times of India] Success with 'selenium_browser'. Found content (372 words).
2025-12-08 22:25:30,376 - INFO - Saved article: Who is Alina Habba? Trump’s top legal ally resigns – what led to her decision? - The Times of India from Times of India
2025-12-08 22:25:31,446 - INFO - [Times of India] Article: https://timesofindia.indiatimes.com/world/us-streamers/basketball-youtuber-tristan-jass-reveals-hes-having-brain-tumor-removed/articleshow/125846514.cms
2025-12-08 22:25:31,447 - INFO - [Times of India] Attempt 1/1: Trying with 'selenium_browser' strategy...
2025-12-08 22:25:33,441 - INFO - [Times of India] Page content loaded.
2025-12-08 22:25:33,621 - INFO - [Times of India] Success with 'selenium_browser'. Found content (395 words).
2025-12-08 22:25:33,689 - INFO - Duplicate article skipped: Basketball YouTuber Tristan Jass reveals he’s having brain tumor removed - The Times of India from Times of India
2025-12-08 22:25:34,710 - INFO - [Times of India] Article: https://timesofindia.indiatimes.com/world/us/us-student-in-london-murders-chinese-girlfriend-who-gave-cleanliness-instructions-before-sex/articleshow/125846120.cms
2025-12-08 22:25:34,710 - INFO - [Times of India] Attempt 1/1: Trying with 'selenium_browser' strategy...
2025-12-08 22:25:35,954 - INFO - [Times of India] Page content loaded.
2025-12-08 22:25:36,134 - INFO - [Times of India] Success with 'selenium_browser'. Found content (324 words).
2025-12-08 22:25:36,224 - INFO - Duplicate article skipped: US student in London murders Chinese girlfriend who gave cleanliness instructions before sex - The Times of India from Times of India
2025-12-08 22:25:37,328 - INFO - [Times of India] Article: https://timesofindia.indiatimes.com/world/us/your-wifes-entire-family-indian-origin-shri-thanedar-jibes-at-jd-vance-over-mass-migration-remarks/articleshow/125846007.cms
2025-12-08 22:25:37,328 - INFO - [Times of India] Attempt 1/1: Trying with 'selenium_browser' strategy...
2025-12-08 22:25:39,376 - INFO - [Times of India] Page content loaded.
2025-12-08 22:25:39,538 - INFO - [Times of India] Success with 'selenium_browser'. Found content (300 words).
2025-12-08 22:25:39,609 - INFO - Saved article: ‘Your wife’s entire family...’: Indian-origin Shri Thanedar jibes at JD Vance over migration remarks - The Times of India from Times of India
2025-12-08 22:25:40,492 - INFO - [Times of India] Article: https://timesofindia.indiatimes.com/world/us-streamers/valkyrae-discusses-hilarious-voice-over-feedback-during-new-youtube-qa/articleshow/125845614.cms
2025-12-08 22:25:40,493 - INFO - [Times of India] Attempt 1/1: Trying with 'selenium_browser' strategy...
2025-12-08 22:25:42,572 - INFO - [Times of India] Page content loaded.
2025-12-08 22:25:42,895 - INFO - [Times of India] Success with 'selenium_browser'. Found content (392 words).
2025-12-08 22:25:42,997 - INFO - Saved article: Valkyrae discusses hilarious voice-over feedback during new YouTube Q&A - The Times of India from Times of India
2025-12-08 22:25:43,561 - INFO - [Times of India] Article: https://timesofindia.indiatimes.com/world/us/raising-a-foreign-flag-should-result-in-deportation-elon-musk-calls-the-practice-treason-slams-eu/articleshow/125844003.cms
2025-12-08 22:25:43,561 - INFO - [Times of India] Attempt 1/1: Trying with 'selenium_browser' strategy...
2025-12-08 22:25:44,477 - INFO - [Times of India] Page content loaded.
2025-12-08 22:25:44,648 - INFO - [Times of India] Success with 'selenium_browser'. Found content (266 words).
2025-12-08 22:25:44,711 - INFO - Saved article: 'Raising a foreign flag should result in deportation': Elon Musk calls the practice 'treason,' slams EU - The Times of India from Times of India
2025-12-08 22:25:45,668 - INFO - [Times of India] Article: https://timesofindia.indiatimes.com/world/us/us-immigration-lawyer-says-ice-isnt-targeting-criminals-they-are-arresting-people-who-dont-look-like-me/articleshow/125844301.cms
2025-12-08 22:25:45,668 - INFO - [Times of India] Attempt 1/1: Trying with 'selenium_browser' strategy...
2025-12-08 22:25:46,788 - INFO - [Times of India] Page content loaded.
2025-12-08 22:25:46,885 - INFO - [Times of India] Success with 'selenium_browser'. Found content (366 words).
2025-12-08 22:25:46,989 - INFO - Saved article: US Immigration lawyer says ICE isn't targeting criminals, they are arresting 'people who don't look like me' - The Times of India from Times of India
2025-12-08 22:25:47,995 - INFO - [Times of India] Article: https://timesofindia.indiatimes.com/world/us-streamers/candace-owens-faces-fresh-heat-after-mark-driscoll-labels-her-a-sorceress-and-queen-bee-online-as-backlash-grows/articleshow/125844541.cms
2025-12-08 22:25:47,995 - INFO - [Times of India] Attempt 1/1: Trying with 'selenium_browser' strategy...
2025-12-08 22:25:49,185 - INFO - [Times of India] Page content loaded.
2025-12-08 22:25:49,307 - INFO - [Times of India] Success with 'selenium_browser'. Found content (445 words).
2025-12-08 22:25:49,380 - INFO - Saved article: Candace Owens faces fresh heat after Mark Driscoll labels her a sorceress and queen bee amid Charlie Kirk controversy - The Times of India from Times of India
2025-12-08 22:25:50,805 - INFO - [Times of India] Article: https://timesofindia.indiatimes.com/world/us/leaked-memo-reveals-fbi-plot-to-track-millions-as-potential-extremists-see-who-makes-the-list/articleshow/125842988.cms
2025-12-08 22:25:50,805 - INFO - [Times of India] Attempt 1/1: Trying with 'selenium_browser' strategy...
2025-12-08 22:25:51,998 - INFO - [Times of India] Page content loaded.
2025-12-08 22:25:52,129 - INFO - [Times of India] Success with 'selenium_browser'. Found content (450 words).
2025-12-08 22:25:52,207 - INFO - Saved article: Leaked memo reveals FBI plot to track millions as potential extremists – see who makes the list - The Times of India from Times of India
2025-12-08 22:25:52,979 - INFO - [Times of India] (Thread) Finished. Attempting to shut down its Selenium driver.
2025-12-08 22:25:53,115 - INFO - [Times of India] (Thread) driver.quit() successful.
2025-12-08 22:27:22,623 - ERROR - [The Hindu] Request failed for strategy 'selenium_browser' on URL https://www.thehindu.com/news/national/jammu-and-kashmir/mp-engineer-rashid-seeks-pm-intervention-to-end-growing-disconnect-between-l-g-cm-in-jk/article70373145.ece: HTTPConnectionPool(host='localhost', port=35739): Read timed out. (read timeout=120)
2025-12-08 22:27:22,623 - ERROR - [The Hindu] All scrape strategies failed for https://www.thehindu.com/news/national/jammu-and-kashmir/mp-engineer-rashid-seeks-pm-intervention-to-end-growing-disconnect-between-l-g-cm-in-jk/article70373145.ece. Falling back to RSS description.
2025-12-08 22:27:22,623 - INFO - Duplicate article skipped: MP Engineer Rashid seeks PM intervention ‘to end growing disconnect between L-G, CM’ in J&K from The Hindu
2025-12-08 22:27:23,585 - INFO - [The Hindu] Article: https://www.thehindu.com/news/national/odisha/headless-body-of-woman-sparks-unrest-between-odisha-villages-internet-suspended/article70372705.ece
2025-12-08 22:27:23,585 - INFO - [The Hindu] Attempt 1/1: Trying with 'selenium_browser' strategy...
2025-12-08 22:29:23,630 - ERROR - [The Hindu] Request failed for strategy 'selenium_browser' on URL https://www.thehindu.com/news/national/odisha/headless-body-of-woman-sparks-unrest-between-odisha-villages-internet-suspended/article70372705.ece: HTTPConnectionPool(host='localhost', port=35739): Read timed out. (read timeout=120)
2025-12-08 22:29:23,630 - ERROR - [The Hindu] All scrape strategies failed for https://www.thehindu.com/news/national/odisha/headless-body-of-woman-sparks-unrest-between-odisha-villages-internet-suspended/article70372705.ece. Falling back to RSS description.
2025-12-08 22:29:23,631 - INFO - Duplicate article skipped: Headless body of woman sparks unrest between Odisha villages; Internet suspended from The Hindu
2025-12-08 22:29:24,250 - INFO - [The Hindu] Article: https://www.thehindu.com/news/national/tamil-nadu/tamil-nadu-urges-cwma-against-permitting-karnatakas-projects-not-recognised-by-cwdt-supreme-court/article70372958.ece
2025-12-08 22:29:24,250 - INFO - [The Hindu] Attempt 1/1: Trying with 'selenium_browser' strategy...
2025-12-08 22:30:04,510 - CRITICAL - --- TIMEOUT: 1 scrape jobs did not complete in 300s. ---
2025-12-08 22:30:04,510 - ERROR - A thread has timed out and will be abandoned.
2025-12-08 22:30:04,510 - INFO - Shutting down thread pool (wait=False)...
2025-12-08 22:30:04,510 - INFO - Scraped: 0 The Guardian, 0 BBC, 8 Times of India, 1 Timed_Out_Jobs articles. (Total saved: 8)
2025-12-08 22:30:04,510 - INFO - --- Scraping job finished ---
2025-12-08 22:30:04,510 - INFO - --- Scraper service stopped and database connection closed. ---
2025-12-08 22:30:04,511 - INFO - --- Main thread finished. Forcing process exit to kill zombie threads. ---
