2025-11-24 08:36:15,616 - INFO - Initializing database connection at: news_articles.db
2025-11-24 08:36:15,616 - INFO - --- Scraper service started (CI Mode: Run Once) ---
2025-11-24 08:36:15,616 - INFO - --- Starting new scraping job (Parallel Mode) ---
2025-11-24 08:36:15,616 - INFO - Creating new robust session with 3 retries on 5xx/connection/read errors.
2025-11-24 08:36:15,617 - INFO - Proxy is DISABLED.
2025-11-24 08:36:15,617 - INFO - Starting scrape for BBC RSS feed: http://feeds.bbci.co.uk/news/world/rss.xml
2025-11-24 08:36:15,617 - INFO - [Times of India] (Thread) requires Selenium. Initializing driver...
2025-11-24 08:36:15,618 - INFO - Initializing headless Selenium Chrome driver (using SeleniumManager)...
2025-11-24 08:36:15,618 - INFO - Starting scrape for The Guardian RSS feed: https://www.theguardian.com/world/rss
2025-11-24 08:36:15,619 - INFO - [The Hindu] (Thread) requires Selenium. Initializing driver...
2025-11-24 08:36:15,619 - INFO - Initializing headless Selenium Chrome driver (using SeleniumManager)...
2025-11-24 08:36:15,619 - INFO - Submitted 4 jobs to thread pool. Waiting up to 300s for completion...
2025-11-24 08:36:15,747 - INFO - Found 45 articles in The Guardian RSS feed. Processing up to 10.
2025-11-24 08:36:15,747 - INFO - [The Guardian] Article: https://www.theguardian.com/world/2025/nov/23/cyril-ramaphosa-gavel-g20-summit-us-handover
2025-11-24 08:36:15,747 - INFO - [The Guardian] Attempt 1/1: Trying with 'requests_browser' strategy...
2025-11-24 08:36:15,786 - INFO - [The Guardian] Success with 'requests_browser'. Found content (520 words).
2025-11-24 08:36:15,828 - INFO - Duplicate article skipped: Cyril Ramaphosa closes G20 summit after US boycott and handover row | G20 | The Guardian from The Guardian
2025-11-24 08:36:15,937 - INFO - Found 29 articles in BBC RSS feed. Processing up to 10.
2025-11-24 08:36:15,937 - INFO - [BBC] Article: https://www.bbc.com/news/articles/ce3zwy808dpo?at_medium=RSS&at_campaign=rss
2025-11-24 08:36:15,937 - INFO - [BBC] Attempt 1/1: Trying with 'requests_browser' strategy...
2025-11-24 08:36:16,321 - INFO - [BBC] Success with 'requests_browser'. Found content (686 words).
2025-11-24 08:36:16,373 - INFO - Duplicate article skipped: US and Ukraine signal peace plan progress after Geneva talks from BBC
2025-11-24 08:36:16,495 - INFO - [The Guardian] Article: https://www.theguardian.com/world/2025/nov/22/security-fears-rise-in-nigeria-after-more-than-300-taken-mass-school-kidnapping
2025-11-24 08:36:16,495 - INFO - [The Guardian] Attempt 1/1: Trying with 'requests_browser' strategy...
2025-11-24 08:36:16,530 - INFO - [The Guardian] Success with 'requests_browser'. Found content (642 words).
2025-11-24 08:36:16,577 - INFO - Duplicate article skipped: Security fears rise in Nigeria after more than 300 schoolchildren kidnapped | Nigeria | The Guardian from The Guardian
2025-11-24 08:36:17,205 - INFO - [BBC] Article: https://www.bbc.com/news/articles/cn7klr7647jo?at_medium=RSS&at_campaign=rss
2025-11-24 08:36:17,205 - INFO - [BBC] Attempt 1/1: Trying with 'requests_browser' strategy...
2025-11-24 08:36:17,246 - INFO - [BBC] Success with 'requests_browser'. Found content (1038 words).
2025-11-24 08:36:17,279 - INFO - Duplicate article skipped: Gaza food kitchens still missing essential products despite ceasefire from BBC
2025-11-24 08:36:17,439 - INFO - [The Guardian] Article: https://www.theguardian.com/society/2025/nov/22/south-africa-g20-protests-gender-based-violence-national-disaster
2025-11-24 08:36:17,439 - INFO - [The Guardian] Attempt 1/1: Trying with 'requests_browser' strategy...
2025-11-24 08:36:17,466 - INFO - [The Guardian] Success with 'requests_browser'. Found content (437 words).
2025-11-24 08:36:17,501 - INFO - Duplicate article skipped: South Africa declares gender-based violence a national disaster amid G20 protests | Violence against women and girls | The Guardian from The Guardian
2025-11-24 08:36:18,574 - INFO - [BBC] Article: https://www.bbc.com/news/articles/cx2y2le8lx1o?at_medium=RSS&at_campaign=rss
2025-11-24 08:36:18,574 - INFO - [BBC] Attempt 1/1: Trying with 'requests_browser' strategy...
2025-11-24 08:36:18,619 - INFO - [BBC] Success with 'requests_browser'. Found content (1750 words).
2025-11-24 08:36:18,655 - INFO - Duplicate article skipped: Sierra Leone juju traders: Hunting down those who kill for human body parts from BBC
2025-11-24 08:36:18,965 - INFO - [The Guardian] Article: https://www.theguardian.com/world/2025/nov/21/nigeria-reels-after-second-mass-school-abduction-in-a-week
2025-11-24 08:36:18,965 - INFO - [The Guardian] Attempt 1/1: Trying with 'requests_browser' strategy...
2025-11-24 08:36:18,992 - INFO - [The Guardian] Success with 'requests_browser'. Found content (744 words).
2025-11-24 08:36:19,026 - INFO - Duplicate article skipped: Nigeria reels after 215 children taken in second mass school abduction in a week | Nigeria | The Guardian from The Guardian
2025-11-24 08:36:19,606 - INFO - [The Guardian] Article: https://www.theguardian.com/world/2025/nov/21/run-up-to-g20-in-south-africa-marred-by-hosts-simmering-row-with-us
2025-11-24 08:36:19,607 - INFO - [The Guardian] Attempt 1/1: Trying with 'requests_browser' strategy...
2025-11-24 08:36:19,637 - INFO - [BBC] Article: https://www.bbc.com/news/articles/ce8g8wrd61zo?at_medium=RSS&at_campaign=rss
2025-11-24 08:36:19,637 - INFO - [BBC] Attempt 1/1: Trying with 'requests_browser' strategy...
2025-11-24 08:36:19,641 - INFO - [The Guardian] Success with 'requests_browser'. Found content (887 words).
2025-11-24 08:36:19,685 - INFO - Duplicate article skipped: South Africa’s dispute with US escalates amid row over G20 handover event | G20 | The Guardian from The Guardian
2025-11-24 08:36:19,707 - INFO - [BBC] Success with 'requests_browser'. Found content (983 words).
2025-11-24 08:36:19,739 - INFO - Duplicate article skipped: Machu Picchu hit by a row over tourist buses from BBC
2025-11-24 08:36:20,368 - INFO - [The Guardian] Article: https://www.theguardian.com/world/2025/nov/23/jair-bolsonaro-claims-psychotic-attack-made-him-tamper-with-ankle-monitor
2025-11-24 08:36:20,369 - INFO - [The Guardian] Attempt 1/1: Trying with 'requests_browser' strategy...
2025-11-24 08:36:20,394 - INFO - [The Guardian] Success with 'requests_browser'. Found content (530 words).
2025-11-24 08:36:20,451 - INFO - Duplicate article skipped: Jair Bolsonaro claims ‘psychotic attack’ made him tamper with ankle monitor | Jair Bolsonaro | The Guardian from The Guardian
2025-11-24 08:36:21,041 - INFO - [BBC] Article: https://www.bbc.com/news/articles/cwyp9d3ddqyo?at_medium=RSS&at_campaign=rss
2025-11-24 08:36:21,041 - INFO - [BBC] Attempt 1/1: Trying with 'requests_browser' strategy...
2025-11-24 08:36:21,079 - INFO - [BBC] Success with 'requests_browser'. Found content (1411 words).
2025-11-24 08:36:21,118 - INFO - Saved article: Australia's social media ban for kids under 16 - how will it work? from BBC
2025-11-24 08:36:21,506 - INFO - [The Guardian] Article: https://www.theguardian.com/environment/2025/nov/23/un-warns-world-losing-climate-battle-but-fragile-cop30-deal-keeps-up-the-fight
2025-11-24 08:36:21,506 - INFO - [The Guardian] Attempt 1/1: Trying with 'requests_browser' strategy...
2025-11-24 08:36:21,544 - INFO - [The Guardian] Success with 'requests_browser'. Found content (1071 words).
2025-11-24 08:36:21,593 - INFO - Duplicate article skipped: UN warns world losing climate battle but fragile Cop30 deal keeps up the fight | Cop30 | The Guardian from The Guardian
2025-11-24 08:36:22,577 - INFO - [BBC] Article: https://www.bbc.com/news/articles/ckgkv47xqn5o?at_medium=RSS&at_campaign=rss
2025-11-24 08:36:22,577 - INFO - [BBC] Attempt 1/1: Trying with 'requests_browser' strategy...
2025-11-24 08:36:22,608 - INFO - [BBC] Success with 'requests_browser'. Found content (260 words).
2025-11-24 08:36:22,639 - INFO - Saved article: Pakistan: Five dead in suicide bombing on paramilitary headquarters from BBC
2025-11-24 08:36:23,049 - INFO - [The Guardian] Article: https://www.theguardian.com/environment/2025/nov/23/cop30-talks-climate-progress-five-threats
2025-11-24 08:36:23,049 - INFO - [The Guardian] Attempt 1/1: Trying with 'requests_browser' strategy...
2025-11-24 08:36:23,078 - INFO - [The Guardian] Success with 'requests_browser'. Found content (1188 words).
2025-11-24 08:36:23,116 - INFO - Duplicate article skipped: Trump, war, absent media: five threats to climate progress that dogged Cop30 | Cop30 | The Guardian from The Guardian
2025-11-24 08:36:24,029 - INFO - [The Guardian] Article: https://www.theguardian.com/environment/2025/nov/22/cop30-deal-inches-closer-to-end-of-fossil-fuel-era-after-bitter-standoff
2025-11-24 08:36:24,029 - INFO - [The Guardian] Attempt 1/1: Trying with 'requests_browser' strategy...
2025-11-24 08:36:24,067 - INFO - [The Guardian] Success with 'requests_browser'. Found content (1071 words).
2025-11-24 08:36:24,085 - INFO - [BBC] Article: https://www.bbc.com/news/articles/cn81j54xjx1o?at_medium=RSS&at_campaign=rss
2025-11-24 08:36:24,090 - INFO - [BBC] Attempt 1/1: Trying with 'requests_browser' strategy...
2025-11-24 08:36:24,117 - INFO - Duplicate article skipped: End of fossil fuel era inches closer as Cop30 deal agreed after bitter standoff | Cop30 | The Guardian from The Guardian
2025-11-24 08:36:24,133 - INFO - [BBC] Success with 'requests_browser'. Found content (553 words).
2025-11-24 08:36:24,165 - INFO - Duplicate article skipped: Israel kills top Hezbollah official in first attack on Beirut in months from BBC
2025-11-24 08:36:24,864 - INFO - [BBC] Article: https://www.bbc.com/news/articles/cpwk5qzzppzo?at_medium=RSS&at_campaign=rss
2025-11-24 08:36:24,864 - INFO - [BBC] Attempt 1/1: Trying with 'requests_browser' strategy...
2025-11-24 08:36:24,900 - INFO - [BBC] Success with 'requests_browser'. Found content (875 words).
2025-11-24 08:36:24,933 - INFO - Duplicate article skipped: Fifty children escape after mass school abduction in Nigeria from BBC
2025-11-24 08:36:25,589 - INFO - [The Guardian] Article: https://www.theguardian.com/world/2025/nov/22/far-right-former-president-jair-bolsonaro-arrested-in-brazil
2025-11-24 08:36:25,589 - INFO - [The Guardian] Attempt 1/1: Trying with 'requests_browser' strategy...
2025-11-24 08:36:25,624 - INFO - [The Guardian] Success with 'requests_browser'. Found content (768 words).
2025-11-24 08:36:25,667 - INFO - Duplicate article skipped: Jair Bolsonaro arrested after tampering with ankle tag ‘out of curiosity’ | Jair Bolsonaro | The Guardian from The Guardian
2025-11-24 08:36:25,851 - INFO - [BBC] Article: https://www.bbc.com/news/articles/cwywl8g31g7o?at_medium=RSS&at_campaign=rss
2025-11-24 08:36:25,852 - INFO - [BBC] Attempt 1/1: Trying with 'requests_browser' strategy...
2025-11-24 08:36:25,881 - INFO - [BBC] Success with 'requests_browser'. Found content (288 words).
2025-11-24 08:36:25,913 - INFO - Duplicate article skipped: Vietnam floods leave at least 90 dead and 12 missing from BBC
2025-11-24 08:36:27,274 - INFO - [BBC] Article: https://www.bbc.com/sport/articles/cp84m625d33o?at_medium=RSS&at_campaign=rss
2025-11-24 08:36:27,275 - INFO - [BBC] Attempt 1/1: Trying with 'requests_browser' strategy...
2025-11-24 08:36:27,312 - INFO - [BBC] Success with 'requests_browser'. Found content (390 words).
2025-11-24 08:36:27,345 - INFO - Duplicate article skipped: Aonishiki: Ukraine sumo prodigy becomes champion in Japan - BBC Sport from BBC
2025-11-24 08:36:33,279 - INFO - Selenium driver initialized successfully.
2025-11-24 08:36:33,279 - INFO - Starting scrape for The Hindu RSS feed: https://www.thehindu.com/news/national/feeder/default.rss
2025-11-24 08:36:33,280 - INFO - Selenium driver initialized successfully.
2025-11-24 08:36:33,280 - INFO - Starting scrape for Times of India RSS feed: https://timesofindia.indiatimes.com/rssfeeds/296589292.cms
2025-11-24 08:36:33,481 - INFO - Found 100 articles in The Hindu RSS feed. Processing up to 10.
2025-11-24 08:36:33,482 - INFO - [The Hindu] Article: https://www.thehindu.com/news/national/tejas-jet-maker-hal-calls-dubai-crash-an-isolated-occurrence/article70316827.ece
2025-11-24 08:36:33,482 - INFO - [The Hindu] Attempt 1/1: Trying with 'selenium_browser' strategy...
2025-11-24 08:36:33,577 - INFO - Found 20 articles in Times of India RSS feed. Processing up to 10.
2025-11-24 08:36:33,577 - INFO - [Times of India] Article: https://timesofindia.indiatimes.com/world/middle-east/oman-to-test-laila-a-pilotless-hybrid-electric-vtol-aircraf/articleshow/125534719.cms
2025-11-24 08:36:33,577 - INFO - [Times of India] Attempt 1/1: Trying with 'selenium_browser' strategy...
2025-11-24 08:36:35,993 - INFO - [The Hindu] Page content loaded.
2025-11-24 08:36:36,050 - INFO - [The Hindu] Success with 'selenium_browser'. Found content (167 words).
2025-11-24 08:36:36,137 - INFO - Saved article: Tejas jet-maker HAL calls Dubai crash an ‘isolated occurrence’ - The Hindu from The Hindu
2025-11-24 08:36:36,811 - INFO - [The Hindu] Article: https://www.thehindu.com/news/national/53rd-cji-surya-kant-congratulations-political-reactions/article70316765.ece
2025-11-24 08:36:36,811 - INFO - [The Hindu] Attempt 1/1: Trying with 'selenium_browser' strategy...
2025-11-24 08:36:39,080 - INFO - [The Hindu] Page content loaded.
2025-11-24 08:36:39,247 - INFO - [The Hindu] Success with 'selenium_browser'. Found content (210 words).
2025-11-24 08:36:39,437 - INFO - Saved article: 53rd CJI Surya Kant: Congratulations pour in - The Hindu from The Hindu
2025-11-24 08:36:39,982 - INFO - [The Hindu] Article: https://www.thehindu.com/news/national/uttar-pradesh/yogi-adityanath-directs-district-magistrates-and-senior-superintendents-of-police-to-address-citizens-complaint-promptly/article70316654.ece
2025-11-24 08:36:39,984 - INFO - [The Hindu] Attempt 1/1: Trying with 'selenium_browser' strategy...
2025-11-24 08:36:42,127 - INFO - [The Hindu] Page content loaded.
2025-11-24 08:36:42,287 - INFO - [The Hindu] Success with 'selenium_browser'. Found content (208 words).
2025-11-24 08:36:42,407 - INFO - Saved article: Yogi Adityanath directs District Magistrates and Senior Superintendents of Police to address citizens complaint promptly - The Hindu from The Hindu
2025-11-24 08:36:43,534 - INFO - [The Hindu] Article: https://www.thehindu.com/news/national/delhi-riots-2020-case-sc-hearing-umar-khalid-sharjeel-imam-bail-plea-live-updates-november-24-2025/article70316230.ece
2025-11-24 08:36:43,534 - INFO - [The Hindu] Attempt 1/1: Trying with 'selenium_browser' strategy...
2025-11-24 08:36:45,460 - INFO - [The Hindu] Page content loaded.
2025-11-24 08:36:45,616 - INFO - [The Hindu] Success with 'selenium_browser'. Found content (186 words).
2025-11-24 08:36:45,812 - INFO - Saved article: Delhi riots case hearing LIVE: Supreme Court to hear bail pleas of activists Umar Khalid, Sharjeel Imam and others - The Hindu from The Hindu
2025-11-24 08:36:46,467 - INFO - [The Hindu] Article: https://www.thehindu.com/news/national/uttar-pradesh/sir-row-opposition-making-noise-because-they-have-something-to-hide-says-uttar-pradesh-deputy-cm/article70316527.ece
2025-11-24 08:36:46,467 - INFO - [The Hindu] Attempt 1/1: Trying with 'selenium_browser' strategy...
2025-11-24 08:36:48,961 - INFO - [The Hindu] Page content loaded.
2025-11-24 08:36:49,060 - INFO - [The Hindu] Success with 'selenium_browser'. Found content (249 words).
2025-11-24 08:36:49,210 - INFO - Saved article: SIR row: Opposition making noise because 'they have something to hide', says Uttar Pradesh Deputy CM - The Hindu from The Hindu
2025-11-24 08:36:49,951 - INFO - [The Hindu] Article: https://www.thehindu.com/news/national/tamil-nadu/northeast-monsoon-strengthens-in-south-tamil-nadu/article70316450.ece
2025-11-24 08:36:49,951 - INFO - [The Hindu] Attempt 1/1: Trying with 'selenium_browser' strategy...
2025-11-24 08:36:52,424 - INFO - [The Hindu] Page content loaded.
2025-11-24 08:36:52,667 - INFO - [The Hindu] Success with 'selenium_browser'. Found content (473 words).
2025-11-24 08:36:52,856 - INFO - Saved article: Northeast monsoon strengthens in south Tamil Nadu - The Hindu from The Hindu
2025-11-24 08:36:53,362 - INFO - [The Hindu] Article: https://www.thehindu.com/news/national/assam/assess-ecological-implications-of-proposed-elevated-corridor-in-kaziranga-unesco-urged/article70316421.ece
2025-11-24 08:36:53,362 - INFO - [The Hindu] Attempt 1/1: Trying with 'selenium_browser' strategy...
2025-11-24 08:36:55,154 - INFO - [The Hindu] Page content loaded.
2025-11-24 08:36:55,226 - INFO - [The Hindu] Success with 'selenium_browser'. Found content (526 words).
2025-11-24 08:36:55,343 - INFO - Saved article: Assess ecological implications of proposed elevated corridor in Kaziranga, UNESCO urged - The Hindu from The Hindu
2025-11-24 08:36:56,131 - INFO - [The Hindu] Article: https://www.thehindu.com/news/national/karnataka/more-karnataka-congress-legislators-backing-shivakumar-travel-to-delhi/article70316673.ece
2025-11-24 08:36:56,132 - INFO - [The Hindu] Attempt 1/1: Trying with 'selenium_browser' strategy...
2025-11-24 08:36:57,367 - INFO - [The Hindu] Page content loaded.
2025-11-24 08:36:57,412 - INFO - [The Hindu] Success with 'selenium_browser'. Found content (329 words).
2025-11-24 08:36:57,468 - INFO - Saved article: More Karnataka Congress legislators backing Shivakumar travel to Delhi - The Hindu from The Hindu
2025-11-24 08:36:58,129 - INFO - [The Hindu] Article: https://www.thehindu.com/news/national/assam/assam-approves-maintenance-repair-and-overhaul-mro-policy-2025/article70316490.ece
2025-11-24 08:36:58,130 - INFO - [The Hindu] Attempt 1/1: Trying with 'selenium_browser' strategy...
2025-11-24 08:36:59,322 - INFO - [The Hindu] Page content loaded.
2025-11-24 08:36:59,367 - INFO - [The Hindu] Success with 'selenium_browser'. Found content (364 words).
2025-11-24 08:36:59,440 - INFO - Saved article: Assam approves Maintenance, Repair and Overhaul (MRO) Policy 2025 - The Hindu from The Hindu
2025-11-24 08:37:00,667 - INFO - [The Hindu] Article: https://www.thehindu.com/news/cities/Hyderabad/andhra-woman-doctor-found-dead-in-hyderabad-over-us-visa-rejection/article70316460.ece
2025-11-24 08:37:00,667 - INFO - [The Hindu] Attempt 1/1: Trying with 'selenium_browser' strategy...
2025-11-24 08:38:33,675 - ERROR - [Times of India] Request failed for strategy 'selenium_browser' on URL https://timesofindia.indiatimes.com/world/middle-east/oman-to-test-laila-a-pilotless-hybrid-electric-vtol-aircraf/articleshow/125534719.cms: HTTPConnectionPool(host='localhost', port=52713): Read timed out. (read timeout=120)
2025-11-24 08:38:33,675 - ERROR - [Times of India] All scrape strategies failed for https://timesofindia.indiatimes.com/world/middle-east/oman-to-test-laila-a-pilotless-hybrid-electric-vtol-aircraf/articleshow/125534719.cms. Falling back to RSS description.
2025-11-24 08:38:33,677 - INFO - Saved article: Oman to test Laila, a pilotless hybrid electric VTOL aircraft from Times of India
2025-11-24 08:38:34,509 - INFO - [Times of India] Article: https://timesofindia.indiatimes.com/world/us-streamers/erika-kirks-heartfelt-talk-with-megyn-kelly-reveals-powerful-message-for-charlie-kirks-suspected-killer/articleshow/125525898.cms
2025-11-24 08:38:34,509 - INFO - [Times of India] Attempt 1/1: Trying with 'selenium_browser' strategy...
2025-11-24 08:39:00,765 - ERROR - [The Hindu] Request failed for strategy 'selenium_browser' on URL https://www.thehindu.com/news/cities/Hyderabad/andhra-woman-doctor-found-dead-in-hyderabad-over-us-visa-rejection/article70316460.ece: HTTPConnectionPool(host='localhost', port=34533): Read timed out. (read timeout=120)
2025-11-24 08:39:00,765 - ERROR - [The Hindu] All scrape strategies failed for https://www.thehindu.com/news/cities/Hyderabad/andhra-woman-doctor-found-dead-in-hyderabad-over-us-visa-rejection/article70316460.ece. Falling back to RSS description.
2025-11-24 08:39:00,767 - INFO - Saved article: Doctor found dead at flat in Padmarao Nagar from The Hindu
2025-11-24 08:39:01,507 - INFO - [The Hindu] (Thread) Finished. Attempting to shut down its Selenium driver.
2025-11-24 08:40:34,563 - ERROR - [Times of India] Request failed for strategy 'selenium_browser' on URL https://timesofindia.indiatimes.com/world/us-streamers/erika-kirks-heartfelt-talk-with-megyn-kelly-reveals-powerful-message-for-charlie-kirks-suspected-killer/articleshow/125525898.cms: HTTPConnectionPool(host='localhost', port=52713): Read timed out. (read timeout=120)
2025-11-24 08:40:34,564 - ERROR - [Times of India] All scrape strategies failed for https://timesofindia.indiatimes.com/world/us-streamers/erika-kirks-heartfelt-talk-with-megyn-kelly-reveals-powerful-message-for-charlie-kirks-suspected-killer/articleshow/125525898.cms. Falling back to RSS description.
2025-11-24 08:40:34,564 - INFO - Duplicate article skipped: Erika Kirk’s heartfelt talk with Megyn Kelly reveals powerful message for Charlie Kirk’s suspected killer from Times of India
2025-11-24 08:40:35,149 - INFO - [Times of India] Article: https://timesofindia.indiatimes.com/world/us/that-doesnt-exist-doge-earlier-led-by-elon-musk-shut-down-ahead-of-schedule-employees-move-into-new-roles/articleshow/125532568.cms
2025-11-24 08:40:35,149 - INFO - [Times of India] Attempt 1/1: Trying with 'selenium_browser' strategy...
2025-11-24 08:41:01,512 - WARNING - Retrying (Retry(total=2, connect=None, read=None, redirect=None, status=None)) after connection broken by 'ReadTimeoutError("HTTPConnectionPool(host='localhost', port=34533): Read timed out. (read timeout=120)")': /session/103dda78305e301d48d14bb6d06152be
2025-11-24 08:41:15,619 - CRITICAL - --- TIMEOUT: 2 scrape jobs did not complete in 300s. ---
2025-11-24 08:41:15,620 - ERROR - A thread has timed out and will be abandoned.
2025-11-24 08:41:15,620 - ERROR - A thread has timed out and will be abandoned.
2025-11-24 08:41:15,620 - INFO - Shutting down thread pool (wait=False)...
2025-11-24 08:41:15,620 - INFO - Scraped: 0 The Guardian, 2 BBC, 2 Timed_Out_Jobs articles. (Total saved: 2)
2025-11-24 08:41:15,620 - INFO - --- Scraping job finished ---
2025-11-24 08:41:15,620 - INFO - --- Scraper service stopped and database connection closed. ---
2025-11-24 08:41:15,620 - INFO - --- Main thread finished. Forcing process exit to kill zombie threads. ---
