2026-02-07 14:32:26,191 - INFO - Initializing database connection at: news_articles.db
2026-02-07 14:32:26,191 - INFO - --- Scraper service started (CI Mode: Run Once) ---
2026-02-07 14:32:26,191 - INFO - --- Starting new scraping job (Parallel Mode) ---
2026-02-07 14:32:26,191 - INFO - Creating new robust session with 3 retries on 5xx/connection/read errors.
2026-02-07 14:32:26,192 - INFO - Proxy is DISABLED.
2026-02-07 14:32:26,192 - INFO - Starting scrape for BBC RSS feed: http://feeds.bbci.co.uk/news/world/rss.xml
2026-02-07 14:32:26,192 - INFO - [Times of India] (Thread) requires Selenium. Initializing driver...
2026-02-07 14:32:26,192 - INFO - Initializing headless Selenium Chrome driver (using SeleniumManager)...
2026-02-07 14:32:26,193 - INFO - Starting scrape for The Guardian RSS feed: https://www.theguardian.com/world/rss
2026-02-07 14:32:26,193 - INFO - [The Hindu] (Thread) requires Selenium. Initializing driver...
2026-02-07 14:32:26,193 - INFO - Initializing headless Selenium Chrome driver (using SeleniumManager)...
2026-02-07 14:32:26,193 - INFO - Submitted 4 jobs to thread pool. Waiting up to 300s for completion...
2026-02-07 14:32:26,271 - INFO - Found 45 articles in The Guardian RSS feed. Processing up to 10.
2026-02-07 14:32:26,272 - INFO - [The Guardian] Article: https://www.theguardian.com/global-development/2026/feb/07/businesses-close-protest-malawi-tax-changes-electronic-invoicing-system
2026-02-07 14:32:26,272 - INFO - [The Guardian] Attempt 1/1: Trying with 'requests_browser' strategy...
2026-02-07 14:32:26,297 - INFO - [The Guardian] Success with 'requests_browser'. Found content (591 words).
2026-02-07 14:32:26,332 - INFO - Duplicate article skipped: Thousands of Malawi businesses close in protest over tax changes | Global development | The Guardian from The Guardian
2026-02-07 14:32:26,384 - INFO - Found 28 articles in BBC RSS feed. Processing up to 10.
2026-02-07 14:32:26,384 - INFO - [BBC] Article: https://www.bbc.com/news/articles/cd0y0y9z231o?at_medium=RSS&at_campaign=rss
2026-02-07 14:32:26,384 - INFO - [BBC] Attempt 1/1: Trying with 'requests_browser' strategy...
2026-02-07 14:32:26,512 - INFO - [BBC] Success with 'requests_browser'. Found content (853 words).
2026-02-07 14:32:26,551 - INFO - Duplicate article skipped: US wants Russia and Ukraine to end war by June, says Zelensky from BBC
2026-02-07 14:32:27,571 - INFO - [The Guardian] Article: https://www.theguardian.com/environment/2026/feb/06/weather-tracker-storm-leonardo-europe-portugal-spain-northern-africa
2026-02-07 14:32:27,571 - INFO - [The Guardian] Attempt 1/1: Trying with 'requests_browser' strategy...
2026-02-07 14:32:27,594 - INFO - [The Guardian] Success with 'requests_browser'. Found content (438 words).
2026-02-07 14:32:27,627 - INFO - Duplicate article skipped: Weather tracker: Storm Leonardo continues to batter Europe and northern Africa | Europe | The Guardian from The Guardian
2026-02-07 14:32:27,635 - INFO - [BBC] Article: https://www.bbc.com/news/articles/ce8r8y78g10o?at_medium=RSS&at_campaign=rss
2026-02-07 14:32:27,635 - INFO - [BBC] Attempt 1/1: Trying with 'requests_browser' strategy...
2026-02-07 14:32:27,674 - INFO - [BBC] Success with 'requests_browser'. Found content (925 words).
2026-02-07 14:32:27,713 - INFO - Duplicate article skipped: Trump says he 'didn't see' part of video with racist clip depicting Obamas as apes from BBC
2026-02-07 14:32:28,356 - INFO - [BBC] Article: https://www.bbc.com/sport/articles/czejep5z51wo?at_medium=RSS&at_campaign=rss
2026-02-07 14:32:28,356 - INFO - [BBC] Attempt 1/1: Trying with 'requests_browser' strategy...
2026-02-07 14:32:28,392 - INFO - [BBC] Success with 'requests_browser'. Found content (581 words).
2026-02-07 14:32:28,431 - INFO - Duplicate article skipped: Winter Olympics 2026 opening ceremony: Milan-Cortina Games open as Mariah Carey & Andrea Bocelli perform - BBC Sport from BBC
2026-02-07 14:32:28,515 - INFO - [The Guardian] Article: https://www.theguardian.com/world/2026/feb/05/nigeria-sends-troops-to-villages-attacked-by-jihadist-fighters
2026-02-07 14:32:28,515 - INFO - [The Guardian] Attempt 1/1: Trying with 'requests_browser' strategy...
2026-02-07 14:32:28,545 - INFO - [The Guardian] Success with 'requests_browser'. Found content (663 words).
2026-02-07 14:32:28,588 - INFO - Duplicate article skipped: ‘They killed my sons’: chief of Nigerian village where jihadists massacred hundreds recounts night of terror | Nigeria | The Guardian from The Guardian
2026-02-07 14:32:29,278 - INFO - [BBC] Article: https://www.bbc.com/news/articles/ckgl53zll3jo?at_medium=RSS&at_campaign=rss
2026-02-07 14:32:29,278 - INFO - [BBC] Attempt 1/1: Trying with 'requests_browser' strategy...
2026-02-07 14:32:29,329 - INFO - [BBC] Success with 'requests_browser'. Found content (1847 words).
2026-02-07 14:32:29,377 - INFO - Duplicate article skipped: Will Sunday's snap election gamble pay off for Japan's first female premier? from BBC
2026-02-07 14:32:29,496 - INFO - [The Guardian] Article: https://www.theguardian.com/world/2026/feb/04/gunmen-west-nigeria-attack-red-cross
2026-02-07 14:32:29,496 - INFO - [The Guardian] Attempt 1/1: Trying with 'requests_browser' strategy...
2026-02-07 14:32:29,522 - INFO - [The Guardian] Success with 'requests_browser'. Found content (881 words).
2026-02-07 14:32:29,562 - INFO - Duplicate article skipped: Gunmen kill more than 160 people in attacks on two west Nigeria villages | Nigeria | The Guardian from The Guardian
2026-02-07 14:32:30,649 - INFO - [BBC] Article: https://www.bbc.com/news/articles/c0q4q7w237yo?at_medium=RSS&at_campaign=rss
2026-02-07 14:32:30,649 - INFO - [BBC] Attempt 1/1: Trying with 'requests_browser' strategy...
2026-02-07 14:32:30,681 - INFO - [BBC] Success with 'requests_browser'. Found content (436 words).
2026-02-07 14:32:30,746 - INFO - Duplicate article skipped: Colorado funeral home director sentenced to 40 years for abusing corpses from BBC
2026-02-07 14:32:30,871 - INFO - [The Guardian] Article: https://www.theguardian.com/world/2026/feb/04/uganda-opposition-leader-bobi-wine-in-hiding-muhoozi-kainerugaba-feud
2026-02-07 14:32:30,872 - INFO - [The Guardian] Attempt 1/1: Trying with 'requests_browser' strategy...
2026-02-07 14:32:30,984 - INFO - [The Guardian] Success with 'requests_browser'. Found content (873 words).
2026-02-07 14:32:31,022 - INFO - Duplicate article skipped: Ugandan opposition leader still in hiding as feud with president’s son escalates | Uganda | The Guardian from The Guardian
2026-02-07 14:32:32,101 - INFO - [The Guardian] Article: https://www.theguardian.com/environment/2026/feb/07/bermuda-snail-thought-to-be-extinct-now-thrives-after-a-decades-effort
2026-02-07 14:32:32,101 - INFO - [The Guardian] Attempt 1/1: Trying with 'requests_browser' strategy...
2026-02-07 14:32:32,114 - INFO - [BBC] Article: https://www.bbc.com/news/articles/cz6y62nzjxxo?at_medium=RSS&at_campaign=rss
2026-02-07 14:32:32,114 - INFO - [BBC] Attempt 1/1: Trying with 'requests_browser' strategy...
2026-02-07 14:32:32,142 - INFO - [The Guardian] Success with 'requests_browser'. Found content (436 words).
2026-02-07 14:32:32,191 - INFO - Duplicate article skipped: Bermuda snail thought to be extinct now thrives after a decade’s effort | Wildlife | The Guardian from The Guardian
2026-02-07 14:32:32,200 - INFO - [BBC] Success with 'requests_browser'. Found content (312 words).
2026-02-07 14:32:32,241 - INFO - Saved article: S Korean crypto firm accidentally pays out $40bn in bitcoin from BBC
2026-02-07 14:32:33,322 - INFO - [BBC] Article: https://www.bbc.com/news/articles/cq5y5w2z344o?at_medium=RSS&at_campaign=rss
2026-02-07 14:32:33,322 - INFO - [BBC] Attempt 1/1: Trying with 'requests_browser' strategy...
2026-02-07 14:32:33,358 - INFO - [BBC] Success with 'requests_browser'. Found content (482 words).
2026-02-07 14:32:33,398 - INFO - Duplicate article skipped: Fugu feud: Zambians and Ghanaians clash on social media over president's outfit from BBC
2026-02-07 14:32:33,691 - INFO - [The Guardian] Article: https://www.theguardian.com/world/2026/feb/07/china-overturns-death-sentence-of-canadian-robert-lloyd-schellenberg-in-sign-of-diplomatic-thaw
2026-02-07 14:32:33,692 - INFO - [The Guardian] Attempt 1/1: Trying with 'requests_browser' strategy...
2026-02-07 14:32:33,718 - INFO - [The Guardian] Success with 'requests_browser'. Found content (526 words).
2026-02-07 14:32:33,761 - INFO - Duplicate article skipped: China overturns death sentence of Canadian in sign of diplomatic thaw | China | The Guardian from The Guardian
2026-02-07 14:32:34,078 - INFO - [BBC] Article: https://www.bbc.com/news/articles/c2e1e7nlegko?at_medium=RSS&at_campaign=rss
2026-02-07 14:32:34,078 - INFO - [BBC] Attempt 1/1: Trying with 'requests_browser' strategy...
2026-02-07 14:32:34,118 - INFO - [BBC] Success with 'requests_browser'. Found content (722 words).
2026-02-07 14:32:34,160 - INFO - Duplicate article skipped: Police probe new message in search for mother of Savannah Guthrie from BBC
2026-02-07 14:32:34,598 - INFO - [The Guardian] Article: https://www.theguardian.com/us-news/2026/feb/06/trump-proclamation-us-imports-argentine-beef
2026-02-07 14:32:34,598 - INFO - [The Guardian] Attempt 1/1: Trying with 'requests_browser' strategy...
2026-02-07 14:32:34,621 - INFO - [The Guardian] Success with 'requests_browser'. Found content (303 words).
2026-02-07 14:32:34,662 - INFO - Duplicate article skipped: Trump signs proclamation to increase US imports of beef from Argentina | Donald Trump | The Guardian from The Guardian
2026-02-07 14:32:34,663 - INFO - Selenium driver initialized successfully.
2026-02-07 14:32:34,663 - INFO - Starting scrape for Times of India RSS feed: https://timesofindia.indiatimes.com/rssfeeds/296589292.cms
2026-02-07 14:32:34,664 - INFO - Selenium driver initialized successfully.
2026-02-07 14:32:34,664 - INFO - Starting scrape for The Hindu RSS feed: https://www.thehindu.com/news/national/feeder/default.rss
2026-02-07 14:32:34,756 - INFO - Found 100 articles in The Hindu RSS feed. Processing up to 10.
2026-02-07 14:32:34,756 - INFO - [The Hindu] Article: https://www.thehindu.com/news/national/andhra-pradesh/officials-told-to-promote-union-and-state-welfare-schemes/article70602771.ece
2026-02-07 14:32:34,756 - INFO - [The Hindu] Attempt 1/1: Trying with 'selenium_browser' strategy...
2026-02-07 14:32:35,020 - INFO - Found 20 articles in Times of India RSS feed. Processing up to 10.
2026-02-07 14:32:35,020 - INFO - [Times of India] Article: https://timesofindia.indiatimes.com/world/us/the-goat-job-texas-hires-300-goats-to-clear-invasive-shrubs-in-a-unique-ecological-move/articleshow/128035705.cms
2026-02-07 14:32:35,020 - INFO - [Times of India] Attempt 1/1: Trying with 'selenium_browser' strategy...
2026-02-07 14:32:35,120 - INFO - [BBC] Article: https://www.bbc.com/news/articles/c4glgz2l83vo?at_medium=RSS&at_campaign=rss
2026-02-07 14:32:35,120 - INFO - [BBC] Attempt 1/1: Trying with 'requests_browser' strategy...
2026-02-07 14:32:35,173 - INFO - [BBC] Success with 'requests_browser'. Found content (890 words).
2026-02-07 14:32:35,229 - INFO - Duplicate article skipped: Trump signs executive order threatening tariffs for countries trading with Iran from BBC
2026-02-07 14:32:35,686 - INFO - [The Guardian] Article: https://www.theguardian.com/world/2026/feb/06/canada-and-france-open-greenland-consulates-in-show-of-denmark-support
2026-02-07 14:32:35,686 - INFO - [The Guardian] Attempt 1/1: Trying with 'requests_browser' strategy...
2026-02-07 14:32:35,729 - INFO - [The Guardian] Success with 'requests_browser'. Found content (352 words).
2026-02-07 14:32:35,810 - INFO - Duplicate article skipped: Canada and France open Greenland consulates in show of Denmark support | Greenland | The Guardian from The Guardian
2026-02-07 14:32:35,835 - INFO - [BBC] Article: https://www.bbc.com/news/articles/c3686nzexp3o?at_medium=RSS&at_campaign=rss
2026-02-07 14:32:35,835 - INFO - [BBC] Attempt 1/1: Trying with 'requests_browser' strategy...
2026-02-07 14:32:35,896 - INFO - [BBC] Success with 'requests_browser'. Found content (570 words).
2026-02-07 14:32:35,948 - INFO - Duplicate article skipped: Russian general Alexeyev shot several times in Moscow attack from BBC
2026-02-07 14:32:36,664 - INFO - [The Guardian] Article: https://www.theguardian.com/world/2026/feb/05/trump-cuba-us-talks
2026-02-07 14:32:36,664 - INFO - [The Guardian] Attempt 1/1: Trying with 'requests_browser' strategy...
2026-02-07 14:32:36,801 - INFO - [The Guardian] Success with 'requests_browser'. Found content (529 words).
2026-02-07 14:32:36,959 - INFO - Duplicate article skipped: Cuba open to talks with US ‘without pressure’ after months of Trump threats | Cuba | The Guardian from The Guardian
2026-02-07 14:32:40,515 - INFO - [The Hindu] Page content loaded.
2026-02-07 14:32:40,788 - INFO - [The Hindu] Success with 'selenium_browser'. Found content (221 words).
2026-02-07 14:32:41,197 - INFO - Saved article: Officials told to promote Union and State welfare schemes - The Hindu from The Hindu
2026-02-07 14:32:41,982 - INFO - [The Hindu] Article: https://www.thehindu.com/news/cities/Hyderabad/cyberabad-police-arrest-12-from-various-states-for-cyber-fraud-in-week-long-crackdown/article70603636.ece
2026-02-07 14:32:41,982 - INFO - [The Hindu] Attempt 1/1: Trying with 'selenium_browser' strategy...
2026-02-07 14:32:46,814 - INFO - [The Hindu] Page content loaded.
2026-02-07 14:32:47,626 - INFO - [The Hindu] Success with 'selenium_browser'. Found content (337 words).
2026-02-07 14:32:47,958 - INFO - Saved article: Cyberabad Police arrest 12 from various States for cyber fraud in week-long crackdown - The Hindu from The Hindu
2026-02-07 14:32:49,225 - INFO - [The Hindu] Article: https://www.thehindu.com/news/national/kerala/new-report-recommends-strengthening-ncc-activities-in-north-kerala-idukki/article70604254.ece
2026-02-07 14:32:49,225 - INFO - [The Hindu] Attempt 1/1: Trying with 'selenium_browser' strategy...
2026-02-07 14:32:51,704 - INFO - [The Hindu] Page content loaded.
2026-02-07 14:32:51,782 - INFO - [The Hindu] Success with 'selenium_browser'. Found content (443 words).
2026-02-07 14:32:51,871 - INFO - Saved article: New report recommends strengthening NCC activities in north Kerala, Idukki - The Hindu from The Hindu
2026-02-07 14:32:52,741 - INFO - [The Hindu] Article: https://www.thehindu.com/sci-tech/energy-and-environment/five-cubs-born-to-namibian-cheetah-at-madhya-pradeshs-kuno-national-park-population-rises-to-35/article70604132.ece
2026-02-07 14:32:52,742 - INFO - [The Hindu] Attempt 1/1: Trying with 'selenium_browser' strategy...
2026-02-07 14:32:53,248 - INFO - [Times of India] Page content loaded.
2026-02-07 14:32:53,737 - INFO - [Times of India] Success with 'selenium_browser'. Found content (495 words).
2026-02-07 14:32:53,890 - INFO - Saved article: The GOAT job: Texas hires 300 goats to clear invasive shrubs in a unique ecological move | World News - The Times of India from Times of India
2026-02-07 14:32:54,738 - INFO - [The Hindu] Page content loaded.
2026-02-07 14:32:54,792 - INFO - [Times of India] Article: https://timesofindia.indiatimes.com/world/rest-of-world/indian-origin-woman-fined-over-rs-2-lakh-for-feeding-pigeons-in-singapore-says-she-is-unemployed-will-do-community-service/articleshow/128032897.cms
2026-02-07 14:32:54,792 - INFO - [Times of India] Attempt 1/1: Trying with 'selenium_browser' strategy...
2026-02-07 14:32:54,993 - INFO - [The Hindu] Success with 'selenium_browser'. Found content (326 words).
2026-02-07 14:32:55,164 - INFO - Saved article: Five cubs born to Namibian cheetah at Madhya Pradesh’s Kuno National Park; population rises to 35 - The Hindu from The Hindu
2026-02-07 14:32:56,573 - INFO - [The Hindu] Article: https://www.thehindu.com/news/national/karnataka/swift-action-by-railway-police-helps-recover-gold-chain-on-train/article70604356.ece
2026-02-07 14:32:56,573 - INFO - [The Hindu] Attempt 1/1: Trying with 'selenium_browser' strategy...
2026-02-07 14:32:58,567 - INFO - [Times of India] Page content loaded.
2026-02-07 14:32:58,816 - INFO - [Times of India] Success with 'selenium_browser'. Found content (364 words).
2026-02-07 14:32:58,971 - INFO - Saved article: Indian-origin woman fined over Rs 2 lakh for feeding pigeons in Singapore; says she is unemployed, will do community service - The Times of India from Times of India
2026-02-07 14:33:00,102 - INFO - [The Hindu] Page content loaded.
2026-02-07 14:33:00,354 - INFO - [Times of India] Article: https://timesofindia.indiatimes.com/world/us/watch-jd-vance-booed-at-olympics-amid-tensions-over-trump-immigration-policies/articleshow/128034107.cms
2026-02-07 14:33:00,354 - INFO - [Times of India] Attempt 1/1: Trying with 'selenium_browser' strategy...
2026-02-07 14:33:00,436 - INFO - [The Hindu] Success with 'selenium_browser'. Found content (206 words).
2026-02-07 14:33:00,779 - INFO - Saved article: Swift action by Railway Police helps recover gold chain on train - The Hindu from The Hindu
2026-02-07 14:33:01,787 - INFO - [Times of India] Page content loaded.
2026-02-07 14:33:01,876 - INFO - [The Hindu] Article: https://www.thehindu.com/news/national/karnataka/terror-accused-at-bengaluru-central-prison-dies-due-to-illness/article70604104.ece
2026-02-07 14:33:01,877 - INFO - [The Hindu] Attempt 1/1: Trying with 'selenium_browser' strategy...
2026-02-07 14:33:01,965 - INFO - [Times of India] Success with 'selenium_browser'. Found content (189 words).
2026-02-07 14:33:02,070 - INFO - Saved article: Watch: JD Vance booed at Olympics amid tensions over Trump immigration policies - The Times of India from Times of India
2026-02-07 14:33:02,759 - INFO - [Times of India] Article: https://timesofindia.indiatimes.com/world/rest-of-world/slipped-on-ice-and-got-paid-indian-influencer-claims-icy-driveway-falls-in-canada-can-bring-40000-is-it-true/articleshow/128032966.cms
2026-02-07 14:33:02,759 - INFO - [Times of India] Attempt 1/1: Trying with 'selenium_browser' strategy...
2026-02-07 14:33:03,233 - INFO - [The Hindu] Page content loaded.
2026-02-07 14:33:04,535 - INFO - [The Hindu] Success with 'selenium_browser'. Found content (153 words).
2026-02-07 14:33:04,660 - INFO - Saved article: Terror accused at Bengaluru central prison dies due to illness - The Hindu from The Hindu
2026-02-07 14:33:04,719 - INFO - [Times of India] Page content loaded.
2026-02-07 14:33:04,870 - INFO - [Times of India] Success with 'selenium_browser'. Found content (323 words).
2026-02-07 14:33:04,982 - INFO - Saved article: Slipped on ice and got paid? Indian influencer claims icy driveway falls in Canada can bring $40,000 — is it true? - The Times of India from Times of India
2026-02-07 14:33:05,496 - INFO - [The Hindu] Article: https://www.thehindu.com/news/national/chhattisgarh/51-maoists-with-161-crore-reward-surrender-in-chhattisgarhs-bastar-division/article70604369.ece
2026-02-07 14:33:05,496 - INFO - [The Hindu] Attempt 1/1: Trying with 'selenium_browser' strategy...
2026-02-07 14:33:06,108 - INFO - [Times of India] Article: https://timesofindia.indiatimes.com/world/us/knowledge-matters-bill-maher-slams-billie-eilishs-stolen-land-remark-during-anti-ice-grammy-speech/articleshow/128033618.cms
2026-02-07 14:33:06,108 - INFO - [Times of India] Attempt 1/1: Trying with 'selenium_browser' strategy...
2026-02-07 14:33:07,010 - INFO - [Times of India] Page content loaded.
2026-02-07 14:33:07,379 - INFO - [Times of India] Success with 'selenium_browser'. Found content (405 words).
2026-02-07 14:33:07,450 - INFO - Saved article: 'Knowledge matters': Bill Maher slams Billie Eilish’s ‘stolen land’ remark during anti-ICE Grammy speech - The Times of India from Times of India
2026-02-07 14:33:08,564 - INFO - [Times of India] Article: https://timesofindia.indiatimes.com/world/us/keeping-indian-wife-happy-row-over-republican-congressman-saying-texans-go-to-malls-and-feel-like-theyre-in-pakistan/articleshow/128030754.cms
2026-02-07 14:33:08,565 - INFO - [Times of India] Attempt 1/1: Trying with 'selenium_browser' strategy...
2026-02-07 14:33:11,048 - INFO - [Times of India] Page content loaded.
2026-02-07 14:33:11,364 - INFO - [Times of India] Success with 'selenium_browser'. Found content (385 words).
2026-02-07 14:33:11,465 - INFO - Duplicate article skipped: ‘Keeping Indian wife happy’: Row over Republican congressman saying Texans go to malls and ‘feel like they’re in Pakistan’ - The Times of India from Times of India
2026-02-07 14:33:12,757 - INFO - [Times of India] Article: https://timesofindia.indiatimes.com/world/us/islam-is-a-religion-built-on-migration-nyc-mayor-mamdani-invokes-prophet-muhammads-hijrah-while-speaking-on-immigration/articleshow/128023088.cms
2026-02-07 14:33:12,757 - INFO - [Times of India] Attempt 1/1: Trying with 'selenium_browser' strategy...
2026-02-07 14:33:13,914 - INFO - [The Hindu] Page content loaded.
2026-02-07 14:33:14,014 - INFO - [The Hindu] Success with 'selenium_browser'. Found content (683 words).
2026-02-07 14:33:14,201 - INFO - Saved article: 51 Maoists with ₹1.61 crore reward surrender in Chhattisgarh's Bastar division - The Hindu from The Hindu
2026-02-07 14:33:14,985 - INFO - [Times of India] Page content loaded.
2026-02-07 14:33:15,136 - INFO - [The Hindu] Article: https://www.thehindu.com/news/national/telangana/house-burglary-case-solved-within-24-hours-jewellery-worth-1435-lakh-recovered-from-accused-in-uppal/article70603602.ece
2026-02-07 14:33:15,136 - INFO - [The Hindu] Attempt 1/1: Trying with 'selenium_browser' strategy...
2026-02-07 14:33:15,285 - INFO - [Times of India] Success with 'selenium_browser'. Found content (308 words).
2026-02-07 14:33:15,413 - INFO - Duplicate article skipped: “Islam is a religion built on migration”: NYC Mayor Mamdani invokes Prophet Muhammad’s hijrah while speaking on immigration - The Times of India from Times of India
2026-02-07 14:33:16,161 - INFO - [Times of India] Article: https://timesofindia.indiatimes.com/world/middle-east/sheikh-mohammed-to-honour-sixth-arab-hope-makers-winners-with-dh1-million-prize-on-february-15/articleshow/128030025.cms
2026-02-07 14:33:16,161 - INFO - [Times of India] Attempt 1/1: Trying with 'selenium_browser' strategy...
2026-02-07 14:33:18,536 - INFO - [Times of India] Page content loaded.
2026-02-07 14:33:18,994 - INFO - [Times of India] Success with 'selenium_browser'. Found content (511 words).
2026-02-07 14:33:19,232 - INFO - Duplicate article skipped: Sheikh Mohammed to honour sixth Arab Hope Makers winners with Dh1 million prize on February 15 | World News - The Times of India from Times of India
2026-02-07 14:33:20,040 - INFO - [Times of India] Article: https://timesofindia.indiatimes.com/world/middle-east/uae-launches-public-security-reporting-service-ssd-what-it-is-and-how-it-works-explained/articleshow/128026924.cms
2026-02-07 14:33:20,040 - INFO - [Times of India] Attempt 1/1: Trying with 'selenium_browser' strategy...
2026-02-07 14:33:20,866 - INFO - [Times of India] Page content loaded.
2026-02-07 14:33:20,966 - INFO - [Times of India] Success with 'selenium_browser'. Found content (350 words).
2026-02-07 14:33:21,035 - INFO - Duplicate article skipped: UAE launches public security reporting service SSD: what it is and how it works, explained | World News - The Times of India from Times of India
2026-02-07 14:33:22,361 - INFO - [Times of India] Article: https://timesofindia.indiatimes.com/world/rest-of-world/north-korea-executes-teens-for-watching-squid-game-and-listening-to-k-pop/articleshow/128027845.cms
2026-02-07 14:33:22,361 - INFO - [Times of India] Attempt 1/1: Trying with 'selenium_browser' strategy...
2026-02-07 14:33:22,977 - INFO - [Times of India] Page content loaded.
2026-02-07 14:33:23,155 - INFO - [Times of India] Success with 'selenium_browser'. Found content (377 words).
2026-02-07 14:33:23,310 - INFO - Duplicate article skipped: North Korea executes teens for watching Squid Game and listening to K-Pop - The Times of India from Times of India
2026-02-07 14:33:24,030 - INFO - [Times of India] (Thread) Finished. Attempting to shut down its Selenium driver.
2026-02-07 14:33:24,180 - INFO - [Times of India] (Thread) driver.quit() successful.
2026-02-07 14:33:48,123 - INFO - [The Hindu] Page content loaded.
2026-02-07 14:33:48,217 - INFO - [The Hindu] Success with 'selenium_browser'. Found content (197 words).
2026-02-07 14:33:48,292 - INFO - Saved article: House burglary case solved within 24 hours, jewellery worth ₹14.35 lakh recovered from accused in Uppal - The Hindu from The Hindu
2026-02-07 14:33:49,363 - INFO - [The Hindu] Article: https://www.thehindu.com/news/national/karnataka/karnataka-to-set-up-coordination-centre-to-strengthen-fight-against-cybercrime/article70603390.ece
2026-02-07 14:33:49,364 - INFO - [The Hindu] Attempt 1/1: Trying with 'selenium_browser' strategy...
2026-02-07 14:33:50,395 - INFO - [The Hindu] Page content loaded.
2026-02-07 14:33:50,478 - INFO - [The Hindu] Success with 'selenium_browser'. Found content (185 words).
2026-02-07 14:33:50,562 - INFO - Saved article: Karnataka to set up coordination centre to strengthen fight against cybercrime - The Hindu from The Hindu
2026-02-07 14:33:51,827 - INFO - [The Hindu] Article: https://www.thehindu.com/news/national/andhra-pradesh/solar-project-lights-up-tribal-hamlets-in-prakasam-district/article70604199.ece
2026-02-07 14:33:51,827 - INFO - [The Hindu] Attempt 1/1: Trying with 'selenium_browser' strategy...
2026-02-07 14:33:55,224 - INFO - [The Hindu] Page content loaded.
2026-02-07 14:33:55,315 - INFO - [The Hindu] Success with 'selenium_browser'. Found content (349 words).
2026-02-07 14:33:55,410 - INFO - Saved article: Solar project illuminates tribal hamlets in Prakasam district - The Hindu from The Hindu
2026-02-07 14:33:56,437 - INFO - [The Hindu] (Thread) Finished. Attempting to shut down its Selenium driver.
2026-02-07 14:33:56,615 - INFO - [The Hindu] (Thread) driver.quit() successful.
2026-02-07 14:33:56,615 - INFO - Shutting down thread pool (wait=False)...
2026-02-07 14:33:56,615 - INFO - Scraped: 10 The Hindu, 1 BBC, 5 Times of India, 0 The Guardian articles. (Total saved: 16)
2026-02-07 14:33:56,615 - INFO - --- Scraping job finished ---
2026-02-07 14:33:56,621 - INFO - --- Scraper service stopped and database connection closed. ---
2026-02-07 14:33:56,621 - INFO - --- Main thread finished. Forcing process exit to kill zombie threads. ---
