2026-01-11 18:36:21,004 - INFO - Initializing database connection at: news_articles.db
2026-01-11 18:36:21,004 - INFO - --- Scraper service started (CI Mode: Run Once) ---
2026-01-11 18:36:21,004 - INFO - --- Starting new scraping job (Parallel Mode) ---
2026-01-11 18:36:21,004 - INFO - Creating new robust session with 3 retries on 5xx/connection/read errors.
2026-01-11 18:36:21,005 - INFO - Proxy is DISABLED.
2026-01-11 18:36:21,005 - INFO - Starting scrape for BBC RSS feed: http://feeds.bbci.co.uk/news/world/rss.xml
2026-01-11 18:36:21,005 - INFO - [Times of India] (Thread) requires Selenium. Initializing driver...
2026-01-11 18:36:21,005 - INFO - Initializing headless Selenium Chrome driver (using SeleniumManager)...
2026-01-11 18:36:21,006 - INFO - Starting scrape for The Guardian RSS feed: https://www.theguardian.com/world/rss
2026-01-11 18:36:21,007 - INFO - [The Hindu] (Thread) requires Selenium. Initializing driver...
2026-01-11 18:36:21,007 - INFO - Initializing headless Selenium Chrome driver (using SeleniumManager)...
2026-01-11 18:36:21,008 - INFO - Submitted 4 jobs to thread pool. Waiting up to 300s for completion...
2026-01-11 18:36:21,093 - INFO - Found 27 articles in BBC RSS feed. Processing up to 10.
2026-01-11 18:36:21,093 - INFO - [BBC] Article: https://www.bbc.com/news/articles/cm2jek15m8no?at_medium=RSS&at_campaign=rss
2026-01-11 18:36:21,093 - INFO - [BBC] Attempt 1/1: Trying with 'requests_browser' strategy...
2026-01-11 18:36:21,151 - INFO - Found 45 articles in The Guardian RSS feed. Processing up to 10.
2026-01-11 18:36:21,151 - INFO - [The Guardian] Article: https://www.theguardian.com/global-development/2026/jan/09/the-gambia-female-genital-mutilation-fgm-supreme-court-case-overturn-ban
2026-01-11 18:36:21,152 - INFO - [The Guardian] Attempt 1/1: Trying with 'requests_browser' strategy...
2026-01-11 18:36:21,183 - INFO - [BBC] Success with 'requests_browser'. Found content (1163 words).
2026-01-11 18:36:21,223 - INFO - Duplicate article skipped: Iran warns it will retaliate if US attacks as protesters defy crackdown from BBC
2026-01-11 18:36:21,320 - INFO - [The Guardian] Success with 'requests_browser'. Found content (850 words).
2026-01-11 18:36:21,361 - INFO - Duplicate article skipped: Attempt to overturn the Gambia’s ban on FGM heard by supreme court | Global development | The Guardian from The Guardian
2026-01-11 18:36:22,458 - INFO - [BBC] Article: https://www.bbc.com/news/articles/cx2kv2gn62vo?at_medium=RSS&at_campaign=rss
2026-01-11 18:36:22,458 - INFO - [BBC] Attempt 1/1: Trying with 'requests_browser' strategy...
2026-01-11 18:36:22,513 - INFO - [BBC] Success with 'requests_browser'. Found content (807 words).
2026-01-11 18:36:22,552 - INFO - Duplicate article skipped: Trump tells Cuba to 'make a deal, before it is too late' from BBC
2026-01-11 18:36:22,604 - INFO - [The Guardian] Article: https://www.theguardian.com/world/2026/jan/08/questions-targeting-impact-us-airstrikes-in-nigeria
2026-01-11 18:36:22,604 - INFO - [The Guardian] Attempt 1/1: Trying with 'requests_browser' strategy...
2026-01-11 18:36:22,765 - INFO - [The Guardian] Success with 'requests_browser'. Found content (795 words).
2026-01-11 18:36:22,801 - INFO - Duplicate article skipped: Two weeks on, questions linger over targeting and impact of US airstrikes in Nigeria | Nigeria | The Guardian from The Guardian
2026-01-11 18:36:23,753 - INFO - [The Guardian] Article: https://www.theguardian.com/world/2026/jan/02/anthony-joshuas-driver-charged-with-dangerous-driving-after-fatal-crash-in-nigeria
2026-01-11 18:36:23,753 - INFO - [The Guardian] Attempt 1/1: Trying with 'requests_browser' strategy...
2026-01-11 18:36:23,775 - INFO - [The Guardian] Success with 'requests_browser'. Found content (346 words).
2026-01-11 18:36:23,809 - INFO - Duplicate article skipped: Anthony Joshua’s driver charged with dangerous driving after fatal crash in Nigeria | Anthony Joshua | The Guardian from The Guardian
2026-01-11 18:36:23,879 - INFO - [BBC] Article: https://www.bbc.com/news/articles/cvgpnwnqygro?at_medium=RSS&at_campaign=rss
2026-01-11 18:36:23,879 - INFO - [BBC] Attempt 1/1: Trying with 'requests_browser' strategy...
2026-01-11 18:36:23,909 - INFO - [BBC] Success with 'requests_browser'. Found content (912 words).
2026-01-11 18:36:23,948 - INFO - Duplicate article skipped: Dozens arrested and one police officer injured in Minneapolis ICE protests from BBC
2026-01-11 18:36:24,476 - INFO - [BBC] Article: https://www.bbc.com/news/articles/cly95x9qe4ko?at_medium=RSS&at_campaign=rss
2026-01-11 18:36:24,476 - INFO - [BBC] Attempt 1/1: Trying with 'requests_browser' strategy...
2026-01-11 18:36:24,500 - INFO - [BBC] Success with 'requests_browser'. Found content (537 words).
2026-01-11 18:36:24,536 - INFO - Duplicate article skipped: Bob Weir, Grateful Dead co-founder, dies aged 78 from BBC
2026-01-11 18:36:24,940 - INFO - [The Guardian] Article: https://www.theguardian.com/science/2026/jan/01/cremation-pyre-in-africa-thought-to-be-worlds-oldest-containing-adult-remains
2026-01-11 18:36:24,940 - INFO - [The Guardian] Attempt 1/1: Trying with 'requests_browser' strategy...
2026-01-11 18:36:24,962 - INFO - [The Guardian] Success with 'requests_browser'. Found content (653 words).
2026-01-11 18:36:24,999 - INFO - Duplicate article skipped: Cremation pyre in Africa thought to be world’s oldest containing adult remains | Anthropology | The Guardian from The Guardian
2026-01-11 18:36:25,211 - INFO - [BBC] Article: https://www.bbc.com/news/articles/c75xdg2p36lo?at_medium=RSS&at_campaign=rss
2026-01-11 18:36:25,211 - INFO - [BBC] Attempt 1/1: Trying with 'requests_browser' strategy...
2026-01-11 18:36:25,236 - INFO - [BBC] Success with 'requests_browser'. Found content (482 words).
2026-01-11 18:36:25,272 - INFO - Duplicate article skipped: One dead and 300 buildings destroyed in Australia bushfires from BBC
2026-01-11 18:36:25,992 - INFO - [The Guardian] Article: https://www.theguardian.com/global-development/2026/jan/01/us-aid-cuts-conditions-un-humanitarian-pledge-ocha
2026-01-11 18:36:25,992 - INFO - [The Guardian] Attempt 1/1: Trying with 'requests_browser' strategy...
2026-01-11 18:36:26,015 - INFO - [The Guardian] Success with 'requests_browser'. Found content (631 words).
2026-01-11 18:36:26,076 - INFO - Duplicate article skipped: US ‘adapt, shrink or die’ terms for $2bn aid pot will mean UN bowing down to Washington, say experts | Aid | The Guardian from The Guardian
2026-01-11 18:36:26,559 - INFO - [BBC] Article: https://www.bbc.com/news/articles/c4gr7nlx421o?at_medium=RSS&at_campaign=rss
2026-01-11 18:36:26,559 - INFO - [BBC] Attempt 1/1: Trying with 'requests_browser' strategy...
2026-01-11 18:36:26,583 - INFO - [BBC] Success with 'requests_browser'. Found content (354 words).
2026-01-11 18:36:26,623 - INFO - Duplicate article skipped: Bride and groom killed by gas explosion day after Pakistan wedding from BBC
2026-01-11 18:36:27,017 - INFO - [The Guardian] Article: https://www.theguardian.com/us-news/2026/jan/11/trump-tells-cuba-to-make-a-deal-or-face-the-consequences
2026-01-11 18:36:27,017 - INFO - [The Guardian] Attempt 1/1: Trying with 'requests_browser' strategy...
2026-01-11 18:36:27,045 - INFO - [The Guardian] Success with 'requests_browser'. Found content (673 words).
2026-01-11 18:36:27,089 - INFO - Saved article: Trump tells Cuba to ‘make a deal’ or face the consequences | Cuba | The Guardian from The Guardian
2026-01-11 18:36:27,889 - INFO - [The Guardian] Article: https://www.theguardian.com/us-news/2026/jan/11/ice-death-costa-rica-randall-gamboa-esquivel
2026-01-11 18:36:27,889 - INFO - [The Guardian] Attempt 1/1: Trying with 'requests_browser' strategy...
2026-01-11 18:36:28,023 - INFO - [BBC] Article: https://www.bbc.com/news/articles/ckgn5g90lggo?at_medium=RSS&at_campaign=rss
2026-01-11 18:36:28,023 - INFO - [BBC] Attempt 1/1: Trying with 'requests_browser' strategy...
2026-01-11 18:36:28,070 - INFO - [The Guardian] Success with 'requests_browser'. Found content (1029 words).
2026-01-11 18:36:28,116 - INFO - Duplicate article skipped: Family seeks answers after ICE deported man to Costa Rica in vegetative state | ICE (US Immigration and Customs Enforcement) | The Guardian from The Guardian
2026-01-11 18:36:28,123 - INFO - [BBC] Success with 'requests_browser'. Found content (353 words).
2026-01-11 18:36:28,168 - INFO - Saved article: Khartoum: Sudan's government return to capital after nearly 3 years of war from BBC
2026-01-11 18:36:28,931 - INFO - [The Guardian] Article: https://www.theguardian.com/us-news/2026/jan/10/us-citizens-venezuela-paramilitaries
2026-01-11 18:36:28,931 - INFO - [The Guardian] Attempt 1/1: Trying with 'requests_browser' strategy...
2026-01-11 18:36:28,955 - INFO - [The Guardian] Success with 'requests_browser'. Found content (454 words).
2026-01-11 18:36:28,990 - INFO - Duplicate article skipped: US urges its citizens to flee Venezuela amid reports of paramilitaries | Trump administration | The Guardian from The Guardian
2026-01-11 18:36:29,080 - INFO - Selenium driver initialized successfully.
2026-01-11 18:36:29,080 - INFO - Starting scrape for The Hindu RSS feed: https://www.thehindu.com/news/national/feeder/default.rss
2026-01-11 18:36:29,081 - INFO - Selenium driver initialized successfully.
2026-01-11 18:36:29,081 - INFO - Starting scrape for Times of India RSS feed: https://timesofindia.indiatimes.com/rssfeeds/296589292.cms
2026-01-11 18:36:29,233 - INFO - Found 20 articles in Times of India RSS feed. Processing up to 10.
2026-01-11 18:36:29,234 - INFO - [Times of India] Article: https://timesofindia.indiatimes.com/world/middle-east/lebanon-israel-strikes-hezbollah-infrastructure-comes-days-after-evacuation-warning/articleshow/126468777.cms
2026-01-11 18:36:29,234 - INFO - [Times of India] Attempt 1/1: Trying with 'selenium_browser' strategy...
2026-01-11 18:36:29,250 - INFO - Found 100 articles in The Hindu RSS feed. Processing up to 10.
2026-01-11 18:36:29,250 - INFO - [The Hindu] Article: https://www.thehindu.com/news/national/gujarat/pm-modi-flags-off-phase-ii-stretch-of-ahmedabadgandhinagar-metro/article70498862.ece
2026-01-11 18:36:29,250 - INFO - [The Hindu] Attempt 1/1: Trying with 'selenium_browser' strategy...
2026-01-11 18:36:29,632 - INFO - [BBC] Article: https://www.bbc.com/news/articles/cly9597r4qpo?at_medium=RSS&at_campaign=rss
2026-01-11 18:36:29,632 - INFO - [BBC] Attempt 1/1: Trying with 'requests_browser' strategy...
2026-01-11 18:36:29,660 - INFO - [BBC] Success with 'requests_browser'. Found content (467 words).
2026-01-11 18:36:29,700 - INFO - Duplicate article skipped: US military strikes Islamic State group targets in Syria, officials say from BBC
2026-01-11 18:36:29,801 - INFO - [The Guardian] Article: https://www.theguardian.com/world/2026/jan/10/nicaraguan-authorities-arrests-dozens-for-reportedly-supporting-maduro-capture
2026-01-11 18:36:29,801 - INFO - [The Guardian] Attempt 1/1: Trying with 'requests_browser' strategy...
2026-01-11 18:36:29,827 - INFO - [The Guardian] Success with 'requests_browser'. Found content (324 words).
2026-01-11 18:36:29,884 - INFO - Duplicate article skipped: Nicaraguan authorities arrest dozens for reportedly supporting Maduro capture | Nicaragua | The Guardian from The Guardian
2026-01-11 18:36:31,000 - INFO - [BBC] Article: https://www.bbc.com/news/articles/cx2p84xleg2o?at_medium=RSS&at_campaign=rss
2026-01-11 18:36:31,000 - INFO - [BBC] Attempt 1/1: Trying with 'requests_browser' strategy...
2026-01-11 18:36:31,034 - INFO - [BBC] Success with 'requests_browser'. Found content (394 words).
2026-01-11 18:36:31,042 - INFO - [The Guardian] Article: https://www.theguardian.com/news/ng-interactive/2026/jan/10/trump-territorial-ambition-imperialism
2026-01-11 18:36:31,042 - INFO - [The Guardian] Attempt 1/1: Trying with 'requests_browser' strategy...
2026-01-11 18:36:31,086 - INFO - Duplicate article skipped: Last Kurdish forces leave Aleppo after ceasefire deal reached from BBC
2026-01-11 18:36:31,124 - INFO - [The Guardian] Success with 'requests_browser'. Found content (2368 words).
2026-01-11 18:36:31,207 - INFO - Duplicate article skipped: Trump’s territorial ambition: new imperialism or a case of the emperor’s new clothes? | Trump administration | The Guardian from The Guardian
2026-01-11 18:36:32,020 - INFO - [BBC] Article: https://www.bbc.com/news/articles/c0lx09e618yo?at_medium=RSS&at_campaign=rss
2026-01-11 18:36:32,020 - INFO - [BBC] Attempt 1/1: Trying with 'requests_browser' strategy...
2026-01-11 18:36:32,088 - INFO - [BBC] Success with 'requests_browser'. Found content (710 words).
2026-01-11 18:36:32,281 - INFO - Duplicate article skipped: Chimamanda Ngozi Adichie's family accuses Euracare Hospital of negligence over son's death from BBC
2026-01-11 18:36:33,453 - INFO - [The Hindu] Page content loaded.
2026-01-11 18:36:33,579 - INFO - [The Hindu] Success with 'selenium_browser'. Found content (275 words).
2026-01-11 18:36:33,756 - INFO - Saved article: PM Modi flags off phase-II stretch of Ahmedabad–Gandhinagar Metro - The Hindu from The Hindu
2026-01-11 18:36:34,918 - INFO - [The Hindu] Article: https://www.thehindu.com/news/national/andhra-pradesh/luxury-houseboats-set-to-transform-krishna-river/article70498518.ece
2026-01-11 18:36:34,918 - INFO - [The Hindu] Attempt 1/1: Trying with 'selenium_browser' strategy...
2026-01-11 18:36:40,946 - INFO - [The Hindu] Page content loaded.
2026-01-11 18:36:41,136 - INFO - [The Hindu] Success with 'selenium_browser'. Found content (526 words).
2026-01-11 18:36:41,502 - INFO - Saved article: Luxury houseboats set to transform Krishna river - The Hindu from The Hindu
2026-01-11 18:36:42,267 - INFO - [The Hindu] Article: https://www.thehindu.com/news/national/andhra-pradesh/superstar-krishnas-bond-with-vijayawada-cast-in-bronze-at-lenin-centre/article70498654.ece
2026-01-11 18:36:42,267 - INFO - [The Hindu] Attempt 1/1: Trying with 'selenium_browser' strategy...
2026-01-11 18:36:47,944 - INFO - [The Hindu] Page content loaded.
2026-01-11 18:36:48,152 - INFO - [The Hindu] Success with 'selenium_browser'. Found content (310 words).
2026-01-11 18:36:48,351 - INFO - Saved article: ‘Superstar’ Krishna’s bond with Vijayawada cast in bronze at Lenin Centre - The Hindu from The Hindu
2026-01-11 18:36:49,248 - INFO - [The Hindu] Article: https://www.thehindu.com/news/cities/Delhi/tribal-affairs-ministry-in-talks-with-environment-ministry-to-fund-community-forest-resource-management-committees/article70482858.ece
2026-01-11 18:36:49,248 - INFO - [The Hindu] Attempt 1/1: Trying with 'selenium_browser' strategy...
2026-01-11 18:36:50,292 - INFO - [The Hindu] Page content loaded.
2026-01-11 18:36:50,364 - INFO - [The Hindu] Success with 'selenium_browser'. Found content (636 words).
2026-01-11 18:36:50,457 - INFO - Saved article: Tribal Affairs Ministry in talks with Environment Ministry to fund community forest resource management committees - The Hindu from The Hindu
2026-01-11 18:36:51,808 - INFO - [The Hindu] Article: https://www.thehindu.com/news/national/andhra-pradesh/right-time-to-buy-immovable-property-in-andhra-pradesh-says-rera-chairman/article70498555.ece
2026-01-11 18:36:51,808 - INFO - [The Hindu] Attempt 1/1: Trying with 'selenium_browser' strategy...
2026-01-11 18:36:52,826 - INFO - [The Hindu] Page content loaded.
2026-01-11 18:36:53,019 - INFO - [The Hindu] Success with 'selenium_browser'. Found content (291 words).
2026-01-11 18:36:53,127 - INFO - Saved article: Right time to buy immovable property in Andhra Pradesh, says RERA chairman - The Hindu from The Hindu
2026-01-11 18:36:54,523 - INFO - [The Hindu] Article: https://www.thehindu.com/news/cities/chennai/chennai-metro-rail-train-chugs-along-from-porur-to-vadapalani/article70497617.ece
2026-01-11 18:36:54,523 - INFO - [The Hindu] Attempt 1/1: Trying with 'selenium_browser' strategy...
2026-01-11 18:36:55,530 - INFO - [The Hindu] Page content loaded.
2026-01-11 18:36:55,697 - INFO - [The Hindu] Success with 'selenium_browser'. Found content (497 words).
2026-01-11 18:36:55,834 - INFO - Saved article: Chennai Metro Rail train chugs along from Porur to Vadapalani - The Hindu from The Hindu
2026-01-11 18:36:56,491 - INFO - [The Hindu] Article: https://www.thehindu.com/news/national/six-years-after-law-amended-centre-yet-to-constitute-arbitration-council-of-india/article70497804.ece
2026-01-11 18:36:56,491 - INFO - [The Hindu] Attempt 1/1: Trying with 'selenium_browser' strategy...
2026-01-11 18:36:59,631 - INFO - [The Hindu] Page content loaded.
2026-01-11 18:36:59,829 - INFO - [The Hindu] Success with 'selenium_browser'. Found content (402 words).
2026-01-11 18:36:59,920 - INFO - Saved article: Six years after law amended, Centre yet to constitute Arbitration Council of India - The Hindu from The Hindu
2026-01-11 18:37:01,419 - INFO - [The Hindu] Article: https://www.thehindu.com/news/national/andhra-pradesh/ap-health-minister-urges-youth-to-actively-participate-in-blood-donation-camps/article70498670.ece
2026-01-11 18:37:01,419 - INFO - [The Hindu] Attempt 1/1: Trying with 'selenium_browser' strategy...
2026-01-11 18:37:02,166 - INFO - [The Hindu] Page content loaded.
2026-01-11 18:37:02,249 - INFO - [The Hindu] Success with 'selenium_browser'. Found content (304 words).
2026-01-11 18:37:02,343 - INFO - Saved article: A.P. Health Minister urges youth to actively participate in blood donation camps - The Hindu from The Hindu
2026-01-11 18:37:03,298 - INFO - [The Hindu] Article: https://www.thehindu.com/news/national/rss-evolving-with-time-taking-new-forms-mohan-bhagwat/article70498057.ece
2026-01-11 18:37:03,298 - INFO - [The Hindu] Attempt 1/1: Trying with 'selenium_browser' strategy...
2026-01-11 18:37:04,528 - INFO - [The Hindu] Page content loaded.
2026-01-11 18:37:04,602 - INFO - [The Hindu] Success with 'selenium_browser'. Found content (263 words).
2026-01-11 18:37:04,706 - INFO - Saved article: RSS evolving with time, taking new forms: Mohan Bhagwat - The Hindu from The Hindu
2026-01-11 18:37:05,699 - INFO - [The Hindu] Article: https://www.thehindu.com/news/national/west-bengal/trinamools-campaign-song-for-assembly-election-plays-up-bengali-identity-language/article70498638.ece
2026-01-11 18:37:05,699 - INFO - [The Hindu] Attempt 1/1: Trying with 'selenium_browser' strategy...
2026-01-11 18:37:06,549 - INFO - [The Hindu] Page content loaded.
2026-01-11 18:37:06,647 - INFO - [The Hindu] Success with 'selenium_browser'. Found content (459 words).
2026-01-11 18:37:06,765 - INFO - Saved article: Trinamool’s campaign song for Assembly election plays up Bengali identity, language - The Hindu from The Hindu
2026-01-11 18:37:07,365 - INFO - [The Hindu] (Thread) Finished. Attempting to shut down its Selenium driver.
2026-01-11 18:37:08,574 - INFO - [The Hindu] (Thread) driver.quit() successful.
2026-01-11 18:38:29,316 - ERROR - [Times of India] Request failed for strategy 'selenium_browser' on URL https://timesofindia.indiatimes.com/world/middle-east/lebanon-israel-strikes-hezbollah-infrastructure-comes-days-after-evacuation-warning/articleshow/126468777.cms: HTTPConnectionPool(host='localhost', port=35579): Read timed out. (read timeout=120)
2026-01-11 18:38:29,316 - ERROR - [Times of India] All scrape strategies failed for https://timesofindia.indiatimes.com/world/middle-east/lebanon-israel-strikes-hezbollah-infrastructure-comes-days-after-evacuation-warning/articleshow/126468777.cms. Falling back to RSS description.
2026-01-11 18:38:29,318 - INFO - Saved article: Lebanon: Israel strikes Hezbollah infrastructure; comes days after evacuation warning from Times of India
2026-01-11 18:38:30,512 - INFO - [Times of India] Article: https://timesofindia.indiatimes.com/world/us/bill-gates-sends-7-9-billion-to-melinda-gates-nonprofit-in-one-of-the-biggest-charity-transfers-ever/articleshow/126468580.cms
2026-01-11 18:38:30,513 - INFO - [Times of India] Attempt 1/1: Trying with 'selenium_browser' strategy...
2026-01-11 18:40:30,518 - ERROR - [Times of India] Request failed for strategy 'selenium_browser' on URL https://timesofindia.indiatimes.com/world/us/bill-gates-sends-7-9-billion-to-melinda-gates-nonprofit-in-one-of-the-biggest-charity-transfers-ever/articleshow/126468580.cms: HTTPConnectionPool(host='localhost', port=35579): Read timed out. (read timeout=120)
2026-01-11 18:40:30,518 - ERROR - [Times of India] All scrape strategies failed for https://timesofindia.indiatimes.com/world/us/bill-gates-sends-7-9-billion-to-melinda-gates-nonprofit-in-one-of-the-biggest-charity-transfers-ever/articleshow/126468580.cms. Falling back to RSS description.
2026-01-11 18:40:30,520 - INFO - Saved article: Bill Gates sends $7.9 billion to Melinda Gates’ nonprofit in one of the biggest charity transfers ever from Times of India
2026-01-11 18:40:31,089 - INFO - [Times of India] Article: https://timesofindia.indiatimes.com/world/us/what-is-pink-cocaine-inside-the-dangerous-polydrug-spreading-in-us-nightlife/articleshow/126467932.cms
2026-01-11 18:40:31,089 - INFO - [Times of India] Attempt 1/1: Trying with 'selenium_browser' strategy...
2026-01-11 18:41:21,008 - CRITICAL - --- TIMEOUT: 1 scrape jobs did not complete in 300s. ---
2026-01-11 18:41:21,008 - ERROR - A thread has timed out and will be abandoned.
2026-01-11 18:41:21,008 - INFO - Shutting down thread pool (wait=False)...
2026-01-11 18:41:21,008 - INFO - Scraped: 1 BBC, 10 The Hindu, 1 The Guardian, 1 Timed_Out_Jobs articles. (Total saved: 12)
2026-01-11 18:41:21,008 - INFO - --- Scraping job finished ---
2026-01-11 18:41:21,008 - INFO - --- Scraper service stopped and database connection closed. ---
2026-01-11 18:41:21,009 - INFO - --- Main thread finished. Forcing process exit to kill zombie threads. ---
