2026-03-04 14:42:10,409 - INFO - Initializing database connection at: news_articles.db
2026-03-04 14:42:10,409 - INFO - --- Scraper service started (CI Mode: Run Once) ---
2026-03-04 14:42:10,409 - INFO - --- Starting new scraping job (Parallel Mode) ---
2026-03-04 14:42:10,409 - INFO - Creating new robust session with 3 retries on 5xx/connection/read errors.
2026-03-04 14:42:10,410 - INFO - Proxy is DISABLED.
2026-03-04 14:42:10,410 - INFO - Starting scrape for BBC RSS feed: http://feeds.bbci.co.uk/news/world/rss.xml
2026-03-04 14:42:10,411 - INFO - [Times of India] (Thread) requires Selenium. Initializing driver...
2026-03-04 14:42:10,411 - INFO - Initializing headless Selenium Chrome driver (using SeleniumManager)...
2026-03-04 14:42:10,411 - INFO - Starting scrape for The Guardian RSS feed: https://www.theguardian.com/world/rss
2026-03-04 14:42:10,412 - INFO - [The Hindu] (Thread) requires Selenium. Initializing driver...
2026-03-04 14:42:10,412 - INFO - Initializing headless Selenium Chrome driver (using SeleniumManager)...
2026-03-04 14:42:10,412 - INFO - Submitted 4 jobs to thread pool. Waiting up to 300s for completion...
2026-03-04 14:42:10,519 - INFO - Found 45 articles in The Guardian RSS feed. Processing up to 10.
2026-03-04 14:42:10,519 - INFO - [The Guardian] Article: https://www.theguardian.com/world/2026/mar/03/south-sudan-risks-return-civil-war-violence-escalates
2026-03-04 14:42:10,519 - INFO - [The Guardian] Attempt 1/1: Trying with 'requests_browser' strategy...
2026-03-04 14:42:10,672 - INFO - [The Guardian] Success with 'requests_browser'. Found content (754 words).
2026-03-04 14:42:10,717 - INFO - Duplicate article skipped: South Sudan risks return to full-blown civil war as violence escalates | South Sudan | The Guardian from The Guardian
2026-03-04 14:42:10,752 - INFO - Found 24 articles in BBC RSS feed. Processing up to 10.
2026-03-04 14:42:10,753 - INFO - [BBC] Article: https://www.bbc.com/news/articles/c93wwq1n542o?at_medium=RSS&at_campaign=rss
2026-03-04 14:42:10,753 - INFO - [BBC] Attempt 1/1: Trying with 'requests_browser' strategy...
2026-03-04 14:42:11,144 - INFO - [BBC] Success with 'requests_browser'. Found content (880 words).
2026-03-04 14:42:11,185 - INFO - Duplicate article skipped: Spain's Pedro Sánchez hits back at Trump threat to sever trade saying 'no to war' from BBC
2026-03-04 14:42:12,108 - INFO - [BBC] Article: https://www.bbc.com/news/articles/c7955ewj7gwo?at_medium=RSS&at_campaign=rss
2026-03-04 14:42:12,108 - INFO - [BBC] Attempt 1/1: Trying with 'requests_browser' strategy...
2026-03-04 14:42:12,145 - INFO - [BBC] Success with 'requests_browser'. Found content (511 words).
2026-03-04 14:42:12,179 - INFO - Duplicate article skipped: Partner of Labour MP arrested on suspicion of spying for China from BBC
2026-03-04 14:42:12,196 - INFO - [The Guardian] Article: https://www.theguardian.com/world/2026/mar/03/global-south-condemns-us-israeli-war-with-iran
2026-03-04 14:42:12,196 - INFO - [The Guardian] Attempt 1/1: Trying with 'requests_browser' strategy...
2026-03-04 14:42:12,229 - INFO - [The Guardian] Success with 'requests_browser'. Found content (892 words).
2026-03-04 14:42:12,276 - INFO - Duplicate article skipped: ‘Imperialist undertones’: global south condemns US-Israeli war with Iran | US-Israel war on Iran | The Guardian from The Guardian
2026-03-04 14:42:13,256 - INFO - [The Guardian] Article: https://www.theguardian.com/world/2026/feb/27/ghana-men-killed-fight-russia-ukraine
2026-03-04 14:42:13,256 - INFO - [The Guardian] Attempt 1/1: Trying with 'requests_browser' strategy...
2026-03-04 14:42:13,289 - INFO - [BBC] Article: https://www.bbc.com/news/articles/c89kkykg39yo?at_medium=RSS&at_campaign=rss
2026-03-04 14:42:13,289 - INFO - [BBC] Attempt 1/1: Trying with 'requests_browser' strategy...
2026-03-04 14:42:13,296 - INFO - [The Guardian] Success with 'requests_browser'. Found content (401 words).
2026-03-04 14:42:13,343 - INFO - Duplicate article skipped: Ghana says at least 55 of its people killed after Russia ‘lured’ them to fight Ukraine | Ukraine | The Guardian from The Guardian
2026-03-04 14:42:13,364 - INFO - [BBC] Success with 'requests_browser'. Found content (471 words).
2026-03-04 14:42:13,416 - INFO - Saved article: Greek court upholds criminal organisation verdict on neo-Nazi Golden Dawn from BBC
2026-03-04 14:42:13,961 - INFO - [The Guardian] Article: https://www.theguardian.com/global-development/2026/feb/27/rising-anger-over-lop-sided-immoral-us-health-funding-pacts-africa-countries
2026-03-04 14:42:13,961 - INFO - [The Guardian] Attempt 1/1: Trying with 'requests_browser' strategy...
2026-03-04 14:42:13,990 - INFO - [The Guardian] Success with 'requests_browser'. Found content (1145 words).
2026-03-04 14:42:14,030 - INFO - Duplicate article skipped: Rising anger over ‘lop-sided’ and ‘immoral’ US health funding pacts with African countries | Global development | The Guardian from The Guardian
2026-03-04 14:42:14,511 - INFO - [BBC] Article: https://www.bbc.com/news/articles/cgjzz4gn64zo?at_medium=RSS&at_campaign=rss
2026-03-04 14:42:14,511 - INFO - [BBC] Attempt 1/1: Trying with 'requests_browser' strategy...
2026-03-04 14:42:14,547 - INFO - [BBC] Success with 'requests_browser'. Found content (422 words).
2026-03-04 14:42:14,587 - INFO - Duplicate article skipped: US and Ecuador forces launch operation to fight drug trafficking from BBC
2026-03-04 14:42:15,269 - INFO - [The Guardian] Article: https://www.theguardian.com/global-development/2026/feb/26/women-arrested-uganda-kissing-public-lgbtq-laws
2026-03-04 14:42:15,269 - INFO - [The Guardian] Attempt 1/1: Trying with 'requests_browser' strategy...
2026-03-04 14:42:15,298 - INFO - [The Guardian] Success with 'requests_browser'. Found content (645 words).
2026-03-04 14:42:15,334 - INFO - Duplicate article skipped: Two women arrested in Uganda for allegedly kissing in public could face life sentence | Global development | The Guardian from The Guardian
2026-03-04 14:42:15,450 - INFO - [BBC] Article: https://www.bbc.com/news/articles/c2lrxyke7kro?at_medium=RSS&at_campaign=rss
2026-03-04 14:42:15,450 - INFO - [BBC] Attempt 1/1: Trying with 'requests_browser' strategy...
2026-03-04 14:42:15,495 - INFO - [BBC] Success with 'requests_browser'. Found content (1017 words).
2026-03-04 14:42:15,560 - INFO - Duplicate article skipped: National People's Congress: What is China's Two Sessions and why does it matter? from BBC
2026-03-04 14:42:16,642 - INFO - [BBC] Article: https://www.bbc.com/news/articles/cy0d59e7wjlo?at_medium=RSS&at_campaign=rss
2026-03-04 14:42:16,642 - INFO - [BBC] Attempt 1/1: Trying with 'requests_browser' strategy...
2026-03-04 14:42:16,694 - INFO - [BBC] Success with 'requests_browser'. Found content (1236 words).
2026-03-04 14:42:16,722 - INFO - [The Guardian] Article: https://www.theguardian.com/world/2026/mar/04/cuba-charges-six-exiles-terrorism-speedboat-attack
2026-03-04 14:42:16,722 - INFO - [The Guardian] Attempt 1/1: Trying with 'requests_browser' strategy...
2026-03-04 14:42:16,740 - INFO - Duplicate article skipped: Pregnant women's brains shed grey matter to prime them for motherhood, study suggests from BBC
2026-03-04 14:42:16,755 - INFO - [The Guardian] Success with 'requests_browser'. Found content (403 words).
2026-03-04 14:42:16,789 - INFO - Duplicate article skipped: Cuba charges six exiles with terrorism in wake of deadly speedboat attack | Cuba | The Guardian from The Guardian
2026-03-04 14:42:17,484 - INFO - [BBC] Article: https://www.bbc.com/news/articles/clyzzdgv2k0o?at_medium=RSS&at_campaign=rss
2026-03-04 14:42:17,484 - INFO - [BBC] Attempt 1/1: Trying with 'requests_browser' strategy...
2026-03-04 14:42:17,532 - INFO - [BBC] Success with 'requests_browser'. Found content (604 words).
2026-03-04 14:42:17,575 - INFO - Duplicate article skipped: Mosiuoa Lekota: South Africa's long-serving former defence minister dies from BBC
2026-03-04 14:42:17,781 - INFO - [The Guardian] Article: https://www.theguardian.com/us-news/2026/mar/04/us-military-action-operation-ecuador
2026-03-04 14:42:17,781 - INFO - [The Guardian] Attempt 1/1: Trying with 'requests_browser' strategy...
2026-03-04 14:42:17,813 - INFO - [The Guardian] Success with 'requests_browser'. Found content (305 words).
2026-03-04 14:42:17,849 - INFO - Duplicate article skipped: US military launches operation in Ecuador to combat drug trafficking | US news | The Guardian from The Guardian
2026-03-04 14:42:18,129 - INFO - [BBC] Article: https://www.bbc.com/news/articles/cr5lz0vgy52o?at_medium=RSS&at_campaign=rss
2026-03-04 14:42:18,130 - INFO - [BBC] Attempt 1/1: Trying with 'requests_browser' strategy...
2026-03-04 14:42:18,179 - INFO - [BBC] Success with 'requests_browser'. Found content (834 words).
2026-03-04 14:42:18,223 - INFO - Duplicate article skipped: Gas and oil prices soar and shares tumble on fears conflict could escalate from BBC
2026-03-04 14:42:18,815 - INFO - [The Guardian] Article: https://www.theguardian.com/world/2026/feb/28/miami-exiled-cubans-speedboat-shootout
2026-03-04 14:42:18,815 - INFO - [The Guardian] Attempt 1/1: Trying with 'requests_browser' strategy...
2026-03-04 14:42:18,850 - INFO - Selenium driver initialized successfully.
2026-03-04 14:42:18,851 - INFO - Selenium driver initialized successfully.
2026-03-04 14:42:18,851 - INFO - Starting scrape for The Hindu RSS feed: https://www.thehindu.com/news/national/feeder/default.rss
2026-03-04 14:42:18,851 - INFO - Starting scrape for Times of India RSS feed: https://timesofindia.indiatimes.com/rssfeeds/296589292.cms
2026-03-04 14:42:18,860 - INFO - [The Guardian] Success with 'requests_browser'. Found content (1105 words).
2026-03-04 14:42:18,910 - INFO - Duplicate article skipped: ‘Adventurism has had its day’: speedboat shootout leaves Miami’s exiled Cubans bewildered | Cuba | The Guardian from The Guardian
2026-03-04 14:42:19,001 - INFO - Found 100 articles in The Hindu RSS feed. Processing up to 10.
2026-03-04 14:42:19,001 - INFO - [The Hindu] Article: https://www.thehindu.com/news/national/andhra-pradesh/complete-polavaram-hydroelectric-project-as-per-schedule-ap-genco-md/article70703939.ece
2026-03-04 14:42:19,001 - INFO - [The Hindu] Attempt 1/1: Trying with 'selenium_browser' strategy...
2026-03-04 14:42:19,046 - INFO - Found 20 articles in Times of India RSS feed. Processing up to 10.
2026-03-04 14:42:19,046 - INFO - [Times of India] Article: https://timesofindia.indiatimes.com/world/us/indians-too-much-more-patriotic-than-whites-row-over-100-indian-boy-scouts-at-frisco-council-meeting/articleshow/129031034.cms
2026-03-04 14:42:19,046 - INFO - [Times of India] Attempt 1/1: Trying with 'selenium_browser' strategy...
2026-03-04 14:42:19,111 - INFO - [BBC] Article: https://www.bbc.com/news/articles/cp8rrk5ngngo?at_medium=RSS&at_campaign=rss
2026-03-04 14:42:19,111 - INFO - [BBC] Attempt 1/1: Trying with 'requests_browser' strategy...
2026-03-04 14:42:19,155 - INFO - [BBC] Success with 'requests_browser'. Found content (397 words).
2026-03-04 14:42:19,199 - INFO - Saved article: Chimamanda Ngozi Adichie: Nigeria medical council suspends doctors over death of author's son from BBC
2026-03-04 14:42:20,183 - INFO - [The Guardian] Article: https://www.theguardian.com/world/2026/feb/28/at-least-15-killed-as-cash-laden-military-cargo-plane-crashes-in-bolivia
2026-03-04 14:42:20,184 - INFO - [The Guardian] Attempt 1/1: Trying with 'requests_browser' strategy...
2026-03-04 14:42:20,225 - INFO - [The Guardian] Success with 'requests_browser'. Found content (428 words).
2026-03-04 14:42:20,281 - INFO - Duplicate article skipped: At least 20 killed as cash-laden military cargo plane crashes in Bolivia | Bolivia | The Guardian from The Guardian
2026-03-04 14:42:20,498 - INFO - [BBC] Article: https://www.bbc.com/news/articles/cly2m5e5ke4o?at_medium=RSS&at_campaign=rss
2026-03-04 14:42:20,498 - INFO - [BBC] Attempt 1/1: Trying with 'requests_browser' strategy...
2026-03-04 14:42:20,602 - INFO - [BBC] Success with 'requests_browser'. Found content (840 words).
2026-03-04 14:42:20,701 - INFO - Duplicate article skipped: TikTok says it won't encrypt DMs claiming it puts users at risk from BBC
2026-03-04 14:42:21,019 - INFO - [The Guardian] Article: https://www.theguardian.com/us-news/2026/feb/27/trump-cuba-regime-change
2026-03-04 14:42:21,019 - INFO - [The Guardian] Attempt 1/1: Trying with 'requests_browser' strategy...
2026-03-04 14:42:21,131 - INFO - [The Guardian] Success with 'requests_browser'. Found content (708 words).
2026-03-04 14:42:21,251 - INFO - Duplicate article skipped: Trump suggests US could carry out ‘friendly takeover’ of Cuba | Donald Trump | The Guardian from The Guardian
2026-03-04 14:42:47,920 - INFO - [The Hindu] Page content loaded.
2026-03-04 14:42:48,102 - INFO - [The Hindu] Success with 'selenium_browser'. Found content (209 words).
2026-03-04 14:42:48,320 - INFO - Saved article: Complete polavaram hydroelectric project as per schedule: AP-Genco MD - The Hindu from The Hindu
2026-03-04 14:42:49,753 - INFO - [The Hindu] Article: https://www.thehindu.com/news/national/andhra-pradesh/council-adjourned-as-ministers-ysrcp-members-trade-barbs-over-tirumala-laddu-row/article70703559.ece
2026-03-04 14:42:49,753 - INFO - [The Hindu] Attempt 1/1: Trying with 'selenium_browser' strategy...
2026-03-04 14:42:53,121 - INFO - [The Hindu] Page content loaded.
2026-03-04 14:42:53,921 - INFO - [The Hindu] Success with 'selenium_browser'. Found content (393 words).
2026-03-04 14:42:54,083 - INFO - Saved article: Council adjourned as Ministers, YSRCP members trade barbs over Tirumala laddu row - The Hindu from The Hindu
2026-03-04 14:42:55,344 - INFO - [The Hindu] Article: https://www.thehindu.com/news/national/tamil-nadu/chief-minister-inaugurates-kollidam-chidambaram-combined-water-supply-scheme/article70702749.ece
2026-03-04 14:42:55,344 - INFO - [The Hindu] Attempt 1/1: Trying with 'selenium_browser' strategy...
2026-03-04 14:42:57,896 - INFO - [The Hindu] Page content loaded.
2026-03-04 14:42:58,150 - INFO - [The Hindu] Success with 'selenium_browser'. Found content (197 words).
2026-03-04 14:42:58,264 - INFO - Saved article: Chief Minister inaugurates Kollidam-Chidambaram combined water supply scheme - The Hindu from The Hindu
2026-03-04 14:42:59,455 - INFO - [The Hindu] Article: https://www.thehindu.com/news/national/andhra-pradesh/ttd-dispensaries-to-add-beds-for-emergency-care-of-devotees/article70703712.ece
2026-03-04 14:42:59,455 - INFO - [The Hindu] Attempt 1/1: Trying with 'selenium_browser' strategy...
2026-03-04 14:43:04,044 - INFO - [The Hindu] Page content loaded.
2026-03-04 14:43:04,342 - INFO - [The Hindu] Success with 'selenium_browser'. Found content (187 words).
2026-03-04 14:43:04,486 - INFO - Saved article: TTD dispensaries to add beds for emergency care of devotees - The Hindu from The Hindu
2026-03-04 14:43:05,009 - INFO - [The Hindu] Article: https://www.thehindu.com/news/national/andhra-pradesh/no-move-to-privatise-vizag-steel-plant-state-government-informs-legislative-assembly/article70703703.ece
2026-03-04 14:43:05,009 - INFO - [The Hindu] Attempt 1/1: Trying with 'selenium_browser' strategy...
2026-03-04 14:43:05,677 - INFO - [The Hindu] Page content loaded.
2026-03-04 14:43:06,026 - INFO - [The Hindu] Success with 'selenium_browser'. Found content (300 words).
2026-03-04 14:43:06,113 - INFO - Saved article: No move to privatise Vizag steel plant, State government informs Legislative Assembly - The Hindu from The Hindu
2026-03-04 14:43:06,835 - INFO - [The Hindu] Article: https://www.thehindu.com/news/national/kerala/fyugp-monitoring-committee-finalises-uniform-academic-calendar-for-202627/article70703741.ece
2026-03-04 14:43:06,836 - INFO - [The Hindu] Attempt 1/1: Trying with 'selenium_browser' strategy...
2026-03-04 14:43:19,067 - ERROR - [Times of India] Request failed for strategy 'selenium_browser' on URL https://timesofindia.indiatimes.com/world/us/indians-too-much-more-patriotic-than-whites-row-over-100-indian-boy-scouts-at-frisco-council-meeting/articleshow/129031034.cms: Message: timeout: Timed out receiving message from renderer: 59.903
  (Session info: chrome=145.0.7632.116)
Stacktrace:
#0 0x5632af886b6a <unknown>
#1 0x5632af299a32 <unknown>
#2 0x5632af281007 <unknown>
#3 0x5632af280c16 <unknown>
#4 0x5632af27e731 <unknown>
#5 0x5632af27f0bf <unknown>
#6 0x5632af28e560 <unknown>
#7 0x5632af2a8707 <unknown>
#8 0x5632af2af8db <unknown>
#9 0x5632af27f829 <unknown>
#10 0x5632af2a849c <unknown>
#11 0x5632af3376e1 <unknown>
#12 0x5632af2e0c0f <unknown>
#13 0x5632af2e19d1 <unknown>
#14 0x5632af84b6b9 <unknown>
#15 0x5632af84e5c1 <unknown>
#16 0x5632af837e29 <unknown>
#17 0x5632af84f17e <unknown>
#18 0x5632af81e4b0 <unknown>
#19 0x5632af873578 <unknown>
#20 0x5632af87374b <unknown>
#21 0x5632af8851a3 <unknown>
#22 0x7f89e009caa4 <unknown>
#23 0x7f89e0129c6c <unknown>

2026-03-04 14:43:19,067 - ERROR - [Times of India] All scrape strategies failed for https://timesofindia.indiatimes.com/world/us/indians-too-much-more-patriotic-than-whites-row-over-100-indian-boy-scouts-at-frisco-council-meeting/articleshow/129031034.cms. Falling back to RSS description.
2026-03-04 14:43:19,069 - INFO - Saved article: Indians too much more patriotic than whites: Row over '100% Indian Boy Scouts' at Frisco Council meeting from Times of India
2026-03-04 14:43:20,388 - INFO - [Times of India] Article: https://timesofindia.indiatimes.com/world/middle-east/khameneis-farewell-ceremony-postponed-as-us-israel-iran-conflict-intensifies-on-day-5/articleshow/129028484.cms
2026-03-04 14:43:20,388 - INFO - [Times of India] Attempt 1/1: Trying with 'selenium_browser' strategy...
2026-03-04 14:44:06,865 - ERROR - [The Hindu] Request failed for strategy 'selenium_browser' on URL https://www.thehindu.com/news/national/kerala/fyugp-monitoring-committee-finalises-uniform-academic-calendar-for-202627/article70703741.ece: Message: timeout: Timed out receiving message from renderer: 59.487
  (Session info: chrome=145.0.7632.116)
Stacktrace:
#0 0x55c2e8610b6a <unknown>
#1 0x55c2e8023a32 <unknown>
#2 0x55c2e800b007 <unknown>
#3 0x55c2e800ac16 <unknown>
#4 0x55c2e8008731 <unknown>
#5 0x55c2e80090bf <unknown>
#6 0x55c2e8018560 <unknown>
#7 0x55c2e8032707 <unknown>
#8 0x55c2e80398db <unknown>
#9 0x55c2e8009829 <unknown>
#10 0x55c2e803249c <unknown>
#11 0x55c2e80c16e1 <unknown>
#12 0x55c2e806ac0f <unknown>
#13 0x55c2e806b9d1 <unknown>
#14 0x55c2e85d56b9 <unknown>
#15 0x55c2e85d85c1 <unknown>
#16 0x55c2e85c1e29 <unknown>
#17 0x55c2e85d917e <unknown>
#18 0x55c2e85a84b0 <unknown>
#19 0x55c2e85fd578 <unknown>
#20 0x55c2e85fd74b <unknown>
#21 0x55c2e860f1a3 <unknown>
#22 0x7f9df7c9caa4 <unknown>
#23 0x7f9df7d29c6c <unknown>

2026-03-04 14:44:06,865 - ERROR - [The Hindu] All scrape strategies failed for https://www.thehindu.com/news/national/kerala/fyugp-monitoring-committee-finalises-uniform-academic-calendar-for-202627/article70703741.ece. Falling back to RSS description.
2026-03-04 14:44:06,870 - INFO - Saved article: FYUGP monitoring committee finalises uniform academic calendar for 2026–27 from The Hindu
2026-03-04 14:44:07,647 - INFO - [The Hindu] Article: https://www.thehindu.com/news/cities/Hyderabad/electricity-demand-in-greater-hyderabad-hits-new-record-on-march-3-ac-and-coolers-drive-surge/article70703768.ece
2026-03-04 14:44:07,647 - INFO - [The Hindu] Attempt 1/1: Trying with 'selenium_browser' strategy...
2026-03-04 14:44:09,800 - INFO - [The Hindu] Page content loaded.
2026-03-04 14:44:09,868 - INFO - [The Hindu] Success with 'selenium_browser'. Found content (290 words).
2026-03-04 14:44:09,947 - INFO - Saved article: Electricity demand in Greater Hyderabad hits new record on March 3; AC and coolers drive surge - The Hindu from The Hindu
2026-03-04 14:44:11,016 - INFO - [The Hindu] Article: https://www.thehindu.com/news/national/omars-meeting-with-civil-societyfocuses-on-maintainingpeace-in-kashmir/article70703320.ece
2026-03-04 14:44:11,016 - INFO - [The Hindu] Attempt 1/1: Trying with 'selenium_browser' strategy...
2026-03-04 14:44:11,713 - INFO - [The Hindu] Page content loaded.
2026-03-04 14:44:11,901 - INFO - [The Hindu] Success with 'selenium_browser'. Found content (534 words).
2026-03-04 14:44:11,970 - INFO - Saved article: Omar’s meeting with civil society focuses on maintaining peace in Kashmir - The Hindu from The Hindu
2026-03-04 14:44:12,707 - INFO - [The Hindu] Article: https://www.thehindu.com/news/national/karnataka/karnataka-high-court-orders-release-of-two-nigerian-nationals-for-procedural-lapses-in-their-arrest-but-orders-their-immediate-deportation/article70703794.ece
2026-03-04 14:44:12,707 - INFO - [The Hindu] Attempt 1/1: Trying with 'selenium_browser' strategy...
2026-03-04 14:44:13,760 - INFO - [The Hindu] Page content loaded.
2026-03-04 14:44:13,845 - INFO - [The Hindu] Success with 'selenium_browser'. Found content (270 words).
2026-03-04 14:44:13,939 - INFO - Saved article: Karnataka High Court orders release of two Nigerian nationals for procedural lapses in their arrest, but orders their immediate deportation - The Hindu from The Hindu
2026-03-04 14:44:15,082 - INFO - [The Hindu] Article: https://www.thehindu.com/news/national/andhra-pradesh/apsrtc-to-provide-free-bus-travel-to-persons-with-disability-from-march-18/article70703775.ece
2026-03-04 14:44:15,082 - INFO - [The Hindu] Attempt 1/1: Trying with 'selenium_browser' strategy...
2026-03-04 14:44:20,408 - ERROR - [Times of India] Request failed for strategy 'selenium_browser' on URL https://timesofindia.indiatimes.com/world/middle-east/khameneis-farewell-ceremony-postponed-as-us-israel-iran-conflict-intensifies-on-day-5/articleshow/129028484.cms: Message: timeout: Timed out receiving message from renderer: 59.840
  (Session info: chrome=145.0.7632.116)
Stacktrace:
#0 0x5632af886b6a <unknown>
#1 0x5632af299a32 <unknown>
#2 0x5632af281007 <unknown>
#3 0x5632af280c16 <unknown>
#4 0x5632af27e731 <unknown>
#5 0x5632af27f0bf <unknown>
#6 0x5632af28e560 <unknown>
#7 0x5632af2a8707 <unknown>
#8 0x5632af2af8db <unknown>
#9 0x5632af27f829 <unknown>
#10 0x5632af2a849c <unknown>
#11 0x5632af3376e1 <unknown>
#12 0x5632af2e0c0f <unknown>
#13 0x5632af2e19d1 <unknown>
#14 0x5632af84b6b9 <unknown>
#15 0x5632af84e5c1 <unknown>
#16 0x5632af837e29 <unknown>
#17 0x5632af84f17e <unknown>
#18 0x5632af81e4b0 <unknown>
#19 0x5632af873578 <unknown>
#20 0x5632af87374b <unknown>
#21 0x5632af8851a3 <unknown>
#22 0x7f89e009caa4 <unknown>
#23 0x7f89e0129c6c <unknown>

2026-03-04 14:44:20,408 - ERROR - [Times of India] All scrape strategies failed for https://timesofindia.indiatimes.com/world/middle-east/khameneis-farewell-ceremony-postponed-as-us-israel-iran-conflict-intensifies-on-day-5/articleshow/129028484.cms. Falling back to RSS description.
2026-03-04 14:44:20,410 - INFO - Saved article: Khamenei's farewell ceremony postponed as US, Israel-Iran conflict intensifies on Day 5 from Times of India
2026-03-04 14:44:20,971 - INFO - [Times of India] Article: https://timesofindia.indiatimes.com/world/us/jasmine-crockett-out-of-congress-maga-celebrates-as-she-loses-texas-primary-to-james-talarico/articleshow/129028163.cms
2026-03-04 14:44:20,971 - INFO - [Times of India] Attempt 1/1: Trying with 'selenium_browser' strategy...
2026-03-04 14:44:22,372 - INFO - [Times of India] Page content loaded.
2026-03-04 14:44:22,571 - INFO - [Times of India] Success with 'selenium_browser'. Found content (292 words).
2026-03-04 14:44:22,654 - INFO - Saved article: Jasmine Crockett out of Congress? MAGA celebrates as she loses Texas primary to James Talarico - The Times of India from Times of India
2026-03-04 14:44:23,314 - INFO - [Times of India] Article: https://timesofindia.indiatimes.com/world/rest-of-world/canada-announces-100-million-scholarships-for-indian-students-introduces-hybrid-study-locations/articleshow/129025046.cms
2026-03-04 14:44:23,314 - INFO - [Times of India] Attempt 1/1: Trying with 'selenium_browser' strategy...
2026-03-04 14:44:24,036 - INFO - [Times of India] Page content loaded.
2026-03-04 14:44:24,217 - INFO - [Times of India] Success with 'selenium_browser'. Found content (363 words).
2026-03-04 14:44:24,277 - INFO - Duplicate article skipped: Canada announces $100 million scholarships for Indian students, introduces 'hybrid study locations' - The Times of India from Times of India
2026-03-04 14:44:25,297 - INFO - [Times of India] Article: https://timesofindia.indiatimes.com/world/us/very-alarming-laura-loomer-says-she-feels-unsafe-seeing-muslim-workers-at-us-airport-amid-iran-war/articleshow/129025760.cms
2026-03-04 14:44:25,297 - INFO - [Times of India] Attempt 1/1: Trying with 'selenium_browser' strategy...
2026-03-04 14:44:26,279 - INFO - [Times of India] Page content loaded.
2026-03-04 14:44:26,444 - INFO - [Times of India] Success with 'selenium_browser'. Found content (262 words).
2026-03-04 14:44:26,540 - INFO - Duplicate article skipped: ‘Very alarming’: Laura Loomer says she feels ‘unsafe’ seeing Muslim workers at US airport amid Iran war - The Times of India from Times of India
2026-03-04 14:44:27,126 - INFO - [Times of India] Article: https://timesofindia.indiatimes.com/world/us/i-feel-abandoned-indian-american-ceo-stranded-in-dubai-says-india-rescuing-citizens-but-us-doing-nothing/articleshow/129024652.cms
2026-03-04 14:44:27,126 - INFO - [Times of India] Attempt 1/1: Trying with 'selenium_browser' strategy...
2026-03-04 14:44:27,796 - INFO - [Times of India] Page content loaded.
2026-03-04 14:44:27,987 - INFO - [Times of India] Success with 'selenium_browser'. Found content (395 words).
2026-03-04 14:44:28,050 - INFO - Duplicate article skipped: 'I feel abandoned': Indian-American CEO stranded in Dubai says India rescuing citizens but US doing nothing - The Times of India from Times of India
2026-03-04 14:44:28,666 - INFO - [Times of India] Article: https://timesofindia.indiatimes.com/world/middle-east/uae-travel-alert-air-arabia-extends-flight-suspension-to-march-9-what-travellers-need-to-know/articleshow/129023269.cms
2026-03-04 14:44:28,666 - INFO - [Times of India] Attempt 1/1: Trying with 'selenium_browser' strategy...
2026-03-04 14:44:29,604 - INFO - [Times of India] Page content loaded.
2026-03-04 14:44:29,784 - INFO - [Times of India] Success with 'selenium_browser'. Found content (283 words).
2026-03-04 14:44:29,840 - INFO - Duplicate article skipped: UAE travel alert: Air Arabia extends flight suspension to March 9, what travellers need to know | World News - The Times of India from Times of India
2026-03-04 14:44:31,216 - INFO - [Times of India] Article: https://timesofindia.indiatimes.com/world/rest-of-world/sealed-for-2600-years-italys-ancient-tomb-finally-opened-to-reveal-jewellery-ritual-vessels-and-human-remains/articleshow/129022562.cms
2026-03-04 14:44:31,216 - INFO - [Times of India] Attempt 1/1: Trying with 'selenium_browser' strategy...
2026-03-04 14:44:32,491 - INFO - [Times of India] Page content loaded.
2026-03-04 14:44:32,656 - INFO - [Times of India] Success with 'selenium_browser'. Found content (810 words).
2026-03-04 14:44:32,715 - INFO - Duplicate article skipped: Sealed for 2,600 years, Italy’s ancient tomb finally opened to reveal jewellery, ritual vessels and human remains | World News - The Times of India from Times of India
2026-03-04 14:44:33,976 - INFO - [Times of India] Article: https://timesofindia.indiatimes.com/world/rest-of-world/russian-shadow-fleet-lng-tanker-sinks-after-sudden-explosions-on-libya-coast/articleshow/129019812.cms
2026-03-04 14:44:33,976 - INFO - [Times of India] Attempt 1/1: Trying with 'selenium_browser' strategy...
2026-03-04 14:44:34,745 - INFO - [Times of India] Page content loaded.
2026-03-04 14:44:34,905 - INFO - [Times of India] Success with 'selenium_browser'. Found content (306 words).
2026-03-04 14:44:34,958 - INFO - Duplicate article skipped: Russian shadow fleet LNG tanker sinks after 'sudden explosions' off Libya coast - The Times of India from Times of India
2026-03-04 14:44:35,948 - INFO - [Times of India] Article: https://timesofindia.indiatimes.com/world/middle-east/saudi-arabia-announces-eid-al-fitr-2026-public-holidays-for-government-and-private-sectors/articleshow/129016268.cms
2026-03-04 14:44:35,948 - INFO - [Times of India] Attempt 1/1: Trying with 'selenium_browser' strategy...
2026-03-04 14:44:36,970 - INFO - [Times of India] Page content loaded.
2026-03-04 14:44:37,134 - INFO - [Times of India] Success with 'selenium_browser'. Found content (533 words).
2026-03-04 14:44:37,195 - INFO - Duplicate article skipped: Eid Al Fitr 2026: Saudi Arabia announces Eid Al Fitr 2026 public holidays for government and private sectors | World News - The Times of India from Times of India
2026-03-04 14:44:38,114 - INFO - [Times of India] (Thread) Finished. Attempting to shut down its Selenium driver.
2026-03-04 14:44:38,318 - INFO - [Times of India] (Thread) driver.quit() successful.
2026-03-04 14:45:15,102 - ERROR - [The Hindu] Request failed for strategy 'selenium_browser' on URL https://www.thehindu.com/news/national/andhra-pradesh/apsrtc-to-provide-free-bus-travel-to-persons-with-disability-from-march-18/article70703775.ece: Message: timeout: Timed out receiving message from renderer: 59.401
  (Session info: chrome=145.0.7632.116)
Stacktrace:
#0 0x55c2e8610b6a <unknown>
#1 0x55c2e8023a32 <unknown>
#2 0x55c2e800b007 <unknown>
#3 0x55c2e800ac16 <unknown>
#4 0x55c2e8008731 <unknown>
#5 0x55c2e80090bf <unknown>
#6 0x55c2e8018560 <unknown>
#7 0x55c2e8032707 <unknown>
#8 0x55c2e80398db <unknown>
#9 0x55c2e8009829 <unknown>
#10 0x55c2e803249c <unknown>
#11 0x55c2e80c16e1 <unknown>
#12 0x55c2e806ac0f <unknown>
#13 0x55c2e806b9d1 <unknown>
#14 0x55c2e85d56b9 <unknown>
#15 0x55c2e85d85c1 <unknown>
#16 0x55c2e85c1e29 <unknown>
#17 0x55c2e85d917e <unknown>
#18 0x55c2e85a84b0 <unknown>
#19 0x55c2e85fd578 <unknown>
#20 0x55c2e85fd74b <unknown>
#21 0x55c2e860f1a3 <unknown>
#22 0x7f9df7c9caa4 <unknown>
#23 0x7f9df7d29c6c <unknown>

2026-03-04 14:45:15,102 - ERROR - [The Hindu] All scrape strategies failed for https://www.thehindu.com/news/national/andhra-pradesh/apsrtc-to-provide-free-bus-travel-to-persons-with-disability-from-march-18/article70703775.ece. Falling back to RSS description.
2026-03-04 14:45:15,104 - INFO - Saved article: APSRTC to provide free bus travel to persons with disabilities from March 18 from The Hindu
2026-03-04 14:45:15,873 - INFO - [The Hindu] (Thread) Finished. Attempting to shut down its Selenium driver.
2026-03-04 14:45:16,036 - INFO - [The Hindu] (Thread) driver.quit() successful.
2026-03-04 14:45:16,036 - INFO - Shutting down thread pool (wait=False)...
2026-03-04 14:45:16,036 - INFO - Scraped: 0 The Guardian, 3 Times of India, 10 The Hindu, 2 BBC articles. (Total saved: 15)
2026-03-04 14:45:16,036 - INFO - --- Scraping job finished ---
2026-03-04 14:45:16,042 - INFO - --- Scraper service stopped and database connection closed. ---
2026-03-04 14:45:16,042 - INFO - --- Main thread finished. Forcing process exit to kill zombie threads. ---
