2025-11-26 20:27:05,283 - INFO - Initializing database connection at: news_articles.db
2025-11-26 20:27:05,284 - INFO - --- Scraper service started (CI Mode: Run Once) ---
2025-11-26 20:27:05,284 - INFO - --- Starting new scraping job (Parallel Mode) ---
2025-11-26 20:27:05,284 - INFO - Creating new robust session with 3 retries on 5xx/connection/read errors.
2025-11-26 20:27:05,284 - INFO - Proxy is DISABLED.
2025-11-26 20:27:05,285 - INFO - Starting scrape for BBC RSS feed: http://feeds.bbci.co.uk/news/world/rss.xml
2025-11-26 20:27:05,285 - INFO - [Times of India] (Thread) requires Selenium. Initializing driver...
2025-11-26 20:27:05,285 - INFO - Initializing headless Selenium Chrome driver (using SeleniumManager)...
2025-11-26 20:27:05,286 - INFO - Starting scrape for The Guardian RSS feed: https://www.theguardian.com/world/rss
2025-11-26 20:27:05,286 - INFO - [The Hindu] (Thread) requires Selenium. Initializing driver...
2025-11-26 20:27:05,286 - INFO - Initializing headless Selenium Chrome driver (using SeleniumManager)...
2025-11-26 20:27:05,286 - INFO - Submitted 4 jobs to thread pool. Waiting up to 300s for completion...
2025-11-26 20:27:05,469 - INFO - Found 45 articles in The Guardian RSS feed. Processing up to 10.
2025-11-26 20:27:05,470 - INFO - [The Guardian] Article: https://www.theguardian.com/world/2025/nov/26/guinea-bissau-officers-take-total-control-close-borders-amid-election-chaos
2025-11-26 20:27:05,470 - INFO - [The Guardian] Attempt 1/1: Trying with 'requests_browser' strategy...
2025-11-26 20:27:05,518 - INFO - Found 37 articles in BBC RSS feed. Processing up to 10.
2025-11-26 20:27:05,518 - INFO - [BBC] Article: https://www.bbc.com/news/articles/cvg165d7ppvo?at_medium=RSS&at_campaign=rss
2025-11-26 20:27:05,518 - INFO - [BBC] Attempt 1/1: Trying with 'requests_browser' strategy...
2025-11-26 20:27:05,527 - INFO - [The Guardian] Success with 'requests_browser'. Found content (412 words).
2025-11-26 20:27:05,564 - INFO - Duplicate article skipped: Guinea-Bissau military takes ‘total control’ amid election chaos | Guinea-Bissau | The Guardian from The Guardian
2025-11-26 20:27:05,847 - INFO - [BBC] Success with 'requests_browser'. Found content (532 words).
2025-11-26 20:27:05,904 - INFO - Duplicate article skipped: At least 36 dead as fire engulfs Hong Kong tower blocks from BBC
2025-11-26 20:27:06,719 - INFO - [The Guardian] Article: https://www.theguardian.com/world/2025/nov/25/nigerian-schoolgirls-rescued-after-mass-abduction-in-kebbi
2025-11-26 20:27:06,719 - INFO - [The Guardian] Attempt 1/1: Trying with 'requests_browser' strategy...
2025-11-26 20:27:06,763 - INFO - [The Guardian] Success with 'requests_browser'. Found content (515 words).
2025-11-26 20:27:06,805 - INFO - Duplicate article skipped: Nigerian schoolgirls rescued after mass abduction in Kebbi | Nigeria | The Guardian from The Guardian
2025-11-26 20:27:06,898 - INFO - [BBC] Article: https://www.bbc.com/news/articles/cdxe9r7wjgro?at_medium=RSS&at_campaign=rss
2025-11-26 20:27:06,898 - INFO - [BBC] Attempt 1/1: Trying with 'requests_browser' strategy...
2025-11-26 20:27:06,946 - INFO - [BBC] Success with 'requests_browser'. Found content (963 words).
2025-11-26 20:27:06,981 - INFO - Duplicate article skipped: What we know about the Hong Kong apartment fires from BBC
2025-11-26 20:27:07,684 - INFO - [The Guardian] Article: https://www.theguardian.com/world/2025/nov/25/jacob-zuma-daughter-accused-tricking-men-fighting-for-russia-in-ukraine
2025-11-26 20:27:07,684 - INFO - [The Guardian] Attempt 1/1: Trying with 'requests_browser' strategy...
2025-11-26 20:27:07,727 - INFO - [The Guardian] Success with 'requests_browser'. Found content (656 words).
2025-11-26 20:27:07,769 - INFO - Duplicate article skipped: Jacob Zuma’s daughter accused of tricking men into fighting for Russia in Ukraine | South Africa | The Guardian from The Guardian
2025-11-26 20:27:07,845 - INFO - [BBC] Article: https://www.bbc.com/news/articles/cvgjnlx1g6yo?at_medium=RSS&at_campaign=rss
2025-11-26 20:27:07,845 - INFO - [BBC] Attempt 1/1: Trying with 'requests_browser' strategy...
2025-11-26 20:27:07,887 - INFO - [BBC] Success with 'requests_browser'. Found content (729 words).
2025-11-26 20:27:07,925 - INFO - Saved article: Hong Kong residents react as deadly fire tears through housing estate from BBC
2025-11-26 20:27:08,812 - INFO - [The Guardian] Article: https://www.theguardian.com/uk-news/2025/nov/24/uk-rejects-nigerian-request-to-deport-former-politican-ike-ekweremadu-jailed-for-organ-trafficking
2025-11-26 20:27:08,812 - INFO - [The Guardian] Attempt 1/1: Trying with 'requests_browser' strategy...
2025-11-26 20:27:08,847 - INFO - [The Guardian] Success with 'requests_browser'. Found content (545 words).
2025-11-26 20:27:08,879 - INFO - Duplicate article skipped: UK rejects Nigerian request to deport former politican jailed for organ trafficking | UK news | The Guardian from The Guardian
2025-11-26 20:27:09,174 - INFO - [BBC] Article: https://www.bbc.com/news/articles/c3r7xr94ln8o?at_medium=RSS&at_campaign=rss
2025-11-26 20:27:09,174 - INFO - [BBC] Attempt 1/1: Trying with 'requests_browser' strategy...
2025-11-26 20:27:09,215 - INFO - [BBC] Success with 'requests_browser'. Found content (719 words).
2025-11-26 20:27:09,250 - INFO - Duplicate article skipped: Trump defends Witkoff after leak appears to show envoy coaching Russias from BBC
2025-11-26 20:27:10,364 - INFO - [The Guardian] Article: https://www.theguardian.com/world/2025/nov/24/ethiopian-volcano-hayli-gubbi-erupts-first-time-12000-years
2025-11-26 20:27:10,364 - INFO - [The Guardian] Attempt 1/1: Trying with 'requests_browser' strategy...
2025-11-26 20:27:10,386 - INFO - [BBC] Article: https://www.bbc.com/news/articles/cly0jjv2lg1o?at_medium=RSS&at_campaign=rss
2025-11-26 20:27:10,386 - INFO - [BBC] Attempt 1/1: Trying with 'requests_browser' strategy...
2025-11-26 20:27:10,398 - INFO - [The Guardian] Success with 'requests_browser'. Found content (306 words).
2025-11-26 20:27:10,434 - INFO - Duplicate article skipped: Ethiopian volcano erupts for first time in 12,000 years | Ethiopia | The Guardian from The Guardian
2025-11-26 20:27:10,461 - INFO - [BBC] Success with 'requests_browser'. Found content (1341 words).
2025-11-26 20:27:10,519 - INFO - Duplicate article skipped: Russia Ukraine war: Where peace stands after frantic diplomacy from BBC
2025-11-26 20:27:11,247 - INFO - [The Guardian] Article: https://www.theguardian.com/us-news/2025/nov/26/trump-temporary-protected-status-haiti
2025-11-26 20:27:11,248 - INFO - [The Guardian] Attempt 1/1: Trying with 'requests_browser' strategy...
2025-11-26 20:27:11,285 - INFO - [The Guardian] Success with 'requests_browser'. Found content (409 words).
2025-11-26 20:27:11,320 - INFO - Saved article: Trump officials halt protected status for Haitians in US | US immigration | The Guardian from The Guardian
2025-11-26 20:27:11,450 - INFO - [BBC] Article: https://www.bbc.com/news/articles/czxpd8pv4gyo?at_medium=RSS&at_campaign=rss
2025-11-26 20:27:11,450 - INFO - [BBC] Attempt 1/1: Trying with 'requests_browser' strategy...
2025-11-26 20:27:11,492 - INFO - [BBC] Success with 'requests_browser'. Found content (871 words).
2025-11-26 20:27:11,528 - INFO - Duplicate article skipped: Georgia judge drops 2020 election interference case against Trump from BBC
2025-11-26 20:27:12,659 - INFO - [The Guardian] Article: https://www.theguardian.com/us-news/2025/nov/26/kristi-noem-deportation-flights-el-salvador
2025-11-26 20:27:12,660 - INFO - [The Guardian] Attempt 1/1: Trying with 'requests_browser' strategy...
2025-11-26 20:27:12,692 - INFO - [The Guardian] Success with 'requests_browser'. Found content (433 words).
2025-11-26 20:27:12,725 - INFO - Duplicate article skipped: Noem made decision to continue deportation flights to El Salvador, justice department says | Trump administration | The Guardian from The Guardian
2025-11-26 20:27:12,990 - INFO - [BBC] Article: https://www.bbc.com/news/articles/c0edww3qgq2o?at_medium=RSS&at_campaign=rss
2025-11-26 20:27:12,990 - INFO - [BBC] Attempt 1/1: Trying with 'requests_browser' strategy...
2025-11-26 20:27:13,033 - INFO - [BBC] Success with 'requests_browser'. Found content (553 words).
2025-11-26 20:27:13,068 - INFO - Duplicate article skipped: Guinea-Bissau coup: Soldiers seize power and detain President Umaro Sissoco Embaló from BBC
2025-11-26 20:27:13,290 - INFO - [The Guardian] Article: https://www.theguardian.com/world/2025/nov/26/maduro-defends-venezuela-against-trump-military
2025-11-26 20:27:13,290 - INFO - [The Guardian] Attempt 1/1: Trying with 'requests_browser' strategy...
2025-11-26 20:27:13,330 - INFO - [The Guardian] Success with 'requests_browser'. Found content (567 words).
2025-11-26 20:27:13,365 - INFO - Duplicate article skipped: Trump threatens Venezuela’s Maduro with ‘the easy way … or the hard way’ | Nicolás Maduro | The Guardian from The Guardian
2025-11-26 20:27:14,154 - INFO - [BBC] Article: https://www.bbc.com/news/articles/c74x55epn34o?at_medium=RSS&at_campaign=rss
2025-11-26 20:27:14,154 - INFO - [BBC] Attempt 1/1: Trying with 'requests_browser' strategy...
2025-11-26 20:27:14,194 - INFO - [BBC] Success with 'requests_browser'. Found content (303 words).
2025-11-26 20:27:14,230 - INFO - Duplicate article skipped: Nicolas Sarkozy illegal campaign financing conviction upheld from BBC
2025-11-26 20:27:14,834 - INFO - [The Guardian] Article: https://www.theguardian.com/us-news/2025/nov/25/trump-caribbean-boat-strikes-memo
2025-11-26 20:27:14,835 - INFO - [The Guardian] Attempt 1/1: Trying with 'requests_browser' strategy...
2025-11-26 20:27:14,872 - INFO - [The Guardian] Success with 'requests_browser'. Found content (952 words).
2025-11-26 20:27:14,909 - INFO - Duplicate article skipped: US justice department memo about boat strikes diverges from Trump narrative | Trump administration | The Guardian from The Guardian
2025-11-26 20:27:15,266 - INFO - [BBC] Article: https://www.bbc.com/news/articles/c9d9l7w1g8yo?at_medium=RSS&at_campaign=rss
2025-11-26 20:27:15,266 - INFO - [BBC] Attempt 1/1: Trying with 'requests_browser' strategy...
2025-11-26 20:27:15,307 - INFO - [BBC] Success with 'requests_browser'. Found content (420 words).
2025-11-26 20:27:15,343 - INFO - Duplicate article skipped: Australia social media ban: Teens challenge law before High Court from BBC
2025-11-26 20:27:16,114 - INFO - [The Guardian] Article: https://www.theguardian.com/world/2025/nov/25/jair-bolsonaro-brazil-prison
2025-11-26 20:27:16,114 - INFO - [The Guardian] Attempt 1/1: Trying with 'requests_browser' strategy...
2025-11-26 20:27:16,145 - INFO - [BBC] Article: https://www.bbc.com/news/articles/cr4drle9k12o?at_medium=RSS&at_campaign=rss
2025-11-26 20:27:16,145 - INFO - [BBC] Attempt 1/1: Trying with 'requests_browser' strategy...
2025-11-26 20:27:16,154 - INFO - [The Guardian] Success with 'requests_browser'. Found content (877 words).
2025-11-26 20:27:16,190 - INFO - Duplicate article skipped: Jair Bolsonaro ordered to start 27-year prison term for plotting Brazil coup | Jair Bolsonaro | The Guardian from The Guardian
2025-11-26 20:27:17,914 - INFO - [BBC] Success with 'requests_browser'. Found content (493 words).
2025-11-26 20:27:17,947 - INFO - Duplicate article skipped: Chicago man accused of setting train passenger on fire had 72 prior arrests from BBC
2025-11-26 20:27:19,762 - INFO - Selenium driver initialized successfully.
2025-11-26 20:27:19,762 - INFO - Selenium driver initialized successfully.
2025-11-26 20:27:19,763 - INFO - Starting scrape for Times of India RSS feed: https://timesofindia.indiatimes.com/rssfeeds/296589292.cms
2025-11-26 20:27:19,763 - INFO - Starting scrape for The Hindu RSS feed: https://www.thehindu.com/news/national/feeder/default.rss
2025-11-26 20:27:19,925 - INFO - Found 100 articles in The Hindu RSS feed. Processing up to 10.
2025-11-26 20:27:19,926 - INFO - [The Hindu] Article: https://www.thehindu.com/news/national/kerala/labour-court-dismisses-former-keltron-employees-plea/article70327183.ece
2025-11-26 20:27:19,926 - INFO - [The Hindu] Attempt 1/1: Trying with 'selenium_browser' strategy...
2025-11-26 20:27:19,993 - INFO - Found 20 articles in Times of India RSS feed. Processing up to 10.
2025-11-26 20:27:19,993 - INFO - [Times of India] Article: https://timesofindia.indiatimes.com/world/us/shooting-near-white-house-two-national-guard-soldiers-shot-president-trump-briefed/articleshow/125599222.cms
2025-11-26 20:27:19,993 - INFO - [Times of India] Attempt 1/1: Trying with 'selenium_browser' strategy...
2025-11-26 20:27:22,903 - INFO - [The Hindu] Page content loaded.
2025-11-26 20:27:22,963 - INFO - [The Hindu] Success with 'selenium_browser'. Found content (287 words).
2025-11-26 20:27:23,063 - INFO - Saved article: Labour court dismisses former Keltron employees’ plea - The Hindu from The Hindu
2025-11-26 20:27:24,393 - INFO - [The Hindu] Article: https://www.thehindu.com/news/national/kerala/protests-held-against-anti-worker-labour-codes/article70327367.ece
2025-11-26 20:27:24,393 - INFO - [The Hindu] Attempt 1/1: Trying with 'selenium_browser' strategy...
2025-11-26 20:27:26,159 - INFO - [The Hindu] Page content loaded.
2025-11-26 20:27:26,468 - INFO - [The Hindu] Success with 'selenium_browser'. Found content (175 words).
2025-11-26 20:27:26,917 - INFO - Saved article: Protests held against ‘anti-worker’ Labour Codes - The Hindu from The Hindu
2025-11-26 20:27:28,191 - INFO - [The Hindu] Article: https://www.thehindu.com/news/national/west-bengal/amid-bengal-sir-kolkatas-sonagachi-sex-workers-fear-loss-of-rights/article70326250.ece
2025-11-26 20:27:28,191 - INFO - [The Hindu] Attempt 1/1: Trying with 'selenium_browser' strategy...
2025-11-26 20:27:33,387 - INFO - [The Hindu] Page content loaded.
2025-11-26 20:27:33,513 - INFO - [The Hindu] Success with 'selenium_browser'. Found content (625 words).
2025-11-26 20:27:33,640 - INFO - Saved article: Amid Bengal SIR, Kolkata’s Sonagachi sex workers fear loss of rights - The Hindu from The Hindu
2025-11-26 20:27:35,035 - INFO - [The Hindu] Article: https://www.thehindu.com/news/national/afghan-minister-azizis-visit-was-very-successful-and-productive-mea/article70327595.ece
2025-11-26 20:27:35,036 - INFO - [The Hindu] Attempt 1/1: Trying with 'selenium_browser' strategy...
2025-11-26 20:27:35,698 - INFO - [Times of India] Page content loaded.
2025-11-26 20:27:35,785 - INFO - [The Hindu] Page content loaded.
2025-11-26 20:27:35,997 - INFO - [The Hindu] Success with 'selenium_browser'. Found content (547 words).
2025-11-26 20:27:36,113 - INFO - Saved article: Afghan Minister Azizi’s visit was very successful and productive: MEA - The Hindu from The Hindu
2025-11-26 20:27:36,212 - INFO - [Times of India] Success with 'selenium_browser'. Found content (116 words).
2025-11-26 20:27:36,396 - INFO - Saved article: Shooting near White House: Two National Guard soldiers shot, President Trump briefed - The Times of India from Times of India
2025-11-26 20:27:37,183 - INFO - [Times of India] Article: https://timesofindia.indiatimes.com/etimes/trending/who-is-carl-westcott-the-85-year-old-disabled-army-veteran-katy-perry-is-seeking-5-million-from/articleshow/125598439.cms
2025-11-26 20:27:37,183 - INFO - [Times of India] Attempt 1/1: Trying with 'selenium_browser' strategy...
2025-11-26 20:27:37,220 - INFO - [The Hindu] Article: https://www.thehindu.com/news/national/kerala/para-powerlifter-claims-being-framed-by-police-in-assault-case/article70327313.ece
2025-11-26 20:27:37,221 - INFO - [The Hindu] Attempt 1/1: Trying with 'selenium_browser' strategy...
2025-11-26 20:27:39,088 - INFO - [The Hindu] Page content loaded.
2025-11-26 20:27:39,326 - INFO - [The Hindu] Success with 'selenium_browser'. Found content (234 words).
2025-11-26 20:27:39,412 - INFO - Saved article: Para powerlifter claims being framed by police in assault case - The Hindu from The Hindu
2025-11-26 20:27:39,960 - INFO - [The Hindu] Article: https://www.thehindu.com/news/national/kerala/its-iuml-vs-others-in-ponmundam-panchayat/article70327182.ece
2025-11-26 20:27:39,961 - INFO - [The Hindu] Attempt 1/1: Trying with 'selenium_browser' strategy...
2025-11-26 20:27:41,736 - INFO - [The Hindu] Page content loaded.
2025-11-26 20:27:42,046 - INFO - [The Hindu] Success with 'selenium_browser'. Found content (455 words).
2025-11-26 20:27:42,168 - INFO - Saved article: It’s IUML vs others in Ponmundam panchayat - The Hindu from The Hindu
2025-11-26 20:27:43,371 - INFO - [The Hindu] Article: https://www.thehindu.com/opinion/op-ed/appointments-that-led-to-annoyance/article70325609.ece
2025-11-26 20:27:43,372 - INFO - [The Hindu] Attempt 1/1: Trying with 'selenium_browser' strategy...
2025-11-26 20:28:37,206 - ERROR - [Times of India] Request failed for strategy 'selenium_browser' on URL https://timesofindia.indiatimes.com/etimes/trending/who-is-carl-westcott-the-85-year-old-disabled-army-veteran-katy-perry-is-seeking-5-million-from/articleshow/125598439.cms: Message: timeout: Timed out receiving message from renderer: 59.501
  (Session info: chrome=142.0.7444.162)
Stacktrace:
#0 0x5559cbeb632a <unknown>
#1 0x5559cb902e4b <unknown>
#2 0x5559cb8eae0d <unknown>
#3 0x5559cb8eaaf0 <unknown>
#4 0x5559cb8e88ff <unknown>
#5 0x5559cb8e927f <unknown>
#6 0x5559cb8f7ca3 <unknown>
#7 0x5559cb911601 <unknown>
#8 0x5559cb917e0b <unknown>
#9 0x5559cb8e99bd <unknown>
#10 0x5559cb9113a7 <unknown>
#11 0x5559cb9a2170 <unknown>
#12 0x5559cb947c1a <unknown>
#13 0x5559cb948921 <unknown>
#14 0x5559cbe7d239 <unknown>
#15 0x5559cbe801e8 <unknown>
#16 0x5559cbe664c9 <unknown>
#17 0x5559cbe80db5 <unknown>
#18 0x5559cbe4de93 <unknown>
#19 0x5559cbea3098 <unknown>
#20 0x5559cbea3273 <unknown>
#21 0x5559cbeb52c3 <unknown>
#22 0x7f07c989caa4 <unknown>
#23 0x7f07c9929c6c <unknown>

2025-11-26 20:28:37,207 - ERROR - [Times of India] All scrape strategies failed for https://timesofindia.indiatimes.com/etimes/trending/who-is-carl-westcott-the-85-year-old-disabled-army-veteran-katy-perry-is-seeking-5-million-from/articleshow/125598439.cms. Falling back to RSS description.
2025-11-26 20:28:37,209 - INFO - Saved article: Who is Carl Westcott? The 85-year-old disabled army veteran Katy Perry is seeking $5 million from from Times of India
2025-11-26 20:28:38,592 - INFO - [Times of India] Article: https://timesofindia.indiatimes.com/world/us/once-mackenzie-scott-borrowed-1000-from-her-friend-to-pay-college-fees-now-the-billionaire-is-returning-the-favour/articleshow/125598151.cms
2025-11-26 20:28:38,593 - INFO - [Times of India] Attempt 1/1: Trying with 'selenium_browser' strategy...
2025-11-26 20:29:38,611 - ERROR - [Times of India] Request failed for strategy 'selenium_browser' on URL https://timesofindia.indiatimes.com/world/us/once-mackenzie-scott-borrowed-1000-from-her-friend-to-pay-college-fees-now-the-billionaire-is-returning-the-favour/articleshow/125598151.cms: Message: timeout: Timed out receiving message from renderer: 59.482
  (Session info: chrome=142.0.7444.162)
Stacktrace:
#0 0x5559cbeb632a <unknown>
#1 0x5559cb902e4b <unknown>
#2 0x5559cb8eae0d <unknown>
#3 0x5559cb8eaaf0 <unknown>
#4 0x5559cb8e88ff <unknown>
#5 0x5559cb8e927f <unknown>
#6 0x5559cb8f7ca3 <unknown>
#7 0x5559cb911601 <unknown>
#8 0x5559cb917e0b <unknown>
#9 0x5559cb8e99bd <unknown>
#10 0x5559cb9113a7 <unknown>
#11 0x5559cb9a2170 <unknown>
#12 0x5559cb947c1a <unknown>
#13 0x5559cb948921 <unknown>
#14 0x5559cbe7d239 <unknown>
#15 0x5559cbe801e8 <unknown>
#16 0x5559cbe664c9 <unknown>
#17 0x5559cbe80db5 <unknown>
#18 0x5559cbe4de93 <unknown>
#19 0x5559cbea3098 <unknown>
#20 0x5559cbea3273 <unknown>
#21 0x5559cbeb52c3 <unknown>
#22 0x7f07c989caa4 <unknown>
#23 0x7f07c9929c6c <unknown>

2025-11-26 20:29:38,611 - ERROR - [Times of India] All scrape strategies failed for https://timesofindia.indiatimes.com/world/us/once-mackenzie-scott-borrowed-1000-from-her-friend-to-pay-college-fees-now-the-billionaire-is-returning-the-favour/articleshow/125598151.cms. Falling back to RSS description.
2025-11-26 20:29:38,614 - INFO - Saved article: Once MacKenzie Scott borrowed $1,000 from her friend to pay college fees, now the billionaire is returning the favour from Times of India
2025-11-26 20:29:39,795 - INFO - [Times of India] Article: https://timesofindia.indiatimes.com/world/china/flames-spreading-faster-than-they-should-what-caused-the-hong-kong-fire-that-killed-36-and-left-hundreds-missing/articleshow/125596856.cms
2025-11-26 20:29:39,795 - INFO - [Times of India] Attempt 1/1: Trying with 'selenium_browser' strategy...
2025-11-26 20:29:43,474 - ERROR - [The Hindu] Request failed for strategy 'selenium_browser' on URL https://www.thehindu.com/opinion/op-ed/appointments-that-led-to-annoyance/article70325609.ece: HTTPConnectionPool(host='localhost', port=50029): Read timed out. (read timeout=120)
2025-11-26 20:29:43,475 - ERROR - [The Hindu] All scrape strategies failed for https://www.thehindu.com/opinion/op-ed/appointments-that-led-to-annoyance/article70325609.ece. Falling back to RSS description.
2025-11-26 20:29:43,476 - INFO - Saved article: Appointments that led to annoyance from The Hindu
2025-11-26 20:29:44,918 - INFO - [The Hindu] Article: https://www.thehindu.com/news/national/tamil-nadu/iit-m-develops-and-deploys-vessel-management-system-for-ports/article70327230.ece
2025-11-26 20:29:44,918 - INFO - [The Hindu] Attempt 1/1: Trying with 'selenium_browser' strategy...
2025-11-26 20:30:15,229 - INFO - [Times of India] Page content loaded.
2025-11-26 20:30:15,554 - INFO - [Times of India] Success with 'selenium_browser'. Found content (524 words).
2025-11-26 20:30:15,696 - INFO - Saved article: ‘Flames spreading faster than they should’: What caused the Hong Kong fire that killed 36 and left hundreds missing - The Times of India from Times of India
2025-11-26 20:30:16,697 - INFO - [Times of India] Article: https://timesofindia.indiatimes.com/world/us-streamers/stevewilldoit-sparks-controversy-by-calling-mike-majlak-the-biggest-loser-ever-after-heated-logan-paul-podcast-moment/articleshow/125596710.cms
2025-11-26 20:30:16,697 - INFO - [Times of India] Attempt 1/1: Trying with 'selenium_browser' strategy...
2025-11-26 20:30:20,940 - INFO - [Times of India] Page content loaded.
2025-11-26 20:30:21,170 - INFO - [Times of India] Success with 'selenium_browser'. Found content (430 words).
2025-11-26 20:30:21,343 - INFO - Saved article: SteveWillDoIt sparks controversy by calling Mike Majlak the biggest loser ever after heated Logan Paul podcast moment - The Times of India from Times of India
2025-11-26 20:30:22,601 - INFO - [Times of India] Article: https://timesofindia.indiatimes.com/world/us/charge-h-1b-f-1-visa-holders-row-erupts-as-interior-department-reforms-national-park-fees-us-residents-to-pay-80-non-residents-250/articleshow/125596119.cms
2025-11-26 20:30:22,601 - INFO - [Times of India] Attempt 1/1: Trying with 'selenium_browser' strategy...
2025-11-26 20:30:24,280 - INFO - [Times of India] Page content loaded.
2025-11-26 20:30:24,430 - INFO - [Times of India] Success with 'selenium_browser'. Found content (365 words).
2025-11-26 20:30:24,615 - INFO - Duplicate article skipped: ‘Charge H-1B, F-1 visa holders’: Row erupts as Interior Department reforms national park fees; US residents to pay $80, non-residents $250 - The Times of India from Times of India
2025-11-26 20:30:25,244 - INFO - [Times of India] Article: https://timesofindia.indiatimes.com/world/us-streamers/candace-owens-puts-her-show-off-air-after-she-claims-emmanuel-macron-tried-to-harm-her-and-was-tied-to-charlie-kirks-death/articleshow/125596333.cms
2025-11-26 20:30:25,245 - INFO - [Times of India] Attempt 1/1: Trying with 'selenium_browser' strategy...
2025-11-26 20:30:28,797 - INFO - [Times of India] Page content loaded.
2025-11-26 20:30:29,249 - INFO - [Times of India] Success with 'selenium_browser'. Found content (414 words).
2025-11-26 20:30:29,366 - INFO - Duplicate article skipped: Candace Owens puts her show off air after she claims Emmanuel Macron tried to harm her and was tied to Charlie Kirk’s death - The Times of India from Times of India
2025-11-26 20:30:29,927 - INFO - [Times of India] Article: https://timesofindia.indiatimes.com/world/us/democrats-have-no-solution-to-fix-education-vivek-ramaswamy-attacks-ohio-governor-candidate/articleshow/125594674.cms
2025-11-26 20:30:29,927 - INFO - [Times of India] Attempt 1/1: Trying with 'selenium_browser' strategy...
2025-11-26 20:31:45,019 - ERROR - [The Hindu] Request failed for strategy 'selenium_browser' on URL https://www.thehindu.com/news/national/tamil-nadu/iit-m-develops-and-deploys-vessel-management-system-for-ports/article70327230.ece: HTTPConnectionPool(host='localhost', port=50029): Read timed out. (read timeout=120)
2025-11-26 20:31:45,019 - ERROR - [The Hindu] All scrape strategies failed for https://www.thehindu.com/news/national/tamil-nadu/iit-m-develops-and-deploys-vessel-management-system-for-ports/article70327230.ece. Falling back to RSS description.
2025-11-26 20:31:45,021 - INFO - Saved article: IIT-M develops and deploys vessel management system for ports from The Hindu
2025-11-26 20:31:46,026 - INFO - [The Hindu] Article: https://www.thehindu.com/news/national/bihar/police-seize-400-litres-of-illegal-liquor-in-bihars-saran-arrest-47-people/article70325883.ece
2025-11-26 20:31:46,027 - INFO - [The Hindu] Attempt 1/1: Trying with 'selenium_browser' strategy...
2025-11-26 20:32:05,286 - CRITICAL - --- TIMEOUT: 2 scrape jobs did not complete in 300s. ---
2025-11-26 20:32:05,287 - ERROR - A thread has timed out and will be abandoned.
2025-11-26 20:32:05,287 - ERROR - A thread has timed out and will be abandoned.
2025-11-26 20:32:05,287 - INFO - Shutting down thread pool (wait=False)...
2025-11-26 20:32:05,287 - INFO - Scraped: 1 BBC, 1 The Guardian, 2 Timed_Out_Jobs articles. (Total saved: 2)
2025-11-26 20:32:05,287 - INFO - --- Scraping job finished ---
2025-11-26 20:32:05,287 - INFO - --- Scraper service stopped and database connection closed. ---
2025-11-26 20:32:05,287 - INFO - --- Main thread finished. Forcing process exit to kill zombie threads. ---
