2026-01-05 08:41:13,403 - INFO - Initializing database connection at: news_articles.db
2026-01-05 08:41:13,403 - INFO - --- Scraper service started (CI Mode: Run Once) ---
2026-01-05 08:41:13,403 - INFO - --- Starting new scraping job (Parallel Mode) ---
2026-01-05 08:41:13,403 - INFO - Creating new robust session with 3 retries on 5xx/connection/read errors.
2026-01-05 08:41:13,403 - INFO - Proxy is DISABLED.
2026-01-05 08:41:13,404 - INFO - Starting scrape for BBC RSS feed: http://feeds.bbci.co.uk/news/world/rss.xml
2026-01-05 08:41:13,404 - INFO - [Times of India] (Thread) requires Selenium. Initializing driver...
2026-01-05 08:41:13,404 - INFO - Initializing headless Selenium Chrome driver (using SeleniumManager)...
2026-01-05 08:41:13,405 - INFO - Starting scrape for The Guardian RSS feed: https://www.theguardian.com/world/rss
2026-01-05 08:41:13,405 - INFO - [The Hindu] (Thread) requires Selenium. Initializing driver...
2026-01-05 08:41:13,406 - INFO - Initializing headless Selenium Chrome driver (using SeleniumManager)...
2026-01-05 08:41:13,406 - INFO - Submitted 4 jobs to thread pool. Waiting up to 300s for completion...
2026-01-05 08:41:13,522 - INFO - Found 45 articles in The Guardian RSS feed. Processing up to 10.
2026-01-05 08:41:13,522 - INFO - [The Guardian] Article: https://www.theguardian.com/world/2026/jan/02/anthony-joshuas-driver-charged-with-dangerous-driving-after-fatal-crash-in-nigeria
2026-01-05 08:41:13,522 - INFO - [The Guardian] Attempt 1/1: Trying with 'requests_browser' strategy...
2026-01-05 08:41:13,550 - INFO - [The Guardian] Success with 'requests_browser'. Found content (346 words).
2026-01-05 08:41:13,584 - INFO - Duplicate article skipped: Anthony Joshua’s driver charged with dangerous driving after fatal crash in Nigeria | Anthony Joshua | The Guardian from The Guardian
2026-01-05 08:41:13,791 - INFO - Found 26 articles in BBC RSS feed. Processing up to 10.
2026-01-05 08:41:13,792 - INFO - [BBC] Article: https://www.bbc.com/news/articles/ckgnxvp477eo?at_medium=RSS&at_campaign=rss
2026-01-05 08:41:13,792 - INFO - [BBC] Attempt 1/1: Trying with 'requests_browser' strategy...
2026-01-05 08:41:14,019 - INFO - [BBC] Success with 'requests_browser'. Found content (1081 words).
2026-01-05 08:41:14,057 - INFO - Duplicate article skipped: Trump warns new Venezuelan leader as Maduro set to appear in court from BBC
2026-01-05 08:41:14,310 - INFO - [The Guardian] Article: https://www.theguardian.com/science/2026/jan/01/cremation-pyre-in-africa-thought-to-be-worlds-oldest-containing-adult-remains
2026-01-05 08:41:14,311 - INFO - [The Guardian] Attempt 1/1: Trying with 'requests_browser' strategy...
2026-01-05 08:41:14,349 - INFO - [The Guardian] Success with 'requests_browser'. Found content (653 words).
2026-01-05 08:41:14,384 - INFO - Duplicate article skipped: Cremation pyre in Africa thought to be world’s oldest containing adult remains | Anthropology | The Guardian from The Guardian
2026-01-05 08:41:14,591 - INFO - [BBC] Article: https://www.bbc.com/news/articles/c5y45nyz124o?at_medium=RSS&at_campaign=rss
2026-01-05 08:41:14,591 - INFO - [BBC] Attempt 1/1: Trying with 'requests_browser' strategy...
2026-01-05 08:41:14,633 - INFO - [BBC] Success with 'requests_browser'. Found content (1478 words).
2026-01-05 08:41:14,671 - INFO - Duplicate article skipped: Trump's Maduro raid could set precedent for authoritarian powers across globe from BBC
2026-01-05 08:41:15,103 - INFO - [The Guardian] Article: https://www.theguardian.com/global-development/2026/jan/01/us-aid-cuts-conditions-un-humanitarian-pledge-ocha
2026-01-05 08:41:15,103 - INFO - [The Guardian] Attempt 1/1: Trying with 'requests_browser' strategy...
2026-01-05 08:41:15,129 - INFO - [The Guardian] Success with 'requests_browser'. Found content (631 words).
2026-01-05 08:41:15,165 - INFO - Duplicate article skipped: US ‘adapt, shrink or die’ terms for $2bn aid pot will mean UN bowing down to Washington, say experts | Aid | The Guardian from The Guardian
2026-01-05 08:41:15,754 - INFO - [BBC] Article: https://www.bbc.com/news/articles/cj9r0eyw0jno?at_medium=RSS&at_campaign=rss
2026-01-05 08:41:15,755 - INFO - [BBC] Attempt 1/1: Trying with 'requests_browser' strategy...
2026-01-05 08:41:15,786 - INFO - [BBC] Success with 'requests_browser'. Found content (425 words).
2026-01-05 08:41:15,833 - INFO - Saved article: Thirty-two Cubans killed during US attack on Venezuela from BBC
2026-01-05 08:41:16,246 - INFO - [The Guardian] Article: https://www.theguardian.com/world/2025/dec/31/guinea-junta-chief-mamady-doumbouya-elected-president-after-opposition-boycott
2026-01-05 08:41:16,246 - INFO - [The Guardian] Attempt 1/1: Trying with 'requests_browser' strategy...
2026-01-05 08:41:16,270 - INFO - [The Guardian] Success with 'requests_browser'. Found content (399 words).
2026-01-05 08:41:16,306 - INFO - Duplicate article skipped: Guinea’s junta chief elected president after opposition boycott | Guinea | The Guardian from The Guardian
2026-01-05 08:41:16,582 - INFO - [BBC] Article: https://www.bbc.com/news/articles/c5yvxnlw1pzo?at_medium=RSS&at_campaign=rss
2026-01-05 08:41:16,582 - INFO - [BBC] Attempt 1/1: Trying with 'requests_browser' strategy...
2026-01-05 08:41:16,623 - INFO - [BBC] Success with 'requests_browser'. Found content (666 words).
2026-01-05 08:41:16,665 - INFO - Duplicate article skipped: From Caracas 'fort' to New York court: Maduro's capture in pictures and maps from BBC
2026-01-05 08:41:17,214 - INFO - [BBC] Article: https://www.bbc.com/news/articles/c3vel0xvlvgo?at_medium=RSS&at_campaign=rss
2026-01-05 08:41:17,214 - INFO - [BBC] Attempt 1/1: Trying with 'requests_browser' strategy...
2026-01-05 08:41:17,244 - INFO - [BBC] Success with 'requests_browser'. Found content (538 words).
2026-01-05 08:41:17,277 - INFO - Duplicate article skipped: Crans-Montana: Police identify all 40 victims of Swiss bar fire from BBC
2026-01-05 08:41:17,383 - INFO - [The Guardian] Article: https://www.theguardian.com/world/2025/dec/30/saudi-arabia-uae-tension-future-yemen-boiling-point
2026-01-05 08:41:17,383 - INFO - [The Guardian] Attempt 1/1: Trying with 'requests_browser' strategy...
2026-01-05 08:41:17,415 - INFO - [The Guardian] Success with 'requests_browser'. Found content (932 words).
2026-01-05 08:41:17,481 - INFO - Duplicate article skipped: Tensions between Saudis and Emiratis over future of Yemen reach boiling point | Yemen | The Guardian from The Guardian
2026-01-05 08:41:18,237 - INFO - [The Guardian] Article: https://www.theguardian.com/world/live/2026/jan/05/venezuela-live-updates-trump-us-interim-president-collaborate
2026-01-05 08:41:18,237 - INFO - [The Guardian] Attempt 1/1: Trying with 'requests_browser' strategy...
2026-01-05 08:41:18,419 - INFO - [The Guardian] Success with 'requests_browser'. Found content (1589 words).
2026-01-05 08:41:18,489 - INFO - Duplicate article skipped: Venezuela live updates: interim president offers to ‘collaborate’ with US after Trump warns of further strikes | Venezuela | The Guardian from The Guardian
2026-01-05 08:41:18,766 - INFO - [BBC] Article: https://www.bbc.com/news/articles/c4g0zg974v1o?at_medium=RSS&at_campaign=rss
2026-01-05 08:41:18,767 - INFO - [BBC] Attempt 1/1: Trying with 'requests_browser' strategy...
2026-01-05 08:41:18,796 - INFO - [BBC] Success with 'requests_browser'. Found content (503 words).
2026-01-05 08:41:18,830 - INFO - Duplicate article skipped: Danish PM tells Trump to stop 'threats' against Greenland from BBC
2026-01-05 08:41:19,169 - INFO - [The Guardian] Article: https://www.theguardian.com/world/2026/jan/04/venezuela-trump-protests-us-cities
2026-01-05 08:41:19,169 - INFO - [The Guardian] Attempt 1/1: Trying with 'requests_browser' strategy...
2026-01-05 08:41:19,270 - INFO - [The Guardian] Success with 'requests_browser'. Found content (491 words).
2026-01-05 08:41:19,316 - INFO - Duplicate article skipped: Protests in US cities over Trump’s military intervention in Venezuela | Venezuela | The Guardian from The Guardian
2026-01-05 08:41:19,418 - INFO - [BBC] Article: https://www.bbc.com/news/articles/c70lw9x581no?at_medium=RSS&at_campaign=rss
2026-01-05 08:41:19,418 - INFO - [BBC] Attempt 1/1: Trying with 'requests_browser' strategy...
2026-01-05 08:41:19,449 - INFO - [BBC] Success with 'requests_browser'. Found content (810 words).
2026-01-05 08:41:19,486 - INFO - Duplicate article skipped: South Korea's Lee Jae Myung to meet China's Xi from BBC
2026-01-05 08:41:20,514 - INFO - [BBC] Article: https://www.bbc.com/news/articles/c78v984ywgeo?at_medium=RSS&at_campaign=rss
2026-01-05 08:41:20,514 - INFO - [BBC] Attempt 1/1: Trying with 'requests_browser' strategy...
2026-01-05 08:41:20,541 - INFO - [BBC] Success with 'requests_browser'. Found content (352 words).
2026-01-05 08:41:20,577 - INFO - Duplicate article skipped: Berlin power cut: Activist group says it was behind fire that cut electricity supply from BBC
2026-01-05 08:41:20,696 - INFO - [The Guardian] Article: https://www.theguardian.com/world/2026/jan/04/us-running-venezuela-now-seems-less-likely-but-second-intervention-possible
2026-01-05 08:41:20,697 - INFO - [The Guardian] Attempt 1/1: Trying with 'requests_browser' strategy...
2026-01-05 08:41:20,803 - INFO - [The Guardian] Success with 'requests_browser'. Found content (1468 words).
2026-01-05 08:41:20,852 - INFO - Duplicate article skipped: Donald Trump warns of ‘big price to pay’ if Caracas fails to toe line | Venezuela | The Guardian from The Guardian
2026-01-05 08:41:21,651 - INFO - Selenium driver initialized successfully.
2026-01-05 08:41:21,651 - INFO - Starting scrape for The Hindu RSS feed: https://www.thehindu.com/news/national/feeder/default.rss
2026-01-05 08:41:21,652 - INFO - Selenium driver initialized successfully.
2026-01-05 08:41:21,652 - INFO - Starting scrape for Times of India RSS feed: https://timesofindia.indiatimes.com/rssfeeds/296589292.cms
2026-01-05 08:41:21,851 - INFO - Found 20 articles in Times of India RSS feed. Processing up to 10.
2026-01-05 08:41:21,851 - INFO - [Times of India] Article: https://timesofindia.indiatimes.com/world/middle-east/uae-weather-forecast-cooler-temperatures-partly-cloudy-skies-and-possibility-of-light-rain/articleshow/126345020.cms
2026-01-05 08:41:21,851 - INFO - [Times of India] Attempt 1/1: Trying with 'selenium_browser' strategy...
2026-01-05 08:41:21,857 - INFO - Found 100 articles in The Hindu RSS feed. Processing up to 10.
2026-01-05 08:41:21,858 - INFO - [The Hindu] Article: https://www.thehindu.com/news/national/west-bengal/1-killed-2-injured-as-portion-of-buildings-ceiling-collapses-in-kolkatas-park-circus/article70473373.ece
2026-01-05 08:41:21,858 - INFO - [The Hindu] Attempt 1/1: Trying with 'selenium_browser' strategy...
2026-01-05 08:41:21,886 - INFO - [The Guardian] Article: https://www.theguardian.com/world/2026/jan/05/monday-briefing-why-the-us-moved-to-oust-venezuelas-president
2026-01-05 08:41:21,886 - INFO - [The Guardian] Attempt 1/1: Trying with 'requests_browser' strategy...
2026-01-05 08:41:21,923 - INFO - [The Guardian] Success with 'requests_browser'. Found content (2449 words).
2026-01-05 08:41:21,973 - INFO - Saved article: Monday briefing: Why the US moved to oust Venezuela’s president | Venezuela | The Guardian from The Guardian
2026-01-05 08:41:22,065 - INFO - [BBC] Article: https://www.bbc.com/news/articles/czx1rpxzyx9o?at_medium=RSS&at_campaign=rss
2026-01-05 08:41:22,065 - INFO - [BBC] Attempt 1/1: Trying with 'requests_browser' strategy...
2026-01-05 08:41:22,115 - INFO - [BBC] Success with 'requests_browser'. Found content (839 words).
2026-01-05 08:41:22,170 - INFO - Duplicate article skipped: World leaders react to US capture of Venezuelan leader Nicolás Maduro from BBC
2026-01-05 08:41:22,980 - INFO - [BBC] Article: https://www.bbc.com/news/articles/ckgl7k91nl8o?at_medium=RSS&at_campaign=rss
2026-01-05 08:41:22,980 - INFO - [BBC] Attempt 1/1: Trying with 'requests_browser' strategy...
2026-01-05 08:41:23,017 - INFO - [BBC] Success with 'requests_browser'. Found content (815 words).
2026-01-05 08:41:23,083 - INFO - Duplicate article skipped: Who is Cilia Flores, Venezuela's first lady captured by the US? from BBC
2026-01-05 08:41:23,360 - INFO - [The Guardian] Article: https://www.theguardian.com/world/live/2026/jan/04/nicolas-maduro-jailed-us-attack-venezuela-donald-trump-reaction-latest-news-updates-live
2026-01-05 08:41:23,361 - INFO - [The Guardian] Attempt 1/1: Trying with 'requests_browser' strategy...
2026-01-05 08:41:23,544 - INFO - [The Guardian] Success with 'requests_browser'. Found content (2468 words).
2026-01-05 08:41:23,813 - INFO - Duplicate article skipped: Trump threatens Colombia with military action – as it happened | Venezuela | The Guardian from The Guardian
2026-01-05 08:41:25,700 - INFO - [The Hindu] Page content loaded.
2026-01-05 08:41:25,904 - INFO - [The Hindu] Success with 'selenium_browser'. Found content (183 words).
2026-01-05 08:41:26,089 - INFO - Saved article: 1 killed, 2 injured as portion of building's ceiling collapses in Kolkata's Park Circus - The Hindu from The Hindu
2026-01-05 08:41:27,245 - INFO - [The Hindu] Article: https://www.thehindu.com/news/national/karnataka/11-monkeys-found-dead-in-tumakauru-forest-area-viscera-sent-for-lab-tests/article70473368.ece
2026-01-05 08:41:27,246 - INFO - [The Hindu] Attempt 1/1: Trying with 'selenium_browser' strategy...
2026-01-05 08:41:33,969 - INFO - [The Hindu] Page content loaded.
2026-01-05 08:41:34,128 - INFO - [The Hindu] Success with 'selenium_browser'. Found content (232 words).
2026-01-05 08:41:34,393 - INFO - Saved article: 11 monkeys found dead in Tumakauru forest area in suspected case of poisoning, viscera sent for lab tests - The Hindu from The Hindu
2026-01-05 08:41:35,467 - INFO - [The Hindu] Article: https://www.thehindu.com/news/national/andhra-pradesh/nri-couple-from-palakol-dies-in-road-accident-in-us/article70473267.ece
2026-01-05 08:41:35,467 - INFO - [The Hindu] Attempt 1/1: Trying with 'selenium_browser' strategy...
2026-01-05 08:41:40,286 - INFO - [The Hindu] Page content loaded.
2026-01-05 08:41:40,396 - INFO - [The Hindu] Success with 'selenium_browser'. Found content (161 words).
2026-01-05 08:41:40,469 - INFO - Saved article: NRI couple from Palakol dies in road accident in U.S. - The Hindu from The Hindu
2026-01-05 08:41:41,332 - INFO - [The Hindu] Article: https://www.thehindu.com/news/national/kerala/bjp-councillor-r-sreelekha-says-thiruvananthapuram-mayor-post-was-promised-to-her-but-overlooked-at-last-minute/article70473319.ece
2026-01-05 08:41:41,332 - INFO - [The Hindu] Attempt 1/1: Trying with 'selenium_browser' strategy...
2026-01-05 08:41:42,097 - INFO - [The Hindu] Page content loaded.
2026-01-05 08:41:42,293 - INFO - [The Hindu] Success with 'selenium_browser'. Found content (325 words).
2026-01-05 08:41:42,382 - INFO - Saved article: BJP councillor R. Sreelekha says Thiruvananthapuram Mayor’s post was promised to her, but overlooked at last minute - The Hindu from The Hindu
2026-01-05 08:41:43,089 - INFO - [The Hindu] Article: https://www.thehindu.com/news/national/tamil-nadu/madras-high-court-dismisses-cases-filed-by-minister-i-periyasamy-family-against-ed-proceedings/article70473241.ece
2026-01-05 08:41:43,089 - INFO - [The Hindu] Attempt 1/1: Trying with 'selenium_browser' strategy...
2026-01-05 08:41:44,426 - INFO - [The Hindu] Page content loaded.
2026-01-05 08:41:44,499 - INFO - [The Hindu] Success with 'selenium_browser'. Found content (238 words).
2026-01-05 08:41:44,597 - INFO - Saved article: Madras High Court dismisses cases filed by Minister I. Periyasamy, family against ED proceedings - The Hindu from The Hindu
2026-01-05 08:41:45,270 - INFO - [The Hindu] Article: https://www.thehindu.com/news/national/andhra-pradesh/union-minister-manohar-lal-appreciates-aps-progress-in-implementing-energy-efficiency-programs/article70473047.ece
2026-01-05 08:41:45,270 - INFO - [The Hindu] Attempt 1/1: Trying with 'selenium_browser' strategy...
2026-01-05 08:41:46,559 - INFO - [The Hindu] Page content loaded.
2026-01-05 08:41:46,633 - INFO - [The Hindu] Success with 'selenium_browser'. Found content (214 words).
2026-01-05 08:41:46,717 - INFO - Saved article: Union Minister Manohar Lal appreciates AP’s progress in implementing energy efficiency programs - The Hindu from The Hindu
2026-01-05 08:41:47,813 - INFO - [The Hindu] Article: https://www.thehindu.com/news/national/gujarat/pm-modi-to-visit-somnath-temple-on-january-11/article70473297.ece
2026-01-05 08:41:47,813 - INFO - [The Hindu] Attempt 1/1: Trying with 'selenium_browser' strategy...
2026-01-05 08:41:49,575 - INFO - [The Hindu] Page content loaded.
2026-01-05 08:41:49,633 - INFO - [The Hindu] Success with 'selenium_browser'. Found content (134 words).
2026-01-05 08:41:49,732 - INFO - Saved article: PM Modi to visit Somnath Temple for ‘Swabhiman Parv’ celebration on January 11 - The Hindu from The Hindu
2026-01-05 08:41:50,763 - INFO - [The Hindu] Article: https://www.thehindu.com/news/national/supreme-court-signs-mou-with-bhutan-apex-court-for-exchange-of-law-clerks-says-cji-surya-kant/article70473131.ece
2026-01-05 08:41:50,764 - INFO - [The Hindu] Attempt 1/1: Trying with 'selenium_browser' strategy...
2026-01-05 08:41:52,188 - INFO - [The Hindu] Page content loaded.
2026-01-05 08:41:52,245 - INFO - [The Hindu] Success with 'selenium_browser'. Found content (213 words).
2026-01-05 08:41:52,304 - INFO - Saved article: Supreme Court signs MoU with Bhutan apex court for exchange of law clerks, says CJI Surya Kant - The Hindu from The Hindu
2026-01-05 08:41:53,084 - INFO - [The Hindu] Article: https://www.thehindu.com/news/national/delhi-riots-case-supreme-court-denies-bail-to-umar-khalid-sharjeel-imam-grants-relief-to-five-co-accused/article70471723.ece
2026-01-05 08:41:53,084 - INFO - [The Hindu] Attempt 1/1: Trying with 'selenium_browser' strategy...
2026-01-05 08:41:54,035 - INFO - [The Hindu] Page content loaded.
2026-01-05 08:41:54,178 - INFO - [The Hindu] Success with 'selenium_browser'. Found content (650 words).
2026-01-05 08:41:54,282 - INFO - Saved article: Delhi riots case: Supreme Court denies bail to Umar Khalid, Sharjeel Imam, grants relief to five co-accused - The Hindu from The Hindu
2026-01-05 08:41:55,413 - INFO - [The Hindu] Article: https://www.thehindu.com/news/national/karnataka/banks-speed-up-response-time-but-technical-shortcomings-continue-to-fuel-cybercrimes/article70449253.ece
2026-01-05 08:41:55,413 - INFO - [The Hindu] Attempt 1/1: Trying with 'selenium_browser' strategy...
2026-01-05 08:41:57,964 - INFO - [The Hindu] Page content loaded.
2026-01-05 08:41:58,047 - INFO - [The Hindu] Success with 'selenium_browser'. Found content (559 words).
2026-01-05 08:41:58,131 - INFO - Saved article: Banks speed up response time, but technical shortcomings continue to fuel cybercrimes - The Hindu from The Hindu
2026-01-05 08:41:59,041 - INFO - [The Hindu] (Thread) Finished. Attempting to shut down its Selenium driver.
2026-01-05 08:41:59,239 - INFO - [The Hindu] (Thread) driver.quit() successful.
2026-01-05 08:43:21,903 - ERROR - [Times of India] Request failed for strategy 'selenium_browser' on URL https://timesofindia.indiatimes.com/world/middle-east/uae-weather-forecast-cooler-temperatures-partly-cloudy-skies-and-possibility-of-light-rain/articleshow/126345020.cms: HTTPConnectionPool(host='localhost', port=56151): Read timed out. (read timeout=120)
2026-01-05 08:43:21,903 - ERROR - [Times of India] All scrape strategies failed for https://timesofindia.indiatimes.com/world/middle-east/uae-weather-forecast-cooler-temperatures-partly-cloudy-skies-and-possibility-of-light-rain/articleshow/126345020.cms. Falling back to RSS description.
2026-01-05 08:43:21,904 - INFO - Saved article: UAE weather Forecast: Cooler temperatures, partly cloudy skies and possibility of light rain from Times of India
2026-01-05 08:43:22,562 - INFO - [Times of India] Article: https://timesofindia.indiatimes.com/world/middle-east/saudi-arabia-rolls-out-new-saudization-rules-with-sar-8000-wage-for-engineers/articleshow/126345147.cms
2026-01-05 08:43:22,562 - INFO - [Times of India] Attempt 1/1: Trying with 'selenium_browser' strategy...
2026-01-05 08:45:22,597 - ERROR - [Times of India] Request failed for strategy 'selenium_browser' on URL https://timesofindia.indiatimes.com/world/middle-east/saudi-arabia-rolls-out-new-saudization-rules-with-sar-8000-wage-for-engineers/articleshow/126345147.cms: HTTPConnectionPool(host='localhost', port=56151): Read timed out. (read timeout=120)
2026-01-05 08:45:22,598 - ERROR - [Times of India] All scrape strategies failed for https://timesofindia.indiatimes.com/world/middle-east/saudi-arabia-rolls-out-new-saudization-rules-with-sar-8000-wage-for-engineers/articleshow/126345147.cms. Falling back to RSS description.
2026-01-05 08:45:22,599 - INFO - Saved article: Saudi Arabia rolls out new saudization rules with SAR 8,000 wage for engineers from Times of India
2026-01-05 08:45:23,445 - INFO - [Times of India] Article: https://timesofindia.indiatimes.com/world/middle-east/kuwait-education-ministry-suspends-two-teachers-over-exam-leak-indecent-conduct/articleshow/126346284.cms
2026-01-05 08:45:23,446 - INFO - [Times of India] Attempt 1/1: Trying with 'selenium_browser' strategy...
2026-01-05 08:46:13,406 - CRITICAL - --- TIMEOUT: 1 scrape jobs did not complete in 300s. ---
2026-01-05 08:46:13,406 - ERROR - A thread has timed out and will be abandoned.
2026-01-05 08:46:13,406 - INFO - Shutting down thread pool (wait=False)...
2026-01-05 08:46:13,406 - INFO - Scraped: 1 BBC, 10 The Hindu, 1 The Guardian, 1 Timed_Out_Jobs articles. (Total saved: 12)
2026-01-05 08:46:13,406 - INFO - --- Scraping job finished ---
2026-01-05 08:46:13,407 - INFO - --- Scraper service stopped and database connection closed. ---
2026-01-05 08:46:13,407 - INFO - --- Main thread finished. Forcing process exit to kill zombie threads. ---
