2026-02-07 22:32:49,770 - INFO - Initializing database connection at: news_articles.db
2026-02-07 22:32:49,770 - INFO - --- Scraper service started (CI Mode: Run Once) ---
2026-02-07 22:32:49,770 - INFO - --- Starting new scraping job (Parallel Mode) ---
2026-02-07 22:32:49,770 - INFO - Creating new robust session with 3 retries on 5xx/connection/read errors.
2026-02-07 22:32:49,770 - INFO - Proxy is DISABLED.
2026-02-07 22:32:49,771 - INFO - Starting scrape for BBC RSS feed: http://feeds.bbci.co.uk/news/world/rss.xml
2026-02-07 22:32:49,771 - INFO - [Times of India] (Thread) requires Selenium. Initializing driver...
2026-02-07 22:32:49,771 - INFO - Initializing headless Selenium Chrome driver (using SeleniumManager)...
2026-02-07 22:32:49,771 - INFO - Starting scrape for The Guardian RSS feed: https://www.theguardian.com/world/rss
2026-02-07 22:32:49,772 - INFO - [The Hindu] (Thread) requires Selenium. Initializing driver...
2026-02-07 22:32:49,772 - INFO - Initializing headless Selenium Chrome driver (using SeleniumManager)...
2026-02-07 22:32:49,772 - INFO - Submitted 4 jobs to thread pool. Waiting up to 300s for completion...
2026-02-07 22:32:49,856 - INFO - Found 45 articles in The Guardian RSS feed. Processing up to 10.
2026-02-07 22:32:49,857 - INFO - [The Guardian] Article: https://www.theguardian.com/world/2026/feb/07/sudan-rsf-drone-attack-rahad-kills-displaced-people
2026-02-07 22:32:49,857 - INFO - [The Guardian] Attempt 1/1: Trying with 'requests_browser' strategy...
2026-02-07 22:32:49,891 - INFO - [The Guardian] Success with 'requests_browser'. Found content (817 words).
2026-02-07 22:32:49,934 - INFO - Duplicate article skipped: RSF drone attack kills 24 people fleeing fighting in central Sudan, says doctors group | Sudan | The Guardian from The Guardian
2026-02-07 22:32:50,170 - INFO - Found 28 articles in BBC RSS feed. Processing up to 10.
2026-02-07 22:32:50,170 - INFO - [BBC] Article: https://www.bbc.com/news/articles/crkrk567d7zo?at_medium=RSS&at_campaign=rss
2026-02-07 22:32:50,170 - INFO - [BBC] Attempt 1/1: Trying with 'requests_browser' strategy...
2026-02-07 22:32:50,355 - INFO - [BBC] Success with 'requests_browser'. Found content (568 words).
2026-02-07 22:32:50,393 - INFO - Duplicate article skipped: France investigates ex-minister Jack Lang over Epstein links from BBC
2026-02-07 22:32:51,094 - INFO - [The Guardian] Article: https://www.theguardian.com/global-development/2026/feb/07/businesses-close-protest-malawi-tax-changes-electronic-invoicing-system
2026-02-07 22:32:51,094 - INFO - [The Guardian] Attempt 1/1: Trying with 'requests_browser' strategy...
2026-02-07 22:32:51,117 - INFO - [The Guardian] Success with 'requests_browser'. Found content (591 words).
2026-02-07 22:32:51,150 - INFO - Duplicate article skipped: Thousands of Malawi businesses close in protest over tax changes | Global development | The Guardian from The Guardian
2026-02-07 22:32:51,389 - INFO - [BBC] Article: https://www.bbc.com/news/articles/cd0y0y9z231o?at_medium=RSS&at_campaign=rss
2026-02-07 22:32:51,390 - INFO - [BBC] Attempt 1/1: Trying with 'requests_browser' strategy...
2026-02-07 22:32:51,433 - INFO - [BBC] Success with 'requests_browser'. Found content (847 words).
2026-02-07 22:32:51,474 - INFO - Duplicate article skipped: US wants Russia and Ukraine to end war by June, says Zelensky from BBC
2026-02-07 22:32:51,964 - INFO - [The Guardian] Article: https://www.theguardian.com/environment/2026/feb/06/weather-tracker-storm-leonardo-europe-portugal-spain-northern-africa
2026-02-07 22:32:51,964 - INFO - [The Guardian] Attempt 1/1: Trying with 'requests_browser' strategy...
2026-02-07 22:32:51,986 - INFO - [The Guardian] Success with 'requests_browser'. Found content (438 words).
2026-02-07 22:32:52,021 - INFO - Duplicate article skipped: Weather tracker: Storm Leonardo continues to batter Europe and northern Africa | Europe | The Guardian from The Guardian
2026-02-07 22:32:52,638 - INFO - [BBC] Article: https://www.bbc.com/news/articles/cpwnweypgvyo?at_medium=RSS&at_campaign=rss
2026-02-07 22:32:52,638 - INFO - [BBC] Attempt 1/1: Trying with 'requests_browser' strategy...
2026-02-07 22:32:52,675 - INFO - [BBC] Success with 'requests_browser'. Found content (647 words).
2026-02-07 22:32:52,716 - INFO - Duplicate article skipped: General shot in Moscow conscious after surgery, Russian media say from BBC
2026-02-07 22:32:53,379 - INFO - [The Guardian] Article: https://www.theguardian.com/world/2026/feb/05/nigeria-sends-troops-to-villages-attacked-by-jihadist-fighters
2026-02-07 22:32:53,379 - INFO - [The Guardian] Attempt 1/1: Trying with 'requests_browser' strategy...
2026-02-07 22:32:53,405 - INFO - [The Guardian] Success with 'requests_browser'. Found content (663 words).
2026-02-07 22:32:53,440 - INFO - Duplicate article skipped: ‘They killed my sons’: chief of Nigerian village where jihadists massacred hundreds recounts night of terror | Nigeria | The Guardian from The Guardian
2026-02-07 22:32:54,152 - INFO - [BBC] Article: https://www.bbc.com/news/articles/ce8r8y78g10o?at_medium=RSS&at_campaign=rss
2026-02-07 22:32:54,152 - INFO - [BBC] Attempt 1/1: Trying with 'requests_browser' strategy...
2026-02-07 22:32:54,196 - INFO - [BBC] Success with 'requests_browser'. Found content (925 words).
2026-02-07 22:32:54,238 - INFO - Duplicate article skipped: Trump says he 'didn't see' part of video with racist clip depicting Obamas as apes from BBC
2026-02-07 22:32:54,631 - INFO - [The Guardian] Article: https://www.theguardian.com/world/2026/feb/04/gunmen-west-nigeria-attack-red-cross
2026-02-07 22:32:54,631 - INFO - [The Guardian] Attempt 1/1: Trying with 'requests_browser' strategy...
2026-02-07 22:32:54,659 - INFO - [The Guardian] Success with 'requests_browser'. Found content (881 words).
2026-02-07 22:32:54,734 - INFO - Duplicate article skipped: Gunmen kill more than 160 people in attacks on two west Nigeria villages | Nigeria | The Guardian from The Guardian
2026-02-07 22:32:54,830 - INFO - [BBC] Article: https://www.bbc.com/news/articles/cd6w69pj14xo?at_medium=RSS&at_campaign=rss
2026-02-07 22:32:54,830 - INFO - [BBC] Attempt 1/1: Trying with 'requests_browser' strategy...
2026-02-07 22:32:54,863 - INFO - [BBC] Success with 'requests_browser'. Found content (417 words).
2026-02-07 22:32:54,896 - INFO - Duplicate article skipped: Alleged mastermind among four arrested after Pakistan mosque blast from BBC
2026-02-07 22:32:55,495 - INFO - [BBC] Article: https://www.bbc.com/news/articles/czr4rx04xjpo?at_medium=RSS&at_campaign=rss
2026-02-07 22:32:55,495 - INFO - [BBC] Attempt 1/1: Trying with 'requests_browser' strategy...
2026-02-07 22:32:55,526 - INFO - [BBC] Success with 'requests_browser'. Found content (320 words).
2026-02-07 22:32:55,567 - INFO - Duplicate article skipped: Italy says railways hit by 'serious sabotage' as Winter Olympics begin from BBC
2026-02-07 22:32:55,977 - INFO - [The Guardian] Article: https://www.theguardian.com/environment/2026/feb/07/bermuda-snail-thought-to-be-extinct-now-thrives-after-a-decades-effort
2026-02-07 22:32:55,977 - INFO - [The Guardian] Attempt 1/1: Trying with 'requests_browser' strategy...
2026-02-07 22:32:56,000 - INFO - [The Guardian] Success with 'requests_browser'. Found content (436 words).
2026-02-07 22:32:56,036 - INFO - Duplicate article skipped: Bermuda snail thought to be extinct now thrives after a decade’s effort | Wildlife | The Guardian from The Guardian
2026-02-07 22:32:56,691 - INFO - [BBC] Article: https://www.bbc.com/news/articles/cz6y62nzjxxo?at_medium=RSS&at_campaign=rss
2026-02-07 22:32:56,691 - INFO - [BBC] Attempt 1/1: Trying with 'requests_browser' strategy...
2026-02-07 22:32:56,720 - INFO - [BBC] Success with 'requests_browser'. Found content (312 words).
2026-02-07 22:32:56,754 - INFO - Duplicate article skipped: S Korean crypto firm accidentally pays out $40bn in bitcoin from BBC
2026-02-07 22:32:56,956 - INFO - [The Guardian] Article: https://www.theguardian.com/world/2026/feb/07/china-overturns-death-sentence-of-canadian-robert-lloyd-schellenberg-in-sign-of-diplomatic-thaw
2026-02-07 22:32:56,956 - INFO - [The Guardian] Attempt 1/1: Trying with 'requests_browser' strategy...
2026-02-07 22:32:56,978 - INFO - [The Guardian] Success with 'requests_browser'. Found content (526 words).
2026-02-07 22:32:57,016 - INFO - Duplicate article skipped: China overturns death sentence of Canadian in sign of diplomatic thaw | China | The Guardian from The Guardian
2026-02-07 22:32:57,577 - INFO - [BBC] Article: https://www.bbc.com/news/articles/ckgl53zll3jo?at_medium=RSS&at_campaign=rss
2026-02-07 22:32:57,577 - INFO - [BBC] Attempt 1/1: Trying with 'requests_browser' strategy...
2026-02-07 22:32:57,600 - INFO - [The Guardian] Article: https://www.theguardian.com/us-news/2026/feb/06/trump-proclamation-us-imports-argentine-beef
2026-02-07 22:32:57,600 - INFO - [The Guardian] Attempt 1/1: Trying with 'requests_browser' strategy...
2026-02-07 22:32:57,643 - INFO - [The Guardian] Success with 'requests_browser'. Found content (303 words).
2026-02-07 22:32:57,688 - INFO - Duplicate article skipped: Trump signs proclamation to increase US imports of beef from Argentina | Donald Trump | The Guardian from The Guardian
2026-02-07 22:32:57,700 - INFO - [BBC] Success with 'requests_browser'. Found content (1847 words).
2026-02-07 22:32:57,748 - INFO - Duplicate article skipped: Will Sunday's snap election gamble pay off for Japan's first female premier? from BBC
2026-02-07 22:32:58,241 - INFO - [The Guardian] Article: https://www.theguardian.com/world/2026/feb/06/canada-and-france-open-greenland-consulates-in-show-of-denmark-support
2026-02-07 22:32:58,241 - INFO - [The Guardian] Attempt 1/1: Trying with 'requests_browser' strategy...
2026-02-07 22:32:58,271 - INFO - [The Guardian] Success with 'requests_browser'. Found content (352 words).
2026-02-07 22:32:58,318 - INFO - Duplicate article skipped: Canada and France open Greenland consulates in show of Denmark support | Greenland | The Guardian from The Guardian
2026-02-07 22:32:58,583 - INFO - Selenium driver initialized successfully.
2026-02-07 22:32:58,583 - INFO - Starting scrape for The Hindu RSS feed: https://www.thehindu.com/news/national/feeder/default.rss
2026-02-07 22:32:58,584 - INFO - Selenium driver initialized successfully.
2026-02-07 22:32:58,584 - INFO - Starting scrape for Times of India RSS feed: https://timesofindia.indiatimes.com/rssfeeds/296589292.cms
2026-02-07 22:32:58,808 - INFO - Found 100 articles in The Hindu RSS feed. Processing up to 10.
2026-02-07 22:32:58,808 - INFO - [The Hindu] Article: https://www.thehindu.com/news/national/interests-of-indian-farmers-completely-protected-in-indo-us-trade-deal-shivraj-singh-chouhan/article70604733.ece
2026-02-07 22:32:58,809 - INFO - [The Hindu] Attempt 1/1: Trying with 'selenium_browser' strategy...
2026-02-07 22:32:58,878 - INFO - Found 20 articles in Times of India RSS feed. Processing up to 10.
2026-02-07 22:32:58,878 - INFO - [Times of India] Article: https://timesofindia.indiatimes.com/world/us/did-tony-hawks-wedding-take-place-on-jeffrey-epsteins-island-skateboarding-legend-responds/articleshow/128048670.cms
2026-02-07 22:32:58,878 - INFO - [Times of India] Attempt 1/1: Trying with 'selenium_browser' strategy...
2026-02-07 22:32:59,244 - INFO - [BBC] Article: https://www.bbc.com/news/articles/c0q4q7w237yo?at_medium=RSS&at_campaign=rss
2026-02-07 22:32:59,244 - INFO - [BBC] Attempt 1/1: Trying with 'requests_browser' strategy...
2026-02-07 22:32:59,292 - INFO - [BBC] Success with 'requests_browser'. Found content (436 words).
2026-02-07 22:32:59,351 - INFO - Duplicate article skipped: Colorado funeral home director sentenced to 40 years for abusing corpses from BBC
2026-02-07 22:32:59,352 - INFO - [The Guardian] Article: https://www.theguardian.com/world/2026/feb/05/trump-cuba-us-talks
2026-02-07 22:32:59,352 - INFO - [The Guardian] Attempt 1/1: Trying with 'requests_browser' strategy...
2026-02-07 22:32:59,386 - INFO - [The Guardian] Success with 'requests_browser'. Found content (529 words).
2026-02-07 22:32:59,440 - INFO - Duplicate article skipped: Cuba open to talks with US ‘without pressure’ after months of Trump threats | Cuba | The Guardian from The Guardian
2026-02-07 22:33:00,097 - INFO - [BBC] Article: https://www.bbc.com/news/articles/cq5y5w2z344o?at_medium=RSS&at_campaign=rss
2026-02-07 22:33:00,097 - INFO - [BBC] Attempt 1/1: Trying with 'requests_browser' strategy...
2026-02-07 22:33:00,151 - INFO - [BBC] Success with 'requests_browser'. Found content (482 words).
2026-02-07 22:33:00,218 - INFO - Duplicate article skipped: Fugu feud: Zambians and Ghanaians clash on social media over president's outfit from BBC
2026-02-07 22:33:03,023 - INFO - [The Hindu] Page content loaded.
2026-02-07 22:33:03,252 - INFO - [The Hindu] Success with 'selenium_browser'. Found content (368 words).
2026-02-07 22:33:03,924 - INFO - Saved article: Interests of Indian farmers ‘completely protected’ in Indo-U.S. trade deal: Shivraj Singh Chouhan - The Hindu from The Hindu
2026-02-07 22:33:05,024 - INFO - [The Hindu] Article: https://www.thehindu.com/news/national/west-bengal/bengal-cm-stole-limelight-despite-me-being-original-petitioner-cpims-mostari-banu/article70604906.ece
2026-02-07 22:33:05,024 - INFO - [The Hindu] Attempt 1/1: Trying with 'selenium_browser' strategy...
2026-02-07 22:33:08,470 - INFO - [The Hindu] Page content loaded.
2026-02-07 22:33:08,828 - INFO - [The Hindu] Success with 'selenium_browser'. Found content (356 words).
2026-02-07 22:33:09,033 - INFO - Saved article: Bengal CM stole limelight, despite me being original petitioner: CPI(M)’s Mostari Banu - The Hindu from The Hindu
2026-02-07 22:33:10,175 - INFO - [The Hindu] Article: https://www.thehindu.com/sci-tech/health/how-is-india-tackling-the-mental-health-crisis-explained/article70605025.ece
2026-02-07 22:33:10,175 - INFO - [The Hindu] Attempt 1/1: Trying with 'selenium_browser' strategy...
2026-02-07 22:33:13,562 - INFO - [The Hindu] Page content loaded.
2026-02-07 22:33:13,914 - INFO - [The Hindu] Success with 'selenium_browser'. Found content (735 words).
2026-02-07 22:33:14,051 - INFO - Saved article: How is India tackling mental health crisis? | Explained - The Hindu from The Hindu
2026-02-07 22:33:14,889 - INFO - [The Hindu] Article: https://www.thehindu.com/news/national/why-is-the-dreamliner-fuel-system-under-watch-explained/article70604992.ece
2026-02-07 22:33:14,889 - INFO - [The Hindu] Attempt 1/1: Trying with 'selenium_browser' strategy...
2026-02-07 22:33:22,123 - INFO - [The Hindu] Page content loaded.
2026-02-07 22:33:22,404 - INFO - [The Hindu] Success with 'selenium_browser'. Found content (939 words).
2026-02-07 22:33:22,763 - INFO - Saved article: Why is Dreamliner’s fuel system under watch? | Explained - The Hindu from The Hindu
2026-02-07 22:33:23,539 - INFO - [The Hindu] Article: https://www.thehindu.com/news/national/stephen-miller-the-anti-immigration-czar/article70605054.ece
2026-02-07 22:33:23,539 - INFO - [The Hindu] Attempt 1/1: Trying with 'selenium_browser' strategy...
2026-02-07 22:33:35,436 - INFO - [The Hindu] Page content loaded.
2026-02-07 22:33:35,547 - INFO - [The Hindu] Success with 'selenium_browser'. Found content (638 words).
2026-02-07 22:33:35,754 - INFO - Duplicate article skipped: Stephen Miller | The anti-immigration czar - The Hindu from The Hindu
2026-02-07 22:33:37,124 - INFO - [The Hindu] Article: https://www.thehindu.com/news/national/gujarat/gujarat-cm-lays-foundation-stone-for-first-phase-of-shakti-corridor/article70604276.ece
2026-02-07 22:33:37,124 - INFO - [The Hindu] Attempt 1/1: Trying with 'selenium_browser' strategy...
2026-02-07 22:33:39,413 - INFO - [The Hindu] Page content loaded.
2026-02-07 22:33:39,484 - INFO - [The Hindu] Success with 'selenium_browser'. Found content (433 words).
2026-02-07 22:33:39,554 - INFO - Duplicate article skipped: Gujarat CM lays foundation stone for first phase of Shakti Corridor - The Hindu from The Hindu
2026-02-07 22:33:40,572 - INFO - [The Hindu] Article: https://www.thehindu.com/news/national/bihar/purnea-mp-arrested-in-31-year-old-case-sent-to-two-day-judicial-custody/article70603723.ece
2026-02-07 22:33:40,572 - INFO - [The Hindu] Attempt 1/1: Trying with 'selenium_browser' strategy...
2026-02-07 22:33:42,930 - INFO - [The Hindu] Page content loaded.
2026-02-07 22:33:42,996 - INFO - [The Hindu] Success with 'selenium_browser'. Found content (471 words).
2026-02-07 22:33:43,063 - INFO - Duplicate article skipped: Purnea MP arrested in 31-year-old case, sent to two-day judicial custody - The Hindu from The Hindu
2026-02-07 22:33:44,211 - INFO - [Times of India] Page content loaded.
2026-02-07 22:33:44,474 - INFO - [The Hindu] Article: https://www.thehindu.com/news/national/yumnam-khemchand-singh-crisis-time-cm/article70605063.ece
2026-02-07 22:33:44,474 - INFO - [The Hindu] Attempt 1/1: Trying with 'selenium_browser' strategy...
2026-02-07 22:33:44,642 - INFO - [Times of India] Success with 'selenium_browser'. Found content (554 words).
2026-02-07 22:33:44,835 - INFO - Saved article: Did Tony Hawk’s wedding take place on Jeffrey Epstein’s island? Skateboarding legend responds | World News - The Times of India from Times of India
2026-02-07 22:33:45,712 - INFO - [Times of India] Article: https://timesofindia.indiatimes.com/world/us/mixed-emotions-team-usa-skier-hunter-hess-says-wearing-the-flag-doesnt-mean-backing-all-us-policies-sparks-olympic-boycott-calls/articleshow/128045730.cms
2026-02-07 22:33:45,712 - INFO - [Times of India] Attempt 1/1: Trying with 'selenium_browser' strategy...
2026-02-07 22:33:46,919 - INFO - [Times of India] Page content loaded.
2026-02-07 22:33:47,135 - INFO - [Times of India] Success with 'selenium_browser'. Found content (422 words).
2026-02-07 22:33:47,376 - INFO - Saved article: ‘Mixed emotions’: Team USA skier Hunter Hess says wearing the flag doesn’t mean backing all US policies, sparks Olympic boycott calls - The Times of India from Times of India
2026-02-07 22:33:47,403 - INFO - [The Hindu] Page content loaded.
2026-02-07 22:33:47,579 - INFO - [The Hindu] Success with 'selenium_browser'. Found content (839 words).
2026-02-07 22:33:47,755 - INFO - Duplicate article skipped: Yumnam Khemchand Singh | Crisis-time CM - The Hindu from The Hindu
2026-02-07 22:33:48,067 - INFO - [Times of India] Article: https://timesofindia.indiatimes.com/world/us-streamers/twitch-star-emiru-shares-thoughts-on-female-streamers-copying-her-style/articleshow/128046160.cms
2026-02-07 22:33:48,068 - INFO - [Times of India] Attempt 1/1: Trying with 'selenium_browser' strategy...
2026-02-07 22:33:48,849 - INFO - [The Hindu] Article: https://www.thehindu.com/news/national/karnataka/vaishnaw-tours-semicon-and-chip-firms-in-bengaluru/article70605115.ece
2026-02-07 22:33:48,849 - INFO - [The Hindu] Attempt 1/1: Trying with 'selenium_browser' strategy...
2026-02-07 22:33:49,334 - INFO - [Times of India] Page content loaded.
2026-02-07 22:33:49,484 - INFO - [Times of India] Success with 'selenium_browser'. Found content (394 words).
2026-02-07 22:33:49,567 - INFO - Duplicate article skipped: Twitch star Emiru shares thoughts on female streamers copying her style - The Times of India from Times of India
2026-02-07 22:33:49,864 - INFO - [The Hindu] Page content loaded.
2026-02-07 22:33:49,969 - INFO - [The Hindu] Success with 'selenium_browser'. Found content (400 words).
2026-02-07 22:33:50,087 - INFO - Duplicate article skipped: Vaishnaw tours semicon and chip firms in Bengaluru - The Hindu from The Hindu
2026-02-07 22:33:50,789 - INFO - [The Hindu] Article: https://www.thehindu.com/news/national/karnataka/proposed-bill-on-menstrual-leave-in-karnataka-put-on-the-back-burner/article70600989.ece
2026-02-07 22:33:50,790 - INFO - [The Hindu] Attempt 1/1: Trying with 'selenium_browser' strategy...
2026-02-07 22:33:51,027 - INFO - [Times of India] Article: https://timesofindia.indiatimes.com/world/us-streamers/twitch-streamer-bisscute-hospitalized-after-katana-accident-on-live-stream/articleshow/128047086.cms
2026-02-07 22:33:51,027 - INFO - [Times of India] Attempt 1/1: Trying with 'selenium_browser' strategy...
2026-02-07 22:33:55,108 - INFO - [The Hindu] Page content loaded.
2026-02-07 22:33:55,272 - INFO - [The Hindu] Success with 'selenium_browser'. Found content (646 words).
2026-02-07 22:33:55,434 - INFO - Duplicate article skipped: Proposed Bill on menstrual leave in Karnataka put on the back burner - The Hindu from The Hindu
2026-02-07 22:33:56,656 - INFO - [The Hindu] (Thread) Finished. Attempting to shut down its Selenium driver.
2026-02-07 22:33:56,784 - INFO - [Times of India] Page content loaded.
2026-02-07 22:33:56,876 - INFO - [The Hindu] (Thread) driver.quit() successful.
2026-02-07 22:33:57,051 - INFO - [Times of India] Success with 'selenium_browser'. Found content (419 words).
2026-02-07 22:33:57,152 - INFO - Duplicate article skipped: Twitch streamer Bisscute hospitalized after katana accident on live stream - The Times of India from Times of India
2026-02-07 22:33:58,408 - INFO - [Times of India] Article: https://timesofindia.indiatimes.com/etimes/trending/uk-rapper-central-cee-confirms-conversion-to-islam-and-reveals-new-name-during-livestream/articleshow/128035937.cms
2026-02-07 22:33:58,408 - INFO - [Times of India] Attempt 1/1: Trying with 'selenium_browser' strategy...
2026-02-07 22:34:10,410 - WARNING - [Times of India] Page timed out (10s). No <p> tags found. Proceeding anyway.
2026-02-07 22:34:10,516 - INFO - [Times of India] Success with 'selenium_browser'. Found content (694 words).
2026-02-07 22:34:10,583 - INFO - Duplicate article skipped: UK rapper Central Cee confirms conversion to Islam and reveals new name during livestream | - The Times of India from Times of India
2026-02-07 22:34:11,166 - INFO - [Times of India] Article: https://timesofindia.indiatimes.com/world/rest-of-world/indian-origin-man-cheats-singapore-woman-of-rs-1-6-crore-dupes-her-into-57-payments-claiming-to-buy-video-games/articleshow/128043903.cms
2026-02-07 22:34:11,166 - INFO - [Times of India] Attempt 1/1: Trying with 'selenium_browser' strategy...
2026-02-07 22:34:12,485 - INFO - [Times of India] Page content loaded.
2026-02-07 22:34:12,604 - INFO - [Times of India] Success with 'selenium_browser'. Found content (353 words).
2026-02-07 22:34:12,661 - INFO - Duplicate article skipped: Indian-origin man cheats Singapore woman of Rs 1.6 crore, dupes her into 57 payments claiming to buy video games - The Times of India from Times of India
2026-02-07 22:34:14,156 - INFO - [Times of India] Article: https://timesofindia.indiatimes.com/world/uk/ofcom-revokes-tv-licences-of-overseas-friends-of-bjp-uk-president/articleshow/128045467.cms
2026-02-07 22:34:14,156 - INFO - [Times of India] Attempt 1/1: Trying with 'selenium_browser' strategy...
2026-02-07 22:34:25,223 - WARNING - [Times of India] Page timed out (10s). No <p> tags found. Proceeding anyway.
2026-02-07 22:34:25,388 - INFO - [Times of India] Success with 'selenium_browser'. Found content (392 words).
2026-02-07 22:34:25,547 - INFO - Duplicate article skipped: Ofcom revokes TV licences of Overseas Friends of BJP (UK) president - The Times of India from Times of India
2026-02-07 22:34:26,821 - INFO - [Times of India] Article: https://timesofindia.indiatimes.com/world/uk/uk-considers-targeting-russias-shadow-fleet-in-new-escalation-against-moscow/articleshow/128043502.cms
2026-02-07 22:34:26,821 - INFO - [Times of India] Attempt 1/1: Trying with 'selenium_browser' strategy...
2026-02-07 22:34:27,668 - INFO - [Times of India] Page content loaded.
2026-02-07 22:34:27,764 - INFO - [Times of India] Success with 'selenium_browser'. Found content (987 words).
2026-02-07 22:34:27,819 - INFO - Duplicate article skipped: UK considers targeting Russia’s ‘shadow fleet’ in new escalation against Moscow - The Times of India from Times of India
2026-02-07 22:34:28,647 - INFO - [Times of India] Article: https://timesofindia.indiatimes.com/world/us/worst-thing-ive-ever-seen-eyewitness-recalls-horror-as-skier-dies-on-expert-run-at-11000-foot-california-peak/articleshow/128044318.cms
2026-02-07 22:34:28,647 - INFO - [Times of India] Attempt 1/1: Trying with 'selenium_browser' strategy...
2026-02-07 22:34:29,116 - INFO - [Times of India] Page content loaded.
2026-02-07 22:34:29,278 - INFO - [Times of India] Success with 'selenium_browser'. Found content (225 words).
2026-02-07 22:34:29,333 - INFO - Duplicate article skipped: ‘Worst thing i’ve ever seen’: Eyewitness recalls horror as skier dies on expert run at 11,000-foot California peak - The Times of India from Times of India
2026-02-07 22:34:30,317 - INFO - [Times of India] Article: https://timesofindia.indiatimes.com/world/us/nancy-guthries-kidnapping-case-trump-says-feds-have-strong-clues-and-answers-coming-up-soon/articleshow/128037553.cms
2026-02-07 22:34:30,318 - INFO - [Times of India] Attempt 1/1: Trying with 'selenium_browser' strategy...
2026-02-07 22:34:31,639 - INFO - [Times of India] Page content loaded.
2026-02-07 22:34:31,769 - INFO - [Times of India] Success with 'selenium_browser'. Found content (179 words).
2026-02-07 22:34:31,833 - INFO - Duplicate article skipped: Nancy Guthrie's kidnapping case: Trump says 'feds have strong clues and answers coming up soon' - The Times of India from Times of India
2026-02-07 22:34:32,534 - INFO - [Times of India] (Thread) Finished. Attempting to shut down its Selenium driver.
2026-02-07 22:34:32,738 - INFO - [Times of India] (Thread) driver.quit() successful.
2026-02-07 22:34:32,738 - INFO - Shutting down thread pool (wait=False)...
2026-02-07 22:34:32,739 - INFO - Scraped: 2 Times of India, 0 The Guardian, 4 The Hindu, 0 BBC articles. (Total saved: 6)
2026-02-07 22:34:32,739 - INFO - --- Scraping job finished ---
2026-02-07 22:34:32,745 - INFO - --- Scraper service stopped and database connection closed. ---
2026-02-07 22:34:32,745 - INFO - --- Main thread finished. Forcing process exit to kill zombie threads. ---
