2025-12-13 18:33:23,494 - INFO - Initializing database connection at: news_articles.db
2025-12-13 18:33:23,494 - INFO - --- Scraper service started (CI Mode: Run Once) ---
2025-12-13 18:33:23,494 - INFO - --- Starting new scraping job (Parallel Mode) ---
2025-12-13 18:33:23,494 - INFO - Creating new robust session with 3 retries on 5xx/connection/read errors.
2025-12-13 18:33:23,495 - INFO - Proxy is DISABLED.
2025-12-13 18:33:23,495 - INFO - Starting scrape for BBC RSS feed: http://feeds.bbci.co.uk/news/world/rss.xml
2025-12-13 18:33:23,495 - INFO - [Times of India] (Thread) requires Selenium. Initializing driver...
2025-12-13 18:33:23,495 - INFO - Initializing headless Selenium Chrome driver (using SeleniumManager)...
2025-12-13 18:33:23,496 - INFO - Starting scrape for The Guardian RSS feed: https://www.theguardian.com/world/rss
2025-12-13 18:33:23,496 - INFO - [The Hindu] (Thread) requires Selenium. Initializing driver...
2025-12-13 18:33:23,496 - INFO - Initializing headless Selenium Chrome driver (using SeleniumManager)...
2025-12-13 18:33:23,496 - INFO - Submitted 4 jobs to thread pool. Waiting up to 300s for completion...
2025-12-13 18:33:23,639 - INFO - Found 45 articles in The Guardian RSS feed. Processing up to 10.
2025-12-13 18:33:23,639 - INFO - [The Guardian] Article: https://www.theguardian.com/world/2025/dec/13/us-accuses-rwanda-of-violating-peace-deal
2025-12-13 18:33:23,639 - INFO - [The Guardian] Attempt 1/1: Trying with 'requests_browser' strategy...
2025-12-13 18:33:23,683 - INFO - [The Guardian] Success with 'requests_browser'. Found content (632 words).
2025-12-13 18:33:23,719 - INFO - Duplicate article skipped: US scolds Rwanda for breaking peace deal as M23 rebels seize key Congo city | Rwanda | The Guardian from The Guardian
2025-12-13 18:33:23,778 - INFO - Found 34 articles in BBC RSS feed. Processing up to 10.
2025-12-13 18:33:23,778 - INFO - [BBC] Article: https://www.bbc.com/news/articles/c4gpwlkklyxo?at_medium=RSS&at_campaign=rss
2025-12-13 18:33:23,778 - INFO - [BBC] Attempt 1/1: Trying with 'requests_browser' strategy...
2025-12-13 18:33:24,179 - INFO - [BBC] Success with 'requests_browser'. Found content (584 words).
2025-12-13 18:33:24,215 - INFO - Duplicate article skipped: Belarus frees 123 prisoners as US lifts sanctions from BBC
2025-12-13 18:33:25,131 - INFO - [BBC] Article: https://www.bbc.com/news/articles/c0l9954yr9ko?at_medium=RSS&at_campaign=rss
2025-12-13 18:33:25,131 - INFO - [BBC] Attempt 1/1: Trying with 'requests_browser' strategy...
2025-12-13 18:33:25,150 - INFO - [The Guardian] Article: https://www.theguardian.com/us-news/2025/dec/12/trump-ends-temporary-legal-status-ethiopia
2025-12-13 18:33:25,150 - INFO - [The Guardian] Attempt 1/1: Trying with 'requests_browser' strategy...
2025-12-13 18:33:25,166 - INFO - [BBC] Success with 'requests_browser'. Found content (963 words).
2025-12-13 18:33:25,202 - INFO - Duplicate article skipped: One million households without electricity in Ukraine after Russian strikes from BBC
2025-12-13 18:33:25,216 - INFO - [The Guardian] Success with 'requests_browser'. Found content (322 words).
2025-12-13 18:33:25,250 - INFO - Duplicate article skipped: US ends temporary legal status for Ethiopians amid Trump crackdown | Trump administration | The Guardian from The Guardian
2025-12-13 18:33:26,415 - INFO - [BBC] Article: https://www.bbc.com/news/articles/cx2dklj3rxvo?at_medium=RSS&at_campaign=rss
2025-12-13 18:33:26,416 - INFO - [BBC] Attempt 1/1: Trying with 'requests_browser' strategy...
2025-12-13 18:33:26,447 - INFO - [BBC] Success with 'requests_browser'. Found content (569 words).
2025-12-13 18:33:26,472 - INFO - [The Guardian] Article: https://www.theguardian.com/world/2025/dec/12/uk-sanctions-four-rsf-commanders-heinous-violence-against-sudan-civilians
2025-12-13 18:33:26,472 - INFO - [The Guardian] Attempt 1/1: Trying with 'requests_browser' strategy...
2025-12-13 18:33:26,489 - INFO - Saved article: Israel targets senior Hamas official in deadly Gaza strike from BBC
2025-12-13 18:33:26,516 - INFO - [The Guardian] Success with 'requests_browser'. Found content (798 words).
2025-12-13 18:33:26,562 - INFO - Duplicate article skipped: UK imposes sanctions on four RSF officers for ‘heinous’ mass killings in Sudan | Sudan | The Guardian from The Guardian
2025-12-13 18:33:27,168 - INFO - [BBC] Article: https://www.bbc.com/news/articles/c9d9vpxjp2go?at_medium=RSS&at_campaign=rss
2025-12-13 18:33:27,168 - INFO - [BBC] Attempt 1/1: Trying with 'requests_browser' strategy...
2025-12-13 18:33:27,195 - INFO - [BBC] Success with 'requests_browser'. Found content (255 words).
2025-12-13 18:33:27,229 - INFO - Saved article: Two US soldiers and interpreter killed by Islamic State gunman in Syria, US military says from BBC
2025-12-13 18:33:27,523 - INFO - [The Guardian] Article: https://www.theguardian.com/world/2025/dec/11/fate-of-11-nigerian-troops-unclear-after-unauthorised-plane-landing-in-burkina-faso
2025-12-13 18:33:27,524 - INFO - [The Guardian] Attempt 1/1: Trying with 'requests_browser' strategy...
2025-12-13 18:33:27,552 - INFO - [The Guardian] Success with 'requests_browser'. Found content (276 words).
2025-12-13 18:33:27,584 - INFO - Duplicate article skipped: Fate of 11 Nigerian troops unclear after ‘unauthorised’ plane landing in Burkina Faso | Burkina Faso | The Guardian from The Guardian
2025-12-13 18:33:28,315 - INFO - [BBC] Article: https://www.bbc.com/news/articles/cd0kkyx3vvxo?at_medium=RSS&at_campaign=rss
2025-12-13 18:33:28,315 - INFO - [BBC] Attempt 1/1: Trying with 'requests_browser' strategy...
2025-12-13 18:33:28,350 - INFO - [BBC] Success with 'requests_browser'. Found content (633 words).
2025-12-13 18:33:28,385 - INFO - Duplicate article skipped: Cambodia shuts border crossings with Thailand as fighting continues from BBC
2025-12-13 18:33:28,580 - INFO - [The Guardian] Article: https://www.theguardian.com/world/2025/dec/10/burkina-faso-releases-nigerian-troops-unauthorised-emergency-landing
2025-12-13 18:33:28,581 - INFO - [The Guardian] Attempt 1/1: Trying with 'requests_browser' strategy...
2025-12-13 18:33:28,610 - INFO - [The Guardian] Success with 'requests_browser'. Found content (388 words).
2025-12-13 18:33:28,667 - INFO - Duplicate article skipped: Burkina Faso releases 11 Nigerian troops after ‘unauthorised’ plane landing | Nigeria | The Guardian from The Guardian
2025-12-13 18:33:28,927 - INFO - [BBC] Article: https://www.bbc.com/news/articles/c5y2271q20lo?at_medium=RSS&at_campaign=rss
2025-12-13 18:33:28,928 - INFO - [BBC] Attempt 1/1: Trying with 'requests_browser' strategy...
2025-12-13 18:33:28,958 - INFO - [BBC] Success with 'requests_browser'. Found content (444 words).
2025-12-13 18:33:28,994 - INFO - Duplicate article skipped: Drunk raccoon found in liquor store suspected in karate studio break-in from BBC
2025-12-13 18:33:29,959 - INFO - [The Guardian] Article: https://www.theguardian.com/world/2025/dec/13/venezuela-oil-exports-reportedly-fall-sharply-after-us-seizure-of-tanker-skipper
2025-12-13 18:33:29,959 - INFO - [The Guardian] Attempt 1/1: Trying with 'requests_browser' strategy...
2025-12-13 18:33:29,996 - INFO - [The Guardian] Success with 'requests_browser'. Found content (574 words).
2025-12-13 18:33:30,035 - INFO - Duplicate article skipped: Venezuela oil exports reportedly fall sharply after US seizure of tanker | Venezuela | The Guardian from The Guardian
2025-12-13 18:33:30,255 - INFO - [BBC] Article: https://www.bbc.com/news/articles/c4g66nll48do?at_medium=RSS&at_campaign=rss
2025-12-13 18:33:30,255 - INFO - [BBC] Attempt 1/1: Trying with 'requests_browser' strategy...
2025-12-13 18:33:30,290 - INFO - [BBC] Success with 'requests_browser'. Found content (725 words).
2025-12-13 18:33:30,326 - INFO - Duplicate article skipped: Anger at Lionel Messi 'GOAT' India tour as fans throw chairs and bottles at stadium event from BBC
2025-12-13 18:33:30,951 - INFO - [The Guardian] Article: https://www.theguardian.com/world/2025/dec/12/brazilian-judge-sanction-lifted-bolsonaro
2025-12-13 18:33:30,951 - INFO - [The Guardian] Attempt 1/1: Trying with 'requests_browser' strategy...
2025-12-13 18:33:30,970 - INFO - [BBC] Article: https://www.bbc.com/news/articles/crk777lj763o?at_medium=RSS&at_campaign=rss
2025-12-13 18:33:30,970 - INFO - [BBC] Attempt 1/1: Trying with 'requests_browser' strategy...
2025-12-13 18:33:30,984 - INFO - [The Guardian] Success with 'requests_browser'. Found content (426 words).
2025-12-13 18:33:31,020 - INFO - Duplicate article skipped: US treasury lifts sanctions on Brazilian judge who presided over Bolsonaro case | Brazil | The Guardian from The Guardian
2025-12-13 18:33:31,042 - INFO - [BBC] Success with 'requests_browser'. Found content (1013 words).
2025-12-13 18:33:31,087 - INFO - Duplicate article skipped: New Epstein photos show Trump, Clinton and Andrew from BBC
2025-12-13 18:33:31,889 - INFO - [BBC] Article: https://www.bbc.com/news/articles/c4ge4q8gypzo?at_medium=RSS&at_campaign=rss
2025-12-13 18:33:31,889 - INFO - [BBC] Attempt 1/1: Trying with 'requests_browser' strategy...
2025-12-13 18:33:31,928 - INFO - [BBC] Success with 'requests_browser'. Found content (419 words).
2025-12-13 18:33:31,966 - INFO - Duplicate article skipped: Lagos' first street art festival turns city into 'open-air gallery' from BBC
2025-12-13 18:33:32,425 - INFO - [The Guardian] Article: https://www.theguardian.com/world/2025/dec/12/colombia-eln-guerrilla-rebels-trump
2025-12-13 18:33:32,425 - INFO - [The Guardian] Attempt 1/1: Trying with 'requests_browser' strategy...
2025-12-13 18:33:32,460 - INFO - [The Guardian] Success with 'requests_browser'. Found content (436 words).
2025-12-13 18:33:32,495 - INFO - Duplicate article skipped: Colombian rebels warn civilians of military drills amid ‘imperialist’ Trump threats | Colombia | The Guardian from The Guardian
2025-12-13 18:33:32,528 - INFO - [BBC] Article: https://www.bbc.com/news/articles/cqlkk9qk7vyo?at_medium=RSS&at_campaign=rss
2025-12-13 18:33:32,528 - INFO - [BBC] Attempt 1/1: Trying with 'requests_browser' strategy...
2025-12-13 18:33:32,558 - INFO - [BBC] Success with 'requests_browser'. Found content (521 words).
2025-12-13 18:33:32,594 - INFO - Duplicate article skipped: Ukraine's health supplies hit in series of Russian strikes on medical warehouses from BBC
2025-12-13 18:33:33,970 - INFO - [The Guardian] Article: https://www.theguardian.com/world/2025/dec/12/canada-liberals-government-majority-conservative-michael-ma
2025-12-13 18:33:33,970 - INFO - [The Guardian] Attempt 1/1: Trying with 'requests_browser' strategy...
2025-12-13 18:33:34,006 - INFO - [The Guardian] Success with 'requests_browser'. Found content (467 words).
2025-12-13 18:33:34,044 - INFO - Duplicate article skipped: Canada’s Liberals edge closer to majority after Conservative lawmaker crosses floor | Canada | The Guardian from The Guardian
2025-12-13 18:33:34,476 - INFO - Selenium driver initialized successfully.
2025-12-13 18:33:34,476 - INFO - Starting scrape for The Hindu RSS feed: https://www.thehindu.com/news/national/feeder/default.rss
2025-12-13 18:33:34,477 - INFO - Selenium driver initialized successfully.
2025-12-13 18:33:34,477 - INFO - Starting scrape for Times of India RSS feed: https://timesofindia.indiatimes.com/rssfeeds/296589292.cms
2025-12-13 18:33:34,659 - INFO - Found 100 articles in The Hindu RSS feed. Processing up to 10.
2025-12-13 18:33:34,659 - INFO - [The Hindu] Article: https://www.thehindu.com/news/national/kerala/mandate-in-district-panchayats-serves-as-a-wake-up-call/article70392933.ece
2025-12-13 18:33:34,659 - INFO - [The Hindu] Attempt 1/1: Trying with 'selenium_browser' strategy...
2025-12-13 18:33:34,738 - INFO - Found 20 articles in Times of India RSS feed. Processing up to 10.
2025-12-13 18:33:34,738 - INFO - [Times of India] Article: https://timesofindia.indiatimes.com/world/us/imagine-the-smell-why-cline-ai-heads-anti-india-comment-was-neither-a-joke-nor-neutral/articleshow/125952352.cms
2025-12-13 18:33:34,738 - INFO - [Times of India] Attempt 1/1: Trying with 'selenium_browser' strategy...
2025-12-13 18:33:35,472 - INFO - [The Guardian] Article: https://www.theguardian.com/us-news/2025/dec/12/flood-water-rain-pacific-northwest-washington
2025-12-13 18:33:35,472 - INFO - [The Guardian] Attempt 1/1: Trying with 'requests_browser' strategy...
2025-12-13 18:33:35,582 - INFO - [The Guardian] Success with 'requests_browser'. Found content (770 words).
2025-12-13 18:33:35,629 - INFO - Duplicate article skipped: Flooding remains threat in Pacific north-west as Washington declares emergency | US weather | The Guardian from The Guardian
2025-12-13 18:33:44,877 - INFO - [The Hindu] Page content loaded.
2025-12-13 18:33:45,140 - INFO - [The Hindu] Success with 'selenium_browser'. Found content (469 words).
2025-12-13 18:33:45,484 - INFO - Saved article: Mandate in district panchayats serves as a ‘wake-up call’ - The Hindu from The Hindu
2025-12-13 18:33:46,690 - INFO - [The Hindu] Article: https://www.thehindu.com/news/cities/chennai/tiruvallur-farmers-gear-up-for-samba-harvest/article70393156.ece
2025-12-13 18:33:46,690 - INFO - [The Hindu] Attempt 1/1: Trying with 'selenium_browser' strategy...
2025-12-13 18:33:51,321 - INFO - [The Hindu] Page content loaded.
2025-12-13 18:33:51,547 - INFO - [The Hindu] Success with 'selenium_browser'. Found content (316 words).
2025-12-13 18:33:51,704 - INFO - Saved article: Tiruvallur farmers gear up for Samba harvest - The Hindu from The Hindu
2025-12-13 18:33:52,816 - INFO - [The Hindu] Article: https://www.thehindu.com/news/national/jk-court-issues-proclamation-notice-against-brother-of-arrested-kashmir-doctor-in-terror-case/article70392925.ece
2025-12-13 18:33:52,816 - INFO - [The Hindu] Attempt 1/1: Trying with 'selenium_browser' strategy...
2025-12-13 18:33:54,199 - INFO - [The Hindu] Page content loaded.
2025-12-13 18:33:54,932 - INFO - [The Hindu] Success with 'selenium_browser'. Found content (274 words).
2025-12-13 18:33:55,026 - INFO - Saved article: J&K court issues proclamation notice against brother of arrested Kashmir doctor in terror case - The Hindu from The Hindu
2025-12-13 18:33:55,965 - INFO - [The Hindu] Article: https://www.thehindu.com/news/national/kerala/anti-incumbency-dashes-lefts-hopes-in-local-body-polls-in-kerala/article70393241.ece
2025-12-13 18:33:55,965 - INFO - [The Hindu] Attempt 1/1: Trying with 'selenium_browser' strategy...
2025-12-13 18:33:57,037 - INFO - [The Hindu] Page content loaded.
2025-12-13 18:33:57,640 - INFO - [The Hindu] Success with 'selenium_browser'. Found content (647 words).
2025-12-13 18:33:57,704 - INFO - Saved article: Anti-incumbency dashes Left’s hopes in local body polls in Kerala - The Hindu from The Hindu
2025-12-13 18:33:58,493 - INFO - [The Hindu] Article: https://www.thehindu.com/news/national/andhra-pradesh/vijayawada-book-festival-from-january-2-to-12/article70393561.ece
2025-12-13 18:33:58,493 - INFO - [The Hindu] Attempt 1/1: Trying with 'selenium_browser' strategy...
2025-12-13 18:34:00,253 - INFO - [The Hindu] Page content loaded.
2025-12-13 18:34:00,317 - INFO - [The Hindu] Success with 'selenium_browser'. Found content (203 words).
2025-12-13 18:34:00,386 - INFO - Saved article: Vijayawada book festival from January 2 to 12 - The Hindu from The Hindu
2025-12-13 18:34:01,454 - INFO - [The Hindu] Article: https://www.thehindu.com/news/national/kerala/ldfs-organisational-strength-in-kannur-intact-kk-ragesh/article70393171.ece
2025-12-13 18:34:01,454 - INFO - [The Hindu] Attempt 1/1: Trying with 'selenium_browser' strategy...
2025-12-13 18:34:02,522 - INFO - [The Hindu] Page content loaded.
2025-12-13 18:34:02,616 - INFO - [The Hindu] Success with 'selenium_browser'. Found content (292 words).
2025-12-13 18:34:02,718 - INFO - Saved article: LDF’s organisational strength in Kannur intact: K.K. Ragesh - The Hindu from The Hindu
2025-12-13 18:34:03,519 - INFO - [The Hindu] Article: https://www.thehindu.com/news/national/telangana/revanth-mahesh-goud-leave-for-delhi-with-rahul-gandhi/article70393619.ece
2025-12-13 18:34:03,519 - INFO - [The Hindu] Attempt 1/1: Trying with 'selenium_browser' strategy...
2025-12-13 18:34:05,243 - INFO - [The Hindu] Page content loaded.
2025-12-13 18:34:05,323 - INFO - [The Hindu] Success with 'selenium_browser'. Found content (102 words).
2025-12-13 18:34:05,401 - INFO - Saved article: Revanth, Mahesh Goud leave for Delhi with Rahul Gandhi - The Hindu from The Hindu
2025-12-13 18:34:06,062 - INFO - [The Hindu] Article: https://www.thehindu.com/news/national/odisha/former-cm-naveen-patnaik-announces-to-forgo-his-hiked-salary/article70392809.ece
2025-12-13 18:34:06,062 - INFO - [The Hindu] Attempt 1/1: Trying with 'selenium_browser' strategy...
2025-12-13 18:34:06,743 - INFO - [The Hindu] Page content loaded.
2025-12-13 18:34:06,850 - INFO - [The Hindu] Success with 'selenium_browser'. Found content (535 words).
2025-12-13 18:34:06,956 - INFO - Saved article: Former CM Naveen Patnaik announces to forgo his hiked salary - The Hindu from The Hindu
2025-12-13 18:34:08,434 - INFO - [The Hindu] Article: https://www.thehindu.com/news/national/karnataka/sangappa-nominated-as-executive-council-member-of-visvesvaraya-technological-university/article70389791.ece
2025-12-13 18:34:08,434 - INFO - [The Hindu] Attempt 1/1: Trying with 'selenium_browser' strategy...
2025-12-13 18:34:09,470 - INFO - [The Hindu] Page content loaded.
2025-12-13 18:34:09,545 - INFO - [The Hindu] Success with 'selenium_browser'. Found content (81 words).
2025-12-13 18:34:09,637 - INFO - Saved article: Sangappa nominated as Executive Council Member of Visvesvaraya Technological University - The Hindu from The Hindu
2025-12-13 18:34:10,931 - INFO - [The Hindu] Article: https://www.thehindu.com/news/national/telangana/messi-hyderabad-visit-cm-revanth-reddy-rahul-gandhi-political-goal/article70393485.ece
2025-12-13 18:34:10,931 - INFO - [The Hindu] Attempt 1/1: Trying with 'selenium_browser' strategy...
2025-12-13 18:34:12,024 - INFO - [The Hindu] Page content loaded.
2025-12-13 18:34:12,079 - INFO - [The Hindu] Success with 'selenium_browser'. Found content (438 words).
2025-12-13 18:34:12,171 - INFO - Saved article: Revanth scores perfect political goal as Messi mesmerises Hyderabad - The Hindu from The Hindu
2025-12-13 18:34:13,295 - INFO - [The Hindu] (Thread) Finished. Attempting to shut down its Selenium driver.
2025-12-13 18:34:13,442 - INFO - [The Hindu] (Thread) driver.quit() successful.
2025-12-13 18:34:34,754 - ERROR - [Times of India] Request failed for strategy 'selenium_browser' on URL https://timesofindia.indiatimes.com/world/us/imagine-the-smell-why-cline-ai-heads-anti-india-comment-was-neither-a-joke-nor-neutral/articleshow/125952352.cms: Message: timeout: Timed out receiving message from renderer: 59.879
  (Session info: chrome=143.0.7499.40)
Stacktrace:
#0 0x55f1a3baa16a <unknown>
#1 0x55f1a3627c4b <unknown>
#2 0x55f1a360fcf3 <unknown>
#3 0x55f1a360f9d6 <unknown>
#4 0x55f1a360d897 <unknown>
#5 0x55f1a360e1af <unknown>
#6 0x55f1a361c970 <unknown>
#7 0x55f1a3636017 <unknown>
#8 0x55f1a363c6cb <unknown>
#9 0x55f1a360e8d8 <unknown>
#10 0x55f1a3635dc3 <unknown>
#11 0x55f1a36c4f60 <unknown>
#12 0x55f1a366bc42 <unknown>
#13 0x55f1a366c8f1 <unknown>
#14 0x55f1a3b72f09 <unknown>
#15 0x55f1a3b75e4d <unknown>
#16 0x55f1a3b5bc51 <unknown>
#17 0x55f1a3b76a2b <unknown>
#18 0x55f1a3b42a20 <unknown>
#19 0x55f1a3b97a78 <unknown>
#20 0x55f1a3b97c49 <unknown>
#21 0x55f1a3ba94c3 <unknown>
#22 0x7f095b49caa4 <unknown>
#23 0x7f095b529c6c <unknown>

2025-12-13 18:34:34,754 - ERROR - [Times of India] All scrape strategies failed for https://timesofindia.indiatimes.com/world/us/imagine-the-smell-why-cline-ai-heads-anti-india-comment-was-neither-a-joke-nor-neutral/articleshow/125952352.cms. Falling back to RSS description.
2025-12-13 18:34:34,756 - INFO - Saved article: ‘Imagine the smell’: Why Cline AI head’s anti-India comment was neither a joke nor neutral from Times of India
2025-12-13 18:34:35,800 - INFO - [Times of India] Article: https://timesofindia.indiatimes.com/world/us/syria-two-us-soldiers-one-civilian-killed-islamic-state-launches-ambush/articleshow/125950594.cms
2025-12-13 18:34:35,800 - INFO - [Times of India] Attempt 1/1: Trying with 'selenium_browser' strategy...
2025-12-13 18:34:38,212 - INFO - [Times of India] Page content loaded.
2025-12-13 18:34:38,736 - INFO - [Times of India] Success with 'selenium_browser'. Found content (334 words).
2025-12-13 18:34:38,823 - INFO - Saved article: Syria: Two US soldiers, one civilian killed; Islamic State launches ambush - The Times of India from Times of India
2025-12-13 18:34:40,208 - INFO - [Times of India] Article: https://timesofindia.indiatimes.com/world/us/even-your-youtube-comments-immigration-lawyer-advises-visa-applicants-to-google-themselves-before-embassy-interview-for-social-media-vetting/articleshow/125952039.cms
2025-12-13 18:34:40,208 - INFO - [Times of India] Attempt 1/1: Trying with 'selenium_browser' strategy...
2025-12-13 18:34:40,930 - INFO - [Times of India] Page content loaded.
2025-12-13 18:34:41,064 - INFO - [Times of India] Success with 'selenium_browser'. Found content (364 words).
2025-12-13 18:34:41,129 - INFO - Saved article: 'Even your YouTube comments...': Immigration lawyer advises visa applicants to 'Google' themselves before embassy interview for social media vetting - The Times of India from Times of India
2025-12-13 18:34:42,395 - INFO - [Times of India] Article: https://timesofindia.indiatimes.com/world/rest-of-world/dangerous-escalation-six-un-staff-killed-in-drone-strike-in-sudans-kordofan-government-blames-rsf/articleshow/125952032.cms
2025-12-13 18:34:42,395 - INFO - [Times of India] Attempt 1/1: Trying with 'selenium_browser' strategy...
2025-12-13 18:34:43,188 - INFO - [Times of India] Page content loaded.
2025-12-13 18:34:43,324 - INFO - [Times of India] Success with 'selenium_browser'. Found content (254 words).
2025-12-13 18:34:43,388 - INFO - Saved article: 'Dangerous escalation': Six UN staff killed in drone strike in Sudan's Kordofan; government blames RSF - The Times of India from Times of India
2025-12-13 18:34:44,338 - INFO - [Times of India] Article: https://timesofindia.indiatimes.com/world/pakistan/4-3-magnitude-quake-jolts-pakistan/articleshow/125950083.cms
2025-12-13 18:34:44,338 - INFO - [Times of India] Attempt 1/1: Trying with 'selenium_browser' strategy...
2025-12-13 18:34:45,522 - INFO - [Times of India] Page content loaded.
2025-12-13 18:34:45,828 - INFO - [Times of India] Success with 'selenium_browser'. Found content (95 words).
2025-12-13 18:34:45,891 - INFO - Saved article: 4.3-magnitude quake jolts Pakistan - The Times of India from Times of India
2025-12-13 18:34:47,074 - INFO - [Times of India] Article: https://timesofindia.indiatimes.com/world/us/bodyshops-come-and-meet-the-ceos-then-fire-stephen-miller-blasts-h-1b-as-20-states-sue-trump-over-100k-fee/articleshow/125951487.cms
2025-12-13 18:34:47,074 - INFO - [Times of India] Attempt 1/1: Trying with 'selenium_browser' strategy...
2025-12-13 18:34:47,827 - INFO - [Times of India] Page content loaded.
2025-12-13 18:34:47,991 - INFO - [Times of India] Success with 'selenium_browser'. Found content (389 words).
2025-12-13 18:34:48,050 - INFO - Saved article: 'Bodyshops come and meet the CEOs, then fire...': Stephen Miller blasts H-1B as 20 states sue Trump over $100k fee - The Times of India from Times of India
2025-12-13 18:34:49,013 - INFO - [Times of India] Article: https://timesofindia.indiatimes.com/world/us/dem-states-sue-over-100k-h-1b-fee-as-maga-fumes-over-jobs-flight-to-india/articleshow/125951509.cms
2025-12-13 18:34:49,013 - INFO - [Times of India] Attempt 1/1: Trying with 'selenium_browser' strategy...
2025-12-13 18:34:50,053 - INFO - [Times of India] Page content loaded.
2025-12-13 18:34:50,189 - INFO - [Times of India] Success with 'selenium_browser'. Found content (348 words).
2025-12-13 18:34:50,252 - INFO - Saved article: Dem states sue over $100k H-1B fee as MAGA fumes over jobs flight to India - The Times of India from Times of India
2025-12-13 18:34:51,564 - INFO - [Times of India] Article: https://timesofindia.indiatimes.com/world/uk/responded-well-to-treatment-king-charles-shares-recovery-update-on-cancer-calls-progress-a-personal-blessing/articleshow/125950175.cms
2025-12-13 18:34:51,564 - INFO - [Times of India] Attempt 1/1: Trying with 'selenium_browser' strategy...
2025-12-13 18:34:52,840 - INFO - [Times of India] Page content loaded.
2025-12-13 18:34:53,069 - INFO - [Times of India] Success with 'selenium_browser'. Found content (468 words).
2025-12-13 18:34:53,141 - INFO - Saved article: 'Responded well to treatment': King Charles shares recovery update on cancer; calls progress a 'personal blessing' - The Times of India from Times of India
2025-12-13 18:34:54,573 - INFO - [Times of India] Article: https://timesofindia.indiatimes.com/science/charlie-puth-slams-elon-musk-over-spacex-rockets-frightening-his-pregnant-wife-says-it-violently-shook-our-whole-house/articleshow/125949157.cms
2025-12-13 18:34:54,573 - INFO - [Times of India] Attempt 1/1: Trying with 'selenium_browser' strategy...
2025-12-13 18:34:55,696 - INFO - [Times of India] Page content loaded.
2025-12-13 18:34:55,819 - INFO - [Times of India] Success with 'selenium_browser'. Found content (560 words).
2025-12-13 18:34:55,867 - INFO - Saved article: Charlie Puth slams Elon Musk over SpaceX rockets frightening his pregnant wife; says ‘it violently shook our whole house’ | - The Times of India from Times of India
2025-12-13 18:34:56,388 - INFO - [Times of India] Article: https://timesofindia.indiatimes.com/world/us-streamers/who-is-japans-streaming-star-stylishnoob-exploring-yuta-sekis-journey-as-twitch-streamer-and-his-career/articleshow/125948452.cms
2025-12-13 18:34:56,388 - INFO - [Times of India] Attempt 1/1: Trying with 'selenium_browser' strategy...
2025-12-13 18:34:57,420 - INFO - [Times of India] Page content loaded.
2025-12-13 18:34:57,563 - INFO - [Times of India] Success with 'selenium_browser'. Found content (399 words).
2025-12-13 18:34:57,632 - INFO - Saved article: Who is Japan’s streaming star StylishNoob? Exploring Yuta Seki’s journey as Twitch streamer and his career - The Times of India from Times of India
2025-12-13 18:34:58,256 - INFO - [Times of India] (Thread) Finished. Attempting to shut down its Selenium driver.
2025-12-13 18:34:58,495 - INFO - [Times of India] (Thread) driver.quit() successful.
2025-12-13 18:34:58,496 - INFO - Shutting down thread pool (wait=False)...
2025-12-13 18:34:58,496 - INFO - Scraped: 2 BBC, 0 The Guardian, 10 The Hindu, 10 Times of India articles. (Total saved: 22)
2025-12-13 18:34:58,496 - INFO - --- Scraping job finished ---
2025-12-13 18:34:58,501 - INFO - --- Scraper service stopped and database connection closed. ---
2025-12-13 18:34:58,501 - INFO - --- Main thread finished. Forcing process exit to kill zombie threads. ---
