2026-01-11 08:33:49,105 - INFO - Initializing database connection at: news_articles.db
2026-01-11 08:33:49,105 - INFO - --- Scraper service started (CI Mode: Run Once) ---
2026-01-11 08:33:49,105 - INFO - --- Starting new scraping job (Parallel Mode) ---
2026-01-11 08:33:49,105 - INFO - Creating new robust session with 3 retries on 5xx/connection/read errors.
2026-01-11 08:33:49,105 - INFO - Proxy is DISABLED.
2026-01-11 08:33:49,105 - INFO - Starting scrape for BBC RSS feed: http://feeds.bbci.co.uk/news/world/rss.xml
2026-01-11 08:33:49,106 - INFO - [Times of India] (Thread) requires Selenium. Initializing driver...
2026-01-11 08:33:49,106 - INFO - Initializing headless Selenium Chrome driver (using SeleniumManager)...
2026-01-11 08:33:49,106 - INFO - Starting scrape for The Guardian RSS feed: https://www.theguardian.com/world/rss
2026-01-11 08:33:49,107 - INFO - [The Hindu] (Thread) requires Selenium. Initializing driver...
2026-01-11 08:33:49,107 - INFO - Initializing headless Selenium Chrome driver (using SeleniumManager)...
2026-01-11 08:33:49,107 - INFO - Submitted 4 jobs to thread pool. Waiting up to 300s for completion...
2026-01-11 08:33:49,366 - INFO - Found 45 articles in The Guardian RSS feed. Processing up to 10.
2026-01-11 08:33:49,366 - INFO - [The Guardian] Article: https://www.theguardian.com/global-development/2026/jan/09/the-gambia-female-genital-mutilation-fgm-supreme-court-case-overturn-ban
2026-01-11 08:33:49,366 - INFO - [The Guardian] Attempt 1/1: Trying with 'requests_browser' strategy...
2026-01-11 08:33:49,399 - INFO - Found 36 articles in BBC RSS feed. Processing up to 10.
2026-01-11 08:33:49,399 - INFO - [BBC] Article: https://www.bbc.com/news/articles/cm2jek15m8no?at_medium=RSS&at_campaign=rss
2026-01-11 08:33:49,399 - INFO - [BBC] Attempt 1/1: Trying with 'requests_browser' strategy...
2026-01-11 08:33:49,417 - INFO - [The Guardian] Success with 'requests_browser'. Found content (850 words).
2026-01-11 08:33:49,465 - INFO - Duplicate article skipped: Attempt to overturn the Gambia’s ban on FGM heard by supreme court | Global development | The Guardian from The Guardian
2026-01-11 08:33:49,742 - INFO - [BBC] Success with 'requests_browser'. Found content (1099 words).
2026-01-11 08:33:49,780 - INFO - Duplicate article skipped: Iran protesters defy crackdown as videos show violent clashes from BBC
2026-01-11 08:33:50,593 - INFO - [BBC] Article: https://www.bbc.com/news/articles/cly9597r4qpo?at_medium=RSS&at_campaign=rss
2026-01-11 08:33:50,593 - INFO - [BBC] Attempt 1/1: Trying with 'requests_browser' strategy...
2026-01-11 08:33:50,628 - INFO - [BBC] Success with 'requests_browser'. Found content (468 words).
2026-01-11 08:33:50,677 - INFO - Duplicate article skipped: US military strikes Islamic State group targets in Syria, officials say from BBC
2026-01-11 08:33:50,824 - INFO - [The Guardian] Article: https://www.theguardian.com/world/2026/jan/08/questions-targeting-impact-us-airstrikes-in-nigeria
2026-01-11 08:33:50,824 - INFO - [The Guardian] Attempt 1/1: Trying with 'requests_browser' strategy...
2026-01-11 08:33:50,854 - INFO - [The Guardian] Success with 'requests_browser'. Found content (795 words).
2026-01-11 08:33:50,891 - INFO - Duplicate article skipped: Two weeks on, questions linger over targeting and impact of US airstrikes in Nigeria | Nigeria | The Guardian from The Guardian
2026-01-11 08:33:51,504 - INFO - [BBC] Article: https://www.bbc.com/news/articles/cvgpnwnqygro?at_medium=RSS&at_campaign=rss
2026-01-11 08:33:51,504 - INFO - [BBC] Attempt 1/1: Trying with 'requests_browser' strategy...
2026-01-11 08:33:51,546 - INFO - [BBC] Success with 'requests_browser'. Found content (731 words).
2026-01-11 08:33:51,594 - INFO - Duplicate article skipped: Dozens arrested and one police officer injured in Minneapolis protests from BBC
2026-01-11 08:33:51,984 - INFO - [The Guardian] Article: https://www.theguardian.com/world/2026/jan/02/anthony-joshuas-driver-charged-with-dangerous-driving-after-fatal-crash-in-nigeria
2026-01-11 08:33:51,984 - INFO - [The Guardian] Attempt 1/1: Trying with 'requests_browser' strategy...
2026-01-11 08:33:52,137 - INFO - [The Guardian] Success with 'requests_browser'. Found content (346 words).
2026-01-11 08:33:52,171 - INFO - [BBC] Article: https://www.bbc.com/news/articles/cly95x9qe4ko?at_medium=RSS&at_campaign=rss
2026-01-11 08:33:52,171 - INFO - [BBC] Attempt 1/1: Trying with 'requests_browser' strategy...
2026-01-11 08:33:52,174 - INFO - Duplicate article skipped: Anthony Joshua’s driver charged with dangerous driving after fatal crash in Nigeria | Anthony Joshua | The Guardian from The Guardian
2026-01-11 08:33:52,207 - INFO - [BBC] Success with 'requests_browser'. Found content (537 words).
2026-01-11 08:33:52,240 - INFO - Duplicate article skipped: Bob Weir, Grateful Dead co-founder, dies aged 78 from BBC
2026-01-11 08:33:52,930 - INFO - [BBC] Article: https://www.bbc.com/news/articles/cx2p84xleg2o?at_medium=RSS&at_campaign=rss
2026-01-11 08:33:52,930 - INFO - [BBC] Attempt 1/1: Trying with 'requests_browser' strategy...
2026-01-11 08:33:52,962 - INFO - [BBC] Success with 'requests_browser'. Found content (394 words).
2026-01-11 08:33:53,008 - INFO - Saved article: Last Kurdish forces leave Aleppo after ceasefire deal reached from BBC
2026-01-11 08:33:53,604 - INFO - [The Guardian] Article: https://www.theguardian.com/science/2026/jan/01/cremation-pyre-in-africa-thought-to-be-worlds-oldest-containing-adult-remains
2026-01-11 08:33:53,604 - INFO - [The Guardian] Attempt 1/1: Trying with 'requests_browser' strategy...
2026-01-11 08:33:53,748 - INFO - [BBC] Article: https://www.bbc.com/news/articles/c623r47d67lo?at_medium=RSS&at_campaign=rss
2026-01-11 08:33:53,748 - INFO - [BBC] Attempt 1/1: Trying with 'requests_browser' strategy...
2026-01-11 08:33:53,759 - INFO - [The Guardian] Success with 'requests_browser'. Found content (653 words).
2026-01-11 08:33:53,796 - INFO - Duplicate article skipped: Cremation pyre in Africa thought to be world’s oldest containing adult remains | Anthropology | The Guardian from The Guardian
2026-01-11 08:33:53,839 - INFO - [BBC] Success with 'requests_browser'. Found content (5002 words).
2026-01-11 08:33:53,907 - INFO - Duplicate article skipped: The battle over Canada's mystery brain disease from BBC
2026-01-11 08:33:54,643 - INFO - [BBC] Article: https://www.bbc.com/news/articles/c0lx09e618yo?at_medium=RSS&at_campaign=rss
2026-01-11 08:33:54,643 - INFO - [BBC] Attempt 1/1: Trying with 'requests_browser' strategy...
2026-01-11 08:33:54,674 - INFO - [BBC] Success with 'requests_browser'. Found content (710 words).
2026-01-11 08:33:54,709 - INFO - Duplicate article skipped: Family of Chimamanda Ngozi Adichie accuses hospital of negligence over son's death from BBC
2026-01-11 08:33:55,286 - INFO - [The Guardian] Article: https://www.theguardian.com/global-development/2026/jan/01/us-aid-cuts-conditions-un-humanitarian-pledge-ocha
2026-01-11 08:33:55,286 - INFO - [The Guardian] Attempt 1/1: Trying with 'requests_browser' strategy...
2026-01-11 08:33:55,320 - INFO - [The Guardian] Success with 'requests_browser'. Found content (631 words).
2026-01-11 08:33:55,356 - INFO - Duplicate article skipped: US ‘adapt, shrink or die’ terms for $2bn aid pot will mean UN bowing down to Washington, say experts | Aid | The Guardian from The Guardian
2026-01-11 08:33:55,931 - INFO - [The Guardian] Article: https://www.theguardian.com/us-news/2026/jan/10/us-citizens-venezuela-paramilitaries
2026-01-11 08:33:55,931 - INFO - [The Guardian] Attempt 1/1: Trying with 'requests_browser' strategy...
2026-01-11 08:33:55,962 - INFO - [The Guardian] Success with 'requests_browser'. Found content (454 words).
2026-01-11 08:33:56,003 - INFO - Duplicate article skipped: US urges its citizens to flee Venezuela amid reports of paramilitaries | Trump administration | The Guardian from The Guardian
2026-01-11 08:33:56,056 - INFO - [BBC] Article: https://www.bbc.com/news/articles/cn42jqlqy4xo?at_medium=RSS&at_campaign=rss
2026-01-11 08:33:56,057 - INFO - [BBC] Attempt 1/1: Trying with 'requests_browser' strategy...
2026-01-11 08:33:56,086 - INFO - [BBC] Success with 'requests_browser'. Found content (348 words).
2026-01-11 08:33:56,117 - INFO - Duplicate article skipped: Philippines landfill collapse: Rescuers racing to find dozens still missing from BBC
2026-01-11 08:33:56,427 - INFO - Selenium driver initialized successfully.
2026-01-11 08:33:56,427 - INFO - Starting scrape for The Hindu RSS feed: https://www.thehindu.com/news/national/feeder/default.rss
2026-01-11 08:33:56,428 - INFO - Selenium driver initialized successfully.
2026-01-11 08:33:56,428 - INFO - Starting scrape for Times of India RSS feed: https://timesofindia.indiatimes.com/rssfeeds/296589292.cms
2026-01-11 08:33:56,664 - INFO - [The Guardian] Article: https://www.theguardian.com/world/2026/jan/10/nicaraguan-authorities-arrests-dozens-for-reportedly-supporting-maduro-capture
2026-01-11 08:33:56,665 - INFO - [The Guardian] Attempt 1/1: Trying with 'requests_browser' strategy...
2026-01-11 08:33:56,687 - INFO - Found 100 articles in The Hindu RSS feed. Processing up to 10.
2026-01-11 08:33:56,687 - INFO - [The Hindu] Article: https://www.thehindu.com/news/cities/Mangalore/karnataka-hate-speech-bill-not-returned-governor-has-neither-rejected-nor-approved-it-siddaramaiah/article70497210.ece
2026-01-11 08:33:56,687 - INFO - [The Hindu] Attempt 1/1: Trying with 'selenium_browser' strategy...
2026-01-11 08:33:56,711 - INFO - [The Guardian] Success with 'requests_browser'. Found content (324 words).
2026-01-11 08:33:56,747 - INFO - Duplicate article skipped: Nicaraguan authorities arrest dozens for reportedly supporting Maduro capture | Nicaragua | The Guardian from The Guardian
2026-01-11 08:33:56,751 - INFO - Found 20 articles in Times of India RSS feed. Processing up to 10.
2026-01-11 08:33:56,751 - INFO - [Times of India] Article: https://timesofindia.indiatimes.com/etimes/trending/viral-video-shows-indian-student-arrested-in-uk-for-online-grooming-what-really-happened/articleshow/126461856.cms
2026-01-11 08:33:56,752 - INFO - [Times of India] Attempt 1/1: Trying with 'selenium_browser' strategy...
2026-01-11 08:33:57,238 - INFO - [BBC] Article: https://www.bbc.com/news/articles/cly95lpwl1ro?at_medium=RSS&at_campaign=rss
2026-01-11 08:33:57,238 - INFO - [BBC] Attempt 1/1: Trying with 'requests_browser' strategy...
2026-01-11 08:33:57,279 - INFO - [BBC] Success with 'requests_browser'. Found content (379 words).
2026-01-11 08:33:57,334 - INFO - Duplicate article skipped: Rare first Superman comic once stolen from Nicolas Cage sells for $15m from BBC
2026-01-11 08:33:58,020 - INFO - [The Guardian] Article: https://www.theguardian.com/news/ng-interactive/2026/jan/10/trump-territorial-ambition-imperialism
2026-01-11 08:33:58,020 - INFO - [The Guardian] Attempt 1/1: Trying with 'requests_browser' strategy...
2026-01-11 08:33:58,099 - INFO - [The Guardian] Success with 'requests_browser'. Found content (2368 words).
2026-01-11 08:33:58,152 - INFO - [BBC] Article: https://www.bbc.com/news/articles/c205dx61x76o?at_medium=RSS&at_campaign=rss
2026-01-11 08:33:58,152 - INFO - [BBC] Attempt 1/1: Trying with 'requests_browser' strategy...
2026-01-11 08:33:58,190 - INFO - Duplicate article skipped: Trump’s territorial ambition: new imperialism or a case of the emperor’s new clothes? | Trump administration | The Guardian from The Guardian
2026-01-11 08:33:58,238 - INFO - [BBC] Success with 'requests_browser'. Found content (899 words).
2026-01-11 08:33:58,302 - INFO - Duplicate article skipped: Trump seeks $100bn for Venezuela oil, but Exxon boss says country 'uninvestable' from BBC
2026-01-11 08:33:59,184 - INFO - [The Guardian] Article: https://www.theguardian.com/us-news/2026/jan/09/trump-oil-company-executives-meeting-venezuela
2026-01-11 08:33:59,184 - INFO - [The Guardian] Attempt 1/1: Trying with 'requests_browser' strategy...
2026-01-11 08:33:59,317 - INFO - [The Guardian] Success with 'requests_browser'. Found content (861 words).
2026-01-11 08:33:59,438 - INFO - Duplicate article skipped: Trump promises oil companies ‘total safety’ in Venezuela as he urges them to invest billions | Donald Trump | The Guardian from The Guardian
2026-01-11 08:34:00,564 - INFO - [The Guardian] Article: https://www.theguardian.com/world/2026/jan/09/trump-venezuela-leadership-meeting-opposition-machado
2026-01-11 08:34:00,564 - INFO - [The Guardian] Attempt 1/1: Trying with 'requests_browser' strategy...
2026-01-11 08:34:00,777 - INFO - [The Guardian] Success with 'requests_browser'. Found content (1293 words).
2026-01-11 08:34:01,154 - INFO - Duplicate article skipped: Trump claims he has cancelled second wave of attacks on Venezuela | US attack on Venezuela | The Guardian from The Guardian
2026-01-11 08:35:56,785 - ERROR - [The Hindu] Request failed for strategy 'selenium_browser' on URL https://www.thehindu.com/news/cities/Mangalore/karnataka-hate-speech-bill-not-returned-governor-has-neither-rejected-nor-approved-it-siddaramaiah/article70497210.ece: HTTPConnectionPool(host='localhost', port=52757): Read timed out. (read timeout=120)
2026-01-11 08:35:56,785 - ERROR - [The Hindu] All scrape strategies failed for https://www.thehindu.com/news/cities/Mangalore/karnataka-hate-speech-bill-not-returned-governor-has-neither-rejected-nor-approved-it-siddaramaiah/article70497210.ece. Falling back to RSS description.
2026-01-11 08:35:56,789 - INFO - Saved article: Karnataka hate speech Bill not returned, Governor has neither rejected nor approved it: Siddaramaiah from The Hindu
2026-01-11 08:35:56,852 - ERROR - [Times of India] Request failed for strategy 'selenium_browser' on URL https://timesofindia.indiatimes.com/etimes/trending/viral-video-shows-indian-student-arrested-in-uk-for-online-grooming-what-really-happened/articleshow/126461856.cms: HTTPConnectionPool(host='localhost', port=42129): Read timed out. (read timeout=120)
2026-01-11 08:35:56,852 - ERROR - [Times of India] All scrape strategies failed for https://timesofindia.indiatimes.com/etimes/trending/viral-video-shows-indian-student-arrested-in-uk-for-online-grooming-what-really-happened/articleshow/126461856.cms. Falling back to RSS description.
2026-01-11 08:35:56,854 - INFO - Saved article: Viral video shows Indian student arrested in UK for online grooming: What really happened? from Times of India
2026-01-11 08:35:57,348 - INFO - [The Hindu] Article: https://www.thehindu.com/news/national/gujarat/forces-that-opposed-somnath-temple-reconstruction-still-active-need-to-defeat-them-pm-modi/article70497269.ece
2026-01-11 08:35:57,348 - INFO - [The Hindu] Attempt 1/1: Trying with 'selenium_browser' strategy...
2026-01-11 08:35:58,307 - INFO - [Times of India] Article: https://timesofindia.indiatimes.com/world/middle-east/iran-simmers-over-100-killed-as-protests-intensify-what-military-options-is-us-considering/articleshow/126460895.cms
2026-01-11 08:35:58,307 - INFO - [Times of India] Attempt 1/1: Trying with 'selenium_browser' strategy...
2026-01-11 08:37:57,396 - ERROR - [The Hindu] Request failed for strategy 'selenium_browser' on URL https://www.thehindu.com/news/national/gujarat/forces-that-opposed-somnath-temple-reconstruction-still-active-need-to-defeat-them-pm-modi/article70497269.ece: HTTPConnectionPool(host='localhost', port=52757): Read timed out. (read timeout=120)
2026-01-11 08:37:57,396 - ERROR - [The Hindu] All scrape strategies failed for https://www.thehindu.com/news/national/gujarat/forces-that-opposed-somnath-temple-reconstruction-still-active-need-to-defeat-them-pm-modi/article70497269.ece. Falling back to RSS description.
2026-01-11 08:37:57,398 - INFO - Saved article: Forces that opposed Somnath temple reconstruction still active, need to defeat them: PM Modi from The Hindu
2026-01-11 08:37:58,193 - INFO - [The Hindu] Article: https://www.thehindu.com/news/national/ed-moves-supreme-court-in-i-pac-case-seeks-fair-probe-into-state-obstruction-of-its-raids/article70497192.ece
2026-01-11 08:37:58,193 - INFO - [The Hindu] Attempt 1/1: Trying with 'selenium_browser' strategy...
2026-01-11 08:37:58,408 - ERROR - [Times of India] Request failed for strategy 'selenium_browser' on URL https://timesofindia.indiatimes.com/world/middle-east/iran-simmers-over-100-killed-as-protests-intensify-what-military-options-is-us-considering/articleshow/126460895.cms: HTTPConnectionPool(host='localhost', port=42129): Read timed out. (read timeout=120)
2026-01-11 08:37:58,408 - ERROR - [Times of India] All scrape strategies failed for https://timesofindia.indiatimes.com/world/middle-east/iran-simmers-over-100-killed-as-protests-intensify-what-military-options-is-us-considering/articleshow/126460895.cms. Falling back to RSS description.
2026-01-11 08:37:58,408 - INFO - Duplicate article skipped: Iran simmers: Over 100 killed as protests intensify; what military options is US considering? from Times of India
2026-01-11 08:37:59,687 - INFO - [Times of India] Article: https://timesofindia.indiatimes.com/world/middle-east/crypto-in-2026-wont-be-won-by-luck-top-dubai-experts-reveal-cryptocurrency-trading-strategies-for-profit-that-actually-work/articleshow/126461376.cms
2026-01-11 08:37:59,687 - INFO - [Times of India] Attempt 1/1: Trying with 'selenium_browser' strategy...
2026-01-11 08:38:49,107 - CRITICAL - --- TIMEOUT: 2 scrape jobs did not complete in 300s. ---
2026-01-11 08:38:49,107 - ERROR - A thread has timed out and will be abandoned.
2026-01-11 08:38:49,107 - ERROR - A thread has timed out and will be abandoned.
2026-01-11 08:38:49,107 - INFO - Shutting down thread pool (wait=False)...
2026-01-11 08:38:49,107 - INFO - Scraped: 1 BBC, 0 The Guardian, 2 Timed_Out_Jobs articles. (Total saved: 1)
2026-01-11 08:38:49,108 - INFO - --- Scraping job finished ---
2026-01-11 08:38:49,108 - INFO - --- Scraper service stopped and database connection closed. ---
2026-01-11 08:38:49,108 - INFO - --- Main thread finished. Forcing process exit to kill zombie threads. ---
