2025-12-07 02:09:30,912 - INFO - Initializing database connection at: news_articles.db
2025-12-07 02:09:30,912 - INFO - --- Scraper service started (CI Mode: Run Once) ---
2025-12-07 02:09:30,912 - INFO - --- Starting new scraping job (Parallel Mode) ---
2025-12-07 02:09:30,912 - INFO - Creating new robust session with 3 retries on 5xx/connection/read errors.
2025-12-07 02:09:30,912 - INFO - Proxy is DISABLED.
2025-12-07 02:09:30,913 - INFO - Starting scrape for BBC RSS feed: http://feeds.bbci.co.uk/news/world/rss.xml
2025-12-07 02:09:30,913 - INFO - [Times of India] (Thread) requires Selenium. Initializing driver...
2025-12-07 02:09:30,913 - INFO - Initializing headless Selenium Chrome driver (using SeleniumManager)...
2025-12-07 02:09:30,914 - INFO - Starting scrape for The Guardian RSS feed: https://www.theguardian.com/world/rss
2025-12-07 02:09:30,914 - INFO - [The Hindu] (Thread) requires Selenium. Initializing driver...
2025-12-07 02:09:30,914 - INFO - Initializing headless Selenium Chrome driver (using SeleniumManager)...
2025-12-07 02:09:30,914 - INFO - Submitted 4 jobs to thread pool. Waiting up to 300s for completion...
2025-12-07 02:09:31,038 - INFO - Found 45 articles in The Guardian RSS feed. Processing up to 10.
2025-12-07 02:09:31,038 - INFO - [The Guardian] Article: https://www.theguardian.com/world/2025/dec/06/gunmen-kill-pretoria-south-african-hostel
2025-12-07 02:09:31,038 - INFO - [The Guardian] Attempt 1/1: Trying with 'requests_browser' strategy...
2025-12-07 02:09:31,068 - INFO - [The Guardian] Success with 'requests_browser'. Found content (285 words).
2025-12-07 02:09:31,104 - INFO - Duplicate article skipped: Gunmen kill at least 12 people including three-year-old in hostel in South Africa | South Africa | The Guardian from The Guardian
2025-12-07 02:09:31,154 - INFO - Found 32 articles in BBC RSS feed. Processing up to 10.
2025-12-07 02:09:31,154 - INFO - [BBC] Article: https://www.bbc.com/news/articles/cz680jx511no?at_medium=RSS&at_campaign=rss
2025-12-07 02:09:31,154 - INFO - [BBC] Attempt 1/1: Trying with 'requests_browser' strategy...
2025-12-07 02:09:31,395 - INFO - [BBC] Success with 'requests_browser'. Found content (526 words).
2025-12-07 02:09:31,429 - INFO - Duplicate article skipped: Zelensky signals progress in talks with US to secure peace plan from BBC
2025-12-07 02:09:31,613 - INFO - [The Guardian] Article: https://www.theguardian.com/world/2025/dec/05/people-flee-dr-congo-fighting-one-day-after-peace-deal-signed-in-washington
2025-12-07 02:09:31,614 - INFO - [The Guardian] Attempt 1/1: Trying with 'requests_browser' strategy...
2025-12-07 02:09:31,661 - INFO - [The Guardian] Success with 'requests_browser'. Found content (411 words).
2025-12-07 02:09:31,704 - INFO - Duplicate article skipped: People flee DR Congo fighting one day after peace deal signed in Washington | Democratic Republic of the Congo | The Guardian from The Guardian
2025-12-07 02:09:32,706 - INFO - [The Guardian] Article: https://www.theguardian.com/global-development/2025/dec/05/rsf-massacres-sudanese-city-el-fasher-slaughterhouse-satellite-images
2025-12-07 02:09:32,706 - INFO - [The Guardian] Attempt 1/1: Trying with 'requests_browser' strategy...
2025-12-07 02:09:32,735 - INFO - [The Guardian] Success with 'requests_browser'. Found content (684 words).
2025-12-07 02:09:32,771 - INFO - Duplicate article skipped: RSF massacres left Sudanese city ‘a slaughterhouse’, satellite images show | Global development | The Guardian from The Guardian
2025-12-07 02:09:32,845 - INFO - [BBC] Article: https://www.bbc.com/news/articles/cpd61d0jl6no?at_medium=RSS&at_campaign=rss
2025-12-07 02:09:32,845 - INFO - [BBC] Attempt 1/1: Trying with 'requests_browser' strategy...
2025-12-07 02:09:32,882 - INFO - [BBC] Success with 'requests_browser'. Found content (341 words).
2025-12-07 02:09:32,916 - INFO - Duplicate article skipped: Deadly attack on kindergarten reported in Sudan from BBC
2025-12-07 02:09:33,824 - INFO - [BBC] Article: https://www.bbc.com/news/videos/cr4de0x2xqvo?at_medium=RSS&at_campaign=rss
2025-12-07 02:09:33,824 - INFO - [BBC] Attempt 1/1: Trying with 'requests_browser' strategy...
2025-12-07 02:09:33,878 - INFO - [BBC] Success with 'requests_browser'. Found content (92 words).
2025-12-07 02:09:33,920 - INFO - Duplicate article skipped: Australia wildfire rips through homes from BBC
2025-12-07 02:09:33,949 - INFO - [The Guardian] Article: https://www.theguardian.com/environment/2025/dec/05/african-penguins-starve-to-death-south-africa-sardine-population-aoe
2025-12-07 02:09:33,949 - INFO - [The Guardian] Attempt 1/1: Trying with 'requests_browser' strategy...
2025-12-07 02:09:33,979 - INFO - [The Guardian] Success with 'requests_browser'. Found content (530 words).
2025-12-07 02:09:34,015 - INFO - Duplicate article skipped: 60,000 African penguins starved to death after sardine numbers collapsed – study | Birds | The Guardian from The Guardian
2025-12-07 02:09:35,007 - INFO - [The Guardian] Article: https://www.theguardian.com/world/2025/dec/05/us-sanctions-sudan-army-rsf-ceasefire
2025-12-07 02:09:35,007 - INFO - [The Guardian] Attempt 1/1: Trying with 'requests_browser' strategy...
2025-12-07 02:09:35,046 - INFO - [The Guardian] Success with 'requests_browser'. Found content (849 words).
2025-12-07 02:09:35,095 - INFO - Duplicate article skipped: US considers wider sanctions on Sudanese army and RSF as ceasefire efforts falter | Sudan | The Guardian from The Guardian
2025-12-07 02:09:35,195 - INFO - [BBC] Article: https://www.bbc.com/news/articles/c3e0z97qn3eo?at_medium=RSS&at_campaign=rss
2025-12-07 02:09:35,195 - INFO - [BBC] Attempt 1/1: Trying with 'requests_browser' strategy...
2025-12-07 02:09:35,229 - INFO - [BBC] Success with 'requests_browser'. Found content (429 words).
2025-12-07 02:09:35,264 - INFO - Duplicate article skipped: Iran arrests marathon organisers over women not wearing hijab from BBC
2025-12-07 02:09:36,145 - INFO - [BBC] Article: https://www.bbc.com/news/articles/cr7l4n89lr1o?at_medium=RSS&at_campaign=rss
2025-12-07 02:09:36,145 - INFO - [BBC] Attempt 1/1: Trying with 'requests_browser' strategy...
2025-12-07 02:09:36,197 - INFO - [BBC] Success with 'requests_browser'. Found content (436 words).
2025-12-07 02:09:36,227 - INFO - Duplicate article skipped: National Park Service removes free entry on Martin Luther King Jr Day and Juneteenth from BBC
2025-12-07 02:09:36,343 - INFO - [The Guardian] Article: https://www.theguardian.com/world/2025/dec/06/venezuela-oil-trump-maduro
2025-12-07 02:09:36,343 - INFO - [The Guardian] Attempt 1/1: Trying with 'requests_browser' strategy...
2025-12-07 02:09:36,373 - INFO - [The Guardian] Success with 'requests_browser'. Found content (863 words).
2025-12-07 02:09:36,409 - INFO - Duplicate article skipped: Maduro says the real reason for Trump’s Venezuela fixation is oil – is he right? | Venezuela | The Guardian from The Guardian
2025-12-07 02:09:36,990 - INFO - [The Guardian] Article: https://www.theguardian.com/us-news/2025/dec/05/us-airstrike-survivors-clung-to-boat-wreckage-for-an-hour-before-second-deadly-attack-video-shows
2025-12-07 02:09:36,990 - INFO - [The Guardian] Attempt 1/1: Trying with 'requests_browser' strategy...
2025-12-07 02:09:37,031 - INFO - [The Guardian] Success with 'requests_browser'. Found content (1016 words).
2025-12-07 02:09:37,076 - INFO - Duplicate article skipped: US airstrike survivors clung to boat wreckage for an hour before second deadly attack, video shows | US military | The Guardian from The Guardian
2025-12-07 02:09:37,626 - INFO - [BBC] Article: https://www.bbc.com/news/articles/cwyvkrkl2jlo?at_medium=RSS&at_campaign=rss
2025-12-07 02:09:37,626 - INFO - [BBC] Attempt 1/1: Trying with 'requests_browser' strategy...
2025-12-07 02:09:37,657 - INFO - [BBC] Success with 'requests_browser'. Found content (275 words).
2025-12-07 02:09:37,692 - INFO - Duplicate article skipped: At least 11 killed in South Africa mass shooting from BBC
2025-12-07 02:09:37,984 - INFO - [The Guardian] Article: https://www.theguardian.com/us-news/2025/dec/05/neo-nazi-base-leader-on-terrorism-arrest
2025-12-07 02:09:37,984 - INFO - [The Guardian] Attempt 1/1: Trying with 'requests_browser' strategy...
2025-12-07 02:09:38,020 - INFO - [The Guardian] Success with 'requests_browser'. Found content (1072 words).
2025-12-07 02:09:38,063 - INFO - Duplicate article skipped: US leader of global neo-Nazi terrorist group signals retribution for arrests | Far right (US) | The Guardian from The Guardian
2025-12-07 02:09:38,597 - INFO - [The Guardian] Article: https://www.theguardian.com/politics/audio/2025/dec/05/donald-trump-about-to-invade-venezuela-podcast
2025-12-07 02:09:38,597 - INFO - [The Guardian] Attempt 1/1: Trying with 'requests_browser' strategy...
2025-12-07 02:09:38,642 - WARNING - [The Guardian] FAILED with 'requests_browser' (content was too short: 72 words).
2025-12-07 02:09:38,642 - ERROR - [The Guardian] All scrape strategies failed for https://www.theguardian.com/politics/audio/2025/dec/05/donald-trump-about-to-invade-venezuela-podcast. Falling back to RSS description.
2025-12-07 02:09:38,643 - INFO - Duplicate article skipped: “This is war”: Is Trump about to invade Venezuela? – podcast from The Guardian
2025-12-07 02:09:38,686 - INFO - [BBC] Article: https://www.bbc.com/news/articles/ce86z84e947o?at_medium=RSS&at_campaign=rss
2025-12-07 02:09:38,686 - INFO - [BBC] Attempt 1/1: Trying with 'requests_browser' strategy...
2025-12-07 02:09:38,721 - INFO - [BBC] Success with 'requests_browser'. Found content (897 words).
2025-12-07 02:09:38,758 - INFO - Duplicate article skipped: Bethlehem Christmas tree lights up for first time since start of Gaza war from BBC
2025-12-07 02:09:39,044 - INFO - Selenium driver initialized successfully.
2025-12-07 02:09:39,044 - INFO - Starting scrape for Times of India RSS feed: https://timesofindia.indiatimes.com/rssfeeds/296589292.cms
2025-12-07 02:09:39,045 - INFO - Selenium driver initialized successfully.
2025-12-07 02:09:39,045 - INFO - Starting scrape for The Hindu RSS feed: https://www.thehindu.com/news/national/feeder/default.rss
2025-12-07 02:09:39,228 - INFO - Found 100 articles in The Hindu RSS feed. Processing up to 10.
2025-12-07 02:09:39,228 - INFO - [The Hindu] Article: https://www.thehindu.com/news/national/goa/goa-club-cylinder-blast-midnight-blaze-arpora-village-pramod-sawant-live-updates/article70368040.ece
2025-12-07 02:09:39,228 - INFO - [The Hindu] Attempt 1/1: Trying with 'selenium_browser' strategy...
2025-12-07 02:09:39,266 - INFO - [The Guardian] Article: https://www.theguardian.com/us-news/2025/dec/04/pentagon-boat-strike-pacific
2025-12-07 02:09:39,266 - INFO - [The Guardian] Attempt 1/1: Trying with 'requests_browser' strategy...
2025-12-07 02:09:39,305 - INFO - [The Guardian] Success with 'requests_browser'. Found content (637 words).
2025-12-07 02:09:39,346 - INFO - Duplicate article skipped: Pentagon announces it has killed four men in another boat strike in Pacific | US military | The Guardian from The Guardian
2025-12-07 02:09:39,349 - INFO - Found 20 articles in Times of India RSS feed. Processing up to 10.
2025-12-07 02:09:39,349 - INFO - [Times of India] Article: https://timesofindia.indiatimes.com/world/us/us-coast-guard-snipes-drug-boat-from-chopper-seizes-20000-pounds-of-cocaine-watch/articleshow/125812166.cms
2025-12-07 02:09:39,350 - INFO - [Times of India] Attempt 1/1: Trying with 'selenium_browser' strategy...
2025-12-07 02:09:39,683 - INFO - [BBC] Article: https://www.bbc.com/news/articles/cdj82d0nd4eo?at_medium=RSS&at_campaign=rss
2025-12-07 02:09:39,683 - INFO - [BBC] Attempt 1/1: Trying with 'requests_browser' strategy...
2025-12-07 02:09:39,713 - INFO - [BBC] Success with 'requests_browser'. Found content (312 words).
2025-12-07 02:09:39,764 - INFO - Saved article: Fire at popular India nightclub kills 23, Goa officials say from BBC
2025-12-07 02:09:41,191 - INFO - [BBC] Article: https://www.bbc.com/news/videos/czdg0598ry0o?at_medium=RSS&at_campaign=rss
2025-12-07 02:09:41,192 - INFO - [BBC] Attempt 1/1: Trying with 'requests_browser' strategy...
2025-12-07 02:09:41,823 - INFO - [BBC] Success with 'requests_browser'. Found content (202 words).
2025-12-07 02:09:41,963 - INFO - Duplicate article skipped: Olympic flame arrives in Rome ahead of Winter Olympics from BBC
2025-12-07 02:09:43,191 - INFO - [BBC] Article: https://www.bbc.com/news/articles/c0q5lejppeno?at_medium=RSS&at_campaign=rss
2025-12-07 02:09:43,191 - INFO - [BBC] Attempt 1/1: Trying with 'requests_browser' strategy...
2025-12-07 02:09:43,374 - INFO - [BBC] Success with 'requests_browser'. Found content (386 words).
2025-12-07 02:09:43,610 - INFO - Duplicate article skipped: National Guardsman 'slowly healing' after being shot in Washington DC from BBC
2025-12-07 02:09:44,083 - INFO - [The Hindu] Page content loaded.
2025-12-07 02:09:44,169 - INFO - [The Hindu] Success with 'selenium_browser'. Found content (83 words).
2025-12-07 02:09:44,287 - INFO - Saved article: Goa night club fire LIVE: 23 killed in major blaze due to cylinder blast; CM orders inquiry - The Hindu from The Hindu
2025-12-07 02:09:45,200 - INFO - [The Hindu] Article: https://www.thehindu.com/news/national/telangana/neighbours-in-uniform-police-in-north-of-hyderabad-reach-out-to-senior-citizens-living-alone/article70365873.ece
2025-12-07 02:09:45,200 - INFO - [The Hindu] Attempt 1/1: Trying with 'selenium_browser' strategy...
2025-12-07 02:09:48,654 - INFO - [Times of India] Page content loaded.
2025-12-07 02:09:49,395 - INFO - [Times of India] Success with 'selenium_browser'. Found content (422 words).
2025-12-07 02:09:49,682 - INFO - Saved article: US coast guard snipes drug boat from chopper; seizes 20,000 pounds of cocaine - watch - The Times of India from Times of India
2025-12-07 02:09:50,296 - INFO - [Times of India] Article: https://timesofindia.indiatimes.com/world/us/we-will-sink-you-hegseth-defends-alleged-drug-boat-strikes-says-trump-can-take-action-as-he-sees-fit/articleshow/125812358.cms
2025-12-07 02:09:50,297 - INFO - [Times of India] Attempt 1/1: Trying with 'selenium_browser' strategy...
2025-12-07 02:09:51,864 - INFO - [Times of India] Page content loaded.
2025-12-07 02:09:53,242 - INFO - [Times of India] Success with 'selenium_browser'. Found content (359 words).
2025-12-07 02:09:53,648 - INFO - Saved article: ‘We will sink you’: Hegseth defends alleged drug-boat strikes, says Trump can take ‘action as he sees fit’ - The Times of India from Times of India
2025-12-07 02:09:54,300 - INFO - [Times of India] Article: https://timesofindia.indiatimes.com/world/rest-of-world/magnitude-7-0-quake-rattles-remote-alaskayukon-border-no-major-damage-reported/articleshow/125812352.cms
2025-12-07 02:09:54,300 - INFO - [Times of India] Attempt 1/1: Trying with 'selenium_browser' strategy...
2025-12-07 02:09:59,227 - INFO - [Times of India] Page content loaded.
2025-12-07 02:09:59,319 - INFO - [Times of India] Success with 'selenium_browser'. Found content (220 words).
2025-12-07 02:09:59,402 - INFO - Saved article: Magnitude 7.0 quake rattles remote Alaska–Yukon border; no major damage reported - The Times of India from Times of India
2025-12-07 02:10:00,445 - INFO - [Times of India] Article: https://timesofindia.indiatimes.com/world/us/oscar-solorzano-twice-deported-charged-in-charlotte-light-rail-stabbing-case/articleshow/125812245.cms
2025-12-07 02:10:00,445 - INFO - [Times of India] Attempt 1/1: Trying with 'selenium_browser' strategy...
2025-12-07 02:10:02,251 - INFO - [Times of India] Page content loaded.
2025-12-07 02:10:02,435 - INFO - [Times of India] Success with 'selenium_browser'. Found content (283 words).
2025-12-07 02:10:02,504 - INFO - Saved article: Who is Oscar Solorzano? Twice deported illegal immigrant charged in Charlotte light rail stabbing case - The Times of India from Times of India
2025-12-07 02:10:03,857 - INFO - [Times of India] Article: https://timesofindia.indiatimes.com/world/us/kennedy-center-honors-2025-donald-trump-honors-celebrities-from-sylvester-stallone-to-michael-crawford-see-who-made-the-list/articleshow/125812155.cms
2025-12-07 02:10:03,857 - INFO - [Times of India] Attempt 1/1: Trying with 'selenium_browser' strategy...
2025-12-07 02:10:05,493 - INFO - [Times of India] Page content loaded.
2025-12-07 02:10:05,726 - INFO - [Times of India] Success with 'selenium_browser'. Found content (485 words).
2025-12-07 02:10:05,787 - INFO - Saved article: Kennedy Center Honors 2025: Donald Trump honors celebrities from Sylvester Stallone to Michael Crawford — see who made the list - The Times of India from Times of India
2025-12-07 02:10:06,494 - INFO - [Times of India] Article: https://timesofindia.indiatimes.com/world/us/whole-thing-just-disgusts-ceo-brian-thompsons-colleague-slams-fans-of-his-killer-luigi-mangione/articleshow/125809962.cms
2025-12-07 02:10:06,494 - INFO - [Times of India] Attempt 1/1: Trying with 'selenium_browser' strategy...
2025-12-07 02:10:08,159 - INFO - [Times of India] Page content loaded.
2025-12-07 02:10:08,318 - INFO - [Times of India] Success with 'selenium_browser'. Found content (423 words).
2025-12-07 02:10:08,418 - INFO - Duplicate article skipped: ‘Whole thing just disgusts...’: CEO Brian Thompson’s colleague slams fans of his killer Luigi Mangione - The Times of India from Times of India
2025-12-07 02:10:08,948 - INFO - [Times of India] Article: https://timesofindia.indiatimes.com/world/us/make-it-per-day-iran-born-silicon-valley-cto-who-hires-from-india-jokes-about-yearly-100000-h-1b-visa-fee/articleshow/125809915.cms
2025-12-07 02:10:08,948 - INFO - [Times of India] Attempt 1/1: Trying with 'selenium_browser' strategy...
2025-12-07 02:10:10,384 - INFO - [Times of India] Page content loaded.
2025-12-07 02:10:10,492 - INFO - [Times of India] Success with 'selenium_browser'. Found content (325 words).
2025-12-07 02:10:10,552 - INFO - Duplicate article skipped: 'Make it per day': Iran-born Silicon Valley CTO who hires from India jokes about yearly $100,000 H-1B visa fee - The Times of India from Times of India
2025-12-07 02:10:11,489 - INFO - [Times of India] Article: https://timesofindia.indiatimes.com/world/us/caribbean-boat-strikes-survivors-were-waving-in-clear-distress-after-first-missile-hit-them-say-sources/articleshow/125809877.cms
2025-12-07 02:10:11,489 - INFO - [Times of India] Attempt 1/1: Trying with 'selenium_browser' strategy...
2025-12-07 02:10:12,499 - INFO - [Times of India] Page content loaded.
2025-12-07 02:10:12,625 - INFO - [Times of India] Success with 'selenium_browser'. Found content (422 words).
2025-12-07 02:10:12,691 - INFO - Duplicate article skipped: Caribbean boat strikes: Survivors were 'waving in clear distress' after first missile hit them, say sources - The Times of India from Times of India
2025-12-07 02:10:13,616 - INFO - [Times of India] Article: https://timesofindia.indiatimes.com/world/us/5000-apprehension-fee-on-any-illegal-migrants-above-14-years-age-regardless-of-how-long-theyve-been-in-us/articleshow/125809081.cms
2025-12-07 02:10:13,616 - INFO - [Times of India] Attempt 1/1: Trying with 'selenium_browser' strategy...
2025-12-07 02:10:14,802 - INFO - [Times of India] Page content loaded.
2025-12-07 02:10:14,968 - INFO - [Times of India] Success with 'selenium_browser'. Found content (326 words).
2025-12-07 02:10:15,031 - INFO - Duplicate article skipped: $5,000 'apprehension fee' on illegal migrants above 14 years age: 'Regardless of how long they've been in US' - The Times of India from Times of India
2025-12-07 02:10:15,954 - INFO - [Times of India] Article: https://timesofindia.indiatimes.com/world/us/no-us-citizens-only-h-1b-it-firm-lancesoft-accused-of-discriminating-against-american-workers/articleshow/125808986.cms
2025-12-07 02:10:15,954 - INFO - [Times of India] Attempt 1/1: Trying with 'selenium_browser' strategy...
2025-12-07 02:10:45,219 - ERROR - [The Hindu] Request failed for strategy 'selenium_browser' on URL https://www.thehindu.com/news/national/telangana/neighbours-in-uniform-police-in-north-of-hyderabad-reach-out-to-senior-citizens-living-alone/article70365873.ece: Message: timeout: Timed out receiving message from renderer: 59.904
  (Session info: chrome=142.0.7444.175)
Stacktrace:
#0 0x5555783b64ca <unknown>
#1 0x555577e04e4b <unknown>
#2 0x555577dece14 <unknown>
#3 0x555577decaf7 <unknown>
#4 0x555577dea8ff <unknown>
#5 0x555577deb27f <unknown>
#6 0x555577df9cb3 <unknown>
#7 0x555577e135f1 <unknown>
#8 0x555577e19dfb <unknown>
#9 0x555577deb9bd <unknown>
#10 0x555577e13399 <unknown>
#11 0x555577ea4169 <unknown>
#12 0x555577e49c2a <unknown>
#13 0x555577e4a931 <unknown>
#14 0x55557837ccf9 <unknown>
#15 0x55557837fcdc <unknown>
#16 0x555578365f79 <unknown>
#17 0x5555783808b5 <unknown>
#18 0x55557834d9c3 <unknown>
#19 0x5555783a3228 <unknown>
#20 0x5555783a3403 <unknown>
#21 0x5555783b5463 <unknown>
#22 0x7f083229caa4 <unknown>
#23 0x7f0832329c6c <unknown>

2025-12-07 02:10:45,219 - ERROR - [The Hindu] All scrape strategies failed for https://www.thehindu.com/news/national/telangana/neighbours-in-uniform-police-in-north-of-hyderabad-reach-out-to-senior-citizens-living-alone/article70365873.ece. Falling back to RSS description.
2025-12-07 02:10:45,221 - INFO - Saved article: Neighbours in uniform: police in north of Hyderabad reach out to senior citizens living alone from The Hindu
2025-12-07 02:10:46,700 - INFO - [The Hindu] Article: https://www.thehindu.com/news/national/tamil-nadu/tonnes-of-solid-waste-generated-on-maha-deepam-day-removed-during-clean-up-drive/article70365710.ece
2025-12-07 02:10:46,700 - INFO - [The Hindu] Attempt 1/1: Trying with 'selenium_browser' strategy...
2025-12-07 02:10:47,890 - INFO - [The Hindu] Page content loaded.
2025-12-07 02:10:48,313 - INFO - [The Hindu] Success with 'selenium_browser'. Found content (334 words).
2025-12-07 02:10:48,431 - INFO - Saved article: Tonnes of solid waste generated on Maha Deepam day removed during clean-up drive - The Hindu from The Hindu
2025-12-07 02:10:49,690 - INFO - [The Hindu] Article: https://www.thehindu.com/news/national/what-did-putins-visit-to-india-achieve-explained/article70366725.ece
2025-12-07 02:10:49,690 - INFO - [The Hindu] Attempt 1/1: Trying with 'selenium_browser' strategy...
2025-12-07 02:10:50,314 - INFO - [The Hindu] Page content loaded.
2025-12-07 02:10:50,410 - INFO - [The Hindu] Success with 'selenium_browser'. Found content (910 words).
2025-12-07 02:10:50,473 - INFO - Duplicate article skipped: What did Putin’s visit to India achieve? | Explained - The Hindu from The Hindu
2025-12-07 02:10:51,912 - INFO - [The Hindu] Article: https://www.thehindu.com/news/national/goa/several-killed-in-fire-nightclub-goa-arpora-village-updates/article70366965.ece
2025-12-07 02:10:51,912 - INFO - [The Hindu] Attempt 1/1: Trying with 'selenium_browser' strategy...
2025-12-07 02:10:53,263 - INFO - [The Hindu] Page content loaded.
2025-12-07 02:10:53,327 - INFO - [The Hindu] Success with 'selenium_browser'. Found content (322 words).
2025-12-07 02:10:53,416 - INFO - Duplicate article skipped: 23 killed in midnight blaze at Goa club; three women among victims - The Hindu from The Hindu
2025-12-07 02:10:54,232 - INFO - [The Hindu] Article: https://www.thehindu.com/news/national/west-bengal/bengal-sir-row-sc-st-activists-urge-eci-to-simplify-rules-set-up-assistance-camps/article70366167.ece
2025-12-07 02:10:54,232 - INFO - [The Hindu] Attempt 1/1: Trying with 'selenium_browser' strategy...
2025-12-07 02:10:55,260 - INFO - [The Hindu] Page content loaded.
2025-12-07 02:10:55,443 - INFO - [The Hindu] Success with 'selenium_browser'. Found content (529 words).
2025-12-07 02:10:55,522 - INFO - Duplicate article skipped: Bengal SIR row: SC, ST activists urge ECI to simplify rules, set up assistance camps - The Hindu from The Hindu
2025-12-07 02:10:56,545 - INFO - [The Hindu] Article: https://www.thehindu.com/news/national/s-muralidhar-humane-justice/article70366681.ece
2025-12-07 02:10:56,545 - INFO - [The Hindu] Attempt 1/1: Trying with 'selenium_browser' strategy...
2025-12-07 02:10:57,387 - INFO - [The Hindu] Page content loaded.
2025-12-07 02:10:57,525 - INFO - [The Hindu] Success with 'selenium_browser'. Found content (1024 words).
2025-12-07 02:10:57,600 - INFO - Duplicate article skipped: S. Muralidhar | Humane justice - The Hindu from The Hindu
2025-12-07 02:10:58,146 - INFO - [The Hindu] Article: https://www.thehindu.com/news/national/jammu-and-kashmir/jk-l-g-and-cm-spar-over-age-relaxation-for-job-aspirants-amid-protests/article70366294.ece
2025-12-07 02:10:58,146 - INFO - [The Hindu] Attempt 1/1: Trying with 'selenium_browser' strategy...
2025-12-07 02:10:59,028 - INFO - [The Hindu] Page content loaded.
2025-12-07 02:10:59,187 - INFO - [The Hindu] Success with 'selenium_browser'. Found content (679 words).
2025-12-07 02:10:59,283 - INFO - Duplicate article skipped: J&K L-G and CM spar over age relaxation for job aspirants amid protests - The Hindu from The Hindu
2025-12-07 02:11:00,613 - INFO - [The Hindu] Article: https://www.thehindu.com/news/national/tamil-nadu/attempts-to-create-religious-conflict-over-lighting-lamp-atop-thirupparankundram-failed-says-minister-sekarbabu/article70366263.ece
2025-12-07 02:11:00,613 - INFO - [The Hindu] Attempt 1/1: Trying with 'selenium_browser' strategy...
2025-12-07 02:11:01,426 - INFO - [The Hindu] Page content loaded.
2025-12-07 02:11:01,590 - INFO - [The Hindu] Success with 'selenium_browser'. Found content (265 words).
2025-12-07 02:11:01,677 - INFO - Duplicate article skipped: Attempts to create religious conflict over lighting lamp atop Thirupparankundram failed, says Minister Sekarbabu - The Hindu from The Hindu
2025-12-07 02:11:02,485 - INFO - [The Hindu] Article: https://www.thehindu.com/news/national/historic-blunders-on-jk-and-china-are-nehrus-legacy-bjp/article70366463.ece
2025-12-07 02:11:02,485 - INFO - [The Hindu] Attempt 1/1: Trying with 'selenium_browser' strategy...
2025-12-07 02:11:03,332 - INFO - [The Hindu] Page content loaded.
2025-12-07 02:11:03,419 - INFO - [The Hindu] Success with 'selenium_browser'. Found content (437 words).
2025-12-07 02:11:03,503 - INFO - Duplicate article skipped: ‘Historic blunders’ on J&K and China are Nehru’s legacy: BJP - The Hindu from The Hindu
2025-12-07 02:11:04,532 - INFO - [The Hindu] (Thread) Finished. Attempting to shut down its Selenium driver.
2025-12-07 02:11:04,777 - INFO - [The Hindu] (Thread) driver.quit() successful.
2025-12-07 02:12:16,012 - ERROR - [Times of India] Request failed for strategy 'selenium_browser' on URL https://timesofindia.indiatimes.com/world/us/no-us-citizens-only-h-1b-it-firm-lancesoft-accused-of-discriminating-against-american-workers/articleshow/125808986.cms: HTTPConnectionPool(host='localhost', port=54303): Read timed out. (read timeout=120)
2025-12-07 02:12:16,012 - ERROR - [Times of India] All scrape strategies failed for https://timesofindia.indiatimes.com/world/us/no-us-citizens-only-h-1b-it-firm-lancesoft-accused-of-discriminating-against-american-workers/articleshow/125808986.cms. Falling back to RSS description.
2025-12-07 02:12:16,012 - INFO - Duplicate article skipped: No US citizens, only H-1B: IT firm LanceSoft accused of discriminating against American workers from Times of India
2025-12-07 02:12:17,266 - INFO - [Times of India] (Thread) Finished. Attempting to shut down its Selenium driver.
2025-12-07 02:14:17,297 - WARNING - Retrying (Retry(total=2, connect=None, read=None, redirect=None, status=None)) after connection broken by 'ReadTimeoutError("HTTPConnectionPool(host='localhost', port=54303): Read timed out. (read timeout=120)")': /session/e81512d3bc3b64637f957c5dcc9b318b
2025-12-07 02:14:30,914 - CRITICAL - --- TIMEOUT: 1 scrape jobs did not complete in 300s. ---
2025-12-07 02:14:30,915 - ERROR - A thread has timed out and will be abandoned.
2025-12-07 02:14:30,915 - INFO - Shutting down thread pool (wait=False)...
2025-12-07 02:14:30,915 - INFO - Scraped: 0 The Guardian, 3 The Hindu, 1 BBC, 1 Timed_Out_Jobs articles. (Total saved: 4)
2025-12-07 02:14:30,915 - INFO - --- Scraping job finished ---
2025-12-07 02:14:30,915 - INFO - --- Scraper service stopped and database connection closed. ---
2025-12-07 02:14:30,915 - INFO - --- Main thread finished. Forcing process exit to kill zombie threads. ---
