2026-02-13 16:56:27,890 - INFO - Initializing database connection at: news_articles.db
2026-02-13 16:56:27,890 - INFO - --- Scraper service started (CI Mode: Run Once) ---
2026-02-13 16:56:27,890 - INFO - --- Starting new scraping job (Parallel Mode) ---
2026-02-13 16:56:27,890 - INFO - Creating new robust session with 3 retries on 5xx/connection/read errors.
2026-02-13 16:56:27,890 - INFO - Proxy is DISABLED.
2026-02-13 16:56:27,891 - INFO - Starting scrape for BBC RSS feed: http://feeds.bbci.co.uk/news/world/rss.xml
2026-02-13 16:56:27,891 - INFO - [Times of India] (Thread) requires Selenium. Initializing driver...
2026-02-13 16:56:27,891 - INFO - Initializing headless Selenium Chrome driver (using SeleniumManager)...
2026-02-13 16:56:27,891 - INFO - Starting scrape for The Guardian RSS feed: https://www.theguardian.com/world/rss
2026-02-13 16:56:27,892 - INFO - [The Hindu] (Thread) requires Selenium. Initializing driver...
2026-02-13 16:56:27,892 - INFO - Initializing headless Selenium Chrome driver (using SeleniumManager)...
2026-02-13 16:56:27,892 - INFO - Submitted 4 jobs to thread pool. Waiting up to 300s for completion...
2026-02-13 16:56:28,266 - INFO - Found 45 articles in The Guardian RSS feed. Processing up to 10.
2026-02-13 16:56:28,267 - INFO - [The Guardian] Article: https://www.theguardian.com/world/2026/feb/09/deaths-migrant-boat-capsizes-mediterranean-libya
2026-02-13 16:56:28,267 - INFO - [The Guardian] Attempt 1/1: Trying with 'requests_browser' strategy...
2026-02-13 16:56:28,319 - INFO - [The Guardian] Success with 'requests_browser'. Found content (367 words).
2026-02-13 16:56:28,364 - INFO - Duplicate article skipped: 53 people dead or missing after migrant boat capsizes in Mediterranean | Migration | The Guardian from The Guardian
2026-02-13 16:56:28,570 - INFO - Found 24 articles in BBC RSS feed. Processing up to 10.
2026-02-13 16:56:28,570 - INFO - [BBC] Article: https://www.bbc.com/news/articles/cy4wpv0wx43o?at_medium=RSS&at_campaign=rss
2026-02-13 16:56:28,570 - INFO - [BBC] Attempt 1/1: Trying with 'requests_browser' strategy...
2026-02-13 16:56:28,746 - INFO - [BBC] Success with 'requests_browser'. Found content (571 words).
2026-02-13 16:56:28,809 - INFO - Saved article: World's rules-based order 'no longer exists', Germany's Merz warns from BBC
2026-02-13 16:56:29,005 - INFO - [The Guardian] Article: https://www.theguardian.com/music/2026/feb/09/ebo-taylor-ghanaian-highlife-pioneer-dies-age-90
2026-02-13 16:56:29,006 - INFO - [The Guardian] Attempt 1/1: Trying with 'requests_browser' strategy...
2026-02-13 16:56:29,039 - INFO - [The Guardian] Success with 'requests_browser'. Found content (915 words).
2026-02-13 16:56:29,073 - INFO - Duplicate article skipped: Ebo Taylor, Ghanaian highlife pioneer and guitarist, dies age 90 | Music | The Guardian from The Guardian
2026-02-13 16:56:29,592 - INFO - [BBC] Article: https://www.bbc.com/news/articles/cgrzwn4yg7jo?at_medium=RSS&at_campaign=rss
2026-02-13 16:56:29,592 - INFO - [BBC] Attempt 1/1: Trying with 'requests_browser' strategy...
2026-02-13 16:56:29,655 - INFO - [BBC] Success with 'requests_browser'. Found content (842 words).
2026-02-13 16:56:29,697 - INFO - Duplicate article skipped: Bangladesh election: BNP sweeps to victory in first vote since Gen Z uprising from BBC
2026-02-13 16:56:30,560 - INFO - [The Guardian] Article: https://www.theguardian.com/environment/2026/feb/09/weather-tracker-spain-and-portugal-hit-by-third-fatal-storm
2026-02-13 16:56:30,560 - INFO - [The Guardian] Attempt 1/1: Trying with 'requests_browser' strategy...
2026-02-13 16:56:30,691 - INFO - [BBC] Article: https://www.bbc.com/news/articles/c7951d1pgewo?at_medium=RSS&at_campaign=rss
2026-02-13 16:56:30,691 - INFO - [BBC] Attempt 1/1: Trying with 'requests_browser' strategy...
2026-02-13 16:56:30,697 - INFO - [The Guardian] Success with 'requests_browser'. Found content (391 words).
2026-02-13 16:56:30,744 - INFO - Duplicate article skipped: Weather tracker: Spain and Portugal hit by third deadly storm in two weeks | Flooding | The Guardian from The Guardian
2026-02-13 16:56:30,770 - INFO - [BBC] Success with 'requests_browser'. Found content (550 words).
2026-02-13 16:56:30,810 - INFO - Saved article: Louvre: Leak damages 19th Century painting in latest setback from BBC
2026-02-13 16:56:31,443 - INFO - [The Guardian] Article: https://www.theguardian.com/world/2026/feb/07/sudan-rsf-drone-attack-rahad-kills-displaced-people
2026-02-13 16:56:31,443 - INFO - [The Guardian] Attempt 1/1: Trying with 'requests_browser' strategy...
2026-02-13 16:56:31,586 - INFO - [The Guardian] Success with 'requests_browser'. Found content (817 words).
2026-02-13 16:56:31,633 - INFO - Duplicate article skipped: RSF drone attack kills 24 people fleeing fighting in central Sudan, says doctors group | Sudan | The Guardian from The Guardian
2026-02-13 16:56:31,804 - INFO - [BBC] Article: https://www.bbc.com/news/articles/c8758xv4eqeo?at_medium=RSS&at_campaign=rss
2026-02-13 16:56:31,804 - INFO - [BBC] Attempt 1/1: Trying with 'requests_browser' strategy...
2026-02-13 16:56:31,850 - INFO - [BBC] Success with 'requests_browser'. Found content (504 words).
2026-02-13 16:56:31,892 - INFO - Saved article: Orban rival Magyar accuses opponents of planning blackmail ahead of Hungarian election from BBC
2026-02-13 16:56:32,143 - INFO - [The Guardian] Article: https://www.theguardian.com/global-development/2026/feb/07/businesses-close-protest-malawi-tax-changes-electronic-invoicing-system
2026-02-13 16:56:32,144 - INFO - [The Guardian] Attempt 1/1: Trying with 'requests_browser' strategy...
2026-02-13 16:56:32,176 - INFO - [The Guardian] Success with 'requests_browser'. Found content (591 words).
2026-02-13 16:56:32,236 - INFO - Duplicate article skipped: Thousands of Malawi businesses close in protest over tax changes | Global development | The Guardian from The Guardian
2026-02-13 16:56:32,716 - INFO - [BBC] Article: https://www.bbc.com/news/articles/ce82xgd2g3yo?at_medium=RSS&at_campaign=rss
2026-02-13 16:56:32,716 - INFO - [BBC] Attempt 1/1: Trying with 'requests_browser' strategy...
2026-02-13 16:56:32,773 - INFO - [BBC] Success with 'requests_browser'. Found content (1067 words).
2026-02-13 16:56:32,824 - INFO - Saved article: Head of Dubai-based ports giant DP World quits after Epstein links revealed from BBC
2026-02-13 16:56:33,455 - INFO - [The Guardian] Article: https://www.theguardian.com/world/2026/feb/13/tumbler-ridge-school-shooting-canada-unity-grief
2026-02-13 16:56:33,455 - INFO - [The Guardian] Attempt 1/1: Trying with 'requests_browser' strategy...
2026-02-13 16:56:33,729 - INFO - [The Guardian] Success with 'requests_browser'. Found content (980 words).
2026-02-13 16:56:33,769 - INFO - Duplicate article skipped: ‘What word is there for this?’ Tumbler Ridge reaches for unity in storm of grief | Canada | The Guardian from The Guardian
2026-02-13 16:56:33,995 - INFO - [BBC] Article: https://www.bbc.com/news/articles/cn0zdd7yl4vo?at_medium=RSS&at_campaign=rss
2026-02-13 16:56:33,995 - INFO - [BBC] Attempt 1/1: Trying with 'requests_browser' strategy...
2026-02-13 16:56:34,053 - INFO - [BBC] Success with 'requests_browser'. Found content (1089 words).
2026-02-13 16:56:34,091 - INFO - Duplicate article skipped: Trump revokes landmark EPA ruling that greenhouse gases endanger public health from BBC
2026-02-13 16:56:34,624 - INFO - [BBC] Article: https://www.bbc.com/sport/articles/c4gjl7dz5pmo?at_medium=RSS&at_campaign=rss
2026-02-13 16:56:34,624 - INFO - [BBC] Attempt 1/1: Trying with 'requests_browser' strategy...
2026-02-13 16:56:34,669 - INFO - [BBC] Success with 'requests_browser'. Found content (95 words).
2026-02-13 16:56:34,703 - INFO - Saved article: Ukrainian slider Vladyslav Herasevych's appeal to wear 'helmet of remembrance' dismissed by sport court - BBC Sport from BBC
2026-02-13 16:56:35,041 - INFO - [The Guardian] Article: https://www.theguardian.com/world/2026/feb/13/haiti-winter-olympics-ski-uniform-redesigned-ioc-guidelines
2026-02-13 16:56:35,041 - INFO - [The Guardian] Attempt 1/1: Trying with 'requests_browser' strategy...
2026-02-13 16:56:35,175 - INFO - [The Guardian] Success with 'requests_browser'. Found content (654 words).
2026-02-13 16:56:35,235 - INFO - Saved article: Haiti’s Winter Olympics kit redesigned at last minute to fit IOC guidelines | Haiti | The Guardian from The Guardian
2026-02-13 16:56:35,301 - INFO - Selenium driver initialized successfully.
2026-02-13 16:56:35,301 - INFO - Selenium driver initialized successfully.
2026-02-13 16:56:35,301 - INFO - Starting scrape for Times of India RSS feed: https://timesofindia.indiatimes.com/rssfeeds/296589292.cms
2026-02-13 16:56:35,301 - INFO - Starting scrape for The Hindu RSS feed: https://www.thehindu.com/news/national/feeder/default.rss
2026-02-13 16:56:35,529 - INFO - Found 20 articles in Times of India RSS feed. Processing up to 10.
2026-02-13 16:56:35,529 - INFO - [Times of India] Article: https://timesofindia.indiatimes.com/world/us/bombshell-report-claims-trump-uncomfortable-with-noem-and-lewandowskis-relationship-dhs-chief-fired-coast-guard-pilot-over-her-missing-blanket/articleshow/128313248.cms
2026-02-13 16:56:35,529 - INFO - [Times of India] Attempt 1/1: Trying with 'selenium_browser' strategy...
2026-02-13 16:56:35,547 - INFO - Found 100 articles in The Hindu RSS feed. Processing up to 10.
2026-02-13 16:56:35,547 - INFO - [The Hindu] Article: https://www.thehindu.com/news/national/kerala/chennithala-serves-privilege-notice-against-vasavan/article70629787.ece
2026-02-13 16:56:35,547 - INFO - [The Hindu] Attempt 1/1: Trying with 'selenium_browser' strategy...
2026-02-13 16:56:35,645 - INFO - [BBC] Article: https://www.bbc.com/news/articles/cpv8nmr97rwo?at_medium=RSS&at_campaign=rss
2026-02-13 16:56:35,646 - INFO - [BBC] Attempt 1/1: Trying with 'requests_browser' strategy...
2026-02-13 16:56:35,694 - INFO - [BBC] Success with 'requests_browser'. Found content (358 words).
2026-02-13 16:56:35,751 - INFO - Saved article: Hello Kitty designer steps down after 46 years from BBC
2026-02-13 16:56:35,935 - INFO - [The Guardian] Article: https://www.theguardian.com/world/2026/feb/13/canada-school-deaths-suspect-created-shooting-simulator-roblox
2026-02-13 16:56:35,935 - INFO - [The Guardian] Attempt 1/1: Trying with 'requests_browser' strategy...
2026-02-13 16:56:35,977 - INFO - [The Guardian] Success with 'requests_browser'. Found content (431 words).
2026-02-13 16:56:36,042 - INFO - Duplicate article skipped: Canada school deaths suspect created shooting simulator on gaming platform | Tumbler Ridge school shooting | The Guardian from The Guardian
2026-02-13 16:56:36,845 - INFO - [The Guardian] Article: https://www.theguardian.com/world/2026/feb/13/tumbler-ridge-shooting-victims-remembered-canada
2026-02-13 16:56:36,845 - INFO - [The Guardian] Attempt 1/1: Trying with 'requests_browser' strategy...
2026-02-13 16:56:36,902 - INFO - [The Guardian] Success with 'requests_browser'. Found content (776 words).
2026-02-13 16:56:36,972 - INFO - Duplicate article skipped: ‘The tears just keep flowing’: child victims of Tumbler Ridge shooting remembered as Carney heads to join vigil | Tumbler Ridge school shooting | The Guardian from The Guardian
2026-02-13 16:56:37,098 - INFO - [BBC] Article: https://www.bbc.com/news/videos/c4gj39dprkno?at_medium=RSS&at_campaign=rss
2026-02-13 16:56:37,098 - INFO - [BBC] Attempt 1/1: Trying with 'requests_browser' strategy...
2026-02-13 16:56:37,220 - INFO - [BBC] Success with 'requests_browser'. Found content (98 words).
2026-02-13 16:56:37,316 - INFO - Duplicate article skipped: Watch moment Falcon 9 blasts off to International Space Station from BBC
2026-02-13 16:56:38,028 - INFO - [The Guardian] Article: https://www.theguardian.com/world/2026/feb/12/police-visited-home-of-tumbler-ridge-suspect-multiple-times-over-mental-health-concerns
2026-02-13 16:56:38,028 - INFO - [The Guardian] Attempt 1/1: Trying with 'requests_browser' strategy...
2026-02-13 16:56:38,116 - INFO - [The Guardian] Success with 'requests_browser'. Found content (924 words).
2026-02-13 16:56:38,144 - INFO - [BBC] Article: https://www.bbc.com/news/articles/c0q30d20lkqo?at_medium=RSS&at_campaign=rss
2026-02-13 16:56:38,150 - INFO - [BBC] Attempt 1/1: Trying with 'requests_browser' strategy...
2026-02-13 16:56:38,389 - INFO - Duplicate article skipped: Police visited home of Canada school shooting suspect multiple times over mental health concerns | Tumbler Ridge school shooting | The Guardian from The Guardian
2026-02-13 16:56:38,431 - INFO - [BBC] Success with 'requests_browser'. Found content (379 words).
2026-02-13 16:56:38,590 - INFO - Duplicate article skipped: Cyril Ramaphosa orders SANDF to tackle South Africa gang violence in his Sona from BBC
2026-02-13 16:56:47,913 - INFO - [The Hindu] Page content loaded.
2026-02-13 16:56:48,250 - INFO - [The Hindu] Success with 'selenium_browser'. Found content (83 words).
2026-02-13 16:56:48,604 - INFO - Saved article: Chennithala serves privilege notice against Vasavan - The Hindu from The Hindu
2026-02-13 16:56:49,498 - INFO - [The Hindu] Article: https://www.thehindu.com/news/international/nikhil-gupta-pleads-guilty-us-court-sikh-separatist-pannun-murder-plot/article70629819.ece
2026-02-13 16:56:49,498 - INFO - [The Hindu] Attempt 1/1: Trying with 'selenium_browser' strategy...
2026-02-13 16:57:10,303 - INFO - [The Hindu] Page content loaded.
2026-02-13 16:57:10,438 - INFO - [The Hindu] Success with 'selenium_browser'. Found content (220 words).
2026-02-13 16:57:10,516 - INFO - Saved article: Accused Nikhil Gupta pleads guilty in U.S. court over murder-for-hire plot against Sikh separatist Pannun - The Hindu from The Hindu
2026-02-13 16:57:11,238 - INFO - [Times of India] Page content loaded.
2026-02-13 16:57:11,596 - INFO - [Times of India] Success with 'selenium_browser'. Found content (731 words).
2026-02-13 16:57:11,660 - INFO - [The Hindu] Article: https://www.thehindu.com/news/national/iaf-royal-thai-air-force-jointly-conduct-air-combat-exercise-in-indian-ocean-region/article70629238.ece
2026-02-13 16:57:11,660 - INFO - [The Hindu] Attempt 1/1: Trying with 'selenium_browser' strategy...
2026-02-13 16:57:11,733 - INFO - Saved article: Bombshell report claims Trump ‘uncomfortable’ with Noem and Lewandowski’s relationship; DHS chief fired Coast Guard pilot over her missing blanket - The Times of India from Times of India
2026-02-13 16:57:12,497 - INFO - [Times of India] Article: https://timesofindia.indiatimes.com/world/us/shes-never-been-in-jail-marine-war-veteran-pleads-for-assistance-after-ice-arrested-his-wife-during-interview-for-permanent-resident-card/articleshow/128311669.cms
2026-02-13 16:57:12,497 - INFO - [Times of India] Attempt 1/1: Trying with 'selenium_browser' strategy...
2026-02-13 16:57:12,934 - INFO - [The Hindu] Page content loaded.
2026-02-13 16:57:13,171 - INFO - [The Hindu] Success with 'selenium_browser'. Found content (218 words).
2026-02-13 16:57:13,308 - INFO - Saved article: IAF, Royal Thai Air Force jointly conduct air combat exercise in Indian Ocean Region - The Hindu from The Hindu
2026-02-13 16:57:14,225 - INFO - [The Hindu] Article: https://www.thehindu.com/news/cities/bangalore/police-book-case-over-fake-transfer-recommendation-issued-in-cms-name/article70629780.ece
2026-02-13 16:57:14,225 - INFO - [The Hindu] Attempt 1/1: Trying with 'selenium_browser' strategy...
2026-02-13 16:57:15,106 - INFO - [Times of India] Page content loaded.
2026-02-13 16:57:15,433 - INFO - [Times of India] Success with 'selenium_browser'. Found content (440 words).
2026-02-13 16:57:15,594 - INFO - Saved article: 'She’s never been in jail': Marine war veteran pleads for assistance after ICE arrested his wife during interview for permanent resident card - The Times of India from Times of India
2026-02-13 16:57:16,121 - INFO - [Times of India] Article: https://timesofindia.indiatimes.com/world/us/unborn-babies-are-now-treated-as-human-beings-puerto-rico-signs-historic-law-recognising-the-fetus/articleshow/128314065.cms
2026-02-13 16:57:16,121 - INFO - [Times of India] Attempt 1/1: Trying with 'selenium_browser' strategy...
2026-02-13 16:57:17,015 - INFO - [Times of India] Page content loaded.
2026-02-13 16:57:17,248 - INFO - [Times of India] Success with 'selenium_browser'. Found content (726 words).
2026-02-13 16:57:17,442 - INFO - Saved article: ‘Unborn babies are now treated as human beings’: Puerto Rico signs historic law recognising the fetus | World News - The Times of India from Times of India
2026-02-13 16:57:18,524 - INFO - [The Hindu] Page content loaded.
2026-02-13 16:57:18,610 - INFO - [The Hindu] Success with 'selenium_browser'. Found content (293 words).
2026-02-13 16:57:18,818 - INFO - Saved article: Police book case over fake transfer recommendation issued in CM’s name - The Hindu from The Hindu
2026-02-13 16:57:18,921 - INFO - [Times of India] Article: https://timesofindia.indiatimes.com/world/south-asia/indias-sheikh-hasina-dilemma-resurgent-bnp-seems-set-to-press-extradition-demand-what-are-new-delhis-options/articleshow/128307854.cms
2026-02-13 16:57:18,922 - INFO - [Times of India] Attempt 1/1: Trying with 'selenium_browser' strategy...
2026-02-13 16:57:20,263 - INFO - [The Hindu] Article: https://www.thehindu.com/news/national/give-some-acknowledgement-to-dhrupad-singer-supreme-court-asks-ar-rahman/article70629581.ece
2026-02-13 16:57:20,263 - INFO - [The Hindu] Attempt 1/1: Trying with 'selenium_browser' strategy...
2026-02-13 16:57:20,739 - INFO - [Times of India] Page content loaded.
2026-02-13 16:57:21,078 - INFO - [Times of India] Success with 'selenium_browser'. Found content (921 words).
2026-02-13 16:57:21,191 - INFO - Saved article: India's Sheikh Hasina dilemma: Resurgent BNP seems set to press extradition demand - what are New Delhi's options? - The Times of India from Times of India
2026-02-13 16:57:22,297 - INFO - [Times of India] Article: https://timesofindia.indiatimes.com/world/europe/even-us-wont-be-powerful-to-go-alone-german-chancellor-calls-for-revival-of-trans-atlantic-ties/articleshow/128311443.cms
2026-02-13 16:57:22,297 - INFO - [Times of India] Attempt 1/1: Trying with 'selenium_browser' strategy...
2026-02-13 16:57:22,707 - INFO - [The Hindu] Page content loaded.
2026-02-13 16:57:22,849 - INFO - [The Hindu] Success with 'selenium_browser'. Found content (374 words).
2026-02-13 16:57:23,076 - INFO - Saved article: Give ‘some acknowledgement’ to Dhrupad singer, Supreme Court asks A.R. Rahman - The Hindu from The Hindu
2026-02-13 16:57:24,156 - INFO - [The Hindu] Article: https://www.thehindu.com/news/national/mha-to-compile-standard-english-medical-dictionary-to-promote-medical-education-in-indian-languages/article70628877.ece
2026-02-13 16:57:24,156 - INFO - [The Hindu] Attempt 1/1: Trying with 'selenium_browser' strategy...
2026-02-13 16:57:24,446 - INFO - [Times of India] Page content loaded.
2026-02-13 16:57:24,697 - INFO - [Times of India] Success with 'selenium_browser'. Found content (645 words).
2026-02-13 16:57:24,841 - INFO - Saved article: ‘Even US won't be powerful to go alone’: German chancellor calls for revival of trans-Atlantic ties - The Times of India from Times of India
2026-02-13 16:57:25,495 - INFO - [Times of India] Article: https://timesofindia.indiatimes.com/world/us/global-warming-american-cooling-us-freezes-climate-science/articleshow/128313088.cms
2026-02-13 16:57:25,495 - INFO - [Times of India] Attempt 1/1: Trying with 'selenium_browser' strategy...
2026-02-13 16:57:25,950 - INFO - [The Hindu] Page content loaded.
2026-02-13 16:57:26,305 - INFO - [The Hindu] Success with 'selenium_browser'. Found content (603 words).
2026-02-13 16:57:26,553 - INFO - Saved article: MHA to compile standard English medical dictionary to promote medical education in Indian languages - The Hindu from The Hindu
2026-02-13 16:57:27,471 - INFO - [The Hindu] Article: https://www.thehindu.com/news/national/karnataka/relocating-racing-tracks-from-btc-to-kunigal-will-be-time-and-cost-intensive/article70628057.ece
2026-02-13 16:57:27,471 - INFO - [The Hindu] Attempt 1/1: Trying with 'selenium_browser' strategy...
2026-02-13 16:57:27,683 - INFO - [Times of India] Page content loaded.
2026-02-13 16:57:27,881 - INFO - [Times of India] Success with 'selenium_browser'. Found content (560 words).
2026-02-13 16:57:28,023 - INFO - Saved article: Global warming, American cooling: US freezes climate science - The Times of India from Times of India
2026-02-13 16:57:28,771 - INFO - [The Hindu] Page content loaded.
2026-02-13 16:57:29,003 - INFO - [The Hindu] Success with 'selenium_browser'. Found content (645 words).
2026-02-13 16:57:29,106 - INFO - Saved article: Relocating racing tracks from BTC to Kunigal will be time and cost intensive - The Hindu from The Hindu
2026-02-13 16:57:29,418 - INFO - [Times of India] Article: https://timesofindia.indiatimes.com/world/us/indians-dont-wear-deodorants-hindu-hating-comedian-goes-to-another-city-council-meeting-expresses-hate-towards-people-from-mumbai/articleshow/128312730.cms
2026-02-13 16:57:29,418 - INFO - [Times of India] Attempt 1/1: Trying with 'selenium_browser' strategy...
2026-02-13 16:57:29,824 - INFO - [The Hindu] Article: https://www.thehindu.com/news/cities/bangalore/hmt-bhavan-bus-stop-emerges-as-new-traffic-choke-point-after-bengalurus-hebbal-flyover/article70622929.ece
2026-02-13 16:57:29,824 - INFO - [The Hindu] Attempt 1/1: Trying with 'selenium_browser' strategy...
2026-02-13 16:57:31,990 - INFO - [Times of India] Page content loaded.
2026-02-13 16:57:32,238 - INFO - [Times of India] Success with 'selenium_browser'. Found content (325 words).
2026-02-13 16:57:32,542 - INFO - Saved article: 'Indians don't wear deodorants': Hindu-hating comedian goes to another city council meeting, expresses hate towards 'people from Mumbai' - The Times of India from Times of India
2026-02-13 16:57:33,984 - INFO - [Times of India] Article: https://timesofindia.indiatimes.com/world/us/saving-enough-money-to-pay-100000-h-1b-visa-texas-whistleblower-says-legal-immigration-equally-concerning/articleshow/128311147.cms
2026-02-13 16:57:33,984 - INFO - [Times of India] Attempt 1/1: Trying with 'selenium_browser' strategy...
2026-02-13 16:57:35,311 - INFO - [Times of India] Page content loaded.
2026-02-13 16:57:35,471 - INFO - [Times of India] Success with 'selenium_browser'. Found content (363 words).
2026-02-13 16:57:35,536 - INFO - Duplicate article skipped: Saving enough money to pay $100,000 for H-1B visa: Texas whistleblower says legal immigration equally concerning - The Times of India from Times of India
2026-02-13 16:57:36,801 - INFO - [Times of India] Article: https://timesofindia.indiatimes.com/world/us/staggeringly-overcrowded-jamie-raskin-claims-60-detainees-packed-shoulder-to-shoulder-with-single-toilet-in-baltimore-ice-holding-room/articleshow/128309220.cms
2026-02-13 16:57:36,801 - INFO - [Times of India] Attempt 1/1: Trying with 'selenium_browser' strategy...
2026-02-13 16:57:38,296 - INFO - [Times of India] Page content loaded.
2026-02-13 16:57:38,431 - INFO - [Times of India] Success with 'selenium_browser'. Found content (477 words).
2026-02-13 16:57:38,502 - INFO - Duplicate article skipped: 'Staggeringly overcrowded': Jamie Raskin claims 60 detainees packed ‘shoulder-to-shoulder’ with single toilet in Baltimore ICE holding room - The Times of India from Times of India
2026-02-13 16:57:39,899 - INFO - [Times of India] Article: https://timesofindia.indiatimes.com/etimes/trending/friday-the-13th-is-here-shocking-legends-from-across-the-globe-that-explain-why-millions-fear-it/articleshow/128306567.cms
2026-02-13 16:57:39,899 - INFO - [Times of India] Attempt 1/1: Trying with 'selenium_browser' strategy...
2026-02-13 16:57:43,609 - INFO - [Times of India] Page content loaded.
2026-02-13 16:57:43,817 - INFO - [Times of India] Success with 'selenium_browser'. Found content (1140 words).
2026-02-13 16:57:43,909 - INFO - Duplicate article skipped: Friday the 13th is here: Shocking legends from across the globe that explain why millions fear it | - The Times of India from Times of India
2026-02-13 16:57:44,668 - INFO - [Times of India] (Thread) Finished. Attempting to shut down its Selenium driver.
2026-02-13 16:57:44,933 - INFO - [Times of India] (Thread) driver.quit() successful.
2026-02-13 16:57:49,314 - INFO - [The Hindu] Page content loaded.
2026-02-13 16:57:49,415 - INFO - [The Hindu] Success with 'selenium_browser'. Found content (460 words).
2026-02-13 16:57:49,577 - INFO - Saved article: HMT Bhavan bus stop emerges as new traffic choke point after Bengaluru’s Hebbal flyover - The Hindu from The Hindu
2026-02-13 16:57:50,676 - INFO - [The Hindu] Article: https://www.thehindu.com/news/national/telangana/bjp-emerges-as-single-largest-party-in-karimnagar-and-nizamabad-municipal-corporations/article70629654.ece
2026-02-13 16:57:50,676 - INFO - [The Hindu] Attempt 1/1: Trying with 'selenium_browser' strategy...
2026-02-13 16:57:51,457 - INFO - [The Hindu] Page content loaded.
2026-02-13 16:57:51,495 - INFO - [The Hindu] Success with 'selenium_browser'. Found content (313 words).
2026-02-13 16:57:51,548 - INFO - Saved article: BJP emerges as single largest party in Karimnagar and Nizamabad municipal corporations - The Hindu from The Hindu
2026-02-13 16:57:52,480 - INFO - [The Hindu] Article: https://www.thehindu.com/news/national/kerala/natyadharmi-awards-for-three/article70629504.ece
2026-02-13 16:57:52,480 - INFO - [The Hindu] Attempt 1/1: Trying with 'selenium_browser' strategy...
2026-02-13 16:57:53,804 - INFO - [The Hindu] Page content loaded.
2026-02-13 16:57:53,882 - INFO - [The Hindu] Success with 'selenium_browser'. Found content (93 words).
2026-02-13 16:57:53,982 - INFO - Saved article: Natyadharmi awards for three - The Hindu from The Hindu
2026-02-13 16:57:54,616 - INFO - [The Hindu] (Thread) Finished. Attempting to shut down its Selenium driver.
2026-02-13 16:57:54,787 - INFO - [The Hindu] (Thread) driver.quit() successful.
2026-02-13 16:57:54,788 - INFO - Shutting down thread pool (wait=False)...
2026-02-13 16:57:54,788 - INFO - Scraped: 1 The Guardian, 7 Times of India, 10 The Hindu, 6 BBC articles. (Total saved: 24)
2026-02-13 16:57:54,788 - INFO - --- Scraping job finished ---
2026-02-13 16:57:54,794 - INFO - --- Scraper service stopped and database connection closed. ---
2026-02-13 16:57:54,794 - INFO - --- Main thread finished. Forcing process exit to kill zombie threads. ---
