2025-12-27 02:01:27,320 - INFO - Initializing database connection at: news_articles.db
2025-12-27 02:01:27,321 - INFO - --- Scraper service started (CI Mode: Run Once) ---
2025-12-27 02:01:27,321 - INFO - --- Starting new scraping job (Parallel Mode) ---
2025-12-27 02:01:27,321 - INFO - Creating new robust session with 3 retries on 5xx/connection/read errors.
2025-12-27 02:01:27,321 - INFO - Proxy is DISABLED.
2025-12-27 02:01:27,321 - INFO - Starting scrape for BBC RSS feed: http://feeds.bbci.co.uk/news/world/rss.xml
2025-12-27 02:01:27,322 - INFO - [Times of India] (Thread) requires Selenium. Initializing driver...
2025-12-27 02:01:27,322 - INFO - Initializing headless Selenium Chrome driver (using SeleniumManager)...
2025-12-27 02:01:27,322 - INFO - Starting scrape for The Guardian RSS feed: https://www.theguardian.com/world/rss
2025-12-27 02:01:27,323 - INFO - [The Hindu] (Thread) requires Selenium. Initializing driver...
2025-12-27 02:01:27,327 - INFO - Initializing headless Selenium Chrome driver (using SeleniumManager)...
2025-12-27 02:01:27,327 - INFO - Submitted 4 jobs to thread pool. Waiting up to 300s for completion...
2025-12-27 02:01:27,433 - INFO - Found 45 articles in The Guardian RSS feed. Processing up to 10.
2025-12-27 02:01:27,433 - INFO - [The Guardian] Article: https://www.theguardian.com/world/2025/dec/26/israel-first-country-to-recognise-somaliland-sovereign-state
2025-12-27 02:01:27,433 - INFO - [The Guardian] Attempt 1/1: Trying with 'requests_browser' strategy...
2025-12-27 02:01:27,593 - INFO - [The Guardian] Success with 'requests_browser'. Found content (677 words).
2025-12-27 02:01:27,637 - INFO - Duplicate article skipped: Israel becomes first country to recognise Somaliland as sovereign state | Somaliland | The Guardian from The Guardian
2025-12-27 02:01:27,642 - INFO - Found 26 articles in BBC RSS feed. Processing up to 10.
2025-12-27 02:01:27,642 - INFO - [BBC] Article: https://www.bbc.com/news/articles/cp8zg25p26zo?at_medium=RSS&at_campaign=rss
2025-12-27 02:01:27,642 - INFO - [BBC] Attempt 1/1: Trying with 'requests_browser' strategy...
2025-12-27 02:01:27,829 - INFO - [BBC] Success with 'requests_browser'. Found content (936 words).
2025-12-27 02:01:27,866 - INFO - Duplicate article skipped: Zelensky plans to meet Trump on Sunday for talks on peace deal from BBC
2025-12-27 02:01:28,359 - INFO - [The Guardian] Article: https://www.theguardian.com/world/2025/dec/26/british-egyptian-activist-alaa-abd-el-fattah-arrives-in-uk-after-travel-ban-lifted
2025-12-27 02:01:28,359 - INFO - [The Guardian] Attempt 1/1: Trying with 'requests_browser' strategy...
2025-12-27 02:01:28,521 - INFO - [The Guardian] Success with 'requests_browser'. Found content (667 words).
2025-12-27 02:01:28,563 - INFO - Duplicate article skipped: British-Egyptian activist Alaa Abd el-Fattah arrives in UK after travel ban lifted | Egypt | The Guardian from The Guardian
2025-12-27 02:01:28,720 - INFO - [BBC] Article: https://www.bbc.com/news/articles/cj69j8l918do?at_medium=RSS&at_campaign=rss
2025-12-27 02:01:28,720 - INFO - [BBC] Attempt 1/1: Trying with 'requests_browser' strategy...
2025-12-27 02:01:28,754 - INFO - [BBC] Success with 'requests_browser'. Found content (717 words).
2025-12-27 02:01:28,793 - INFO - Duplicate article skipped: US launches strikes against Islamic State in Nigeria from BBC
2025-12-27 02:01:29,255 - INFO - [The Guardian] Article: https://www.theguardian.com/us-news/2025/dec/26/trump-supporters-nigeria-airstrikes
2025-12-27 02:01:29,255 - INFO - [The Guardian] Attempt 1/1: Trying with 'requests_browser' strategy...
2025-12-27 02:01:29,284 - INFO - [The Guardian] Success with 'requests_browser'. Found content (853 words).
2025-12-27 02:01:29,328 - INFO - Duplicate article skipped: Trump supporters hail US strikes in Nigeria as ‘amazing Christmas present’ | Republicans | The Guardian from The Guardian
2025-12-27 02:01:29,664 - INFO - [BBC] Article: https://www.bbc.com/news/articles/cx25387dj8no?at_medium=RSS&at_campaign=rss
2025-12-27 02:01:29,664 - INFO - [BBC] Attempt 1/1: Trying with 'requests_browser' strategy...
2025-12-27 02:01:29,691 - INFO - [BBC] Success with 'requests_browser'. Found content (386 words).
2025-12-27 02:01:29,722 - INFO - Duplicate article skipped: Homs: Deadly explosion during Friday prayers inside Syrian mosque from BBC
2025-12-27 02:01:30,379 - INFO - [The Guardian] Article: https://www.theguardian.com/us-news/live/2025/dec/26/us-nigeria-strikes-militants-donald-trump-zelenskyy-ukraine-epstein-us-politics-latest-news-updates
2025-12-27 02:01:30,379 - INFO - [The Guardian] Attempt 1/1: Trying with 'requests_browser' strategy...
2025-12-27 02:01:30,619 - INFO - [BBC] Article: https://www.bbc.com/news/articles/c9d9znp22pyo?at_medium=RSS&at_campaign=rss
2025-12-27 02:01:30,620 - INFO - [BBC] Attempt 1/1: Trying with 'requests_browser' strategy...
2025-12-27 02:01:30,733 - INFO - [The Guardian] Success with 'requests_browser'. Found content (3124 words).
2025-12-27 02:01:30,816 - INFO - Duplicate article skipped: Nigeria provided US with intelligence for strikes on Islamist militants, says foreign minister – as it happened | US politics | The Guardian from The Guardian
2025-12-27 02:01:30,822 - INFO - [BBC] Success with 'requests_browser'. Found content (396 words).
2025-12-27 02:01:30,857 - INFO - Duplicate article skipped: Two killed in suspected Palestinian ramming and knife attack in Israel from BBC
2025-12-27 02:01:31,333 - INFO - [The Guardian] Article: https://www.theguardian.com/world/2025/dec/26/us-warns-of-more-nigeria-strikes-as-abuja-talks-of-joint-ongoing-operations
2025-12-27 02:01:31,333 - INFO - [The Guardian] Attempt 1/1: Trying with 'requests_browser' strategy...
2025-12-27 02:01:31,512 - INFO - [The Guardian] Success with 'requests_browser'. Found content (1085 words).
2025-12-27 02:01:31,586 - INFO - Duplicate article skipped: US warns of more Nigeria strikes as Abuja talks of ‘joint ongoing operations’ | Nigeria | The Guardian from The Guardian
2025-12-27 02:01:31,803 - INFO - [BBC] Article: https://www.bbc.com/news/articles/c4gk15x85jlo?at_medium=RSS&at_campaign=rss
2025-12-27 02:01:31,803 - INFO - [BBC] Attempt 1/1: Trying with 'requests_browser' strategy...
2025-12-27 02:01:31,827 - INFO - [BBC] Success with 'requests_browser'. Found content (357 words).
2025-12-27 02:01:31,862 - INFO - Duplicate article skipped: Thailand bombs Cambodian border area as ceasefire talks continue from BBC
2025-12-27 02:01:32,911 - INFO - [BBC] Article: https://www.bbc.com/news/articles/c4g417md05go?at_medium=RSS&at_campaign=rss
2025-12-27 02:01:32,911 - INFO - [BBC] Attempt 1/1: Trying with 'requests_browser' strategy...
2025-12-27 02:01:32,940 - INFO - [BBC] Success with 'requests_browser'. Found content (485 words).
2025-12-27 02:01:32,979 - INFO - Duplicate article skipped: Israel recognises Somaliland as independent state, Netanyahu says from BBC
2025-12-27 02:01:33,049 - INFO - [The Guardian] Article: https://www.theguardian.com/world/2025/dec/26/venezuela-political-prisoner-release
2025-12-27 02:01:33,049 - INFO - [The Guardian] Attempt 1/1: Trying with 'requests_browser' strategy...
2025-12-27 02:01:33,073 - INFO - [The Guardian] Success with 'requests_browser'. Found content (540 words).
2025-12-27 02:01:33,112 - INFO - Duplicate article skipped: Venezuela says it released 99 people detained for 2024 election protests | Venezuela | The Guardian from The Guardian
2025-12-27 02:01:33,620 - INFO - [The Guardian] Article: https://www.theguardian.com/world/2025/dec/26/weather-tracker-deep-freeze-canada-us-records-warmest-christmas
2025-12-27 02:01:33,620 - INFO - [The Guardian] Attempt 1/1: Trying with 'requests_browser' strategy...
2025-12-27 02:01:33,638 - INFO - [BBC] Article: https://www.bbc.com/news/articles/crk7y27vp1eo?at_medium=RSS&at_campaign=rss
2025-12-27 02:01:33,638 - INFO - [BBC] Attempt 1/1: Trying with 'requests_browser' strategy...
2025-12-27 02:01:33,642 - INFO - [The Guardian] Success with 'requests_browser'. Found content (361 words).
2025-12-27 02:01:33,677 - INFO - Duplicate article skipped: Weather tracker: Deep freeze grips Canada as US records warmest Christmas | Canada | The Guardian from The Guardian
2025-12-27 02:01:33,696 - INFO - [BBC] Success with 'requests_browser'. Found content (672 words).
2025-12-27 02:01:33,731 - INFO - Duplicate article skipped: 1MDB: Ex-Malaysia PM Najib Razak given 15-year jail term over state funds scandal from BBC
2025-12-27 02:01:34,801 - INFO - [The Guardian] Article: https://www.theguardian.com/environment/2025/dec/25/they-are-scared-of-us-now-how-one-tropical-forest-turned-the-tide-on-loggers
2025-12-27 02:01:34,801 - INFO - [The Guardian] Attempt 1/1: Trying with 'requests_browser' strategy...
2025-12-27 02:01:34,961 - INFO - [The Guardian] Success with 'requests_browser'. Found content (1079 words).
2025-12-27 02:01:34,996 - INFO - Duplicate article skipped: ‘They’re scared of us now’: how co-investment in a tropical forest saw off loggers | Panama | The Guardian from The Guardian
2025-12-27 02:01:35,025 - INFO - [BBC] Article: https://www.bbc.com/news/articles/c1lr3p7n87yo?at_medium=RSS&at_campaign=rss
2025-12-27 02:01:35,025 - INFO - [BBC] Attempt 1/1: Trying with 'requests_browser' strategy...
2025-12-27 02:01:35,054 - INFO - [BBC] Success with 'requests_browser'. Found content (405 words).
2025-12-27 02:01:35,091 - INFO - Duplicate article skipped: California downpours ease but flood and mudslide risks linger from BBC
2025-12-27 02:01:35,459 - INFO - Selenium driver initialized successfully.
2025-12-27 02:01:35,459 - INFO - Starting scrape for The Hindu RSS feed: https://www.thehindu.com/news/national/feeder/default.rss
2025-12-27 02:01:35,460 - INFO - Selenium driver initialized successfully.
2025-12-27 02:01:35,460 - INFO - Starting scrape for Times of India RSS feed: https://timesofindia.indiatimes.com/rssfeeds/296589292.cms
2025-12-27 02:01:35,714 - INFO - Found 20 articles in Times of India RSS feed. Processing up to 10.
2025-12-27 02:01:35,714 - INFO - [Times of India] Article: https://timesofindia.indiatimes.com/world/us/people-will-die-elon-musk-slams-zohran-mamdanis-appointment-of-first-openly-gay-fdny-commissioner/articleshow/126198316.cms
2025-12-27 02:01:35,714 - INFO - [Times of India] Attempt 1/1: Trying with 'selenium_browser' strategy...
2025-12-27 02:01:36,089 - INFO - [The Guardian] Article: https://www.theguardian.com/world/2025/dec/25/cape-froward-new-national-park-patagonia-chile
2025-12-27 02:01:36,089 - INFO - [The Guardian] Attempt 1/1: Trying with 'requests_browser' strategy...
2025-12-27 02:01:36,143 - INFO - [BBC] Article: https://www.bbc.com/news/articles/ckgzwqjpzp4o?at_medium=RSS&at_campaign=rss
2025-12-27 02:01:36,143 - INFO - [BBC] Attempt 1/1: Trying with 'requests_browser' strategy...
2025-12-27 02:01:36,176 - INFO - [BBC] Success with 'requests_browser'. Found content (994 words).
2025-12-27 02:01:36,215 - INFO - Duplicate article skipped: Sumatra floods: Indonesians raise white flags as anger grows over slow flood aid from BBC
2025-12-27 02:01:36,253 - INFO - [The Guardian] Success with 'requests_browser'. Found content (939 words).
2025-12-27 02:01:36,301 - INFO - Duplicate article skipped: ‘It’s the wildest place I have walked’: new national park will join up Chile’s 2,800km wildlife corridor | Chile | The Guardian from The Guardian
2025-12-27 02:01:36,357 - INFO - Found 100 articles in The Hindu RSS feed. Processing up to 10.
2025-12-27 02:01:36,357 - INFO - [The Hindu] Article: https://www.thehindu.com/news/national/committed-to-bringing-back-fugitives-who-fled-india-new-delhi/article70442435.ece
2025-12-27 02:01:36,357 - INFO - [The Hindu] Attempt 1/1: Trying with 'selenium_browser' strategy...
2025-12-27 02:01:37,181 - INFO - [BBC] Article: https://www.bbc.com/news/articles/cm21728nwxlo?at_medium=RSS&at_campaign=rss
2025-12-27 02:01:37,181 - INFO - [BBC] Attempt 1/1: Trying with 'requests_browser' strategy...
2025-12-27 02:01:37,238 - INFO - [BBC] Success with 'requests_browser'. Found content (400 words).
2025-12-27 02:01:37,295 - INFO - Duplicate article skipped: Pope Leo urges 'courage' to end Ukraine war in first Christmas address from BBC
2025-12-27 02:01:37,480 - INFO - [The Guardian] Article: https://www.theguardian.com/world/2025/dec/24/honduras-nasry-tito-asfura-declared-president-donald-trump-backed
2025-12-27 02:01:37,480 - INFO - [The Guardian] Attempt 1/1: Trying with 'requests_browser' strategy...
2025-12-27 02:01:37,692 - INFO - [The Guardian] Success with 'requests_browser'. Found content (577 words).
2025-12-27 02:01:37,805 - INFO - Duplicate article skipped: Trump-backed candidate Asfura declared new president of Honduras | Honduras | The Guardian from The Guardian
2025-12-27 02:02:36,377 - ERROR - [The Hindu] Request failed for strategy 'selenium_browser' on URL https://www.thehindu.com/news/national/committed-to-bringing-back-fugitives-who-fled-india-new-delhi/article70442435.ece: Message: timeout: Timed out receiving message from renderer: 59.878
  (Session info: chrome=143.0.7499.109)
Stacktrace:
#0 0x56077fefe19a <unknown>
#1 0x56077f97bc4b <unknown>
#2 0x56077f963cf3 <unknown>
#3 0x56077f9639d6 <unknown>
#4 0x56077f961897 <unknown>
#5 0x56077f9621af <unknown>
#6 0x56077f970970 <unknown>
#7 0x56077f98a017 <unknown>
#8 0x56077f9906cb <unknown>
#9 0x56077f9628d8 <unknown>
#10 0x56077f989dc3 <unknown>
#11 0x56077fa18f60 <unknown>
#12 0x56077f9bfc42 <unknown>
#13 0x56077f9c08f1 <unknown>
#14 0x56077fec6f39 <unknown>
#15 0x56077fec9e7d <unknown>
#16 0x56077feafc81 <unknown>
#17 0x56077fecaa5b <unknown>
#18 0x56077fe96a50 <unknown>
#19 0x56077feebaa8 <unknown>
#20 0x56077feebc79 <unknown>
#21 0x56077fefd4f3 <unknown>
#22 0x7f9ac329caa4 <unknown>
#23 0x7f9ac3329c6c <unknown>

2025-12-27 02:02:36,377 - ERROR - [The Hindu] All scrape strategies failed for https://www.thehindu.com/news/national/committed-to-bringing-back-fugitives-who-fled-india-new-delhi/article70442435.ece. Falling back to RSS description.
2025-12-27 02:02:36,378 - INFO - Saved article: Committed to bringing back fugitives who fled India: Govt. from The Hindu
2025-12-27 02:02:37,517 - INFO - [The Hindu] Article: https://www.thehindu.com/news/national/panel-probe-report-to-dgca-indigo-flight-disruptions-updates/article70442434.ece
2025-12-27 02:02:37,517 - INFO - [The Hindu] Attempt 1/1: Trying with 'selenium_browser' strategy...
2025-12-27 02:02:39,007 - INFO - [The Hindu] Page content loaded.
2025-12-27 02:02:39,097 - INFO - [The Hindu] Success with 'selenium_browser'. Found content (445 words).
2025-12-27 02:02:39,215 - INFO - Saved article: IndiGo flight disruptions: Panel submits probe report to DGCA - The Hindu from The Hindu
2025-12-27 02:02:40,187 - INFO - [The Hindu] Article: https://www.thehindu.com/news/national/tamil-nadu/aiadmk-extends-last-date-for-submission-of-applications-for-party-ticket-to-contest-poll/article70440895.ece
2025-12-27 02:02:40,187 - INFO - [The Hindu] Attempt 1/1: Trying with 'selenium_browser' strategy...
2025-12-27 02:02:41,025 - INFO - [The Hindu] Page content loaded.
2025-12-27 02:02:41,187 - INFO - [The Hindu] Success with 'selenium_browser'. Found content (253 words).
2025-12-27 02:02:41,290 - INFO - Saved article: AIADMK extends last date for submission of applications for party ticket to contest poll - The Hindu from The Hindu
2025-12-27 02:02:42,753 - INFO - [The Hindu] Article: https://www.thehindu.com/news/national/andhra-pradesh/cpi-seeks-compensation-or-return-of-land-to-farmers-in-eluru-district/article70440067.ece
2025-12-27 02:02:42,753 - INFO - [The Hindu] Attempt 1/1: Trying with 'selenium_browser' strategy...
2025-12-27 02:02:44,226 - INFO - [The Hindu] Page content loaded.
2025-12-27 02:02:44,312 - INFO - [The Hindu] Success with 'selenium_browser'. Found content (244 words).
2025-12-27 02:02:44,398 - INFO - Saved article: CPI seeks compensation or return of land to farmers in Eluru district - The Hindu from The Hindu
2025-12-27 02:02:44,923 - INFO - [The Hindu] Article: https://www.thehindu.com/news/national/the-quiet-deserted-meadows-of-kashmir/article70440757.ece
2025-12-27 02:02:44,923 - INFO - [The Hindu] Attempt 1/1: Trying with 'selenium_browser' strategy...
2025-12-27 02:02:46,255 - INFO - [The Hindu] Page content loaded.
2025-12-27 02:02:46,362 - INFO - [The Hindu] Success with 'selenium_browser'. Found content (2076 words).
2025-12-27 02:02:46,459 - INFO - Saved article: The quiet, deserted meadows of Kashmir - The Hindu from The Hindu
2025-12-27 02:02:47,306 - INFO - [The Hindu] Article: https://www.thehindu.com/news/national/bihar/rabri-devi-may-vacate-official-bungalow-after-month-of-kharmas/article70439923.ece
2025-12-27 02:02:47,306 - INFO - [The Hindu] Attempt 1/1: Trying with 'selenium_browser' strategy...
2025-12-27 02:02:48,285 - INFO - [The Hindu] Page content loaded.
2025-12-27 02:02:48,356 - INFO - [The Hindu] Success with 'selenium_browser'. Found content (523 words).
2025-12-27 02:02:48,428 - INFO - Duplicate article skipped: Rabri Devi may vacate official bungalow after month of Kharmas - The Hindu from The Hindu
2025-12-27 02:02:49,809 - INFO - [The Hindu] Article: https://www.thehindu.com/news/national/bihar/students-alleges-caste-discrimination-by-teachers-in-alawalpur-village-adopted-by-ravi-shankar-prasad/article70440492.ece
2025-12-27 02:02:49,809 - INFO - [The Hindu] Attempt 1/1: Trying with 'selenium_browser' strategy...
2025-12-27 02:02:52,783 - INFO - [The Hindu] Page content loaded.
2025-12-27 02:02:52,904 - INFO - [The Hindu] Success with 'selenium_browser'. Found content (982 words).
2025-12-27 02:02:53,024 - INFO - Duplicate article skipped: Students alleges caste discrimination by teachers in Alawalpur village adopted by Ravi Shankar Prasad - The Hindu from The Hindu
2025-12-27 02:02:54,269 - INFO - [The Hindu] Article: https://www.thehindu.com/news/national/jammu-and-kashmir/jk-hc-court-order-on-pil-related-to-undertrials-surprising-unfortunate-mehbooba/article70440782.ece
2025-12-27 02:02:54,269 - INFO - [The Hindu] Attempt 1/1: Trying with 'selenium_browser' strategy...
2025-12-27 02:02:54,949 - INFO - [The Hindu] Page content loaded.
2025-12-27 02:02:55,013 - INFO - [The Hindu] Success with 'selenium_browser'. Found content (416 words).
2025-12-27 02:02:55,119 - INFO - Duplicate article skipped: J&K HC court order on PIL related to undertrials surprising, unfortunate: Mehbooba - The Hindu from The Hindu
2025-12-27 02:02:55,801 - INFO - [The Hindu] Article: https://www.thehindu.com/news/national/odisha/disintegration-talk-is-rumour-mongering-bjd-will-survive-for-generations-naveen-patnaik/article70440098.ece
2025-12-27 02:02:55,801 - INFO - [The Hindu] Attempt 1/1: Trying with 'selenium_browser' strategy...
2025-12-27 02:02:56,633 - INFO - [The Hindu] Page content loaded.
2025-12-27 02:02:56,713 - INFO - [The Hindu] Success with 'selenium_browser'. Found content (371 words).
2025-12-27 02:02:56,797 - INFO - Duplicate article skipped: Disintegration talk is rumour-mongering, BJD will survive for generations: Naveen Patnaik - The Hindu from The Hindu
2025-12-27 02:02:57,661 - INFO - [The Hindu] Article: https://www.thehindu.com/news/national/kerala/fire-engulfs-plywood-factory-in-perumbavoor/article70440804.ece
2025-12-27 02:02:57,661 - INFO - [The Hindu] Attempt 1/1: Trying with 'selenium_browser' strategy...
2025-12-27 02:02:58,579 - INFO - [The Hindu] Page content loaded.
2025-12-27 02:02:58,624 - INFO - [The Hindu] Success with 'selenium_browser'. Found content (94 words).
2025-12-27 02:02:58,672 - INFO - Duplicate article skipped: Fire engulfs plywood factory in Perumbavoor - The Hindu from The Hindu
2025-12-27 02:02:59,555 - INFO - [The Hindu] (Thread) Finished. Attempting to shut down its Selenium driver.
2025-12-27 02:02:59,708 - INFO - [The Hindu] (Thread) driver.quit() successful.
2025-12-27 02:03:35,763 - ERROR - [Times of India] Request failed for strategy 'selenium_browser' on URL https://timesofindia.indiatimes.com/world/us/people-will-die-elon-musk-slams-zohran-mamdanis-appointment-of-first-openly-gay-fdny-commissioner/articleshow/126198316.cms: HTTPConnectionPool(host='localhost', port=41147): Read timed out. (read timeout=120)
2025-12-27 02:03:35,763 - ERROR - [Times of India] All scrape strategies failed for https://timesofindia.indiatimes.com/world/us/people-will-die-elon-musk-slams-zohran-mamdanis-appointment-of-first-openly-gay-fdny-commissioner/articleshow/126198316.cms. Falling back to RSS description.
2025-12-27 02:03:35,765 - INFO - Saved article: ‘People will die…’: Elon Musk slams Zohran Mamdani’s appointment of first openly gay FDNY commissioner from Times of India
2025-12-27 02:03:36,453 - INFO - [Times of India] Article: https://timesofindia.indiatimes.com/world/us-streamers/nina-lin-unbanned-again-as-twitch-faces-backlash-over-repeated-bans-shoplifting-claims-and-rising-anger-online/articleshow/126195939.cms
2025-12-27 02:03:36,453 - INFO - [Times of India] Attempt 1/1: Trying with 'selenium_browser' strategy...
2025-12-27 02:05:36,552 - ERROR - [Times of India] Request failed for strategy 'selenium_browser' on URL https://timesofindia.indiatimes.com/world/us-streamers/nina-lin-unbanned-again-as-twitch-faces-backlash-over-repeated-bans-shoplifting-claims-and-rising-anger-online/articleshow/126195939.cms: HTTPConnectionPool(host='localhost', port=41147): Read timed out. (read timeout=120)
2025-12-27 02:05:36,552 - ERROR - [Times of India] All scrape strategies failed for https://timesofindia.indiatimes.com/world/us-streamers/nina-lin-unbanned-again-as-twitch-faces-backlash-over-repeated-bans-shoplifting-claims-and-rising-anger-online/articleshow/126195939.cms. Falling back to RSS description.
2025-12-27 02:05:36,553 - INFO - Duplicate article skipped: Nina Lin unbanned again as Twitch faces backlash over repeated bans, shoplifting claims from Times of India
2025-12-27 02:05:37,263 - INFO - [Times of India] Article: https://timesofindia.indiatimes.com/world/us/us-influencer-says-indian-man-who-died-at-canada-hospital-after-8-hour-wait-could-have-stayed-in-mumbai/articleshow/126195940.cms
2025-12-27 02:05:37,263 - INFO - [Times of India] Attempt 1/1: Trying with 'selenium_browser' strategy...
2025-12-27 02:06:27,327 - CRITICAL - --- TIMEOUT: 1 scrape jobs did not complete in 300s. ---
2025-12-27 02:06:27,327 - ERROR - A thread has timed out and will be abandoned.
2025-12-27 02:06:27,327 - INFO - Shutting down thread pool (wait=False)...
2025-12-27 02:06:27,327 - INFO - Scraped: 0 BBC, 5 The Hindu, 0 The Guardian, 1 Timed_Out_Jobs articles. (Total saved: 5)
2025-12-27 02:06:27,327 - INFO - --- Scraping job finished ---
2025-12-27 02:06:27,328 - INFO - --- Scraper service stopped and database connection closed. ---
2025-12-27 02:06:27,328 - INFO - --- Main thread finished. Forcing process exit to kill zombie threads. ---
