2026-01-03 08:33:39,963 - INFO - Initializing database connection at: news_articles.db
2026-01-03 08:33:39,963 - INFO - --- Scraper service started (CI Mode: Run Once) ---
2026-01-03 08:33:39,963 - INFO - --- Starting new scraping job (Parallel Mode) ---
2026-01-03 08:33:39,963 - INFO - Creating new robust session with 3 retries on 5xx/connection/read errors.
2026-01-03 08:33:39,963 - INFO - Proxy is DISABLED.
2026-01-03 08:33:39,964 - INFO - Starting scrape for BBC RSS feed: http://feeds.bbci.co.uk/news/world/rss.xml
2026-01-03 08:33:39,964 - INFO - [Times of India] (Thread) requires Selenium. Initializing driver...
2026-01-03 08:33:39,964 - INFO - Initializing headless Selenium Chrome driver (using SeleniumManager)...
2026-01-03 08:33:39,964 - INFO - Starting scrape for The Guardian RSS feed: https://www.theguardian.com/world/rss
2026-01-03 08:33:39,965 - INFO - [The Hindu] (Thread) requires Selenium. Initializing driver...
2026-01-03 08:33:39,967 - INFO - Initializing headless Selenium Chrome driver (using SeleniumManager)...
2026-01-03 08:33:39,968 - INFO - Submitted 4 jobs to thread pool. Waiting up to 300s for completion...
2026-01-03 08:33:40,496 - INFO - Found 45 articles in The Guardian RSS feed. Processing up to 10.
2026-01-03 08:33:40,496 - INFO - [The Guardian] Article: https://www.theguardian.com/world/2026/jan/02/anthony-joshuas-driver-charged-with-dangerous-driving-after-fatal-crash-in-nigeria
2026-01-03 08:33:40,496 - INFO - [The Guardian] Attempt 1/1: Trying with 'requests_browser' strategy...
2026-01-03 08:33:40,528 - INFO - [The Guardian] Success with 'requests_browser'. Found content (346 words).
2026-01-03 08:33:40,562 - INFO - Duplicate article skipped: Anthony Joshua’s driver charged with dangerous driving after fatal crash in Nigeria | Anthony Joshua | The Guardian from The Guardian
2026-01-03 08:33:41,689 - INFO - [The Guardian] Article: https://www.theguardian.com/science/2026/jan/01/cremation-pyre-in-africa-thought-to-be-worlds-oldest-containing-adult-remains
2026-01-03 08:33:41,689 - INFO - [The Guardian] Attempt 1/1: Trying with 'requests_browser' strategy...
2026-01-03 08:33:41,870 - INFO - [The Guardian] Success with 'requests_browser'. Found content (653 words).
2026-01-03 08:33:41,905 - INFO - Duplicate article skipped: Cremation pyre in Africa thought to be world’s oldest containing adult remains | Anthropology | The Guardian from The Guardian
2026-01-03 08:33:43,171 - INFO - [The Guardian] Article: https://www.theguardian.com/global-development/2026/jan/01/us-aid-cuts-conditions-un-humanitarian-pledge-ocha
2026-01-03 08:33:43,171 - INFO - [The Guardian] Attempt 1/1: Trying with 'requests_browser' strategy...
2026-01-03 08:33:43,203 - INFO - [The Guardian] Success with 'requests_browser'. Found content (631 words).
2026-01-03 08:33:43,239 - INFO - Duplicate article skipped: US ‘adapt, shrink or die’ terms for $2bn aid pot will mean UN bowing down to Washington, say experts | Aid | The Guardian from The Guardian
2026-01-03 08:33:43,867 - INFO - Found 30 articles in BBC RSS feed. Processing up to 10.
2026-01-03 08:33:43,867 - INFO - [BBC] Article: https://www.bbc.com/news/articles/cq6v41jg9jzo?at_medium=RSS&at_campaign=rss
2026-01-03 08:33:43,867 - INFO - [BBC] Attempt 1/1: Trying with 'requests_browser' strategy...
2026-01-03 08:33:44,043 - INFO - [BBC] Success with 'requests_browser'. Found content (850 words).
2026-01-03 08:33:44,082 - INFO - Duplicate article skipped: Sparklers on champagne bottles likely cause of deadly Swiss bar fire from BBC
2026-01-03 08:33:44,529 - INFO - [The Guardian] Article: https://www.theguardian.com/world/2025/dec/31/guinea-junta-chief-mamady-doumbouya-elected-president-after-opposition-boycott
2026-01-03 08:33:44,529 - INFO - [The Guardian] Attempt 1/1: Trying with 'requests_browser' strategy...
2026-01-03 08:33:44,557 - INFO - [The Guardian] Success with 'requests_browser'. Found content (399 words).
2026-01-03 08:33:44,596 - INFO - Duplicate article skipped: Guinea’s junta chief elected president after opposition boycott | Guinea | The Guardian from The Guardian
2026-01-03 08:33:45,237 - INFO - [BBC] Article: https://www.bbc.com/news/articles/c07xn220gdeo?at_medium=RSS&at_campaign=rss
2026-01-03 08:33:45,237 - INFO - [BBC] Attempt 1/1: Trying with 'requests_browser' strategy...
2026-01-03 08:33:45,275 - INFO - [BBC] Success with 'requests_browser'. Found content (791 words).
2026-01-03 08:33:45,310 - INFO - Duplicate article skipped: Swiss ski resort fire: Families of missing teens desperate for news from BBC
2026-01-03 08:33:45,889 - INFO - [The Guardian] Article: https://www.theguardian.com/world/2025/dec/30/saudi-arabia-uae-tension-future-yemen-boiling-point
2026-01-03 08:33:45,889 - INFO - [The Guardian] Attempt 1/1: Trying with 'requests_browser' strategy...
2026-01-03 08:33:46,188 - INFO - [BBC] Article: https://www.bbc.com/news/articles/c2057md3gvro?at_medium=RSS&at_campaign=rss
2026-01-03 08:33:46,188 - INFO - [BBC] Attempt 1/1: Trying with 'requests_browser' strategy...
2026-01-03 08:33:46,223 - INFO - [BBC] Success with 'requests_browser'. Found content (544 words).
2026-01-03 08:33:46,260 - INFO - Duplicate article skipped: Trump intervention warning over Iran protests 'reckless' says foreign minister from BBC
2026-01-03 08:33:46,336 - INFO - [The Guardian] Success with 'requests_browser'. Found content (932 words).
2026-01-03 08:33:46,389 - INFO - Duplicate article skipped: Tensions between Saudis and Emiratis over future of Yemen reach boiling point | Yemen | The Guardian from The Guardian
2026-01-03 08:33:46,933 - INFO - [The Guardian] Article: https://www.theguardian.com/world/live/2026/jan/03/caracas-explosions-venezuela-maduro-latest-news-updates-live
2026-01-03 08:33:46,933 - INFO - [The Guardian] Attempt 1/1: Trying with 'requests_browser' strategy...
2026-01-03 08:33:47,129 - INFO - [The Guardian] Success with 'requests_browser'. Found content (1021 words).
2026-01-03 08:33:47,201 - INFO - Saved article: Venezuela accuses US after explosions and low-flying aircraft reported in Caracas – live | Venezuela | The Guardian from The Guardian
2026-01-03 08:33:47,412 - INFO - [BBC] Article: https://www.bbc.com/news/articles/cx2lnk3486xo?at_medium=RSS&at_campaign=rss
2026-01-03 08:33:47,412 - INFO - [BBC] Attempt 1/1: Trying with 'requests_browser' strategy...
2026-01-03 08:33:47,476 - INFO - Selenium driver initialized successfully.
2026-01-03 08:33:47,476 - INFO - Selenium driver initialized successfully.
2026-01-03 08:33:47,476 - INFO - Starting scrape for The Hindu RSS feed: https://www.thehindu.com/news/national/feeder/default.rss
2026-01-03 08:33:47,476 - INFO - Starting scrape for Times of India RSS feed: https://timesofindia.indiatimes.com/rssfeeds/296589292.cms
2026-01-03 08:33:47,483 - INFO - [BBC] Success with 'requests_browser'. Found content (460 words).
2026-01-03 08:33:47,517 - INFO - Duplicate article skipped: Kharkiv: Missile attack kills two including child, authorities say from BBC
2026-01-03 08:33:47,698 - INFO - Found 20 articles in Times of India RSS feed. Processing up to 10.
2026-01-03 08:33:47,699 - INFO - [Times of India] Article: https://timesofindia.indiatimes.com/world/middle-east/uae-schools-to-end-classes-early-on-fridays-following-new-prayer-timing/articleshow/126318148.cms
2026-01-03 08:33:47,699 - INFO - [Times of India] Attempt 1/1: Trying with 'selenium_browser' strategy...
2026-01-03 08:33:48,398 - INFO - Found 100 articles in The Hindu RSS feed. Processing up to 10.
2026-01-03 08:33:48,398 - INFO - [The Hindu] Article: https://www.thehindu.com/news/national/himachal-pradesh/fake-degree-case-shimla-court-declares-private-varsity-promoters-fugitive-economic-offenders/article70466925.ece
2026-01-03 08:33:48,398 - INFO - [The Hindu] Attempt 1/1: Trying with 'selenium_browser' strategy...
2026-01-03 08:33:48,492 - INFO - [The Guardian] Article: https://www.theguardian.com/world/2026/jan/03/explosions-reported-venezuela-caracas
2026-01-03 08:33:48,492 - INFO - [The Guardian] Attempt 1/1: Trying with 'requests_browser' strategy...
2026-01-03 08:33:48,644 - INFO - [BBC] Article: https://www.bbc.com/news/articles/cx2k0101enyo?at_medium=RSS&at_campaign=rss
2026-01-03 08:33:48,644 - INFO - [BBC] Attempt 1/1: Trying with 'requests_browser' strategy...
2026-01-03 08:33:48,648 - INFO - [The Guardian] Success with 'requests_browser'. Found content (483 words).
2026-01-03 08:33:48,691 - INFO - Saved article: Venezuela accuses US of attacking Caracas as explosions rock capital | Venezuela | The Guardian from The Guardian
2026-01-03 08:33:48,719 - INFO - [BBC] Success with 'requests_browser'. Found content (624 words).
2026-01-03 08:33:48,760 - INFO - Duplicate article skipped: Zelensky names spy chief to head presidential office from BBC
2026-01-03 08:33:49,215 - INFO - [The Guardian] Article: https://www.theguardian.com/world/2026/jan/02/venezuela-maduro-open-to-talks-drug-trafficking-maduro
2026-01-03 08:33:49,215 - INFO - [The Guardian] Attempt 1/1: Trying with 'requests_browser' strategy...
2026-01-03 08:33:49,251 - INFO - [The Guardian] Success with 'requests_browser'. Found content (647 words).
2026-01-03 08:33:49,306 - INFO - Duplicate article skipped: Maduro urges Trump to abandon ‘illegal warmongering’ and start ‘serious talks’ | Venezuela | The Guardian from The Guardian
2026-01-03 08:33:49,894 - INFO - [BBC] Article: https://www.bbc.com/news/articles/cjrz34qdr9no?at_medium=RSS&at_campaign=rss
2026-01-03 08:33:49,895 - INFO - [BBC] Attempt 1/1: Trying with 'requests_browser' strategy...
2026-01-03 08:33:50,059 - INFO - [The Guardian] Article: https://www.theguardian.com/world/2025/dec/30/military-drone-strike-venezuela-trump-maduro
2026-01-03 08:33:50,059 - INFO - [The Guardian] Attempt 1/1: Trying with 'requests_browser' strategy...
2026-01-03 08:33:50,078 - INFO - [BBC] Success with 'requests_browser'. Found content (1176 words).
2026-01-03 08:33:50,369 - INFO - [The Guardian] Success with 'requests_browser'. Found content (679 words).
2026-01-03 08:33:50,427 - INFO - Duplicate article skipped: Yemen clashes bring Saudi and UAE-backed forces into confrontation from BBC
2026-01-03 08:33:50,582 - INFO - Duplicate article skipped: Trump’s shadow war in Venezuela grows, but country’s strongman leader still clings to power | Venezuela | The Guardian from The Guardian
2026-01-03 08:33:51,103 - INFO - [The Guardian] Article: https://www.theguardian.com/world/2025/dec/29/brazil-ex-president-jair-bolsonaro-hiccups-treatment
2026-01-03 08:33:51,103 - INFO - [The Guardian] Attempt 1/1: Trying with 'requests_browser' strategy...
2026-01-03 08:33:51,558 - INFO - [BBC] Article: https://www.bbc.com/news/articles/c1ev8el75gyo?at_medium=RSS&at_campaign=rss
2026-01-03 08:33:51,558 - INFO - [BBC] Attempt 1/1: Trying with 'requests_browser' strategy...
2026-01-03 08:33:51,656 - INFO - [The Guardian] Success with 'requests_browser'. Found content (309 words).
2026-01-03 08:33:51,773 - INFO - [BBC] Success with 'requests_browser'. Found content (316 words).
2026-01-03 08:33:51,921 - INFO - Duplicate article skipped: Jair Bolsonaro undergoes second procedure to treat persistent hiccups | Jair Bolsonaro | The Guardian from The Guardian
2026-01-03 08:33:51,974 - INFO - Duplicate article skipped: Two people killed in magnitude 6.5 earthquake in Mexico from BBC
2026-01-03 08:33:52,618 - INFO - [BBC] Article: https://www.bbc.com/news/articles/c5y2jrdnnqyo?at_medium=RSS&at_campaign=rss
2026-01-03 08:33:52,618 - INFO - [BBC] Attempt 1/1: Trying with 'requests_browser' strategy...
2026-01-03 08:33:52,673 - INFO - [BBC] Success with 'requests_browser'. Found content (449 words).
2026-01-03 08:33:52,737 - INFO - Duplicate article skipped: Anthony Joshua's driver charged over Nigeria crash that killed two from BBC
2026-01-03 08:33:53,380 - INFO - [BBC] Article: https://www.bbc.com/news/articles/c70lw7w89epo?at_medium=RSS&at_campaign=rss
2026-01-03 08:33:53,381 - INFO - [BBC] Attempt 1/1: Trying with 'requests_browser' strategy...
2026-01-03 08:33:53,564 - INFO - [BBC] Success with 'requests_browser'. Found content (527 words).
2026-01-03 08:33:53,702 - INFO - Duplicate article skipped: US slashes proposed tariffs on Italian pasta imports from BBC
2026-01-03 08:33:54,925 - INFO - [BBC] Article: https://www.bbc.com/news/articles/cj9rjwpvmpzo?at_medium=RSS&at_campaign=rss
2026-01-03 08:33:54,926 - INFO - [BBC] Attempt 1/1: Trying with 'requests_browser' strategy...
2026-01-03 08:33:55,046 - INFO - [BBC] Success with 'requests_browser'. Found content (629 words).
2026-01-03 08:33:55,166 - INFO - [The Hindu] Page content loaded.
2026-01-03 08:33:55,262 - INFO - Duplicate article skipped: China's BYD overtakes Tesla as world's top EV seller from BBC
2026-01-03 08:33:56,157 - INFO - [The Hindu] Success with 'selenium_browser'. Found content (201 words).
2026-01-03 08:33:56,502 - INFO - Saved article: Fake degree case: Shimla court declares private varsity promoters fugitive economic offenders - The Hindu from The Hindu
2026-01-03 08:33:57,396 - INFO - [The Hindu] Article: https://www.thehindu.com/news/national/andhra-pradesh/father-booked-under-pocso-act-for-raping-minor-daughter/article70466529.ece
2026-01-03 08:33:57,397 - INFO - [The Hindu] Attempt 1/1: Trying with 'selenium_browser' strategy...
2026-01-03 08:34:00,833 - INFO - [The Hindu] Page content loaded.
2026-01-03 08:34:01,149 - INFO - [The Hindu] Success with 'selenium_browser'. Found content (123 words).
2026-01-03 08:34:01,301 - INFO - Saved article: Father booked under Pocso Act for raping minor daughter - The Hindu from The Hindu
2026-01-03 08:34:02,388 - INFO - [The Hindu] Article: https://www.thehindu.com/news/national/maharashtra/introspect-before-levelling-allegations-bjp-hits-out-at-ajit-pawar-over-corruption-allegations/article70466901.ece
2026-01-03 08:34:02,389 - INFO - [The Hindu] Attempt 1/1: Trying with 'selenium_browser' strategy...
2026-01-03 08:34:05,889 - INFO - [The Hindu] Page content loaded.
2026-01-03 08:34:06,279 - INFO - [The Hindu] Success with 'selenium_browser'. Found content (419 words).
2026-01-03 08:34:06,393 - INFO - Saved article: Introspect before levelling allegations: BJP hits out at Ajit Pawar over 'corruption' allegations - The Hindu from The Hindu
2026-01-03 08:34:07,837 - INFO - [The Hindu] Article: https://www.thehindu.com/news/national/tamil-nadu/cm-stalin-announces-tamil-nadu-assured-pension-scheme-for-government-employees/article70466892.ece
2026-01-03 08:34:07,838 - INFO - [The Hindu] Attempt 1/1: Trying with 'selenium_browser' strategy...
2026-01-03 08:34:12,468 - INFO - [The Hindu] Page content loaded.
2026-01-03 08:34:12,748 - INFO - [The Hindu] Success with 'selenium_browser'. Found content (301 words).
2026-01-03 08:34:12,981 - INFO - Saved article: CM Stalin announces Tamil Nadu Assured Pension Scheme for govt. employees - The Hindu from The Hindu
2026-01-03 08:34:14,194 - INFO - [The Hindu] Article: https://www.thehindu.com/news/national/union-home-minister-amit-shah-chairs-parliamentary-panel-meeting-in-andamans-discusses-national-security-issues/article70466903.ece
2026-01-03 08:34:14,195 - INFO - [The Hindu] Attempt 1/1: Trying with 'selenium_browser' strategy...
2026-01-03 08:34:16,547 - INFO - [The Hindu] Page content loaded.
2026-01-03 08:34:16,665 - INFO - [The Hindu] Success with 'selenium_browser'. Found content (251 words).
2026-01-03 08:34:16,738 - INFO - Saved article: Union Home Minister Amit Shah chairs Parliamentary panel meeting in Andamans; discusses national security issues - The Hindu from The Hindu
2026-01-03 08:34:17,997 - INFO - [The Hindu] Article: https://www.thehindu.com/news/national/madhya-pradesh/indore-collector-on-death-toll-of-indore-water-contamination/article70466857.ece
2026-01-03 08:34:17,997 - INFO - [The Hindu] Attempt 1/1: Trying with 'selenium_browser' strategy...
2026-01-03 08:34:18,888 - INFO - [The Hindu] Page content loaded.
2026-01-03 08:34:18,955 - INFO - [The Hindu] Success with 'selenium_browser'. Found content (233 words).
2026-01-03 08:34:19,029 - INFO - Saved article: Indore water contamination: Six dead, more than 200 hospitalised, says collector - The Hindu from The Hindu
2026-01-03 08:34:20,482 - INFO - [The Hindu] Article: https://www.thehindu.com/news/national/bihar/cji-surya-kant-lays-foundation-stone-for-seven-infrastructure-projects-on-patna-high-court-premises/article70466842.ece
2026-01-03 08:34:20,483 - INFO - [The Hindu] Attempt 1/1: Trying with 'selenium_browser' strategy...
2026-01-03 08:34:23,594 - INFO - [The Hindu] Page content loaded.
2026-01-03 08:34:23,747 - INFO - [The Hindu] Success with 'selenium_browser'. Found content (307 words).
2026-01-03 08:34:23,839 - INFO - Saved article: CJI Surya Kant lays foundation stone for seven infrastructure projects on Patna High Court premises - The Hindu from The Hindu
2026-01-03 08:34:25,061 - INFO - [The Hindu] Article: https://www.thehindu.com/news/national/telangana/eye-care-clinics-to-be-rolled-out-across-telangana-sarojini-devi-eye-hospital-will-be-central-hub/article70466831.ece
2026-01-03 08:34:25,061 - INFO - [The Hindu] Attempt 1/1: Trying with 'selenium_browser' strategy...
2026-01-03 08:34:25,750 - INFO - [The Hindu] Page content loaded.
2026-01-03 08:34:25,861 - INFO - [The Hindu] Success with 'selenium_browser'. Found content (299 words).
2026-01-03 08:34:25,933 - INFO - Saved article: Eye Care Clinics to be rolled out across Telangana, Sarojini Devi Eye Hospital will be central hub - The Hindu from The Hindu
2026-01-03 08:34:27,203 - INFO - [The Hindu] Article: https://www.thehindu.com/books/tribute-author-vinod-kumar-shukla-hindi-literature-everyday-stories-poetry/article70463403.ece
2026-01-03 08:34:27,203 - INFO - [The Hindu] Attempt 1/1: Trying with 'selenium_browser' strategy...
2026-01-03 08:34:28,269 - INFO - [The Hindu] Page content loaded.
2026-01-03 08:34:28,322 - INFO - [The Hindu] Success with 'selenium_browser'. Found content (702 words).
2026-01-03 08:34:28,508 - INFO - Saved article: Tribute | The singularity of author Vinod Kumar Shukla - The Hindu from The Hindu
2026-01-03 08:34:29,242 - INFO - [The Hindu] Article: https://www.thehindu.com/news/cities/Mangalore/noc-not-mandatory-to-open-the-mahakalipadpu-rub-as-claimed-by-mangaluru-smart-city-says-railways/article70466747.ece
2026-01-03 08:34:29,242 - INFO - [The Hindu] Attempt 1/1: Trying with 'selenium_browser' strategy...
2026-01-03 08:34:30,538 - INFO - [The Hindu] Page content loaded.
2026-01-03 08:34:30,671 - INFO - [The Hindu] Success with 'selenium_browser'. Found content (352 words).
2026-01-03 08:34:30,781 - INFO - Saved article: NOC not mandatory to open the Mahakalipadpu RuB as claimed by Mangaluru Smart City, says Railways - The Hindu from The Hindu
2026-01-03 08:34:32,194 - INFO - [The Hindu] (Thread) Finished. Attempting to shut down its Selenium driver.
2026-01-03 08:34:32,369 - INFO - [The Hindu] (Thread) driver.quit() successful.
2026-01-03 08:35:47,710 - ERROR - [Times of India] Request failed for strategy 'selenium_browser' on URL https://timesofindia.indiatimes.com/world/middle-east/uae-schools-to-end-classes-early-on-fridays-following-new-prayer-timing/articleshow/126318148.cms: HTTPConnectionPool(host='localhost', port=53225): Read timed out. (read timeout=120)
2026-01-03 08:35:47,710 - ERROR - [Times of India] All scrape strategies failed for https://timesofindia.indiatimes.com/world/middle-east/uae-schools-to-end-classes-early-on-fridays-following-new-prayer-timing/articleshow/126318148.cms. Falling back to RSS description.
2026-01-03 08:35:47,712 - INFO - Saved article: UAE schools to end classes early on Fridays following new prayer timing from Times of India
2026-01-03 08:35:48,687 - INFO - [Times of India] Article: https://timesofindia.indiatimes.com/world/rest-of-world/blasts-rock-venezuela-capital-low-flying-airplanes-seen-in-caracas-city-in-dark-as-videos-show-panic/articleshow/126318174.cms
2026-01-03 08:35:48,687 - INFO - [Times of India] Attempt 1/1: Trying with 'selenium_browser' strategy...
2026-01-03 08:37:48,710 - ERROR - [Times of India] Request failed for strategy 'selenium_browser' on URL https://timesofindia.indiatimes.com/world/rest-of-world/blasts-rock-venezuela-capital-low-flying-airplanes-seen-in-caracas-city-in-dark-as-videos-show-panic/articleshow/126318174.cms: HTTPConnectionPool(host='localhost', port=53225): Read timed out. (read timeout=120)
2026-01-03 08:37:48,710 - ERROR - [Times of India] All scrape strategies failed for https://timesofindia.indiatimes.com/world/rest-of-world/blasts-rock-venezuela-capital-low-flying-airplanes-seen-in-caracas-city-in-dark-as-videos-show-panic/articleshow/126318174.cms. Falling back to RSS description.
2026-01-03 08:37:48,711 - INFO - Saved article: Blasts rock Venezuela capital: Low-flying airplanes seen in Caracas; city in dark as videos show panic from Times of India
2026-01-03 08:37:50,191 - INFO - [Times of India] Article: https://timesofindia.indiatimes.com/world/middle-east/uae-fog-alert-authorities-warns-of-extremely-low-visibility-in-dubai-and-coastal-areas/articleshow/126317337.cms
2026-01-03 08:37:50,191 - INFO - [Times of India] Attempt 1/1: Trying with 'selenium_browser' strategy...
2026-01-03 08:38:39,968 - CRITICAL - --- TIMEOUT: 1 scrape jobs did not complete in 300s. ---
2026-01-03 08:38:39,968 - ERROR - A thread has timed out and will be abandoned.
2026-01-03 08:38:39,968 - INFO - Shutting down thread pool (wait=False)...
2026-01-03 08:38:39,968 - INFO - Scraped: 2 The Guardian, 10 The Hindu, 0 BBC, 1 Timed_Out_Jobs articles. (Total saved: 12)
2026-01-03 08:38:39,969 - INFO - --- Scraping job finished ---
2026-01-03 08:38:39,969 - INFO - --- Scraper service stopped and database connection closed. ---
2026-01-03 08:38:39,969 - INFO - --- Main thread finished. Forcing process exit to kill zombie threads. ---
