2026-01-28 08:40:44,899 - INFO - Initializing database connection at: news_articles.db
2026-01-28 08:40:44,899 - INFO - --- Scraper service started (CI Mode: Run Once) ---
2026-01-28 08:40:44,899 - INFO - --- Starting new scraping job (Parallel Mode) ---
2026-01-28 08:40:44,899 - INFO - Creating new robust session with 3 retries on 5xx/connection/read errors.
2026-01-28 08:40:44,900 - INFO - Proxy is DISABLED.
2026-01-28 08:40:44,900 - INFO - Starting scrape for BBC RSS feed: http://feeds.bbci.co.uk/news/world/rss.xml
2026-01-28 08:40:44,900 - INFO - [Times of India] (Thread) requires Selenium. Initializing driver...
2026-01-28 08:40:44,901 - INFO - Starting scrape for The Guardian RSS feed: https://www.theguardian.com/world/rss
2026-01-28 08:40:44,901 - INFO - Initializing headless Selenium Chrome driver (using SeleniumManager)...
2026-01-28 08:40:44,904 - INFO - [The Hindu] (Thread) requires Selenium. Initializing driver...
2026-01-28 08:40:44,904 - INFO - Submitted 4 jobs to thread pool. Waiting up to 300s for completion...
2026-01-28 08:40:44,904 - INFO - Initializing headless Selenium Chrome driver (using SeleniumManager)...
2026-01-28 08:40:44,995 - INFO - Found 45 articles in The Guardian RSS feed. Processing up to 10.
2026-01-28 08:40:44,995 - INFO - [The Guardian] Article: https://www.theguardian.com/world/2026/jan/26/hundreds-feared-dead-after-attempting-to-cross-mediterranean-amid-cyclone-harry
2026-01-28 08:40:44,995 - INFO - [The Guardian] Attempt 1/1: Trying with 'requests_browser' strategy...
2026-01-28 08:40:45,054 - INFO - [The Guardian] Success with 'requests_browser'. Found content (388 words).
2026-01-28 08:40:45,089 - INFO - Duplicate article skipped: Hundreds feared dead in attempt to cross Mediterranean during cyclone | Italy | The Guardian from The Guardian
2026-01-28 08:40:45,115 - INFO - Found 41 articles in BBC RSS feed. Processing up to 10.
2026-01-28 08:40:45,116 - INFO - [BBC] Article: https://www.bbc.com/news/articles/c0q425vg4qzo?at_medium=RSS&at_campaign=rss
2026-01-28 08:40:45,116 - INFO - [BBC] Attempt 1/1: Trying with 'requests_browser' strategy...
2026-01-28 08:40:45,215 - INFO - [BBC] Success with 'requests_browser'. Found content (743 words).
2026-01-28 08:40:45,251 - INFO - Duplicate article skipped: Trump says government will 'de-escalate a little bit' in Minnesota after Pretti shooting from BBC
2026-01-28 08:40:45,822 - INFO - [The Guardian] Article: https://www.theguardian.com/world/2026/jan/26/crocodile-warnings-floods-devastate-southern-africa
2026-01-28 08:40:45,822 - INFO - [The Guardian] Attempt 1/1: Trying with 'requests_browser' strategy...
2026-01-28 08:40:45,850 - INFO - [The Guardian] Success with 'requests_browser'. Found content (501 words).
2026-01-28 08:40:45,894 - INFO - Duplicate article skipped: Crocodile warnings as floods devastate southern Africa | Africa | The Guardian from The Guardian
2026-01-28 08:40:46,299 - INFO - [BBC] Article: https://www.bbc.com/news/articles/cn9zpee3llxo?at_medium=RSS&at_campaign=rss
2026-01-28 08:40:46,299 - INFO - [BBC] Attempt 1/1: Trying with 'requests_browser' strategy...
2026-01-28 08:40:46,329 - INFO - [BBC] Success with 'requests_browser'. Found content (614 words).
2026-01-28 08:40:46,366 - INFO - Duplicate article skipped: Minnesota congresswoman Ilhan Omar attacked with 'unknown liquid' during town hall from BBC
2026-01-28 08:40:46,581 - INFO - [The Guardian] Article: https://www.theguardian.com/world/2026/jan/23/guinea-bissau-hepatitis-b-vaccine-study
2026-01-28 08:40:46,581 - INFO - [The Guardian] Attempt 1/1: Trying with 'requests_browser' strategy...
2026-01-28 08:40:46,602 - INFO - [The Guardian] Success with 'requests_browser'. Found content (1061 words).
2026-01-28 08:40:46,636 - INFO - Duplicate article skipped: ‘It’s the sovereignty of the country’: Guinea-Bissau says US vaccine study suspended | Guinea-Bissau | The Guardian from The Guardian
2026-01-28 08:40:47,554 - INFO - [The Guardian] Article: https://www.theguardian.com/global-development/2026/jan/22/actionaid-rethink-child-sponsorship-decolonise-funding
2026-01-28 08:40:47,555 - INFO - [The Guardian] Attempt 1/1: Trying with 'requests_browser' strategy...
2026-01-28 08:40:47,576 - INFO - [The Guardian] Success with 'requests_browser'. Found content (688 words).
2026-01-28 08:40:47,611 - INFO - Duplicate article skipped: ActionAid to rethink child sponsorship as part of plan to ‘decolonise’ its work | Global development | The Guardian from The Guardian
2026-01-28 08:40:47,708 - INFO - [BBC] Article: https://www.bbc.com/news/articles/crkrpl4ngdzo?at_medium=RSS&at_campaign=rss
2026-01-28 08:40:47,708 - INFO - [BBC] Attempt 1/1: Trying with 'requests_browser' strategy...
2026-01-28 08:40:47,736 - INFO - [BBC] Success with 'requests_browser'. Found content (471 words).
2026-01-28 08:40:47,772 - INFO - Duplicate article skipped: Ukraine's Zelensky condemns Russian drone strike that killed five on passenger train from BBC
2026-01-28 08:40:48,137 - INFO - [The Guardian] Article: https://www.theguardian.com/us-news/2026/jan/20/us-diplomats-urged-to-remind-african-leaders-of-us-generosity-despite-usaid-closing
2026-01-28 08:40:48,138 - INFO - [The Guardian] Attempt 1/1: Trying with 'requests_browser' strategy...
2026-01-28 08:40:48,160 - INFO - [The Guardian] Success with 'requests_browser'. Found content (797 words).
2026-01-28 08:40:48,195 - INFO - Duplicate article skipped: Head of US Africa bureau urges staff to highlight US ‘generosity’ despite aid cuts | US foreign policy | The Guardian from The Guardian
2026-01-28 08:40:48,659 - INFO - [BBC] Article: https://www.bbc.com/news/articles/cevnppplkjjo?at_medium=RSS&at_campaign=rss
2026-01-28 08:40:48,659 - INFO - [BBC] Attempt 1/1: Trying with 'requests_browser' strategy...
2026-01-28 08:40:48,686 - INFO - [BBC] Success with 'requests_browser'. Found content (458 words).
2026-01-28 08:40:48,725 - INFO - Saved article: Kim Keon Hee: South Korea's former first lady gets 20 months' jail for bribery from BBC
2026-01-28 08:40:48,968 - INFO - [The Guardian] Article: https://www.theguardian.com/world/2026/jan/28/can-venezuelas-delcy-rodriguez-become-a-latin-american-deng-xiaoping
2026-01-28 08:40:48,968 - INFO - [The Guardian] Attempt 1/1: Trying with 'requests_browser' strategy...
2026-01-28 08:40:48,993 - INFO - [The Guardian] Success with 'requests_browser'. Found content (1260 words).
2026-01-28 08:40:49,052 - INFO - Duplicate article skipped: Can Venezuela’s Delcy Rodríguez become a Latin American Deng Xiaoping? | Venezuela | The Guardian from The Guardian
2026-01-28 08:40:50,018 - INFO - [The Guardian] Article: https://www.theguardian.com/world/2026/jan/27/mexico-cuba-trump-oil
2026-01-28 08:40:50,018 - INFO - [The Guardian] Attempt 1/1: Trying with 'requests_browser' strategy...
2026-01-28 08:40:50,041 - INFO - [The Guardian] Success with 'requests_browser'. Found content (390 words).
2026-01-28 08:40:50,074 - INFO - Duplicate article skipped: Mexico’s president says cancellation of oil shipment to Cuba is ‘sovereign’ decision | Mexico | The Guardian from The Guardian
2026-01-28 08:40:50,110 - INFO - [BBC] Article: https://www.bbc.com/news/articles/cy8y2jxx9ppo?at_medium=RSS&at_campaign=rss
2026-01-28 08:40:50,110 - INFO - [BBC] Attempt 1/1: Trying with 'requests_browser' strategy...
2026-01-28 08:40:50,140 - INFO - [BBC] Success with 'requests_browser'. Found content (1285 words).
2026-01-28 08:40:50,174 - INFO - Duplicate article skipped: 'We all know someone who was killed': Iran protesters describe personal toll of crackdown from BBC
2026-01-28 08:40:50,686 - INFO - [The Guardian] Article: https://www.theguardian.com/us-news/2026/jan/27/five-year-old-girl-us-citizen-and-mother-deported-honduras
2026-01-28 08:40:50,686 - INFO - [The Guardian] Attempt 1/1: Trying with 'requests_browser' strategy...
2026-01-28 08:40:50,712 - INFO - [The Guardian] Success with 'requests_browser'. Found content (892 words).
2026-01-28 08:40:50,757 - INFO - Duplicate article skipped: Five-year-old deported to Honduras despite being US citizen is latest child victim of Trump crackdown | US immigration | The Guardian from The Guardian
2026-01-28 08:40:51,217 - INFO - [BBC] Article: https://www.bbc.com/news/articles/cy8p1mn3j29o?at_medium=RSS&at_campaign=rss
2026-01-28 08:40:51,217 - INFO - [BBC] Attempt 1/1: Trying with 'requests_browser' strategy...
2026-01-28 08:40:51,240 - INFO - [BBC] Success with 'requests_browser'. Found content (540 words).
2026-01-28 08:40:51,270 - INFO - Duplicate article skipped: Former French senator found guilty of drugging MP from BBC
2026-01-28 08:40:51,842 - INFO - [The Guardian] Article: https://www.theguardian.com/us-news/2026/jan/26/canadian-ryan-wedding-ex-olympian-drug-trafficking
2026-01-28 08:40:51,842 - INFO - [The Guardian] Attempt 1/1: Trying with 'requests_browser' strategy...
2026-01-28 08:40:51,867 - INFO - [The Guardian] Success with 'requests_browser'. Found content (475 words).
2026-01-28 08:40:51,901 - INFO - Duplicate article skipped: Canadian ex-Olympian pleads not guilty to 17 felonies including drug trafficking | US crime | The Guardian from The Guardian
2026-01-28 08:40:52,563 - INFO - [BBC] Article: https://www.bbc.com/news/articles/cz7y2gy4p24o?at_medium=RSS&at_campaign=rss
2026-01-28 08:40:52,563 - INFO - [BBC] Attempt 1/1: Trying with 'requests_browser' strategy...
2026-01-28 08:40:52,589 - INFO - [BBC] Success with 'requests_browser'. Found content (366 words).
2026-01-28 08:40:52,624 - INFO - Duplicate article skipped: Mexico president Claudia Sheinbaum asks South Korea for more BTS concerts from BBC
2026-01-28 08:40:53,378 - INFO - [The Guardian] Article: https://www.theguardian.com/world/2026/jan/26/guyana-opposition-leader-us-extradition
2026-01-28 08:40:53,379 - INFO - [The Guardian] Attempt 1/1: Trying with 'requests_browser' strategy...
2026-01-28 08:40:53,399 - INFO - [The Guardian] Success with 'requests_browser'. Found content (416 words).
2026-01-28 08:40:53,433 - INFO - Duplicate article skipped: Guyanese businessman facing US extradition elected opposition leader | Guyana | The Guardian from The Guardian
2026-01-28 08:40:53,828 - INFO - [BBC] Article: https://www.bbc.com/news/articles/cj3vp84j1l3o?at_medium=RSS&at_campaign=rss
2026-01-28 08:40:53,828 - INFO - [BBC] Attempt 1/1: Trying with 'requests_browser' strategy...
2026-01-28 08:40:53,861 - INFO - [BBC] Success with 'requests_browser'. Found content (1511 words).
2026-01-28 08:40:53,900 - INFO - Duplicate article skipped: Republicans criticise immigration force but steer clear of Trump attacks from BBC
2026-01-28 08:40:55,394 - INFO - [BBC] Article: https://www.bbc.com/news/articles/cn0kpk3drgjo?at_medium=RSS&at_campaign=rss
2026-01-28 08:40:55,394 - INFO - [BBC] Attempt 1/1: Trying with 'requests_browser' strategy...
2026-01-28 08:40:55,418 - INFO - [BBC] Success with 'requests_browser'. Found content (405 words).
2026-01-28 08:40:55,452 - INFO - Duplicate article skipped: Trump says US will 'no longer help Iraq' if it picks Maliki as PM from BBC
2026-01-28 08:40:56,923 - INFO - [BBC] Article: https://www.bbc.com/news/articles/crmlpl0w2z2o?at_medium=RSS&at_campaign=rss
2026-01-28 08:40:56,923 - INFO - [BBC] Attempt 1/1: Trying with 'requests_browser' strategy...
2026-01-28 08:40:56,948 - INFO - [BBC] Success with 'requests_browser'. Found content (369 words).
2026-01-28 08:40:56,982 - INFO - Duplicate article skipped: Neil Young offers Greenland free access to his catalogue from BBC
2026-01-28 08:41:00,526 - INFO - Selenium driver initialized successfully.
2026-01-28 08:41:00,526 - INFO - Starting scrape for The Hindu RSS feed: https://www.thehindu.com/news/national/feeder/default.rss
2026-01-28 08:41:00,526 - INFO - Selenium driver initialized successfully.
2026-01-28 08:41:00,527 - INFO - Starting scrape for Times of India RSS feed: https://timesofindia.indiatimes.com/rssfeeds/296589292.cms
2026-01-28 08:41:00,607 - INFO - Found 20 articles in Times of India RSS feed. Processing up to 10.
2026-01-28 08:41:00,607 - INFO - [Times of India] Article: https://timesofindia.indiatimes.com/world/us/new-dinosaur-fossils-found-under-a-parking-lot-reveal-a-100-year-old-secret-in-colorado/articleshow/127688013.cms
2026-01-28 08:41:00,607 - INFO - [Times of India] Attempt 1/1: Trying with 'selenium_browser' strategy...
2026-01-28 08:41:00,660 - INFO - Found 100 articles in The Hindu RSS feed. Processing up to 10.
2026-01-28 08:41:00,660 - INFO - [The Hindu] Article: https://www.thehindu.com/news/national/tamil-nadu/ajit-pawar-death-tamil-nadu-governor-cm-stalin-condole-maharashtra-deputy-cms-passing/article70560023.ece
2026-01-28 08:41:00,660 - INFO - [The Hindu] Attempt 1/1: Trying with 'selenium_browser' strategy...
2026-01-28 08:41:06,903 - INFO - [The Hindu] Page content loaded.
2026-01-28 08:41:07,297 - INFO - [The Hindu] Success with 'selenium_browser'. Found content (148 words).
2026-01-28 08:41:07,484 - INFO - Saved article: Ajit Pawar death: Tamil Nadu Governor, CM Stalin condole Maharashtra Deputy CM’s passing - The Hindu from The Hindu
2026-01-28 08:41:08,726 - INFO - [The Hindu] Article: https://www.thehindu.com/sci-tech/health/health-ministry-notifies-amendments-to-new-drugs-and-clinical-trials-rules-2019/article70560009.ece
2026-01-28 08:41:08,726 - INFO - [The Hindu] Attempt 1/1: Trying with 'selenium_browser' strategy...
2026-01-28 08:41:10,664 - INFO - [The Hindu] Page content loaded.
2026-01-28 08:41:10,844 - INFO - [The Hindu] Success with 'selenium_browser'. Found content (462 words).
2026-01-28 08:41:11,245 - INFO - Saved article: Health Ministry notifies amendments to New Drugs and Clinical Trials Rules, 2019 - The Hindu from The Hindu
2026-01-28 08:41:11,808 - INFO - [The Hindu] Article: https://www.thehindu.com/news/national/25-crore-people-got-free-treatment-last-year-under-ayushman-bharat-health-scheme-president-murmu/article70560211.ece
2026-01-28 08:41:11,809 - INFO - [The Hindu] Attempt 1/1: Trying with 'selenium_browser' strategy...
2026-01-28 08:41:15,454 - INFO - [The Hindu] Page content loaded.
2026-01-28 08:41:16,014 - INFO - [The Hindu] Success with 'selenium_browser'. Found content (366 words).
2026-01-28 08:41:16,227 - INFO - Saved article: 2.5 crore people got free treatment last year under Ayushman Bharat health scheme: President Murmu - The Hindu from The Hindu
2026-01-28 08:41:17,716 - INFO - [The Hindu] Article: https://www.thehindu.com/news/national/india-eu-fta-to-create-new-employment-opportunities-for-youth-president-murmu/article70560182.ece
2026-01-28 08:41:17,717 - INFO - [The Hindu] Attempt 1/1: Trying with 'selenium_browser' strategy...
2026-01-28 08:41:23,736 - INFO - [The Hindu] Page content loaded.
2026-01-28 08:41:23,848 - INFO - [The Hindu] Success with 'selenium_browser'. Found content (304 words).
2026-01-28 08:41:23,928 - INFO - Saved article: India-EU FTA to create new employment opportunities for youth: President Murmu - The Hindu from The Hindu
2026-01-28 08:41:24,799 - INFO - [The Hindu] Article: https://www.thehindu.com/news/national/delhi-hc-to-hear-nias-plea-for-death-penalty-for-yasin-malik-on-april-22/article70560153.ece
2026-01-28 08:41:24,799 - INFO - [The Hindu] Attempt 1/1: Trying with 'selenium_browser' strategy...
2026-01-28 08:41:26,712 - INFO - [The Hindu] Page content loaded.
2026-01-28 08:41:26,819 - INFO - [The Hindu] Success with 'selenium_browser'. Found content (526 words).
2026-01-28 08:41:26,884 - INFO - Saved article: Delhi HC to hear NIA’s plea for death penalty for Yasin Malik on April 22 - The Hindu from The Hindu
2026-01-28 08:41:28,102 - INFO - [The Hindu] Article: https://www.thehindu.com/news/national/kerala/kerala-assembly-cpim-moves-breach-of-privilege-notice-against-satheesan-for-demeaning-education-minister/article70559996.ece
2026-01-28 08:41:28,102 - INFO - [The Hindu] Attempt 1/1: Trying with 'selenium_browser' strategy...
2026-01-28 08:41:28,694 - INFO - [The Hindu] Page content loaded.
2026-01-28 08:41:28,983 - INFO - [The Hindu] Success with 'selenium_browser'. Found content (369 words).
2026-01-28 08:41:29,075 - INFO - Saved article: Kerala Assembly: CPI(M) moves breach of privilege notice against Satheesan for ‘demeaning’ Education Minister - The Hindu from The Hindu
2026-01-28 08:41:29,704 - INFO - [The Hindu] Article: https://www.thehindu.com/news/national/govt-committed-to-true-social-justice-president-murmu-tells-parliament/article70560122.ece
2026-01-28 08:41:29,704 - INFO - [The Hindu] Attempt 1/1: Trying with 'selenium_browser' strategy...
2026-01-28 08:41:31,032 - INFO - [The Hindu] Page content loaded.
2026-01-28 08:41:31,182 - INFO - [The Hindu] Success with 'selenium_browser'. Found content (646 words).
2026-01-28 08:41:31,263 - INFO - Saved article: Govt committed to true social justice: President Murmu tells Parliament - The Hindu from The Hindu
2026-01-28 08:41:31,868 - INFO - [The Hindu] Article: https://www.thehindu.com/news/national/andhra-pradesh/use-of-tranquilisers-to-catch-tiger-cannot-be-decided-solely-by-public-pressure-forest-officials/article70559285.ece
2026-01-28 08:41:31,869 - INFO - [The Hindu] Attempt 1/1: Trying with 'selenium_browser' strategy...
2026-01-28 08:41:33,920 - INFO - [The Hindu] Page content loaded.
2026-01-28 08:41:34,088 - INFO - [The Hindu] Success with 'selenium_browser'. Found content (371 words).
2026-01-28 08:41:34,200 - INFO - Saved article: Use of tranquilisers to catch tiger cannot be decided solely by public pressure: Forest officials - The Hindu from The Hindu
2026-01-28 08:41:34,972 - INFO - [The Hindu] Article: https://www.thehindu.com/news/national/tamil-nadu/when-a-union-minister-of-state-from-tamil-nadu-died-in-a-chopper-crash-in-arunachal-pradesh/article70559933.ece
2026-01-28 08:41:34,972 - INFO - [The Hindu] Attempt 1/1: Trying with 'selenium_browser' strategy...
2026-01-28 08:41:35,702 - INFO - [The Hindu] Page content loaded.
2026-01-28 08:41:35,843 - INFO - [The Hindu] Success with 'selenium_browser'. Found content (747 words).
2026-01-28 08:41:35,924 - INFO - Saved article: When a Union Minister of State from Tamil Nadu died in a chopper crash in Arunachal Pradesh in 1997 - The Hindu from The Hindu
2026-01-28 08:41:36,434 - INFO - [The Hindu] Article: https://www.thehindu.com/news/national/jammu-and-kashmir/srinagar-jammu-national-highway-closed-tourists-stranded-jammu-kashmir-snow/article70559851.ece
2026-01-28 08:41:36,435 - INFO - [The Hindu] Attempt 1/1: Trying with 'selenium_browser' strategy...
2026-01-28 08:41:37,968 - INFO - [The Hindu] Page content loaded.
2026-01-28 08:41:38,502 - INFO - [The Hindu] Success with 'selenium_browser'. Found content (505 words).
2026-01-28 08:41:38,562 - INFO - Saved article: Srinagar-Jammu national highway remains closed for second day; hundreds of tourists stranded - The Hindu from The Hindu
2026-01-28 08:41:39,536 - INFO - [The Hindu] (Thread) Finished. Attempting to shut down its Selenium driver.
2026-01-28 08:41:39,699 - INFO - [The Hindu] (Thread) driver.quit() successful.
2026-01-28 08:42:00,632 - ERROR - [Times of India] Request failed for strategy 'selenium_browser' on URL https://timesofindia.indiatimes.com/world/us/new-dinosaur-fossils-found-under-a-parking-lot-reveal-a-100-year-old-secret-in-colorado/articleshow/127688013.cms: Message: timeout: Timed out receiving message from renderer: 59.844
  (Session info: chrome=144.0.7559.59)
Stacktrace:
#0 0x560462719c3a <unknown>
#1 0x560462133969 <unknown>
#2 0x56046211b201 <unknown>
#3 0x56046211ae26 <unknown>
#4 0x56046211894b <unknown>
#5 0x5604621192cf <unknown>
#6 0x560462128700 <unknown>
#7 0x5604621426f7 <unknown>
#8 0x56046214997b <unknown>
#9 0x560462119a39 <unknown>
#10 0x56046214248a <unknown>
#11 0x5604621d1d98 <unknown>
#12 0x56046217abe2 <unknown>
#13 0x56046217b991 <unknown>
#14 0x5604626dfa99 <unknown>
#15 0x5604626e29b1 <unknown>
#16 0x5604626cc0a9 <unknown>
#17 0x5604626e356e <unknown>
#18 0x5604626b25e0 <unknown>
#19 0x560462707358 <unknown>
#20 0x560462707528 <unknown>
#21 0x560462718fa8 <unknown>
#22 0x7f3bf6c9caa4 <unknown>
#23 0x7f3bf6d29c6c <unknown>

2026-01-28 08:42:00,632 - ERROR - [Times of India] All scrape strategies failed for https://timesofindia.indiatimes.com/world/us/new-dinosaur-fossils-found-under-a-parking-lot-reveal-a-100-year-old-secret-in-colorado/articleshow/127688013.cms. Falling back to RSS description.
2026-01-28 08:42:00,636 - INFO - Saved article: New dinosaur fossils found under a parking lot reveal a 100-year-old secret in Colorado from Times of India
2026-01-28 08:42:01,283 - INFO - [Times of India] Article: https://timesofindia.indiatimes.com/world/middle-east/emirates-flight-ek35-diverts-to-edinburgh-due-to-mid-air-emergency-storm-conditions/articleshow/127687181.cms
2026-01-28 08:42:01,283 - INFO - [Times of India] Attempt 1/1: Trying with 'selenium_browser' strategy...
2026-01-28 08:42:02,944 - INFO - [Times of India] Page content loaded.
2026-01-28 08:42:03,100 - INFO - [Times of India] Success with 'selenium_browser'. Found content (643 words).
2026-01-28 08:42:03,194 - INFO - Saved article: Emirates flight EK35 diverts to Edinburgh due to mid-air emergency, storm conditions | World News - The Times of India from Times of India
2026-01-28 08:42:04,446 - INFO - [Times of India] Article: https://timesofindia.indiatimes.com/world/middle-east/dubai-gold-breaks-the-records-prices-shatter-dh630-ceiling-in-historic-monthly-surge/articleshow/127686156.cms
2026-01-28 08:42:04,446 - INFO - [Times of India] Attempt 1/1: Trying with 'selenium_browser' strategy...
2026-01-28 08:42:05,240 - INFO - [Times of India] Page content loaded.
2026-01-28 08:42:05,427 - INFO - [Times of India] Success with 'selenium_browser'. Found content (368 words).
2026-01-28 08:42:05,476 - INFO - Saved article: Dubai gold breaks the records: Prices shatter Dh630 ceiling in historic monthly surge | World News - The Times of India from Times of India
2026-01-28 08:42:06,299 - INFO - [Times of India] Article: https://timesofindia.indiatimes.com/world/rest-of-world/villages-buried-dozens-trapped-34-killed-in-indonesia-landslides/articleshow/127682739.cms
2026-01-28 08:42:06,299 - INFO - [Times of India] Attempt 1/1: Trying with 'selenium_browser' strategy...
2026-01-28 08:42:07,428 - INFO - [Times of India] Page content loaded.
2026-01-28 08:42:07,525 - INFO - [Times of India] Success with 'selenium_browser'. Found content (252 words).
2026-01-28 08:42:07,581 - INFO - Saved article: Villages buried, dozens trapped: 34 killed in Indonesia landslides - The Times of India from Times of India
2026-01-28 08:42:08,770 - INFO - [Times of India] Article: https://timesofindia.indiatimes.com/world/us/quote-of-the-day-by-eleanor-roosevelt-great-minds-discuss-ideas-average-minds-discuss-events-small-minds-discuss-people-/articleshow/127685701.cms
2026-01-28 08:42:08,770 - INFO - [Times of India] Attempt 1/1: Trying with 'selenium_browser' strategy...
2026-01-28 08:42:09,814 - INFO - [Times of India] Page content loaded.
2026-01-28 08:42:09,934 - INFO - [Times of India] Success with 'selenium_browser'. Found content (520 words).
2026-01-28 08:42:09,984 - INFO - Saved article: Quote of the day by Eleanor Roosevelt: "Great minds discuss ideas; average minds discuss events; small minds discuss people." - The Times of India from Times of India
2026-01-28 08:42:10,585 - INFO - [Times of India] Article: https://timesofindia.indiatimes.com/world/rest-of-world/north-koreas-nuclear-expansion-kim-jong-un-warns-of-excruciating-mental-agony-for-enemies/articleshow/127681112.cms
2026-01-28 08:42:10,585 - INFO - [Times of India] Attempt 1/1: Trying with 'selenium_browser' strategy...
2026-01-28 08:42:11,581 - INFO - [Times of India] Page content loaded.
2026-01-28 08:42:11,661 - INFO - [Times of India] Success with 'selenium_browser'. Found content (351 words).
2026-01-28 08:42:11,710 - INFO - Duplicate article skipped: North Korea’s nuclear expansion: Kim Jong Un warns of ‘excruciating mental agony’ for enemies - The Times of India from Times of India
2026-01-28 08:42:12,220 - INFO - [Times of India] Article: https://timesofindia.indiatimes.com/world/us/texas-puts-a-hex-on-h-1b-visas-after-fraud-charges/articleshow/127678437.cms
2026-01-28 08:42:12,220 - INFO - [Times of India] Attempt 1/1: Trying with 'selenium_browser' strategy...
2026-01-28 08:42:13,264 - INFO - [Times of India] Page content loaded.
2026-01-28 08:42:13,407 - INFO - [Times of India] Success with 'selenium_browser'. Found content (927 words).
2026-01-28 08:42:13,454 - INFO - Duplicate article skipped: Texas puts a hex on H-1B visas after fraud charges - The Times of India from Times of India
2026-01-28 08:42:14,761 - INFO - [Times of India] Article: https://timesofindia.indiatimes.com/world/us/shes-trying-to-get-stephen-miller-killed-megyn-kelly-accuses-kara-swisher-defends-former-trump-adviser/articleshow/127677018.cms
2026-01-28 08:42:14,761 - INFO - [Times of India] Attempt 1/1: Trying with 'selenium_browser' strategy...
2026-01-28 08:42:15,911 - INFO - [Times of India] Page content loaded.
2026-01-28 08:42:15,982 - INFO - [Times of India] Success with 'selenium_browser'. Found content (218 words).
2026-01-28 08:42:16,002 - INFO - Duplicate article skipped: 'She’s trying to get Stephen Miller killed': Megyn Kelly accuses Kara Swisher, defends former Trump adviser - The Times of India from Times of India
2026-01-28 08:42:16,692 - INFO - [Times of India] Article: https://timesofindia.indiatimes.com/world/middle-east/a-street-lined-with-gold-dubais-new-district-is-turning-heads-worldwide/articleshow/127672917.cms
2026-01-28 08:42:16,692 - INFO - [Times of India] Attempt 1/1: Trying with 'selenium_browser' strategy...
2026-01-28 08:42:17,787 - INFO - [Times of India] Page content loaded.
2026-01-28 08:42:17,904 - INFO - [Times of India] Success with 'selenium_browser'. Found content (861 words).
2026-01-28 08:42:17,956 - INFO - Duplicate article skipped: A street lined with gold? Dubai’s new district is turning heads worldwide - The Times of India from Times of India
2026-01-28 08:42:19,291 - INFO - [Times of India] Article: https://timesofindia.indiatimes.com/world/uk/video-keir-starmer-dons-top-gun-aviators-to-poke-fun-at-macron-french-pm-plays-plays-along/articleshow/127672816.cms
2026-01-28 08:42:19,291 - INFO - [Times of India] Attempt 1/1: Trying with 'selenium_browser' strategy...
2026-01-28 08:42:20,236 - INFO - [Times of India] Page content loaded.
2026-01-28 08:42:20,396 - INFO - [Times of India] Success with 'selenium_browser'. Found content (304 words).
2026-01-28 08:42:20,442 - INFO - Duplicate article skipped: Video: Keir Starmer dons 'Top Gun' aviators to poke fun at Macron; French PM plays plays along - The Times of India from Times of India
2026-01-28 08:42:21,788 - INFO - [Times of India] (Thread) Finished. Attempting to shut down its Selenium driver.
2026-01-28 08:42:21,926 - INFO - [Times of India] (Thread) driver.quit() successful.
2026-01-28 08:42:21,926 - INFO - Shutting down thread pool (wait=False)...
2026-01-28 08:42:21,926 - INFO - Scraped: 1 BBC, 10 The Hindu, 0 The Guardian, 5 Times of India articles. (Total saved: 16)
2026-01-28 08:42:21,926 - INFO - --- Scraping job finished ---
2026-01-28 08:42:21,932 - INFO - --- Scraper service stopped and database connection closed. ---
2026-01-28 08:42:21,932 - INFO - --- Main thread finished. Forcing process exit to kill zombie threads. ---
