2025-11-14 15:21:54,043 - INFO - Initializing database connection at: news_articles.db
2025-11-14 15:21:54,043 - INFO - --- Scraper service started (CI Mode: Run Once) ---
2025-11-14 15:21:54,043 - INFO - --- Starting new scraping job (Parallel Mode) ---
2025-11-14 15:21:54,043 - INFO - Creating new robust session with 3 retries on 5xx/connection/read errors.
2025-11-14 15:21:54,043 - INFO - Proxy is DISABLED.
2025-11-14 15:21:54,044 - INFO - Starting scrape for BBC RSS feed: http://feeds.bbci.co.uk/news/world/rss.xml
2025-11-14 15:21:54,044 - INFO - [Times of India] (Thread) requires Selenium. Initializing driver...
2025-11-14 15:21:54,044 - INFO - Initializing headless Selenium Chrome driver (using SeleniumManager)...
2025-11-14 15:21:54,045 - INFO - Starting scrape for The Guardian RSS feed: https://www.theguardian.com/world/rss
2025-11-14 15:21:54,045 - INFO - [The Hindu] (Thread) requires Selenium. Initializing driver...
2025-11-14 15:21:54,045 - INFO - Initializing headless Selenium Chrome driver (using SeleniumManager)...
2025-11-14 15:21:54,045 - INFO - Submitted 4 jobs to thread pool. Waiting up to 300s for completion...
2025-11-14 15:21:54,175 - INFO - Found 44 articles in The Guardian RSS feed. Processing up to 10.
2025-11-14 15:21:54,175 - INFO - [The Guardian] Article: https://www.theguardian.com/world/2025/nov/14/anger-south-africa-plane-palestinians-held-12-hours
2025-11-14 15:21:54,175 - INFO - [The Guardian] Attempt 1/1: Trying with 'requests_browser' strategy...
2025-11-14 15:21:54,213 - INFO - [The Guardian] Success with 'requests_browser'. Found content (412 words).
2025-11-14 15:21:54,248 - INFO - Duplicate article skipped: Anger in South Africa after Palestinians held on plane for 12 hours | South Africa | The Guardian from The Guardian
2025-11-14 15:21:54,404 - INFO - Found 22 articles in BBC RSS feed. Processing up to 10.
2025-11-14 15:21:54,404 - INFO - [BBC] Article: https://www.bbc.com/news/articles/cn4jn94gyllo?at_medium=RSS&at_campaign=rss
2025-11-14 15:21:54,404 - INFO - [BBC] Attempt 1/1: Trying with 'requests_browser' strategy...
2025-11-14 15:21:54,744 - INFO - [BBC] Success with 'requests_browser'. Found content (566 words).
2025-11-14 15:21:54,853 - INFO - Duplicate article skipped: Russian drone slams into block of flats in deadly wave of strikes across Kyiv from BBC
2025-11-14 15:21:55,388 - INFO - Selenium driver initialized successfully.
2025-11-14 15:21:55,388 - INFO - Starting scrape for The Hindu RSS feed: https://www.thehindu.com/news/national/feeder/default.rss
2025-11-14 15:21:55,389 - INFO - Selenium driver initialized successfully.
2025-11-14 15:21:55,389 - INFO - Starting scrape for Times of India RSS feed: https://timesofindia.indiatimes.com/rssfeeds/296589292.cms
2025-11-14 15:21:55,498 - INFO - Found 100 articles in The Hindu RSS feed. Processing up to 10.
2025-11-14 15:21:55,499 - INFO - [The Hindu] Article: https://www.thehindu.com/news/national/karnataka/rabi-water-release-schedule-for-tungabhadra-canals-announced/article70280875.ece
2025-11-14 15:21:55,499 - INFO - [The Hindu] Attempt 1/1: Trying with 'selenium_browser' strategy...
2025-11-14 15:21:55,578 - INFO - Found 20 articles in Times of India RSS feed. Processing up to 10.
2025-11-14 15:21:55,579 - INFO - [Times of India] Article: https://timesofindia.indiatimes.com/world/us/my-wife-is-being-attacked-influencer-says-he-has-to-leave-house-because-of-frivolous-lawsuit-of-kash-patels-girlfriend/articleshow/125330178.cms
2025-11-14 15:21:55,579 - INFO - [Times of India] Attempt 1/1: Trying with 'selenium_browser' strategy...
2025-11-14 15:21:55,650 - INFO - [The Guardian] Article: https://www.theguardian.com/world/2025/nov/14/british-egyptian-activist-alaa-abd-el-fattah-stopped-from-flying-to-uk-says-family
2025-11-14 15:21:55,650 - INFO - [The Guardian] Attempt 1/1: Trying with 'requests_browser' strategy...
2025-11-14 15:21:55,700 - INFO - [The Guardian] Success with 'requests_browser'. Found content (456 words).
2025-11-14 15:21:55,756 - INFO - Duplicate article skipped: British-Egyptian activist stopped from flying to UK, says family | Egypt | The Guardian from The Guardian
2025-11-14 15:21:56,158 - INFO - [BBC] Article: https://www.bbc.com/news/articles/c3dn3g4jdxjo?at_medium=RSS&at_campaign=rss
2025-11-14 15:21:56,158 - INFO - [BBC] Attempt 1/1: Trying with 'requests_browser' strategy...
2025-11-14 15:21:56,236 - INFO - [BBC] Success with 'requests_browser'. Found content (786 words).
2025-11-14 15:21:56,294 - INFO - Duplicate article skipped: South Africa to investigate 'mystery' of planeload of Palestinians, Cyril Ramaphosa says from BBC
2025-11-14 15:21:56,859 - INFO - [The Guardian] Article: https://www.theguardian.com/world/2025/nov/12/state-sanctioned-fuel-smuggling-cost-libya-20bn-over-three-years-report
2025-11-14 15:21:56,860 - INFO - [The Guardian] Attempt 1/1: Trying with 'requests_browser' strategy...
2025-11-14 15:21:56,915 - INFO - [The Guardian] Success with 'requests_browser'. Found content (670 words).
2025-11-14 15:21:56,995 - INFO - Duplicate article skipped: State-sanctioned fuel smuggling cost Libya $20bn over three years – report | Libya | The Guardian from The Guardian
2025-11-14 15:21:57,335 - INFO - [BBC] Article: https://www.bbc.com/news/articles/c874nw4g2zzo?at_medium=RSS&at_campaign=rss
2025-11-14 15:21:57,335 - INFO - [BBC] Attempt 1/1: Trying with 'requests_browser' strategy...
2025-11-14 15:21:57,424 - INFO - [BBC] Success with 'requests_browser'. Found content (1118 words).
2025-11-14 15:21:57,550 - INFO - [The Guardian] Article: https://www.theguardian.com/global-development/2025/nov/13/british-american-tobacco-africa-zambia-uk
2025-11-14 15:21:57,550 - INFO - [The Guardian] Attempt 1/1: Trying with 'requests_browser' strategy...
2025-11-14 15:21:57,611 - INFO - Duplicate article skipped: BBC apologises to Trump over Panorama edit but refuses to pay compensation from BBC
2025-11-14 15:21:57,695 - INFO - [The Guardian] Success with 'requests_browser'. Found content (753 words).
2025-11-14 15:21:57,883 - INFO - Duplicate article skipped: ‘Utter hypocrisy’: tobacco firm lobbied against rules in Africa that are law in UK | Global development | The Guardian from The Guardian
2025-11-14 15:21:58,581 - INFO - [The Guardian] Article: https://www.theguardian.com/world/2025/nov/12/french-algerian-writer-boualem-sansal-pardoned-and-to-be-released-from-prison
2025-11-14 15:21:58,581 - INFO - [The Guardian] Attempt 1/1: Trying with 'requests_browser' strategy...
2025-11-14 15:21:58,693 - INFO - [The Guardian] Success with 'requests_browser'. Found content (322 words).
2025-11-14 15:21:58,784 - INFO - Duplicate article skipped: French-Algerian writer Boualem Sansal pardoned and to be released from prison | Algeria | The Guardian from The Guardian
2025-11-14 15:21:58,874 - INFO - [BBC] Article: https://www.bbc.com/news/articles/c17p1nwy7q8o?at_medium=RSS&at_campaign=rss
2025-11-14 15:21:58,874 - INFO - [BBC] Attempt 1/1: Trying with 'requests_browser' strategy...
2025-11-14 15:21:58,991 - INFO - [BBC] Success with 'requests_browser'. Found content (1181 words).
2025-11-14 15:21:59,218 - INFO - [The Hindu] Page content loaded.
2025-11-14 15:21:59,227 - INFO - Duplicate article skipped: Sudan conflict: Marco Rubio calls for international action to cut weapons supplies to RSF from BBC
2025-11-14 15:21:59,450 - INFO - [The Guardian] Article: https://www.theguardian.com/world/2025/nov/14/mark-carney-nation-building-canada
2025-11-14 15:21:59,450 - INFO - [The Guardian] Attempt 1/1: Trying with 'requests_browser' strategy...
2025-11-14 15:21:59,666 - INFO - [The Guardian] Success with 'requests_browser'. Found content (746 words).
2025-11-14 15:21:59,871 - INFO - Saved article: Carney’s ‘nation-building’ programme misses mark to be truly transformative for Canada | Canada | The Guardian from The Guardian
2025-11-14 15:22:00,272 - INFO - [BBC] Article: https://www.bbc.com/news/articles/ce9d7pj543eo?at_medium=RSS&at_campaign=rss
2025-11-14 15:22:00,273 - INFO - [BBC] Attempt 1/1: Trying with 'requests_browser' strategy...
2025-11-14 15:22:00,316 - INFO - [The Hindu] Success with 'selenium_browser'. Found content (390 words).
2025-11-14 15:22:00,484 - INFO - [BBC] Success with 'requests_browser'. Found content (831 words).
2025-11-14 15:22:00,492 - INFO - [The Guardian] Article: https://www.theguardian.com/world/2025/nov/14/venezuela-maduro-urges-trump-to-avoid-afghanistan-style-forever-war
2025-11-14 15:22:00,493 - INFO - [The Guardian] Attempt 1/1: Trying with 'requests_browser' strategy...
2025-11-14 15:22:00,945 - INFO - Saved article: Rabi water release schedule for Tungabhadra canals announced - The Hindu from The Hindu
2025-11-14 15:22:01,016 - INFO - [The Guardian] Success with 'requests_browser'. Found content (499 words).
2025-11-14 15:22:01,066 - INFO - Duplicate article skipped: Canadian boycott of US travel shows no sign of slowing from BBC
2025-11-14 15:22:01,341 - INFO - Duplicate article skipped: Venezuela’s Maduro urges Trump to avoid Afghanistan-style ‘forever war’ | Venezuela | The Guardian from The Guardian
2025-11-14 15:22:01,465 - INFO - [The Hindu] Article: https://www.thehindu.com/news/national/kerala/fifth-national-migration-conference-in-thiruvananthapuram/article70280990.ece
2025-11-14 15:22:01,465 - INFO - [The Hindu] Attempt 1/1: Trying with 'selenium_browser' strategy...
2025-11-14 15:22:01,739 - INFO - [BBC] Article: https://www.bbc.com/news/articles/c051q4pnz39o?at_medium=RSS&at_campaign=rss
2025-11-14 15:22:01,739 - INFO - [BBC] Attempt 1/1: Trying with 'requests_browser' strategy...
2025-11-14 15:22:01,900 - INFO - [BBC] Success with 'requests_browser'. Found content (579 words).
2025-11-14 15:22:01,997 - INFO - Duplicate article skipped: Wicked: Man who grabbed Ariana Grande in Singapore charged in court from BBC
2025-11-14 15:22:02,026 - INFO - [The Guardian] Article: https://www.theguardian.com/environment/2025/nov/14/london-judge-rules-bhp-group-liable-for-brazil-2015-samarco-dam-collapse
2025-11-14 15:22:02,027 - INFO - [The Guardian] Attempt 1/1: Trying with 'requests_browser' strategy...
2025-11-14 15:22:02,305 - INFO - [The Guardian] Success with 'requests_browser'. Found content (406 words).
2025-11-14 15:22:02,512 - INFO - Duplicate article skipped: London judge rules BHP Group liable for Brazil’s 2015 Samarco dam collapse | Mining | The Guardian from The Guardian
2025-11-14 15:22:03,023 - INFO - [The Guardian] Article: https://www.theguardian.com/environment/live/2025/nov/13/cop30-live-calls-for-just-transition-plan-grow-as-report-warns-world-on-track-for-26c-of-heating
2025-11-14 15:22:03,024 - INFO - [The Guardian] Attempt 1/1: Trying with 'requests_browser' strategy...
2025-11-14 15:22:03,494 - INFO - [BBC] Article: https://www.bbc.com/news/articles/crklvx2n7rzo?at_medium=RSS&at_campaign=rss
2025-11-14 15:22:03,494 - INFO - [BBC] Attempt 1/1: Trying with 'requests_browser' strategy...
2025-11-14 15:22:03,804 - INFO - [BBC] Success with 'requests_browser'. Found content (1053 words).
2025-11-14 15:22:04,026 - INFO - Duplicate article skipped: China and Japan in escalating spat over Taiwan: What to know from BBC
2025-11-14 15:22:04,052 - INFO - [The Guardian] Success with 'requests_browser'. Found content (3548 words).
2025-11-14 15:22:04,295 - INFO - Duplicate article skipped: Cop30: ‘We will exterminate ourselves’ if we keep extracting fossil fuels, activists say – as it happened | Cop30 | The Guardian from The Guardian
2025-11-14 15:22:04,457 - INFO - [The Hindu] Page content loaded.
2025-11-14 15:22:04,656 - WARNING - [The Hindu] FAILED with 'selenium_browser' (content was too short: 56 words).
2025-11-14 15:22:04,656 - ERROR - [The Hindu] All scrape strategies failed for https://www.thehindu.com/news/national/kerala/fifth-national-migration-conference-in-thiruvananthapuram/article70280990.ece. Falling back to RSS description.
2025-11-14 15:22:04,661 - INFO - Saved article: Fifth national migration conference in Thiruvananthapuram from The Hindu
2025-11-14 15:22:05,179 - INFO - [The Guardian] Article: https://www.theguardian.com/world/2025/nov/13/canada-arctic-spy-threats-russia-china
2025-11-14 15:22:05,179 - INFO - [The Guardian] Attempt 1/1: Trying with 'requests_browser' strategy...
2025-11-14 15:22:05,221 - INFO - [The Guardian] Success with 'requests_browser'. Found content (427 words).
2025-11-14 15:22:05,301 - INFO - Duplicate article skipped: Canada says Russia and China are ramping up spy efforts in Arctic region | Canada | The Guardian from The Guardian
2025-11-14 15:22:05,356 - INFO - [BBC] Article: https://www.bbc.com/news/articles/c397mldgrnjo?at_medium=RSS&at_campaign=rss
2025-11-14 15:22:05,356 - INFO - [BBC] Attempt 1/1: Trying with 'requests_browser' strategy...
2025-11-14 15:22:05,377 - INFO - [The Hindu] Article: https://www.thehindu.com/news/national/kerala/nhai-team-inspects-site-of-girder-collapse/article70280523.ece
2025-11-14 15:22:05,377 - INFO - [The Hindu] Attempt 1/1: Trying with 'selenium_browser' strategy...
2025-11-14 15:22:05,415 - INFO - [BBC] Success with 'requests_browser'. Found content (599 words).
2025-11-14 15:22:05,519 - INFO - Duplicate article skipped: Alaa Abdel Fattah: Freed British-Egyptian activist not allowed to fly to UK, family says from BBC
2025-11-14 15:22:06,553 - INFO - [Times of India] Page content loaded.
2025-11-14 15:22:06,941 - INFO - [BBC] Article: https://www.bbc.com/news/articles/czxnerkx5pgo?at_medium=RSS&at_campaign=rss
2025-11-14 15:22:06,941 - INFO - [BBC] Attempt 1/1: Trying with 'requests_browser' strategy...
2025-11-14 15:22:06,979 - INFO - [Times of India] Success with 'selenium_browser'. Found content (344 words).
2025-11-14 15:22:07,094 - INFO - [BBC] Success with 'requests_browser'. Found content (321 words).
2025-11-14 15:22:07,319 - INFO - Duplicate article skipped: Israel confirms identity of hostage body returned by Hamas as Manny Godard from BBC
2025-11-14 15:22:07,391 - INFO - Saved article: 'My wife is being attacked': Influencer says he has to leave house because of 'frivolous' lawsuit of Kash Patel's girlfriend - The Times of India from Times of India
2025-11-14 15:22:08,227 - INFO - [Times of India] Article: https://timesofindia.indiatimes.com/world/uk/fan-prince-william-poses-with-football-legend-neil-warnock-after-helping-a-local-club-secure-a-new-road/articleshow/125329486.cms
2025-11-14 15:22:08,227 - INFO - [Times of India] Attempt 1/1: Trying with 'selenium_browser' strategy...
2025-11-14 15:22:08,640 - INFO - [BBC] Article: https://www.bbc.com/news/articles/c0qpvq3v3xeo?at_medium=RSS&at_campaign=rss
2025-11-14 15:22:08,640 - INFO - [BBC] Attempt 1/1: Trying with 'requests_browser' strategy...
2025-11-14 15:22:08,719 - INFO - [BBC] Success with 'requests_browser'. Found content (706 words).
2025-11-14 15:22:08,832 - INFO - Duplicate article skipped: Australian schools shut over asbestos risk in children's sand from BBC
2025-11-14 15:22:09,833 - INFO - [Times of India] Page content loaded.
2025-11-14 15:22:09,984 - INFO - [Times of India] Success with 'selenium_browser'. Found content (406 words).
2025-11-14 15:22:10,066 - INFO - Saved article: ‘Fan’ Prince William poses with football legend Neil Warnock after helping a local club secure a new road | World News - The Times of India from Times of India
2025-11-14 15:22:11,055 - INFO - [Times of India] Article: https://timesofindia.indiatimes.com/science/axial-seamount-may-erupt-by-2026-uncovering-the-hidden-dangers-of-oregons-most-active-underwater-volcano/articleshow/125326478.cms
2025-11-14 15:22:11,055 - INFO - [Times of India] Attempt 1/1: Trying with 'selenium_browser' strategy...
2025-11-14 15:22:15,302 - INFO - [Times of India] Page content loaded.
2025-11-14 15:22:15,891 - INFO - [Times of India] Success with 'selenium_browser'. Found content (630 words).
2025-11-14 15:22:16,007 - INFO - Saved article: Axial Seamount may erupt by 2026: Uncovering the hidden dangers of Oregon’s most active underwater volcano | - The Times of India from Times of India
2025-11-14 15:22:16,827 - INFO - [Times of India] Article: https://timesofindia.indiatimes.com/world/us/social-media-trolls-kai-trump-after-she-finishes-dead-last-in-pro-golf-event-grandpa-donald-will-blame-biden/articleshow/125329108.cms
2025-11-14 15:22:16,827 - INFO - [Times of India] Attempt 1/1: Trying with 'selenium_browser' strategy...
2025-11-14 15:22:21,178 - INFO - [Times of India] Page content loaded.
2025-11-14 15:22:21,467 - INFO - [Times of India] Success with 'selenium_browser'. Found content (446 words).
2025-11-14 15:22:21,589 - INFO - Saved article: Social media trolls Kai Trump after she finishes dead last in pro golf event; 'Grandpa Donald will blame Biden' - The Times of India from Times of India
2025-11-14 15:22:22,165 - INFO - [Times of India] Article: https://timesofindia.indiatimes.com/world/rest-of-world/not-a-single-mom-justin-trudeaus-ex-wife-hints-that-shes-not-bothered-about-katy-perry-she-listens-to-music-not-noise/articleshow/125328589.cms
2025-11-14 15:22:22,165 - INFO - [Times of India] Attempt 1/1: Trying with 'selenium_browser' strategy...
2025-11-14 15:24:05,478 - ERROR - [The Hindu] Request failed for strategy 'selenium_browser' on URL https://www.thehindu.com/news/national/kerala/nhai-team-inspects-site-of-girder-collapse/article70280523.ece: HTTPConnectionPool(host='localhost', port=56089): Read timed out. (read timeout=120)
2025-11-14 15:24:05,478 - ERROR - [The Hindu] All scrape strategies failed for https://www.thehindu.com/news/national/kerala/nhai-team-inspects-site-of-girder-collapse/article70280523.ece. Falling back to RSS description.
2025-11-14 15:24:05,480 - INFO - Saved article: NHAI team inspects site of girder collapse from The Hindu
2025-11-14 15:24:06,591 - INFO - [The Hindu] Article: https://www.thehindu.com/news/national/kerala/three-day-bird-festival-begins-in-wayanad/article70280874.ece
2025-11-14 15:24:06,591 - INFO - [The Hindu] Attempt 1/1: Trying with 'selenium_browser' strategy...
2025-11-14 15:24:22,266 - ERROR - [Times of India] Request failed for strategy 'selenium_browser' on URL https://timesofindia.indiatimes.com/world/rest-of-world/not-a-single-mom-justin-trudeaus-ex-wife-hints-that-shes-not-bothered-about-katy-perry-she-listens-to-music-not-noise/articleshow/125328589.cms: HTTPConnectionPool(host='localhost', port=47211): Read timed out. (read timeout=120)
2025-11-14 15:24:22,266 - ERROR - [Times of India] All scrape strategies failed for https://timesofindia.indiatimes.com/world/rest-of-world/not-a-single-mom-justin-trudeaus-ex-wife-hints-that-shes-not-bothered-about-katy-perry-she-listens-to-music-not-noise/articleshow/125328589.cms. Falling back to RSS description.
2025-11-14 15:24:22,267 - INFO - Duplicate article skipped: 'Not a single mom': Justin Trudeau's ex-wife hints that she's not bothered about Katy Perry; she listens to music not noise from Times of India
2025-11-14 15:24:22,993 - INFO - [Times of India] Article: https://timesofindia.indiatimes.com/world/us/marjorie-taylor-greene-introduces-plan-to-eliminate-corrupt-h-1b-program-as-trump-goes-back-on-his-america-first-agenda/articleshow/125328156.cms
2025-11-14 15:24:22,993 - INFO - [Times of India] Attempt 1/1: Trying with 'selenium_browser' strategy...
2025-11-14 15:26:06,693 - ERROR - [The Hindu] Request failed for strategy 'selenium_browser' on URL https://www.thehindu.com/news/national/kerala/three-day-bird-festival-begins-in-wayanad/article70280874.ece: HTTPConnectionPool(host='localhost', port=56089): Read timed out. (read timeout=120)
2025-11-14 15:26:06,693 - ERROR - [The Hindu] All scrape strategies failed for https://www.thehindu.com/news/national/kerala/three-day-bird-festival-begins-in-wayanad/article70280874.ece. Falling back to RSS description.
2025-11-14 15:26:06,695 - INFO - Saved article: Three-day bird festival begins in Wayanad from The Hindu
2025-11-14 15:26:07,235 - INFO - [The Hindu] Article: https://www.thehindu.com/news/national/karnataka/krrs-condemns-burning-of-tractors-holds-govts-negligent-attitude-responsible-for-the-incident/article70279959.ece
2025-11-14 15:26:07,235 - INFO - [The Hindu] Attempt 1/1: Trying with 'selenium_browser' strategy...
2025-11-14 15:26:23,041 - ERROR - [Times of India] Request failed for strategy 'selenium_browser' on URL https://timesofindia.indiatimes.com/world/us/marjorie-taylor-greene-introduces-plan-to-eliminate-corrupt-h-1b-program-as-trump-goes-back-on-his-america-first-agenda/articleshow/125328156.cms: HTTPConnectionPool(host='localhost', port=47211): Read timed out. (read timeout=120)
2025-11-14 15:26:23,041 - ERROR - [Times of India] All scrape strategies failed for https://timesofindia.indiatimes.com/world/us/marjorie-taylor-greene-introduces-plan-to-eliminate-corrupt-h-1b-program-as-trump-goes-back-on-his-america-first-agenda/articleshow/125328156.cms. Falling back to RSS description.
2025-11-14 15:26:23,042 - INFO - Duplicate article skipped: Marjorie Taylor Greene introduces plan to 'eliminate corrupt H-1B program' as Trump goes back on his 'America First' agenda from Times of India
2025-11-14 15:26:23,646 - INFO - [Times of India] Article: https://timesofindia.indiatimes.com/world/us/indian-origin-maga-ally-says-brown-american-vivek-ramaswamy-can-make-education-better-for-whiteys-how-ironic-it-will-be-/articleshow/125326910.cms
2025-11-14 15:26:23,646 - INFO - [Times of India] Attempt 1/1: Trying with 'selenium_browser' strategy...
2025-11-14 15:26:54,045 - CRITICAL - --- TIMEOUT: 2 scrape jobs did not complete in 300s. ---
2025-11-14 15:26:54,046 - ERROR - A thread has timed out and will be abandoned.
2025-11-14 15:26:54,046 - ERROR - A thread has timed out and will be abandoned.
2025-11-14 15:26:54,046 - INFO - Shutting down thread pool (wait=False)...
2025-11-14 15:26:54,046 - INFO - Scraped: 0 BBC, 1 The Guardian, 2 Timed_Out_Jobs articles. (Total saved: 1)
2025-11-14 15:26:54,046 - INFO - --- Scraping job finished ---
2025-11-14 15:26:54,046 - INFO - --- Scraper service stopped and database connection closed. ---
2025-11-14 15:26:54,046 - INFO - --- Main thread finished. Forcing process exit to kill zombie threads. ---
