2025-11-14 04:30:22,597 - INFO - Initializing database connection at: news_articles.db
2025-11-14 04:30:22,597 - INFO - --- Scraper service started (CI Mode: Run Once) ---
2025-11-14 04:30:22,598 - INFO - --- Starting new scraping job (Parallel Mode) ---
2025-11-14 04:30:22,598 - INFO - Creating new robust session with 3 retries on 5xx/connection/read errors.
2025-11-14 04:30:22,598 - INFO - Proxy is DISABLED.
2025-11-14 04:30:22,598 - INFO - Starting scrape for BBC RSS feed: http://feeds.bbci.co.uk/news/world/rss.xml
2025-11-14 04:30:22,598 - INFO - [Times of India] (Thread) requires Selenium. Initializing driver...
2025-11-14 04:30:22,598 - INFO - Initializing headless Selenium Chrome driver (using SeleniumManager)...
2025-11-14 04:30:22,599 - INFO - Starting scrape for The Guardian RSS feed: https://www.theguardian.com/world/rss
2025-11-14 04:30:22,602 - INFO - [The Hindu] (Thread) requires Selenium. Initializing driver...
2025-11-14 04:30:22,602 - INFO - Initializing headless Selenium Chrome driver (using SeleniumManager)...
2025-11-14 04:30:22,768 - INFO - Found 45 articles in The Guardian RSS feed. Processing up to 5.
2025-11-14 04:30:22,768 - INFO - [The Guardian] Article: https://www.theguardian.com/world/2025/nov/12/state-sanctioned-fuel-smuggling-cost-libya-20bn-over-three-years-report
2025-11-14 04:30:22,769 - INFO - [The Guardian] Attempt 1/1: Trying with 'requests_browser' strategy...
2025-11-14 04:30:22,798 - INFO - Found 27 articles in BBC RSS feed. Processing up to 5.
2025-11-14 04:30:22,799 - INFO - [BBC] Article: https://www.bbc.com/news/articles/cglgj08erywo?at_medium=RSS&at_campaign=rss
2025-11-14 04:30:22,799 - INFO - [BBC] Attempt 1/1: Trying with 'requests_browser' strategy...
2025-11-14 04:30:22,803 - INFO - [The Guardian] Success with 'requests_browser'. Found content (670 words).
2025-11-14 04:30:22,839 - INFO - Duplicate article skipped: State-sanctioned fuel smuggling cost Libya $20bn over three years – report | Libya | The Guardian from The Guardian
2025-11-14 04:30:22,907 - INFO - [BBC] Success with 'requests_browser'. Found content (613 words).
2025-11-14 04:30:22,948 - INFO - Duplicate article skipped: Epstein email says Andrew had photo taken with Virginia Giuffre from BBC
2025-11-14 04:30:24,114 - INFO - [The Guardian] Article: https://www.theguardian.com/global-development/2025/nov/13/british-american-tobacco-africa-zambia-uk
2025-11-14 04:30:24,114 - INFO - [The Guardian] Attempt 1/1: Trying with 'requests_browser' strategy...
2025-11-14 04:30:24,137 - INFO - [The Guardian] Success with 'requests_browser'. Found content (753 words).
2025-11-14 04:30:24,172 - INFO - Duplicate article skipped: ‘Utter hypocrisy’: tobacco firm lobbied against rules in Africa that are law in UK | Global development | The Guardian from The Guardian
2025-11-14 04:30:24,446 - INFO - [BBC] Article: https://www.bbc.com/news/articles/c3rj0d97ynvo?at_medium=RSS&at_campaign=rss
2025-11-14 04:30:24,446 - INFO - [BBC] Attempt 1/1: Trying with 'requests_browser' strategy...
2025-11-14 04:30:24,480 - INFO - [BBC] Success with 'requests_browser'. Found content (1299 words).
2025-11-14 04:30:24,514 - INFO - Duplicate article skipped: What we know about the latest Epstein emails referencing Trump from BBC
2025-11-14 04:30:25,077 - INFO - [The Guardian] Article: https://www.theguardian.com/world/2025/nov/12/french-algerian-writer-boualem-sansal-pardoned-and-to-be-released-from-prison
2025-11-14 04:30:25,077 - INFO - [The Guardian] Attempt 1/1: Trying with 'requests_browser' strategy...
2025-11-14 04:30:25,100 - INFO - [The Guardian] Success with 'requests_browser'. Found content (322 words).
2025-11-14 04:30:25,100 - INFO - [BBC] Article: https://www.bbc.com/news/articles/c4gpkerdn9qo?at_medium=RSS&at_campaign=rss
2025-11-14 04:30:25,105 - INFO - [BBC] Attempt 1/1: Trying with 'requests_browser' strategy...
2025-11-14 04:30:25,135 - INFO - Duplicate article skipped: French-Algerian writer Boualem Sansal pardoned and to be released from prison | Algeria | The Guardian from The Guardian
2025-11-14 04:30:25,157 - INFO - [BBC] Success with 'requests_browser'. Found content (796 words).
2025-11-14 04:30:25,188 - INFO - Duplicate article skipped: Germany agrees new military service plan to boost troop numbers from BBC
2025-11-14 04:30:25,960 - INFO - [The Guardian] Article: https://www.theguardian.com/world/2025/nov/12/sudan-north-darfur-aid-malnutrition-rsf-el-fasher-tawila
2025-11-14 04:30:25,960 - INFO - [The Guardian] Attempt 1/1: Trying with 'requests_browser' strategy...
2025-11-14 04:30:25,988 - INFO - [The Guardian] Success with 'requests_browser'. Found content (700 words).
2025-11-14 04:30:26,035 - INFO - Duplicate article skipped: Dire warnings over aid and hunger following RSF’s capture of Sudanese city | Sudan | The Guardian from The Guardian
2025-11-14 04:30:26,531 - INFO - [BBC] Article: https://www.bbc.com/news/articles/cz917nvj7qeo?at_medium=RSS&at_campaign=rss
2025-11-14 04:30:26,532 - INFO - [BBC] Attempt 1/1: Trying with 'requests_browser' strategy...
2025-11-14 04:30:26,562 - INFO - [BBC] Success with 'requests_browser'. Found content (914 words).
2025-11-14 04:30:26,595 - INFO - Duplicate article skipped: Trump celebrates as Democrats face fallout from end of shutdown from BBC
2025-11-14 04:30:26,865 - INFO - [The Guardian] Article: https://www.theguardian.com/world/2025/nov/12/city-of-libraries-chinguetti-mauritania-sahara-unesco-preservation
2025-11-14 04:30:26,865 - INFO - [The Guardian] Attempt 1/1: Trying with 'requests_browser' strategy...
2025-11-14 04:30:26,889 - INFO - [The Guardian] Success with 'requests_browser'. Found content (778 words).
2025-11-14 04:30:26,927 - INFO - Duplicate article skipped: The man on a mission to save Mauritania’s ‘city of libraries’ from encroaching desert sands | Mauritania | The Guardian from The Guardian
2025-11-14 04:30:27,274 - INFO - [BBC] Article: https://www.bbc.com/news/articles/czxnerkx5pgo?at_medium=RSS&at_campaign=rss
2025-11-14 04:30:27,274 - INFO - [BBC] Attempt 1/1: Trying with 'requests_browser' strategy...
2025-11-14 04:30:27,297 - INFO - [BBC] Success with 'requests_browser'. Found content (337 words).
2025-11-14 04:30:27,330 - INFO - Duplicate article skipped: Israel receives body Hamas says belongs to hostage from BBC
2025-11-14 04:30:27,828 - INFO - --- (Thread) Finished job for The Guardian, saved 5 articles. ---
2025-11-14 04:30:27,854 - INFO - --- (Thread) Finished job for BBC, saved 5 articles. ---
2025-11-14 04:30:31,213 - INFO - Selenium driver initialized successfully.
2025-11-14 04:30:31,213 - INFO - Starting scrape for The Hindu RSS feed: https://www.thehindu.com/news/national/feeder/default.rss
2025-11-14 04:30:31,215 - INFO - Selenium driver initialized successfully.
2025-11-14 04:30:31,215 - INFO - Starting scrape for Times of India RSS feed: https://timesofindia.indiatimes.com/rssfeeds/296589292.cms
2025-11-14 04:30:31,417 - INFO - Found 100 articles in The Hindu RSS feed. Processing up to 5.
2025-11-14 04:30:31,417 - INFO - [The Hindu] Article: https://www.thehindu.com/news/national/kerala/kerala-local-body-polls-bdjs-looks-to-shed-poor-performer-tag-bargains-for-more-seats-this-time/article70275873.ece
2025-11-14 04:30:31,417 - INFO - [The Hindu] Attempt 1/1: Trying with 'selenium_browser' strategy...
2025-11-14 04:30:31,480 - INFO - Found 20 articles in Times of India RSS feed. Processing up to 5.
2025-11-14 04:30:31,480 - INFO - [Times of India] Article: https://timesofindia.indiatimes.com/sports/nfl/news/cardi-b-welcomes-her-fourth-child-her-1st-with-boyfriend-stefon-diggs/articleshow/125313600.cms
2025-11-14 04:30:31,480 - INFO - [Times of India] Attempt 1/1: Trying with 'selenium_browser' strategy...
2025-11-14 04:30:41,382 - INFO - [The Hindu] Success with 'selenium_browser'. Found content (460 words).
2025-11-14 04:30:41,501 - INFO - Duplicate article skipped: Kerala local body polls: BDJS looks to shed poor-performer tag, bargains for more seats this time - The Hindu from The Hindu
2025-11-14 04:30:42,026 - INFO - [The Hindu] Article: https://www.thehindu.com/news/national/kerala/riding-on-pro-farmer-push-by-ldf-govt-kcm-eyes-bigger-role-in-the-front-with-kerala-local-body-polls/article70271181.ece
2025-11-14 04:30:42,026 - INFO - [The Hindu] Attempt 1/1: Trying with 'selenium_browser' strategy...
2025-11-14 04:30:46,823 - INFO - [Times of India] Success with 'selenium_browser'. Found content (471 words).
2025-11-14 04:30:46,921 - INFO - Duplicate article skipped: Cardi B welcomes her fourth child, her 1st with boyfriend Stefon Diggs | NFL News - The Times of India from Times of India
2025-11-14 04:30:47,874 - INFO - [Times of India] Article: https://timesofindia.indiatimes.com/world/us/operation-southern-spear-us-strikes-alleged-drug-trafficking-vessel-kills-four/articleshow/125314139.cms
2025-11-14 04:30:47,874 - INFO - [Times of India] Attempt 1/1: Trying with 'selenium_browser' strategy...
2025-11-14 04:30:48,775 - INFO - [The Hindu] Success with 'selenium_browser'. Found content (631 words).
2025-11-14 04:30:48,875 - INFO - Duplicate article skipped: Riding on pro-farmer push by LDF govt., KC(M) eyes bigger role in the front with Kerala local body polls - The Hindu from The Hindu
2025-11-14 04:30:49,432 - INFO - [The Hindu] Article: https://www.thehindu.com/news/national/kerala/kerala-local-body-polls-tight-triangular-contest-on-the-cards-in-iritty/article70270962.ece
2025-11-14 04:30:49,433 - INFO - [The Hindu] Attempt 1/1: Trying with 'selenium_browser' strategy...
2025-11-14 04:30:56,721 - INFO - [Times of India] Success with 'selenium_browser'. Found content (309 words).
2025-11-14 04:30:56,798 - INFO - Duplicate article skipped: Operation Southern Spear: US strikes alleged drug-trafficking vessel; kills four - The Times of India from Times of India
2025-11-14 04:30:56,992 - INFO - [The Hindu] Success with 'selenium_browser'. Found content (615 words).
2025-11-14 04:30:57,083 - INFO - Duplicate article skipped: Kerala local body polls: Tight triangular contest on the cards in Iritty - The Hindu from The Hindu
2025-11-14 04:30:57,758 - INFO - [The Hindu] Article: https://www.thehindu.com/news/national/punjab/tarn-taran-bypoll-results-2025-punjab/article70278334.ece
2025-11-14 04:30:57,758 - INFO - [The Hindu] Attempt 1/1: Trying with 'selenium_browser' strategy...
2025-11-14 04:30:58,223 - INFO - [Times of India] Article: https://timesofindia.indiatimes.com/world/china/chinas-wolf-warrior-diplomacy-returns-with-threat-against-japans-leader/articleshow/125314402.cms
2025-11-14 04:30:58,224 - INFO - [Times of India] Attempt 1/1: Trying with 'selenium_browser' strategy...
2025-11-14 04:31:04,109 - INFO - [The Hindu] Success with 'selenium_browser'. Found content (171 words).
2025-11-14 04:31:04,182 - INFO - Duplicate article skipped: Punjab’s Tarn Taran bypoll results: SAD candidate Sukhwinder Kaur leads; AAP nominee trailing - The Hindu from The Hindu
2025-11-14 04:31:04,991 - INFO - [The Hindu] Article: https://www.thehindu.com/news/national/mizoram/dampa-bypoll-results-2025-mizoram/article70278287.ece
2025-11-14 04:31:04,991 - INFO - [The Hindu] Attempt 1/1: Trying with 'selenium_browser' strategy...
2025-11-14 04:31:06,476 - INFO - [Times of India] Success with 'selenium_browser'. Found content (842 words).
2025-11-14 04:31:06,595 - INFO - Duplicate article skipped: China's 'Wolf Warrior' diplomacy returns with threat against Japan's leader - The Times of India from Times of India
2025-11-14 04:31:07,795 - INFO - [Times of India] Article: https://timesofindia.indiatimes.com/world/europe/russia-ukraine-war-moscow-launches-missiles-drones-overnight-every-district-in-kyiv-under-massive-attack/articleshow/125313481.cms
2025-11-14 04:31:07,795 - INFO - [Times of India] Attempt 1/1: Trying with 'selenium_browser' strategy...
2025-11-14 04:31:12,783 - INFO - [The Hindu] Success with 'selenium_browser'. Found content (166 words).
2025-11-14 04:31:12,852 - INFO - Duplicate article skipped: Mizoram’s Dampa bypoll results: Counting of votes begins with postal ballots - The Hindu from The Hindu
2025-11-14 04:31:13,921 - INFO - [The Hindu] (Thread) Finished. Shutting down its Selenium driver.
2025-11-14 04:31:14,065 - INFO - --- (Thread) Finished job for The Hindu, saved 5 articles. ---
2025-11-14 04:31:14,690 - INFO - [Times of India] Success with 'selenium_browser'. Found content (408 words).
2025-11-14 04:31:14,763 - INFO - Duplicate article skipped: Russia-Ukraine war: Moscow launches missiles, drones overnight; every district in Kyiv under 'massive' attack - The Times of India from Times of India
2025-11-14 04:31:15,819 - INFO - [Times of India] Article: https://timesofindia.indiatimes.com/science/jeff-bezoss-blue-origin-sends-nasas-satellites-to-mars-lands-first-booster/articleshow/125313190.cms
2025-11-14 04:31:15,819 - INFO - [Times of India] Attempt 1/1: Trying with 'selenium_browser' strategy...
2025-11-14 04:31:24,367 - INFO - [Times of India] Success with 'selenium_browser'. Found content (501 words).
2025-11-14 04:31:24,458 - INFO - Duplicate article skipped: Jeff Bezos's Blue Origin sends Nasa's satellites to Mars, lands first booster - The Times of India from Times of India
2025-11-14 04:31:24,983 - INFO - [Times of India] (Thread) Finished. Shutting down its Selenium driver.
2025-11-14 04:31:25,274 - INFO - --- (Thread) Finished job for Times of India, saved 5 articles. ---
2025-11-14 04:31:25,274 - INFO - Scraped: 5 The Guardian, 5 BBC, 5 The Hindu, 5 Times of India articles. (Total saved: 20)
2025-11-14 04:31:25,274 - INFO - --- Scraping job finished ---
2025-11-14 04:31:25,280 - INFO - --- Scraper service stopped and database connection closed. ---
