2026-01-06 22:27:27,285 - INFO - Initializing database connection at: news_articles.db
2026-01-06 22:27:27,285 - INFO - --- Scraper service started (CI Mode: Run Once) ---
2026-01-06 22:27:27,285 - INFO - --- Starting new scraping job (Parallel Mode) ---
2026-01-06 22:27:27,285 - INFO - Creating new robust session with 3 retries on 5xx/connection/read errors.
2026-01-06 22:27:27,286 - INFO - Proxy is DISABLED.
2026-01-06 22:27:27,286 - INFO - Starting scrape for BBC RSS feed: http://feeds.bbci.co.uk/news/world/rss.xml
2026-01-06 22:27:27,286 - INFO - [Times of India] (Thread) requires Selenium. Initializing driver...
2026-01-06 22:27:27,286 - INFO - Initializing headless Selenium Chrome driver (using SeleniumManager)...
2026-01-06 22:27:27,287 - INFO - Starting scrape for The Guardian RSS feed: https://www.theguardian.com/world/rss
2026-01-06 22:27:27,287 - INFO - [The Hindu] (Thread) requires Selenium. Initializing driver...
2026-01-06 22:27:27,288 - INFO - Submitted 4 jobs to thread pool. Waiting up to 300s for completion...
2026-01-06 22:27:27,291 - INFO - Initializing headless Selenium Chrome driver (using SeleniumManager)...
2026-01-06 22:27:27,524 - INFO - Found 45 articles in The Guardian RSS feed. Processing up to 10.
2026-01-06 22:27:27,524 - INFO - [The Guardian] Article: https://www.theguardian.com/world/2026/jan/02/anthony-joshuas-driver-charged-with-dangerous-driving-after-fatal-crash-in-nigeria
2026-01-06 22:27:27,524 - INFO - [The Guardian] Attempt 1/1: Trying with 'requests_browser' strategy...
2026-01-06 22:27:27,555 - INFO - [The Guardian] Success with 'requests_browser'. Found content (346 words).
2026-01-06 22:27:27,590 - INFO - Duplicate article skipped: Anthony Joshua’s driver charged with dangerous driving after fatal crash in Nigeria | Anthony Joshua | The Guardian from The Guardian
2026-01-06 22:27:27,609 - INFO - Found 35 articles in BBC RSS feed. Processing up to 10.
2026-01-06 22:27:27,609 - INFO - [BBC] Article: https://www.bbc.com/news/articles/c17zee20qpzo?at_medium=RSS&at_campaign=rss
2026-01-06 22:27:27,609 - INFO - [BBC] Attempt 1/1: Trying with 'requests_browser' strategy...
2026-01-06 22:27:27,740 - INFO - [BBC] Success with 'requests_browser'. Found content (589 words).
2026-01-06 22:27:27,791 - INFO - Saved article: UK and France to send troops to Ukraine if peace deal agreed with Russia from BBC
2026-01-06 22:27:28,920 - INFO - [BBC] Article: https://www.bbc.com/news/articles/cd6w4y0eq70o?at_medium=RSS&at_campaign=rss
2026-01-06 22:27:28,920 - INFO - [BBC] Attempt 1/1: Trying with 'requests_browser' strategy...
2026-01-06 22:27:28,964 - INFO - [BBC] Success with 'requests_browser'. Found content (662 words).
2026-01-06 22:27:29,002 - INFO - Duplicate article skipped: Venezuelan security forces detain journalists from foreign news organisations from BBC
2026-01-06 22:27:29,074 - INFO - [The Guardian] Article: https://www.theguardian.com/science/2026/jan/01/cremation-pyre-in-africa-thought-to-be-worlds-oldest-containing-adult-remains
2026-01-06 22:27:29,074 - INFO - [The Guardian] Attempt 1/1: Trying with 'requests_browser' strategy...
2026-01-06 22:27:29,103 - INFO - [The Guardian] Success with 'requests_browser'. Found content (653 words).
2026-01-06 22:27:29,140 - INFO - Duplicate article skipped: Cremation pyre in Africa thought to be world’s oldest containing adult remains | Anthropology | The Guardian from The Guardian
2026-01-06 22:27:30,196 - INFO - [BBC] Article: https://www.bbc.com/news/articles/c7v0deypjl4o?at_medium=RSS&at_campaign=rss
2026-01-06 22:27:30,196 - INFO - [BBC] Attempt 1/1: Trying with 'requests_browser' strategy...
2026-01-06 22:27:30,233 - INFO - [BBC] Success with 'requests_browser'. Found content (628 words).
2026-01-06 22:27:30,269 - INFO - Duplicate article skipped: US may seize oil tanker heading for Europe, reports say from BBC
2026-01-06 22:27:30,436 - INFO - [The Guardian] Article: https://www.theguardian.com/global-development/2026/jan/01/us-aid-cuts-conditions-un-humanitarian-pledge-ocha
2026-01-06 22:27:30,436 - INFO - [The Guardian] Attempt 1/1: Trying with 'requests_browser' strategy...
2026-01-06 22:27:30,464 - INFO - [The Guardian] Success with 'requests_browser'. Found content (631 words).
2026-01-06 22:27:30,502 - INFO - Duplicate article skipped: US ‘adapt, shrink or die’ terms for $2bn aid pot will mean UN bowing down to Washington, say experts | Aid | The Guardian from The Guardian
2026-01-06 22:27:30,962 - INFO - [BBC] Article: https://www.bbc.com/news/articles/czjg37p34r3o?at_medium=RSS&at_campaign=rss
2026-01-06 22:27:30,962 - INFO - [BBC] Attempt 1/1: Trying with 'requests_browser' strategy...
2026-01-06 22:27:30,997 - INFO - [BBC] Success with 'requests_browser'. Found content (573 words).
2026-01-06 22:27:31,033 - INFO - Duplicate article skipped: Six dead and hundreds of flights cancelled as snow causes chaos across Europe from BBC
2026-01-06 22:27:31,108 - INFO - [The Guardian] Article: https://www.theguardian.com/world/2025/dec/31/guinea-junta-chief-mamady-doumbouya-elected-president-after-opposition-boycott
2026-01-06 22:27:31,108 - INFO - [The Guardian] Attempt 1/1: Trying with 'requests_browser' strategy...
2026-01-06 22:27:31,135 - INFO - [The Guardian] Success with 'requests_browser'. Found content (399 words).
2026-01-06 22:27:31,170 - INFO - Duplicate article skipped: Guinea’s junta chief elected president after opposition boycott | Guinea | The Guardian from The Guardian
2026-01-06 22:27:32,022 - INFO - [The Guardian] Article: https://www.theguardian.com/world/2025/dec/30/saudi-arabia-uae-tension-future-yemen-boiling-point
2026-01-06 22:27:32,023 - INFO - [The Guardian] Attempt 1/1: Trying with 'requests_browser' strategy...
2026-01-06 22:27:32,063 - INFO - [The Guardian] Success with 'requests_browser'. Found content (932 words).
2026-01-06 22:27:32,109 - INFO - Duplicate article skipped: Tensions between Saudis and Emiratis over future of Yemen reach boiling point | Yemen | The Guardian from The Guardian
2026-01-06 22:27:32,389 - INFO - [BBC] Article: https://www.bbc.com/news/articles/cre28d2j2zxo?at_medium=RSS&at_campaign=rss
2026-01-06 22:27:32,389 - INFO - [BBC] Attempt 1/1: Trying with 'requests_browser' strategy...
2026-01-06 22:27:32,429 - INFO - [BBC] Success with 'requests_browser'. Found content (1261 words).
2026-01-06 22:27:32,490 - INFO - Duplicate article skipped: Iran anti-government protests spread to majority of provinces, videos show from BBC
2026-01-06 22:27:32,715 - INFO - [The Guardian] Article: https://www.theguardian.com/world/live/2026/jan/06/venezuela-live-updates-maduro-trump-us-attack-opposition-machado-return
2026-01-06 22:27:32,715 - INFO - [The Guardian] Attempt 1/1: Trying with 'requests_browser' strategy...
2026-01-06 22:27:32,930 - INFO - [The Guardian] Success with 'requests_browser'. Found content (3408 words).
2026-01-06 22:27:33,033 - INFO - Duplicate article skipped: Canadian leader asserts Greenland’s sovereignty as Trump administration says military is an option for ‘acquiring’ Danish territory – live | US Capitol attack | The Guardian from The Guardian
2026-01-06 22:27:33,688 - INFO - [BBC] Article: https://www.bbc.com/news/articles/c07xkeee2k3o?at_medium=RSS&at_campaign=rss
2026-01-06 22:27:33,688 - INFO - [BBC] Attempt 1/1: Trying with 'requests_browser' strategy...
2026-01-06 22:27:33,726 - INFO - [BBC] Success with 'requests_browser'. Found content (693 words).
2026-01-06 22:27:33,776 - INFO - Duplicate article skipped: European allies back Denmark over Trump's threat to annex Greenland from BBC
2026-01-06 22:27:34,411 - INFO - Selenium driver initialized successfully.
2026-01-06 22:27:34,412 - INFO - Starting scrape for The Hindu RSS feed: https://www.thehindu.com/news/national/feeder/default.rss
2026-01-06 22:27:34,413 - INFO - Selenium driver initialized successfully.
2026-01-06 22:27:34,413 - INFO - Starting scrape for Times of India RSS feed: https://timesofindia.indiatimes.com/rssfeeds/296589292.cms
2026-01-06 22:27:34,523 - INFO - [The Guardian] Article: https://www.theguardian.com/world/2026/jan/06/nicolas-maduro-tries-to-imitate-my-dance-says-donald-trump
2026-01-06 22:27:34,523 - INFO - [The Guardian] Attempt 1/1: Trying with 'requests_browser' strategy...
2026-01-06 22:27:34,556 - INFO - Found 20 articles in Times of India RSS feed. Processing up to 10.
2026-01-06 22:27:34,556 - INFO - [Times of India] Article: https://timesofindia.indiatimes.com/world/us-streamers/mrbeast-waives-copyright-for-beast-games-season-2-episode-1-to-boost-stream-reactions/articleshow/126381797.cms
2026-01-06 22:27:34,556 - INFO - [Times of India] Attempt 1/1: Trying with 'selenium_browser' strategy...
2026-01-06 22:27:34,563 - INFO - [The Guardian] Success with 'requests_browser'. Found content (333 words).
2026-01-06 22:27:34,614 - INFO - Duplicate article skipped: Nicolás Maduro ‘tries to imitate my dance’, says Trump in latest accusation | Nicolás Maduro | The Guardian from The Guardian
2026-01-06 22:27:34,632 - INFO - Found 100 articles in The Hindu RSS feed. Processing up to 10.
2026-01-06 22:27:34,632 - INFO - [The Hindu] Article: https://www.thehindu.com/entertainment/art/in-an-age-of-nationalism-a-month-long-art-exhibition-in-kolkata-on-the-idea-of-land/article70478053.ece
2026-01-06 22:27:34,632 - INFO - [The Hindu] Attempt 1/1: Trying with 'selenium_browser' strategy...
2026-01-06 22:27:35,131 - INFO - [BBC] Article: https://www.bbc.com/news/articles/c74w54783zeo?at_medium=RSS&at_campaign=rss
2026-01-06 22:27:35,131 - INFO - [BBC] Attempt 1/1: Trying with 'requests_browser' strategy...
2026-01-06 22:27:35,186 - INFO - [BBC] Success with 'requests_browser'. Found content (341 words).
2026-01-06 22:27:35,246 - INFO - Duplicate article skipped: Sudan civil war: Children among 13 killed after drone hits home in el-Obeid city, medics say from BBC
2026-01-06 22:27:35,457 - INFO - [The Guardian] Article: https://www.theguardian.com/world/2026/jan/07/caracas-venezuela-paramilitary-groups
2026-01-06 22:27:35,457 - INFO - [The Guardian] Attempt 1/1: Trying with 'requests_browser' strategy...
2026-01-06 22:27:35,511 - INFO - [The Guardian] Success with 'requests_browser'. Found content (762 words).
2026-01-06 22:27:35,615 - INFO - Duplicate article skipped: Armed militias deployed in Venezuela as regime attempts to impose authority | US attack on Venezuela | The Guardian from The Guardian
2026-01-06 22:27:36,141 - INFO - [The Guardian] Article: https://www.theguardian.com/us-news/2026/jan/06/trump-oil-companies-venezuela
2026-01-06 22:27:36,142 - INFO - [The Guardian] Attempt 1/1: Trying with 'requests_browser' strategy...
2026-01-06 22:27:36,186 - INFO - [The Guardian] Success with 'requests_browser'. Found content (780 words).
2026-01-06 22:27:36,262 - INFO - Duplicate article skipped: Trump says US companies will invest billions in Venezuelan oil production. Experts aren’t so sure | Trump administration | The Guardian from The Guardian
2026-01-06 22:27:36,317 - INFO - [BBC] Article: https://www.bbc.com/news/articles/cpv7myg2nw4o?at_medium=RSS&at_campaign=rss
2026-01-06 22:27:36,318 - INFO - [BBC] Attempt 1/1: Trying with 'requests_browser' strategy...
2026-01-06 22:27:36,381 - INFO - [BBC] Success with 'requests_browser'. Found content (634 words).
2026-01-06 22:27:36,446 - INFO - Duplicate article skipped: Zelensky replaces Ukraine's powerful security service leadership from BBC
2026-01-06 22:27:36,994 - INFO - [BBC] Article: https://www.bbc.com/news/articles/cdx4zxk1np0o?at_medium=RSS&at_campaign=rss
2026-01-06 22:27:36,994 - INFO - [BBC] Attempt 1/1: Trying with 'requests_browser' strategy...
2026-01-06 22:27:37,112 - INFO - [BBC] Success with 'requests_browser'. Found content (691 words).
2026-01-06 22:27:37,187 - INFO - Duplicate article skipped: Swiss ski bar not inspected for five years before deadly fire, mayor says from BBC
2026-01-06 22:27:37,364 - INFO - [The Guardian] Article: https://www.theguardian.com/world/2026/jan/06/ontario-canada-crown-royal-whisky-doug-ford
2026-01-06 22:27:37,364 - INFO - [The Guardian] Attempt 1/1: Trying with 'requests_browser' strategy...
2026-01-06 22:27:37,443 - INFO - [The Guardian] Success with 'requests_browser'. Found content (581 words).
2026-01-06 22:27:37,550 - INFO - Duplicate article skipped: ‘Stock up’: Ontario premier promises to banish Crown Royal whisky from province | Canada | The Guardian from The Guardian
2026-01-06 22:27:38,292 - INFO - [BBC] Article: https://www.bbc.com/news/articles/c74vx4n003xo?at_medium=RSS&at_campaign=rss
2026-01-06 22:27:38,292 - INFO - [BBC] Attempt 1/1: Trying with 'requests_browser' strategy...
2026-01-06 22:27:38,492 - INFO - [The Hindu] Page content loaded.
2026-01-06 22:27:38,507 - INFO - [BBC] Success with 'requests_browser'. Found content (580 words).
2026-01-06 22:27:38,684 - INFO - Duplicate article skipped: Macron hosts Ukraine and allies to try to cement security guarantees from BBC
2026-01-06 22:27:38,769 - INFO - [The Hindu] Success with 'selenium_browser'. Found content (385 words).
2026-01-06 22:27:39,227 - INFO - Saved article: In an age of nationalism, a month-long art exhibition in Kolkata on the idea of land - The Hindu from The Hindu
2026-01-06 22:27:39,802 - INFO - [The Hindu] Article: https://www.thehindu.com/news/national/west-bengal/economist-amartya-sen-not-required-to-attend-sir-hearing-over-spelling-error-says-election-commission/article70479773.ece
2026-01-06 22:27:39,802 - INFO - [The Hindu] Attempt 1/1: Trying with 'selenium_browser' strategy...
2026-01-06 22:27:45,643 - INFO - [The Hindu] Page content loaded.
2026-01-06 22:27:45,764 - INFO - [The Hindu] Success with 'selenium_browser'. Found content (397 words).
2026-01-06 22:27:45,988 - INFO - Saved article: Economist Amartya Sen not required to attend SIR hearing over spelling error, says ECI - The Hindu from The Hindu
2026-01-06 22:27:47,294 - INFO - [The Hindu] Article: https://www.thehindu.com/news/national/assam/bjp-planning-to-manipulate-electoral-rolls-delete-names-of-10000-voters-assam-mla/article70479081.ece
2026-01-06 22:27:47,295 - INFO - [The Hindu] Attempt 1/1: Trying with 'selenium_browser' strategy...
2026-01-06 22:27:48,633 - INFO - [The Hindu] Page content loaded.
2026-01-06 22:27:48,888 - INFO - [The Hindu] Success with 'selenium_browser'. Found content (393 words).
2026-01-06 22:27:49,012 - INFO - Duplicate article skipped: BJP planning to manipulate electoral rolls, ‘delete names of 10,000 voters’: Assam MLA - The Hindu from The Hindu
2026-01-06 22:27:50,083 - INFO - [The Hindu] Article: https://www.thehindu.com/news/national/rajasthan/data-centre-with-focus-on-e-governance-digital-inclusion-to-be-set-up-in-jaipur/article70478770.ece
2026-01-06 22:27:50,084 - INFO - [The Hindu] Attempt 1/1: Trying with 'selenium_browser' strategy...
2026-01-06 22:27:52,090 - INFO - [The Hindu] Page content loaded.
2026-01-06 22:27:52,313 - INFO - [The Hindu] Success with 'selenium_browser'. Found content (327 words).
2026-01-06 22:27:52,425 - INFO - Duplicate article skipped: Data centre with focus on e-governance, digital inclusion to be set up in Jaipur - The Hindu from The Hindu
2026-01-06 22:27:53,429 - INFO - [The Hindu] Article: https://www.thehindu.com/news/national/odisha/doctors-stir-odisha-govt-invokes-esma/article70478967.ece
2026-01-06 22:27:53,429 - INFO - [The Hindu] Attempt 1/1: Trying with 'selenium_browser' strategy...
2026-01-06 22:27:54,357 - INFO - [The Hindu] Page content loaded.
2026-01-06 22:27:54,473 - INFO - [The Hindu] Success with 'selenium_browser'. Found content (417 words).
2026-01-06 22:27:54,568 - INFO - Duplicate article skipped: Doctors’ stir: Odisha govt. invokes ESMA - The Hindu from The Hindu
2026-01-06 22:27:55,582 - INFO - [The Hindu] Article: https://www.thehindu.com/news/national/uttar-pradesh/bareilly-police-busthawalagstfraud-racket-2-held/article70478932.ece
2026-01-06 22:27:55,582 - INFO - [The Hindu] Attempt 1/1: Trying with 'selenium_browser' strategy...
2026-01-06 22:27:57,463 - INFO - [The Hindu] Page content loaded.
2026-01-06 22:27:57,567 - INFO - [The Hindu] Success with 'selenium_browser'. Found content (150 words).
2026-01-06 22:27:57,726 - INFO - Duplicate article skipped: Bareilly police bust hawala, GST fraud racket; 2 held - The Hindu from The Hindu
2026-01-06 22:27:58,894 - INFO - [The Hindu] Article: https://www.thehindu.com/news/national/luxembourg-very-important-partner-for-india-jaishankar/article70479704.ece
2026-01-06 22:27:58,894 - INFO - [The Hindu] Attempt 1/1: Trying with 'selenium_browser' strategy...
2026-01-06 22:27:59,695 - INFO - [The Hindu] Page content loaded.
2026-01-06 22:27:59,773 - INFO - [The Hindu] Success with 'selenium_browser'. Found content (383 words).
2026-01-06 22:27:59,876 - INFO - Duplicate article skipped: Luxembourg 'very important' partner for India: Jaishankar - The Hindu from The Hindu
2026-01-06 22:28:00,911 - INFO - [The Hindu] Article: https://www.thehindu.com/books/the-hindu-lit-for-life-returns-to-chennai-with-books-ideas-and-debate/article70478615.ece
2026-01-06 22:28:00,911 - INFO - [The Hindu] Attempt 1/1: Trying with 'selenium_browser' strategy...
2026-01-06 22:28:01,764 - INFO - [The Hindu] Page content loaded.
2026-01-06 22:28:01,930 - INFO - [The Hindu] Success with 'selenium_browser'. Found content (633 words).
2026-01-06 22:28:02,012 - INFO - Duplicate article skipped: The Hindu Lit For Life returns to Chennai with books, ideas and debate - The Hindu from The Hindu
2026-01-06 22:28:02,534 - INFO - [The Hindu] Article: https://www.thehindu.com/news/national/jammu-and-kashmir/nmc-withdraws-mata-vaishno-devi-colleges-mbbs-list-with-42-muslim-candidates-citing-non-compliance-bjp-welcomes-move/article70479719.ece
2026-01-06 22:28:02,534 - INFO - [The Hindu] Attempt 1/1: Trying with 'selenium_browser' strategy...
2026-01-06 22:28:03,650 - INFO - [The Hindu] Page content loaded.
2026-01-06 22:28:03,812 - INFO - [The Hindu] Success with 'selenium_browser'. Found content (394 words).
2026-01-06 22:28:03,883 - INFO - Duplicate article skipped: NMC withdraws Mata Vaishno Devi varsity’s MBBS list with 42 Muslim candidates citing 'non-compliance'; BJP welcomes move - The Hindu from The Hindu
2026-01-06 22:28:04,831 - INFO - [The Hindu] Article: https://www.thehindu.com/news/national/grok-obscene-ai-content-govt-gives-x-time-till-january-7-to-submit-report/article70478927.ece
2026-01-06 22:28:04,831 - INFO - [The Hindu] Attempt 1/1: Trying with 'selenium_browser' strategy...
2026-01-06 22:28:05,983 - INFO - [The Hindu] Page content loaded.
2026-01-06 22:28:06,211 - INFO - [The Hindu] Success with 'selenium_browser'. Found content (896 words).
2026-01-06 22:28:06,296 - INFO - Duplicate article skipped: Grok obscene AI content: govt. gives X time till January 7 to submit report - The Hindu from The Hindu
2026-01-06 22:28:07,757 - INFO - [The Hindu] (Thread) Finished. Attempting to shut down its Selenium driver.
2026-01-06 22:28:07,920 - INFO - [The Hindu] (Thread) driver.quit() successful.
2026-01-06 22:29:34,638 - ERROR - [Times of India] Request failed for strategy 'selenium_browser' on URL https://timesofindia.indiatimes.com/world/us-streamers/mrbeast-waives-copyright-for-beast-games-season-2-episode-1-to-boost-stream-reactions/articleshow/126381797.cms: HTTPConnectionPool(host='localhost', port=53393): Read timed out. (read timeout=120)
2026-01-06 22:29:34,638 - ERROR - [Times of India] All scrape strategies failed for https://timesofindia.indiatimes.com/world/us-streamers/mrbeast-waives-copyright-for-beast-games-season-2-episode-1-to-boost-stream-reactions/articleshow/126381797.cms. Falling back to RSS description.
2026-01-06 22:29:34,640 - INFO - Saved article: MrBeast waives copyright for Beast Games Season 2 Episode 1 to boost stream reactions from Times of India
2026-01-06 22:29:35,483 - INFO - [Times of India] Article: https://timesofindia.indiatimes.com/india/section-of-interim-govt-favouring-particular-party-alleges-jamaat/articleshow/126381814.cms
2026-01-06 22:29:35,483 - INFO - [Times of India] Attempt 1/1: Trying with 'selenium_browser' strategy...
2026-01-06 22:31:35,513 - ERROR - [Times of India] Request failed for strategy 'selenium_browser' on URL https://timesofindia.indiatimes.com/india/section-of-interim-govt-favouring-particular-party-alleges-jamaat/articleshow/126381814.cms: HTTPConnectionPool(host='localhost', port=53393): Read timed out. (read timeout=120)
2026-01-06 22:31:35,513 - ERROR - [Times of India] All scrape strategies failed for https://timesofindia.indiatimes.com/india/section-of-interim-govt-favouring-particular-party-alleges-jamaat/articleshow/126381814.cms. Falling back to RSS description.
2026-01-06 22:31:35,515 - INFO - Saved article: Section of interim govt favouring particular party, alleges Jamaat from Times of India
2026-01-06 22:31:36,692 - INFO - [Times of India] Article: https://timesofindia.indiatimes.com/etimes/trending/spanish-streamer-died-after-downing-whisky-and-taking-cocaine-as-viewers-paid-to-watch-police-say/articleshow/126381474.cms
2026-01-06 22:31:36,692 - INFO - [Times of India] Attempt 1/1: Trying with 'selenium_browser' strategy...
2026-01-06 22:32:27,291 - CRITICAL - --- TIMEOUT: 1 scrape jobs did not complete in 300s. ---
2026-01-06 22:32:27,291 - ERROR - A thread has timed out and will be abandoned.
2026-01-06 22:32:27,291 - INFO - Shutting down thread pool (wait=False)...
2026-01-06 22:32:27,292 - INFO - Scraped: 1 BBC, 0 The Guardian, 2 The Hindu, 1 Timed_Out_Jobs articles. (Total saved: 3)
2026-01-06 22:32:27,292 - INFO - --- Scraping job finished ---
2026-01-06 22:32:27,292 - INFO - --- Scraper service stopped and database connection closed. ---
2026-01-06 22:32:27,292 - INFO - --- Main thread finished. Forcing process exit to kill zombie threads. ---
