2025-11-30 14:21:55,678 - INFO - Initializing database connection at: news_articles.db
2025-11-30 14:21:55,678 - INFO - --- Scraper service started (CI Mode: Run Once) ---
2025-11-30 14:21:55,678 - INFO - --- Starting new scraping job (Parallel Mode) ---
2025-11-30 14:21:55,678 - INFO - Creating new robust session with 3 retries on 5xx/connection/read errors.
2025-11-30 14:21:55,678 - INFO - Proxy is DISABLED.
2025-11-30 14:21:55,679 - INFO - Starting scrape for BBC RSS feed: http://feeds.bbci.co.uk/news/world/rss.xml
2025-11-30 14:21:55,679 - INFO - [Times of India] (Thread) requires Selenium. Initializing driver...
2025-11-30 14:21:55,679 - INFO - Initializing headless Selenium Chrome driver (using SeleniumManager)...
2025-11-30 14:21:55,680 - INFO - Starting scrape for The Guardian RSS feed: https://www.theguardian.com/world/rss
2025-11-30 14:21:55,680 - INFO - [The Hindu] (Thread) requires Selenium. Initializing driver...
2025-11-30 14:21:55,680 - INFO - Initializing headless Selenium Chrome driver (using SeleniumManager)...
2025-11-30 14:21:55,680 - INFO - Submitted 4 jobs to thread pool. Waiting up to 300s for completion...
2025-11-30 14:21:55,958 - INFO - Found 29 articles in BBC RSS feed. Processing up to 10.
2025-11-30 14:21:55,958 - INFO - [BBC] Article: https://www.bbc.com/news/articles/c5y9ejley9do?at_medium=RSS&at_campaign=rss
2025-11-30 14:21:55,958 - INFO - [BBC] Attempt 1/1: Trying with 'requests_browser' strategy...
2025-11-30 14:21:56,026 - INFO - Found 45 articles in The Guardian RSS feed. Processing up to 10.
2025-11-30 14:21:56,027 - INFO - [The Guardian] Article: https://www.theguardian.com/world/2025/nov/28/jacob-zuma-daughter-resigns-claims-south-africans-tricked-fight-russia
2025-11-30 14:21:56,027 - INFO - [The Guardian] Attempt 1/1: Trying with 'requests_browser' strategy...
2025-11-30 14:21:56,073 - INFO - [The Guardian] Success with 'requests_browser'. Found content (753 words).
2025-11-30 14:21:56,105 - INFO - Duplicate article skipped: Jacob Zuma’s daughter resigns amid claims South Africans tricked to fight for Russia | South Africa | The Guardian from The Guardian
2025-11-30 14:21:56,337 - INFO - [BBC] Success with 'requests_browser'. Found content (711 words).
2025-11-30 14:21:56,395 - INFO - Duplicate article skipped: Death toll from Indonesia flooding and landslides rises to 417 from BBC
2025-11-30 14:21:57,284 - INFO - [BBC] Article: https://www.bbc.com/news/articles/c4gv76r5qpvo?at_medium=RSS&at_campaign=rss
2025-11-30 14:21:57,284 - INFO - [BBC] Attempt 1/1: Trying with 'requests_browser' strategy...
2025-11-30 14:21:57,330 - INFO - [BBC] Success with 'requests_browser'. Found content (499 words).
2025-11-30 14:21:57,360 - INFO - Duplicate article skipped: Benjamin Netanyahu seeks pardon from the Israeli president from BBC
2025-11-30 14:21:57,426 - INFO - [The Guardian] Article: https://www.theguardian.com/environment/2025/nov/28/africa-forests-transformed-carbon-sink-carbon-source-study
2025-11-30 14:21:57,426 - INFO - [The Guardian] Attempt 1/1: Trying with 'requests_browser' strategy...
2025-11-30 14:21:57,467 - INFO - [The Guardian] Success with 'requests_browser'. Found content (458 words).
2025-11-30 14:21:57,499 - INFO - Duplicate article skipped: Africa’s forests transformed from carbon sink to carbon source, study finds | Climate crisis | The Guardian from The Guardian
2025-11-30 14:21:58,412 - INFO - [BBC] Article: https://www.bbc.com/news/articles/c741mpdyw9no?at_medium=RSS&at_campaign=rss
2025-11-30 14:21:58,412 - INFO - [BBC] Attempt 1/1: Trying with 'requests_browser' strategy...
2025-11-30 14:21:58,566 - INFO - [BBC] Success with 'requests_browser'. Found content (519 words).
2025-11-30 14:21:58,597 - INFO - Duplicate article skipped: Venezuela calls Trump airspace closure warning 'colonialist threat' from BBC
2025-11-30 14:21:58,659 - INFO - [The Guardian] Article: https://www.theguardian.com/world/2025/nov/26/guinea-bissau-officers-take-total-control-close-borders-amid-election-chaos
2025-11-30 14:21:58,659 - INFO - [The Guardian] Attempt 1/1: Trying with 'requests_browser' strategy...
2025-11-30 14:21:58,816 - INFO - [The Guardian] Success with 'requests_browser'. Found content (412 words).
2025-11-30 14:21:58,847 - INFO - Duplicate article skipped: Guinea-Bissau military takes ‘total control’ amid election chaos | Guinea-Bissau | The Guardian from The Guardian
2025-11-30 14:21:59,907 - INFO - [The Guardian] Article: https://www.theguardian.com/world/2025/nov/25/nigerian-schoolgirls-rescued-after-mass-abduction-in-kebbi
2025-11-30 14:21:59,907 - INFO - [The Guardian] Attempt 1/1: Trying with 'requests_browser' strategy...
2025-11-30 14:22:00,042 - INFO - [BBC] Article: https://www.bbc.com/news/articles/cp34yk7z6yxo?at_medium=RSS&at_campaign=rss
2025-11-30 14:22:00,042 - INFO - [BBC] Attempt 1/1: Trying with 'requests_browser' strategy...
2025-11-30 14:22:00,058 - INFO - [The Guardian] Success with 'requests_browser'. Found content (515 words).
2025-11-30 14:22:00,097 - INFO - Duplicate article skipped: Nigerian schoolgirls rescued after mass abduction in Kebbi | Nigeria | The Guardian from The Guardian
2025-11-30 14:22:00,202 - INFO - [BBC] Success with 'requests_browser'. Found content (712 words).
2025-11-30 14:22:00,236 - INFO - Duplicate article skipped: Hong Kong fire: Death toll rises to 146 as thousands pay their respects from BBC
2025-11-30 14:22:01,319 - INFO - [BBC] Article: https://www.bbc.com/news/articles/cvg81p61dnmo?at_medium=RSS&at_campaign=rss
2025-11-30 14:22:01,319 - INFO - [BBC] Attempt 1/1: Trying with 'requests_browser' strategy...
2025-11-30 14:22:01,361 - INFO - [BBC] Success with 'requests_browser'. Found content (308 words).
2025-11-30 14:22:01,392 - INFO - [The Guardian] Article: https://www.theguardian.com/world/2025/nov/25/jacob-zuma-daughter-accused-tricking-men-fighting-for-russia-in-ukraine
2025-11-30 14:22:01,392 - INFO - [The Guardian] Attempt 1/1: Trying with 'requests_browser' strategy...
2025-11-30 14:22:01,393 - INFO - Duplicate article skipped: Stockton mass shooting: Four killed at California family gathering from BBC
2025-11-30 14:22:01,540 - INFO - [The Guardian] Success with 'requests_browser'. Found content (656 words).
2025-11-30 14:22:01,612 - INFO - Duplicate article skipped: Jacob Zuma’s daughter accused of tricking men into fighting for Russia in Ukraine | South Africa | The Guardian from The Guardian
2025-11-30 14:22:02,491 - INFO - [BBC] Article: https://www.bbc.com/news/articles/c075zd0j2j3o?at_medium=RSS&at_campaign=rss
2025-11-30 14:22:02,492 - INFO - [BBC] Attempt 1/1: Trying with 'requests_browser' strategy...
2025-11-30 14:22:02,534 - INFO - [BBC] Success with 'requests_browser'. Found content (313 words).
2025-11-30 14:22:02,566 - INFO - Duplicate article skipped: Kazakh pair accused of using spycam and earpieces to win A$1.2m in casino from BBC
2025-11-30 14:22:03,092 - INFO - [The Guardian] Article: https://www.theguardian.com/world/2025/nov/29/donald-trump-venezuela-airspace-closure
2025-11-30 14:22:03,092 - INFO - [The Guardian] Attempt 1/1: Trying with 'requests_browser' strategy...
2025-11-30 14:22:03,129 - INFO - [The Guardian] Success with 'requests_browser'. Found content (363 words).
2025-11-30 14:22:03,158 - INFO - Duplicate article skipped: Venezuela denounces ‘colonialist threat’ as Trump orders airspace closed | Venezuela | The Guardian from The Guardian
2025-11-30 14:22:03,303 - INFO - [BBC] Article: https://www.bbc.com/news/articles/cp9ky5z2gx0o?at_medium=RSS&at_campaign=rss
2025-11-30 14:22:03,303 - INFO - [BBC] Attempt 1/1: Trying with 'requests_browser' strategy...
2025-11-30 14:22:03,347 - INFO - [BBC] Success with 'requests_browser'. Found content (508 words).
2025-11-30 14:22:03,378 - INFO - Duplicate article skipped: Ukraine hits tankers in Black Sea in escalation against Russia from BBC
2025-11-30 14:22:03,832 - INFO - [The Guardian] Article: https://www.theguardian.com/us-news/2025/nov/29/pete-hegseth-denies-ordering-deaths-narco-boat
2025-11-30 14:22:03,832 - INFO - [The Guardian] Attempt 1/1: Trying with 'requests_browser' strategy...
2025-11-30 14:22:03,872 - INFO - [The Guardian] Success with 'requests_browser'. Found content (846 words).
2025-11-30 14:22:03,908 - INFO - Duplicate article skipped: Pete Hegseth denies he gave orders to ‘kill everybody’ on alleged ‘narco-boat’ | Pete Hegseth | The Guardian from The Guardian
2025-11-30 14:22:04,757 - INFO - [BBC] Article: https://www.bbc.com/news/articles/c8e97kl240lo?at_medium=RSS&at_campaign=rss
2025-11-30 14:22:04,757 - INFO - [BBC] Attempt 1/1: Trying with 'requests_browser' strategy...
2025-11-30 14:22:04,999 - INFO - Selenium driver initialized successfully.
2025-11-30 14:22:04,999 - INFO - Selenium driver initialized successfully.
2025-11-30 14:22:04,999 - INFO - Starting scrape for Times of India RSS feed: https://timesofindia.indiatimes.com/rssfeeds/296589292.cms
2025-11-30 14:22:04,999 - INFO - Starting scrape for The Hindu RSS feed: https://www.thehindu.com/news/national/feeder/default.rss
2025-11-30 14:22:05,281 - INFO - Found 100 articles in The Hindu RSS feed. Processing up to 10.
2025-11-30 14:22:05,281 - INFO - [The Hindu] Article: https://www.thehindu.com/news/national/telangana/ktr-writes-to-rahul-to-break-silence-on-5-lakh-crore-alleged-hiltp-land-scam-in-telangana/article70342170.ece
2025-11-30 14:22:05,281 - INFO - [The Hindu] Attempt 1/1: Trying with 'selenium_browser' strategy...
2025-11-30 14:22:05,302 - INFO - Found 20 articles in Times of India RSS feed. Processing up to 10.
2025-11-30 14:22:05,302 - INFO - [Times of India] Article: https://timesofindia.indiatimes.com/world/us/i-use-the-plane-less-than-my-predecessors-kash-patel-defends-himself-over-claims-he-used-an-fbi-jet-to-see-his-girlfriend/articleshow/125673505.cms
2025-11-30 14:22:05,302 - INFO - [Times of India] Attempt 1/1: Trying with 'selenium_browser' strategy...
2025-11-30 14:22:05,393 - INFO - [The Guardian] Article: https://www.theguardian.com/world/2025/nov/29/uk-mps-extra-aid-humanitarian-visas-jamaica-hurricane-melissa-dawn-butler
2025-11-30 14:22:05,393 - INFO - [The Guardian] Attempt 1/1: Trying with 'requests_browser' strategy...
2025-11-30 14:22:05,498 - INFO - [BBC] Success with 'requests_browser'. Found content (324 words).
2025-11-30 14:22:05,530 - INFO - Duplicate article skipped: More than 70,000 killed in Gaza since Israel offensive began, Hamas-run health ministry says from BBC
2025-11-30 14:22:05,767 - INFO - [The Guardian] Success with 'requests_browser'. Found content (873 words).
2025-11-30 14:22:05,807 - INFO - Duplicate article skipped: UK MPs push for extra aid and visas as Jamaica reels from Hurricane Melissa | Jamaica | The Guardian from The Guardian
2025-11-30 14:22:06,658 - INFO - [The Guardian] Article: https://www.theguardian.com/us-news/2025/nov/28/trump-pardon-honduras-hernandez-drugs
2025-11-30 14:22:06,658 - INFO - [The Guardian] Attempt 1/1: Trying with 'requests_browser' strategy...
2025-11-30 14:22:06,707 - INFO - [The Guardian] Success with 'requests_browser'. Found content (558 words).
2025-11-30 14:22:06,772 - INFO - Duplicate article skipped: Trump to pardon ex-Honduras leader serving drug trafficking sentence in US | Donald Trump | The Guardian from The Guardian
2025-11-30 14:22:06,929 - INFO - [BBC] Article: https://www.bbc.com/news/articles/c93wnyxjkxko?at_medium=RSS&at_campaign=rss
2025-11-30 14:22:06,929 - INFO - [BBC] Attempt 1/1: Trying with 'requests_browser' strategy...
2025-11-30 14:22:06,984 - INFO - [BBC] Success with 'requests_browser'. Found content (309 words).
2025-11-30 14:22:07,032 - INFO - Duplicate article skipped: French farm has €90,000 worth of escargot snails stolen from BBC
2025-11-30 14:22:08,200 - INFO - [The Guardian] Article: https://www.theguardian.com/us-news/2025/nov/28/college-student-deported-boston-flight-thanksgiving
2025-11-30 14:22:08,201 - INFO - [The Guardian] Attempt 1/1: Trying with 'requests_browser' strategy...
2025-11-30 14:22:08,307 - INFO - [The Guardian] Success with 'requests_browser'. Found content (274 words).
2025-11-30 14:22:08,356 - INFO - [BBC] Article: https://www.bbc.com/news/articles/cp39yw120kdo?at_medium=RSS&at_campaign=rss
2025-11-30 14:22:08,356 - INFO - [BBC] Attempt 1/1: Trying with 'requests_browser' strategy...
2025-11-30 14:22:08,447 - INFO - Duplicate article skipped: College student deported when flying home for Thanksgiving, despite court order | ICE (US Immigration and Customs Enforcement) | The Guardian from The Guardian
2025-11-30 14:22:08,579 - INFO - [BBC] Success with 'requests_browser'. Found content (376 words).
2025-11-30 14:22:08,677 - INFO - Duplicate article skipped: The Wiggles issue statement after appearing in Ecstasy music video from BBC
2025-11-30 14:22:13,396 - INFO - [The Hindu] Page content loaded.
2025-11-30 14:22:13,745 - INFO - [The Hindu] Success with 'selenium_browser'. Found content (335 words).
2025-11-30 14:22:14,030 - INFO - Saved article: KTR writes to Rahul to break silence on ₹5 lakh crore alleged HILTP land scam in Telangana - The Hindu from The Hindu
2025-11-30 14:22:15,159 - INFO - [The Hindu] Article: https://www.thehindu.com/news/national/telangana/552-motorists-booked-for-drunk-driving-in-hyderabad/article70341807.ece
2025-11-30 14:22:15,160 - INFO - [The Hindu] Attempt 1/1: Trying with 'selenium_browser' strategy...
2025-11-30 14:22:16,321 - INFO - [The Hindu] Page content loaded.
2025-11-30 14:22:16,399 - INFO - [The Hindu] Success with 'selenium_browser'. Found content (204 words).
2025-11-30 14:22:16,619 - INFO - Saved article: 552 motorists booked for drunk driving in Hyderabad - The Hindu from The Hindu
2025-11-30 14:22:16,997 - INFO - [Times of India] Page content loaded.
2025-11-30 14:22:17,609 - INFO - [The Hindu] Article: https://www.thehindu.com/news/national/karnataka/disruption-in-a320-operations-karnataka-travel-operators-body-warns-of-economic-and-employment-crisis/article70341952.ece
2025-11-30 14:22:17,610 - INFO - [The Hindu] Attempt 1/1: Trying with 'selenium_browser' strategy...
2025-11-30 14:22:18,075 - INFO - [Times of India] Success with 'selenium_browser'. Found content (431 words).
2025-11-30 14:22:18,303 - INFO - Saved article: ‘I use the plane less than my predecessors’: Kash Patel defends himself over claims he used an FBI jet to see his girlfriend | World News - The Times of India from Times of India
2025-11-30 14:22:18,814 - INFO - [Times of India] Article: https://timesofindia.indiatimes.com/etimes/trending/the-sun-has-disappeared-from-this-american-town-and-wont-return-until-next-year/articleshow/125672532.cms
2025-11-30 14:22:18,814 - INFO - [Times of India] Attempt 1/1: Trying with 'selenium_browser' strategy...
2025-11-30 14:22:19,012 - INFO - [The Hindu] Page content loaded.
2025-11-30 14:22:19,062 - INFO - [The Hindu] Success with 'selenium_browser'. Found content (415 words).
2025-11-30 14:22:19,125 - INFO - Saved article: Disruption in A320 operations: Karnataka travel operators’ body warns of economic and employment crisis - The Hindu from The Hindu
2025-11-30 14:22:20,194 - INFO - [The Hindu] Article: https://www.thehindu.com/news/national/kerala/ldf-manifesto-focuses-on-housing-healthcare-and-social-inclusion/article70341936.ece
2025-11-30 14:22:20,194 - INFO - [The Hindu] Attempt 1/1: Trying with 'selenium_browser' strategy...
2025-11-30 14:22:21,653 - INFO - [The Hindu] Page content loaded.
2025-11-30 14:22:21,922 - INFO - [The Hindu] Success with 'selenium_browser'. Found content (369 words).
2025-11-30 14:22:22,043 - INFO - Saved article: LDF manifesto focuses on housing, healthcare and social inclusion - The Hindu from The Hindu
2025-11-30 14:22:23,115 - INFO - [The Hindu] Article: https://www.thehindu.com/news/cities/Hyderabad/bharatiya-kala-mahotsav-at-rashtrapati-nilayam-closes-with-18-lakh-visitors-25-crore-sales/article70342053.ece
2025-11-30 14:22:23,115 - INFO - [The Hindu] Attempt 1/1: Trying with 'selenium_browser' strategy...
2025-11-30 14:22:24,283 - INFO - [The Hindu] Page content loaded.
2025-11-30 14:22:24,560 - INFO - [The Hindu] Success with 'selenium_browser'. Found content (418 words).
2025-11-30 14:22:24,816 - INFO - Saved article: Bharatiya Kala Mahotsav at Rashtrapati Nilayam closes with 1.8 lakh visitors, ₹2.5 crore sales - The Hindu from The Hindu
2025-11-30 14:22:25,648 - INFO - [The Hindu] Article: https://www.thehindu.com/news/national/kerala/kerala-sir-additional-time-to-be-used-to-trace-missing-voters-and-improve-quality-of-enumeration/article70341970.ece
2025-11-30 14:22:25,648 - INFO - [The Hindu] Attempt 1/1: Trying with 'selenium_browser' strategy...
2025-11-30 14:22:32,638 - INFO - [The Hindu] Page content loaded.
2025-11-30 14:22:32,953 - INFO - [The Hindu] Success with 'selenium_browser'. Found content (281 words).
2025-11-30 14:22:33,134 - INFO - Saved article: Kerala SIR: Additional time to be used to trace ‘missing’ voters and improve quality of enumeration - The Hindu from The Hindu
2025-11-30 14:22:34,006 - INFO - [The Hindu] Article: https://www.thehindu.com/news/national/andhra-pradesh/kanaka-durga-temple-witnesses-heavy-devotee-turnout/article70341832.ece
2025-11-30 14:22:34,006 - INFO - [The Hindu] Attempt 1/1: Trying with 'selenium_browser' strategy...
2025-11-30 14:22:34,160 - WARNING - [Times of India] Page timed out (10s). No <p> tags found. Proceeding anyway.
2025-11-30 14:22:34,640 - INFO - [Times of India] Success with 'selenium_browser'. Found content (984 words).
2025-11-30 14:22:34,811 - INFO - Saved article: The Sun has disappeared from this American town and won’t return until next year | - The Times of India from Times of India
2025-11-30 14:22:35,303 - INFO - [The Hindu] Page content loaded.
2025-11-30 14:22:35,613 - INFO - [The Hindu] Success with 'selenium_browser'. Found content (292 words).
2025-11-30 14:22:35,725 - INFO - Saved article: Kanaka Durga temple witnesses heavy devotee turnout - The Hindu from The Hindu
2025-11-30 14:22:36,251 - INFO - [Times of India] Article: https://timesofindia.indiatimes.com/world/pakistan/reflects-political-bias-misinformation-pak-brazens-it-out-criticises-un-top-official-for-remarks-on-27th-constitutional-amendment/articleshow/125671389.cms
2025-11-30 14:22:36,251 - INFO - [Times of India] Attempt 1/1: Trying with 'selenium_browser' strategy...
2025-11-30 14:22:36,579 - INFO - [The Hindu] Article: https://www.thehindu.com/news/national/andhra-pradesh/congress-to-name-new-dcc-president-soon-for-vizianagaram-says-aicc-observer/article70341872.ece
2025-11-30 14:22:36,584 - INFO - [The Hindu] Attempt 1/1: Trying with 'selenium_browser' strategy...
2025-11-30 14:22:38,094 - INFO - [The Hindu] Page content loaded.
2025-11-30 14:22:38,397 - INFO - [The Hindu] Success with 'selenium_browser'. Found content (225 words).
2025-11-30 14:22:38,595 - INFO - Saved article: Congress to name new DCC president soon for Vizianagaram, says AICC observer - The Hindu from The Hindu
2025-11-30 14:22:39,855 - INFO - [The Hindu] Article: https://www.thehindu.com/news/national/kerala/welfare-day-celebrations-held/article70341945.ece
2025-11-30 14:22:39,855 - INFO - [The Hindu] Attempt 1/1: Trying with 'selenium_browser' strategy...
2025-11-30 14:22:41,410 - INFO - [The Hindu] Page content loaded.
2025-11-30 14:22:41,954 - INFO - [The Hindu] Success with 'selenium_browser'. Found content (95 words).
2025-11-30 14:22:42,149 - INFO - Saved article: Welfare Day celebrations held - The Hindu from The Hindu
2025-11-30 14:22:43,487 - INFO - [The Hindu] Article: https://www.thehindu.com/news/national/assam/assam-pushes-back-11-infiltrators-says-chief-minister/article70342068.ece
2025-11-30 14:22:43,487 - INFO - [The Hindu] Attempt 1/1: Trying with 'selenium_browser' strategy...
2025-11-30 14:22:44,819 - INFO - [The Hindu] Page content loaded.
2025-11-30 14:22:44,930 - INFO - [The Hindu] Success with 'selenium_browser'. Found content (149 words).
2025-11-30 14:22:45,000 - INFO - Saved article: Assam pushes back 11 infiltrators, says Chief Minister - The Hindu from The Hindu
2025-11-30 14:22:46,486 - INFO - [The Hindu] (Thread) Finished. Attempting to shut down its Selenium driver.
2025-11-30 14:22:46,601 - INFO - [The Hindu] (Thread) driver.quit() successful.
2025-11-30 14:23:36,275 - ERROR - [Times of India] Request failed for strategy 'selenium_browser' on URL https://timesofindia.indiatimes.com/world/pakistan/reflects-political-bias-misinformation-pak-brazens-it-out-criticises-un-top-official-for-remarks-on-27th-constitutional-amendment/articleshow/125671389.cms: Message: timeout: Timed out receiving message from renderer: 59.259
  (Session info: chrome=142.0.7444.162)
Stacktrace:
#0 0x55ec4119c32a <unknown>
#1 0x55ec40be8e4b <unknown>
#2 0x55ec40bd0e0d <unknown>
#3 0x55ec40bd0af0 <unknown>
#4 0x55ec40bce8ff <unknown>
#5 0x55ec40bcf27f <unknown>
#6 0x55ec40bddca3 <unknown>
#7 0x55ec40bf7601 <unknown>
#8 0x55ec40bfde0b <unknown>
#9 0x55ec40bcf9bd <unknown>
#10 0x55ec40bf73a7 <unknown>
#11 0x55ec40c88170 <unknown>
#12 0x55ec40c2dc1a <unknown>
#13 0x55ec40c2e921 <unknown>
#14 0x55ec41163239 <unknown>
#15 0x55ec411661e8 <unknown>
#16 0x55ec4114c4c9 <unknown>
#17 0x55ec41166db5 <unknown>
#18 0x55ec41133e93 <unknown>
#19 0x55ec41189098 <unknown>
#20 0x55ec41189273 <unknown>
#21 0x55ec4119b2c3 <unknown>
#22 0x7f812d89caa4 <unknown>
#23 0x7f812d929c6c <unknown>

2025-11-30 14:23:36,275 - ERROR - [Times of India] All scrape strategies failed for https://timesofindia.indiatimes.com/world/pakistan/reflects-political-bias-misinformation-pak-brazens-it-out-criticises-un-top-official-for-remarks-on-27th-constitutional-amendment/articleshow/125671389.cms. Falling back to RSS description.
2025-11-30 14:23:36,275 - INFO - Duplicate article skipped: Unbridled power for Munir: UN raises red flag; Pak acts indignant from Times of India
2025-11-30 14:23:37,518 - INFO - [Times of India] Article: https://timesofindia.indiatimes.com/world/middle-east/uae-revamps-lottery-rules-now-you-can-play-weekly-and-win-up-to-dh30-million/articleshow/125671257.cms
2025-11-30 14:23:37,518 - INFO - [Times of India] Attempt 1/1: Trying with 'selenium_browser' strategy...
2025-11-30 14:23:40,424 - INFO - [Times of India] Page content loaded.
2025-11-30 14:23:40,661 - INFO - [Times of India] Success with 'selenium_browser'. Found content (524 words).
2025-11-30 14:23:40,755 - INFO - Duplicate article skipped: UAE revamps lottery rules: Now you can play weekly and win up to Dh30 million | World News - The Times of India from Times of India
2025-11-30 14:23:41,896 - INFO - [Times of India] Article: https://timesofindia.indiatimes.com/world/middle-east/uae-announces-rise-in-fuel-prices-for-december-2025-new-petrol-and-diesel-rates-explained/articleshow/125670749.cms
2025-11-30 14:23:41,896 - INFO - [Times of India] Attempt 1/1: Trying with 'selenium_browser' strategy...
2025-11-30 14:23:46,379 - INFO - [Times of India] Page content loaded.
2025-11-30 14:23:46,770 - INFO - [Times of India] Success with 'selenium_browser'. Found content (286 words).
2025-11-30 14:23:46,850 - INFO - Duplicate article skipped: UAE announces rise in fuel prices for December 2025 - New petrol and diesel rates explained | World News - The Times of India from Times of India
2025-11-30 14:23:47,654 - INFO - [Times of India] Article: https://timesofindia.indiatimes.com/science/how-africa-may-become-earths-next-ocean-basin-in-5-to-10-million-years-giving-birth-to-a-new-ocean/articleshow/125663914.cms
2025-11-30 14:23:47,655 - INFO - [Times of India] Attempt 1/1: Trying with 'selenium_browser' strategy...
2025-11-30 14:23:52,259 - INFO - [Times of India] Page content loaded.
2025-11-30 14:23:52,506 - INFO - [Times of India] Success with 'selenium_browser'. Found content (852 words).
2025-11-30 14:23:52,575 - INFO - Duplicate article skipped: How Africa may become Earth’s next ocean basin in 5 to 10 million years giving birth to a new ocean | - The Times of India from Times of India
2025-11-30 14:23:53,874 - INFO - [Times of India] Article: https://timesofindia.indiatimes.com/world/middle-east/uae-drivers-license-2025-which-countries-can-skip-the-test-and-drive-with-their-home-license/articleshow/125670342.cms
2025-11-30 14:23:53,874 - INFO - [Times of India] Attempt 1/1: Trying with 'selenium_browser' strategy...
2025-11-30 14:24:41,156 - INFO - [Times of India] Page content loaded.
2025-11-30 14:24:41,441 - INFO - [Times of India] Success with 'selenium_browser'. Found content (1264 words).
2025-11-30 14:24:41,542 - INFO - Duplicate article skipped: UAE Driver’s License 2025: Which countries can skip the test and drive with their home license? | World News - The Times of India from Times of India
2025-11-30 14:24:42,809 - INFO - [Times of India] Article: https://timesofindia.indiatimes.com/world/europe/swiss-vote-on-compulsory-civic-duty-climate-tax-for-super-rich/articleshow/125669403.cms
2025-11-30 14:24:42,809 - INFO - [Times of India] Attempt 1/1: Trying with 'selenium_browser' strategy...
2025-11-30 14:24:46,600 - INFO - [Times of India] Page content loaded.
2025-11-30 14:24:46,757 - INFO - [Times of India] Success with 'selenium_browser'. Found content (540 words).
2025-11-30 14:24:46,905 - INFO - Duplicate article skipped: Swiss vote on compulsory civic duty, climate tax for super-rich - The Times of India from Times of India
2025-11-30 14:24:48,313 - INFO - [Times of India] Article: https://timesofindia.indiatimes.com/world/us/irresponsible-dangerous-fda-memo-links-covid-shots-to-children-deaths-proposes-new-vaccine-rules/articleshow/125668221.cms
2025-11-30 14:24:48,313 - INFO - [Times of India] Attempt 1/1: Trying with 'selenium_browser' strategy...
2025-11-30 14:24:52,572 - INFO - [Times of India] Page content loaded.
2025-11-30 14:24:52,819 - INFO - [Times of India] Success with 'selenium_browser'. Found content (463 words).
2025-11-30 14:24:52,909 - INFO - Duplicate article skipped: 'Irresponsible, dangerous': FDA memo links Covid shots to children deaths; proposes new vaccine rules - The Times of India from Times of India
2025-11-30 14:24:53,956 - INFO - [Times of India] Article: https://timesofindia.indiatimes.com/world/middle-east/uae-is-changing-key-tax-rules-from-january-2026-heres-what-it-means-for-you/articleshow/125668742.cms
2025-11-30 14:24:53,956 - INFO - [Times of India] Attempt 1/1: Trying with 'selenium_browser' strategy...
2025-11-30 14:24:56,728 - INFO - [Times of India] Page content loaded.
2025-11-30 14:24:56,944 - INFO - [Times of India] Success with 'selenium_browser'. Found content (899 words).
2025-11-30 14:24:57,018 - INFO - Duplicate article skipped: UAE is changing key tax rules from January 2026 — here’s what it means for you | World News - The Times of India from Times of India
2025-11-30 14:24:58,316 - INFO - [Times of India] (Thread) Finished. Attempting to shut down its Selenium driver.
2025-11-30 14:24:58,617 - INFO - [Times of India] (Thread) driver.quit() successful.
2025-11-30 14:24:58,617 - INFO - Shutting down thread pool (wait=False)...
2025-11-30 14:24:58,617 - INFO - Scraped: 2 Times of India, 0 BBC, 10 The Hindu, 0 The Guardian articles. (Total saved: 12)
2025-11-30 14:24:58,618 - INFO - --- Scraping job finished ---
2025-11-30 14:24:58,628 - INFO - --- Scraper service stopped and database connection closed. ---
2025-11-30 14:24:58,628 - INFO - --- Main thread finished. Forcing process exit to kill zombie threads. ---
