2026-01-08 12:57:44,722 - INFO - Initializing database connection at: news_articles.db
2026-01-08 12:57:44,724 - INFO - --- Scraper service started (CI Mode: Run Once) ---
2026-01-08 12:57:44,724 - INFO - --- Starting new scraping job (Parallel Mode) ---
2026-01-08 12:57:44,724 - INFO - Creating new robust session with 3 retries on 5xx/connection/read errors.
2026-01-08 12:57:44,724 - INFO - Proxy is DISABLED.
2026-01-08 12:57:44,724 - INFO - Starting scrape for BBC RSS feed: http://feeds.bbci.co.uk/news/world/rss.xml
2026-01-08 12:57:44,725 - INFO - [Times of India] (Thread) requires Selenium. Initializing driver...
2026-01-08 12:57:44,725 - INFO - Initializing headless Selenium Chrome driver (using SeleniumManager)...
2026-01-08 12:57:44,725 - INFO - Starting scrape for The Guardian RSS feed: https://www.theguardian.com/world/rss
2026-01-08 12:57:44,727 - INFO - [The Hindu] (Thread) requires Selenium. Initializing driver...
2026-01-08 12:57:44,727 - INFO - Initializing headless Selenium Chrome driver (using SeleniumManager)...
2026-01-08 12:57:44,727 - INFO - Submitted 4 jobs to thread pool. Waiting up to 300s for completion...
2026-01-08 12:57:44,831 - INFO - Found 45 articles in The Guardian RSS feed. Processing up to 10.
2026-01-08 12:57:44,831 - INFO - [The Guardian] Article: https://www.theguardian.com/world/2026/jan/08/questions-targeting-impact-us-airstrikes-in-nigeria
2026-01-08 12:57:44,831 - INFO - [The Guardian] Attempt 1/1: Trying with 'requests_browser' strategy...
2026-01-08 12:57:44,870 - INFO - [The Guardian] Success with 'requests_browser'. Found content (795 words).
2026-01-08 12:57:44,909 - INFO - Duplicate article skipped: Two weeks on, questions linger over targeting and impact of US airstrikes in Nigeria | Nigeria | The Guardian from The Guardian
2026-01-08 12:57:45,205 - INFO - Found 31 articles in BBC RSS feed. Processing up to 10.
2026-01-08 12:57:45,205 - INFO - [BBC] Article: https://www.bbc.com/news/articles/c0jvnl4j1n4o?at_medium=RSS&at_campaign=rss
2026-01-08 12:57:45,206 - INFO - [BBC] Attempt 1/1: Trying with 'requests_browser' strategy...
2026-01-08 12:57:45,552 - INFO - [BBC] Success with 'requests_browser'. Found content (1048 words).
2026-01-08 12:57:45,597 - INFO - Duplicate article skipped: US immigration officer fatally shoots woman in Minneapolis from BBC
2026-01-08 12:57:46,016 - INFO - [The Guardian] Article: https://www.theguardian.com/world/2026/jan/02/anthony-joshuas-driver-charged-with-dangerous-driving-after-fatal-crash-in-nigeria
2026-01-08 12:57:46,016 - INFO - [The Guardian] Attempt 1/1: Trying with 'requests_browser' strategy...
2026-01-08 12:57:46,080 - INFO - [The Guardian] Success with 'requests_browser'. Found content (346 words).
2026-01-08 12:57:46,112 - INFO - Selenium driver initialized successfully.
2026-01-08 12:57:46,117 - INFO - Starting scrape for Times of India RSS feed: https://timesofindia.indiatimes.com/rssfeeds/296589292.cms
2026-01-08 12:57:46,119 - INFO - Selenium driver initialized successfully.
2026-01-08 12:57:46,119 - INFO - Starting scrape for The Hindu RSS feed: https://www.thehindu.com/news/national/feeder/default.rss
2026-01-08 12:57:46,131 - INFO - Duplicate article skipped: Anthony Joshua’s driver charged with dangerous driving after fatal crash in Nigeria | Anthony Joshua | The Guardian from The Guardian
2026-01-08 12:57:46,153 - INFO - [BBC] Article: https://www.bbc.com/news/articles/c5y2v8ngl14o?at_medium=RSS&at_campaign=rss
2026-01-08 12:57:46,153 - INFO - [BBC] Attempt 1/1: Trying with 'requests_browser' strategy...
2026-01-08 12:57:46,193 - INFO - [BBC] Success with 'requests_browser'. Found content (1077 words).
2026-01-08 12:57:46,231 - INFO - Duplicate article skipped: US seizes two 'ghost fleet' tankers linked to Venezuelan oil from BBC
2026-01-08 12:57:46,263 - INFO - Found 100 articles in The Hindu RSS feed. Processing up to 10.
2026-01-08 12:57:46,263 - INFO - [The Hindu] Article: https://www.thehindu.com/news/cities/chennai/jawahirullah-urges-government-to-correct-addresses-of-fishers-in-official-records/article70486098.ece
2026-01-08 12:57:46,263 - INFO - [The Hindu] Attempt 1/1: Trying with 'selenium_browser' strategy...
2026-01-08 12:57:46,307 - INFO - Found 20 articles in Times of India RSS feed. Processing up to 10.
2026-01-08 12:57:46,307 - INFO - [Times of India] Article: https://timesofindia.indiatimes.com/world/us/can-barron-trump-marry-denmarks-princess-and-secure-greenland-as-dowry-maga-calls-it-diplomatic-solution/articleshow/126415278.cms
2026-01-08 12:57:46,307 - INFO - [Times of India] Attempt 1/1: Trying with 'selenium_browser' strategy...
2026-01-08 12:57:47,497 - INFO - [BBC] Article: https://www.bbc.com/news/articles/cgm4y0ewe93o?at_medium=RSS&at_campaign=rss
2026-01-08 12:57:47,497 - INFO - [BBC] Attempt 1/1: Trying with 'requests_browser' strategy...
2026-01-08 12:57:47,613 - INFO - [The Guardian] Article: https://www.theguardian.com/science/2026/jan/01/cremation-pyre-in-africa-thought-to-be-worlds-oldest-containing-adult-remains
2026-01-08 12:57:47,613 - INFO - [The Guardian] Attempt 1/1: Trying with 'requests_browser' strategy...
2026-01-08 12:57:47,722 - INFO - [BBC] Success with 'requests_browser'. Found content (1034 words).
2026-01-08 12:57:47,835 - INFO - [The Guardian] Success with 'requests_browser'. Found content (653 words).
2026-01-08 12:57:48,069 - INFO - Duplicate article skipped: Footage shows violent clashes as Iran protests spread to more areas from BBC
2026-01-08 12:57:48,108 - INFO - Duplicate article skipped: Cremation pyre in Africa thought to be world’s oldest containing adult remains | Anthropology | The Guardian from The Guardian
2026-01-08 12:57:48,889 - INFO - [BBC] Article: https://www.bbc.com/news/articles/cp80ln97py5o?at_medium=RSS&at_campaign=rss
2026-01-08 12:57:48,889 - INFO - [BBC] Attempt 1/1: Trying with 'requests_browser' strategy...
2026-01-08 12:57:49,018 - INFO - [BBC] Success with 'requests_browser'. Found content (467 words).
2026-01-08 12:57:49,130 - INFO - Duplicate article skipped: Trump withdraws US from key climate treaty and dozens of other groups from BBC
2026-01-08 12:57:49,208 - INFO - [The Guardian] Article: https://www.theguardian.com/global-development/2026/jan/01/us-aid-cuts-conditions-un-humanitarian-pledge-ocha
2026-01-08 12:57:49,208 - INFO - [The Guardian] Attempt 1/1: Trying with 'requests_browser' strategy...
2026-01-08 12:57:49,344 - INFO - [The Guardian] Success with 'requests_browser'. Found content (631 words).
2026-01-08 12:57:49,543 - INFO - Duplicate article skipped: US ‘adapt, shrink or die’ terms for $2bn aid pot will mean UN bowing down to Washington, say experts | Aid | The Guardian from The Guardian
2026-01-08 12:57:50,068 - INFO - [The Guardian] Article: https://www.theguardian.com/world/2025/dec/31/guinea-junta-chief-mamady-doumbouya-elected-president-after-opposition-boycott
2026-01-08 12:57:50,068 - INFO - [The Guardian] Attempt 1/1: Trying with 'requests_browser' strategy...
2026-01-08 12:57:50,165 - INFO - [BBC] Article: https://www.bbc.com/news/articles/ckgl8jgdxypo?at_medium=RSS&at_campaign=rss
2026-01-08 12:57:50,165 - INFO - [BBC] Attempt 1/1: Trying with 'requests_browser' strategy...
2026-01-08 12:57:50,233 - INFO - [The Guardian] Success with 'requests_browser'. Found content (399 words).
2026-01-08 12:57:50,555 - INFO - [BBC] Success with 'requests_browser'. Found content (846 words).
2026-01-08 12:57:50,612 - INFO - Duplicate article skipped: Guinea’s junta chief elected president after opposition boycott | Guinea | The Guardian from The Guardian
2026-01-08 12:57:50,719 - INFO - Saved article: China's crackdown on underground churches intensifies with new arrests from BBC
2026-01-08 12:57:51,857 - INFO - [The Guardian] Article: https://www.theguardian.com/world/2026/jan/08/venezuela-oil-deal-rodriguez-trump-vance-claims-us-control
2026-01-08 12:57:51,857 - INFO - [The Guardian] Attempt 1/1: Trying with 'requests_browser' strategy...
2026-01-08 12:57:51,946 - INFO - [The Guardian] Success with 'requests_browser'. Found content (717 words).
2026-01-08 12:57:52,191 - INFO - [BBC] Article: https://www.bbc.com/news/articles/ckgn1lpq52ko?at_medium=RSS&at_campaign=rss
2026-01-08 12:57:52,191 - INFO - [BBC] Attempt 1/1: Trying with 'requests_browser' strategy...
2026-01-08 12:57:52,262 - INFO - Duplicate article skipped: Venezuela cooperating fully and US will control its oil for years, Trump claims | US attack on Venezuela | The Guardian from The Guardian
2026-01-08 12:57:52,430 - INFO - [BBC] Success with 'requests_browser'. Found content (359 words).
2026-01-08 12:57:52,617 - INFO - Saved article: US halts assistance to Somalia over claims WFP food aid was illegally seized from BBC
2026-01-08 12:57:52,977 - INFO - [The Guardian] Article: https://www.theguardian.com/business/2026/jan/08/trump-plans-use-venezuela-huge-oil-reserves-to-cut-us-consumer-price-to-50-a-barrel
2026-01-08 12:57:52,977 - INFO - [The Guardian] Attempt 1/1: Trying with 'requests_browser' strategy...
2026-01-08 12:57:53,136 - INFO - [The Guardian] Success with 'requests_browser'. Found content (548 words).
2026-01-08 12:57:53,339 - INFO - Saved article: Trump plans to use Venezuela’s huge crude reserves ‘to cut US oil price to $50 a barrel’ | Oil | The Guardian from The Guardian
2026-01-08 12:57:53,674 - INFO - [BBC] Article: https://www.bbc.com/news/articles/cy4q898dkwxo?at_medium=RSS&at_campaign=rss
2026-01-08 12:57:53,674 - INFO - [BBC] Attempt 1/1: Trying with 'requests_browser' strategy...
2026-01-08 12:57:53,812 - INFO - [BBC] Success with 'requests_browser'. Found content (483 words).
2026-01-08 12:57:53,979 - INFO - Duplicate article skipped: Heatwave hits Australia as officials warn of 'catastrophic' fire risk from BBC
2026-01-08 12:57:54,365 - INFO - [The Guardian] Article: https://www.theguardian.com/us-news/live/2026/jan/07/donald-trump-venezuela-greenland-oil-childcare-us-politics-live
2026-01-08 12:57:54,365 - INFO - [The Guardian] Attempt 1/1: Trying with 'requests_browser' strategy...
2026-01-08 12:57:54,696 - INFO - [BBC] Article: https://www.bbc.com/news/articles/c62vmn30j3yo?at_medium=RSS&at_campaign=rss
2026-01-08 12:57:54,706 - INFO - [BBC] Attempt 1/1: Trying with 'requests_browser' strategy...
2026-01-08 12:57:54,982 - INFO - [BBC] Success with 'requests_browser'. Found content (1011 words).
2026-01-08 12:57:55,279 - INFO - Saved article: Gaza children return to school after years without formal education from BBC
2026-01-08 12:57:55,330 - INFO - [The Guardian] Success with 'requests_browser'. Found content (1730 words).
2026-01-08 12:57:55,598 - INFO - Duplicate article skipped: Democrats slam Trump’s justification for immigration agent killing woman during ICE raid and call for investigation – as it happened | US immigration | The Guardian from The Guardian
2026-01-08 12:57:56,358 - INFO - [BBC] Article: https://www.bbc.com/news/articles/c8x94lz0gevo?at_medium=RSS&at_campaign=rss
2026-01-08 12:57:56,358 - INFO - [BBC] Attempt 1/1: Trying with 'requests_browser' strategy...
2026-01-08 12:57:56,472 - INFO - [BBC] Success with 'requests_browser'. Found content (770 words).
2026-01-08 12:57:56,632 - INFO - Duplicate article skipped: Australia PM announces royal commission into Bondi shooting from BBC
2026-01-08 12:57:56,753 - INFO - [The Guardian] Article: https://www.theguardian.com/world/2026/jan/07/russia-submarine-escort-shadow-fleet-tanker-us-sanctions
2026-01-08 12:57:56,753 - INFO - [The Guardian] Attempt 1/1: Trying with 'requests_browser' strategy...
2026-01-08 12:57:56,854 - INFO - [The Guardian] Success with 'requests_browser'. Found content (1050 words).
2026-01-08 12:57:57,062 - INFO - Duplicate article skipped: US seizes Russian-flagged oil tanker in Atlantic after two-week pursuit | US foreign policy | The Guardian from The Guardian
2026-01-08 12:57:57,358 - INFO - [BBC] Article: https://www.bbc.com/news/articles/cgk8jv4r8nmo?at_medium=RSS&at_campaign=rss
2026-01-08 12:57:57,358 - INFO - [BBC] Attempt 1/1: Trying with 'requests_browser' strategy...
2026-01-08 12:57:57,440 - INFO - [BBC] Success with 'requests_browser'. Found content (578 words).
2026-01-08 12:57:57,522 - INFO - Duplicate article skipped: One million without heat and water after Russian strikes, Ukraine says from BBC
2026-01-08 12:57:57,677 - INFO - [The Guardian] Article: https://www.theguardian.com/us-news/2026/jan/07/trump-maduro-diosdado-cabello
2026-01-08 12:57:57,677 - INFO - [The Guardian] Attempt 1/1: Trying with 'requests_browser' strategy...
2026-01-08 12:57:57,801 - INFO - [The Guardian] Success with 'requests_browser'. Found content (988 words).
2026-01-08 12:57:57,915 - INFO - Duplicate article skipped: US reportedly warns Maduro ally Diosdado Cabello he could be next | Venezuela | The Guardian from The Guardian
2026-01-08 12:58:01,727 - INFO - [The Hindu] Page content loaded.
2026-01-08 12:58:01,972 - INFO - [The Hindu] Success with 'selenium_browser'. Found content (189 words).
2026-01-08 12:58:02,410 - INFO - Saved article: Jawahirullah urges government to correct addresses of fishers in official records - The Hindu from The Hindu
2026-01-08 12:58:03,329 - INFO - [The Hindu] Article: https://www.thehindu.com/news/national/kerala/government-medical-college-doctors-to-go-on-indefinite-strike/article70486055.ece
2026-01-08 12:58:03,329 - INFO - [The Hindu] Attempt 1/1: Trying with 'selenium_browser' strategy...
2026-01-08 12:58:05,017 - INFO - [The Hindu] Page content loaded.
2026-01-08 12:58:05,099 - INFO - [The Hindu] Success with 'selenium_browser'. Found content (327 words).
2026-01-08 12:58:05,203 - INFO - Saved article: Government medical college doctors to go on indefinite strike - The Hindu from The Hindu
2026-01-08 12:58:05,784 - INFO - [The Hindu] Article: https://www.thehindu.com/news/international/indian-national-stranded-on-yemens-island-evacuated-to-saudi-arabia/article70486484.ece
2026-01-08 12:58:05,784 - INFO - [The Hindu] Attempt 1/1: Trying with 'selenium_browser' strategy...
2026-01-08 12:58:08,820 - INFO - [The Hindu] Page content loaded.
2026-01-08 12:58:08,892 - INFO - [The Hindu] Success with 'selenium_browser'. Found content (146 words).
2026-01-08 12:58:08,958 - INFO - Saved article: Indian national stranded on Yemen's island evacuated to Saudi Arabia - The Hindu from The Hindu
2026-01-08 12:58:09,865 - INFO - [The Hindu] Article: https://www.thehindu.com/news/cities/chennai/permit-only-300-shops-on-marina-beach-orders-madras-high-court/article70486325.ece
2026-01-08 12:58:09,865 - INFO - [The Hindu] Attempt 1/1: Trying with 'selenium_browser' strategy...
2026-01-08 12:58:11,573 - INFO - [The Hindu] Page content loaded.
2026-01-08 12:58:11,651 - INFO - [The Hindu] Success with 'selenium_browser'. Found content (439 words).
2026-01-08 12:58:11,709 - INFO - Saved article: Permit only 300 shops on Marina beach, orders Madras High Court - The Hindu from The Hindu
2026-01-08 12:58:12,226 - INFO - [The Hindu] Article: https://www.thehindu.com/news/cities/Hyderabad/hyderabad-police-seize-6226-bobbins-of-banned-chinese-manja-ahead-of-sankranti-arrests-143-people/article70486239.ece
2026-01-08 12:58:12,226 - INFO - [The Hindu] Attempt 1/1: Trying with 'selenium_browser' strategy...
2026-01-08 12:58:13,954 - INFO - [The Hindu] Page content loaded.
2026-01-08 12:58:14,007 - INFO - [The Hindu] Success with 'selenium_browser'. Found content (291 words).
2026-01-08 12:58:14,072 - INFO - Saved article: Hyderabad police seize 6,226 bobbins of banned Chinese manja ahead of Sankranti; 143 people arrested - The Hindu from The Hindu
2026-01-08 12:58:14,868 - INFO - [The Hindu] Article: https://www.thehindu.com/news/national/kerala/danish-delegation-holds-talks-with-ministers/article70483880.ece
2026-01-08 12:58:14,868 - INFO - [The Hindu] Attempt 1/1: Trying with 'selenium_browser' strategy...
2026-01-08 12:58:16,402 - INFO - [The Hindu] Page content loaded.
2026-01-08 12:58:16,666 - INFO - [The Hindu] Success with 'selenium_browser'. Found content (93 words).
2026-01-08 12:58:16,748 - INFO - Saved article: Danish delegation holds talks with Ministers - The Hindu from The Hindu
2026-01-08 12:58:17,924 - INFO - [The Hindu] Article: https://www.thehindu.com/news/national/tamil-nadu/karur-stampede-cbi-summons-police-personnel-who-were-deployed-for-security-at-tvk-chief-vijays-rally/article70485849.ece
2026-01-08 12:58:17,924 - INFO - [The Hindu] Attempt 1/1: Trying with 'selenium_browser' strategy...
2026-01-08 12:58:18,689 - INFO - [The Hindu] Page content loaded.
2026-01-08 12:58:18,782 - INFO - [The Hindu] Success with 'selenium_browser'. Found content (343 words).
2026-01-08 12:58:18,864 - INFO - Saved article: Karur stampede: CBI summons police personnel who were deployed for security at TVK chief Vijay’s rally - The Hindu from The Hindu
2026-01-08 12:58:19,484 - INFO - [The Hindu] Article: https://www.thehindu.com/news/national/telangana/telangana-wide-agitation-against-changes-to-mgnregs-sonia-rahul-and-priyanka-gandhi-to-be-invited/article70486223.ece
2026-01-08 12:58:19,484 - INFO - [The Hindu] Attempt 1/1: Trying with 'selenium_browser' strategy...
2026-01-08 12:58:20,427 - INFO - [The Hindu] Page content loaded.
2026-01-08 12:58:20,512 - INFO - [The Hindu] Success with 'selenium_browser'. Found content (455 words).
2026-01-08 12:58:20,618 - INFO - Saved article: Telangana-wide agitation against changes to MGNREGS; Sonia, Rahul and Priyanka Gandhi to be invited - The Hindu from The Hindu
2026-01-08 12:58:21,667 - INFO - [The Hindu] Article: https://www.thehindu.com/news/national/kerala/haripad-police-arrest-two-mahouts-for-taking-infant-beneath-elephant/article70486050.ece
2026-01-08 12:58:21,668 - INFO - [The Hindu] Attempt 1/1: Trying with 'selenium_browser' strategy...
2026-01-08 12:58:23,391 - INFO - [The Hindu] Page content loaded.
2026-01-08 12:58:23,596 - INFO - [The Hindu] Success with 'selenium_browser'. Found content (303 words).
2026-01-08 12:58:23,683 - INFO - Saved article: Haripad police arrest two mahouts for taking infant beneath elephant - The Hindu from The Hindu
2026-01-08 12:58:25,128 - INFO - [The Hindu] Article: https://www.thehindu.com/news/national/chhattisgarh/backlash-over-school-exam-question-in-chhattisgarh/article70486312.ece
2026-01-08 12:58:25,128 - INFO - [The Hindu] Attempt 1/1: Trying with 'selenium_browser' strategy...
2026-01-08 12:58:26,394 - INFO - [The Hindu] Page content loaded.
2026-01-08 12:58:26,457 - INFO - [The Hindu] Success with 'selenium_browser'. Found content (270 words).
2026-01-08 12:58:26,642 - INFO - Saved article: Chhattisgarh: Backlash after school exam question about dog’s name has ‘Ram’ as option - The Hindu from The Hindu
2026-01-08 12:58:27,327 - INFO - [The Hindu] (Thread) Finished. Attempting to shut down its Selenium driver.
2026-01-08 12:58:27,465 - INFO - [The Hindu] (Thread) driver.quit() successful.
2026-01-08 12:59:46,375 - ERROR - [Times of India] Request failed for strategy 'selenium_browser' on URL https://timesofindia.indiatimes.com/world/us/can-barron-trump-marry-denmarks-princess-and-secure-greenland-as-dowry-maga-calls-it-diplomatic-solution/articleshow/126415278.cms: HTTPConnectionPool(host='localhost', port=41333): Read timed out. (read timeout=120)
2026-01-08 12:59:46,375 - ERROR - [Times of India] All scrape strategies failed for https://timesofindia.indiatimes.com/world/us/can-barron-trump-marry-denmarks-princess-and-secure-greenland-as-dowry-maga-calls-it-diplomatic-solution/articleshow/126415278.cms. Falling back to RSS description.
2026-01-08 12:59:46,377 - INFO - Saved article: Can Barron Trump marry Denmark’s Princess and secure Greenland as dowry? from Times of India
2026-01-08 12:59:46,950 - INFO - [Times of India] Article: https://timesofindia.indiatimes.com/world/europe/axis-of-war-russia-calls-eu-plan-for-peacekeeping-force-in-ukraine-destructive-warns-foreign-troops-legitimate-targets/articleshow/126413923.cms
2026-01-08 12:59:46,950 - INFO - [Times of India] Attempt 1/1: Trying with 'selenium_browser' strategy...
2026-01-08 13:01:47,039 - ERROR - [Times of India] Request failed for strategy 'selenium_browser' on URL https://timesofindia.indiatimes.com/world/europe/axis-of-war-russia-calls-eu-plan-for-peacekeeping-force-in-ukraine-destructive-warns-foreign-troops-legitimate-targets/articleshow/126413923.cms: HTTPConnectionPool(host='localhost', port=41333): Read timed out. (read timeout=120)
2026-01-08 13:01:47,039 - ERROR - [Times of India] All scrape strategies failed for https://timesofindia.indiatimes.com/world/europe/axis-of-war-russia-calls-eu-plan-for-peacekeeping-force-in-ukraine-destructive-warns-foreign-troops-legitimate-targets/articleshow/126413923.cms. Falling back to RSS description.
2026-01-08 13:01:47,041 - INFO - Saved article: 'Axis of war': Russia calls EU plan for peacekeeping force in Ukraine 'destructive'; warns foreign troops 'legitimate targets' from Times of India
2026-01-08 13:01:48,448 - INFO - [Times of India] Article: https://timesofindia.indiatimes.com/world/us/obama-deported-more-people-than-trump-so-why-does-trumps-policy-feel-harsher/articleshow/126412552.cms
2026-01-08 13:01:48,448 - INFO - [Times of India] Attempt 1/1: Trying with 'selenium_browser' strategy...
2026-01-08 13:02:44,727 - CRITICAL - --- TIMEOUT: 1 scrape jobs did not complete in 300s. ---
2026-01-08 13:02:44,727 - ERROR - A thread has timed out and will be abandoned.
2026-01-08 13:02:44,727 - INFO - Shutting down thread pool (wait=False)...
2026-01-08 13:02:44,728 - INFO - Scraped: 3 BBC, 10 The Hindu, 1 The Guardian, 1 Timed_Out_Jobs articles. (Total saved: 14)
2026-01-08 13:02:44,728 - INFO - --- Scraping job finished ---
2026-01-08 13:02:44,728 - INFO - --- Scraper service stopped and database connection closed. ---
2026-01-08 13:02:44,728 - INFO - --- Main thread finished. Forcing process exit to kill zombie threads. ---
