2026-03-05 07:01:29,008 - INFO - Initializing database connection at: news_articles.db
2026-03-05 07:01:29,008 - INFO - --- Scraper service started (CI Mode: Run Once) ---
2026-03-05 07:01:29,008 - INFO - --- Starting new scraping job (Parallel Mode) ---
2026-03-05 07:01:29,008 - INFO - Creating new robust session with 3 retries on 5xx/connection/read errors.
2026-03-05 07:01:29,009 - INFO - Proxy is DISABLED.
2026-03-05 07:01:29,009 - INFO - Starting scrape for BBC RSS feed: http://feeds.bbci.co.uk/news/world/rss.xml
2026-03-05 07:01:29,009 - INFO - [Times of India] (Thread) requires Selenium. Initializing driver...
2026-03-05 07:01:29,009 - INFO - Initializing headless Selenium Chrome driver (using SeleniumManager)...
2026-03-05 07:01:29,010 - INFO - Starting scrape for The Guardian RSS feed: https://www.theguardian.com/world/rss
2026-03-05 07:01:29,011 - INFO - [The Hindu] (Thread) requires Selenium. Initializing driver...
2026-03-05 07:01:29,011 - INFO - Initializing headless Selenium Chrome driver (using SeleniumManager)...
2026-03-05 07:01:29,011 - INFO - Submitted 4 jobs to thread pool. Waiting up to 300s for completion...
2026-03-05 07:01:29,341 - INFO - Found 45 articles in The Guardian RSS feed. Processing up to 10.
2026-03-05 07:01:29,342 - INFO - [The Guardian] Article: https://www.theguardian.com/world/2026/mar/03/south-sudan-risks-return-civil-war-violence-escalates
2026-03-05 07:01:29,342 - INFO - [The Guardian] Attempt 1/1: Trying with 'requests_browser' strategy...
2026-03-05 07:01:29,537 - INFO - [The Guardian] Success with 'requests_browser'. Found content (754 words).
2026-03-05 07:01:29,573 - INFO - Duplicate article skipped: South Sudan risks return to full-blown civil war as violence escalates | South Sudan | The Guardian from The Guardian
2026-03-05 07:01:29,766 - INFO - Found 33 articles in BBC RSS feed. Processing up to 10.
2026-03-05 07:01:29,766 - INFO - [BBC] Article: https://www.bbc.com/news/articles/clygglq6v9go?at_medium=RSS&at_campaign=rss
2026-03-05 07:01:29,766 - INFO - [BBC] Attempt 1/1: Trying with 'requests_browser' strategy...
2026-03-05 07:01:30,171 - INFO - [BBC] Success with 'requests_browser'. Found content (1300 words).
2026-03-05 07:01:30,209 - INFO - Duplicate article skipped: Iran delays Khamenei funeral as US and Israeli bombardment continues from BBC
2026-03-05 07:01:30,698 - INFO - [The Guardian] Article: https://www.theguardian.com/world/2026/mar/03/global-south-condemns-us-israeli-war-with-iran
2026-03-05 07:01:30,698 - INFO - [The Guardian] Attempt 1/1: Trying with 'requests_browser' strategy...
2026-03-05 07:01:30,882 - INFO - [The Guardian] Success with 'requests_browser'. Found content (892 words).
2026-03-05 07:01:30,922 - INFO - Duplicate article skipped: ‘Imperialist undertones’: global south condemns US-Israeli war with Iran | US-Israel war on Iran | The Guardian from The Guardian
2026-03-05 07:01:31,049 - INFO - [BBC] Article: https://www.bbc.com/news/articles/c0e55g03v2zo?at_medium=RSS&at_campaign=rss
2026-03-05 07:01:31,049 - INFO - [BBC] Attempt 1/1: Trying with 'requests_browser' strategy...
2026-03-05 07:01:31,110 - INFO - [BBC] Success with 'requests_browser'. Found content (625 words).
2026-03-05 07:01:31,149 - INFO - Duplicate article skipped: US sub sinks Iranian warship in Indian Ocean, Hegseth says from BBC
2026-03-05 07:01:31,842 - INFO - [The Guardian] Article: https://www.theguardian.com/world/2026/feb/27/ghana-men-killed-fight-russia-ukraine
2026-03-05 07:01:31,842 - INFO - [The Guardian] Attempt 1/1: Trying with 'requests_browser' strategy...
2026-03-05 07:01:31,995 - INFO - [BBC] Article: https://www.bbc.com/news/articles/cqxddwl93qjo?at_medium=RSS&at_campaign=rss
2026-03-05 07:01:31,995 - INFO - [BBC] Attempt 1/1: Trying with 'requests_browser' strategy...
2026-03-05 07:01:32,023 - INFO - [The Guardian] Success with 'requests_browser'. Found content (401 words).
2026-03-05 07:01:32,065 - INFO - Duplicate article skipped: Ghana says at least 55 of its people killed after Russia ‘lured’ them to fight Ukraine | Ukraine | The Guardian from The Guardian
2026-03-05 07:01:32,080 - INFO - [BBC] Success with 'requests_browser'. Found content (830 words).
2026-03-05 07:01:32,117 - INFO - Duplicate article skipped: China sets lowest economic growth target since 1991 from BBC
2026-03-05 07:01:33,317 - INFO - [BBC] Article: https://www.bbc.com/news/articles/c93wwq1n542o?at_medium=RSS&at_campaign=rss
2026-03-05 07:01:33,317 - INFO - [BBC] Attempt 1/1: Trying with 'requests_browser' strategy...
2026-03-05 07:01:33,364 - INFO - [BBC] Success with 'requests_browser'. Found content (937 words).
2026-03-05 07:01:33,400 - INFO - Duplicate article skipped: Spain's Pedro Sánchez hits back at Trump threat to sever trade saying 'no to war' from BBC
2026-03-05 07:01:33,406 - INFO - [The Guardian] Article: https://www.theguardian.com/global-development/2026/feb/27/rising-anger-over-lop-sided-immoral-us-health-funding-pacts-africa-countries
2026-03-05 07:01:33,406 - INFO - [The Guardian] Attempt 1/1: Trying with 'requests_browser' strategy...
2026-03-05 07:01:33,565 - INFO - [The Guardian] Success with 'requests_browser'. Found content (1145 words).
2026-03-05 07:01:33,600 - INFO - Duplicate article skipped: Rising anger over ‘lop-sided’ and ‘immoral’ US health funding pacts with African countries | Global development | The Guardian from The Guardian
2026-03-05 07:01:33,981 - INFO - [BBC] Article: https://www.bbc.com/news/articles/c1d66k5r1x4o?at_medium=RSS&at_campaign=rss
2026-03-05 07:01:33,981 - INFO - [BBC] Attempt 1/1: Trying with 'requests_browser' strategy...
2026-03-05 07:01:34,021 - INFO - [BBC] Success with 'requests_browser'. Found content (409 words).
2026-03-05 07:01:34,053 - INFO - Duplicate article skipped: Trade court orders tariff refunds in setback for Trump from BBC
2026-03-05 07:01:34,761 - INFO - [The Guardian] Article: https://www.theguardian.com/global-development/2026/feb/26/women-arrested-uganda-kissing-public-lgbtq-laws
2026-03-05 07:01:34,761 - INFO - [The Guardian] Attempt 1/1: Trying with 'requests_browser' strategy...
2026-03-05 07:01:34,949 - INFO - [The Guardian] Success with 'requests_browser'. Found content (645 words).
2026-03-05 07:01:34,979 - INFO - Duplicate article skipped: Two women arrested in Uganda for allegedly kissing in public could face life sentence | Global development | The Guardian from The Guardian
2026-03-05 07:01:35,424 - INFO - [BBC] Article: https://www.bbc.com/news/articles/cvg11pne0rro?at_medium=RSS&at_campaign=rss
2026-03-05 07:01:35,424 - INFO - [BBC] Attempt 1/1: Trying with 'requests_browser' strategy...
2026-03-05 07:01:35,468 - INFO - [BBC] Success with 'requests_browser'. Found content (732 words).
2026-03-05 07:01:35,503 - INFO - Duplicate article skipped: Israel tells people in large parts of southern Lebanon to leave ahead of attacks from BBC
2026-03-05 07:01:35,681 - INFO - [The Guardian] Article: https://www.theguardian.com/world/2026/mar/04/blackout-cuba-us-oil
2026-03-05 07:01:35,681 - INFO - [The Guardian] Attempt 1/1: Trying with 'requests_browser' strategy...
2026-03-05 07:01:35,848 - INFO - [The Guardian] Success with 'requests_browser'. Found content (506 words).
2026-03-05 07:01:35,878 - INFO - Duplicate article skipped: Blackout in Cuba leaves millions without power amid US oil chokehold | Cuba | The Guardian from The Guardian
2026-03-05 07:01:36,309 - INFO - [BBC] Article: https://www.bbc.com/news/articles/c4gq33ynl07o?at_medium=RSS&at_campaign=rss
2026-03-05 07:01:36,309 - INFO - [BBC] Attempt 1/1: Trying with 'requests_browser' strategy...
2026-03-05 07:01:36,355 - INFO - [BBC] Success with 'requests_browser'. Found content (741 words).
2026-03-05 07:01:36,390 - INFO - Duplicate article skipped: Pentagon identifies six US soldiers killed in Iran conflict from BBC
2026-03-05 07:01:36,942 - INFO - [BBC] Article: https://www.bbc.com/news/articles/cx2ggpq1742o?at_medium=RSS&at_campaign=rss
2026-03-05 07:01:36,942 - INFO - [BBC] Attempt 1/1: Trying with 'requests_browser' strategy...
2026-03-05 07:01:36,980 - INFO - [BBC] Success with 'requests_browser'. Found content (427 words).
2026-03-05 07:01:37,012 - INFO - Duplicate article skipped: Cuba: Millions plunged into darkness as fuel crisis deepens from BBC
2026-03-05 07:01:37,351 - INFO - [The Guardian] Article: https://www.theguardian.com/world/2026/mar/04/cuba-charges-six-exiles-terrorism-speedboat-attack
2026-03-05 07:01:37,351 - INFO - [The Guardian] Attempt 1/1: Trying with 'requests_browser' strategy...
2026-03-05 07:01:37,515 - INFO - [The Guardian] Success with 'requests_browser'. Found content (403 words).
2026-03-05 07:01:37,545 - INFO - Duplicate article skipped: Cuba charges six exiles with terrorism in wake of deadly speedboat attack | Cuba | The Guardian from The Guardian
2026-03-05 07:01:37,948 - INFO - [BBC] Article: https://www.bbc.com/news/articles/cr5ll27z52do?at_medium=RSS&at_campaign=rss
2026-03-05 07:01:37,948 - INFO - [BBC] Attempt 1/1: Trying with 'requests_browser' strategy...
2026-03-05 07:01:37,993 - INFO - [BBC] Success with 'requests_browser'. Found content (529 words).
2026-03-05 07:01:38,025 - INFO - Duplicate article skipped: Russia blames Ukrainian naval drones as tanker sinks in Mediterranean from BBC
2026-03-05 07:01:38,372 - INFO - [The Guardian] Article: https://www.theguardian.com/us-news/2026/mar/04/us-military-action-operation-ecuador
2026-03-05 07:01:38,372 - INFO - [The Guardian] Attempt 1/1: Trying with 'requests_browser' strategy...
2026-03-05 07:01:38,403 - INFO - [The Guardian] Success with 'requests_browser'. Found content (304 words).
2026-03-05 07:01:38,432 - INFO - Duplicate article skipped: US military launches operation in Ecuador to combat drug trafficking | Ecuador | The Guardian from The Guardian
2026-03-05 07:01:38,556 - INFO - Selenium driver initialized successfully.
2026-03-05 07:01:38,556 - INFO - Selenium driver initialized successfully.
2026-03-05 07:01:38,556 - INFO - Starting scrape for The Hindu RSS feed: https://www.thehindu.com/news/national/feeder/default.rss
2026-03-05 07:01:38,557 - INFO - Starting scrape for Times of India RSS feed: https://timesofindia.indiatimes.com/rssfeeds/296589292.cms
2026-03-05 07:01:38,730 - INFO - Found 100 articles in The Hindu RSS feed. Processing up to 10.
2026-03-05 07:01:38,730 - INFO - [The Hindu] Article: https://www.thehindu.com/news/national/tamil-nadu/rajya-sabha-election-aiadmks-m-thambi-durai-and-pmks-anbumani-ramadoss-file-nominations/article70706167.ece
2026-03-05 07:01:38,730 - INFO - [The Hindu] Attempt 1/1: Trying with 'selenium_browser' strategy...
2026-03-05 07:01:38,797 - INFO - [BBC] Article: https://www.bbc.com/news/articles/clyzzdgv2k0o?at_medium=RSS&at_campaign=rss
2026-03-05 07:01:38,797 - INFO - [BBC] Attempt 1/1: Trying with 'requests_browser' strategy...
2026-03-05 07:01:38,843 - INFO - [BBC] Success with 'requests_browser'. Found content (604 words).
2026-03-05 07:01:38,880 - INFO - Duplicate article skipped: Mosiuoa Lekota: South Africa's long-serving former defence minister dies from BBC
2026-03-05 07:01:38,902 - INFO - Found 20 articles in Times of India RSS feed. Processing up to 10.
2026-03-05 07:01:38,902 - INFO - [Times of India] Article: https://timesofindia.indiatimes.com/world/us/watch-zohran-mamdani-makes-2k-rangoli-for-holi-shares-message-for-nycs-hindu-communities/articleshow/129073075.cms
2026-03-05 07:01:38,902 - INFO - [Times of India] Attempt 1/1: Trying with 'selenium_browser' strategy...
2026-03-05 07:01:39,273 - INFO - [The Guardian] Article: https://www.theguardian.com/world/2026/feb/28/miami-exiled-cubans-speedboat-shootout
2026-03-05 07:01:39,273 - INFO - [The Guardian] Attempt 1/1: Trying with 'requests_browser' strategy...
2026-03-05 07:01:39,448 - INFO - [The Guardian] Success with 'requests_browser'. Found content (1105 words).
2026-03-05 07:01:39,501 - INFO - Duplicate article skipped: ‘Adventurism has had its day’: speedboat shootout leaves Miami’s exiled Cubans bewildered | Cuba | The Guardian from The Guardian
2026-03-05 07:01:40,540 - INFO - [The Guardian] Article: https://www.theguardian.com/world/2026/feb/28/at-least-15-killed-as-cash-laden-military-cargo-plane-crashes-in-bolivia
2026-03-05 07:01:40,540 - INFO - [The Guardian] Attempt 1/1: Trying with 'requests_browser' strategy...
2026-03-05 07:01:41,007 - INFO - [The Guardian] Success with 'requests_browser'. Found content (428 words).
2026-03-05 07:01:41,170 - INFO - Duplicate article skipped: At least 20 killed as cash-laden military cargo plane crashes in Bolivia | Bolivia | The Guardian from The Guardian
2026-03-05 07:01:44,278 - INFO - [The Hindu] Page content loaded.
2026-03-05 07:01:45,274 - INFO - [The Hindu] Success with 'selenium_browser'. Found content (314 words).
2026-03-05 07:01:45,801 - INFO - Saved article: Rajya Sabha election: AIADMK’s M. Thambi Durai and PMK’s Anbumani Ramadoss file nominations - The Hindu from The Hindu
2026-03-05 07:01:46,580 - INFO - [The Hindu] Article: https://www.thehindu.com/news/national/jammu-and-kashmir/curbs-on-movement-assembly-remain-in-force-in-kashmir-after-protests-against-khameneis-killing/article70706187.ece
2026-03-05 07:01:46,580 - INFO - [The Hindu] Attempt 1/1: Trying with 'selenium_browser' strategy...
2026-03-05 07:01:56,821 - INFO - [The Hindu] Page content loaded.
2026-03-05 07:01:56,882 - INFO - [The Hindu] Success with 'selenium_browser'. Found content (295 words).
2026-03-05 07:01:56,973 - INFO - Saved article: Curbs on movement, assembly remain in force in Kashmir after protests against Khamenei's killing - The Hindu from The Hindu
2026-03-05 07:01:57,846 - INFO - [The Hindu] Article: https://www.thehindu.com/news/national/chhattisgarh/rajya-sabha-elections-congress-renominates-chhattisgarh-mp-phulo-devi-netam/article70706042.ece
2026-03-05 07:01:57,846 - INFO - [The Hindu] Attempt 1/1: Trying with 'selenium_browser' strategy...
2026-03-05 07:01:58,553 - INFO - [The Hindu] Page content loaded.
2026-03-05 07:01:58,597 - INFO - [The Hindu] Success with 'selenium_browser'. Found content (272 words).
2026-03-05 07:01:58,668 - INFO - Saved article: Rajya Sabha Elections 2026: Congress renominates Chhattisgarh MP Phulo Devi Netam - The Hindu from The Hindu
2026-03-05 07:01:59,448 - INFO - [The Hindu] Article: https://www.thehindu.com/news/national/tamil-nadu/tamil-nadu-bans-private-schools-from-conducting-political-ideological-communal-events/article70705986.ece
2026-03-05 07:01:59,448 - INFO - [The Hindu] Attempt 1/1: Trying with 'selenium_browser' strategy...
2026-03-05 07:02:01,352 - INFO - [The Hindu] Page content loaded.
2026-03-05 07:02:01,403 - INFO - [The Hindu] Success with 'selenium_browser'. Found content (281 words).
2026-03-05 07:02:01,483 - INFO - Saved article: Tamil Nadu restricts private schools from conducting political, ideological, or communal events - The Hindu from The Hindu
2026-03-05 07:02:02,603 - INFO - [The Hindu] Article: https://www.thehindu.com/news/cities/Hyderabad/relief-in-sight-for-patients-waiting-months-for-surgery-tims-sanathnagar-to-take-up-long-pending-cases/article70706014.ece
2026-03-05 07:02:02,603 - INFO - [The Hindu] Attempt 1/1: Trying with 'selenium_browser' strategy...
2026-03-05 07:02:05,132 - INFO - [The Hindu] Page content loaded.
2026-03-05 07:02:05,357 - INFO - [The Hindu] Success with 'selenium_browser'. Found content (411 words).
2026-03-05 07:02:05,411 - INFO - Saved article: Relief in sight for patients waiting months for surgery, TIMS Sanathnagar to take up long-pending cases - The Hindu from The Hindu
2026-03-05 07:02:05,928 - INFO - [The Hindu] Article: https://www.thehindu.com/news/national/comfort-fit-for-conservancy-workers-how-three-indian-cities-are-getting-the-measurements-right/article70705975.ece
2026-03-05 07:02:05,928 - INFO - [The Hindu] Attempt 1/1: Trying with 'selenium_browser' strategy...
2026-03-05 07:02:06,620 - INFO - [The Hindu] Page content loaded.
2026-03-05 07:02:06,768 - INFO - [The Hindu] Success with 'selenium_browser'. Found content (979 words).
2026-03-05 07:02:06,839 - INFO - Saved article: Comfort fit for conservancy workers: how three Indian cities are getting the ‘measurements’ right - The Hindu from The Hindu
2026-03-05 07:02:07,707 - INFO - [The Hindu] Article: https://www.thehindu.com/news/national/haryana/congress-names-kamarvir-boudh-a-sc-leader-as-its-rajya-sabha-candidate-from-haryana/article70705987.ece
2026-03-05 07:02:07,707 - INFO - [The Hindu] Attempt 1/1: Trying with 'selenium_browser' strategy...
2026-03-05 07:02:08,473 - INFO - [The Hindu] Page content loaded.
2026-03-05 07:02:08,630 - INFO - [The Hindu] Success with 'selenium_browser'. Found content (327 words).
2026-03-05 07:02:08,702 - INFO - Saved article: Congress names Kamarvir Boudh, a SC leader, as its Rajya Sabha candidate from Haryana - The Hindu from The Hindu
2026-03-05 07:02:09,292 - INFO - [The Hindu] Article: https://www.thehindu.com/news/national/assam/three-suspended-congress-mlas-join-bjp-ahead-of-assembly-elections-in-assam/article70706065.ece
2026-03-05 07:02:09,292 - INFO - [The Hindu] Attempt 1/1: Trying with 'selenium_browser' strategy...
2026-03-05 07:02:38,920 - ERROR - [Times of India] Request failed for strategy 'selenium_browser' on URL https://timesofindia.indiatimes.com/world/us/watch-zohran-mamdani-makes-2k-rangoli-for-holi-shares-message-for-nycs-hindu-communities/articleshow/129073075.cms: Message: timeout: Timed out receiving message from renderer: 59.643
  (Session info: chrome=145.0.7632.116)
Stacktrace:
#0 0x5630b457fb6a <unknown>
#1 0x5630b3f92a32 <unknown>
#2 0x5630b3f7a007 <unknown>
#3 0x5630b3f79c16 <unknown>
#4 0x5630b3f77731 <unknown>
#5 0x5630b3f780bf <unknown>
#6 0x5630b3f87560 <unknown>
#7 0x5630b3fa1707 <unknown>
#8 0x5630b3fa88db <unknown>
#9 0x5630b3f78829 <unknown>
#10 0x5630b3fa149c <unknown>
#11 0x5630b40306e1 <unknown>
#12 0x5630b3fd9c0f <unknown>
#13 0x5630b3fda9d1 <unknown>
#14 0x5630b45446b9 <unknown>
#15 0x5630b45475c1 <unknown>
#16 0x5630b4530e29 <unknown>
#17 0x5630b454817e <unknown>
#18 0x5630b45174b0 <unknown>
#19 0x5630b456c578 <unknown>
#20 0x5630b456c74b <unknown>
#21 0x5630b457e1a3 <unknown>
#22 0x7f835809caa4 <unknown>
#23 0x7f8358129c6c <unknown>

2026-03-05 07:02:38,920 - ERROR - [Times of India] All scrape strategies failed for https://timesofindia.indiatimes.com/world/us/watch-zohran-mamdani-makes-2k-rangoli-for-holi-shares-message-for-nycs-hindu-communities/articleshow/129073075.cms. Falling back to RSS description.
2026-03-05 07:02:38,923 - INFO - Saved article: Watch: Zohran Mamdani makes ‘2K’ rangoli for Holi, shares message for NYC’s Hindu communities from Times of India
2026-03-05 07:02:39,771 - INFO - [Times of India] Article: https://timesofindia.indiatimes.com/world/rest-of-world/joseph-kony-still-alive-know-how-ugandas-most-infamous-war-criminal-has-stayed-on-the-run-for-decades-with-his-soldiers/articleshow/129071907.cms
2026-03-05 07:02:39,771 - INFO - [Times of India] Attempt 1/1: Trying with 'selenium_browser' strategy...
2026-03-05 07:03:09,302 - ERROR - [The Hindu] Request failed for strategy 'selenium_browser' on URL https://www.thehindu.com/news/national/assam/three-suspended-congress-mlas-join-bjp-ahead-of-assembly-elections-in-assam/article70706065.ece: Message: timeout: Timed out receiving message from renderer: 59.609
  (Session info: chrome=145.0.7632.116)
Stacktrace:
#0 0x55d25a7cab6a <unknown>
#1 0x55d25a1dda32 <unknown>
#2 0x55d25a1c5007 <unknown>
#3 0x55d25a1c4c16 <unknown>
#4 0x55d25a1c2731 <unknown>
#5 0x55d25a1c30bf <unknown>
#6 0x55d25a1d2560 <unknown>
#7 0x55d25a1ec707 <unknown>
#8 0x55d25a1f38db <unknown>
#9 0x55d25a1c3829 <unknown>
#10 0x55d25a1ec49c <unknown>
#11 0x55d25a27b6e1 <unknown>
#12 0x55d25a224c0f <unknown>
#13 0x55d25a2259d1 <unknown>
#14 0x55d25a78f6b9 <unknown>
#15 0x55d25a7925c1 <unknown>
#16 0x55d25a77be29 <unknown>
#17 0x55d25a79317e <unknown>
#18 0x55d25a7624b0 <unknown>
#19 0x55d25a7b7578 <unknown>
#20 0x55d25a7b774b <unknown>
#21 0x55d25a7c91a3 <unknown>
#22 0x7f8b43a9caa4 <unknown>
#23 0x7f8b43b29c6c <unknown>

2026-03-05 07:03:09,302 - ERROR - [The Hindu] All scrape strategies failed for https://www.thehindu.com/news/national/assam/three-suspended-congress-mlas-join-bjp-ahead-of-assembly-elections-in-assam/article70706065.ece. Falling back to RSS description.
2026-03-05 07:03:09,304 - INFO - Saved article: Three suspended Congress MLAs join BJP ahead of Assembly elections in Assam from The Hindu
2026-03-05 07:03:10,447 - INFO - [The Hindu] Article: https://www.thehindu.com/news/cities/Mangalore/karnataka-speaker-seeks-probe-into-large-number-of-aadhaar-cards-discarded-on-bank-of-netravati-river-near-mangaluru/article70706009.ece
2026-03-05 07:03:10,447 - INFO - [The Hindu] Attempt 1/1: Trying with 'selenium_browser' strategy...
2026-03-05 07:03:39,786 - ERROR - [Times of India] Request failed for strategy 'selenium_browser' on URL https://timesofindia.indiatimes.com/world/rest-of-world/joseph-kony-still-alive-know-how-ugandas-most-infamous-war-criminal-has-stayed-on-the-run-for-decades-with-his-soldiers/articleshow/129071907.cms: Message: timeout: Timed out receiving message from renderer: 59.884
  (Session info: chrome=145.0.7632.116)
Stacktrace:
#0 0x5630b457fb6a <unknown>
#1 0x5630b3f92a32 <unknown>
#2 0x5630b3f7a007 <unknown>
#3 0x5630b3f79c16 <unknown>
#4 0x5630b3f77731 <unknown>
#5 0x5630b3f780bf <unknown>
#6 0x5630b3f87560 <unknown>
#7 0x5630b3fa1707 <unknown>
#8 0x5630b3fa88db <unknown>
#9 0x5630b3f78829 <unknown>
#10 0x5630b3fa149c <unknown>
#11 0x5630b40306e1 <unknown>
#12 0x5630b3fd9c0f <unknown>
#13 0x5630b3fda9d1 <unknown>
#14 0x5630b45446b9 <unknown>
#15 0x5630b45475c1 <unknown>
#16 0x5630b4530e29 <unknown>
#17 0x5630b454817e <unknown>
#18 0x5630b45174b0 <unknown>
#19 0x5630b456c578 <unknown>
#20 0x5630b456c74b <unknown>
#21 0x5630b457e1a3 <unknown>
#22 0x7f835809caa4 <unknown>
#23 0x7f8358129c6c <unknown>

2026-03-05 07:03:39,786 - ERROR - [Times of India] All scrape strategies failed for https://timesofindia.indiatimes.com/world/rest-of-world/joseph-kony-still-alive-know-how-ugandas-most-infamous-war-criminal-has-stayed-on-the-run-for-decades-with-his-soldiers/articleshow/129071907.cms. Falling back to RSS description.
2026-03-05 07:03:39,789 - INFO - Saved article: Joseph Kony still alive: Know how Uganda’s most infamous war criminal has stayed on the run for decades with his soldiers from Times of India
2026-03-05 07:03:40,540 - INFO - [Times of India] Article: https://timesofindia.indiatimes.com/world/middle-east/saudi-arabia-opens-hajj-packages-booking-for-domestic-pilgrims-with-strict-payment-timeline/articleshow/129070606.cms
2026-03-05 07:03:40,541 - INFO - [Times of India] Attempt 1/1: Trying with 'selenium_browser' strategy...
2026-03-05 07:03:43,446 - INFO - [Times of India] Page content loaded.
2026-03-05 07:03:43,705 - INFO - [Times of India] Success with 'selenium_browser'. Found content (347 words).
2026-03-05 07:03:43,793 - INFO - Saved article: Hajj Packages Booking: Saudi Arabia opens Hajj packages booking for domestic pilgrims with strict payment timeline - The Times of India from Times of India
2026-03-05 07:03:44,525 - INFO - [Times of India] Article: https://timesofindia.indiatimes.com/science/worlds-largest-acidic-geyser-erupts-after-6-years-sending-30-foot-blasts-across-yellowstone/articleshow/129044747.cms
2026-03-05 07:03:44,525 - INFO - [Times of India] Attempt 1/1: Trying with 'selenium_browser' strategy...
2026-03-05 07:03:45,243 - INFO - [Times of India] Page content loaded.
2026-03-05 07:03:45,395 - INFO - [Times of India] Success with 'selenium_browser'. Found content (689 words).
2026-03-05 07:03:45,441 - INFO - Saved article: World’s largest acidic geyser erupts after 6 years, sending 30-foot blasts across Yellowstone | - The Times of India from Times of India
2026-03-05 07:03:46,743 - INFO - [Times of India] Article: https://timesofindia.indiatimes.com/world/middle-east/dubai-crown-prince-sheikh-hamdan-orders-early-salary-payment-for-government-employees-ahead-of-eid-al-fitr/articleshow/129069084.cms
2026-03-05 07:03:46,743 - INFO - [Times of India] Attempt 1/1: Trying with 'selenium_browser' strategy...
2026-03-05 07:03:48,074 - INFO - [Times of India] Page content loaded.
2026-03-05 07:03:48,230 - INFO - [Times of India] Success with 'selenium_browser'. Found content (283 words).
2026-03-05 07:03:48,287 - INFO - Duplicate article skipped: Dubai Crown Prince Sheikh Hamdan orders early salary payment for government employees ahead of Eid Al Fitr | World News - The Times of India from Times of India
2026-03-05 07:03:49,587 - INFO - [Times of India] Article: https://timesofindia.indiatimes.com/world/middle-east/uae-announces-early-spring-break-for-schools-and-universities-dates-classes-resumption-all-you-need-to-know/articleshow/129068622.cms
2026-03-05 07:03:49,587 - INFO - [Times of India] Attempt 1/1: Trying with 'selenium_browser' strategy...
2026-03-05 07:03:50,796 - INFO - [Times of India] Page content loaded.
2026-03-05 07:03:50,954 - INFO - [Times of India] Success with 'selenium_browser'. Found content (165 words).
2026-03-05 07:03:51,043 - INFO - Duplicate article skipped: UAE announces early spring break for schools and universities: Dates, classes resumption, all you need to know | World News - The Times of India from Times of India
2026-03-05 07:03:51,622 - INFO - [Times of India] Article: https://timesofindia.indiatimes.com/science/mars-once-had-beaches-like-earth-radar-data-is-revealing-the-buried-shoreline/articleshow/129048212.cms
2026-03-05 07:03:51,622 - INFO - [Times of India] Attempt 1/1: Trying with 'selenium_browser' strategy...
2026-03-05 07:03:52,878 - INFO - [Times of India] Page content loaded.
2026-03-05 07:03:52,982 - INFO - [Times of India] Success with 'selenium_browser'. Found content (621 words).
2026-03-05 07:03:53,022 - INFO - Saved article: Mars once had beaches like Earth! Radar data is revealing the buried shoreline | - The Times of India from Times of India
2026-03-05 07:03:53,764 - INFO - [Times of India] Article: https://timesofindia.indiatimes.com/world/middle-east/indian-expat-in-sharjah-turns-millionaire-overnight-wins-dh15-million-in-abu-dhabi-big-ticket-draw/articleshow/129062660.cms
2026-03-05 07:03:53,764 - INFO - [Times of India] Attempt 1/1: Trying with 'selenium_browser' strategy...
2026-03-05 07:03:54,889 - INFO - [Times of India] Page content loaded.
2026-03-05 07:03:55,032 - INFO - [Times of India] Success with 'selenium_browser'. Found content (646 words).
2026-03-05 07:03:55,096 - INFO - Duplicate article skipped: Indian expat in Sharjah turns millionaire overnight: Wins Dh15 million in Abu Dhabi Big Ticket draw - The Times of India from Times of India
2026-03-05 07:03:55,904 - INFO - [Times of India] Article: https://timesofindia.indiatimes.com/world/middle-east/us-israel-iran-war-news-live-udates-conflict-middle-east-crisis-drone-ballistic-missile-attacks-explosions-dubai-uae-qatar-tehran-gulf-donald-trump-netanyahu-khamenei/liveblog/129061702.cms
2026-03-05 07:03:55,904 - INFO - [Times of India] Attempt 1/1: Trying with 'selenium_browser' strategy...
2026-03-05 07:03:57,752 - INFO - [Times of India] Page content loaded.
2026-03-05 07:03:57,983 - WARNING - [Times of India] FAILED with 'selenium_browser' (content was too short: 56 words).
2026-03-05 07:03:57,983 - ERROR - [Times of India] All scrape strategies failed for https://timesofindia.indiatimes.com/world/middle-east/us-israel-iran-war-news-live-udates-conflict-middle-east-crisis-drone-ballistic-missile-attacks-explosions-dubai-uae-qatar-tehran-gulf-donald-trump-netanyahu-khamenei/liveblog/129061702.cms. Falling back to RSS description.
2026-03-05 07:03:57,983 - INFO - Duplicate article skipped: US-Israel-Iran War Live Updates: Tanker hit by ‘large explosion’ off Kuwait, causing oil spill; Iran launches missiles at Israel from Times of India
2026-03-05 07:03:58,562 - INFO - [Times of India] Article: https://timesofindia.indiatimes.com/world/middle-east/mass-visa-relief-in-the-uae-overstay-fines-dropped-for-tourists-affected-by-flight-chaos-amid-iran-and-usisrael-war/articleshow/129061774.cms
2026-03-05 07:03:58,562 - INFO - [Times of India] Attempt 1/1: Trying with 'selenium_browser' strategy...
2026-03-05 07:03:59,678 - INFO - [Times of India] Page content loaded.
2026-03-05 07:03:59,773 - INFO - [Times of India] Success with 'selenium_browser'. Found content (1004 words).
2026-03-05 07:03:59,826 - INFO - Duplicate article skipped: Mass visa relief in the UAE: Overstay fines dropped for tourists affected by flight chaos amid Iran and US–Israel war - The Times of India from Times of India
2026-03-05 07:04:00,516 - INFO - [Times of India] (Thread) Finished. Attempting to shut down its Selenium driver.
2026-03-05 07:04:00,670 - INFO - [Times of India] (Thread) driver.quit() successful.
2026-03-05 07:04:10,457 - ERROR - [The Hindu] Request failed for strategy 'selenium_browser' on URL https://www.thehindu.com/news/cities/Mangalore/karnataka-speaker-seeks-probe-into-large-number-of-aadhaar-cards-discarded-on-bank-of-netravati-river-near-mangaluru/article70706009.ece: Message: timeout: Timed out receiving message from renderer: 59.102
  (Session info: chrome=145.0.7632.116)
Stacktrace:
#0 0x55d25a7cab6a <unknown>
#1 0x55d25a1dda32 <unknown>
#2 0x55d25a1c5007 <unknown>
#3 0x55d25a1c4c16 <unknown>
#4 0x55d25a1c2731 <unknown>
#5 0x55d25a1c30bf <unknown>
#6 0x55d25a1d2560 <unknown>
#7 0x55d25a1ec707 <unknown>
#8 0x55d25a1f38db <unknown>
#9 0x55d25a1c3829 <unknown>
#10 0x55d25a1ec49c <unknown>
#11 0x55d25a27b6e1 <unknown>
#12 0x55d25a224c0f <unknown>
#13 0x55d25a2259d1 <unknown>
#14 0x55d25a78f6b9 <unknown>
#15 0x55d25a7925c1 <unknown>
#16 0x55d25a77be29 <unknown>
#17 0x55d25a79317e <unknown>
#18 0x55d25a7624b0 <unknown>
#19 0x55d25a7b7578 <unknown>
#20 0x55d25a7b774b <unknown>
#21 0x55d25a7c91a3 <unknown>
#22 0x7f8b43a9caa4 <unknown>
#23 0x7f8b43b29c6c <unknown>

2026-03-05 07:04:10,457 - ERROR - [The Hindu] All scrape strategies failed for https://www.thehindu.com/news/cities/Mangalore/karnataka-speaker-seeks-probe-into-large-number-of-aadhaar-cards-discarded-on-bank-of-netravati-river-near-mangaluru/article70706009.ece. Falling back to RSS description.
2026-03-05 07:04:10,459 - INFO - Saved article: Karnataka Speaker seeks probe into large number of Aadhaar cards discarded on bank of Netravati river near Mangaluru from The Hindu
2026-03-05 07:04:11,023 - INFO - [The Hindu] Article: https://www.thehindu.com/news/national/karnataka/lokayukta-team-struggles-for-nearly-3-hours-to-enter-residence-of-official-during-raid-in-hassan/article70705933.ece
2026-03-05 07:04:11,024 - INFO - [The Hindu] Attempt 1/1: Trying with 'selenium_browser' strategy...
2026-03-05 07:04:11,931 - INFO - [The Hindu] Page content loaded.
2026-03-05 07:04:12,021 - INFO - [The Hindu] Success with 'selenium_browser'. Found content (231 words).
2026-03-05 07:04:12,101 - INFO - Duplicate article skipped: Lokayukta team struggles for nearly 3 hours to enter residence of engineer during raid in Hassan - The Hindu from The Hindu
2026-03-05 07:04:12,816 - INFO - [The Hindu] (Thread) Finished. Attempting to shut down its Selenium driver.
2026-03-05 07:04:12,944 - INFO - [The Hindu] (Thread) driver.quit() successful.
2026-03-05 07:04:12,946 - INFO - Shutting down thread pool (wait=False)...
2026-03-05 07:04:12,946 - INFO - Scraped: 0 BBC, 9 The Hindu, 5 Times of India, 0 The Guardian articles. (Total saved: 14)
2026-03-05 07:04:12,946 - INFO - --- Scraping job finished ---
2026-03-05 07:04:12,950 - INFO - --- Scraper service stopped and database connection closed. ---
2026-03-05 07:04:12,950 - INFO - --- Main thread finished. Forcing process exit to kill zombie threads. ---
