2025-12-31 08:36:31,920 - INFO - Initializing database connection at: news_articles.db
2025-12-31 08:36:31,920 - INFO - --- Scraper service started (CI Mode: Run Once) ---
2025-12-31 08:36:31,920 - INFO - --- Starting new scraping job (Parallel Mode) ---
2025-12-31 08:36:31,920 - INFO - Creating new robust session with 3 retries on 5xx/connection/read errors.
2025-12-31 08:36:31,921 - INFO - Proxy is DISABLED.
2025-12-31 08:36:31,921 - INFO - Starting scrape for BBC RSS feed: http://feeds.bbci.co.uk/news/world/rss.xml
2025-12-31 08:36:31,921 - INFO - [Times of India] (Thread) requires Selenium. Initializing driver...
2025-12-31 08:36:31,921 - INFO - Initializing headless Selenium Chrome driver (using SeleniumManager)...
2025-12-31 08:36:31,922 - INFO - Starting scrape for The Guardian RSS feed: https://www.theguardian.com/world/rss
2025-12-31 08:36:31,922 - INFO - [The Hindu] (Thread) requires Selenium. Initializing driver...
2025-12-31 08:36:31,923 - INFO - Initializing headless Selenium Chrome driver (using SeleniumManager)...
2025-12-31 08:36:31,923 - INFO - Submitted 4 jobs to thread pool. Waiting up to 300s for completion...
2025-12-31 08:36:32,094 - INFO - Found 45 articles in The Guardian RSS feed. Processing up to 10.
2025-12-31 08:36:32,094 - INFO - [The Guardian] Article: https://www.theguardian.com/world/2025/dec/31/guinea-junta-chief-mamady-doumbouya-elected-president-after-opposition-boycott
2025-12-31 08:36:32,094 - INFO - [The Guardian] Attempt 1/1: Trying with 'requests_browser' strategy...
2025-12-31 08:36:32,136 - INFO - Found 39 articles in BBC RSS feed. Processing up to 10.
2025-12-31 08:36:32,137 - INFO - [BBC] Article: https://www.bbc.com/news/articles/c0q4eg03eyzo?at_medium=RSS&at_campaign=rss
2025-12-31 08:36:32,137 - INFO - [BBC] Attempt 1/1: Trying with 'requests_browser' strategy...
2025-12-31 08:36:32,255 - INFO - [The Guardian] Success with 'requests_browser'. Found content (400 words).
2025-12-31 08:36:32,298 - INFO - Saved article: Guinea’s junta chief elected president after opposition boycott | Guinea | The Guardian from The Guardian
2025-12-31 08:36:32,314 - INFO - [BBC] Success with 'requests_browser'. Found content (730 words).
2025-12-31 08:36:32,345 - INFO - Duplicate article skipped: Eurostar delays enter second day as passengers stuck onboard overnight from BBC
2025-12-31 08:36:32,967 - INFO - [The Guardian] Article: https://www.theguardian.com/world/2025/dec/30/saudi-arabia-uae-tension-future-yemen-boiling-point
2025-12-31 08:36:32,967 - INFO - [The Guardian] Attempt 1/1: Trying with 'requests_browser' strategy...
2025-12-31 08:36:33,002 - INFO - [The Guardian] Success with 'requests_browser'. Found content (932 words).
2025-12-31 08:36:33,040 - INFO - Duplicate article skipped: Tensions between Saudis and Emiratis over future of Yemen reach boiling point | Yemen | The Guardian from The Guardian
2025-12-31 08:36:33,385 - INFO - [BBC] Article: https://www.bbc.com/news/articles/c78v5dj3x39o?at_medium=RSS&at_campaign=rss
2025-12-31 08:36:33,385 - INFO - [BBC] Attempt 1/1: Trying with 'requests_browser' strategy...
2025-12-31 08:36:33,427 - INFO - [BBC] Success with 'requests_browser'. Found content (1150 words).
2025-12-31 08:36:33,460 - INFO - Duplicate article skipped: The 'thorny' issues that threaten to derail a Russia-Ukraine peace deal from BBC
2025-12-31 08:36:34,006 - INFO - [The Guardian] Article: https://www.theguardian.com/sport/2025/dec/29/anthony-joshua-injured-car-crash-nigeria
2025-12-31 08:36:34,006 - INFO - [The Guardian] Attempt 1/1: Trying with 'requests_browser' strategy...
2025-12-31 08:36:34,035 - INFO - [The Guardian] Success with 'requests_browser'. Found content (739 words).
2025-12-31 08:36:34,066 - INFO - Duplicate article skipped: Anthony Joshua’s camp confirm two of his close friends died in Nigeria car crash | Anthony Joshua | The Guardian from The Guardian
2025-12-31 08:36:34,363 - INFO - [BBC] Article: https://www.bbc.com/news/articles/c1evp7weyv2o?at_medium=RSS&at_campaign=rss
2025-12-31 08:36:34,363 - INFO - [BBC] Attempt 1/1: Trying with 'requests_browser' strategy...
2025-12-31 08:36:34,400 - INFO - [BBC] Success with 'requests_browser'. Found content (658 words).
2025-12-31 08:36:34,446 - INFO - Duplicate article skipped: Israel to bar 37 aid groups from Gaza from BBC
2025-12-31 08:36:35,179 - INFO - [The Guardian] Article: https://www.theguardian.com/world/2025/dec/29/more-than-3000-migrants-died-spain-figure-down
2025-12-31 08:36:35,179 - INFO - [The Guardian] Attempt 1/1: Trying with 'requests_browser' strategy...
2025-12-31 08:36:35,209 - INFO - [The Guardian] Success with 'requests_browser'. Found content (434 words).
2025-12-31 08:36:35,239 - INFO - Duplicate article skipped: More than 3,000 migrants died trying to reach Spain in 2025 | Spain | The Guardian from The Guardian
2025-12-31 08:36:35,918 - INFO - [BBC] Article: https://www.bbc.com/news/articles/cr57nvrjrlno?at_medium=RSS&at_campaign=rss
2025-12-31 08:36:35,918 - INFO - [BBC] Attempt 1/1: Trying with 'requests_browser' strategy...
2025-12-31 08:36:35,950 - INFO - [BBC] Success with 'requests_browser'. Found content (569 words).
2025-12-31 08:36:35,985 - INFO - Saved article: Jimmy Lai: Jailed Hong Kong tycoon's 'teeth rotting and fingernails falling off' from BBC
2025-12-31 08:36:36,517 - INFO - [The Guardian] Article: https://www.theguardian.com/world/2025/dec/28/central-african-republic-goes-to-polls-as-president-seeks-third-term
2025-12-31 08:36:36,517 - INFO - [The Guardian] Attempt 1/1: Trying with 'requests_browser' strategy...
2025-12-31 08:36:36,692 - INFO - [The Guardian] Success with 'requests_browser'. Found content (637 words).
2025-12-31 08:36:36,722 - INFO - Duplicate article skipped: Central African Republic goes to polls as president seeks third term | Central African Republic | The Guardian from The Guardian
2025-12-31 08:36:37,286 - INFO - [BBC] Article: https://www.bbc.com/news/articles/c338ne3relzo?at_medium=RSS&at_campaign=rss
2025-12-31 08:36:37,286 - INFO - [BBC] Attempt 1/1: Trying with 'requests_browser' strategy...
2025-12-31 08:36:37,319 - INFO - [BBC] Success with 'requests_browser'. Found content (548 words).
2025-12-31 08:36:37,327 - INFO - [The Guardian] Article: https://www.theguardian.com/world/2025/dec/30/military-drone-strike-venezuela-trump-maduro
2025-12-31 08:36:37,332 - INFO - [The Guardian] Attempt 1/1: Trying with 'requests_browser' strategy...
2025-12-31 08:36:37,376 - INFO - Duplicate article skipped: Tatiana Schlossberg, granddaughter of John F Kennedy, dies aged 35 from BBC
2025-12-31 08:36:37,412 - INFO - [The Guardian] Success with 'requests_browser'. Found content (679 words).
2025-12-31 08:36:37,444 - INFO - Duplicate article skipped: Trump’s shadow war in Venezuela grows, but country’s strongman leader still clings to power | Venezuela | The Guardian from The Guardian
2025-12-31 08:36:38,608 - INFO - [BBC] Article: https://www.bbc.com/news/articles/cn9zl309dz8o?at_medium=RSS&at_campaign=rss
2025-12-31 08:36:38,608 - INFO - [BBC] Attempt 1/1: Trying with 'requests_browser' strategy...
2025-12-31 08:36:38,641 - INFO - [BBC] Success with 'requests_browser'. Found content (372 words).
2025-12-31 08:36:38,673 - INFO - Duplicate article skipped: Machu Picchu train crash leaves one dead and dozens injured from BBC
2025-12-31 08:36:38,823 - INFO - [The Guardian] Article: https://www.theguardian.com/world/2025/dec/29/brazil-ex-president-jair-bolsonaro-hiccups-treatment
2025-12-31 08:36:38,823 - INFO - [The Guardian] Attempt 1/1: Trying with 'requests_browser' strategy...
2025-12-31 08:36:38,851 - INFO - [The Guardian] Success with 'requests_browser'. Found content (309 words).
2025-12-31 08:36:38,888 - INFO - Duplicate article skipped: Jair Bolsonaro undergoes second procedure to treat persistent hiccups | Jair Bolsonaro | The Guardian from The Guardian
2025-12-31 08:36:39,362 - INFO - [BBC] Article: https://www.bbc.com/news/articles/c74wjqvpkj0o?at_medium=RSS&at_campaign=rss
2025-12-31 08:36:39,362 - INFO - [BBC] Attempt 1/1: Trying with 'requests_browser' strategy...
2025-12-31 08:36:39,392 - INFO - [BBC] Success with 'requests_browser'. Found content (400 words).
2025-12-31 08:36:39,424 - INFO - Duplicate article skipped: Thailand releases 18 Cambodian soldiers held since July from BBC
2025-12-31 08:36:39,733 - INFO - Selenium driver initialized successfully.
2025-12-31 08:36:39,733 - INFO - Selenium driver initialized successfully.
2025-12-31 08:36:39,733 - INFO - Starting scrape for Times of India RSS feed: https://timesofindia.indiatimes.com/rssfeeds/296589292.cms
2025-12-31 08:36:39,733 - INFO - Starting scrape for The Hindu RSS feed: https://www.thehindu.com/news/national/feeder/default.rss
2025-12-31 08:36:39,884 - INFO - [The Guardian] Article: https://www.theguardian.com/world/2025/dec/29/mexico-train-derailment-oaxaca
2025-12-31 08:36:39,885 - INFO - [The Guardian] Attempt 1/1: Trying with 'requests_browser' strategy...
2025-12-31 08:36:39,924 - INFO - Found 100 articles in The Hindu RSS feed. Processing up to 10.
2025-12-31 08:36:39,924 - INFO - [The Hindu] Article: https://www.thehindu.com/news/national/kerala/syro-malabar-church-raises-objections-over-alleged-misrepresentation-of-the-last-supper-at-kochi-muziris-biennale/article70456243.ece
2025-12-31 08:36:39,924 - INFO - [The Hindu] Attempt 1/1: Trying with 'selenium_browser' strategy...
2025-12-31 08:36:39,974 - INFO - Found 20 articles in Times of India RSS feed. Processing up to 10.
2025-12-31 08:36:39,975 - INFO - [Times of India] Article: https://timesofindia.indiatimes.com/world/middle-east/uae-dubai-civil-defence-unveils-new-logo-and-uniform/articleshow/126266580.cms
2025-12-31 08:36:39,975 - INFO - [Times of India] Attempt 1/1: Trying with 'selenium_browser' strategy...
2025-12-31 08:36:40,018 - INFO - [BBC] Article: https://www.bbc.com/news/articles/c4grzz60kp3o?at_medium=RSS&at_campaign=rss
2025-12-31 08:36:40,018 - INFO - [BBC] Attempt 1/1: Trying with 'requests_browser' strategy...
2025-12-31 08:36:40,048 - INFO - [BBC] Success with 'requests_browser'. Found content (367 words).
2025-12-31 08:36:40,074 - INFO - Duplicate article skipped: German bank heist: Thieves use drill to steal €30m from savings bank from BBC
2025-12-31 08:36:40,089 - INFO - [The Guardian] Success with 'requests_browser'. Found content (355 words).
2025-12-31 08:36:40,119 - INFO - Duplicate article skipped: At least 13 people killed and 98 injured in train derailment in Mexico | Mexico | The Guardian from The Guardian
2025-12-31 08:36:40,654 - INFO - [BBC] Article: https://www.bbc.com/sport/cricket/articles/c3013de0g88o?at_medium=RSS&at_campaign=rss
2025-12-31 08:36:40,654 - INFO - [BBC] Attempt 1/1: Trying with 'requests_browser' strategy...
2025-12-31 08:36:40,691 - INFO - [BBC] Success with 'requests_browser'. Found content (363 words).
2025-12-31 08:36:40,733 - INFO - Duplicate article skipped: Damien Martyn: Former Australia batter in coma in hospital with meningitis - BBC Sport from BBC
2025-12-31 08:36:41,324 - INFO - [The Guardian] Article: https://www.theguardian.com/us-news/2025/dec/29/trump-venezuela-facility-strike
2025-12-31 08:36:41,324 - INFO - [The Guardian] Attempt 1/1: Trying with 'requests_browser' strategy...
2025-12-31 08:36:41,358 - INFO - [The Guardian] Success with 'requests_browser'. Found content (498 words).
2025-12-31 08:36:41,405 - INFO - Duplicate article skipped: US struck ‘big facility’ in Venezuela, Trump claimed without offering details | Donald Trump | The Guardian from The Guardian
2025-12-31 08:36:41,814 - INFO - [BBC] Article: https://www.bbc.com/news/articles/cwyw56687z3o?at_medium=RSS&at_campaign=rss
2025-12-31 08:36:41,814 - INFO - [BBC] Attempt 1/1: Trying with 'requests_browser' strategy...
2025-12-31 08:36:41,851 - INFO - [BBC] Success with 'requests_browser'. Found content (340 words).
2025-12-31 08:36:41,883 - INFO - Duplicate article skipped: Isiah Whitlock: Veep and The Wire actor dies at 71 from BBC
2025-12-31 08:36:42,836 - INFO - [The Guardian] Article: https://www.theguardian.com/world/2025/dec/26/venezuela-political-prisoner-release
2025-12-31 08:36:42,836 - INFO - [The Guardian] Attempt 1/1: Trying with 'requests_browser' strategy...
2025-12-31 08:36:43,099 - INFO - [The Guardian] Success with 'requests_browser'. Found content (540 words).
2025-12-31 08:36:43,206 - INFO - Duplicate article skipped: Venezuela says it released 99 people detained for 2024 election protests | Venezuela | The Guardian from The Guardian
2025-12-31 08:36:47,560 - INFO - [The Hindu] Page content loaded.
2025-12-31 08:36:48,204 - INFO - [The Hindu] Success with 'selenium_browser'. Found content (411 words).
2025-12-31 08:36:48,301 - INFO - Saved article: Syro-Malabar Church raises objections over alleged misrepresentation of ‘The Last Supper’ at Kochi Muziris Biennale - The Hindu from The Hindu
2025-12-31 08:36:49,090 - INFO - [The Hindu] Article: https://www.thehindu.com/news/national/zomato-swiggy-offer-increased-payout-to-gig-workers-amid-strike-call-by-unions-on-new-years-eve/article70456286.ece
2025-12-31 08:36:49,090 - INFO - [The Hindu] Attempt 1/1: Trying with 'selenium_browser' strategy...
2025-12-31 08:36:55,879 - INFO - [The Hindu] Page content loaded.
2025-12-31 08:36:55,990 - INFO - [The Hindu] Success with 'selenium_browser'. Found content (547 words).
2025-12-31 08:36:56,319 - INFO - Saved article: Zomato, Swiggy offer increased payout to gig workers amid strike call by unions on New Year's Eve - The Hindu from The Hindu
2025-12-31 08:36:57,771 - INFO - [The Hindu] Article: https://www.thehindu.com/news/national/maharashtra/over-2500-nominations-filed-for-bmc-polls-2122-on-last-day/article70456271.ece
2025-12-31 08:36:57,772 - INFO - [The Hindu] Attempt 1/1: Trying with 'selenium_browser' strategy...
2025-12-31 08:36:59,967 - INFO - [The Hindu] Page content loaded.
2025-12-31 08:37:00,058 - INFO - [The Hindu] Success with 'selenium_browser'. Found content (180 words).
2025-12-31 08:37:00,120 - INFO - Saved article: Over 2,500 nominations filed for BMC polls; 2,122 on last day - The Hindu from The Hindu
2025-12-31 08:37:01,347 - INFO - [The Hindu] Article: https://www.thehindu.com/news/national/west-bengal/west-bengal-in-2025-a-year-of-religious-polarisation/article70454420.ece
2025-12-31 08:37:01,348 - INFO - [The Hindu] Attempt 1/1: Trying with 'selenium_browser' strategy...
2025-12-31 08:37:02,289 - INFO - [The Hindu] Page content loaded.
2025-12-31 08:37:02,417 - INFO - [The Hindu] Success with 'selenium_browser'. Found content (762 words).
2025-12-31 08:37:02,505 - INFO - Saved article: West Bengal in 2025: a year of religious polarisation - The Hindu from The Hindu
2025-12-31 08:37:03,640 - INFO - [The Hindu] Article: https://www.thehindu.com/news/national/kerala/at-sivagiri-kerala-cm-says-those-who-create-communal-schisms-betray-sree-narayana-gurus-teachings/article70456247.ece
2025-12-31 08:37:03,641 - INFO - [The Hindu] Attempt 1/1: Trying with 'selenium_browser' strategy...
2025-12-31 08:37:04,318 - INFO - [The Hindu] Page content loaded.
2025-12-31 08:37:04,361 - INFO - [The Hindu] Success with 'selenium_browser'. Found content (472 words).
2025-12-31 08:37:04,410 - INFO - Saved article: At Sivagiri, Kerala CM says those who create communal schisms betray Sree Narayana Guru’s teachings - The Hindu from The Hindu
2025-12-31 08:37:05,290 - INFO - [The Hindu] Article: https://www.thehindu.com/news/national/uttar-pradesh/woman-gang-raped-thrown-out-of-car-in-faridabad-2-held/article70456223.ece
2025-12-31 08:37:05,290 - INFO - [The Hindu] Attempt 1/1: Trying with 'selenium_browser' strategy...
2025-12-31 08:37:06,137 - INFO - [The Hindu] Page content loaded.
2025-12-31 08:37:06,221 - INFO - [The Hindu] Success with 'selenium_browser'. Found content (230 words).
2025-12-31 08:37:06,303 - INFO - Saved article: Woman 'gang-raped', thrown out of car in Faridabad; 2 held - The Hindu from The Hindu
2025-12-31 08:37:06,805 - INFO - [The Hindu] Article: https://www.thehindu.com/news/national/jammu-and-kashmir/jk-court-acquits-3-accused-tried-for-terror-activities/article70456218.ece
2025-12-31 08:37:06,806 - INFO - [The Hindu] Attempt 1/1: Trying with 'selenium_browser' strategy...
2025-12-31 08:37:07,617 - INFO - [The Hindu] Page content loaded.
2025-12-31 08:37:07,656 - INFO - [The Hindu] Success with 'selenium_browser'. Found content (360 words).
2025-12-31 08:37:07,703 - INFO - Saved article: J&K court acquits 3 accused tried for 'terror' activities - The Hindu from The Hindu
2025-12-31 08:37:08,374 - INFO - [The Hindu] Article: https://www.thehindu.com/news/national/chinas-war-mediation-claim-concerning-pm-must-respond-congress/article70456144.ece
2025-12-31 08:37:08,374 - INFO - [The Hindu] Attempt 1/1: Trying with 'selenium_browser' strategy...
2025-12-31 08:37:09,166 - INFO - [The Hindu] Page content loaded.
2025-12-31 08:37:09,214 - INFO - [The Hindu] Success with 'selenium_browser'. Found content (435 words).
2025-12-31 08:37:09,272 - INFO - Saved article: Congress seeks PM Modi’s response on China’s claims of mediating India-Pakistan tensions - The Hindu from The Hindu
2025-12-31 08:37:09,807 - INFO - [The Hindu] Article: https://www.thehindu.com/news/cities/bangalore/new-years-eve-in-bengaluru-all-you-need-to-know-about-traffic-diversions-parking-restrictions-metro-and-bus-timings/article70456148.ece
2025-12-31 08:37:09,807 - INFO - [The Hindu] Attempt 1/1: Trying with 'selenium_browser' strategy...
2025-12-31 08:37:10,320 - INFO - [The Hindu] Page content loaded.
2025-12-31 08:37:10,382 - INFO - [The Hindu] Success with 'selenium_browser'. Found content (484 words).
2025-12-31 08:37:10,451 - INFO - Saved article: New Year’s Eve in Bengaluru: All you need to know about traffic diversions, parking restrictions, metro and bus timings - The Hindu from The Hindu
2025-12-31 08:37:11,388 - INFO - [The Hindu] Article: https://www.thehindu.com/news/national/maharashtra/swabhimani-party-extends-support-to-mva-in-maharashtra-civic-polls/article70456089.ece
2025-12-31 08:37:11,389 - INFO - [The Hindu] Attempt 1/1: Trying with 'selenium_browser' strategy...
2025-12-31 08:37:12,215 - INFO - [The Hindu] Page content loaded.
2025-12-31 08:37:12,256 - INFO - [The Hindu] Success with 'selenium_browser'. Found content (246 words).
2025-12-31 08:37:12,301 - INFO - Saved article: Swabhimani Party extends support to MVA in Maharashtra civic polls - The Hindu from The Hindu
2025-12-31 08:37:13,688 - INFO - [The Hindu] (Thread) Finished. Attempting to shut down its Selenium driver.
2025-12-31 08:37:13,794 - INFO - [The Hindu] (Thread) driver.quit() successful.
2025-12-31 08:37:39,996 - ERROR - [Times of India] Request failed for strategy 'selenium_browser' on URL https://timesofindia.indiatimes.com/world/middle-east/uae-dubai-civil-defence-unveils-new-logo-and-uniform/articleshow/126266580.cms: Message: timeout: Timed out receiving message from renderer: 59.775
  (Session info: chrome=143.0.7499.109)
Stacktrace:
#0 0x55f23fa2419a <unknown>
#1 0x55f23f4a1c4b <unknown>
#2 0x55f23f489cf3 <unknown>
#3 0x55f23f4899d6 <unknown>
#4 0x55f23f487897 <unknown>
#5 0x55f23f4881af <unknown>
#6 0x55f23f496970 <unknown>
#7 0x55f23f4b0017 <unknown>
#8 0x55f23f4b66cb <unknown>
#9 0x55f23f4888d8 <unknown>
#10 0x55f23f4afdc3 <unknown>
#11 0x55f23f53ef60 <unknown>
#12 0x55f23f4e5c42 <unknown>
#13 0x55f23f4e68f1 <unknown>
#14 0x55f23f9ecf39 <unknown>
#15 0x55f23f9efe7d <unknown>
#16 0x55f23f9d5c81 <unknown>
#17 0x55f23f9f0a5b <unknown>
#18 0x55f23f9bca50 <unknown>
#19 0x55f23fa11aa8 <unknown>
#20 0x55f23fa11c79 <unknown>
#21 0x55f23fa234f3 <unknown>
#22 0x7f18eea9caa4 <unknown>
#23 0x7f18eeb29c6c <unknown>

2025-12-31 08:37:39,996 - ERROR - [Times of India] All scrape strategies failed for https://timesofindia.indiatimes.com/world/middle-east/uae-dubai-civil-defence-unveils-new-logo-and-uniform/articleshow/126266580.cms. Falling back to RSS description.
2025-12-31 08:37:39,998 - INFO - Saved article: UAE: Dubai Civil Defence unveils new logo and uniform from Times of India
2025-12-31 08:37:41,445 - INFO - [Times of India] Article: https://timesofindia.indiatimes.com/world/middle-east/saudi-arabia-introduces-four-tier-excise-tax-on-sweetened-beverages-based-on-sugar-content-from-january-1-2026/articleshow/126264512.cms
2025-12-31 08:37:41,446 - INFO - [Times of India] Attempt 1/1: Trying with 'selenium_browser' strategy...
2025-12-31 08:37:46,481 - INFO - [Times of India] Page content loaded.
2025-12-31 08:37:46,692 - INFO - [Times of India] Success with 'selenium_browser'. Found content (584 words).
2025-12-31 08:37:46,891 - INFO - Saved article: Saudi Arabia introduces four-tier excise tax on sweetened beverages based on sugar content from January 1, 2026 | World News - The Times of India from Times of India
2025-12-31 08:37:48,180 - INFO - [Times of India] Article: https://timesofindia.indiatimes.com/world/middle-east/uae-to-raise-minimum-private-sector-wage-for-emiratis-to-dh6000-from-1-january-2026/articleshow/126263905.cms
2025-12-31 08:37:48,180 - INFO - [Times of India] Attempt 1/1: Trying with 'selenium_browser' strategy...
2025-12-31 08:37:49,157 - INFO - [Times of India] Page content loaded.
2025-12-31 08:37:49,310 - INFO - [Times of India] Success with 'selenium_browser'. Found content (428 words).
2025-12-31 08:37:49,400 - INFO - Duplicate article skipped: UAE to raise minimum private sector wage for emiratis to Dh6,000 from 1 January 2026 | World News - The Times of India from Times of India
2025-12-31 08:37:49,976 - INFO - [Times of India] Article: https://timesofindia.indiatimes.com/world/pakistan/pakistan-asim-munir-marries-third-daughter-to-brothers-son-top-military-chiefs-politicians-in-attendance/articleshow/126263566.cms
2025-12-31 08:37:49,976 - INFO - [Times of India] Attempt 1/1: Trying with 'selenium_browser' strategy...
2025-12-31 08:37:50,576 - INFO - [Times of India] Page content loaded.
2025-12-31 08:37:50,718 - INFO - [Times of India] Success with 'selenium_browser'. Found content (357 words).
2025-12-31 08:37:50,762 - INFO - Duplicate article skipped: Pakistan: Asim Munir marries third daughter to brother’s son; top military chiefs, politicians in attendance - The Times of India from Times of India
2025-12-31 08:37:52,169 - INFO - [Times of India] Article: https://timesofindia.indiatimes.com/world/uk/did-starmer-impose-a-curfew-in-the-uk-no-its-just-a-fake-tiktok-video/articleshow/126262276.cms
2025-12-31 08:37:52,169 - INFO - [Times of India] Attempt 1/1: Trying with 'selenium_browser' strategy...
2025-12-31 08:38:02,987 - WARNING - [Times of India] Page timed out (10s). No <p> tags found. Proceeding anyway.
2025-12-31 08:38:03,103 - INFO - [Times of India] Success with 'selenium_browser'. Found content (492 words).
2025-12-31 08:38:03,165 - INFO - Duplicate article skipped: Did Starmer impose a curfew in the UK? No, it's just a fake TikTok video - The Times of India from Times of India
2025-12-31 08:38:04,334 - INFO - [Times of India] Article: https://timesofindia.indiatimes.com/world/middle-east/uae-to-pull-troops-out-of-yemen-after-saudi-strike/articleshow/126262261.cms
2025-12-31 08:38:04,334 - INFO - [Times of India] Attempt 1/1: Trying with 'selenium_browser' strategy...
2025-12-31 08:38:15,014 - WARNING - [Times of India] Page timed out (10s). No <p> tags found. Proceeding anyway.
2025-12-31 08:38:15,156 - INFO - [Times of India] Success with 'selenium_browser'. Found content (236 words).
2025-12-31 08:38:15,220 - INFO - Duplicate article skipped: UAE to pull troops out of Yemen after Saudi strike - The Times of India from Times of India
2025-12-31 08:38:16,188 - INFO - [Times of India] Article: https://timesofindia.indiatimes.com/world/europe/millions-worth-of-property-stolen-from-german-bank-vault/articleshow/126262210.cms
2025-12-31 08:38:16,188 - INFO - [Times of India] Attempt 1/1: Trying with 'selenium_browser' strategy...
2025-12-31 08:38:27,193 - WARNING - [Times of India] Page timed out (10s). No <p> tags found. Proceeding anyway.
2025-12-31 08:38:27,358 - INFO - [Times of India] Success with 'selenium_browser'. Found content (187 words).
2025-12-31 08:38:27,437 - INFO - Duplicate article skipped: Gelsenkirchen Bank Vault Heist: Millions worth of property stolen from German bank vault | World News - The Times of India from Times of India
2025-12-31 08:38:28,573 - INFO - [Times of India] Article: https://timesofindia.indiatimes.com/world/us/one-of-americas-most-successful-experiments-is-coming-to-a-halt/articleshow/126262171.cms
2025-12-31 08:38:28,573 - INFO - [Times of India] Attempt 1/1: Trying with 'selenium_browser' strategy...
2025-12-31 08:38:39,202 - WARNING - [Times of India] Page timed out (10s). No <p> tags found. Proceeding anyway.
2025-12-31 08:38:39,395 - INFO - [Times of India] Success with 'selenium_browser'. Found content (794 words).
2025-12-31 08:38:39,479 - INFO - Duplicate article skipped: One of America's most successful experiments is coming to a halt - The Times of India from Times of India
2025-12-31 08:38:40,341 - INFO - [Times of India] Article: https://timesofindia.indiatimes.com/world/europe/zelensky-says-allies-can-verify-putin-home-attack-was-fake/articleshow/126262158.cms
2025-12-31 08:38:40,341 - INFO - [Times of India] Attempt 1/1: Trying with 'selenium_browser' strategy...
2025-12-31 08:38:50,926 - WARNING - [Times of India] Page timed out (10s). No <p> tags found. Proceeding anyway.
2025-12-31 08:38:51,050 - INFO - [Times of India] Success with 'selenium_browser'. Found content (653 words).
2025-12-31 08:38:51,114 - INFO - Duplicate article skipped: Zelensky says allies can 'verify' Putin home attack 'was fake' - The Times of India from Times of India
2025-12-31 08:38:52,479 - INFO - [Times of India] Article: https://timesofindia.indiatimes.com/world/us-streamers/i-love-a-little-too-hard-valkyrae-reflects-on-heartbreak-and-growth-after-being-cheated-on-three-times/articleshow/126261843.cms
2025-12-31 08:38:52,479 - INFO - [Times of India] Attempt 1/1: Trying with 'selenium_browser' strategy...
2025-12-31 08:38:53,579 - INFO - [Times of India] Page content loaded.
2025-12-31 08:38:53,712 - INFO - [Times of India] Success with 'selenium_browser'. Found content (428 words).
2025-12-31 08:38:53,776 - INFO - Duplicate article skipped: "I love a little too hard”: Valkyrae reflects on heartbreak and growth after being cheated on three times - The Times of India from Times of India
2025-12-31 08:38:54,845 - INFO - [Times of India] (Thread) Finished. Attempting to shut down its Selenium driver.
2025-12-31 08:38:55,048 - INFO - [Times of India] (Thread) driver.quit() successful.
2025-12-31 08:38:55,048 - INFO - Shutting down thread pool (wait=False)...
2025-12-31 08:38:55,048 - INFO - Scraped: 1 The Guardian, 2 Times of India, 10 The Hindu, 1 BBC articles. (Total saved: 14)
2025-12-31 08:38:55,048 - INFO - --- Scraping job finished ---
2025-12-31 08:38:55,053 - INFO - --- Scraper service stopped and database connection closed. ---
2025-12-31 08:38:55,053 - INFO - --- Main thread finished. Forcing process exit to kill zombie threads. ---
