2025-12-08 06:42:14,634 - INFO - Initializing database connection at: news_articles.db
2025-12-08 06:42:14,635 - INFO - --- Scraper service started (CI Mode: Run Once) ---
2025-12-08 06:42:14,635 - INFO - --- Starting new scraping job (Parallel Mode) ---
2025-12-08 06:42:14,635 - INFO - Creating new robust session with 3 retries on 5xx/connection/read errors.
2025-12-08 06:42:14,635 - INFO - Proxy is DISABLED.
2025-12-08 06:42:14,635 - INFO - Starting scrape for BBC RSS feed: http://feeds.bbci.co.uk/news/world/rss.xml
2025-12-08 06:42:14,636 - INFO - [Times of India] (Thread) requires Selenium. Initializing driver...
2025-12-08 06:42:14,636 - INFO - Initializing headless Selenium Chrome driver (using SeleniumManager)...
2025-12-08 06:42:14,636 - INFO - Starting scrape for The Guardian RSS feed: https://www.theguardian.com/world/rss
2025-12-08 06:42:14,637 - INFO - [The Hindu] (Thread) requires Selenium. Initializing driver...
2025-12-08 06:42:14,637 - INFO - Initializing headless Selenium Chrome driver (using SeleniumManager)...
2025-12-08 06:42:14,639 - INFO - Submitted 4 jobs to thread pool. Waiting up to 300s for completion...
2025-12-08 06:42:14,759 - INFO - Found 45 articles in The Guardian RSS feed. Processing up to 10.
2025-12-08 06:42:14,759 - INFO - [The Guardian] Article: https://www.theguardian.com/world/2025/dec/07/release-secured-of-100-kidnapped-nigerian-schoolchildren-but-many-still-being-held
2025-12-08 06:42:14,759 - INFO - [The Guardian] Attempt 1/1: Trying with 'requests_browser' strategy...
2025-12-08 06:42:14,795 - INFO - [The Guardian] Success with 'requests_browser'. Found content (413 words).
2025-12-08 06:42:14,831 - INFO - Duplicate article skipped: Nigerian state secures release of 100 out of 265 kidnapped schoolchildren | Nigeria | The Guardian from The Guardian
2025-12-08 06:42:14,998 - INFO - Found 32 articles in BBC RSS feed. Processing up to 10.
2025-12-08 06:42:14,999 - INFO - [BBC] Article: https://www.bbc.com/news/articles/c2k4z9nwz4yo?at_medium=RSS&at_campaign=rss
2025-12-08 06:42:14,999 - INFO - [BBC] Attempt 1/1: Trying with 'requests_browser' strategy...
2025-12-08 06:42:15,207 - INFO - [BBC] Success with 'requests_browser'. Found content (936 words).
2025-12-08 06:42:15,253 - INFO - Saved article: Zelensky due at Downing Street for high-level Ukraine talks from BBC
2025-12-08 06:42:16,105 - INFO - [The Guardian] Article: https://www.theguardian.com/world/2025/dec/07/troops-and-warplanes-deployed-in-benin-after-failed-coup-attempt
2025-12-08 06:42:16,105 - INFO - [The Guardian] Attempt 1/1: Trying with 'requests_browser' strategy...
2025-12-08 06:42:16,140 - INFO - [The Guardian] Success with 'requests_browser'. Found content (553 words).
2025-12-08 06:42:16,175 - INFO - Duplicate article skipped: Troops and warplanes deployed in Benin after ‘failed coup attempt’ | Benin | The Guardian from The Guardian
2025-12-08 06:42:16,564 - INFO - [BBC] Article: https://www.bbc.com/news/articles/cy7v53366ejo?at_medium=RSS&at_campaign=rss
2025-12-08 06:42:16,564 - INFO - [BBC] Attempt 1/1: Trying with 'requests_browser' strategy...
2025-12-08 06:42:16,620 - INFO - [BBC] Success with 'requests_browser'. Found content (2896 words).
2025-12-08 06:42:16,669 - INFO - Saved article: Syria without Assad is lighter - but now there are new problems from BBC
2025-12-08 06:42:16,934 - INFO - [The Guardian] Article: https://www.theguardian.com/world/2025/dec/06/gunmen-kill-pretoria-south-african-hostel
2025-12-08 06:42:16,934 - INFO - [The Guardian] Attempt 1/1: Trying with 'requests_browser' strategy...
2025-12-08 06:42:16,965 - INFO - [The Guardian] Success with 'requests_browser'. Found content (285 words).
2025-12-08 06:42:17,009 - INFO - Duplicate article skipped: Gunmen kill at least 12 people including three-year-old in hostel in South Africa | South Africa | The Guardian from The Guardian
2025-12-08 06:42:17,792 - INFO - [BBC] Article: https://www.bbc.com/news/articles/cpvd01g2kwwo?at_medium=RSS&at_campaign=rss
2025-12-08 06:42:17,792 - INFO - [BBC] Attempt 1/1: Trying with 'requests_browser' strategy...
2025-12-08 06:42:17,824 - INFO - [BBC] Success with 'requests_browser'. Found content (605 words).
2025-12-08 06:42:17,860 - INFO - Duplicate article skipped: New US security strategy aligns with Russia's vision, Moscow says from BBC
2025-12-08 06:42:18,052 - INFO - [The Guardian] Article: https://www.theguardian.com/world/2025/dec/05/people-flee-dr-congo-fighting-one-day-after-peace-deal-signed-in-washington
2025-12-08 06:42:18,052 - INFO - [The Guardian] Attempt 1/1: Trying with 'requests_browser' strategy...
2025-12-08 06:42:18,177 - INFO - [The Guardian] Success with 'requests_browser'. Found content (411 words).
2025-12-08 06:42:18,219 - INFO - Duplicate article skipped: People flee DR Congo fighting one day after peace deal signed in Washington | Democratic Republic of the Congo | The Guardian from The Guardian
2025-12-08 06:42:18,542 - INFO - [BBC] Article: https://www.bbc.com/news/articles/c62v7n9wzkyo?at_medium=RSS&at_campaign=rss
2025-12-08 06:42:18,542 - INFO - [BBC] Attempt 1/1: Trying with 'requests_browser' strategy...
2025-12-08 06:42:18,584 - INFO - [BBC] Success with 'requests_browser'. Found content (986 words).
2025-12-08 06:42:18,626 - INFO - Duplicate article skipped: Benin coup thwarted by loyalist troops, President Talon tells nation from BBC
2025-12-08 06:42:18,995 - INFO - [The Guardian] Article: https://www.theguardian.com/global-development/2025/dec/05/rsf-massacres-sudanese-city-el-fasher-slaughterhouse-satellite-images
2025-12-08 06:42:18,995 - INFO - [The Guardian] Attempt 1/1: Trying with 'requests_browser' strategy...
2025-12-08 06:42:19,028 - INFO - [The Guardian] Success with 'requests_browser'. Found content (684 words).
2025-12-08 06:42:19,067 - INFO - Duplicate article skipped: RSF massacres left Sudanese city ‘a slaughterhouse’, satellite images show | Global development | The Guardian from The Guardian
2025-12-08 06:42:19,293 - INFO - [BBC] Article: https://www.bbc.com/news/articles/cdj82d0nd4eo?at_medium=RSS&at_campaign=rss
2025-12-08 06:42:19,293 - INFO - [BBC] Attempt 1/1: Trying with 'requests_browser' strategy...
2025-12-08 06:42:19,323 - INFO - [BBC] Success with 'requests_browser'. Found content (598 words).
2025-12-08 06:42:19,386 - INFO - Duplicate article skipped: India: Goa nightclub fire kills 25 staff and tourists from BBC
2025-12-08 06:42:20,045 - INFO - [The Guardian] Article: https://www.theguardian.com/world/2025/dec/06/magnitude-7-earthquake-alaska-canada
2025-12-08 06:42:20,045 - INFO - [The Guardian] Attempt 1/1: Trying with 'requests_browser' strategy...
2025-12-08 06:42:20,077 - INFO - [The Guardian] Success with 'requests_browser'. Found content (209 words).
2025-12-08 06:42:20,112 - INFO - Duplicate article skipped: Magnitude 7.0 earthquake strikes remote area near Alaska-Canada border | Earthquakes | The Guardian from The Guardian
2025-12-08 06:42:20,875 - INFO - [BBC] Article: https://www.bbc.com/news/articles/czj0m2evm40o?at_medium=RSS&at_campaign=rss
2025-12-08 06:42:20,876 - INFO - [BBC] Attempt 1/1: Trying with 'requests_browser' strategy...
2025-12-08 06:42:20,909 - INFO - [BBC] Success with 'requests_browser'. Found content (774 words).
2025-12-08 06:42:20,946 - INFO - Duplicate article skipped: Death of Venezuelan opposition figure in custody 'vile', US says from BBC
2025-12-08 06:42:21,522 - INFO - [The Guardian] Article: https://www.theguardian.com/world/2025/dec/06/venezuela-oil-trump-maduro
2025-12-08 06:42:21,522 - INFO - [The Guardian] Attempt 1/1: Trying with 'requests_browser' strategy...
2025-12-08 06:42:21,556 - INFO - [The Guardian] Success with 'requests_browser'. Found content (863 words).
2025-12-08 06:42:21,601 - INFO - Duplicate article skipped: Maduro says the real reason for Trump’s Venezuela fixation is oil – is he right? | Venezuela | The Guardian from The Guardian
2025-12-08 06:42:22,216 - INFO - [BBC] Article: https://www.bbc.com/news/articles/cz680jx511no?at_medium=RSS&at_campaign=rss
2025-12-08 06:42:22,216 - INFO - [BBC] Attempt 1/1: Trying with 'requests_browser' strategy...
2025-12-08 06:42:22,278 - INFO - [The Guardian] Article: https://www.theguardian.com/us-news/2025/dec/05/us-airstrike-survivors-clung-to-boat-wreckage-for-an-hour-before-second-deadly-attack-video-shows
2025-12-08 06:42:22,278 - INFO - [The Guardian] Attempt 1/1: Trying with 'requests_browser' strategy...
2025-12-08 06:42:22,325 - INFO - [The Guardian] Success with 'requests_browser'. Found content (1016 words).
2025-12-08 06:42:22,372 - INFO - Duplicate article skipped: US airstrike survivors clung to boat wreckage for an hour before second deadly attack, video shows | US military | The Guardian from The Guardian
2025-12-08 06:42:22,383 - INFO - [BBC] Success with 'requests_browser'. Found content (599 words).
2025-12-08 06:42:22,423 - INFO - Duplicate article skipped: Ukrainian city hit by 'massive' strike as peace talks in US conclude from BBC
2025-12-08 06:42:22,424 - INFO - Selenium driver initialized successfully.
2025-12-08 06:42:22,424 - INFO - Starting scrape for Times of India RSS feed: https://timesofindia.indiatimes.com/rssfeeds/296589292.cms
2025-12-08 06:42:22,425 - INFO - Selenium driver initialized successfully.
2025-12-08 06:42:22,425 - INFO - Starting scrape for The Hindu RSS feed: https://www.thehindu.com/news/national/feeder/default.rss
2025-12-08 06:42:22,626 - INFO - Found 100 articles in The Hindu RSS feed. Processing up to 10.
2025-12-08 06:42:22,627 - INFO - [The Hindu] Article: https://www.thehindu.com/news/national/supreme-court-refuses-urgent-hearing-of-plea-on-indigo-flight-cancellations/article70371308.ece
2025-12-08 06:42:22,627 - INFO - [The Hindu] Attempt 1/1: Trying with 'selenium_browser' strategy...
2025-12-08 06:42:22,631 - INFO - Found 20 articles in Times of India RSS feed. Processing up to 10.
2025-12-08 06:42:22,631 - INFO - [Times of India] Article: https://timesofindia.indiatimes.com/world/middle-east/saudi-arabia-taibah-university-suspends-in-person-classes-across-madinah-region/articleshow/125827465.cms
2025-12-08 06:42:22,631 - INFO - [Times of India] Attempt 1/1: Trying with 'selenium_browser' strategy...
2025-12-08 06:42:23,441 - INFO - [The Guardian] Article: https://www.theguardian.com/us-news/2025/dec/05/neo-nazi-base-leader-on-terrorism-arrest
2025-12-08 06:42:23,441 - INFO - [The Guardian] Attempt 1/1: Trying with 'requests_browser' strategy...
2025-12-08 06:42:23,543 - INFO - [BBC] Article: https://www.bbc.com/news/articles/c3r7plnwr0zo?at_medium=RSS&at_campaign=rss
2025-12-08 06:42:23,543 - INFO - [BBC] Attempt 1/1: Trying with 'requests_browser' strategy...
2025-12-08 06:42:23,620 - INFO - [The Guardian] Success with 'requests_browser'. Found content (1072 words).
2025-12-08 06:42:23,662 - INFO - [BBC] Success with 'requests_browser'. Found content (1001 words).
2025-12-08 06:42:23,780 - INFO - Duplicate article skipped: US leader of global neo-Nazi terrorist group signals retribution for arrests | Far right (US) | The Guardian from The Guardian
2025-12-08 06:42:23,789 - INFO - Duplicate article skipped: LegCo: Hong Kong votes in election as city mourns deadly fire from BBC
2025-12-08 06:42:24,391 - INFO - [BBC] Article: https://www.bbc.com/news/articles/c98nldr06l2o?at_medium=RSS&at_campaign=rss
2025-12-08 06:42:24,391 - INFO - [BBC] Attempt 1/1: Trying with 'requests_browser' strategy...
2025-12-08 06:42:24,435 - INFO - [The Guardian] Article: https://www.theguardian.com/politics/audio/2025/dec/05/donald-trump-about-to-invade-venezuela-podcast
2025-12-08 06:42:24,435 - INFO - [The Guardian] Attempt 1/1: Trying with 'requests_browser' strategy...
2025-12-08 06:42:24,505 - INFO - [BBC] Success with 'requests_browser'. Found content (410 words).
2025-12-08 06:42:24,586 - INFO - Duplicate article skipped: Chernobyl radiation shield 'lost safety function' after drone strike, UN watchdog says from BBC
2025-12-08 06:42:24,835 - WARNING - [The Guardian] FAILED with 'requests_browser' (content was too short: 72 words).
2025-12-08 06:42:24,838 - ERROR - [The Guardian] All scrape strategies failed for https://www.theguardian.com/politics/audio/2025/dec/05/donald-trump-about-to-invade-venezuela-podcast. Falling back to RSS description.
2025-12-08 06:42:24,839 - INFO - Duplicate article skipped: “This is war”: Is Trump about to invade Venezuela? – podcast from The Guardian
2025-12-08 06:42:25,797 - INFO - [BBC] Article: https://www.bbc.com/news/articles/crmd44yz7nmo?at_medium=RSS&at_campaign=rss
2025-12-08 06:42:25,798 - INFO - [BBC] Attempt 1/1: Trying with 'requests_browser' strategy...
2025-12-08 06:42:25,964 - INFO - [BBC] Success with 'requests_browser'. Found content (405 words).
2025-12-08 06:42:26,093 - INFO - Duplicate article skipped: Katy Perry posts photo with Justin Trudeau in Japan from BBC
2025-12-08 06:42:26,154 - INFO - [The Hindu] Page content loaded.
2025-12-08 06:42:26,233 - INFO - [The Hindu] Success with 'selenium_browser'. Found content (284 words).
2025-12-08 06:42:26,327 - INFO - Saved article: Supreme Court refuses urgent hearing of plea on IndiGo flight cancellations - The Hindu from The Hindu
2025-12-08 06:42:26,900 - INFO - [The Hindu] Article: https://www.thehindu.com/news/national/tamil-nadu/committee-tasked-to-recommend-measures-to-prevent-human-animal-conflict-in-valparai/article70370937.ece
2025-12-08 06:42:26,900 - INFO - [The Hindu] Attempt 1/1: Trying with 'selenium_browser' strategy...
2025-12-08 06:42:33,124 - INFO - [The Hindu] Page content loaded.
2025-12-08 06:42:33,305 - INFO - [Times of India] Page content loaded.
2025-12-08 06:42:33,448 - INFO - [The Hindu] Success with 'selenium_browser'. Found content (225 words).
2025-12-08 06:42:33,696 - INFO - Saved article: Committee tasked to recommend measures to prevent human - animal conflict in Valparai - The Hindu from The Hindu
2025-12-08 06:42:33,924 - INFO - [Times of India] Success with 'selenium_browser'. Found content (491 words).
2025-12-08 06:42:34,171 - INFO - Saved article: Saudi Arabia: Taibah University suspends in-person classes across Madinah region | World News - The Times of India from Times of India
2025-12-08 06:42:34,274 - INFO - [The Hindu] Article: https://www.thehindu.com/news/national/uttar-pradesh/up-cm-yogi-adityanath-urges-people-to-verify-identity-before-hiring-anyone/article70371155.ece
2025-12-08 06:42:34,274 - INFO - [The Hindu] Attempt 1/1: Trying with 'selenium_browser' strategy...
2025-12-08 06:42:35,164 - INFO - [Times of India] Article: https://timesofindia.indiatimes.com/world/rest-of-world/border-tensions-flare-how-cambodias-military-stacks-up-against-thailand-who-holds-the-edge/articleshow/125826390.cms
2025-12-08 06:42:35,164 - INFO - [Times of India] Attempt 1/1: Trying with 'selenium_browser' strategy...
2025-12-08 06:42:36,859 - INFO - [The Hindu] Page content loaded.
2025-12-08 06:42:37,158 - INFO - [The Hindu] Success with 'selenium_browser'. Found content (351 words).
2025-12-08 06:42:37,473 - INFO - Saved article: U.P. CM Yogi Adityanath urges people to verify identity before hiring anyone - The Hindu from The Hindu
2025-12-08 06:42:37,611 - INFO - [Times of India] Page content loaded.
2025-12-08 06:42:37,934 - INFO - [Times of India] Success with 'selenium_browser'. Found content (432 words).
2025-12-08 06:42:38,075 - INFO - Saved article: Border tensions flare: How Cambodia’s military stacks up against Thailand — who holds the edge? - The Times of India from Times of India
2025-12-08 06:42:38,199 - INFO - [The Hindu] Article: https://www.thehindu.com/news/national/goa-nightclub-employee-detained-by-state-police-in-delhi/article70371310.ece
2025-12-08 06:42:38,199 - INFO - [The Hindu] Attempt 1/1: Trying with 'selenium_browser' strategy...
2025-12-08 06:42:39,060 - INFO - [Times of India] Article: https://timesofindia.indiatimes.com/world/middle-east/saudi-weather-alert-red-warnings-issued-as-heavy-rain-sweeps-across-8-regions-today/articleshow/125827130.cms
2025-12-08 06:42:39,060 - INFO - [Times of India] Attempt 1/1: Trying with 'selenium_browser' strategy...
2025-12-08 06:42:42,922 - INFO - [The Hindu] Page content loaded.
2025-12-08 06:42:43,042 - INFO - [The Hindu] Success with 'selenium_browser'. Found content (150 words).
2025-12-08 06:42:43,161 - INFO - Saved article: Goa nightclub employee detained by State police in Delhi - The Hindu from The Hindu
2025-12-08 06:42:44,219 - INFO - [Times of India] Page content loaded.
2025-12-08 06:42:44,426 - INFO - [Times of India] Success with 'selenium_browser'. Found content (372 words).
2025-12-08 06:42:44,514 - INFO - Saved article: Saudi weather alert: Red warnings issued as heavy rain sweeps across 8 regions today | World News - The Times of India from Times of India
2025-12-08 06:42:44,565 - INFO - [The Hindu] Article: https://www.thehindu.com/news/national/andhra-pradesh/eo-of-yarradoddi-gangamma-temple-suspended-for-allegedly-stealing-articles-and-saris/article70369839.ece
2025-12-08 06:42:44,565 - INFO - [The Hindu] Attempt 1/1: Trying with 'selenium_browser' strategy...
2025-12-08 06:42:45,882 - INFO - [The Hindu] Page content loaded.
2025-12-08 06:42:45,931 - INFO - [Times of India] Article: https://timesofindia.indiatimes.com/world/europe/louvre-water-leak-hundreds-of-19th20th-century-items-damaged-what-went-wrong/articleshow/125826302.cms
2025-12-08 06:42:45,931 - INFO - [Times of India] Attempt 1/1: Trying with 'selenium_browser' strategy...
2025-12-08 06:42:46,071 - INFO - [The Hindu] Success with 'selenium_browser'. Found content (139 words).
2025-12-08 06:42:46,208 - INFO - Saved article: EO of Yarradoddi Gangamma temple suspended for allegedly stealing articles and saris - The Hindu from The Hindu
2025-12-08 06:42:47,021 - INFO - [The Hindu] Article: https://www.thehindu.com/news/national/sonam-wangchuk-detention-nsa-plea-supreme-court-hearing-live-updates-december-8-2025/article70371096.ece
2025-12-08 06:42:47,021 - INFO - [The Hindu] Attempt 1/1: Trying with 'selenium_browser' strategy...
2025-12-08 06:42:49,839 - INFO - [Times of India] Page content loaded.
2025-12-08 06:42:50,299 - INFO - [Times of India] Success with 'selenium_browser'. Found content (391 words).
2025-12-08 06:42:50,417 - INFO - Saved article: Louvre water leak: Hundreds of 19th–20th century items damaged — what went wrong? - The Times of India from Times of India
2025-12-08 06:42:51,115 - INFO - [The Hindu] Page content loaded.
2025-12-08 06:42:51,343 - INFO - [The Hindu] Success with 'selenium_browser'. Found content (230 words).
2025-12-08 06:42:51,506 - INFO - Saved article: Sonam Wangchuk detention hearing LIVE: SC to hear wife's plea challenging detention - The Hindu from The Hindu
2025-12-08 06:42:51,562 - INFO - [Times of India] Article: https://timesofindia.indiatimes.com/world/us/whos-on-trumps-christmas-naughty-list-president-says-its-long-internet-starts-guessing/articleshow/125824349.cms
2025-12-08 06:42:51,562 - INFO - [Times of India] Attempt 1/1: Trying with 'selenium_browser' strategy...
2025-12-08 06:42:52,349 - INFO - [The Hindu] Article: https://www.thehindu.com/news/cities/kolkata/veteran-bengali-actor-kalyan-chatterjee-dies-at-81/article70371144.ece
2025-12-08 06:42:52,349 - INFO - [The Hindu] Attempt 1/1: Trying with 'selenium_browser' strategy...
2025-12-08 06:42:56,164 - INFO - [The Hindu] Page content loaded.
2025-12-08 06:42:56,434 - INFO - [The Hindu] Success with 'selenium_browser'. Found content (173 words).
2025-12-08 06:42:56,554 - INFO - Saved article: Veteran Bengali actor Kalyan Chatterjee dies at 81 - The Hindu from The Hindu
2025-12-08 06:42:56,733 - INFO - [Times of India] Page content loaded.
2025-12-08 06:42:56,952 - INFO - [Times of India] Success with 'selenium_browser'. Found content (582 words).
2025-12-08 06:42:57,043 - INFO - Duplicate article skipped: Who’s on Trump’s ‘Christmas naughty list’? President says it’s 'long'; internet starts guessing - The Times of India from Times of India
2025-12-08 06:42:57,281 - INFO - [The Hindu] Article: https://www.thehindu.com/news/national/kerala/dileep-acquitted-in-kerala-actor-rape-case/article70370922.ece
2025-12-08 06:42:57,281 - INFO - [The Hindu] Attempt 1/1: Trying with 'selenium_browser' strategy...
2025-12-08 06:42:57,901 - INFO - [Times of India] Article: https://timesofindia.indiatimes.com/world/us/if-i-cant-beat-him-then-i-shouldnt-be-trump-mocks-jimmy-kimmel-calls-him-horrible/articleshow/125824541.cms
2025-12-08 06:42:57,901 - INFO - [Times of India] Attempt 1/1: Trying with 'selenium_browser' strategy...
2025-12-08 06:42:58,831 - INFO - [The Hindu] Page content loaded.
2025-12-08 06:42:59,038 - INFO - [The Hindu] Success with 'selenium_browser'. Found content (536 words).
2025-12-08 06:42:59,244 - INFO - Saved article: Dileep acquitted in Kerala actor rape case; six found guilty - The Hindu from The Hindu
2025-12-08 06:42:59,968 - INFO - [The Hindu] Article: https://www.thehindu.com/business/markets/equity-markets-decline-in-early-trade-dragged-by-services-realty-stocks-fii-outflows/article70371099.ece
2025-12-08 06:42:59,968 - INFO - [The Hindu] Attempt 1/1: Trying with 'selenium_browser' strategy...
2025-12-08 06:43:01,325 - INFO - [Times of India] Page content loaded.
2025-12-08 06:43:01,527 - INFO - [Times of India] Success with 'selenium_browser'. Found content (308 words).
2025-12-08 06:43:01,599 - INFO - Duplicate article skipped: 'If I can't beat him then I shouldn't be ... ': Trump mocks Jimmy Kimmel; calls him 'horrible' - The Times of India from Times of India
2025-12-08 06:43:02,316 - INFO - [Times of India] Article: https://timesofindia.indiatimes.com/world/us/no-us-visa-for-fact-checkers-content-moderators-because-trumps-social-media-accounts-were-once-locked/articleshow/125816644.cms
2025-12-08 06:43:02,318 - INFO - [Times of India] Attempt 1/1: Trying with 'selenium_browser' strategy...
2025-12-08 06:43:03,478 - INFO - [The Hindu] Page content loaded.
2025-12-08 06:43:03,571 - INFO - [The Hindu] Success with 'selenium_browser'. Found content (443 words).
2025-12-08 06:43:03,661 - INFO - Saved article: Equity markets decline in early trade dragged by services, realty stocks, FII outflows - The Hindu from The Hindu
2025-12-08 06:43:03,737 - INFO - [Times of India] Page content loaded.
2025-12-08 06:43:03,845 - INFO - [Times of India] Success with 'selenium_browser'. Found content (366 words).
2025-12-08 06:43:03,906 - INFO - Duplicate article skipped: No US visa for fact checkers, content moderators because 'Trump's social media accounts were once locked' - The Times of India from Times of India
2025-12-08 06:43:04,635 - INFO - [The Hindu] Article: https://www.thehindu.com/news/national/kerala/pt-thomas-and-balachandrakumar-two-key-persons-in-kerala-actor-rape-case-no-more/article70371069.ece
2025-12-08 06:43:04,635 - INFO - [The Hindu] Attempt 1/1: Trying with 'selenium_browser' strategy...
2025-12-08 06:43:04,848 - INFO - [Times of India] Article: https://timesofindia.indiatimes.com/world/middle-east/israel-hamas-close-to-2nd-phase-of-truce-bibi/articleshow/125824498.cms
2025-12-08 06:43:04,849 - INFO - [Times of India] Attempt 1/1: Trying with 'selenium_browser' strategy...
2025-12-08 06:43:06,949 - INFO - [The Hindu] Page content loaded.
2025-12-08 06:43:07,062 - INFO - [The Hindu] Success with 'selenium_browser'. Found content (519 words).
2025-12-08 06:43:07,180 - INFO - Saved article: P.T. Thomas and Balachandrakumar, two key persons in Kerala actor rape case, no more - The Hindu from The Hindu
2025-12-08 06:43:07,180 - INFO - [Times of India] Page content loaded.
2025-12-08 06:43:07,293 - INFO - [Times of India] Success with 'selenium_browser'. Found content (402 words).
2025-12-08 06:43:07,375 - INFO - Saved article: Israel & Hamas close to 2nd phase of truce: Bibi - The Times of India from Times of India
2025-12-08 06:43:07,706 - INFO - [The Hindu] (Thread) Finished. Attempting to shut down its Selenium driver.
2025-12-08 06:43:07,866 - INFO - [The Hindu] (Thread) driver.quit() successful.
2025-12-08 06:43:08,426 - INFO - [Times of India] Article: https://timesofindia.indiatimes.com/world/us-streamers/tim-pool-reports-shooting-at-his-house-as-podcast-stirs-storm-over-erika-kirk-divorce-and-charlie-kirk-gay-talk/articleshow/125810153.cms
2025-12-08 06:43:08,426 - INFO - [Times of India] Attempt 1/1: Trying with 'selenium_browser' strategy...
2025-12-08 06:43:09,221 - INFO - [Times of India] Page content loaded.
2025-12-08 06:43:09,372 - INFO - [Times of India] Success with 'selenium_browser'. Found content (410 words).
2025-12-08 06:43:09,459 - INFO - Duplicate article skipped: Tim Pool reports shooting at his house as podcast stirs storm over Erika Kirk divorce and Charlie Kirk gay talk - The Times of India from Times of India
2025-12-08 06:43:10,587 - INFO - [Times of India] Article: https://timesofindia.indiatimes.com/world/us/filmmaker-francis-ford-coppolas-watch-sold-for-11-million-its-not-for-everyone/articleshow/125824465.cms
2025-12-08 06:43:10,587 - INFO - [Times of India] Attempt 1/1: Trying with 'selenium_browser' strategy...
2025-12-08 06:43:11,480 - INFO - [Times of India] Page content loaded.
2025-12-08 06:43:11,726 - INFO - [Times of India] Success with 'selenium_browser'. Found content (471 words).
2025-12-08 06:43:11,785 - INFO - Saved article: Filmmaker Francis Ford Coppola's watch sold for $11 million. It's not for everyone - The Times of India from Times of India
2025-12-08 06:43:12,351 - INFO - [Times of India] (Thread) Finished. Attempting to shut down its Selenium driver.
2025-12-08 06:43:12,599 - INFO - [Times of India] (Thread) driver.quit() successful.
2025-12-08 06:43:12,599 - INFO - Shutting down thread pool (wait=False)...
2025-12-08 06:43:12,599 - INFO - Scraped: 2 BBC, 0 The Guardian, 6 Times of India, 10 The Hindu articles. (Total saved: 18)
2025-12-08 06:43:12,599 - INFO - --- Scraping job finished ---
2025-12-08 06:43:12,606 - INFO - --- Scraper service stopped and database connection closed. ---
2025-12-08 06:43:12,606 - INFO - --- Main thread finished. Forcing process exit to kill zombie threads. ---
