2026-01-06 18:39:56,826 - INFO - Initializing database connection at: news_articles.db
2026-01-06 18:39:56,827 - INFO - --- Scraper service started (CI Mode: Run Once) ---
2026-01-06 18:39:56,827 - INFO - --- Starting new scraping job (Parallel Mode) ---
2026-01-06 18:39:56,827 - INFO - Creating new robust session with 3 retries on 5xx/connection/read errors.
2026-01-06 18:39:56,827 - INFO - Proxy is DISABLED.
2026-01-06 18:39:56,827 - INFO - Starting scrape for BBC RSS feed: http://feeds.bbci.co.uk/news/world/rss.xml
2026-01-06 18:39:56,828 - INFO - [Times of India] (Thread) requires Selenium. Initializing driver...
2026-01-06 18:39:56,828 - INFO - Initializing headless Selenium Chrome driver (using SeleniumManager)...
2026-01-06 18:39:56,828 - INFO - Starting scrape for The Guardian RSS feed: https://www.theguardian.com/world/rss
2026-01-06 18:39:56,829 - INFO - [The Hindu] (Thread) requires Selenium. Initializing driver...
2026-01-06 18:39:56,829 - INFO - Initializing headless Selenium Chrome driver (using SeleniumManager)...
2026-01-06 18:39:56,829 - INFO - Submitted 4 jobs to thread pool. Waiting up to 300s for completion...
2026-01-06 18:39:57,082 - INFO - Found 45 articles in The Guardian RSS feed. Processing up to 10.
2026-01-06 18:39:57,082 - INFO - [The Guardian] Article: https://www.theguardian.com/world/2026/jan/02/anthony-joshuas-driver-charged-with-dangerous-driving-after-fatal-crash-in-nigeria
2026-01-06 18:39:57,082 - INFO - [The Guardian] Attempt 1/1: Trying with 'requests_browser' strategy...
2026-01-06 18:39:57,128 - INFO - [The Guardian] Success with 'requests_browser'. Found content (346 words).
2026-01-06 18:39:57,162 - INFO - Duplicate article skipped: Anthony Joshua’s driver charged with dangerous driving after fatal crash in Nigeria | Anthony Joshua | The Guardian from The Guardian
2026-01-06 18:39:57,394 - INFO - Found 34 articles in BBC RSS feed. Processing up to 10.
2026-01-06 18:39:57,395 - INFO - [BBC] Article: https://www.bbc.com/news/articles/cd6w4y0eq70o?at_medium=RSS&at_campaign=rss
2026-01-06 18:39:57,395 - INFO - [BBC] Attempt 1/1: Trying with 'requests_browser' strategy...
2026-01-06 18:39:57,987 - INFO - [BBC] Success with 'requests_browser'. Found content (662 words).
2026-01-06 18:39:58,022 - INFO - Duplicate article skipped: Venezuelan security forces detain journalists from foreign news organisations from BBC
2026-01-06 18:39:58,108 - INFO - [The Guardian] Article: https://www.theguardian.com/science/2026/jan/01/cremation-pyre-in-africa-thought-to-be-worlds-oldest-containing-adult-remains
2026-01-06 18:39:58,108 - INFO - [The Guardian] Attempt 1/1: Trying with 'requests_browser' strategy...
2026-01-06 18:39:58,258 - INFO - [The Guardian] Success with 'requests_browser'. Found content (653 words).
2026-01-06 18:39:58,298 - INFO - Duplicate article skipped: Cremation pyre in Africa thought to be world’s oldest containing adult remains | Anthropology | The Guardian from The Guardian
2026-01-06 18:39:58,647 - INFO - [BBC] Article: https://www.bbc.com/news/articles/cpv7myg2nw4o?at_medium=RSS&at_campaign=rss
2026-01-06 18:39:58,647 - INFO - [BBC] Attempt 1/1: Trying with 'requests_browser' strategy...
2026-01-06 18:39:58,694 - INFO - [BBC] Success with 'requests_browser'. Found content (635 words).
2026-01-06 18:39:58,729 - INFO - Duplicate article skipped: Zelensky replaces Ukraine's powerful security service leadership from BBC
2026-01-06 18:39:59,325 - INFO - [The Guardian] Article: https://www.theguardian.com/global-development/2026/jan/01/us-aid-cuts-conditions-un-humanitarian-pledge-ocha
2026-01-06 18:39:59,325 - INFO - [The Guardian] Attempt 1/1: Trying with 'requests_browser' strategy...
2026-01-06 18:39:59,366 - INFO - [The Guardian] Success with 'requests_browser'. Found content (631 words).
2026-01-06 18:39:59,404 - INFO - Duplicate article skipped: US ‘adapt, shrink or die’ terms for $2bn aid pot will mean UN bowing down to Washington, say experts | Aid | The Guardian from The Guardian
2026-01-06 18:39:59,471 - INFO - [BBC] Article: https://www.bbc.com/news/articles/czjg37p34r3o?at_medium=RSS&at_campaign=rss
2026-01-06 18:39:59,471 - INFO - [BBC] Attempt 1/1: Trying with 'requests_browser' strategy...
2026-01-06 18:39:59,517 - INFO - [BBC] Success with 'requests_browser'. Found content (573 words).
2026-01-06 18:39:59,567 - INFO - Saved article: Six dead and hundreds of flights cancelled as snow causes chaos across Europe from BBC
2026-01-06 18:40:00,341 - INFO - [BBC] Article: https://www.bbc.com/news/articles/cre28d2j2zxo?at_medium=RSS&at_campaign=rss
2026-01-06 18:40:00,341 - INFO - [BBC] Attempt 1/1: Trying with 'requests_browser' strategy...
2026-01-06 18:40:00,397 - INFO - [BBC] Success with 'requests_browser'. Found content (1261 words).
2026-01-06 18:40:00,437 - INFO - Duplicate article skipped: Iran anti-government protests spread to majority of provinces, videos show from BBC
2026-01-06 18:40:00,751 - INFO - [The Guardian] Article: https://www.theguardian.com/world/2025/dec/31/guinea-junta-chief-mamady-doumbouya-elected-president-after-opposition-boycott
2026-01-06 18:40:00,751 - INFO - [The Guardian] Attempt 1/1: Trying with 'requests_browser' strategy...
2026-01-06 18:40:00,915 - INFO - [The Guardian] Success with 'requests_browser'. Found content (399 words).
2026-01-06 18:40:00,952 - INFO - Duplicate article skipped: Guinea’s junta chief elected president after opposition boycott | Guinea | The Guardian from The Guardian
2026-01-06 18:40:00,968 - INFO - [BBC] Article: https://www.bbc.com/news/articles/c07xkeee2k3o?at_medium=RSS&at_campaign=rss
2026-01-06 18:40:00,968 - INFO - [BBC] Attempt 1/1: Trying with 'requests_browser' strategy...
2026-01-06 18:40:01,015 - INFO - [BBC] Success with 'requests_browser'. Found content (693 words).
2026-01-06 18:40:01,055 - INFO - Duplicate article skipped: European allies back Denmark over Trump's threat to annex Greenland from BBC
2026-01-06 18:40:01,832 - INFO - [The Guardian] Article: https://www.theguardian.com/world/2025/dec/30/saudi-arabia-uae-tension-future-yemen-boiling-point
2026-01-06 18:40:01,833 - INFO - [The Guardian] Attempt 1/1: Trying with 'requests_browser' strategy...
2026-01-06 18:40:01,991 - INFO - [The Guardian] Success with 'requests_browser'. Found content (932 words).
2026-01-06 18:40:02,060 - INFO - Duplicate article skipped: Tensions between Saudis and Emiratis over future of Yemen reach boiling point | Yemen | The Guardian from The Guardian
2026-01-06 18:40:02,081 - INFO - [BBC] Article: https://www.bbc.com/news/articles/c74w54783zeo?at_medium=RSS&at_campaign=rss
2026-01-06 18:40:02,081 - INFO - [BBC] Attempt 1/1: Trying with 'requests_browser' strategy...
2026-01-06 18:40:02,129 - INFO - [BBC] Success with 'requests_browser'. Found content (341 words).
2026-01-06 18:40:02,172 - INFO - Saved article: Sudan civil war: Children among 13 killed after drone hits home in el-Obeid city, medics say from BBC
2026-01-06 18:40:03,342 - INFO - [BBC] Article: https://www.bbc.com/news/articles/cdx4zxk1np0o?at_medium=RSS&at_campaign=rss
2026-01-06 18:40:03,342 - INFO - [BBC] Attempt 1/1: Trying with 'requests_browser' strategy...
2026-01-06 18:40:03,356 - INFO - Selenium driver initialized successfully.
2026-01-06 18:40:03,356 - INFO - Starting scrape for Times of India RSS feed: https://timesofindia.indiatimes.com/rssfeeds/296589292.cms
2026-01-06 18:40:03,357 - INFO - Selenium driver initialized successfully.
2026-01-06 18:40:03,357 - INFO - Starting scrape for The Hindu RSS feed: https://www.thehindu.com/news/national/feeder/default.rss
2026-01-06 18:40:03,387 - INFO - [BBC] Success with 'requests_browser'. Found content (691 words).
2026-01-06 18:40:03,419 - INFO - Duplicate article skipped: Swiss ski bar not inspected for five years before deadly fire, mayor says from BBC
2026-01-06 18:40:03,451 - INFO - [The Guardian] Article: https://www.theguardian.com/world/live/2026/jan/06/venezuela-live-updates-maduro-trump-us-attack-opposition-machado-return
2026-01-06 18:40:03,451 - INFO - [The Guardian] Attempt 1/1: Trying with 'requests_browser' strategy...
2026-01-06 18:40:03,617 - INFO - Found 20 articles in Times of India RSS feed. Processing up to 10.
2026-01-06 18:40:03,618 - INFO - [Times of India] Article: https://timesofindia.indiatimes.com/world/us-streamers/who-is-bde-youtuber-turns-wrestler-as-brandon-collymore-signs-full-time-deal-with-tna-wrestling/articleshow/126378873.cms
2026-01-06 18:40:03,618 - INFO - [Times of India] Attempt 1/1: Trying with 'selenium_browser' strategy...
2026-01-06 18:40:03,663 - INFO - Found 100 articles in The Hindu RSS feed. Processing up to 10.
2026-01-06 18:40:03,663 - INFO - [The Hindu] Article: https://www.thehindu.com/news/national/telangana/mlc-kavithas-resignation-accepted-by-council-chairman/article70479656.ece
2026-01-06 18:40:03,663 - INFO - [The Hindu] Attempt 1/1: Trying with 'selenium_browser' strategy...
2026-01-06 18:40:03,783 - INFO - [The Guardian] Success with 'requests_browser'. Found content (3012 words).
2026-01-06 18:40:03,869 - INFO - Duplicate article skipped: Trump calls Venezuela strikes ‘amazing’ and teases meeting with oil executives after ousting Maduro – live | Donald Trump | The Guardian from The Guardian
2026-01-06 18:40:04,431 - INFO - [The Guardian] Article: https://www.theguardian.com/us-news/2026/jan/06/trump-oil-companies-venezuela
2026-01-06 18:40:04,432 - INFO - [The Guardian] Attempt 1/1: Trying with 'requests_browser' strategy...
2026-01-06 18:40:04,635 - INFO - [BBC] Article: https://www.bbc.com/news/articles/c74vx4n003xo?at_medium=RSS&at_campaign=rss
2026-01-06 18:40:04,635 - INFO - [BBC] Attempt 1/1: Trying with 'requests_browser' strategy...
2026-01-06 18:40:04,770 - INFO - [BBC] Success with 'requests_browser'. Found content (580 words).
2026-01-06 18:40:04,832 - INFO - Duplicate article skipped: Macron hosts Ukraine and allies to try to cement security guarantees from BBC
2026-01-06 18:40:04,861 - INFO - [The Guardian] Success with 'requests_browser'. Found content (780 words).
2026-01-06 18:40:04,929 - INFO - Saved article: Trump says US companies will invest billions in Venezuelan oil production. Experts aren’t so sure | Trump administration | The Guardian from The Guardian
2026-01-06 18:40:05,385 - INFO - [BBC] Article: https://www.bbc.com/news/articles/cgl8y4gx9lyo?at_medium=RSS&at_campaign=rss
2026-01-06 18:40:05,385 - INFO - [BBC] Attempt 1/1: Trying with 'requests_browser' strategy...
2026-01-06 18:40:05,460 - INFO - [BBC] Success with 'requests_browser'. Found content (334 words).
2026-01-06 18:40:05,544 - INFO - Saved article: US Congressman Doug LaMalfa dies unexpectedly at 65 from BBC
2026-01-06 18:40:06,099 - INFO - [The Guardian] Article: https://www.theguardian.com/world/2026/jan/06/ontario-canada-crown-royal-whisky-doug-ford
2026-01-06 18:40:06,099 - INFO - [The Guardian] Attempt 1/1: Trying with 'requests_browser' strategy...
2026-01-06 18:40:06,177 - INFO - [The Guardian] Success with 'requests_browser'. Found content (584 words).
2026-01-06 18:40:06,270 - INFO - Saved article: ‘Stock up’: Ontario premier promises to banish Crown Royal whisky from province | Canada | The Guardian from The Guardian
2026-01-06 18:40:06,521 - INFO - [BBC] Article: https://www.bbc.com/news/articles/cwyrexdgzn9o?at_medium=RSS&at_campaign=rss
2026-01-06 18:40:06,521 - INFO - [BBC] Attempt 1/1: Trying with 'requests_browser' strategy...
2026-01-06 18:40:06,667 - INFO - [BBC] Success with 'requests_browser'. Found content (436 words).
2026-01-06 18:40:06,825 - INFO - Duplicate article skipped: Gideon Saar: Israel foreign minister visits Somaliland after recognising its sovereignty from BBC
2026-01-06 18:40:07,492 - INFO - [The Guardian] Article: https://www.theguardian.com/world/2026/jan/06/yvette-cooper-criticise-trump-venezuela-ukraine
2026-01-06 18:40:07,492 - INFO - [The Guardian] Attempt 1/1: Trying with 'requests_browser' strategy...
2026-01-06 18:40:07,602 - INFO - [The Guardian] Success with 'requests_browser'. Found content (986 words).
2026-01-06 18:40:07,769 - INFO - Saved article: Why won’t Yvette Cooper criticise Trump over Venezuela? Look no further than Ukraine | Venezuela | The Guardian from The Guardian
2026-01-06 18:40:09,004 - INFO - [The Guardian] Article: https://www.theguardian.com/world/2026/jan/06/maria-corina-machado-vows-return-venezuela-rejects-rule-maduro-deputy-delcy-rodriguez
2026-01-06 18:40:09,004 - INFO - [The Guardian] Attempt 1/1: Trying with 'requests_browser' strategy...
2026-01-06 18:40:09,182 - INFO - [The Guardian] Success with 'requests_browser'. Found content (627 words).
2026-01-06 18:40:09,388 - INFO - Duplicate article skipped: María Corina Machado vows to return to Venezuela and rejects rule of Maduro’s deputy | Venezuela | The Guardian from The Guardian
2026-01-06 18:40:13,853 - INFO - [Times of India] Page content loaded.
2026-01-06 18:40:14,412 - INFO - [Times of India] Success with 'selenium_browser'. Found content (494 words).
2026-01-06 18:40:15,089 - INFO - Saved article: Who is BDE? YouTuber turns wrestler as Brandon Collymore signs full-time deal with TNA Wrestling - The Times of India from Times of India
2026-01-06 18:40:15,725 - INFO - [Times of India] Article: https://timesofindia.indiatimes.com/world/rest-of-world/ghost-games-456-bags-of-human-remains-found-near-fifa-world-cup-stadium-in-mexico/articleshow/126379016.cms
2026-01-06 18:40:15,725 - INFO - [Times of India] Attempt 1/1: Trying with 'selenium_browser' strategy...
2026-01-06 18:40:22,503 - INFO - [Times of India] Page content loaded.
2026-01-06 18:40:22,741 - INFO - [Times of India] Success with 'selenium_browser'. Found content (663 words).
2026-01-06 18:40:22,855 - INFO - Saved article: ‘Ghost games’: 456 bags of human remains found near FIFA World Cup stadium in Mexico | World News - The Times of India from Times of India
2026-01-06 18:40:24,192 - INFO - [Times of India] Article: https://timesofindia.indiatimes.com/world/us-streamers/inside-danielle-marshs-fallout-with-ador-and-how-mrbeast-came-into-the-picture-following-strong-fan-reactions/articleshow/126377484.cms
2026-01-06 18:40:24,192 - INFO - [Times of India] Attempt 1/1: Trying with 'selenium_browser' strategy...
2026-01-06 18:40:35,240 - WARNING - [Times of India] Page timed out (10s). No <p> tags found. Proceeding anyway.
2026-01-06 18:40:35,491 - INFO - [Times of India] Success with 'selenium_browser'. Found content (334 words).
2026-01-06 18:40:35,630 - INFO - Saved article: Inside Danielle Marsh’s fallout with ADOR and how MrBeast came into the picture following strong fan reactions - The Times of India from Times of India
2026-01-06 18:40:36,902 - INFO - [Times of India] Article: https://timesofindia.indiatimes.com/world/us/europe-sees-red-over-greenland-as-trump-aide-asserts-it-belongs-to-us/articleshow/126378478.cms
2026-01-06 18:40:36,902 - INFO - [Times of India] Attempt 1/1: Trying with 'selenium_browser' strategy...
2026-01-06 18:40:37,494 - INFO - [Times of India] Page content loaded.
2026-01-06 18:40:37,633 - INFO - [Times of India] Success with 'selenium_browser'. Found content (591 words).
2026-01-06 18:40:37,700 - INFO - Saved article: Europe sees red over Greenland as Trump aide asserts it belongs to US - The Times of India from Times of India
2026-01-06 18:40:39,124 - INFO - [Times of India] Article: https://timesofindia.indiatimes.com/world/us/who-is-brandon-phillips-after-kash-patel-another-trump-loyalist-accused-of-giving-girlfriend-federal-financial-favours/articleshow/126376414.cms
2026-01-06 18:40:39,124 - INFO - [Times of India] Attempt 1/1: Trying with 'selenium_browser' strategy...
2026-01-06 18:40:39,779 - INFO - [Times of India] Page content loaded.
2026-01-06 18:40:39,910 - INFO - [Times of India] Success with 'selenium_browser'. Found content (467 words).
2026-01-06 18:40:39,976 - INFO - Saved article: Who is Brandon Phillips? After Kash Patel, another Trump loyalist accused of giving girlfriend federal financial favours - The Times of India from Times of India
2026-01-06 18:40:41,301 - INFO - [Times of India] Article: https://timesofindia.indiatimes.com/world/europe/respectful-dialogue-greenland-pm-seeks-talks-with-us-welcomes-european-leaders-solidarity-pledge/articleshow/126377338.cms
2026-01-06 18:40:41,301 - INFO - [Times of India] Attempt 1/1: Trying with 'selenium_browser' strategy...
2026-01-06 18:40:42,695 - INFO - [Times of India] Page content loaded.
2026-01-06 18:40:42,815 - INFO - [Times of India] Success with 'selenium_browser'. Found content (506 words).
2026-01-06 18:40:42,887 - INFO - Saved article: 'Respectful dialogue': Greenland PM seeks talks with US; welcomes European leaders' solidarity pledge - The Times of India from Times of India
2026-01-06 18:40:43,738 - INFO - [Times of India] Article: https://timesofindia.indiatimes.com/world/us/nobody-couldve-done-that-trump-pats-himself-for-maduro-capture-alleges-torture-centres-in-caracas/articleshow/126377960.cms
2026-01-06 18:40:43,738 - INFO - [Times of India] Attempt 1/1: Trying with 'selenium_browser' strategy...
2026-01-06 18:40:44,451 - INFO - [Times of India] Page content loaded.
2026-01-06 18:40:44,565 - INFO - [Times of India] Success with 'selenium_browser'. Found content (272 words).
2026-01-06 18:40:44,628 - INFO - Saved article: ‘Nobody could’ve done that’: Trump pats himself over Maduro capture; alleges ‘torture centres’ in Caracas - The Times of India from Times of India
2026-01-06 18:40:45,371 - INFO - [Times of India] Article: https://timesofindia.indiatimes.com/world/us/only-geniuses-how-adult-performers-are-getting-o-1-visas-in-us/articleshow/126375945.cms
2026-01-06 18:40:45,371 - INFO - [Times of India] Attempt 1/1: Trying with 'selenium_browser' strategy...
2026-01-06 18:40:46,183 - INFO - [Times of India] Page content loaded.
2026-01-06 18:40:46,324 - INFO - [Times of India] Success with 'selenium_browser'. Found content (460 words).
2026-01-06 18:40:46,433 - INFO - Duplicate article skipped: Only geniuses? How adult performers are getting O-1 visas in US | World News - The Times of India from Times of India
2026-01-06 18:40:47,002 - INFO - [Times of India] Article: https://timesofindia.indiatimes.com/world/rest-of-world/dad-i-tell-you-nicolas-maduros-son-sends-defiant-message-gets-emotional-watch/articleshow/126375483.cms
2026-01-06 18:40:47,002 - INFO - [Times of India] Attempt 1/1: Trying with 'selenium_browser' strategy...
2026-01-06 18:40:48,046 - INFO - [Times of India] Page content loaded.
2026-01-06 18:40:48,181 - INFO - [Times of India] Success with 'selenium_browser'. Found content (310 words).
2026-01-06 18:40:48,237 - INFO - Duplicate article skipped: ‘Dad I tell you …’: Nicolas Maduro's son sends defiant message, gets emotional - watch - The Times of India from Times of India
2026-01-06 18:40:49,153 - INFO - [Times of India] Article: https://timesofindia.indiatimes.com/world/middle-east/saudi-arabia-braces-for-travel-chaos-heavy-rains-predicted-riyadh-to-mecca-weather-forecast-alerts-issued-by-ncm-during-mid-year-school-holiday/articleshow/126374680.cms
2026-01-06 18:40:49,153 - INFO - [Times of India] Attempt 1/1: Trying with 'selenium_browser' strategy...
2026-01-06 18:40:49,899 - INFO - [Times of India] Page content loaded.
2026-01-06 18:40:50,021 - INFO - [Times of India] Success with 'selenium_browser'. Found content (501 words).
2026-01-06 18:40:50,092 - INFO - Duplicate article skipped: Saudi Arabia braces for travel chaos: Heavy rains predicted, Riyadh to Mecca alerts issued - The Times of India from Times of India
2026-01-06 18:40:50,689 - INFO - [Times of India] (Thread) Finished. Attempting to shut down its Selenium driver.
2026-01-06 18:40:50,914 - INFO - [Times of India] (Thread) driver.quit() successful.
2026-01-06 18:41:03,677 - ERROR - [The Hindu] Request failed for strategy 'selenium_browser' on URL https://www.thehindu.com/news/national/telangana/mlc-kavithas-resignation-accepted-by-council-chairman/article70479656.ece: Message: timeout: Timed out receiving message from renderer: 59.806
  (Session info: chrome=143.0.7499.109)
Stacktrace:
#0 0x5591fbdbd19a <unknown>
#1 0x5591fb83ac4b <unknown>
#2 0x5591fb822cf3 <unknown>
#3 0x5591fb8229d6 <unknown>
#4 0x5591fb820897 <unknown>
#5 0x5591fb8211af <unknown>
#6 0x5591fb82f970 <unknown>
#7 0x5591fb849017 <unknown>
#8 0x5591fb84f6cb <unknown>
#9 0x5591fb8218d8 <unknown>
#10 0x5591fb848dc3 <unknown>
#11 0x5591fb8d7f60 <unknown>
#12 0x5591fb87ec42 <unknown>
#13 0x5591fb87f8f1 <unknown>
#14 0x5591fbd85f39 <unknown>
#15 0x5591fbd88e7d <unknown>
#16 0x5591fbd6ec81 <unknown>
#17 0x5591fbd89a5b <unknown>
#18 0x5591fbd55a50 <unknown>
#19 0x5591fbdaaaa8 <unknown>
#20 0x5591fbdaac79 <unknown>
#21 0x5591fbdbc4f3 <unknown>
#22 0x7f8a0429caa4 <unknown>
#23 0x7f8a04329c6c <unknown>

2026-01-06 18:41:03,677 - ERROR - [The Hindu] All scrape strategies failed for https://www.thehindu.com/news/national/telangana/mlc-kavithas-resignation-accepted-by-council-chairman/article70479656.ece. Falling back to RSS description.
2026-01-06 18:41:03,679 - INFO - Saved article: MLC Kavitha’s resignation accepted by Council chairman from The Hindu
2026-01-06 18:41:04,455 - INFO - [The Hindu] Article: https://www.thehindu.com/news/national/kerala/acute-water-scarcity-hits-ward-15-in-chellanam-grama-panchayat/article70478680.ece
2026-01-06 18:41:04,455 - INFO - [The Hindu] Attempt 1/1: Trying with 'selenium_browser' strategy...
2026-01-06 18:42:04,470 - ERROR - [The Hindu] Request failed for strategy 'selenium_browser' on URL https://www.thehindu.com/news/national/kerala/acute-water-scarcity-hits-ward-15-in-chellanam-grama-panchayat/article70478680.ece: Message: timeout: Timed out receiving message from renderer: 59.930
  (Session info: chrome=143.0.7499.109)
Stacktrace:
#0 0x5591fbdbd19a <unknown>
#1 0x5591fb83ac4b <unknown>
#2 0x5591fb822cf3 <unknown>
#3 0x5591fb8229d6 <unknown>
#4 0x5591fb820897 <unknown>
#5 0x5591fb8211af <unknown>
#6 0x5591fb82f970 <unknown>
#7 0x5591fb849017 <unknown>
#8 0x5591fb84f6cb <unknown>
#9 0x5591fb8218d8 <unknown>
#10 0x5591fb848dc3 <unknown>
#11 0x5591fb8d7f60 <unknown>
#12 0x5591fb87ec42 <unknown>
#13 0x5591fb87f8f1 <unknown>
#14 0x5591fbd85f39 <unknown>
#15 0x5591fbd88e7d <unknown>
#16 0x5591fbd6ec81 <unknown>
#17 0x5591fbd89a5b <unknown>
#18 0x5591fbd55a50 <unknown>
#19 0x5591fbdaaaa8 <unknown>
#20 0x5591fbdaac79 <unknown>
#21 0x5591fbdbc4f3 <unknown>
#22 0x7f8a0429caa4 <unknown>
#23 0x7f8a04329c6c <unknown>

2026-01-06 18:42:04,470 - ERROR - [The Hindu] All scrape strategies failed for https://www.thehindu.com/news/national/kerala/acute-water-scarcity-hits-ward-15-in-chellanam-grama-panchayat/article70478680.ece. Falling back to RSS description.
2026-01-06 18:42:04,471 - INFO - Saved article: Acute water scarcity hits Ward 15 in Chellanam grama panchayat from The Hindu
2026-01-06 18:42:05,354 - INFO - [The Hindu] Article: https://www.thehindu.com/news/national/telangana/hilt-policy-to-generate-10776-crore-deputy-cm-bhatti-vikramarka/article70479654.ece
2026-01-06 18:42:05,354 - INFO - [The Hindu] Attempt 1/1: Trying with 'selenium_browser' strategy...
2026-01-06 18:43:05,367 - ERROR - [The Hindu] Request failed for strategy 'selenium_browser' on URL https://www.thehindu.com/news/national/telangana/hilt-policy-to-generate-10776-crore-deputy-cm-bhatti-vikramarka/article70479654.ece: Message: timeout: Timed out receiving message from renderer: 59.932
  (Session info: chrome=143.0.7499.109)
Stacktrace:
#0 0x5591fbdbd19a <unknown>
#1 0x5591fb83ac4b <unknown>
#2 0x5591fb822cf3 <unknown>
#3 0x5591fb8229d6 <unknown>
#4 0x5591fb820897 <unknown>
#5 0x5591fb8211af <unknown>
#6 0x5591fb82f970 <unknown>
#7 0x5591fb849017 <unknown>
#8 0x5591fb84f6cb <unknown>
#9 0x5591fb8218d8 <unknown>
#10 0x5591fb848dc3 <unknown>
#11 0x5591fb8d7f60 <unknown>
#12 0x5591fb87ec42 <unknown>
#13 0x5591fb87f8f1 <unknown>
#14 0x5591fbd85f39 <unknown>
#15 0x5591fbd88e7d <unknown>
#16 0x5591fbd6ec81 <unknown>
#17 0x5591fbd89a5b <unknown>
#18 0x5591fbd55a50 <unknown>
#19 0x5591fbdaaaa8 <unknown>
#20 0x5591fbdaac79 <unknown>
#21 0x5591fbdbc4f3 <unknown>
#22 0x7f8a0429caa4 <unknown>
#23 0x7f8a04329c6c <unknown>

2026-01-06 18:43:05,367 - ERROR - [The Hindu] All scrape strategies failed for https://www.thehindu.com/news/national/telangana/hilt-policy-to-generate-10776-crore-deputy-cm-bhatti-vikramarka/article70479654.ece. Falling back to RSS description.
2026-01-06 18:43:05,369 - INFO - Saved article: HILT policy to generate ₹10,776 crore: Deputy CM Bhatti Vikramarka from The Hindu
2026-01-06 18:43:06,668 - INFO - [The Hindu] Article: https://www.thehindu.com/news/national/ed-uncovers-suspected-misuse-of-foreign-funds-to-influence-indias-energy-policy/article70479015.ece
2026-01-06 18:43:06,668 - INFO - [The Hindu] Attempt 1/1: Trying with 'selenium_browser' strategy...
2026-01-06 18:43:07,329 - INFO - [The Hindu] Page content loaded.
2026-01-06 18:43:07,384 - INFO - [The Hindu] Success with 'selenium_browser'. Found content (516 words).
2026-01-06 18:43:07,462 - INFO - Saved article: ED uncovers ‘suspected misuse’ of foreign funds to influence India’s energy policy - The Hindu from The Hindu
2026-01-06 18:43:08,560 - INFO - [The Hindu] Article: https://www.thehindu.com/news/national/andhra-pradesh/apsrtc-prioritises-intra-state-services-for-sankranti-travel/article70479256.ece
2026-01-06 18:43:08,560 - INFO - [The Hindu] Attempt 1/1: Trying with 'selenium_browser' strategy...
2026-01-06 18:43:09,302 - INFO - [The Hindu] Page content loaded.
2026-01-06 18:43:09,348 - INFO - [The Hindu] Success with 'selenium_browser'. Found content (224 words).
2026-01-06 18:43:09,417 - INFO - Saved article: APSRTC prioritises intra-State services for Sankranti travel - The Hindu from The Hindu
2026-01-06 18:43:10,818 - INFO - [The Hindu] Article: https://www.thehindu.com/news/national/kerala/epfo-kochi-office-holds-session-with-industry-leaders/article70479126.ece
2026-01-06 18:43:10,818 - INFO - [The Hindu] Attempt 1/1: Trying with 'selenium_browser' strategy...
2026-01-06 18:43:11,712 - INFO - [The Hindu] Page content loaded.
2026-01-06 18:43:11,753 - WARNING - [The Hindu] FAILED with 'selenium_browser' (content was too short: 55 words).
2026-01-06 18:43:11,753 - ERROR - [The Hindu] All scrape strategies failed for https://www.thehindu.com/news/national/kerala/epfo-kochi-office-holds-session-with-industry-leaders/article70479126.ece. Falling back to RSS description.
2026-01-06 18:43:11,755 - INFO - Saved article: EPFO Kochi office holds session with industry leaders from The Hindu
2026-01-06 18:43:13,234 - INFO - [The Hindu] Article: https://www.thehindu.com/news/national/haryana/bjp-led-centre-undermining-haryana-says-hooda/article70479326.ece
2026-01-06 18:43:13,234 - INFO - [The Hindu] Attempt 1/1: Trying with 'selenium_browser' strategy...
2026-01-06 18:43:14,153 - INFO - [The Hindu] Page content loaded.
2026-01-06 18:43:14,194 - INFO - [The Hindu] Success with 'selenium_browser'. Found content (326 words).
2026-01-06 18:43:14,253 - INFO - Saved article: BJP-led Centre undermining Haryana, says Hooda - The Hindu from The Hindu
2026-01-06 18:43:15,097 - INFO - [The Hindu] Article: https://www.thehindu.com/news/national/uttarakhand/ready-for-further-probe-in-ankita-bhandari-murder-case-dhami/article70478512.ece
2026-01-06 18:43:15,097 - INFO - [The Hindu] Attempt 1/1: Trying with 'selenium_browser' strategy...
2026-01-06 18:43:15,998 - INFO - [The Hindu] Page content loaded.
2026-01-06 18:43:16,043 - INFO - [The Hindu] Success with 'selenium_browser'. Found content (314 words).
2026-01-06 18:43:16,126 - INFO - Saved article: Ready for further probe in Ankita Bhandari murder case: Uttarakhand CM Dhami - The Hindu from The Hindu
2026-01-06 18:43:17,209 - INFO - [The Hindu] Article: https://www.thehindu.com/news/national/andhra-pradesh/credai-to-organise-three-day-property-show-in-vijayawada-from-january-9/article70479272.ece
2026-01-06 18:43:17,209 - INFO - [The Hindu] Attempt 1/1: Trying with 'selenium_browser' strategy...
2026-01-06 18:43:17,983 - INFO - [The Hindu] Page content loaded.
2026-01-06 18:43:18,033 - INFO - [The Hindu] Success with 'selenium_browser'. Found content (191 words).
2026-01-06 18:43:18,106 - INFO - Saved article: CREDAI to organise three-day property show in Vijayawada from January 9 - The Hindu from The Hindu
2026-01-06 18:43:18,775 - INFO - [The Hindu] Article: https://www.thehindu.com/news/national/andhra-pradesh/leak-at-andhra-pradesh-natural-gas-well-partially-contained-say-officials/article70478872.ece
2026-01-06 18:43:18,775 - INFO - [The Hindu] Attempt 1/1: Trying with 'selenium_browser' strategy...
2026-01-06 18:43:19,650 - INFO - [The Hindu] Page content loaded.
2026-01-06 18:43:19,722 - INFO - [The Hindu] Success with 'selenium_browser'. Found content (394 words).
2026-01-06 18:43:19,790 - INFO - Saved article: Leak at Andhra Pradesh natural gas well partially contained, say officials - The Hindu from The Hindu
2026-01-06 18:43:21,038 - INFO - [The Hindu] (Thread) Finished. Attempting to shut down its Selenium driver.
2026-01-06 18:43:21,162 - INFO - [The Hindu] (Thread) driver.quit() successful.
2026-01-06 18:43:21,162 - INFO - Shutting down thread pool (wait=False)...
2026-01-06 18:43:21,162 - INFO - Scraped: 10 The Hindu, 3 BBC, 3 The Guardian, 7 Times of India articles. (Total saved: 23)
2026-01-06 18:43:21,162 - INFO - --- Scraping job finished ---
2026-01-06 18:43:21,167 - INFO - --- Scraper service stopped and database connection closed. ---
2026-01-06 18:43:21,167 - INFO - --- Main thread finished. Forcing process exit to kill zombie threads. ---
