2026-01-14 10:31:59,360 - INFO - Initializing database connection at: news_articles.db
2026-01-14 10:31:59,361 - INFO - --- Scraper service started (CI Mode: Run Once) ---
2026-01-14 10:31:59,361 - INFO - --- Starting new scraping job (Parallel Mode) ---
2026-01-14 10:31:59,361 - INFO - Creating new robust session with 3 retries on 5xx/connection/read errors.
2026-01-14 10:31:59,361 - INFO - Proxy is DISABLED.
2026-01-14 10:31:59,361 - INFO - Starting scrape for BBC RSS feed: http://feeds.bbci.co.uk/news/world/rss.xml
2026-01-14 10:31:59,362 - INFO - [Times of India] (Thread) requires Selenium. Initializing driver...
2026-01-14 10:31:59,362 - INFO - Initializing headless Selenium Chrome driver (using SeleniumManager)...
2026-01-14 10:31:59,362 - INFO - Starting scrape for The Guardian RSS feed: https://www.theguardian.com/world/rss
2026-01-14 10:31:59,363 - INFO - [The Hindu] (Thread) requires Selenium. Initializing driver...
2026-01-14 10:31:59,363 - INFO - Initializing headless Selenium Chrome driver (using SeleniumManager)...
2026-01-14 10:31:59,363 - INFO - Submitted 4 jobs to thread pool. Waiting up to 300s for completion...
2026-01-14 10:31:59,478 - INFO - Found 45 articles in The Guardian RSS feed. Processing up to 10.
2026-01-14 10:31:59,479 - INFO - [The Guardian] Article: https://www.theguardian.com/us-news/2026/jan/13/trump-administration-ends-tps-somalia
2026-01-14 10:31:59,479 - INFO - [The Guardian] Attempt 1/1: Trying with 'requests_browser' strategy...
2026-01-14 10:31:59,509 - INFO - [The Guardian] Success with 'requests_browser'. Found content (870 words).
2026-01-14 10:31:59,545 - INFO - Duplicate article skipped: Trump administration ends temporary protected status for Somalis in US | Trump administration | The Guardian from The Guardian
2026-01-14 10:31:59,686 - INFO - Found 20 articles in BBC RSS feed. Processing up to 10.
2026-01-14 10:31:59,686 - INFO - [BBC] Article: https://www.bbc.com/news/articles/cpqyn58v0dxo?at_medium=RSS&at_campaign=rss
2026-01-14 10:31:59,686 - INFO - [BBC] Attempt 1/1: Trying with 'requests_browser' strategy...
2026-01-14 10:31:59,986 - INFO - [BBC] Success with 'requests_browser'. Found content (1738 words).
2026-01-14 10:32:00,026 - INFO - Duplicate article skipped: Greenland summit at White House could shape future of the Arctic from BBC
2026-01-14 10:32:00,292 - INFO - [The Guardian] Article: https://www.theguardian.com/business/2026/jan/13/developing-countries-poorer-world-bank-report
2026-01-14 10:32:00,292 - INFO - [The Guardian] Attempt 1/1: Trying with 'requests_browser' strategy...
2026-01-14 10:32:00,317 - INFO - [The Guardian] Success with 'requests_browser'. Found content (654 words).
2026-01-14 10:32:00,355 - INFO - Duplicate article skipped: Quarter of developing countries poorer than in 2019, World Bank finds | World Bank | The Guardian from The Guardian
2026-01-14 10:32:00,776 - INFO - [BBC] Article: https://www.bbc.com/news/articles/c041de5gn02o?at_medium=RSS&at_campaign=rss
2026-01-14 10:32:00,776 - INFO - [BBC] Attempt 1/1: Trying with 'requests_browser' strategy...
2026-01-14 10:32:00,809 - INFO - [BBC] Success with 'requests_browser'. Found content (582 words).
2026-01-14 10:32:00,845 - INFO - Duplicate article skipped: Only Donald Trump can stop Vladimir Putin, Polish president tells BBC from BBC
2026-01-14 10:32:01,451 - INFO - [BBC] Article: https://www.bbc.com/news/articles/cgm4w1g3dggo?at_medium=RSS&at_campaign=rss
2026-01-14 10:32:01,451 - INFO - [BBC] Attempt 1/1: Trying with 'requests_browser' strategy...
2026-01-14 10:32:01,493 - INFO - [BBC] Success with 'requests_browser'. Found content (1284 words).
2026-01-14 10:32:01,530 - INFO - Duplicate article skipped: No power or water and -19C: Kyiv seeks relief from Russian strikes and cold from BBC
2026-01-14 10:32:01,766 - INFO - [The Guardian] Article: https://www.theguardian.com/books/2026/jan/12/chimamanda-ngozi-adichie-accuses-lagos-hospital-negligence-son-death
2026-01-14 10:32:01,766 - INFO - [The Guardian] Attempt 1/1: Trying with 'requests_browser' strategy...
2026-01-14 10:32:01,786 - INFO - [The Guardian] Success with 'requests_browser'. Found content (537 words).
2026-01-14 10:32:01,819 - INFO - Duplicate article skipped: Author Chimamanda Ngozi Adichie accuses Lagos hospital of negligence after son’s death | Chimamanda Ngozi Adichie | The Guardian from The Guardian
2026-01-14 10:32:02,160 - INFO - [BBC] Article: https://www.bbc.com/news/articles/c1dknn00v3eo?at_medium=RSS&at_campaign=rss
2026-01-14 10:32:02,160 - INFO - [BBC] Attempt 1/1: Trying with 'requests_browser' strategy...
2026-01-14 10:32:02,190 - INFO - [BBC] Success with 'requests_browser'. Found content (349 words).
2026-01-14 10:32:02,224 - INFO - Duplicate article skipped: Claudette Colvin, US civil rights pioneer, dies at 86 from BBC
2026-01-14 10:32:03,140 - INFO - [The Guardian] Article: https://www.theguardian.com/global-development/2026/jan/09/the-gambia-female-genital-mutilation-fgm-supreme-court-case-overturn-ban
2026-01-14 10:32:03,141 - INFO - [The Guardian] Attempt 1/1: Trying with 'requests_browser' strategy...
2026-01-14 10:32:03,166 - INFO - [The Guardian] Success with 'requests_browser'. Found content (850 words).
2026-01-14 10:32:03,205 - INFO - Duplicate article skipped: Attempt to overturn the Gambia’s ban on FGM heard by supreme court | Global development | The Guardian from The Guardian
2026-01-14 10:32:03,661 - INFO - [BBC] Article: https://www.bbc.com/news/articles/c0lx49z8ly6o?at_medium=RSS&at_campaign=rss
2026-01-14 10:32:03,661 - INFO - [BBC] Attempt 1/1: Trying with 'requests_browser' strategy...
2026-01-14 10:32:03,692 - INFO - [BBC] Success with 'requests_browser'. Found content (694 words).
2026-01-14 10:32:03,727 - INFO - Duplicate article skipped: K-pop drum duet caps off Japan and South Korea's diplomatic meeting from BBC
2026-01-14 10:32:04,573 - INFO - [The Guardian] Article: https://www.theguardian.com/world/2026/jan/08/questions-targeting-impact-us-airstrikes-in-nigeria
2026-01-14 10:32:04,574 - INFO - [The Guardian] Attempt 1/1: Trying with 'requests_browser' strategy...
2026-01-14 10:32:04,597 - INFO - [The Guardian] Success with 'requests_browser'. Found content (795 words).
2026-01-14 10:32:04,656 - INFO - Duplicate article skipped: Two weeks on, questions linger over targeting and impact of US airstrikes in Nigeria | Nigeria | The Guardian from The Guardian
2026-01-14 10:32:04,850 - INFO - [BBC] Article: https://www.bbc.com/news/articles/cqj2qg70px9o?at_medium=RSS&at_campaign=rss
2026-01-14 10:32:04,850 - INFO - [BBC] Attempt 1/1: Trying with 'requests_browser' strategy...
2026-01-14 10:32:04,881 - INFO - [BBC] Success with 'requests_browser'. Found content (338 words).
2026-01-14 10:32:04,928 - INFO - Saved article: Trump administration says Venezuela has released jailed US citizens from BBC
2026-01-14 10:32:05,554 - INFO - [The Guardian] Article: https://www.theguardian.com/environment/2026/jan/12/us-plan-to-exploit-venezuelas-oil-could-eat-up-13-of-carbon-budget-to-keep-15c-limit
2026-01-14 10:32:05,554 - INFO - [The Guardian] Attempt 1/1: Trying with 'requests_browser' strategy...
2026-01-14 10:32:05,581 - INFO - [The Guardian] Success with 'requests_browser'. Found content (579 words).
2026-01-14 10:32:05,627 - INFO - Duplicate article skipped: US plan to exploit Venezuela’s oil could eat up 13% of carbon budget to keep 1.5C limit | Climate crisis | The Guardian from The Guardian
2026-01-14 10:32:06,120 - INFO - [BBC] Article: https://www.bbc.com/news/articles/c5y5p9rzd4ko?at_medium=RSS&at_campaign=rss
2026-01-14 10:32:06,120 - INFO - [BBC] Attempt 1/1: Trying with 'requests_browser' strategy...
2026-01-14 10:32:06,157 - INFO - [BBC] Success with 'requests_browser'. Found content (779 words).
2026-01-14 10:32:06,193 - INFO - Duplicate article skipped: Global temperatures dip in 2025 but more heat records on way, scientists warn from BBC
2026-01-14 10:32:06,479 - INFO - [The Guardian] Article: https://www.theguardian.com/world/2026/jan/12/trump-latin-america-feud-colombia-gustavo-petro
2026-01-14 10:32:06,479 - INFO - [The Guardian] Attempt 1/1: Trying with 'requests_browser' strategy...
2026-01-14 10:32:06,503 - INFO - [The Guardian] Success with 'requests_browser'. Found content (1373 words).
2026-01-14 10:32:06,536 - INFO - Duplicate article skipped: Trump’s other Latin American feud: why Colombia’s Petro is not Maduro | Colombia | The Guardian from The Guardian
2026-01-14 10:32:07,002 - INFO - [BBC] Article: https://www.bbc.com/news/articles/cql40ze5pkpo?at_medium=RSS&at_campaign=rss
2026-01-14 10:32:07,002 - INFO - [BBC] Attempt 1/1: Trying with 'requests_browser' strategy...
2026-01-14 10:32:07,034 - INFO - [BBC] Success with 'requests_browser'. Found content (209 words).
2026-01-14 10:32:07,067 - INFO - Duplicate article skipped: Actor Kiefer Sutherland arrested over alleged assault of ride-share driver from BBC
2026-01-14 10:32:07,348 - INFO - [The Guardian] Article: https://www.theguardian.com/us-news/2026/jan/12/us-oil-producers-global-supply-glut-venezuela
2026-01-14 10:32:07,348 - INFO - [The Guardian] Attempt 1/1: Trying with 'requests_browser' strategy...
2026-01-14 10:32:07,370 - INFO - [The Guardian] Success with 'requests_browser'. Found content (884 words).
2026-01-14 10:32:07,405 - INFO - Duplicate article skipped: US frackers were already facing a global oil supply glut. Trump’s Venezuelan dream could make it worse | US news | The Guardian from The Guardian
2026-01-14 10:32:07,667 - INFO - [BBC] Article: https://www.bbc.com/news/articles/cg4erx1n04lo?at_medium=RSS&at_campaign=rss
2026-01-14 10:32:07,667 - INFO - [BBC] Attempt 1/1: Trying with 'requests_browser' strategy...
2026-01-14 10:32:07,699 - INFO - [BBC] Success with 'requests_browser'. Found content (496 words).
2026-01-14 10:32:07,733 - INFO - Duplicate article skipped: US approves sale of Nvidia's advanced H200 chips to China from BBC
2026-01-14 10:32:07,915 - INFO - [The Guardian] Article: https://www.theguardian.com/world/2026/jan/12/carney-heads-to-beijing-as-trump-america-first-agenda-forces-canada-into-trade-rethink
2026-01-14 10:32:07,915 - INFO - [The Guardian] Attempt 1/1: Trying with 'requests_browser' strategy...
2026-01-14 10:32:07,939 - INFO - [The Guardian] Success with 'requests_browser'. Found content (1253 words).
2026-01-14 10:32:07,975 - INFO - Duplicate article skipped: Carney heads to Beijing as Trump’s America First agenda forces Canada into trade rethink | Canada | The Guardian from The Guardian
2026-01-14 10:32:08,607 - INFO - [The Guardian] Article: https://www.theguardian.com/us-news/2026/jan/12/donald-trump-threatens-block-exxonmobil-venezuela
2026-01-14 10:32:08,607 - INFO - [The Guardian] Attempt 1/1: Trying with 'requests_browser' strategy...
2026-01-14 10:32:08,628 - INFO - [The Guardian] Success with 'requests_browser'. Found content (472 words).
2026-01-14 10:32:08,662 - INFO - Duplicate article skipped: Trump threatens to block ExxonMobil from Venezuela after CEO calls country ‘uninvestable’ | Trump administration | The Guardian from The Guardian
2026-01-14 10:32:08,673 - INFO - [BBC] Article: https://www.bbc.com/news/articles/c041dp0z95yo?at_medium=RSS&at_campaign=rss
2026-01-14 10:32:08,673 - INFO - [BBC] Attempt 1/1: Trying with 'requests_browser' strategy...
2026-01-14 10:32:08,708 - INFO - [BBC] Success with 'requests_browser'. Found content (779 words).
2026-01-14 10:32:08,744 - INFO - Duplicate article skipped: Jerome Powell: World central bank chiefs declare support for US Fed chair from BBC
2026-01-14 10:32:23,684 - INFO - Selenium driver initialized successfully.
2026-01-14 10:32:23,684 - INFO - Starting scrape for The Hindu RSS feed: https://www.thehindu.com/news/national/feeder/default.rss
2026-01-14 10:32:23,685 - INFO - Selenium driver initialized successfully.
2026-01-14 10:32:23,685 - INFO - Starting scrape for Times of India RSS feed: https://timesofindia.indiatimes.com/rssfeeds/296589292.cms
2026-01-14 10:32:23,869 - INFO - Found 20 articles in Times of India RSS feed. Processing up to 10.
2026-01-14 10:32:23,869 - INFO - [Times of India] Article: https://timesofindia.indiatimes.com/world/middle-east/uae-backs-us-designation-of-muslim-brotherhood-branches-as-terrorist-organisations/articleshow/126522031.cms
2026-01-14 10:32:23,869 - INFO - [Times of India] Attempt 1/1: Trying with 'selenium_browser' strategy...
2026-01-14 10:32:24,837 - INFO - Found 100 articles in The Hindu RSS feed. Processing up to 10.
2026-01-14 10:32:24,837 - INFO - [The Hindu] Article: https://www.thehindu.com/news/national/punjab/centre-denied-political-clearance-for-cm-manns-proposed-visit-to-uk-israel-punjab-aap/article70509103.ece
2026-01-14 10:32:24,837 - INFO - [The Hindu] Attempt 1/1: Trying with 'selenium_browser' strategy...
2026-01-14 10:33:24,867 - ERROR - [The Hindu] Request failed for strategy 'selenium_browser' on URL https://www.thehindu.com/news/national/punjab/centre-denied-political-clearance-for-cm-manns-proposed-visit-to-uk-israel-punjab-aap/article70509103.ece: Message: timeout: Timed out receiving message from renderer: 59.834
  (Session info: chrome=143.0.7499.169)
Stacktrace:
#0 0x55ec4aa9461a <unknown>
#1 0x55ec4a51120b <unknown>
#2 0x55ec4a4f92aa <unknown>
#3 0x55ec4a4f8f8d <unknown>
#4 0x55ec4a4f6e47 <unknown>
#5 0x55ec4a4f775f <unknown>
#6 0x55ec4a505f20 <unknown>
#7 0x55ec4a51f5e7 <unknown>
#8 0x55ec4a525c9b <unknown>
#9 0x55ec4a4f7e88 <unknown>
#10 0x55ec4a51f356 <unknown>
#11 0x55ec4a5ae580 <unknown>
#12 0x55ec4a555232 <unknown>
#13 0x55ec4a555ee1 <unknown>
#14 0x55ec4aa5d3f9 <unknown>
#15 0x55ec4aa6034d <unknown>
#16 0x55ec4aa46122 <unknown>
#17 0x55ec4aa60f2b <unknown>
#18 0x55ec4aa2cc30 <unknown>
#19 0x55ec4aa81d78 <unknown>
#20 0x55ec4aa81f4c <unknown>
#21 0x55ec4aa93973 <unknown>
#22 0x7fa43f29caa4 <unknown>
#23 0x7fa43f329c6c <unknown>

2026-01-14 10:33:24,867 - ERROR - [The Hindu] All scrape strategies failed for https://www.thehindu.com/news/national/punjab/centre-denied-political-clearance-for-cm-manns-proposed-visit-to-uk-israel-punjab-aap/article70509103.ece. Falling back to RSS description.
2026-01-14 10:33:24,869 - INFO - Saved article: Centre denied political clearance for CM Mann's proposed visit to U.K., Israel: Punjab AAP from The Hindu
2026-01-14 10:33:25,433 - INFO - [The Hindu] Article: https://www.thehindu.com/news/national/karnataka/skanjet-aviations-initiative-to-launch-regional-airline-gets-backing-from-mysore-chamber-of-commerce-and-industry/article70508651.ece
2026-01-14 10:33:25,434 - INFO - [The Hindu] Attempt 1/1: Trying with 'selenium_browser' strategy...
2026-01-14 10:33:27,942 - INFO - [The Hindu] Page content loaded.
2026-01-14 10:33:28,006 - INFO - [The Hindu] Success with 'selenium_browser'. Found content (399 words).
2026-01-14 10:33:28,078 - INFO - Saved article: Skanjet Aviation’s proposed airline gets backing from Mysore Chamber of Commerce and Industry - The Hindu from The Hindu
2026-01-14 10:33:28,604 - INFO - [The Hindu] Article: https://www.thehindu.com/news/national/mahant-narendra-giri-death-case-supreme-court-grants-bail-to-accused/article70509001.ece
2026-01-14 10:33:28,604 - INFO - [The Hindu] Attempt 1/1: Trying with 'selenium_browser' strategy...
2026-01-14 10:33:30,167 - INFO - [The Hindu] Page content loaded.
2026-01-14 10:33:30,230 - INFO - [The Hindu] Success with 'selenium_browser'. Found content (511 words).
2026-01-14 10:33:30,357 - INFO - Saved article: Mahant Narendra Giri death case: Supreme Court grants bail to accused - The Hindu from The Hindu
2026-01-14 10:33:31,472 - INFO - [The Hindu] Article: https://www.thehindu.com/news/national/tamil-nadu/madras-high-court-stays-order-against-registration-and-operation-of-caste-based-societies/article70508711.ece
2026-01-14 10:33:31,472 - INFO - [The Hindu] Attempt 1/1: Trying with 'selenium_browser' strategy...
2026-01-14 10:33:32,095 - INFO - [The Hindu] Page content loaded.
2026-01-14 10:33:32,278 - INFO - [The Hindu] Success with 'selenium_browser'. Found content (671 words).
2026-01-14 10:33:32,382 - INFO - Saved article: Madras High Court stays order against registration and operation of caste-based societies - The Hindu from The Hindu
2026-01-14 10:33:33,376 - INFO - [The Hindu] Article: https://www.thehindu.com/news/national/karnataka/four-die-in-accident-near-tirthahalli-in-head-on-collision-while-overtaking-on-curve-in-karnataka/article70508905.ece
2026-01-14 10:33:33,376 - INFO - [The Hindu] Attempt 1/1: Trying with 'selenium_browser' strategy...
2026-01-14 10:33:34,150 - INFO - [The Hindu] Page content loaded.
2026-01-14 10:33:34,245 - INFO - [The Hindu] Success with 'selenium_browser'. Found content (186 words).
2026-01-14 10:33:34,337 - INFO - Saved article: 4 die in accident near Tirthahalli in head-on collision in Karnataka - The Hindu from The Hindu
2026-01-14 10:33:35,518 - INFO - [The Hindu] Article: https://www.thehindu.com/news/national/karnataka/teacher-working-as-blo-ends-life-in-school-in-shikaripur-in-karnataka/article70508974.ece
2026-01-14 10:33:35,519 - INFO - [The Hindu] Attempt 1/1: Trying with 'selenium_browser' strategy...
2026-01-14 10:33:36,222 - INFO - [The Hindu] Page content loaded.
2026-01-14 10:33:36,388 - INFO - [The Hindu] Success with 'selenium_browser'. Found content (228 words).
2026-01-14 10:33:36,457 - INFO - Saved article: Teacher ends life in school in Shikaripur in Karnataka - The Hindu from The Hindu
2026-01-14 10:33:37,391 - INFO - [The Hindu] Article: https://www.thehindu.com/videos/watch-india-prepares-for-5-assembly-elections-in-2026-what-can-we-expect/article70508955.ece
2026-01-14 10:33:37,391 - INFO - [The Hindu] Attempt 1/1: Trying with 'selenium_browser' strategy...
2026-01-14 10:33:38,803 - INFO - [The Hindu] Page content loaded.
2026-01-14 10:33:38,895 - INFO - [The Hindu] Success with 'selenium_browser'. Found content (188 words).
2026-01-14 10:33:38,984 - INFO - Saved article: Watch: India prepares for 5 Assembly elections in 2026. What can we expect? - The Hindu from The Hindu
2026-01-14 10:33:39,999 - INFO - [The Hindu] Article: https://www.thehindu.com/news/cities/kolkata/nurses-with-nipah-infection-shifted-to-kolkata-hospital-condition-remains-critical/article70508883.ece
2026-01-14 10:33:39,999 - INFO - [The Hindu] Attempt 1/1: Trying with 'selenium_browser' strategy...
2026-01-14 10:33:41,994 - INFO - [The Hindu] Page content loaded.
2026-01-14 10:33:42,063 - INFO - [The Hindu] Success with 'selenium_browser'. Found content (260 words).
2026-01-14 10:33:42,130 - INFO - Saved article: Nurses with Nipah infection shifted to Kolkata hospital, condition remains critical - The Hindu from The Hindu
2026-01-14 10:33:43,039 - INFO - [The Hindu] Article: https://www.thehindu.com/news/national/jammu-and-kashmir/security-forces-intensify-search-operation-in-jks-kathua/article70508896.ece
2026-01-14 10:33:43,039 - INFO - [The Hindu] Attempt 1/1: Trying with 'selenium_browser' strategy...
2026-01-14 10:33:44,028 - INFO - [The Hindu] Page content loaded.
2026-01-14 10:33:44,636 - INFO - [The Hindu] Success with 'selenium_browser'. Found content (294 words).
2026-01-14 10:33:44,715 - INFO - Saved article: Security forces intensify search operation in J&K’s Kathua - The Hindu from The Hindu
2026-01-14 10:33:46,139 - INFO - [The Hindu] Article: https://www.thehindu.com/news/cities/kolkata/adhikari-warns-mamata-of-legal-action-over-coal-scam-allegation/article70508891.ece
2026-01-14 10:33:46,139 - INFO - [The Hindu] Attempt 1/1: Trying with 'selenium_browser' strategy...
2026-01-14 10:33:49,389 - INFO - [The Hindu] Page content loaded.
2026-01-14 10:33:49,471 - INFO - [The Hindu] Success with 'selenium_browser'. Found content (338 words).
2026-01-14 10:33:49,541 - INFO - Saved article: Adhikari warns Mamata of legal action over coal scam allegation - The Hindu from The Hindu
2026-01-14 10:33:50,365 - INFO - [The Hindu] (Thread) Finished. Attempting to shut down its Selenium driver.
2026-01-14 10:33:50,508 - INFO - [The Hindu] (Thread) driver.quit() successful.
2026-01-14 10:34:23,884 - ERROR - [Times of India] Request failed for strategy 'selenium_browser' on URL https://timesofindia.indiatimes.com/world/middle-east/uae-backs-us-designation-of-muslim-brotherhood-branches-as-terrorist-organisations/articleshow/126522031.cms: HTTPConnectionPool(host='localhost', port=60661): Read timed out. (read timeout=120)
2026-01-14 10:34:23,885 - ERROR - [Times of India] All scrape strategies failed for https://timesofindia.indiatimes.com/world/middle-east/uae-backs-us-designation-of-muslim-brotherhood-branches-as-terrorist-organisations/articleshow/126522031.cms. Falling back to RSS description.
2026-01-14 10:34:23,887 - INFO - Saved article: UAE backs US designation of Muslim brotherhood branches as terrorist organisations from Times of India
2026-01-14 10:34:25,155 - INFO - [Times of India] Article: https://timesofindia.indiatimes.com/world/rest-of-world/what-is-turquoise-alert-21-year-old-avondale-woman-isabella-comas-reported-missing-in-phoenix-know-why-it-was-issued-and-other-details/articleshow/126523152.cms
2026-01-14 10:34:25,155 - INFO - [Times of India] Attempt 1/1: Trying with 'selenium_browser' strategy...
2026-01-14 10:36:25,252 - ERROR - [Times of India] Request failed for strategy 'selenium_browser' on URL https://timesofindia.indiatimes.com/world/rest-of-world/what-is-turquoise-alert-21-year-old-avondale-woman-isabella-comas-reported-missing-in-phoenix-know-why-it-was-issued-and-other-details/articleshow/126523152.cms: HTTPConnectionPool(host='localhost', port=60661): Read timed out. (read timeout=120)
2026-01-14 10:36:25,253 - ERROR - [Times of India] All scrape strategies failed for https://timesofindia.indiatimes.com/world/rest-of-world/what-is-turquoise-alert-21-year-old-avondale-woman-isabella-comas-reported-missing-in-phoenix-know-why-it-was-issued-and-other-details/articleshow/126523152.cms. Falling back to RSS description.
2026-01-14 10:36:25,255 - INFO - Saved article: What is Turquoise Alert and why is it issued for 21-year-old Isabella Comas from Times of India
2026-01-14 10:36:26,604 - INFO - [Times of India] Article: https://timesofindia.indiatimes.com/world/rest-of-world/canada-bans-travel-to-several-countries-issues-advisories-for-others-what-does-it-say-about-india/photostory/126522947.cms
2026-01-14 10:36:26,604 - INFO - [Times of India] Attempt 1/1: Trying with 'selenium_browser' strategy...
2026-01-14 10:36:59,363 - CRITICAL - --- TIMEOUT: 1 scrape jobs did not complete in 300s. ---
2026-01-14 10:36:59,363 - ERROR - A thread has timed out and will be abandoned.
2026-01-14 10:36:59,363 - INFO - Shutting down thread pool (wait=False)...
2026-01-14 10:36:59,363 - INFO - Scraped: 1 BBC, 10 The Hindu, 0 The Guardian, 1 Timed_Out_Jobs articles. (Total saved: 11)
2026-01-14 10:36:59,364 - INFO - --- Scraping job finished ---
2026-01-14 10:36:59,364 - INFO - --- Scraper service stopped and database connection closed. ---
2026-01-14 10:36:59,364 - INFO - --- Main thread finished. Forcing process exit to kill zombie threads. ---
