2026-02-07 13:02:16,869 - INFO - Initializing database connection at: news_articles.db
2026-02-07 13:02:16,869 - INFO - --- Scraper service started (CI Mode: Run Once) ---
2026-02-07 13:02:16,869 - INFO - --- Starting new scraping job (Parallel Mode) ---
2026-02-07 13:02:16,869 - INFO - Creating new robust session with 3 retries on 5xx/connection/read errors.
2026-02-07 13:02:16,870 - INFO - Proxy is DISABLED.
2026-02-07 13:02:16,870 - INFO - Starting scrape for BBC RSS feed: http://feeds.bbci.co.uk/news/world/rss.xml
2026-02-07 13:02:16,870 - INFO - [Times of India] (Thread) requires Selenium. Initializing driver...
2026-02-07 13:02:16,870 - INFO - Initializing headless Selenium Chrome driver (using SeleniumManager)...
2026-02-07 13:02:16,871 - INFO - Starting scrape for The Guardian RSS feed: https://www.theguardian.com/world/rss
2026-02-07 13:02:16,872 - INFO - [The Hindu] (Thread) requires Selenium. Initializing driver...
2026-02-07 13:02:16,872 - INFO - Initializing headless Selenium Chrome driver (using SeleniumManager)...
2026-02-07 13:02:16,872 - INFO - Submitted 4 jobs to thread pool. Waiting up to 300s for completion...
2026-02-07 13:02:17,076 - INFO - Found 45 articles in The Guardian RSS feed. Processing up to 10.
2026-02-07 13:02:17,076 - INFO - [The Guardian] Article: https://www.theguardian.com/global-development/2026/feb/07/businesses-close-protest-malawi-tax-changes-electronic-invoicing-system
2026-02-07 13:02:17,076 - INFO - [The Guardian] Attempt 1/1: Trying with 'requests_browser' strategy...
2026-02-07 13:02:17,248 - INFO - [The Guardian] Success with 'requests_browser'. Found content (591 words).
2026-02-07 13:02:17,323 - INFO - Found 27 articles in BBC RSS feed. Processing up to 10.
2026-02-07 13:02:17,323 - INFO - [BBC] Article: https://www.bbc.com/news/articles/cd0y0y9z231o?at_medium=RSS&at_campaign=rss
2026-02-07 13:02:17,323 - INFO - [BBC] Attempt 1/1: Trying with 'requests_browser' strategy...
2026-02-07 13:02:17,331 - INFO - Saved article: Thousands of Malawi businesses close in protest over tax changes | Global development | The Guardian from The Guardian
2026-02-07 13:02:17,645 - INFO - [BBC] Success with 'requests_browser'. Found content (815 words).
2026-02-07 13:02:17,708 - INFO - Saved article: US wants Russia and Ukraine to end war by June, says Zelensky from BBC
2026-02-07 13:02:17,880 - INFO - Selenium driver initialized successfully.
2026-02-07 13:02:17,880 - INFO - Starting scrape for Times of India RSS feed: https://timesofindia.indiatimes.com/rssfeeds/296589292.cms
2026-02-07 13:02:17,882 - INFO - Selenium driver initialized successfully.
2026-02-07 13:02:17,882 - INFO - Starting scrape for The Hindu RSS feed: https://www.thehindu.com/news/national/feeder/default.rss
2026-02-07 13:02:17,987 - INFO - Found 20 articles in Times of India RSS feed. Processing up to 10.
2026-02-07 13:02:17,987 - INFO - [Times of India] Article: https://timesofindia.indiatimes.com/world/us/keeping-indian-wife-happy-row-over-republican-congressman-saying-texans-go-to-malls-and-feel-like-theyre-in-pakistan/articleshow/128030754.cms
2026-02-07 13:02:17,988 - INFO - [Times of India] Attempt 1/1: Trying with 'selenium_browser' strategy...
2026-02-07 13:02:18,015 - INFO - Found 100 articles in The Hindu RSS feed. Processing up to 10.
2026-02-07 13:02:18,016 - INFO - [The Hindu] Article: https://www.thehindu.com/news/national/assam/gaurav-gogois-pakistan-links-being-probed-for-sake-of-national-security-himanta/article70603942.ece
2026-02-07 13:02:18,016 - INFO - [The Hindu] Attempt 1/1: Trying with 'selenium_browser' strategy...
2026-02-07 13:02:18,557 - INFO - [The Guardian] Article: https://www.theguardian.com/environment/2026/feb/06/weather-tracker-storm-leonardo-europe-portugal-spain-northern-africa
2026-02-07 13:02:18,557 - INFO - [The Guardian] Attempt 1/1: Trying with 'requests_browser' strategy...
2026-02-07 13:02:18,606 - INFO - [The Guardian] Success with 'requests_browser'. Found content (438 words).
2026-02-07 13:02:18,710 - INFO - Duplicate article skipped: Weather tracker: Storm Leonardo continues to batter Europe and northern Africa | Europe | The Guardian from The Guardian
2026-02-07 13:02:18,931 - INFO - [BBC] Article: https://www.bbc.com/news/articles/ce8r8y78g10o?at_medium=RSS&at_campaign=rss
2026-02-07 13:02:18,931 - INFO - [BBC] Attempt 1/1: Trying with 'requests_browser' strategy...
2026-02-07 13:02:19,001 - INFO - [BBC] Success with 'requests_browser'. Found content (925 words).
2026-02-07 13:02:19,074 - INFO - Duplicate article skipped: Trump says he 'didn't see' part of video with racist clip depicting Obamas as apes from BBC
2026-02-07 13:02:19,292 - INFO - [The Guardian] Article: https://www.theguardian.com/world/2026/feb/05/nigeria-sends-troops-to-villages-attacked-by-jihadist-fighters
2026-02-07 13:02:19,292 - INFO - [The Guardian] Attempt 1/1: Trying with 'requests_browser' strategy...
2026-02-07 13:02:19,339 - INFO - [The Guardian] Success with 'requests_browser'. Found content (663 words).
2026-02-07 13:02:19,405 - INFO - Duplicate article skipped: ‘They killed my sons’: chief of Nigerian village where jihadists massacred hundreds recounts night of terror | Nigeria | The Guardian from The Guardian
2026-02-07 13:02:20,484 - INFO - [BBC] Article: https://www.bbc.com/sport/articles/czejep5z51wo?at_medium=RSS&at_campaign=rss
2026-02-07 13:02:20,484 - INFO - [BBC] Attempt 1/1: Trying with 'requests_browser' strategy...
2026-02-07 13:02:20,605 - INFO - [BBC] Success with 'requests_browser'. Found content (581 words).
2026-02-07 13:02:20,709 - INFO - [The Guardian] Article: https://www.theguardian.com/world/2026/feb/04/gunmen-west-nigeria-attack-red-cross
2026-02-07 13:02:20,710 - INFO - [The Guardian] Attempt 1/1: Trying with 'requests_browser' strategy...
2026-02-07 13:02:20,745 - INFO - Duplicate article skipped: Winter Olympics 2026 opening ceremony: Milan-Cortina Games open as Mariah Carey & Andrea Bocelli perform - BBC Sport from BBC
2026-02-07 13:02:20,970 - INFO - [The Guardian] Success with 'requests_browser'. Found content (881 words).
2026-02-07 13:02:21,112 - INFO - Duplicate article skipped: Gunmen kill more than 160 people in attacks on two west Nigeria villages | Nigeria | The Guardian from The Guardian
2026-02-07 13:02:21,902 - INFO - [BBC] Article: https://www.bbc.com/news/articles/ckgl53zll3jo?at_medium=RSS&at_campaign=rss
2026-02-07 13:02:21,902 - INFO - [BBC] Attempt 1/1: Trying with 'requests_browser' strategy...
2026-02-07 13:02:22,046 - INFO - [BBC] Success with 'requests_browser'. Found content (1847 words).
2026-02-07 13:02:22,412 - INFO - [The Guardian] Article: https://www.theguardian.com/world/2026/feb/04/uganda-opposition-leader-bobi-wine-in-hiding-muhoozi-kainerugaba-feud
2026-02-07 13:02:22,412 - INFO - [The Guardian] Attempt 1/1: Trying with 'requests_browser' strategy...
2026-02-07 13:02:22,429 - INFO - Duplicate article skipped: Will Sunday's snap election gamble pay off for Japan's first female premier? from BBC
2026-02-07 13:02:22,635 - INFO - [The Guardian] Success with 'requests_browser'. Found content (873 words).
2026-02-07 13:02:22,786 - INFO - Duplicate article skipped: Ugandan opposition leader still in hiding as feud with president’s son escalates | Uganda | The Guardian from The Guardian
2026-02-07 13:02:23,247 - INFO - [The Hindu] Page content loaded.
2026-02-07 13:02:23,503 - INFO - [The Hindu] Success with 'selenium_browser'. Found content (437 words).
2026-02-07 13:02:23,703 - INFO - Saved article: Gaurav Gogoi's 'Pakistan links' being probed for sake of national security: Himanta - The Hindu from The Hindu
2026-02-07 13:02:23,736 - INFO - [BBC] Article: https://www.bbc.com/news/articles/c0q4q7w237yo?at_medium=RSS&at_campaign=rss
2026-02-07 13:02:23,736 - INFO - [BBC] Attempt 1/1: Trying with 'requests_browser' strategy...
2026-02-07 13:02:23,819 - INFO - [BBC] Success with 'requests_browser'. Found content (436 words).
2026-02-07 13:02:23,929 - INFO - Duplicate article skipped: Colorado funeral home director sentenced to 40 years for abusing corpses from BBC
2026-02-07 13:02:24,281 - INFO - [The Guardian] Article: https://www.theguardian.com/environment/2026/feb/07/bermuda-snail-thought-to-be-extinct-now-thrives-after-a-decades-effort
2026-02-07 13:02:24,281 - INFO - [The Guardian] Attempt 1/1: Trying with 'requests_browser' strategy...
2026-02-07 13:02:24,408 - INFO - [The Guardian] Success with 'requests_browser'. Found content (436 words).
2026-02-07 13:02:24,495 - INFO - Duplicate article skipped: Bermuda snail thought to be extinct now thrives after a decade’s effort | Wildlife | The Guardian from The Guardian
2026-02-07 13:02:24,801 - INFO - [BBC] Article: https://www.bbc.com/news/articles/c2e1e7nlegko?at_medium=RSS&at_campaign=rss
2026-02-07 13:02:24,801 - INFO - [BBC] Attempt 1/1: Trying with 'requests_browser' strategy...
2026-02-07 13:02:24,854 - INFO - [The Hindu] Article: https://www.thehindu.com/news/national/madhya-pradesh/patriotic-excitement-behind-remarks-against-colonel-qureshi-mp-minister/article70603845.ece
2026-02-07 13:02:24,854 - INFO - [The Hindu] Attempt 1/1: Trying with 'selenium_browser' strategy...
2026-02-07 13:02:25,050 - INFO - [BBC] Success with 'requests_browser'. Found content (722 words).
2026-02-07 13:02:25,162 - INFO - [The Guardian] Article: https://www.theguardian.com/world/2026/feb/07/china-overturns-death-sentence-of-canadian-robert-lloyd-schellenberg-in-sign-of-diplomatic-thaw
2026-02-07 13:02:25,171 - INFO - [The Guardian] Attempt 1/1: Trying with 'requests_browser' strategy...
2026-02-07 13:02:25,327 - INFO - Duplicate article skipped: Police probe new message in search for mother of Savannah Guthrie from BBC
2026-02-07 13:02:25,346 - INFO - [The Guardian] Success with 'requests_browser'. Found content (526 words).
2026-02-07 13:02:25,556 - INFO - Duplicate article skipped: China overturns death sentence of Canadian in sign of diplomatic thaw | China | The Guardian from The Guardian
2026-02-07 13:02:26,466 - INFO - [BBC] Article: https://www.bbc.com/news/articles/cq5y5w2z344o?at_medium=RSS&at_campaign=rss
2026-02-07 13:02:26,467 - INFO - [BBC] Attempt 1/1: Trying with 'requests_browser' strategy...
2026-02-07 13:02:26,622 - INFO - [BBC] Success with 'requests_browser'. Found content (482 words).
2026-02-07 13:02:26,825 - INFO - Saved article: Fugu feud: Zambians and Ghanaians clash on social media over president's outfit from BBC
2026-02-07 13:02:26,990 - INFO - [The Guardian] Article: https://www.theguardian.com/us-news/2026/feb/06/trump-proclamation-us-imports-argentine-beef
2026-02-07 13:02:26,990 - INFO - [The Guardian] Attempt 1/1: Trying with 'requests_browser' strategy...
2026-02-07 13:02:27,074 - INFO - [The Guardian] Success with 'requests_browser'. Found content (303 words).
2026-02-07 13:02:27,178 - INFO - Duplicate article skipped: Trump signs proclamation to increase US imports of beef from Argentina | Donald Trump | The Guardian from The Guardian
2026-02-07 13:02:27,560 - INFO - [The Hindu] Page content loaded.
2026-02-07 13:02:27,762 - INFO - [The Hindu] Success with 'selenium_browser'. Found content (491 words).
2026-02-07 13:02:27,864 - INFO - [The Guardian] Article: https://www.theguardian.com/world/2026/feb/06/canada-and-france-open-greenland-consulates-in-show-of-denmark-support
2026-02-07 13:02:27,869 - INFO - [The Guardian] Attempt 1/1: Trying with 'requests_browser' strategy...
2026-02-07 13:02:27,878 - INFO - Saved article: ‘Patriotic excitement’ behind remarks against Colonel Qureshi: M.P. Minister - The Hindu from The Hindu
2026-02-07 13:02:28,047 - INFO - [BBC] Article: https://www.bbc.com/news/articles/c4glgz2l83vo?at_medium=RSS&at_campaign=rss
2026-02-07 13:02:28,047 - INFO - [BBC] Attempt 1/1: Trying with 'requests_browser' strategy...
2026-02-07 13:02:28,091 - INFO - [The Guardian] Success with 'requests_browser'. Found content (352 words).
2026-02-07 13:02:28,159 - INFO - Duplicate article skipped: Canada and France open Greenland consulates in show of Denmark support | Greenland | The Guardian from The Guardian
2026-02-07 13:02:28,171 - INFO - [BBC] Success with 'requests_browser'. Found content (890 words).
2026-02-07 13:02:28,231 - INFO - Duplicate article skipped: Trump signs executive order threatening tariffs for countries trading with Iran from BBC
2026-02-07 13:02:28,485 - INFO - [The Hindu] Article: https://www.thehindu.com/news/national/kerala/thiruvananthapuram-airport-records-highest-ever-passenger-traffic-in-january/article70603706.ece
2026-02-07 13:02:28,486 - INFO - [The Hindu] Attempt 1/1: Trying with 'selenium_browser' strategy...
2026-02-07 13:02:29,017 - INFO - [BBC] Article: https://www.bbc.com/news/articles/cg7y7gz2835o?at_medium=RSS&at_campaign=rss
2026-02-07 13:02:29,018 - INFO - [BBC] Attempt 1/1: Trying with 'requests_browser' strategy...
2026-02-07 13:02:29,195 - INFO - [BBC] Success with 'requests_browser'. Found content (760 words).
2026-02-07 13:02:29,319 - INFO - Duplicate article skipped: Pakistan mosque explosion: More than 30 dead and 169 injured, officials say from BBC
2026-02-07 13:02:29,448 - INFO - [The Guardian] Article: https://www.theguardian.com/world/2026/feb/05/trump-cuba-us-talks
2026-02-07 13:02:29,448 - INFO - [The Guardian] Attempt 1/1: Trying with 'requests_browser' strategy...
2026-02-07 13:02:29,542 - INFO - [The Guardian] Success with 'requests_browser'. Found content (529 words).
2026-02-07 13:02:29,711 - INFO - Duplicate article skipped: Cuba open to talks with US ‘without pressure’ after months of Trump threats | Cuba | The Guardian from The Guardian
2026-02-07 13:02:30,044 - INFO - [BBC] Article: https://www.bbc.com/news/articles/cy4g3rne4n7o?at_medium=RSS&at_campaign=rss
2026-02-07 13:02:30,045 - INFO - [BBC] Attempt 1/1: Trying with 'requests_browser' strategy...
2026-02-07 13:02:30,176 - INFO - [BBC] Success with 'requests_browser'. Found content (1191 words).
2026-02-07 13:02:30,314 - INFO - Duplicate article skipped: Gazans returning through Rafah crossing describe checks by Palestinian militia from BBC
2026-02-07 13:02:31,641 - INFO - [The Hindu] Page content loaded.
2026-02-07 13:02:31,878 - INFO - [The Hindu] Success with 'selenium_browser'. Found content (238 words).
2026-02-07 13:02:31,974 - INFO - Saved article: Thiruvananthapuram airport records highest-ever passenger traffic in January - The Hindu from The Hindu
2026-02-07 13:02:33,013 - INFO - [The Hindu] Article: https://www.thehindu.com/sci-tech/science/ccmb-scientists-identify-metabolism-as-new-target-for-antifungal-therapies/article70603285.ece
2026-02-07 13:02:33,015 - INFO - [The Hindu] Attempt 1/1: Trying with 'selenium_browser' strategy...
2026-02-07 13:02:34,770 - INFO - [The Hindu] Page content loaded.
2026-02-07 13:02:34,827 - INFO - [The Hindu] Success with 'selenium_browser'. Found content (454 words).
2026-02-07 13:02:35,211 - INFO - Saved article: CCMB scientists identify metabolism as new target for antifungal therapies - The Hindu from The Hindu
2026-02-07 13:02:36,094 - INFO - [The Hindu] Article: https://www.thehindu.com/news/national/telangana/jagga-reddy-assures-300-crore-for-sangareddy-municipality-seeks-votes-in-38-municipal-wards/article70603777.ece
2026-02-07 13:02:36,094 - INFO - [The Hindu] Attempt 1/1: Trying with 'selenium_browser' strategy...
2026-02-07 13:02:40,526 - INFO - [The Hindu] Page content loaded.
2026-02-07 13:02:40,612 - INFO - [The Hindu] Success with 'selenium_browser'. Found content (285 words).
2026-02-07 13:02:40,721 - INFO - Saved article: Jagga Reddy assures ₹300 crore for Sangareddy Municipality, seeks votes in 38 municipal wards - The Hindu from The Hindu
2026-02-07 13:02:41,600 - INFO - [The Hindu] Article: https://www.thehindu.com/news/national/madhya-pradesh/kin-link-elderly-mans-death-to-indore-water-contamination-tragedy-residents-claim-toll-now-33/article70603758.ece
2026-02-07 13:02:41,600 - INFO - [The Hindu] Attempt 1/1: Trying with 'selenium_browser' strategy...
2026-02-07 13:02:42,828 - INFO - [The Hindu] Page content loaded.
2026-02-07 13:02:42,874 - INFO - [The Hindu] Success with 'selenium_browser'. Found content (328 words).
2026-02-07 13:02:42,933 - INFO - Saved article: Kin link elderly man's death to Indore water contamination tragedy; residents claim toll now 33 - The Hindu from The Hindu
2026-02-07 13:02:44,247 - INFO - [The Hindu] Article: https://www.thehindu.com/news/national/kerala/pm-modi-hails-c-sadanandan-mp-for-his-rajya-sabha-speech/article70603698.ece
2026-02-07 13:02:44,247 - INFO - [The Hindu] Attempt 1/1: Trying with 'selenium_browser' strategy...
2026-02-07 13:02:45,458 - INFO - [The Hindu] Page content loaded.
2026-02-07 13:02:45,505 - INFO - [The Hindu] Success with 'selenium_browser'. Found content (228 words).
2026-02-07 13:02:45,572 - INFO - Saved article: PM Modi hails MP C. Sadanandan for his Rajya Sabha speech - The Hindu from The Hindu
2026-02-07 13:02:46,619 - INFO - [The Hindu] Article: https://www.thehindu.com/news/national/delhi-high-court-restrains-misuse-of-actor-vivek-oberois-name-image/article70603715.ece
2026-02-07 13:02:46,619 - INFO - [The Hindu] Attempt 1/1: Trying with 'selenium_browser' strategy...
2026-02-07 13:02:48,881 - INFO - [The Hindu] Page content loaded.
2026-02-07 13:02:48,931 - INFO - [The Hindu] Success with 'selenium_browser'. Found content (609 words).
2026-02-07 13:02:49,016 - INFO - Saved article: Delhi High Court restrains misuse of actor Vivek Oberoi's name, image - The Hindu from The Hindu
2026-02-07 13:02:50,023 - INFO - [The Hindu] Article: https://www.thehindu.com/news/national/meghalaya/meghalaya-coal-mine-death-toll-rescue-operation-updates/article70603734.ece
2026-02-07 13:02:50,023 - INFO - [The Hindu] Attempt 1/1: Trying with 'selenium_browser' strategy...
2026-02-07 13:02:51,507 - INFO - [The Hindu] Page content loaded.
2026-02-07 13:02:51,548 - INFO - [The Hindu] Success with 'selenium_browser'. Found content (158 words).
2026-02-07 13:02:51,621 - INFO - Saved article: Meghalaya coal mine blast: Death toll rises to 27 as two more bodies recovered - The Hindu from The Hindu
2026-02-07 13:02:52,511 - INFO - [The Hindu] Article: https://www.thehindu.com/news/national/andhra-pradesh/make-arrangements-for-mahasivaratri-at-yaganti-minister/article70603680.ece
2026-02-07 13:02:52,512 - INFO - [The Hindu] Attempt 1/1: Trying with 'selenium_browser' strategy...
2026-02-07 13:02:53,567 - INFO - [The Hindu] Page content loaded.
2026-02-07 13:02:53,607 - INFO - [The Hindu] Success with 'selenium_browser'. Found content (186 words).
2026-02-07 13:02:53,661 - INFO - Saved article: Make arrangements for Mahasivaratri at Yaganti: Minister - The Hindu from The Hindu
2026-02-07 13:02:55,041 - INFO - [The Hindu] (Thread) Finished. Attempting to shut down its Selenium driver.
2026-02-07 13:02:55,210 - INFO - [The Hindu] (Thread) driver.quit() successful.
2026-02-07 13:03:18,003 - ERROR - [Times of India] Request failed for strategy 'selenium_browser' on URL https://timesofindia.indiatimes.com/world/us/keeping-indian-wife-happy-row-over-republican-congressman-saying-texans-go-to-malls-and-feel-like-theyre-in-pakistan/articleshow/128030754.cms: Message: timeout: Timed out receiving message from renderer: 59.764
  (Session info: chrome=144.0.7559.109)
Stacktrace:
#0 0x55d533fae4ba <unknown>
#1 0x55d533a17492 <unknown>
#2 0x55d5339feb47 <unknown>
#3 0x55d5339fe756 <unknown>
#4 0x55d5339fc271 <unknown>
#5 0x55d5339fcbff <unknown>
#6 0x55d533a0c150 <unknown>
#7 0x55d533a26147 <unknown>
#8 0x55d533a2d34b <unknown>
#9 0x55d5339fd369 <unknown>
#10 0x55d533a25eda <unknown>
#11 0x55d533ab5a78 <unknown>
#12 0x55d533a5e6a2 <unknown>
#13 0x55d533a5f491 <unknown>
#14 0x55d533f74479 <unknown>
#15 0x55d533f77391 <unknown>
#16 0x55d533f60a89 <unknown>
#17 0x55d533f77f4e <unknown>
#18 0x55d533f47070 <unknown>
#19 0x55d533f9bca8 <unknown>
#20 0x55d533f9be78 <unknown>
#21 0x55d533fad828 <unknown>
#22 0x7fa252a9caa4 <unknown>
#23 0x7fa252b29c6c <unknown>

2026-02-07 13:03:18,003 - ERROR - [Times of India] All scrape strategies failed for https://timesofindia.indiatimes.com/world/us/keeping-indian-wife-happy-row-over-republican-congressman-saying-texans-go-to-malls-and-feel-like-theyre-in-pakistan/articleshow/128030754.cms. Falling back to RSS description.
2026-02-07 13:03:18,008 - INFO - Saved article: ‘Keeping Indian wife happy’: Row over Republican saying Texans go to malls and ‘feel like they’re in Pakistan’ from Times of India
2026-02-07 13:03:18,523 - INFO - [Times of India] Article: https://timesofindia.indiatimes.com/world/us/islam-is-a-religion-built-on-migration-nyc-mayor-mamdani-invokes-prophet-muhammads-hijrah-while-speaking-on-immigration/articleshow/128023088.cms
2026-02-07 13:03:18,523 - INFO - [Times of India] Attempt 1/1: Trying with 'selenium_browser' strategy...
2026-02-07 13:03:19,490 - INFO - [Times of India] Page content loaded.
2026-02-07 13:03:19,653 - INFO - [Times of India] Success with 'selenium_browser'. Found content (308 words).
2026-02-07 13:03:19,833 - INFO - Saved article: “Islam is a religion built on migration”: NYC Mayor Mamdani invokes Prophet Muhammad’s hijrah while speaking on immigration - The Times of India from Times of India
2026-02-07 13:03:20,583 - INFO - [Times of India] Article: https://timesofindia.indiatimes.com/world/middle-east/sheikh-mohammed-to-honour-sixth-arab-hope-makers-winners-with-dh1-million-prize-on-february-15/articleshow/128030025.cms
2026-02-07 13:03:20,583 - INFO - [Times of India] Attempt 1/1: Trying with 'selenium_browser' strategy...
2026-02-07 13:03:21,934 - INFO - [Times of India] Page content loaded.
2026-02-07 13:03:22,139 - INFO - [Times of India] Success with 'selenium_browser'. Found content (511 words).
2026-02-07 13:03:22,204 - INFO - Saved article: Sheikh Mohammed to honour sixth Arab Hope Makers winners with Dh1 million prize on February 15 | World News - The Times of India from Times of India
2026-02-07 13:03:23,095 - INFO - [Times of India] Article: https://timesofindia.indiatimes.com/world/middle-east/uae-launches-public-security-reporting-service-ssd-what-it-is-and-how-it-works-explained/articleshow/128026924.cms
2026-02-07 13:03:23,095 - INFO - [Times of India] Attempt 1/1: Trying with 'selenium_browser' strategy...
2026-02-07 13:03:24,249 - INFO - [Times of India] Page content loaded.
2026-02-07 13:03:24,516 - INFO - [Times of India] Success with 'selenium_browser'. Found content (350 words).
2026-02-07 13:03:24,579 - INFO - Duplicate article skipped: UAE launches public security reporting service SSD: what it is and how it works, explained | World News - The Times of India from Times of India
2026-02-07 13:03:25,699 - INFO - [Times of India] Article: https://timesofindia.indiatimes.com/world/rest-of-world/north-korea-executes-teens-for-watching-squid-game-and-listening-to-k-pop/articleshow/128027845.cms
2026-02-07 13:03:25,699 - INFO - [Times of India] Attempt 1/1: Trying with 'selenium_browser' strategy...
2026-02-07 13:03:26,980 - INFO - [Times of India] Page content loaded.
2026-02-07 13:03:27,164 - INFO - [Times of India] Success with 'selenium_browser'. Found content (377 words).
2026-02-07 13:03:27,227 - INFO - Duplicate article skipped: North Korea executes teens for watching Squid Game and listening to K-Pop - The Times of India from Times of India
2026-02-07 13:03:28,383 - INFO - [Times of India] Article: https://timesofindia.indiatimes.com/world/middle-east/uae-warns-citizens-in-spain-as-storm-leonardo-triggers-floods-and-evacuations/articleshow/128027075.cms
2026-02-07 13:03:28,383 - INFO - [Times of India] Attempt 1/1: Trying with 'selenium_browser' strategy...
2026-02-07 13:03:29,903 - INFO - [Times of India] Page content loaded.
2026-02-07 13:03:30,039 - INFO - [Times of India] Success with 'selenium_browser'. Found content (481 words).
2026-02-07 13:03:30,114 - INFO - Duplicate article skipped: UAE warns citizens in Spain as storm Leonardo triggers floods and evacuations | World News - The Times of India from Times of India
2026-02-07 13:03:31,494 - INFO - [Times of India] Article: https://timesofindia.indiatimes.com/world/middle-east/uae-education-reform-2026-english-mandatory-for-mathematics-and-science-in-private-schools/articleshow/128025418.cms
2026-02-07 13:03:31,494 - INFO - [Times of India] Attempt 1/1: Trying with 'selenium_browser' strategy...
2026-02-07 13:03:32,683 - INFO - [Times of India] Page content loaded.
2026-02-07 13:03:32,808 - INFO - [Times of India] Success with 'selenium_browser'. Found content (587 words).
2026-02-07 13:03:32,885 - INFO - Duplicate article skipped: UAE education reform 2026: English mandatory for mathematics and science in private schools | World News - The Times of India from Times of India
2026-02-07 13:03:33,767 - INFO - [Times of India] Article: https://timesofindia.indiatimes.com/world/middle-east/uae-makes-historic-winter-olympics-debut-at-milan-cortina-2026/articleshow/128022596.cms
2026-02-07 13:03:33,768 - INFO - [Times of India] Attempt 1/1: Trying with 'selenium_browser' strategy...
2026-02-07 13:03:34,539 - INFO - [Times of India] Page content loaded.
2026-02-07 13:03:34,695 - INFO - [Times of India] Success with 'selenium_browser'. Found content (978 words).
2026-02-07 13:03:34,756 - INFO - Duplicate article skipped: UAE makes historic Winter Olympics debut at Milan-Cortina 2026 | World News - The Times of India from Times of India
2026-02-07 13:03:35,635 - INFO - [Times of India] Article: https://timesofindia.indiatimes.com/world/middle-east/uae-weather-forecast-morning-mist-humidity-and-rain-expected-this-week/articleshow/128019175.cms
2026-02-07 13:03:35,635 - INFO - [Times of India] Attempt 1/1: Trying with 'selenium_browser' strategy...
2026-02-07 13:03:36,460 - INFO - [Times of India] Page content loaded.
2026-02-07 13:03:36,588 - INFO - [Times of India] Success with 'selenium_browser'. Found content (297 words).
2026-02-07 13:03:36,655 - INFO - Duplicate article skipped: UAE weather forecast: Morning mist, humidity and rain expected this week | World News - The Times of India from Times of India
2026-02-07 13:03:37,857 - INFO - [Times of India] Article: https://timesofindia.indiatimes.com/world/us/consequences-are-very-steep-trump-gives-update-on-us-iran-talks-follows-it-with-stark-warning/articleshow/128018594.cms
2026-02-07 13:03:37,857 - INFO - [Times of India] Attempt 1/1: Trying with 'selenium_browser' strategy...
2026-02-07 13:03:38,978 - INFO - [Times of India] Page content loaded.
2026-02-07 13:03:39,109 - INFO - [Times of India] Success with 'selenium_browser'. Found content (502 words).
2026-02-07 13:03:39,168 - INFO - Duplicate article skipped: 'Consequences are very steep': Trump gives update on US-Iran talks; follows it with stark warning - The Times of India from Times of India
2026-02-07 13:03:40,528 - INFO - [Times of India] (Thread) Finished. Attempting to shut down its Selenium driver.
2026-02-07 13:03:40,720 - INFO - [Times of India] (Thread) driver.quit() successful.
2026-02-07 13:03:40,721 - INFO - Shutting down thread pool (wait=False)...
2026-02-07 13:03:40,721 - INFO - Scraped: 3 Times of India, 1 The Guardian, 2 BBC, 10 The Hindu articles. (Total saved: 16)
2026-02-07 13:03:40,721 - INFO - --- Scraping job finished ---
2026-02-07 13:03:40,726 - INFO - --- Scraper service stopped and database connection closed. ---
2026-02-07 13:03:40,726 - INFO - --- Main thread finished. Forcing process exit to kill zombie threads. ---
