2025-12-20 01:56:47,667 - INFO - Initializing database connection at: news_articles.db
2025-12-20 01:56:47,667 - INFO - --- Scraper service started (CI Mode: Run Once) ---
2025-12-20 01:56:47,667 - INFO - --- Starting new scraping job (Parallel Mode) ---
2025-12-20 01:56:47,667 - INFO - Creating new robust session with 3 retries on 5xx/connection/read errors.
2025-12-20 01:56:47,667 - INFO - Proxy is DISABLED.
2025-12-20 01:56:47,668 - INFO - Starting scrape for BBC RSS feed: http://feeds.bbci.co.uk/news/world/rss.xml
2025-12-20 01:56:47,668 - INFO - [Times of India] (Thread) requires Selenium. Initializing driver...
2025-12-20 01:56:47,668 - INFO - Initializing headless Selenium Chrome driver (using SeleniumManager)...
2025-12-20 01:56:47,668 - INFO - Starting scrape for The Guardian RSS feed: https://www.theguardian.com/world/rss
2025-12-20 01:56:47,669 - INFO - [The Hindu] (Thread) requires Selenium. Initializing driver...
2025-12-20 01:56:47,669 - INFO - Initializing headless Selenium Chrome driver (using SeleniumManager)...
2025-12-20 01:56:47,669 - INFO - Submitted 4 jobs to thread pool. Waiting up to 300s for completion...
2025-12-20 01:56:47,902 - INFO - Found 45 articles in The Guardian RSS feed. Processing up to 10.
2025-12-20 01:56:47,902 - INFO - [The Guardian] Article: https://www.theguardian.com/society/2025/dec/19/hepatitis-b-vaccine-study-guinea-bissau-rfk
2025-12-20 01:56:47,902 - INFO - [The Guardian] Attempt 1/1: Trying with 'requests_browser' strategy...
2025-12-20 01:56:47,936 - INFO - [The Guardian] Success with 'requests_browser'. Found content (1565 words).
2025-12-20 01:56:47,968 - INFO - Duplicate article skipped: US plan for $1.6m hepatitis B vaccine study in Africa called ‘highly unethical’ | Vaccines and immunisation | The Guardian from The Guardian
2025-12-20 01:56:48,083 - INFO - Found 38 articles in BBC RSS feed. Processing up to 10.
2025-12-20 01:56:48,084 - INFO - [BBC] Article: https://www.bbc.com/news/articles/cp89p082y2xo?at_medium=RSS&at_campaign=rss
2025-12-20 01:56:48,084 - INFO - [BBC] Attempt 1/1: Trying with 'requests_browser' strategy...
2025-12-20 01:56:48,399 - INFO - [BBC] Success with 'requests_browser'. Found content (1125 words).
2025-12-20 01:56:48,430 - INFO - Duplicate article skipped: Putin vows no more wars if West treats Russia with respect from BBC
2025-12-20 01:56:49,336 - INFO - [The Guardian] Article: https://www.theguardian.com/global-development/2025/dec/19/colombian-mercenaries-sudan-rsf-us-sanctions-recruited-uk-registered-firms-investigation
2025-12-20 01:56:49,336 - INFO - [The Guardian] Attempt 1/1: Trying with 'requests_browser' strategy...
2025-12-20 01:56:49,499 - INFO - [The Guardian] Success with 'requests_browser'. Found content (1251 words).
2025-12-20 01:56:49,537 - INFO - Duplicate article skipped: Colombian mercenaries in Sudan ‘recruited by UK-registered firms’ | Conflict and arms | The Guardian from The Guardian
2025-12-20 01:56:49,545 - INFO - [BBC] Article: https://www.bbc.com/news/articles/c5y9ed5d1r4o?at_medium=RSS&at_campaign=rss
2025-12-20 01:56:49,545 - INFO - [BBC] Attempt 1/1: Trying with 'requests_browser' strategy...
2025-12-20 01:56:49,582 - INFO - [BBC] Success with 'requests_browser'. Found content (556 words).
2025-12-20 01:56:49,614 - INFO - Saved article: Steve Rosenberg: Was Putin's response to my question about war in Europe an olive branch? from BBC
2025-12-20 01:56:50,401 - INFO - [The Guardian] Article: https://www.theguardian.com/global-development/2025/dec/18/morocco-genz212-protests-police-mass-arrests-beatings-detentions-rights
2025-12-20 01:56:50,401 - INFO - [The Guardian] Attempt 1/1: Trying with 'requests_browser' strategy...
2025-12-20 01:56:50,416 - INFO - [BBC] Article: https://www.bbc.com/news/articles/c5yq7zzw618o?at_medium=RSS&at_campaign=rss
2025-12-20 01:56:50,416 - INFO - [BBC] Attempt 1/1: Trying with 'requests_browser' strategy...
2025-12-20 01:56:50,449 - INFO - [BBC] Success with 'requests_browser'. Found content (549 words).
2025-12-20 01:56:50,483 - INFO - Saved article: US carries out 'massive' strike against IS in Syria from BBC
2025-12-20 01:56:50,566 - INFO - [The Guardian] Success with 'requests_browser'. Found content (772 words).
2025-12-20 01:56:50,600 - INFO - Duplicate article skipped: Morocco accused of ‘horrific’ abuse of detained gen Z protesters | Morocco | The Guardian from The Guardian
2025-12-20 01:56:51,068 - INFO - [BBC] Article: https://www.bbc.com/news/articles/c3e025vyppeo?at_medium=RSS&at_campaign=rss
2025-12-20 01:56:51,068 - INFO - [BBC] Attempt 1/1: Trying with 'requests_browser' strategy...
2025-12-20 01:56:51,104 - INFO - [BBC] Success with 'requests_browser'. Found content (817 words).
2025-12-20 01:56:51,135 - INFO - Duplicate article skipped: EU leaders to loan €90bn to Ukraine - but fail to agree on using Russian assets from BBC
2025-12-20 01:56:51,986 - INFO - [The Guardian] Article: https://www.theguardian.com/world/2025/dec/16/five-key-moments-in-the-assault-on-the-rights-of-women-and-girls-in-2025
2025-12-20 01:56:51,986 - INFO - [The Guardian] Attempt 1/1: Trying with 'requests_browser' strategy...
2025-12-20 01:56:52,017 - INFO - [The Guardian] Success with 'requests_browser'. Found content (914 words).
2025-12-20 01:56:52,055 - INFO - Duplicate article skipped: Five key moments in the assault on the rights of women and girls in 2025 | Anti-rights movement | The Guardian from The Guardian
2025-12-20 01:56:52,106 - INFO - [BBC] Article: https://www.bbc.com/news/articles/c8dy8r7lq0go?at_medium=RSS&at_campaign=rss
2025-12-20 01:56:52,107 - INFO - [BBC] Attempt 1/1: Trying with 'requests_browser' strategy...
2025-12-20 01:56:52,152 - INFO - [BBC] Success with 'requests_browser'. Found content (1597 words).
2025-12-20 01:56:52,187 - INFO - Duplicate article skipped: Palestinians tell BBC they were sexually abused in Israeli prisons from BBC
2025-12-20 01:56:52,608 - INFO - [The Guardian] Article: https://www.theguardian.com/world/2025/dec/16/south-africa-russia-men-tricked-fighting-ukraine
2025-12-20 01:56:52,608 - INFO - [The Guardian] Attempt 1/1: Trying with 'requests_browser' strategy...
2025-12-20 01:56:52,785 - INFO - [The Guardian] Success with 'requests_browser'. Found content (503 words).
2025-12-20 01:56:52,822 - INFO - Duplicate article skipped: South Africa in talks with Russia over men ‘tricked’ into fighting in Ukraine | South Africa | The Guardian from The Guardian
2025-12-20 01:56:53,405 - INFO - [BBC] Article: https://www.bbc.com/news/articles/cx251p7k23mo?at_medium=RSS&at_campaign=rss
2025-12-20 01:56:53,405 - INFO - [BBC] Attempt 1/1: Trying with 'requests_browser' strategy...
2025-12-20 01:56:53,438 - INFO - [BBC] Success with 'requests_browser'. Found content (415 words).
2025-12-20 01:56:53,468 - INFO - Duplicate article skipped: Taiwan: Knife attacker kills three after smoke bombing Taipei metro from BBC
2025-12-20 01:56:53,487 - INFO - [The Guardian] Article: https://www.theguardian.com/us-news/2025/dec/19/trump-venezuela-war
2025-12-20 01:56:53,487 - INFO - [The Guardian] Attempt 1/1: Trying with 'requests_browser' strategy...
2025-12-20 01:56:53,514 - INFO - [The Guardian] Success with 'requests_browser'. Found content (817 words).
2025-12-20 01:56:53,545 - INFO - Duplicate article skipped: Trump and top aides refuse to rule out war with Venezuela | US foreign policy | The Guardian from The Guardian
2025-12-20 01:56:54,091 - INFO - [BBC] Article: https://www.bbc.com/news/articles/cp84p722m3do?at_medium=RSS&at_campaign=rss
2025-12-20 01:56:54,092 - INFO - [BBC] Attempt 1/1: Trying with 'requests_browser' strategy...
2025-12-20 01:56:54,129 - INFO - [BBC] Success with 'requests_browser'. Found content (516 words).
2025-12-20 01:56:54,159 - INFO - Duplicate article skipped: Erika Kirk endorses JD Vance for president at conservative event from BBC
2025-12-20 01:56:54,771 - INFO - [The Guardian] Article: https://www.theguardian.com/world/2025/dec/19/montreal-grocery-store-santas-elves-robbery
2025-12-20 01:56:54,771 - INFO - [The Guardian] Attempt 1/1: Trying with 'requests_browser' strategy...
2025-12-20 01:56:54,937 - INFO - [The Guardian] Success with 'requests_browser'. Found content (403 words).
2025-12-20 01:56:54,969 - INFO - Duplicate article skipped: Santas and elves rob Montreal grocery store to ‘give food to the needy’ | Canada | The Guardian from The Guardian
2025-12-20 01:56:55,008 - INFO - [BBC] Article: https://www.bbc.com/news/articles/c5y9x4pj54eo?at_medium=RSS&at_campaign=rss
2025-12-20 01:56:55,009 - INFO - [BBC] Attempt 1/1: Trying with 'requests_browser' strategy...
2025-12-20 01:56:55,043 - INFO - [BBC] Success with 'requests_browser'. Found content (346 words).
2025-12-20 01:56:55,074 - INFO - Duplicate article skipped: French court rejects Shein website ban over childlike sex dolls from BBC
2025-12-20 01:56:55,712 - INFO - [BBC] Article: https://www.bbc.com/news/articles/cp89p41gr06o?at_medium=RSS&at_campaign=rss
2025-12-20 01:56:55,712 - INFO - [BBC] Attempt 1/1: Trying with 'requests_browser' strategy...
2025-12-20 01:56:55,721 - INFO - Selenium driver initialized successfully.
2025-12-20 01:56:55,721 - INFO - Starting scrape for The Hindu RSS feed: https://www.thehindu.com/news/national/feeder/default.rss
2025-12-20 01:56:55,722 - INFO - Selenium driver initialized successfully.
2025-12-20 01:56:55,723 - INFO - Starting scrape for Times of India RSS feed: https://timesofindia.indiatimes.com/rssfeeds/296589292.cms
2025-12-20 01:56:55,746 - INFO - [BBC] Success with 'requests_browser'. Found content (291 words).
2025-12-20 01:56:55,777 - INFO - Duplicate article skipped: Rome: Tourists to face €2 fee to get near Trevi Fountain from BBC
2025-12-20 01:56:55,865 - INFO - Found 100 articles in The Hindu RSS feed. Processing up to 10.
2025-12-20 01:56:55,866 - INFO - [The Hindu] Article: https://www.thehindu.com/news/national/odisha/rural-indebtedness-rising-due-to-unregulated-microfinance-institutions-brinda-karat/article70416201.ece
2025-12-20 01:56:55,866 - INFO - [The Hindu] Attempt 1/1: Trying with 'selenium_browser' strategy...
2025-12-20 01:56:56,006 - INFO - Found 20 articles in Times of India RSS feed. Processing up to 10.
2025-12-20 01:56:56,006 - INFO - [Times of India] Article: https://timesofindia.indiatimes.com/world/us-streamers/lospollostv-reacts-to-ironmouse-and-rakai-streamer-awards-controversy/articleshow/126084369.cms
2025-12-20 01:56:56,006 - INFO - [Times of India] Attempt 1/1: Trying with 'selenium_browser' strategy...
2025-12-20 01:56:56,008 - INFO - [The Guardian] Article: https://www.theguardian.com/world/2025/dec/19/colombia-eln-guerrilla-group-attack-military-base
2025-12-20 01:56:56,008 - INFO - [The Guardian] Attempt 1/1: Trying with 'requests_browser' strategy...
2025-12-20 01:56:56,163 - INFO - [The Guardian] Success with 'requests_browser'. Found content (351 words).
2025-12-20 01:56:56,194 - INFO - Duplicate article skipped: Seven Colombian soldiers killed in rebel drone attack on base near Venezuela | Colombia | The Guardian from The Guardian
2025-12-20 01:56:56,913 - INFO - [The Guardian] Article: https://www.theguardian.com/world/2025/dec/19/i-cant-think-of-a-place-more-pristine-133000-hectares-of-chilean-patagonia-preserved-after-local-fundraising
2025-12-20 01:56:56,913 - INFO - [The Guardian] Attempt 1/1: Trying with 'requests_browser' strategy...
2025-12-20 01:56:56,959 - INFO - [The Guardian] Success with 'requests_browser'. Found content (1210 words).
2025-12-20 01:56:57,018 - INFO - Duplicate article skipped: ‘I can’t think of a place more pristine’: 133,000 hectares of Chilean Patagonia preserved after local fundraising | Chile | The Guardian from The Guardian
2025-12-20 01:56:57,254 - INFO - [BBC] Article: https://www.bbc.com/news/articles/cpq4p535347o?at_medium=RSS&at_campaign=rss
2025-12-20 01:56:57,254 - INFO - [BBC] Attempt 1/1: Trying with 'requests_browser' strategy...
2025-12-20 01:56:57,308 - INFO - [BBC] Success with 'requests_browser'. Found content (548 words).
2025-12-20 01:56:57,350 - INFO - Duplicate article skipped: Norway's crown princess likely needs lung transplant, palace says from BBC
2025-12-20 01:56:58,033 - INFO - [The Hindu] Page content loaded.
2025-12-20 01:56:58,187 - INFO - [The Hindu] Success with 'selenium_browser'. Found content (571 words).
2025-12-20 01:56:58,303 - INFO - Saved article: Rural indebtedness rising due to unregulated microfinance institutions: Brinda Karat - The Hindu from The Hindu
2025-12-20 01:56:58,499 - INFO - [The Guardian] Article: https://www.theguardian.com/world/2025/dec/18/brazilian-congress-passes-bill-cut-jair-bolsonaro-prison-term
2025-12-20 01:56:58,499 - INFO - [The Guardian] Attempt 1/1: Trying with 'requests_browser' strategy...
2025-12-20 01:56:58,841 - INFO - [The Hindu] Article: https://www.thehindu.com/news/national/tamil-nadu/srmist-signs-mou-with-niftem/article70416982.ece
2025-12-20 01:56:58,842 - INFO - [The Hindu] Attempt 1/1: Trying with 'selenium_browser' strategy...
2025-12-20 01:56:59,090 - INFO - [The Guardian] Success with 'requests_browser'. Found content (472 words).
2025-12-20 01:56:59,207 - INFO - Duplicate article skipped: Brazilian president vows to veto bill cutting Jair Bolsonaro’s prison term | Jair Bolsonaro | The Guardian from The Guardian
2025-12-20 01:57:01,073 - INFO - [The Hindu] Page content loaded.
2025-12-20 01:57:01,388 - INFO - [The Hindu] Success with 'selenium_browser'. Found content (87 words).
2025-12-20 01:57:01,623 - INFO - Saved article: SRMIST signs MoU with NIFTEM - The Hindu from The Hindu
2025-12-20 01:57:02,365 - INFO - [The Hindu] Article: https://www.thehindu.com/news/cities/kolkata/congress-cpim-leaders-in-bengal-say-risinginfiltrators-narrativeof-bjp-proved-wrongaftersirdraft-list/article70415703.ece
2025-12-20 01:57:02,365 - INFO - [The Hindu] Attempt 1/1: Trying with 'selenium_browser' strategy...
2025-12-20 01:57:04,480 - INFO - [The Hindu] Page content loaded.
2025-12-20 01:57:04,731 - INFO - [The Hindu] Success with 'selenium_browser'. Found content (437 words).
2025-12-20 01:57:04,906 - INFO - Saved article: Congress, CPI(M) leaders in Bengal say ‘rising infiltrators’ narrative of BJP proved wrong after SIR draft list - The Hindu from The Hindu
2025-12-20 01:57:05,523 - INFO - [The Hindu] Article: https://www.thehindu.com/education/rajasthan-high-court-refuses-to-order-immediate-student-union-elections/article70416083.ece
2025-12-20 01:57:05,523 - INFO - [The Hindu] Attempt 1/1: Trying with 'selenium_browser' strategy...
2025-12-20 01:57:07,537 - INFO - [The Hindu] Page content loaded.
2025-12-20 01:57:07,941 - INFO - [The Hindu] Success with 'selenium_browser'. Found content (337 words).
2025-12-20 01:57:08,129 - INFO - Duplicate article skipped: Rajasthan High Court refuses to order immediate student union elections - The Hindu from The Hindu
2025-12-20 01:57:08,789 - INFO - [The Hindu] Article: https://www.thehindu.com/news/national/govt-to-launch-nationwide-awareness-campaign-on-vb-g-ram-g-scheme/article70416592.ece
2025-12-20 01:57:08,790 - INFO - [The Hindu] Attempt 1/1: Trying with 'selenium_browser' strategy...
2025-12-20 01:57:10,664 - INFO - [The Hindu] Page content loaded.
2025-12-20 01:57:10,928 - INFO - [The Hindu] Success with 'selenium_browser'. Found content (385 words).
2025-12-20 01:57:11,040 - INFO - Duplicate article skipped: Govt. to launch nationwide awareness campaign on VB-G RAM G scheme - The Hindu from The Hindu
2025-12-20 01:57:11,646 - INFO - [The Hindu] Article: https://www.thehindu.com/news/cities/mumbai/leopard-spotted-in-thane-injuring-several-people/article70416834.ece
2025-12-20 01:57:11,647 - INFO - [The Hindu] Attempt 1/1: Trying with 'selenium_browser' strategy...
2025-12-20 01:57:12,713 - INFO - [The Hindu] Page content loaded.
2025-12-20 01:57:12,754 - INFO - [The Hindu] Success with 'selenium_browser'. Found content (393 words).
2025-12-20 01:57:12,796 - INFO - Duplicate article skipped: Leopard spotted in Thane, injuring several people - The Hindu from The Hindu
2025-12-20 01:57:13,343 - INFO - [The Hindu] Article: https://www.thehindu.com/news/national/tamil-nadu/official-to-be-suspended-over-delay-in-opening-gym-in-ward-62/article70417467.ece
2025-12-20 01:57:13,344 - INFO - [The Hindu] Attempt 1/1: Trying with 'selenium_browser' strategy...
2025-12-20 01:57:14,716 - INFO - [The Hindu] Page content loaded.
2025-12-20 01:57:14,795 - INFO - [The Hindu] Success with 'selenium_browser'. Found content (120 words).
2025-12-20 01:57:14,881 - INFO - Duplicate article skipped: Official to be suspended over delay in opening gym in Ward 62 - The Hindu from The Hindu
2025-12-20 01:57:15,779 - INFO - [The Hindu] Article: https://www.thehindu.com/sci-tech/science/isro-to-launch-us-satellite-on-december-24/article70416470.ece
2025-12-20 01:57:15,779 - INFO - [The Hindu] Attempt 1/1: Trying with 'selenium_browser' strategy...
2025-12-20 01:58:58,962 - ERROR - [Times of India] Request failed for strategy 'selenium_browser' on URL https://timesofindia.indiatimes.com/world/us-streamers/lospollostv-reacts-to-ironmouse-and-rakai-streamer-awards-controversy/articleshow/126084369.cms: HTTPConnectionPool(host='localhost', port=41179): Read timed out. (read timeout=120)
2025-12-20 01:58:58,962 - ERROR - [Times of India] All scrape strategies failed for https://timesofindia.indiatimes.com/world/us-streamers/lospollostv-reacts-to-ironmouse-and-rakai-streamer-awards-controversy/articleshow/126084369.cms. Falling back to RSS description.
2025-12-20 01:58:58,964 - INFO - Saved article: LosPollosTV reacts to Ironmouse and RaKai streamer awards controversy from Times of India
2025-12-20 01:58:59,802 - INFO - [Times of India] Article: https://timesofindia.indiatimes.com/world/us-streamers/most-pointless-presidential-address-matt-walsh-slams-president-donald-trumps-white-house-speech-as-empty-talk/articleshow/126085916.cms
2025-12-20 01:58:59,802 - INFO - [Times of India] Attempt 1/1: Trying with 'selenium_browser' strategy...
2025-12-20 01:59:15,878 - ERROR - [The Hindu] Request failed for strategy 'selenium_browser' on URL https://www.thehindu.com/sci-tech/science/isro-to-launch-us-satellite-on-december-24/article70416470.ece: HTTPConnectionPool(host='localhost', port=53445): Read timed out. (read timeout=120)
2025-12-20 01:59:15,878 - ERROR - [The Hindu] All scrape strategies failed for https://www.thehindu.com/sci-tech/science/isro-to-launch-us-satellite-on-december-24/article70416470.ece. Falling back to RSS description.
2025-12-20 01:59:15,879 - INFO - Duplicate article skipped: ISRO to launch U.S. satellite on December 24 from The Hindu
2025-12-20 01:59:17,051 - INFO - [The Hindu] Article: https://www.thehindu.com/news/national/kerala/cial-hands-over-7982-crore-dividend-to-kerala-govt/article70415548.ece
2025-12-20 01:59:17,051 - INFO - [The Hindu] Attempt 1/1: Trying with 'selenium_browser' strategy...
2025-12-20 02:00:59,825 - ERROR - [Times of India] Request failed for strategy 'selenium_browser' on URL https://timesofindia.indiatimes.com/world/us-streamers/most-pointless-presidential-address-matt-walsh-slams-president-donald-trumps-white-house-speech-as-empty-talk/articleshow/126085916.cms: HTTPConnectionPool(host='localhost', port=41179): Read timed out. (read timeout=120)
2025-12-20 02:00:59,825 - ERROR - [Times of India] All scrape strategies failed for https://timesofindia.indiatimes.com/world/us-streamers/most-pointless-presidential-address-matt-walsh-slams-president-donald-trumps-white-house-speech-as-empty-talk/articleshow/126085916.cms. Falling back to RSS description.
2025-12-20 02:00:59,828 - INFO - Saved article: “Most pointless presidential address”: Matt Walsh slams President Donald Trump’s White House speech as empty talk from Times of India
2025-12-20 02:01:00,782 - INFO - [Times of India] Article: https://timesofindia.indiatimes.com/world/us-streamers/that-globalist-stooge-podcaster-russell-brand-shocks-tpusa-crowd-with-blunt-comment-about-katy-perry-and-justin-trudeau/articleshow/126086761.cms
2025-12-20 02:01:00,782 - INFO - [Times of India] Attempt 1/1: Trying with 'selenium_browser' strategy...
2025-12-20 02:01:17,125 - ERROR - [The Hindu] Request failed for strategy 'selenium_browser' on URL https://www.thehindu.com/news/national/kerala/cial-hands-over-7982-crore-dividend-to-kerala-govt/article70415548.ece: HTTPConnectionPool(host='localhost', port=53445): Read timed out. (read timeout=120)
2025-12-20 02:01:17,125 - ERROR - [The Hindu] All scrape strategies failed for https://www.thehindu.com/news/national/kerala/cial-hands-over-7982-crore-dividend-to-kerala-govt/article70415548.ece. Falling back to RSS description.
2025-12-20 02:01:17,125 - INFO - Duplicate article skipped: CIAL hands over ₹79.82 crore dividend to Kerala govt. from The Hindu
2025-12-20 02:01:18,021 - INFO - [The Hindu] Article: https://www.thehindu.com/news/cities/kolkata/around-4000-micro-observers-to-scrutinise-sir-hearing-process-in-west-bengal/article70416405.ece
2025-12-20 02:01:18,021 - INFO - [The Hindu] Attempt 1/1: Trying with 'selenium_browser' strategy...
2025-12-20 02:01:47,669 - CRITICAL - --- TIMEOUT: 2 scrape jobs did not complete in 300s. ---
2025-12-20 02:01:47,669 - ERROR - A thread has timed out and will be abandoned.
2025-12-20 02:01:47,669 - ERROR - A thread has timed out and will be abandoned.
2025-12-20 02:01:47,669 - INFO - Shutting down thread pool (wait=False)...
2025-12-20 02:01:47,669 - INFO - Scraped: 2 BBC, 0 The Guardian, 2 Timed_Out_Jobs articles. (Total saved: 2)
2025-12-20 02:01:47,669 - INFO - --- Scraping job finished ---
2025-12-20 02:01:47,670 - INFO - --- Scraper service stopped and database connection closed. ---
2025-12-20 02:01:47,670 - INFO - --- Main thread finished. Forcing process exit to kill zombie threads. ---
