2026-01-19 04:56:15,651 - INFO - Initializing database connection at: news_articles.db
2026-01-19 04:56:15,652 - INFO - --- Scraper service started (CI Mode: Run Once) ---
2026-01-19 04:56:15,652 - INFO - --- Starting new scraping job (Parallel Mode) ---
2026-01-19 04:56:15,652 - INFO - Creating new robust session with 3 retries on 5xx/connection/read errors.
2026-01-19 04:56:15,652 - INFO - Proxy is DISABLED.
2026-01-19 04:56:15,652 - INFO - Starting scrape for BBC RSS feed: http://feeds.bbci.co.uk/news/world/rss.xml
2026-01-19 04:56:15,653 - INFO - [Times of India] (Thread) requires Selenium. Initializing driver...
2026-01-19 04:56:15,653 - INFO - Initializing headless Selenium Chrome driver (using SeleniumManager)...
2026-01-19 04:56:15,653 - INFO - Starting scrape for The Guardian RSS feed: https://www.theguardian.com/world/rss
2026-01-19 04:56:15,654 - INFO - [The Hindu] (Thread) requires Selenium. Initializing driver...
2026-01-19 04:56:15,654 - INFO - Initializing headless Selenium Chrome driver (using SeleniumManager)...
2026-01-19 04:56:15,654 - INFO - Submitted 4 jobs to thread pool. Waiting up to 300s for completion...
2026-01-19 04:56:16,066 - INFO - Found 45 articles in The Guardian RSS feed. Processing up to 10.
2026-01-19 04:56:16,066 - INFO - [The Guardian] Article: https://www.theguardian.com/global-development/2026/jan/19/brazen-political-influence-rich-laid-bare-wealth-billionaires-inequality-poverty-instability-oxfam
2026-01-19 04:56:16,066 - INFO - [The Guardian] Attempt 1/1: Trying with 'requests_browser' strategy...
2026-01-19 04:56:16,081 - INFO - Found 32 articles in BBC RSS feed. Processing up to 10.
2026-01-19 04:56:16,081 - INFO - [BBC] Article: https://www.bbc.com/news/articles/cedw6ylpynyo?at_medium=RSS&at_campaign=rss
2026-01-19 04:56:16,081 - INFO - [BBC] Attempt 1/1: Trying with 'requests_browser' strategy...
2026-01-19 04:56:16,121 - INFO - [The Guardian] Success with 'requests_browser'. Found content (639 words).
2026-01-19 04:56:16,160 - INFO - Duplicate article skipped: ‘Brazen’ political influence of rich laid bare as wealth of billionaires reaches $18.3tn, says Oxfam | Global development | The Guardian from The Guardian
2026-01-19 04:56:16,241 - INFO - [BBC] Success with 'requests_browser'. Found content (661 words).
2026-01-19 04:56:16,273 - INFO - Duplicate article skipped: At least 21 killed in Spain after crash involving high-speed trains from BBC
2026-01-19 04:56:16,965 - INFO - [BBC] Article: https://www.bbc.com/news/articles/ceqz0llpnyqo?at_medium=RSS&at_campaign=rss
2026-01-19 04:56:16,965 - INFO - [BBC] Attempt 1/1: Trying with 'requests_browser' strategy...
2026-01-19 04:56:17,005 - INFO - [BBC] Success with 'requests_browser'. Found content (948 words).
2026-01-19 04:56:17,042 - INFO - Duplicate article skipped: 'Europe won't be blackmailed,' Danish PM says in wake of Trump Greenland threats from BBC
2026-01-19 04:56:17,187 - INFO - [The Guardian] Article: https://www.theguardian.com/world/2026/jan/18/ugandas-president-calls-opponents-terrorists-in-victory-speech
2026-01-19 04:56:17,187 - INFO - [The Guardian] Attempt 1/1: Trying with 'requests_browser' strategy...
2026-01-19 04:56:17,299 - INFO - [The Guardian] Success with 'requests_browser'. Found content (533 words).
2026-01-19 04:56:17,341 - INFO - Duplicate article skipped: Uganda’s president calls opponents 'terrorists' in victory speech | Uganda | The Guardian from The Guardian
2026-01-19 04:56:18,016 - INFO - [The Guardian] Article: https://www.theguardian.com/world/2026/jan/17/yoweri-museveni-wins-ugandan-election-as-opponent-condemns-fake-result
2026-01-19 04:56:18,016 - INFO - [The Guardian] Attempt 1/1: Trying with 'requests_browser' strategy...
2026-01-19 04:56:18,058 - INFO - [The Guardian] Success with 'requests_browser'. Found content (462 words).
2026-01-19 04:56:18,103 - INFO - Duplicate article skipped: Yoweri Museveni wins Ugandan election as opponent condemns ‘fake result’ | Uganda | The Guardian from The Guardian
2026-01-19 04:56:18,144 - INFO - [BBC] Article: https://www.bbc.com/news/articles/c4gwk37ewvwo?at_medium=RSS&at_campaign=rss
2026-01-19 04:56:18,145 - INFO - [BBC] Attempt 1/1: Trying with 'requests_browser' strategy...
2026-01-19 04:56:18,172 - INFO - [BBC] Success with 'requests_browser'. Found content (479 words).
2026-01-19 04:56:18,210 - INFO - Duplicate article skipped: Syria, SDF agree ceasefire and integration deal from BBC
2026-01-19 04:56:18,686 - INFO - [The Guardian] Article: https://www.theguardian.com/uk-news/2026/jan/17/afcon-little-morocco-london-confidence-high
2026-01-19 04:56:18,686 - INFO - [The Guardian] Attempt 1/1: Trying with 'requests_browser' strategy...
2026-01-19 04:56:18,708 - INFO - [The Guardian] Success with 'requests_browser'. Found content (686 words).
2026-01-19 04:56:18,744 - INFO - Duplicate article skipped: Confidence runs high in London’s Little Morocco as Afcon glory beckons | London | The Guardian from The Guardian
2026-01-19 04:56:18,835 - INFO - [BBC] Article: https://www.bbc.com/news/articles/cd0y453yd90o?at_medium=RSS&at_campaign=rss
2026-01-19 04:56:18,835 - INFO - [BBC] Attempt 1/1: Trying with 'requests_browser' strategy...
2026-01-19 04:56:18,864 - INFO - [BBC] Success with 'requests_browser'. Found content (654 words).
2026-01-19 04:56:18,902 - INFO - Duplicate article skipped: Israel pushes back on Trump's picks for executives on Gaza 'Board of Peace' from BBC
2026-01-19 04:56:19,800 - INFO - [The Guardian] Article: https://www.theguardian.com/environment/2026/jan/17/twin-baby-mountain-gorilla-virunga-drc-survival-conservation-aoe
2026-01-19 04:56:19,800 - INFO - [The Guardian] Attempt 1/1: Trying with 'requests_browser' strategy...
2026-01-19 04:56:19,826 - INFO - [The Guardian] Success with 'requests_browser'. Found content (601 words).
2026-01-19 04:56:19,863 - INFO - Duplicate article skipped: Rare twins born in DRC raise cautious hope for endangered mountain gorillas | Endangered species | The Guardian from The Guardian
2026-01-19 04:56:20,109 - INFO - [BBC] Article: https://www.bbc.com/news/articles/c5y2pg28lgjo?at_medium=RSS&at_campaign=rss
2026-01-19 04:56:20,109 - INFO - [BBC] Attempt 1/1: Trying with 'requests_browser' strategy...
2026-01-19 04:56:20,137 - INFO - [BBC] Success with 'requests_browser'. Found content (188 words).
2026-01-19 04:56:20,198 - INFO - Duplicate article skipped: China: Factory explosion in Inner Mongolia province kills two, injures 84 from BBC
2026-01-19 04:56:21,107 - INFO - [The Guardian] Article: https://www.theguardian.com/world/2026/jan/18/chile-president-declares-state-of-catastrophe-as-wildfires-kill
2026-01-19 04:56:21,107 - INFO - [The Guardian] Attempt 1/1: Trying with 'requests_browser' strategy...
2026-01-19 04:56:21,160 - INFO - [The Guardian] Success with 'requests_browser'. Found content (475 words).
2026-01-19 04:56:21,172 - INFO - [BBC] Article: https://www.bbc.com/news/articles/cz7ypw4rjrzo?at_medium=RSS&at_campaign=rss
2026-01-19 04:56:21,172 - INFO - [BBC] Attempt 1/1: Trying with 'requests_browser' strategy...
2026-01-19 04:56:21,198 - INFO - Duplicate article skipped: Chilean president declares state of catastrophe as wildfires kill at least 18 | Chile | The Guardian from The Guardian
2026-01-19 04:56:21,217 - INFO - [BBC] Success with 'requests_browser'. Found content (283 words).
2026-01-19 04:56:21,251 - INFO - Duplicate article skipped: Chile declares 'state of catastrophe' as wildfires leave at least 18 dead from BBC
2026-01-19 04:56:22,275 - INFO - [The Guardian] Article: https://www.theguardian.com/us-news/2026/jan/16/trump-administration-mistake-college-student-detained
2026-01-19 04:56:22,275 - INFO - [The Guardian] Attempt 1/1: Trying with 'requests_browser' strategy...
2026-01-19 04:56:22,277 - INFO - Selenium driver initialized successfully.
2026-01-19 04:56:22,277 - INFO - Starting scrape for Times of India RSS feed: https://timesofindia.indiatimes.com/rssfeeds/296589292.cms
2026-01-19 04:56:22,278 - INFO - Selenium driver initialized successfully.
2026-01-19 04:56:22,278 - INFO - Starting scrape for The Hindu RSS feed: https://www.thehindu.com/news/national/feeder/default.rss
2026-01-19 04:56:22,309 - INFO - [The Guardian] Success with 'requests_browser'. Found content (758 words).
2026-01-19 04:56:22,352 - INFO - Duplicate article skipped: Trump administration says deporting college student trying to surprise family was a ‘mistake’ | US immigration | The Guardian from The Guardian
2026-01-19 04:56:22,394 - INFO - Found 20 articles in Times of India RSS feed. Processing up to 10.
2026-01-19 04:56:22,395 - INFO - [Times of India] Article: https://timesofindia.indiatimes.com/world/us/mechanical-issue-scare-united-airlines-flight-narrowly-avoids-crash-landing-in-orlando-videos-shows-close-call/articleshow/126667858.cms
2026-01-19 04:56:22,395 - INFO - [Times of India] Attempt 1/1: Trying with 'selenium_browser' strategy...
2026-01-19 04:56:22,507 - INFO - [BBC] Article: https://www.bbc.com/news/articles/c74v0pxg2nvo?at_medium=RSS&at_campaign=rss
2026-01-19 04:56:22,507 - INFO - [BBC] Attempt 1/1: Trying with 'requests_browser' strategy...
2026-01-19 04:56:22,537 - INFO - [BBC] Success with 'requests_browser'. Found content (473 words).
2026-01-19 04:56:22,581 - INFO - Duplicate article skipped: Around 1,500 soldiers on standby for deployment to Minneapolis, reports say from BBC
2026-01-19 04:56:23,144 - INFO - [The Guardian] Article: https://www.theguardian.com/world/2026/jan/16/cia-chief-visits-maduro-successor-as-machado-vows-to-become-venezuelas-president
2026-01-19 04:56:23,144 - INFO - [The Guardian] Attempt 1/1: Trying with 'requests_browser' strategy...
2026-01-19 04:56:23,372 - INFO - [The Guardian] Success with 'requests_browser'. Found content (906 words).
2026-01-19 04:56:23,390 - INFO - [BBC] Article: https://www.bbc.com/news/articles/cg5gegrdq3go?at_medium=RSS&at_campaign=rss
2026-01-19 04:56:23,390 - INFO - [BBC] Attempt 1/1: Trying with 'requests_browser' strategy...
2026-01-19 04:56:23,440 - INFO - Duplicate article skipped: CIA chief visits Maduro successor as Machado vows to become Venezuela’s president | Venezuela | The Guardian from The Guardian
2026-01-19 04:56:23,475 - INFO - [BBC] Success with 'requests_browser'. Found content (1182 words).
2026-01-19 04:56:23,526 - INFO - Duplicate article skipped: Fears Iran's internet shutdown could lead to 'extreme digital isolation' from BBC
2026-01-19 04:56:24,036 - INFO - Found 100 articles in The Hindu RSS feed. Processing up to 10.
2026-01-19 04:56:24,036 - INFO - [The Hindu] Article: https://www.thehindu.com/news/national/security-forces-search-operations-kishtwar-terrorists-encounter/article70524197.ece
2026-01-19 04:56:24,036 - INFO - [The Hindu] Attempt 1/1: Trying with 'selenium_browser' strategy...
2026-01-19 04:56:24,274 - INFO - [BBC] Article: https://www.bbc.com/news/articles/c150pg5dvp2o?at_medium=RSS&at_campaign=rss
2026-01-19 04:56:24,274 - INFO - [BBC] Attempt 1/1: Trying with 'requests_browser' strategy...
2026-01-19 04:56:24,313 - INFO - [BBC] Success with 'requests_browser'. Found content (400 words).
2026-01-19 04:56:24,378 - INFO - Duplicate article skipped: Eight dead, dozens missing in massive Pakistan mall fire from BBC
2026-01-19 04:56:24,433 - INFO - [The Guardian] Article: https://www.theguardian.com/world/2026/jan/16/brazil-jair-bolsonaro-reduce-sentence-reading-books
2026-01-19 04:56:24,433 - INFO - [The Guardian] Attempt 1/1: Trying with 'requests_browser' strategy...
2026-01-19 04:56:24,999 - INFO - [The Guardian] Success with 'requests_browser'. Found content (406 words).
2026-01-19 04:56:25,251 - INFO - Duplicate article skipped: Brazil’s Bolsonaro finds novel way to reduce 27-year sentence: reading books | Jair Bolsonaro | The Guardian from The Guardian
2026-01-19 04:56:25,735 - INFO - [BBC] Article: https://www.bbc.com/news/articles/c620nq38y6po?at_medium=RSS&at_campaign=rss
2026-01-19 04:56:25,735 - INFO - [BBC] Attempt 1/1: Trying with 'requests_browser' strategy...
2026-01-19 04:56:25,835 - INFO - [BBC] Success with 'requests_browser'. Found content (1240 words).
2026-01-19 04:56:25,959 - INFO - Duplicate article skipped: Gangland killing at a funeral shocks idyllic French island from BBC
2026-01-19 04:56:26,360 - INFO - [The Guardian] Article: https://www.theguardian.com/world/2026/jan/16/china-canada-partnership-new-global-realities-carney-xi-jinping
2026-01-19 04:56:26,360 - INFO - [The Guardian] Attempt 1/1: Trying with 'requests_browser' strategy...
2026-01-19 04:56:26,554 - INFO - [The Guardian] Success with 'requests_browser'. Found content (608 words).
2026-01-19 04:56:26,814 - INFO - Duplicate article skipped: Canada PM hails strategic partnership with China to adapt to ‘new global realities’ | Canada | The Guardian from The Guardian
2026-01-19 04:56:33,208 - INFO - [The Hindu] Page content loaded.
2026-01-19 04:56:34,103 - INFO - [The Hindu] Success with 'selenium_browser'. Found content (440 words).
2026-01-19 04:56:34,626 - INFO - Saved article: Search operations resume to hunt down terrorists in Kishtwar - The Hindu from The Hindu
2026-01-19 04:56:35,839 - INFO - [The Hindu] Article: https://www.thehindu.com/news/national/bail-before-conviction-should-be-matter-of-right-ex-cji-chandrachud-on-umar-khalids-plea/article70524180.ece
2026-01-19 04:56:35,839 - INFO - [The Hindu] Attempt 1/1: Trying with 'selenium_browser' strategy...
2026-01-19 04:58:22,444 - ERROR - [Times of India] Request failed for strategy 'selenium_browser' on URL https://timesofindia.indiatimes.com/world/us/mechanical-issue-scare-united-airlines-flight-narrowly-avoids-crash-landing-in-orlando-videos-shows-close-call/articleshow/126667858.cms: HTTPConnectionPool(host='localhost', port=39933): Read timed out. (read timeout=120)
2026-01-19 04:58:22,444 - ERROR - [Times of India] All scrape strategies failed for https://timesofindia.indiatimes.com/world/us/mechanical-issue-scare-united-airlines-flight-narrowly-avoids-crash-landing-in-orlando-videos-shows-close-call/articleshow/126667858.cms. Falling back to RSS description.
2026-01-19 04:58:22,446 - INFO - Saved article: 'Mechanical issue' scare: United Airlines flight narrowly avoids crash landing in Orlando; videos shows close-call from Times of India
2026-01-19 04:58:23,770 - INFO - [Times of India] Article: https://timesofindia.indiatimes.com/world/us-streamers/he-cheated-with-a-man-tiktok-star-desmond-scotts-bar-moment-ignites-claims-of-staged-performance-amid-gay-affair-rumours/articleshow/126637553.cms
2026-01-19 04:58:23,771 - INFO - [Times of India] Attempt 1/1: Trying with 'selenium_browser' strategy...
2026-01-19 04:58:35,870 - ERROR - [The Hindu] Request failed for strategy 'selenium_browser' on URL https://www.thehindu.com/news/national/bail-before-conviction-should-be-matter-of-right-ex-cji-chandrachud-on-umar-khalids-plea/article70524180.ece: HTTPConnectionPool(host='localhost', port=39563): Read timed out. (read timeout=120)
2026-01-19 04:58:35,871 - ERROR - [The Hindu] All scrape strategies failed for https://www.thehindu.com/news/national/bail-before-conviction-should-be-matter-of-right-ex-cji-chandrachud-on-umar-khalids-plea/article70524180.ece. Falling back to RSS description.
2026-01-19 04:58:35,873 - INFO - Saved article: Bail before conviction should be matter of right: Ex-CJI Chandrachud on Umar Khalid’s plea from The Hindu
2026-01-19 04:58:37,241 - INFO - [The Hindu] Article: https://www.thehindu.com/news/national/the-return-of-division-talk-in-jk-and-why-its-dangerous/article70524154.ece
2026-01-19 04:58:37,241 - INFO - [The Hindu] Attempt 1/1: Trying with 'selenium_browser' strategy...
2026-01-19 05:00:23,829 - ERROR - [Times of India] Request failed for strategy 'selenium_browser' on URL https://timesofindia.indiatimes.com/world/us-streamers/he-cheated-with-a-man-tiktok-star-desmond-scotts-bar-moment-ignites-claims-of-staged-performance-amid-gay-affair-rumours/articleshow/126637553.cms: HTTPConnectionPool(host='localhost', port=39933): Read timed out. (read timeout=120)
2026-01-19 05:00:23,829 - ERROR - [Times of India] All scrape strategies failed for https://timesofindia.indiatimes.com/world/us-streamers/he-cheated-with-a-man-tiktok-star-desmond-scotts-bar-moment-ignites-claims-of-staged-performance-amid-gay-affair-rumours/articleshow/126637553.cms. Falling back to RSS description.
2026-01-19 05:00:23,829 - INFO - Duplicate article skipped: “He cheated with a man”: TikTok star Desmond Scott’s bar moment ignites claims of staged performance amid gay affair rumours from Times of India
2026-01-19 05:00:24,981 - INFO - [Times of India] Article: https://timesofindia.indiatimes.com/world/us-streamers/are-plaqueboymax-and-keke-palmer-dating-wyd-music-video-and-flirty-twitch-date-fuel-online-speculation/articleshow/126664678.cms
2026-01-19 05:00:24,981 - INFO - [Times of India] Attempt 1/1: Trying with 'selenium_browser' strategy...
2026-01-19 05:00:37,294 - ERROR - [The Hindu] Request failed for strategy 'selenium_browser' on URL https://www.thehindu.com/news/national/the-return-of-division-talk-in-jk-and-why-its-dangerous/article70524154.ece: HTTPConnectionPool(host='localhost', port=39563): Read timed out. (read timeout=120)
2026-01-19 05:00:37,295 - ERROR - [The Hindu] All scrape strategies failed for https://www.thehindu.com/news/national/the-return-of-division-talk-in-jk-and-why-its-dangerous/article70524154.ece. Falling back to RSS description.
2026-01-19 05:00:37,297 - INFO - Saved article: The return of division talk in J&K and why it’s dangerous from The Hindu
2026-01-19 05:00:37,983 - INFO - [The Hindu] Article: https://www.thehindu.com/news/national/how-should-india-tackle-child-trafficking-explained/article70523068.ece
2026-01-19 05:00:37,983 - INFO - [The Hindu] Attempt 1/1: Trying with 'selenium_browser' strategy...
2026-01-19 05:01:15,654 - CRITICAL - --- TIMEOUT: 2 scrape jobs did not complete in 300s. ---
2026-01-19 05:01:15,655 - ERROR - A thread has timed out and will be abandoned.
2026-01-19 05:01:15,655 - ERROR - A thread has timed out and will be abandoned.
2026-01-19 05:01:15,655 - INFO - Shutting down thread pool (wait=False)...
2026-01-19 05:01:15,655 - INFO - Scraped: 0 BBC, 0 The Guardian, 2 Timed_Out_Jobs articles. (Total saved: 0)
2026-01-19 05:01:15,655 - INFO - --- Scraping job finished ---
2026-01-19 05:01:15,655 - INFO - --- Scraper service stopped and database connection closed. ---
2026-01-19 05:01:15,655 - INFO - --- Main thread finished. Forcing process exit to kill zombie threads. ---
