2025-11-19 04:29:49,972 - INFO - Initializing database connection at: news_articles.db
2025-11-19 04:29:49,972 - INFO - --- Scraper service started (CI Mode: Run Once) ---
2025-11-19 04:29:49,972 - INFO - --- Starting new scraping job (Parallel Mode) ---
2025-11-19 04:29:49,972 - INFO - Creating new robust session with 3 retries on 5xx/connection/read errors.
2025-11-19 04:29:49,972 - INFO - Proxy is DISABLED.
2025-11-19 04:29:49,973 - INFO - Starting scrape for BBC RSS feed: http://feeds.bbci.co.uk/news/world/rss.xml
2025-11-19 04:29:49,973 - INFO - [Times of India] (Thread) requires Selenium. Initializing driver...
2025-11-19 04:29:49,973 - INFO - Initializing headless Selenium Chrome driver (using SeleniumManager)...
2025-11-19 04:29:49,973 - INFO - Starting scrape for The Guardian RSS feed: https://www.theguardian.com/world/rss
2025-11-19 04:29:49,974 - INFO - [The Hindu] (Thread) requires Selenium. Initializing driver...
2025-11-19 04:29:49,974 - INFO - Initializing headless Selenium Chrome driver (using SeleniumManager)...
2025-11-19 04:29:49,974 - INFO - Submitted 4 jobs to thread pool. Waiting up to 300s for completion...
2025-11-19 04:29:50,257 - INFO - Found 25 articles in BBC RSS feed. Processing up to 10.
2025-11-19 04:29:50,257 - INFO - [BBC] Article: https://www.bbc.com/news/articles/cdxr1r34ev9o?at_medium=RSS&at_campaign=rss
2025-11-19 04:29:50,257 - INFO - [BBC] Attempt 1/1: Trying with 'requests_browser' strategy...
2025-11-19 04:29:50,289 - INFO - Found 45 articles in The Guardian RSS feed. Processing up to 10.
2025-11-19 04:29:50,289 - INFO - [The Guardian] Article: https://www.theguardian.com/environment/2025/nov/18/congo-basin-rainforest-africa-research-funding-aoe
2025-11-19 04:29:50,289 - INFO - [The Guardian] Attempt 1/1: Trying with 'requests_browser' strategy...
2025-11-19 04:29:50,340 - INFO - [The Guardian] Success with 'requests_browser'. Found content (1040 words).
2025-11-19 04:29:50,382 - INFO - Duplicate article skipped: The rainforest the world forgot: the Congo basin is the second largest on Earth, so why is it being neglected? | Global development | The Guardian from The Guardian
2025-11-19 04:29:50,477 - INFO - [BBC] Success with 'requests_browser'. Found content (960 words).
2025-11-19 04:29:50,564 - INFO - Duplicate article skipped: Congress approves bill to release Epstein files that will head to Trump's desk from BBC
2025-11-19 04:29:51,023 - INFO - [The Guardian] Article: https://www.theguardian.com/global-development/2025/nov/17/nestle-accused-of-risking-health-of-babies-for-profit-over-added-sugar-in-cereals-sold-in-african-countries
2025-11-19 04:29:51,023 - INFO - [The Guardian] Attempt 1/1: Trying with 'requests_browser' strategy...
2025-11-19 04:29:51,061 - INFO - [The Guardian] Success with 'requests_browser'. Found content (744 words).
2025-11-19 04:29:51,098 - INFO - Duplicate article skipped: Nestlé accused of ’risking health of babies for profit’ over added sugar in cereals sold in African countries | Global development | The Guardian from The Guardian
2025-11-19 04:29:51,404 - INFO - [BBC] Article: https://www.bbc.com/news/articles/c0l73j781y9o?at_medium=RSS&at_campaign=rss
2025-11-19 04:29:51,404 - INFO - [BBC] Attempt 1/1: Trying with 'requests_browser' strategy...
2025-11-19 04:29:51,439 - INFO - [BBC] Success with 'requests_browser'. Found content (401 words).
2025-11-19 04:29:51,467 - INFO - Duplicate article skipped: Lebanon says Israeli strike killed 13 people near Palestinian refugee camp from BBC
2025-11-19 04:29:52,181 - INFO - [The Guardian] Article: https://www.theguardian.com/music/2025/nov/17/nicki-minaj-un-speech-trump-nigeria-christian
2025-11-19 04:29:52,181 - INFO - [The Guardian] Attempt 1/1: Trying with 'requests_browser' strategy...
2025-11-19 04:29:52,218 - INFO - [The Guardian] Success with 'requests_browser'. Found content (512 words).
2025-11-19 04:29:52,253 - INFO - Duplicate article skipped: Nicki Minaj to spotlight plight of Nigerian Christians in UN speech arranged by White House | Nicki Minaj | The Guardian from The Guardian
2025-11-19 04:29:52,870 - INFO - [The Guardian] Article: https://www.theguardian.com/world/2025/nov/17/eswatini-5-m-dollars-us-deportees
2025-11-19 04:29:52,871 - INFO - [The Guardian] Attempt 1/1: Trying with 'requests_browser' strategy...
2025-11-19 04:29:52,905 - INFO - [The Guardian] Success with 'requests_browser'. Found content (330 words).
2025-11-19 04:29:52,941 - INFO - Duplicate article skipped: Eswatini confirms receiving over $5m from US to accept deportees | Eswatini | The Guardian from The Guardian
2025-11-19 04:29:52,964 - INFO - [BBC] Article: https://www.bbc.com/news/articles/c993e74pxd7o?at_medium=RSS&at_campaign=rss
2025-11-19 04:29:52,964 - INFO - [BBC] Attempt 1/1: Trying with 'requests_browser' strategy...
2025-11-19 04:29:53,153 - INFO - [BBC] Success with 'requests_browser'. Found content (591 words).
2025-11-19 04:29:53,187 - INFO - Duplicate article skipped: Cristiano Ronaldo to visit White House on same day as Saudi crown prince from BBC
2025-11-19 04:29:54,109 - INFO - [The Guardian] Article: https://www.theguardian.com/world/2025/nov/17/sheffield-based-propagandist-sudan-rsf-militia-abdalmonim-alrabea
2025-11-19 04:29:54,109 - INFO - [The Guardian] Attempt 1/1: Trying with 'requests_browser' strategy...
2025-11-19 04:29:54,499 - INFO - [The Guardian] Success with 'requests_browser'. Found content (814 words).
2025-11-19 04:29:54,540 - INFO - Duplicate article skipped: ‘His role is to recruit’: the Sheffield-based propagandist for Sudan’s RSF militia | Sudan | The Guardian from The Guardian
2025-11-19 04:29:54,609 - INFO - [BBC] Article: https://www.bbc.com/news/articles/cvg72r6myz4o?at_medium=RSS&at_campaign=rss
2025-11-19 04:29:54,609 - INFO - [BBC] Attempt 1/1: Trying with 'requests_browser' strategy...
2025-11-19 04:29:54,757 - INFO - [BBC] Success with 'requests_browser'. Found content (525 words).
2025-11-19 04:29:54,791 - INFO - Duplicate article skipped: Suspected Hezbollah member goes on trial in Germany from BBC
2025-11-19 04:29:55,603 - INFO - [The Guardian] Article: https://www.theguardian.com/world/2025/nov/18/british-woman-among-four-tourists-killed-in-blizzard-at-nature-reserve-in-chile
2025-11-19 04:29:55,603 - INFO - [The Guardian] Attempt 1/1: Trying with 'requests_browser' strategy...
2025-11-19 04:29:55,640 - INFO - [The Guardian] Success with 'requests_browser'. Found content (332 words).
2025-11-19 04:29:55,676 - INFO - Duplicate article skipped: British woman among four tourists killed in blizzard at nature reserve in Chile | Chile | The Guardian from The Guardian
2025-11-19 04:29:55,944 - INFO - [BBC] Article: https://www.bbc.com/news/articles/cn0gdkwp2p9o?at_medium=RSS&at_campaign=rss
2025-11-19 04:29:55,944 - INFO - [BBC] Attempt 1/1: Trying with 'requests_browser' strategy...
2025-11-19 04:29:56,090 - INFO - [BBC] Success with 'requests_browser'. Found content (659 words).
2025-11-19 04:29:56,155 - INFO - Duplicate article skipped: 'Things happen' - Trump defends Saudi crown prince over Khashoggi killing from BBC
2025-11-19 04:29:56,295 - INFO - [The Guardian] Article: https://www.theguardian.com/world/2025/nov/18/claudia-sheinbaum-us-military-mexico-trump
2025-11-19 04:29:56,296 - INFO - [The Guardian] Attempt 1/1: Trying with 'requests_browser' strategy...
2025-11-19 04:29:56,342 - INFO - [The Guardian] Success with 'requests_browser'. Found content (439 words).
2025-11-19 04:29:56,389 - INFO - Duplicate article skipped: Sheinbaum again dismisses Trump’s threat of sending troops to Mexico: ‘We do not want intervention’ | Claudia Sheinbaum | The Guardian from The Guardian
2025-11-19 04:29:56,913 - INFO - [The Guardian] Article: https://www.theguardian.com/world/2025/nov/18/argentina-judge-diego-maradona-case-fired
2025-11-19 04:29:56,913 - INFO - [The Guardian] Attempt 1/1: Trying with 'requests_browser' strategy...
2025-11-19 04:29:57,010 - INFO - Selenium driver initialized successfully.
2025-11-19 04:29:57,010 - INFO - Starting scrape for Times of India RSS feed: https://timesofindia.indiatimes.com/rssfeeds/296589292.cms
2025-11-19 04:29:57,011 - INFO - Selenium driver initialized successfully.
2025-11-19 04:29:57,011 - INFO - Starting scrape for The Hindu RSS feed: https://www.thehindu.com/news/national/feeder/default.rss
2025-11-19 04:29:57,057 - INFO - [The Guardian] Success with 'requests_browser'. Found content (310 words).
2025-11-19 04:29:57,091 - INFO - Duplicate article skipped: Argentina judge fired after causing mistrial in case over Maradona’s death | Argentina | The Guardian from The Guardian
2025-11-19 04:29:57,203 - INFO - Found 20 articles in Times of India RSS feed. Processing up to 10.
2025-11-19 04:29:57,203 - INFO - [Times of India] Article: https://timesofindia.indiatimes.com/world/us/did-not-receive-any-threat-sheikh-hasinas-son-responds-to-questions-on-us-pressure-reacts-to-mothers-death-sentence-order/articleshow/125425504.cms
2025-11-19 04:29:57,203 - INFO - [Times of India] Attempt 1/1: Trying with 'selenium_browser' strategy...
2025-11-19 04:29:57,240 - INFO - Found 100 articles in The Hindu RSS feed. Processing up to 10.
2025-11-19 04:29:57,240 - INFO - [The Hindu] Article: https://www.thehindu.com/news/national/kerala/two-sri-lanka-bound-flights-diverted-to-thiruvananthapuram-airport-due-to-bad-weather/article70297393.ece
2025-11-19 04:29:57,240 - INFO - [The Hindu] Attempt 1/1: Trying with 'selenium_browser' strategy...
2025-11-19 04:29:57,406 - INFO - [BBC] Article: https://www.bbc.com/news/articles/c740290l8gzo?at_medium=RSS&at_campaign=rss
2025-11-19 04:29:57,406 - INFO - [BBC] Attempt 1/1: Trying with 'requests_browser' strategy...
2025-11-19 04:29:57,580 - INFO - [BBC] Success with 'requests_browser'. Found content (537 words).
2025-11-19 04:29:57,616 - INFO - Duplicate article skipped: Bodies of missing mum and child found in freezers in Austria from BBC
2025-11-19 04:29:58,363 - INFO - [The Guardian] Article: https://www.theguardian.com/world/2025/nov/18/venezuela-new-era-maria-corina-machado-trump
2025-11-19 04:29:58,364 - INFO - [The Guardian] Attempt 1/1: Trying with 'requests_browser' strategy...
2025-11-19 04:29:58,405 - INFO - [The Guardian] Success with 'requests_browser'. Found content (718 words).
2025-11-19 04:29:58,473 - INFO - Duplicate article skipped: Venezuela’s top opposition leader claims ‘new era’ is coming despite lack of clear plan | Venezuela | The Guardian from The Guardian
2025-11-19 04:29:58,574 - INFO - [BBC] Article: https://www.bbc.com/news/articles/c4gknv8nxlzo?at_medium=RSS&at_campaign=rss
2025-11-19 04:29:58,575 - INFO - [BBC] Attempt 1/1: Trying with 'requests_browser' strategy...
2025-11-19 04:29:58,761 - INFO - [BBC] Success with 'requests_browser'. Found content (638 words).
2025-11-19 04:29:58,800 - INFO - Duplicate article skipped: Two Ukrainians working for Russia behind rail sabotage, Polish PM says from BBC
2025-11-19 04:29:59,372 - INFO - [The Guardian] Article: https://www.theguardian.com/environment/live/2025/nov/17/cop30-belem-brazil-global-warming-latest-news-updates
2025-11-19 04:29:59,372 - INFO - [The Guardian] Attempt 1/1: Trying with 'requests_browser' strategy...
2025-11-19 04:29:59,954 - INFO - [BBC] Article: https://www.bbc.com/news/articles/c620p6jnynko?at_medium=RSS&at_campaign=rss
2025-11-19 04:29:59,954 - INFO - [BBC] Attempt 1/1: Trying with 'requests_browser' strategy...
2025-11-19 04:30:00,379 - INFO - [BBC] Success with 'requests_browser'. Found content (585 words).
2025-11-19 04:30:00,637 - INFO - Duplicate article skipped: Zelensky to meet Trump envoy in Turkey in bid to 'intensify' peace talks from BBC
2025-11-19 04:30:00,720 - INFO - [The Guardian] Success with 'requests_browser'. Found content (4056 words).
2025-11-19 04:30:01,034 - INFO - Duplicate article skipped: Cop30: UN accused of crackdown on Indigenous people – as it happened | Cop30 | The Guardian from The Guardian
2025-11-19 04:30:01,757 - INFO - [BBC] Article: https://www.bbc.com/news/articles/crreg2l7kezo?at_medium=RSS&at_campaign=rss
2025-11-19 04:30:01,757 - INFO - [BBC] Attempt 1/1: Trying with 'requests_browser' strategy...
2025-11-19 04:30:01,990 - INFO - [BBC] Success with 'requests_browser'. Found content (843 words).
2025-11-19 04:30:02,069 - INFO - Duplicate article skipped: At least 94 Palestinians died in Israeli prisons in two years, human rights group says from BBC
2025-11-19 04:30:02,745 - INFO - [BBC] Article: https://www.bbc.com/news/articles/cddr199d3z0o?at_medium=RSS&at_campaign=rss
2025-11-19 04:30:02,746 - INFO - [BBC] Attempt 1/1: Trying with 'requests_browser' strategy...
2025-11-19 04:30:02,922 - INFO - [The Hindu] Page content loaded.
2025-11-19 04:30:03,007 - INFO - [BBC] Success with 'requests_browser'. Found content (683 words).
2025-11-19 04:30:03,299 - INFO - Duplicate article skipped: Larry Summers steps back from public role after Epstein emails emerge from BBC
2025-11-19 04:30:03,305 - INFO - [The Hindu] Success with 'selenium_browser'. Found content (131 words).
2025-11-19 04:30:03,547 - INFO - Saved article: Two Sri Lanka-bound flights diverted to Thiruvananthapuram airport due to bad weather - The Hindu from The Hindu
2025-11-19 04:30:04,947 - INFO - [The Hindu] Article: https://www.thehindu.com/news/national/allahabad-hc-sets-aside-conviction-of-mohammad-ilyas-in-1996-bus-bomb-blast-case/article70297439.ece
2025-11-19 04:30:04,948 - INFO - [The Hindu] Attempt 1/1: Trying with 'selenium_browser' strategy...
2025-11-19 04:30:07,739 - INFO - [The Hindu] Page content loaded.
2025-11-19 04:30:07,918 - INFO - [The Hindu] Success with 'selenium_browser'. Found content (548 words).
2025-11-19 04:30:08,145 - INFO - Saved article: Allahabad HC sets aside conviction of Mohammad Ilyas in 1996 bus bomb blast case - The Hindu from The Hindu
2025-11-19 04:30:08,787 - INFO - [The Hindu] Article: https://www.thehindu.com/news/national/tamil-nadu/cm-stalin-accuses-centre-of-denying-metro-rail-projects-for-coimbatore-madurai-on-flimsy-grounds/article70297391.ece
2025-11-19 04:30:08,787 - INFO - [The Hindu] Attempt 1/1: Trying with 'selenium_browser' strategy...
2025-11-19 04:30:11,264 - INFO - [Times of India] Page content loaded.
2025-11-19 04:30:11,975 - INFO - [Times of India] Success with 'selenium_browser'. Found content (510 words).
2025-11-19 04:30:12,126 - INFO - Saved article: 'Did not receive any threat': Sheikh Hasina's son responds to questions on US pressure; reacts to mother's death sentence order - The Times of India from Times of India
2025-11-19 04:30:13,009 - INFO - [The Hindu] Page content loaded.
2025-11-19 04:30:13,118 - INFO - [The Hindu] Success with 'selenium_browser'. Found content (255 words).
2025-11-19 04:30:13,171 - INFO - [Times of India] Article: https://timesofindia.indiatimes.com/business/international-business/fully-functional-opulent-solid-gold-toilet-fetches-12-1m-at-nyc-auction-artwork-was-titled-america/articleshow/125425451.cms
2025-11-19 04:30:13,171 - INFO - [Times of India] Attempt 1/1: Trying with 'selenium_browser' strategy...
2025-11-19 04:30:13,248 - INFO - Duplicate article skipped: T.N. CM Stalin accuses Centre of denying Metro Rail projects for Coimbatore, Madurai on flimsy grounds - The Hindu from The Hindu
2025-11-19 04:30:14,498 - INFO - [Times of India] Page content loaded.
2025-11-19 04:30:14,636 - INFO - [Times of India] Success with 'selenium_browser'. Found content (334 words).
2025-11-19 04:30:14,686 - INFO - [The Hindu] Article: https://www.thehindu.com/news/national/what-can-local-bodies-expect-from-the-16th-finance-commission-explained/article70296119.ece
2025-11-19 04:30:14,687 - INFO - [The Hindu] Attempt 1/1: Trying with 'selenium_browser' strategy...
2025-11-19 04:30:14,704 - INFO - Saved article: Fully functional, opulent: Solid gold toilet fetches $12.1m at NYC auction; artwork was titled ‘America’ - The Times of India from Times of India
2025-11-19 04:30:15,304 - INFO - [Times of India] Article: https://timesofindia.indiatimes.com/world/us/us-riyadh-defence-boost-trump-designates-saudi-arabia-major-non-nato-ally-vows-deeper-military-ties/articleshow/125425415.cms
2025-11-19 04:30:15,304 - INFO - [Times of India] Attempt 1/1: Trying with 'selenium_browser' strategy...
2025-11-19 04:30:15,651 - INFO - [The Hindu] Page content loaded.
2025-11-19 04:30:15,710 - INFO - [The Hindu] Success with 'selenium_browser'. Found content (798 words).
2025-11-19 04:30:15,777 - INFO - Duplicate article skipped: What can local bodies expect from the 16th Finance Commission? | Explained - The Hindu from The Hindu
2025-11-19 04:30:16,658 - INFO - [The Hindu] Article: https://www.thehindu.com/news/national/gujarat/cyber-slavery-mastermind-arrested-in-gujarat/article70295663.ece
2025-11-19 04:30:16,658 - INFO - [The Hindu] Attempt 1/1: Trying with 'selenium_browser' strategy...
2025-11-19 04:30:18,765 - INFO - [Times of India] Page content loaded.
2025-11-19 04:30:19,025 - INFO - [Times of India] Success with 'selenium_browser'. Found content (329 words).
2025-11-19 04:30:19,163 - INFO - Saved article: US-Riyadh defence boost: Trump designates Saudi Arabia major non-NATO ally; vows deeper military ties - The Times of India from Times of India
2025-11-19 04:30:19,872 - INFO - [Times of India] Article: https://timesofindia.indiatimes.com/world/us/defence-boost-nuclear-push-us-saudi-arabia-ink-major-agreements-f-35-sale-gets-nod/articleshow/125424228.cms
2025-11-19 04:30:19,872 - INFO - [Times of India] Attempt 1/1: Trying with 'selenium_browser' strategy...
2025-11-19 04:30:21,846 - INFO - [Times of India] Page content loaded.
2025-11-19 04:30:22,112 - INFO - [Times of India] Success with 'selenium_browser'. Found content (311 words).
2025-11-19 04:30:22,317 - INFO - Duplicate article skipped: ‘Defence boost, nuclear push’: US, Saudi Arabia ink major agreements; F-35 sale gets nod - The Times of India from Times of India
2025-11-19 04:30:23,507 - INFO - [Times of India] Article: https://timesofindia.indiatimes.com/world/us/bill-that-could-imprison-people-who-get-abortions-stalls-lawmakers-split-whats-in-it/articleshow/125424745.cms
2025-11-19 04:30:23,508 - INFO - [Times of India] Attempt 1/1: Trying with 'selenium_browser' strategy...
2025-11-19 04:30:24,326 - INFO - [The Hindu] Page content loaded.
2025-11-19 04:30:24,576 - INFO - [The Hindu] Success with 'selenium_browser'. Found content (486 words).
2025-11-19 04:30:24,799 - INFO - Duplicate article skipped: Cyber-slavery mastermind arrested in Gujarat - The Hindu from The Hindu
2025-11-19 04:30:25,472 - INFO - [The Hindu] Article: https://www.thehindu.com/news/cities/chennai/a-lost-garden-and-a-forgotten-square-in-chennai/article70289765.ece
2025-11-19 04:30:25,472 - INFO - [The Hindu] Attempt 1/1: Trying with 'selenium_browser' strategy...
2025-11-19 04:30:30,128 - INFO - [Times of India] Page content loaded.
2025-11-19 04:30:30,307 - INFO - [Times of India] Success with 'selenium_browser'. Found content (482 words).
2025-11-19 04:30:30,416 - INFO - Duplicate article skipped: Bill that could imprison people who get abortions stalls; lawmakers split — what’s in it? - The Times of India from Times of India
2025-11-19 04:30:30,566 - INFO - [The Hindu] Page content loaded.
2025-11-19 04:30:30,729 - INFO - [The Hindu] Success with 'selenium_browser'. Found content (614 words).
2025-11-19 04:30:30,980 - INFO - Duplicate article skipped: A lost garden and a forgotten square in Chennai - The Hindu from The Hindu
2025-11-19 04:30:31,147 - INFO - [Times of India] Article: https://timesofindia.indiatimes.com/sports/nfl/news/bryce-dunlap-cause-of-death-a-young-fans-life-ends-abruptly-leaving-behind-questions-and-sadness/articleshow/125424671.cms
2025-11-19 04:30:31,148 - INFO - [Times of India] Attempt 1/1: Trying with 'selenium_browser' strategy...
2025-11-19 04:30:32,388 - INFO - [The Hindu] Article: https://www.thehindu.com/news/national/tamil-nadu/the-row-over-karunanidhi-anna-way-periyar-way-remark-during-1991-election-campaign-in-coimbatore/article70291983.ece
2025-11-19 04:30:32,388 - INFO - [The Hindu] Attempt 1/1: Trying with 'selenium_browser' strategy...
2025-11-19 04:30:32,877 - INFO - [Times of India] Page content loaded.
2025-11-19 04:30:33,197 - INFO - [Times of India] Success with 'selenium_browser'. Found content (548 words).
2025-11-19 04:30:33,342 - INFO - Duplicate article skipped: Bryce Dunlap cause of death: A young fan’s life ends abruptly, leaving behind questions and sadness | NFL News - The Times of India from Times of India
2025-11-19 04:30:34,645 - INFO - [Times of India] Article: https://timesofindia.indiatimes.com/world/uk/princess-of-wales-returns-kate-middleton-calls-on-businesses-to-put-people-first-in-her-first-speech-in-two-years/articleshow/125421452.cms
2025-11-19 04:30:34,647 - INFO - [Times of India] Attempt 1/1: Trying with 'selenium_browser' strategy...
2025-11-19 04:30:36,382 - INFO - [The Hindu] Page content loaded.
2025-11-19 04:30:36,803 - INFO - [The Hindu] Success with 'selenium_browser'. Found content (1226 words).
2025-11-19 04:30:37,100 - INFO - Duplicate article skipped: The row over Karunanidhi’s ‘Anna way-Periyar way’ remark during 1991 election campaign - The Hindu from The Hindu
2025-11-19 04:30:38,035 - INFO - [The Hindu] Article: https://www.thehindu.com/news/national/tamil-nadu/aiadmk-cadres-realise-that-sir-is-a-danger-says-dmk-mp-nr-elango/article70296235.ece
2025-11-19 04:30:38,035 - INFO - [The Hindu] Attempt 1/1: Trying with 'selenium_browser' strategy...
2025-11-19 04:30:40,272 - INFO - [Times of India] Page content loaded.
2025-11-19 04:30:40,874 - INFO - [The Hindu] Page content loaded.
2025-11-19 04:30:40,949 - INFO - [Times of India] Success with 'selenium_browser'. Found content (315 words).
2025-11-19 04:30:41,207 - INFO - Duplicate article skipped: ‘Princess of Wales’ returns: Kate Middleton calls on businesses to put people first in her first speech in two years | World News - The Times of India from Times of India
2025-11-19 04:30:41,211 - INFO - [The Hindu] Success with 'selenium_browser'. Found content (298 words).
2025-11-19 04:30:41,354 - INFO - Duplicate article skipped: AIADMK cadres realise that SIR is a danger, says DMK MP N.R. Elango - The Hindu from The Hindu
2025-11-19 04:30:42,338 - INFO - [The Hindu] Article: https://www.thehindu.com/news/national/tamil-nadu/toddler-run-over-near-vaniyambadi/article70295011.ece
2025-11-19 04:30:42,338 - INFO - [The Hindu] Attempt 1/1: Trying with 'selenium_browser' strategy...
2025-11-19 04:30:42,645 - INFO - [Times of India] Article: https://timesofindia.indiatimes.com/world/us/major-green-card-change-proposed-no-permanent-residency-if-immigrants-likely-to-become-dependent-on-govt-benefits/articleshow/125421334.cms
2025-11-19 04:30:42,645 - INFO - [Times of India] Attempt 1/1: Trying with 'selenium_browser' strategy...
2025-11-19 04:30:46,162 - INFO - [The Hindu] Page content loaded.
2025-11-19 04:30:46,464 - INFO - [The Hindu] Success with 'selenium_browser'. Found content (143 words).
2025-11-19 04:30:46,617 - INFO - Duplicate article skipped: Toddler run over near Vaniyambadi - The Hindu from The Hindu
2025-11-19 04:30:47,464 - INFO - [Times of India] Page content loaded.
2025-11-19 04:30:47,480 - INFO - [The Hindu] Article: https://www.thehindu.com/news/national/tamil-nadu/led-lights-wont-affect-ornaments-of-arunachaleswara-temple-deities-during-procession-hrce/article70295003.ece
2025-11-19 04:30:47,480 - INFO - [The Hindu] Attempt 1/1: Trying with 'selenium_browser' strategy...
2025-11-19 04:30:47,629 - INFO - [Times of India] Success with 'selenium_browser'. Found content (323 words).
2025-11-19 04:30:47,763 - INFO - Duplicate article skipped: Major Green Card change proposed: No permanent residency if immigrants likely to become dependent on govt benefits - The Times of India from Times of India
2025-11-19 04:30:48,508 - INFO - [The Hindu] Page content loaded.
2025-11-19 04:30:48,707 - INFO - [The Hindu] Success with 'selenium_browser'. Found content (447 words).
2025-11-19 04:30:48,739 - INFO - [Times of India] Article: https://timesofindia.indiatimes.com/world/us-streamers/xqc-accuses-qtcinderella-of-adding-vanillamace-to-awards-list-to-fix-past-drama/articleshow/125421318.cms
2025-11-19 04:30:48,740 - INFO - [Times of India] Attempt 1/1: Trying with 'selenium_browser' strategy...
2025-11-19 04:30:48,854 - INFO - Duplicate article skipped: LED lights won’t affect ornaments of Arunachaleswara Temple deities during procession: HR&CE - The Hindu from The Hindu
2025-11-19 04:30:50,084 - INFO - [The Hindu] (Thread) Finished. Attempting to shut down its Selenium driver.
2025-11-19 04:30:50,268 - INFO - [The Hindu] (Thread) driver.quit() successful.
2025-11-19 04:30:50,619 - INFO - [Times of India] Page content loaded.
2025-11-19 04:30:50,760 - INFO - [Times of India] Success with 'selenium_browser'. Found content (414 words).
2025-11-19 04:30:50,817 - INFO - Duplicate article skipped: xQc accuses QTCinderella of adding Vanillamace to awards list to fix past drama - The Times of India from Times of India
2025-11-19 04:30:51,730 - INFO - [Times of India] Article: https://timesofindia.indiatimes.com/world/us/muslim-brotherhood-cair-designated-as-terrorist-groups-in-texas-this-bans-them-from-buying-land-/articleshow/125421260.cms
2025-11-19 04:30:51,730 - INFO - [Times of India] Attempt 1/1: Trying with 'selenium_browser' strategy...
2025-11-19 04:30:53,070 - INFO - [Times of India] Page content loaded.
2025-11-19 04:30:53,255 - INFO - [Times of India] Success with 'selenium_browser'. Found content (318 words).
2025-11-19 04:30:53,309 - INFO - Duplicate article skipped: Muslim Brotherhood, CAIR designated as terrorist groups in Texas: 'This bans them from buying land...' - The Times of India from Times of India
2025-11-19 04:30:54,133 - INFO - [Times of India] (Thread) Finished. Attempting to shut down its Selenium driver.
2025-11-19 04:30:54,274 - INFO - [Times of India] (Thread) driver.quit() successful.
2025-11-19 04:30:54,275 - INFO - Shutting down thread pool (wait=False)...
2025-11-19 04:30:54,275 - INFO - Scraped: 0 The Guardian, 0 BBC, 3 Times of India, 2 The Hindu articles. (Total saved: 5)
2025-11-19 04:30:54,275 - INFO - --- Scraping job finished ---
2025-11-19 04:30:54,280 - INFO - --- Scraper service stopped and database connection closed. ---
2025-11-19 04:30:54,280 - INFO - --- Main thread finished. Forcing process exit to kill zombie threads. ---
