2026-01-13 06:42:25,566 - INFO - Initializing database connection at: news_articles.db
2026-01-13 06:42:25,567 - INFO - --- Scraper service started (CI Mode: Run Once) ---
2026-01-13 06:42:25,567 - INFO - --- Starting new scraping job (Parallel Mode) ---
2026-01-13 06:42:25,567 - INFO - Creating new robust session with 3 retries on 5xx/connection/read errors.
2026-01-13 06:42:25,567 - INFO - Proxy is DISABLED.
2026-01-13 06:42:25,567 - INFO - Starting scrape for BBC RSS feed: http://feeds.bbci.co.uk/news/world/rss.xml
2026-01-13 06:42:25,567 - INFO - [Times of India] (Thread) requires Selenium. Initializing driver...
2026-01-13 06:42:25,567 - INFO - Initializing headless Selenium Chrome driver (using SeleniumManager)...
2026-01-13 06:42:25,568 - INFO - Starting scrape for The Guardian RSS feed: https://www.theguardian.com/world/rss
2026-01-13 06:42:25,569 - INFO - [The Hindu] (Thread) requires Selenium. Initializing driver...
2026-01-13 06:42:25,569 - INFO - Initializing headless Selenium Chrome driver (using SeleniumManager)...
2026-01-13 06:42:25,569 - INFO - Submitted 4 jobs to thread pool. Waiting up to 300s for completion...
2026-01-13 06:42:25,697 - INFO - Found 45 articles in The Guardian RSS feed. Processing up to 10.
2026-01-13 06:42:25,697 - INFO - [The Guardian] Article: https://www.theguardian.com/books/2026/jan/12/chimamanda-ngozi-adichie-accuses-lagos-hospital-negligence-son-death
2026-01-13 06:42:25,697 - INFO - [The Guardian] Attempt 1/1: Trying with 'requests_browser' strategy...
2026-01-13 06:42:25,721 - INFO - [The Guardian] Success with 'requests_browser'. Found content (537 words).
2026-01-13 06:42:25,756 - INFO - Duplicate article skipped: Author Chimamanda Ngozi Adichie accuses Lagos hospital of negligence after son’s death | Chimamanda Ngozi Adichie | The Guardian from The Guardian
2026-01-13 06:42:25,778 - INFO - Found 37 articles in BBC RSS feed. Processing up to 10.
2026-01-13 06:42:25,779 - INFO - [BBC] Article: https://www.bbc.com/news/articles/cvgp70ynx1po?at_medium=RSS&at_campaign=rss
2026-01-13 06:42:25,779 - INFO - [BBC] Attempt 1/1: Trying with 'requests_browser' strategy...
2026-01-13 06:42:25,974 - INFO - [BBC] Success with 'requests_browser'. Found content (1148 words).
2026-01-13 06:42:26,009 - INFO - Duplicate article skipped: Iran protests: Eyewitnesses describe deadly crackdown across country from BBC
2026-01-13 06:42:26,776 - INFO - [The Guardian] Article: https://www.theguardian.com/global-development/2026/jan/09/the-gambia-female-genital-mutilation-fgm-supreme-court-case-overturn-ban
2026-01-13 06:42:26,776 - INFO - [The Guardian] Attempt 1/1: Trying with 'requests_browser' strategy...
2026-01-13 06:42:26,802 - INFO - [The Guardian] Success with 'requests_browser'. Found content (850 words).
2026-01-13 06:42:26,841 - INFO - Duplicate article skipped: Attempt to overturn the Gambia’s ban on FGM heard by supreme court | Global development | The Guardian from The Guardian
2026-01-13 06:42:26,901 - INFO - [BBC] Article: https://www.bbc.com/news/articles/clyev0kpk77o?at_medium=RSS&at_campaign=rss
2026-01-13 06:42:26,901 - INFO - [BBC] Attempt 1/1: Trying with 'requests_browser' strategy...
2026-01-13 06:42:26,933 - INFO - [BBC] Success with 'requests_browser'. Found content (711 words).
2026-01-13 06:42:26,971 - INFO - Duplicate article skipped: Trump briefed on military and covert options for Iran, sources say from BBC
2026-01-13 06:42:27,794 - INFO - [The Guardian] Article: https://www.theguardian.com/world/2026/jan/08/questions-targeting-impact-us-airstrikes-in-nigeria
2026-01-13 06:42:27,794 - INFO - [The Guardian] Attempt 1/1: Trying with 'requests_browser' strategy...
2026-01-13 06:42:27,818 - INFO - [The Guardian] Success with 'requests_browser'. Found content (795 words).
2026-01-13 06:42:27,867 - INFO - Duplicate article skipped: Two weeks on, questions linger over targeting and impact of US airstrikes in Nigeria | Nigeria | The Guardian from The Guardian
2026-01-13 06:42:28,187 - INFO - [BBC] Article: https://www.bbc.com/news/articles/ce9yv4gmn9lo?at_medium=RSS&at_campaign=rss
2026-01-13 06:42:28,187 - INFO - [BBC] Attempt 1/1: Trying with 'requests_browser' strategy...
2026-01-13 06:42:28,224 - INFO - [BBC] Success with 'requests_browser'. Found content (1987 words).
2026-01-13 06:42:28,266 - INFO - Duplicate article skipped: How one woman lures foreign recruits to Russia’s front line in Ukraine from BBC
2026-01-13 06:42:28,836 - INFO - [The Guardian] Article: https://www.theguardian.com/world/2026/jan/02/anthony-joshuas-driver-charged-with-dangerous-driving-after-fatal-crash-in-nigeria
2026-01-13 06:42:28,836 - INFO - [The Guardian] Attempt 1/1: Trying with 'requests_browser' strategy...
2026-01-13 06:42:28,861 - INFO - [The Guardian] Success with 'requests_browser'. Found content (346 words).
2026-01-13 06:42:28,894 - INFO - Duplicate article skipped: Anthony Joshua’s driver charged with dangerous driving after fatal crash in Nigeria | Anthony Joshua | The Guardian from The Guardian
2026-01-13 06:42:29,335 - INFO - [BBC] Article: https://www.bbc.com/news/articles/c3ve572edzqo?at_medium=RSS&at_campaign=rss
2026-01-13 06:42:29,335 - INFO - [BBC] Attempt 1/1: Trying with 'requests_browser' strategy...
2026-01-13 06:42:29,376 - INFO - [BBC] Success with 'requests_browser'. Found content (1385 words).
2026-01-13 06:42:29,415 - INFO - Duplicate article skipped: Lyse Doucet: Iran's rulers face biggest challenge since 1979 revolution from BBC
2026-01-13 06:42:29,707 - INFO - [The Guardian] Article: https://www.theguardian.com/science/2026/jan/01/cremation-pyre-in-africa-thought-to-be-worlds-oldest-containing-adult-remains
2026-01-13 06:42:29,707 - INFO - [The Guardian] Attempt 1/1: Trying with 'requests_browser' strategy...
2026-01-13 06:42:29,728 - INFO - [The Guardian] Success with 'requests_browser'. Found content (653 words).
2026-01-13 06:42:29,763 - INFO - Duplicate article skipped: Cremation pyre in Africa thought to be world’s oldest containing adult remains | Anthropology | The Guardian from The Guardian
2026-01-13 06:42:30,881 - INFO - [BBC] Article: https://www.bbc.com/news/articles/cr7jzpr95yvo?at_medium=RSS&at_campaign=rss
2026-01-13 06:42:30,881 - INFO - [BBC] Attempt 1/1: Trying with 'requests_browser' strategy...
2026-01-13 06:42:30,905 - INFO - [BBC] Success with 'requests_browser'. Found content (415 words).
2026-01-13 06:42:30,962 - INFO - Duplicate article skipped: Trump to meet Venezuela's María Corina Machado on Thursday from BBC
2026-01-13 06:42:31,252 - INFO - [The Guardian] Article: https://www.theguardian.com/environment/2026/jan/12/us-plan-to-exploit-venezuelas-oil-could-eat-up-13-of-carbon-budget-to-keep-15c-limit
2026-01-13 06:42:31,253 - INFO - [The Guardian] Attempt 1/1: Trying with 'requests_browser' strategy...
2026-01-13 06:42:31,280 - INFO - [The Guardian] Success with 'requests_browser'. Found content (579 words).
2026-01-13 06:42:31,323 - INFO - Duplicate article skipped: US plan to exploit Venezuela’s oil could eat up 13% of carbon budget to keep 1.5C limit | Climate crisis | The Guardian from The Guardian
2026-01-13 06:42:32,033 - INFO - [BBC] Article: https://www.bbc.com/news/articles/c394xwdve9lo?at_medium=RSS&at_campaign=rss
2026-01-13 06:42:32,033 - INFO - [BBC] Attempt 1/1: Trying with 'requests_browser' strategy...
2026-01-13 06:42:32,062 - INFO - [BBC] Success with 'requests_browser'. Found content (859 words).
2026-01-13 06:42:32,101 - INFO - Duplicate article skipped: Former Fed chairs condemn criminal investigation into Jerome Powell from BBC
2026-01-13 06:42:32,663 - INFO - [The Guardian] Article: https://www.theguardian.com/world/2026/jan/12/trump-latin-america-feud-colombia-gustavo-petro
2026-01-13 06:42:32,663 - INFO - [The Guardian] Attempt 1/1: Trying with 'requests_browser' strategy...
2026-01-13 06:42:32,688 - INFO - [The Guardian] Success with 'requests_browser'. Found content (1373 words).
2026-01-13 06:42:32,726 - INFO - Duplicate article skipped: Trump’s other Latin American feud: why Colombia’s Petro is not Maduro | Colombia | The Guardian from The Guardian
2026-01-13 06:42:33,473 - INFO - [BBC] Article: https://www.bbc.com/news/articles/c79re5415n2o?at_medium=RSS&at_campaign=rss
2026-01-13 06:42:33,473 - INFO - [BBC] Attempt 1/1: Trying with 'requests_browser' strategy...
2026-01-13 06:42:33,504 - INFO - [BBC] Success with 'requests_browser'. Found content (599 words).
2026-01-13 06:42:33,540 - INFO - Duplicate article skipped: Rosita Mabuiango: 'Miracle baby' born in a tree above Mozambique floodwaters dies aged 25 from BBC
2026-01-13 06:42:33,580 - INFO - [The Guardian] Article: https://www.theguardian.com/us-news/2026/jan/12/us-oil-producers-global-supply-glut-venezuela
2026-01-13 06:42:33,580 - INFO - [The Guardian] Attempt 1/1: Trying with 'requests_browser' strategy...
2026-01-13 06:42:33,603 - INFO - [The Guardian] Success with 'requests_browser'. Found content (867 words).
2026-01-13 06:42:33,636 - INFO - Duplicate article skipped: US frackers were already facing a global oil supply glut. Trump’s Venezuelan dream could make it worse | US news | The Guardian from The Guardian
2026-01-13 06:42:34,041 - INFO - [BBC] Article: https://www.bbc.com/news/articles/c9wxg4e09jzo?at_medium=RSS&at_campaign=rss
2026-01-13 06:42:34,041 - INFO - [BBC] Attempt 1/1: Trying with 'requests_browser' strategy...
2026-01-13 06:42:34,066 - INFO - [BBC] Success with 'requests_browser'. Found content (446 words).
2026-01-13 06:42:34,101 - INFO - Duplicate article skipped: Philippines landfill collapse: Death toll rises to 11 from BBC
2026-01-13 06:42:34,388 - INFO - [The Guardian] Article: https://www.theguardian.com/world/2026/jan/12/carney-heads-to-beijing-as-trump-america-first-agenda-forces-canada-into-trade-rethink
2026-01-13 06:42:34,388 - INFO - [The Guardian] Attempt 1/1: Trying with 'requests_browser' strategy...
2026-01-13 06:42:34,414 - INFO - [The Guardian] Success with 'requests_browser'. Found content (1253 words).
2026-01-13 06:42:34,451 - INFO - Duplicate article skipped: Carney heads to Beijing as Trump’s America First agenda forces Canada into trade rethink | Canada | The Guardian from The Guardian
2026-01-13 06:42:35,029 - INFO - [BBC] Article: https://www.bbc.com/news/articles/cvgnvqrxl0xo?at_medium=RSS&at_campaign=rss
2026-01-13 06:42:35,029 - INFO - [BBC] Attempt 1/1: Trying with 'requests_browser' strategy...
2026-01-13 06:42:35,069 - INFO - [BBC] Success with 'requests_browser'. Found content (1117 words).
2026-01-13 06:42:35,120 - INFO - Duplicate article skipped: How will investigators determine if ICE shooting was justified? from BBC
2026-01-13 06:42:35,702 - INFO - [The Guardian] Article: https://www.theguardian.com/us-news/2026/jan/12/donald-trump-threatens-block-exxonmobil-venezuela
2026-01-13 06:42:35,703 - INFO - [The Guardian] Attempt 1/1: Trying with 'requests_browser' strategy...
2026-01-13 06:42:35,832 - INFO - [The Guardian] Success with 'requests_browser'. Found content (472 words).
2026-01-13 06:42:35,866 - INFO - Duplicate article skipped: Trump threatens to block ExxonMobil from Venezuela after CEO calls country ‘uninvestable’ | Trump administration | The Guardian from The Guardian
2026-01-13 06:42:35,920 - INFO - Selenium driver initialized successfully.
2026-01-13 06:42:35,921 - INFO - Starting scrape for Times of India RSS feed: https://timesofindia.indiatimes.com/rssfeeds/296589292.cms
2026-01-13 06:42:35,922 - INFO - Selenium driver initialized successfully.
2026-01-13 06:42:35,922 - INFO - Starting scrape for The Hindu RSS feed: https://www.thehindu.com/news/national/feeder/default.rss
2026-01-13 06:42:36,276 - INFO - Found 20 articles in Times of India RSS feed. Processing up to 10.
2026-01-13 06:42:36,276 - INFO - [Times of India] Article: https://timesofindia.indiatimes.com/world/middle-east/uae-issues-weather-alert-as-dense-fog-causes-traffic-delays-in-abu-dhabi-dubai-and-sharjah/articleshow/126498139.cms
2026-01-13 06:42:36,276 - INFO - [Times of India] Attempt 1/1: Trying with 'selenium_browser' strategy...
2026-01-13 06:42:36,344 - INFO - [BBC] Article: https://www.bbc.com/news/articles/cjrznw9e243o?at_medium=RSS&at_campaign=rss
2026-01-13 06:42:36,344 - INFO - [BBC] Attempt 1/1: Trying with 'requests_browser' strategy...
2026-01-13 06:42:36,369 - INFO - [BBC] Success with 'requests_browser'. Found content (391 words).
2026-01-13 06:42:36,405 - INFO - Duplicate article skipped: Josh Cavallo: Pioneering gay footballer accuses former club of homophobia from BBC
2026-01-13 06:42:36,812 - INFO - Found 100 articles in The Hindu RSS feed. Processing up to 10.
2026-01-13 06:42:36,812 - INFO - [The Hindu] Article: https://www.thehindu.com/news/national/kerala/bjp-supports-move-to-officially-rename-kerala-as-keralam/article70504193.ece
2026-01-13 06:42:36,812 - INFO - [The Hindu] Attempt 1/1: Trying with 'selenium_browser' strategy...
2026-01-13 06:44:36,369 - ERROR - [Times of India] Request failed for strategy 'selenium_browser' on URL https://timesofindia.indiatimes.com/world/middle-east/uae-issues-weather-alert-as-dense-fog-causes-traffic-delays-in-abu-dhabi-dubai-and-sharjah/articleshow/126498139.cms: HTTPConnectionPool(host='localhost', port=56847): Read timed out. (read timeout=120)
2026-01-13 06:44:36,369 - ERROR - [Times of India] All scrape strategies failed for https://timesofindia.indiatimes.com/world/middle-east/uae-issues-weather-alert-as-dense-fog-causes-traffic-delays-in-abu-dhabi-dubai-and-sharjah/articleshow/126498139.cms. Falling back to RSS description.
2026-01-13 06:44:36,371 - INFO - Saved article: UAE issues weather alert as dense fog causes traffic delays in Abu Dhabi, Dubai and Sharjah from Times of India
2026-01-13 06:44:36,886 - ERROR - [The Hindu] Request failed for strategy 'selenium_browser' on URL https://www.thehindu.com/news/national/kerala/bjp-supports-move-to-officially-rename-kerala-as-keralam/article70504193.ece: HTTPConnectionPool(host='localhost', port=56683): Read timed out. (read timeout=120)
2026-01-13 06:44:36,886 - ERROR - [The Hindu] All scrape strategies failed for https://www.thehindu.com/news/national/kerala/bjp-supports-move-to-officially-rename-kerala-as-keralam/article70504193.ece. Falling back to RSS description.
2026-01-13 06:44:36,887 - INFO - Saved article: BJP supports move to officially rename Kerala as ‘Keralam’ from The Hindu
2026-01-13 06:44:37,383 - INFO - [Times of India] Article: https://timesofindia.indiatimes.com/world/middle-east/dubai-international-airport-introduces-ticketless-e-wallet-parking-across-all-terminals/articleshow/126497846.cms
2026-01-13 06:44:37,383 - INFO - [Times of India] Attempt 1/1: Trying with 'selenium_browser' strategy...
2026-01-13 06:44:37,700 - INFO - [The Hindu] Article: https://www.thehindu.com/news/national/kerala/wayanad-rehabilitation-cpim-accuses-congress-of-lack-of-transparency-in-fund-use/article70504174.ece
2026-01-13 06:44:37,700 - INFO - [The Hindu] Attempt 1/1: Trying with 'selenium_browser' strategy...
2026-01-13 06:46:37,463 - ERROR - [Times of India] Request failed for strategy 'selenium_browser' on URL https://timesofindia.indiatimes.com/world/middle-east/dubai-international-airport-introduces-ticketless-e-wallet-parking-across-all-terminals/articleshow/126497846.cms: HTTPConnectionPool(host='localhost', port=56847): Read timed out. (read timeout=120)
2026-01-13 06:46:37,463 - ERROR - [Times of India] All scrape strategies failed for https://timesofindia.indiatimes.com/world/middle-east/dubai-international-airport-introduces-ticketless-e-wallet-parking-across-all-terminals/articleshow/126497846.cms. Falling back to RSS description.
2026-01-13 06:46:37,466 - INFO - Saved article: Dubai International Airport introduces ticketless e-wallet parking across all terminals from Times of India
2026-01-13 06:46:37,801 - ERROR - [The Hindu] Request failed for strategy 'selenium_browser' on URL https://www.thehindu.com/news/national/kerala/wayanad-rehabilitation-cpim-accuses-congress-of-lack-of-transparency-in-fund-use/article70504174.ece: HTTPConnectionPool(host='localhost', port=56683): Read timed out. (read timeout=120)
2026-01-13 06:46:37,801 - ERROR - [The Hindu] All scrape strategies failed for https://www.thehindu.com/news/national/kerala/wayanad-rehabilitation-cpim-accuses-congress-of-lack-of-transparency-in-fund-use/article70504174.ece. Falling back to RSS description.
2026-01-13 06:46:37,803 - INFO - Saved article: Wayanad rehabilitation: CPI(M) accuses Congress of lack of transparency in fund use from The Hindu
2026-01-13 06:46:38,346 - INFO - [The Hindu] Article: https://www.thehindu.com/news/national/supreme-court-differs-on-whether-prior-sanction-a-must-for-prosecution-of-government-officials/article70504202.ece
2026-01-13 06:46:38,347 - INFO - [The Hindu] Attempt 1/1: Trying with 'selenium_browser' strategy...
2026-01-13 06:46:38,414 - INFO - [Times of India] Article: https://timesofindia.indiatimes.com/etimes/trending/were-losing-our-country-viral-dallas-clip-by-tpusa-influencer-fuels-anti-indian-hate-in-america/articleshow/126496579.cms
2026-01-13 06:46:38,414 - INFO - [Times of India] Attempt 1/1: Trying with 'selenium_browser' strategy...
2026-01-13 06:47:25,569 - CRITICAL - --- TIMEOUT: 2 scrape jobs did not complete in 300s. ---
2026-01-13 06:47:25,569 - ERROR - A thread has timed out and will be abandoned.
2026-01-13 06:47:25,569 - ERROR - A thread has timed out and will be abandoned.
2026-01-13 06:47:25,569 - INFO - Shutting down thread pool (wait=False)...
2026-01-13 06:47:25,569 - INFO - Scraped: 0 BBC, 0 The Guardian, 2 Timed_Out_Jobs articles. (Total saved: 0)
2026-01-13 06:47:25,569 - INFO - --- Scraping job finished ---
2026-01-13 06:47:25,570 - INFO - --- Scraper service stopped and database connection closed. ---
2026-01-13 06:47:25,570 - INFO - --- Main thread finished. Forcing process exit to kill zombie threads. ---
