2026-02-04 07:01:17,731 - INFO - Initializing database connection at: news_articles.db
2026-02-04 07:01:17,731 - INFO - --- Scraper service started (CI Mode: Run Once) ---
2026-02-04 07:01:17,731 - INFO - --- Starting new scraping job (Parallel Mode) ---
2026-02-04 07:01:17,731 - INFO - Creating new robust session with 3 retries on 5xx/connection/read errors.
2026-02-04 07:01:17,731 - INFO - Proxy is DISABLED.
2026-02-04 07:01:17,732 - INFO - Starting scrape for BBC RSS feed: http://feeds.bbci.co.uk/news/world/rss.xml
2026-02-04 07:01:17,732 - INFO - [Times of India] (Thread) requires Selenium. Initializing driver...
2026-02-04 07:01:17,732 - INFO - Initializing headless Selenium Chrome driver (using SeleniumManager)...
2026-02-04 07:01:17,733 - INFO - Starting scrape for The Guardian RSS feed: https://www.theguardian.com/world/rss
2026-02-04 07:01:17,734 - INFO - [The Hindu] (Thread) requires Selenium. Initializing driver...
2026-02-04 07:01:17,735 - INFO - Submitted 4 jobs to thread pool. Waiting up to 300s for completion...
2026-02-04 07:01:17,736 - INFO - Initializing headless Selenium Chrome driver (using SeleniumManager)...
2026-02-04 07:01:17,838 - INFO - Found 45 articles in The Guardian RSS feed. Processing up to 10.
2026-02-04 07:01:17,838 - INFO - [The Guardian] Article: https://www.theguardian.com/global-development/2026/feb/04/trump-us-china-russia-democratic-recession-peril-human-rights-watch
2026-02-04 07:01:17,838 - INFO - [The Guardian] Attempt 1/1: Trying with 'requests_browser' strategy...
2026-02-04 07:01:17,871 - INFO - [The Guardian] Success with 'requests_browser'. Found content (763 words).
2026-02-04 07:01:17,910 - INFO - Duplicate article skipped: Trump-led abuses amid ‘democratic recession’ put human rights in peril, HRW report says | Human rights | The Guardian from The Guardian
2026-02-04 07:01:17,914 - INFO - Found 34 articles in BBC RSS feed. Processing up to 10.
2026-02-04 07:01:17,914 - INFO - [BBC] Article: https://www.bbc.com/news/articles/cn0k65pnxjxo?at_medium=RSS&at_campaign=rss
2026-02-04 07:01:17,914 - INFO - [BBC] Attempt 1/1: Trying with 'requests_browser' strategy...
2026-02-04 07:01:18,103 - INFO - [BBC] Success with 'requests_browser'. Found content (689 words).
2026-02-04 07:01:18,137 - INFO - Duplicate article skipped: Thousands of Epstein documents taken down after victims identified from BBC
2026-02-04 07:01:18,839 - INFO - [BBC] Article: https://www.bbc.com/news/articles/c3dmjn7n985o?at_medium=RSS&at_campaign=rss
2026-02-04 07:01:18,839 - INFO - [BBC] Attempt 1/1: Trying with 'requests_browser' strategy...
2026-02-04 07:01:18,885 - INFO - [BBC] Success with 'requests_browser'. Found content (704 words).
2026-02-04 07:01:18,919 - INFO - Duplicate article skipped: US says it shot down Iranian drone flying towards aircraft carrier from BBC
2026-02-04 07:01:19,143 - INFO - [The Guardian] Article: https://www.theguardian.com/world/2026/feb/02/israel-agrees-to-limited-reopening-of-rafah-border-crossing-in-gaza
2026-02-04 07:01:19,143 - INFO - [The Guardian] Attempt 1/1: Trying with 'requests_browser' strategy...
2026-02-04 07:01:19,309 - INFO - [The Guardian] Success with 'requests_browser'. Found content (1130 words).
2026-02-04 07:01:19,348 - INFO - Duplicate article skipped: Handful of sick and wounded Palestinians allowed through Rafah crossing on first day | Gaza | The Guardian from The Guardian
2026-02-04 07:01:20,202 - INFO - [BBC] Article: https://www.bbc.com/news/articles/cp37g4xgkxdo?at_medium=RSS&at_campaign=rss
2026-02-04 07:01:20,202 - INFO - [BBC] Attempt 1/1: Trying with 'requests_browser' strategy...
2026-02-04 07:01:20,240 - INFO - [BBC] Success with 'requests_browser'. Found content (412 words).
2026-02-04 07:01:20,271 - INFO - Duplicate article skipped: Saif al-Islam Gaddafi, son of ex-Libyan leader, reportedly shot dead from BBC
2026-02-04 07:01:20,428 - INFO - [The Guardian] Article: https://www.theguardian.com/environment/2026/feb/02/weather-tracker-cyclone-fytia-madagascar-floods
2026-02-04 07:01:20,428 - INFO - [The Guardian] Attempt 1/1: Trying with 'requests_browser' strategy...
2026-02-04 07:01:20,596 - INFO - [The Guardian] Success with 'requests_browser'. Found content (389 words).
2026-02-04 07:01:20,627 - INFO - Duplicate article skipped: Weather tracker: Cyclone Fytia in Madagascar kills several people and floods homes | Madagascar | The Guardian from The Guardian
2026-02-04 07:01:21,022 - INFO - [BBC] Article: https://www.bbc.com/news/articles/cdx43rxgyk1o?at_medium=RSS&at_campaign=rss
2026-02-04 07:01:21,023 - INFO - [BBC] Attempt 1/1: Trying with 'requests_browser' strategy...
2026-02-04 07:01:21,067 - INFO - [BBC] Success with 'requests_browser'. Found content (871 words).
2026-02-04 07:01:21,103 - INFO - Duplicate article skipped: Trial of Norway crown princess's son hears tearful account in rape trial from BBC
2026-02-04 07:01:21,513 - INFO - [The Guardian] Article: https://www.theguardian.com/law/2026/feb/02/more-than-100000-civilians-killed-war-crimes-out-of-control-study
2026-02-04 07:01:21,513 - INFO - [The Guardian] Attempt 1/1: Trying with 'requests_browser' strategy...
2026-02-04 07:01:21,543 - INFO - [The Guardian] Success with 'requests_browser'. Found content (732 words).
2026-02-04 07:01:21,573 - INFO - Duplicate article skipped: International law meant to limit effects of war at breaking point, study finds | War crimes | The Guardian from The Guardian
2026-02-04 07:01:22,104 - INFO - [The Guardian] Article: https://www.theguardian.com/world/2026/jan/30/more-than-200-killed-in-coltan-mine-collapse-in-eastern-drc-officials-say
2026-02-04 07:01:22,104 - INFO - [The Guardian] Attempt 1/1: Trying with 'requests_browser' strategy...
2026-02-04 07:01:22,199 - INFO - [BBC] Article: https://www.bbc.com/news/articles/c04105ywkkqo?at_medium=RSS&at_campaign=rss
2026-02-04 07:01:22,199 - INFO - [BBC] Attempt 1/1: Trying with 'requests_browser' strategy...
2026-02-04 07:01:22,255 - INFO - [BBC] Success with 'requests_browser'. Found content (1496 words).
2026-02-04 07:01:22,313 - INFO - Duplicate article skipped: BBC joins Colombian commandos on search for jungle cocaine labs from BBC
2026-02-04 07:01:22,321 - INFO - [The Guardian] Success with 'requests_browser'. Found content (306 words).
2026-02-04 07:01:22,349 - INFO - Duplicate article skipped: More than 200 killed in coltan mine collapse in eastern DRC, officials say | Democratic Republic of the Congo | The Guardian from The Guardian
2026-02-04 07:01:22,862 - INFO - [BBC] Article: https://www.bbc.com/news/articles/c5y2nddvmryo?at_medium=RSS&at_campaign=rss
2026-02-04 07:01:22,862 - INFO - [BBC] Attempt 1/1: Trying with 'requests_browser' strategy...
2026-02-04 07:01:22,905 - INFO - [BBC] Success with 'requests_browser'. Found content (591 words).
2026-02-04 07:01:22,938 - INFO - Duplicate article skipped: Spain announces plans to ban social media for under-16s from BBC
2026-02-04 07:01:23,036 - INFO - [The Guardian] Article: https://www.theguardian.com/news/audio/2026/feb/04/the-people-betting-on-catastrophic-world-events-podcast
2026-02-04 07:01:23,036 - INFO - [The Guardian] Attempt 1/1: Trying with 'requests_browser' strategy...
2026-02-04 07:01:23,066 - INFO - [The Guardian] Success with 'requests_browser'. Found content (320 words).
2026-02-04 07:01:23,100 - INFO - Duplicate article skipped: The people betting on catastrophic world events – podcast | Business | The Guardian from The Guardian
2026-02-04 07:01:23,516 - INFO - [BBC] Article: https://www.bbc.com/news/articles/cdre825p110o?at_medium=RSS&at_campaign=rss
2026-02-04 07:01:23,517 - INFO - [BBC] Attempt 1/1: Trying with 'requests_browser' strategy...
2026-02-04 07:01:23,552 - INFO - [BBC] Success with 'requests_browser'. Found content (169 words).
2026-02-04 07:01:23,585 - INFO - Duplicate article skipped: Fourteen migrants dead after collision with Greek coastguard boat from BBC
2026-02-04 07:01:24,162 - INFO - [The Guardian] Article: https://www.theguardian.com/world/2026/feb/03/colombian-president-and-trump-put-aside-insults-for-amicable-white-house-meeting
2026-02-04 07:01:24,162 - INFO - [The Guardian] Attempt 1/1: Trying with 'requests_browser' strategy...
2026-02-04 07:01:24,325 - INFO - [The Guardian] Success with 'requests_browser'. Found content (740 words).
2026-02-04 07:01:24,367 - INFO - Duplicate article skipped: Colombian president and Trump put aside insults for amicable White House meeting | Colombia | The Guardian from The Guardian
2026-02-04 07:01:24,646 - INFO - [BBC] Article: https://www.bbc.com/news/articles/cly90xyp6k6o?at_medium=RSS&at_campaign=rss
2026-02-04 07:01:24,647 - INFO - [BBC] Attempt 1/1: Trying with 'requests_browser' strategy...
2026-02-04 07:01:24,684 - INFO - [BBC] Success with 'requests_browser'. Found content (400 words).
2026-02-04 07:01:24,716 - INFO - Duplicate article skipped: Liu Hu: Rights groups say China detained two journalists over corruption report from BBC
2026-02-04 07:01:25,278 - INFO - [The Guardian] Article: https://www.theguardian.com/us-news/2026/feb/02/trump-administration-blocked-tps-haitians
2026-02-04 07:01:25,278 - INFO - [The Guardian] Attempt 1/1: Trying with 'requests_browser' strategy...
2026-02-04 07:01:25,307 - INFO - [The Guardian] Success with 'requests_browser'. Found content (475 words).
2026-02-04 07:01:25,339 - INFO - Duplicate article skipped: Judge blocks Trump administration’s stripping of Haitians’ protected status | US immigration | The Guardian from The Guardian
2026-02-04 07:01:25,716 - INFO - [BBC] Article: https://www.bbc.com/news/articles/cly3ezj3rg3o?at_medium=RSS&at_campaign=rss
2026-02-04 07:01:25,716 - INFO - [BBC] Attempt 1/1: Trying with 'requests_browser' strategy...
2026-02-04 07:01:25,763 - INFO - [BBC] Success with 'requests_browser'. Found content (1021 words).
2026-02-04 07:01:25,799 - INFO - Duplicate article skipped: Austin Appelbee: Australia boy, 13, describes swim to save family from BBC
2026-02-04 07:01:26,686 - INFO - [BBC] Article: https://www.bbc.com/news/articles/c5yd3x7yreno?at_medium=RSS&at_campaign=rss
2026-02-04 07:01:26,686 - INFO - [BBC] Attempt 1/1: Trying with 'requests_browser' strategy...
2026-02-04 07:01:26,696 - INFO - [The Guardian] Article: https://www.theguardian.com/world/2026/feb/02/claudia-sheinbaum-mexico-oil-cuba-trump
2026-02-04 07:01:26,696 - INFO - [The Guardian] Attempt 1/1: Trying with 'requests_browser' strategy...
2026-02-04 07:01:26,744 - INFO - [The Guardian] Success with 'requests_browser'. Found content (687 words).
2026-02-04 07:01:26,774 - INFO - Duplicate article skipped: Mexico’s president pledges to send aid to Cuba despite US efforts to cut oil access | Mexico | The Guardian from The Guardian
2026-02-04 07:01:26,779 - INFO - [BBC] Success with 'requests_browser'. Found content (566 words).
2026-02-04 07:01:26,813 - INFO - Duplicate article skipped: Seven million cancers a year are preventable, says global report from BBC
2026-02-04 07:01:28,057 - INFO - [The Guardian] Article: https://www.theguardian.com/us-news/2026/feb/02/rightwing-brazilian-influencer-junior-pena-arrested-by-ice
2026-02-04 07:01:28,057 - INFO - [The Guardian] Attempt 1/1: Trying with 'requests_browser' strategy...
2026-02-04 07:01:28,086 - INFO - [The Guardian] Success with 'requests_browser'. Found content (422 words).
2026-02-04 07:01:28,122 - INFO - Duplicate article skipped: Brazilian influencer who defended US immigration crackdown arrested by ICE | US news | The Guardian from The Guardian
2026-02-04 07:01:28,801 - INFO - Selenium driver initialized successfully.
2026-02-04 07:01:28,802 - INFO - Selenium driver initialized successfully.
2026-02-04 07:01:28,802 - INFO - Starting scrape for Times of India RSS feed: https://timesofindia.indiatimes.com/rssfeeds/296589292.cms
2026-02-04 07:01:28,802 - INFO - Starting scrape for The Hindu RSS feed: https://www.thehindu.com/news/national/feeder/default.rss
2026-02-04 07:01:28,981 - INFO - Found 100 articles in The Hindu RSS feed. Processing up to 10.
2026-02-04 07:01:28,981 - INFO - [The Hindu] Article: https://www.thehindu.com/news/national/maharashtra/fadnavis-not-party-to-ncp-merger-talks-has-no-right-to-comment-sharad-pawar/article70590478.ece
2026-02-04 07:01:28,981 - INFO - [The Hindu] Attempt 1/1: Trying with 'selenium_browser' strategy...
2026-02-04 07:01:29,185 - INFO - Found 20 articles in Times of India RSS feed. Processing up to 10.
2026-02-04 07:01:29,185 - INFO - [Times of India] Article: https://timesofindia.indiatimes.com/world/middle-east/singapore-airlines-launches-non-stop-flights-to-riyadh-after-12-years-new-route-details-benefits-explained/articleshow/127900492.cms
2026-02-04 07:01:29,185 - INFO - [Times of India] Attempt 1/1: Trying with 'selenium_browser' strategy...
2026-02-04 07:02:28,989 - ERROR - [The Hindu] Request failed for strategy 'selenium_browser' on URL https://www.thehindu.com/news/national/maharashtra/fadnavis-not-party-to-ncp-merger-talks-has-no-right-to-comment-sharad-pawar/article70590478.ece: Message: timeout: Timed out receiving message from renderer: 59.490
  (Session info: chrome=144.0.7559.96)
Stacktrace:
#0 0x560cce8e5afa <unknown>
#1 0x560cce2ff60f <unknown>
#2 0x560cce2e6d11 <unknown>
#3 0x560cce2e6936 <unknown>
#4 0x560cce2e444b <unknown>
#5 0x560cce2e4dcf <unknown>
#6 0x560cce2f42e0 <unknown>
#7 0x560cce30e2b7 <unknown>
#8 0x560cce3154bb <unknown>
#9 0x560cce2e5539 <unknown>
#10 0x560cce30e04c <unknown>
#11 0x560cce39d9a3 <unknown>
#12 0x560cce346842 <unknown>
#13 0x560cce347631 <unknown>
#14 0x560cce8ab689 <unknown>
#15 0x560cce8ae581 <unknown>
#16 0x560cce897ca9 <unknown>
#17 0x560cce8af13e <unknown>
#18 0x560cce87e3a0 <unknown>
#19 0x560cce8d2fc8 <unknown>
#20 0x560cce8d319b <unknown>
#21 0x560cce8e4e68 <unknown>
#22 0x7fcadea9caa4 <unknown>
#23 0x7fcadeb29c6c <unknown>

2026-02-04 07:02:28,989 - ERROR - [The Hindu] All scrape strategies failed for https://www.thehindu.com/news/national/maharashtra/fadnavis-not-party-to-ncp-merger-talks-has-no-right-to-comment-sharad-pawar/article70590478.ece. Falling back to RSS description.
2026-02-04 07:02:28,991 - INFO - Saved article: Fadnavis not party to NCP merger talks, has no right to comment: Sharad Pawar from The Hindu
2026-02-04 07:02:29,204 - ERROR - [Times of India] Request failed for strategy 'selenium_browser' on URL https://timesofindia.indiatimes.com/world/middle-east/singapore-airlines-launches-non-stop-flights-to-riyadh-after-12-years-new-route-details-benefits-explained/articleshow/127900492.cms: Message: timeout: Timed out receiving message from renderer: 59.866
  (Session info: chrome=144.0.7559.96)
Stacktrace:
#0 0x559c5080eafa <unknown>
#1 0x559c5022860f <unknown>
#2 0x559c5020fd11 <unknown>
#3 0x559c5020f936 <unknown>
#4 0x559c5020d44b <unknown>
#5 0x559c5020ddcf <unknown>
#6 0x559c5021d2e0 <unknown>
#7 0x559c502372b7 <unknown>
#8 0x559c5023e4bb <unknown>
#9 0x559c5020e539 <unknown>
#10 0x559c5023704c <unknown>
#11 0x559c502c69a3 <unknown>
#12 0x559c5026f842 <unknown>
#13 0x559c50270631 <unknown>
#14 0x559c507d4689 <unknown>
#15 0x559c507d7581 <unknown>
#16 0x559c507c0ca9 <unknown>
#17 0x559c507d813e <unknown>
#18 0x559c507a73a0 <unknown>
#19 0x559c507fbfc8 <unknown>
#20 0x559c507fc19b <unknown>
#21 0x559c5080de68 <unknown>
#22 0x7fe8e349caa4 <unknown>
#23 0x7fe8e3529c6c <unknown>

2026-02-04 07:02:29,204 - ERROR - [Times of India] All scrape strategies failed for https://timesofindia.indiatimes.com/world/middle-east/singapore-airlines-launches-non-stop-flights-to-riyadh-after-12-years-new-route-details-benefits-explained/articleshow/127900492.cms. Falling back to RSS description.
2026-02-04 07:02:29,206 - INFO - Saved article: Singapore Airlines launches non-stop flights to Riyadh after 12 years: New route details, benefits explained from Times of India
2026-02-04 07:02:29,891 - INFO - [The Hindu] Article: https://www.thehindu.com/news/national/manipur/manipur-cm-yumnam-khemchand-singh-bjp-who-is-he/article70590341.ece
2026-02-04 07:02:29,891 - INFO - [The Hindu] Attempt 1/1: Trying with 'selenium_browser' strategy...
2026-02-04 07:02:30,198 - INFO - [Times of India] Article: https://timesofindia.indiatimes.com/world/middle-east/dubai-set-to-adopt-chinas-sponge-city-model-what-the-future-city-could-look-like/articleshow/127900886.cms
2026-02-04 07:02:30,198 - INFO - [Times of India] Attempt 1/1: Trying with 'selenium_browser' strategy...
2026-02-04 07:02:31,660 - INFO - [The Hindu] Page content loaded.
2026-02-04 07:02:31,746 - INFO - [The Hindu] Success with 'selenium_browser'. Found content (488 words).
2026-02-04 07:02:31,934 - INFO - Saved article: Manipur set to get a new CM: Who is Yumnam Khemchand Singh? - The Hindu from The Hindu
2026-02-04 07:02:33,434 - INFO - [The Hindu] Article: https://www.thehindu.com/news/national/tamil-nadu/tn-higher-education-minister-skips-anna-university-convocation/article70590551.ece
2026-02-04 07:02:33,434 - INFO - [The Hindu] Attempt 1/1: Trying with 'selenium_browser' strategy...
2026-02-04 07:03:30,209 - ERROR - [Times of India] Request failed for strategy 'selenium_browser' on URL https://timesofindia.indiatimes.com/world/middle-east/dubai-set-to-adopt-chinas-sponge-city-model-what-the-future-city-could-look-like/articleshow/127900886.cms: Message: timeout: Timed out receiving message from renderer: 59.618
  (Session info: chrome=144.0.7559.96)
Stacktrace:
#0 0x559c5080eafa <unknown>
#1 0x559c5022860f <unknown>
#2 0x559c5020fd11 <unknown>
#3 0x559c5020f936 <unknown>
#4 0x559c5020d44b <unknown>
#5 0x559c5020ddcf <unknown>
#6 0x559c5021d2e0 <unknown>
#7 0x559c502372b7 <unknown>
#8 0x559c5023e4bb <unknown>
#9 0x559c5020e539 <unknown>
#10 0x559c5023704c <unknown>
#11 0x559c502c69a3 <unknown>
#12 0x559c5026f842 <unknown>
#13 0x559c50270631 <unknown>
#14 0x559c507d4689 <unknown>
#15 0x559c507d7581 <unknown>
#16 0x559c507c0ca9 <unknown>
#17 0x559c507d813e <unknown>
#18 0x559c507a73a0 <unknown>
#19 0x559c507fbfc8 <unknown>
#20 0x559c507fc19b <unknown>
#21 0x559c5080de68 <unknown>
#22 0x7fe8e349caa4 <unknown>
#23 0x7fe8e3529c6c <unknown>

2026-02-04 07:03:30,210 - ERROR - [Times of India] All scrape strategies failed for https://timesofindia.indiatimes.com/world/middle-east/dubai-set-to-adopt-chinas-sponge-city-model-what-the-future-city-could-look-like/articleshow/127900886.cms. Falling back to RSS description.
2026-02-04 07:03:30,212 - INFO - Saved article: Dubai set to adopt China’s ‘Sponge City’ model — What the future city could look like from Times of India
2026-02-04 07:03:31,209 - INFO - [Times of India] Article: https://timesofindia.indiatimes.com/defence/news/inside-chinas-gray-zone-activities-how-beijing-is-salami-slicing-its-way-to-influence/articleshow/127881139.cms
2026-02-04 07:03:31,209 - INFO - [Times of India] Attempt 1/1: Trying with 'selenium_browser' strategy...
2026-02-04 07:03:33,452 - ERROR - [The Hindu] Request failed for strategy 'selenium_browser' on URL https://www.thehindu.com/news/national/tamil-nadu/tn-higher-education-minister-skips-anna-university-convocation/article70590551.ece: Message: timeout: Timed out receiving message from renderer: 59.178
  (Session info: chrome=144.0.7559.96)
Stacktrace:
#0 0x560cce8e5afa <unknown>
#1 0x560cce2ff60f <unknown>
#2 0x560cce2e6d11 <unknown>
#3 0x560cce2e6936 <unknown>
#4 0x560cce2e444b <unknown>
#5 0x560cce2e4dcf <unknown>
#6 0x560cce2f42e0 <unknown>
#7 0x560cce30e2b7 <unknown>
#8 0x560cce3154bb <unknown>
#9 0x560cce2e5539 <unknown>
#10 0x560cce30e04c <unknown>
#11 0x560cce39d9a3 <unknown>
#12 0x560cce346842 <unknown>
#13 0x560cce347631 <unknown>
#14 0x560cce8ab689 <unknown>
#15 0x560cce8ae581 <unknown>
#16 0x560cce897ca9 <unknown>
#17 0x560cce8af13e <unknown>
#18 0x560cce87e3a0 <unknown>
#19 0x560cce8d2fc8 <unknown>
#20 0x560cce8d319b <unknown>
#21 0x560cce8e4e68 <unknown>
#22 0x7fcadea9caa4 <unknown>
#23 0x7fcadeb29c6c <unknown>

2026-02-04 07:03:33,453 - ERROR - [The Hindu] All scrape strategies failed for https://www.thehindu.com/news/national/tamil-nadu/tn-higher-education-minister-skips-anna-university-convocation/article70590551.ece. Falling back to RSS description.
2026-02-04 07:03:33,462 - INFO - Saved article: T.N. Higher Education Minister skips Anna University convocation from The Hindu
2026-02-04 07:03:34,038 - INFO - [The Hindu] Article: https://www.thehindu.com/news/national/supreme-court-orders-sit-probe-anil-ambani-adag-alleged-bank-fraud-case/article70590512.ece
2026-02-04 07:03:34,038 - INFO - [The Hindu] Attempt 1/1: Trying with 'selenium_browser' strategy...
2026-02-04 07:03:34,780 - INFO - [The Hindu] Page content loaded.
2026-02-04 07:03:34,824 - INFO - [The Hindu] Success with 'selenium_browser'. Found content (216 words).
2026-02-04 07:03:34,869 - INFO - Saved article: Anil Ambani-ADAG alleged bank fraud case: Supreme Court orders SIT probe; criticises delay by ED, CBI - The Hindu from The Hindu
2026-02-04 07:03:35,942 - INFO - [The Hindu] Article: https://www.thehindu.com/news/national/karnataka/shivamogga-masterplan-2041-submitted-to-karnataka-government-for-approval/article70590486.ece
2026-02-04 07:03:35,942 - INFO - [The Hindu] Attempt 1/1: Trying with 'selenium_browser' strategy...
2026-02-04 07:03:39,116 - INFO - [The Hindu] Page content loaded.
2026-02-04 07:03:39,323 - INFO - [The Hindu] Success with 'selenium_browser'. Found content (262 words).
2026-02-04 07:03:39,398 - INFO - Saved article: Shivamogga Masterplan 2041 submitted to Karnataka govt for approval - The Hindu from The Hindu
2026-02-04 07:03:40,085 - INFO - [The Hindu] Article: https://www.thehindu.com/news/week-in-five-charts-union-budget-2026-ajit-pawar-crash/article70586263.ece
2026-02-04 07:03:40,086 - INFO - [The Hindu] Attempt 1/1: Trying with 'selenium_browser' strategy...
2026-02-04 07:03:42,276 - INFO - [The Hindu] Page content loaded.
2026-02-04 07:03:42,354 - INFO - [The Hindu] Success with 'selenium_browser'. Found content (790 words).
2026-02-04 07:03:42,425 - INFO - Saved article: Union Budget 2026 to India-EU FTA: This week in top charts - The Hindu from The Hindu
2026-02-04 07:03:43,599 - INFO - [The Hindu] Article: https://www.thehindu.com/news/cities/Hyderabad/man-ends-life-at-residence-in-chikkadapally-police-say-allegations-of-harassment-cannot-be-confirmed-yet/article70590449.ece
2026-02-04 07:03:43,599 - INFO - [The Hindu] Attempt 1/1: Trying with 'selenium_browser' strategy...
2026-02-04 07:03:44,075 - WARNING - [Times of India] Page timed out (10s). No <p> tags found. Proceeding anyway.
2026-02-04 07:03:44,308 - INFO - [Times of India] Success with 'selenium_browser'. Found content (2442 words).
2026-02-04 07:03:44,379 - INFO - [The Hindu] Page content loaded.
2026-02-04 07:03:44,406 - INFO - Duplicate article skipped: Inside China’s gray zone activities: How Beijing is salami slicing its way to influence - The Times of India from Times of India
2026-02-04 07:03:44,449 - INFO - [The Hindu] Success with 'selenium_browser'. Found content (247 words).
2026-02-04 07:03:44,536 - INFO - Saved article: Man ends life at residence in Chikkadapally; police say allegations of harassment cannot be confirmed yet - The Hindu from The Hindu
2026-02-04 07:03:45,068 - INFO - [The Hindu] Article: https://www.thehindu.com/sci-tech/technology/google-parent-alphabet-plans-major-india-expansion-as-us-tightens-visa-rules-report/article70590119.ece
2026-02-04 07:03:45,068 - INFO - [The Hindu] Attempt 1/1: Trying with 'selenium_browser' strategy...
2026-02-04 07:03:45,736 - INFO - [Times of India] Article: https://timesofindia.indiatimes.com/world/us/indian-national-convicted-in-us-for-sexual-assault-during-flight/articleshow/127900428.cms
2026-02-04 07:03:45,736 - INFO - [Times of India] Attempt 1/1: Trying with 'selenium_browser' strategy...
2026-02-04 07:03:45,956 - INFO - [The Hindu] Page content loaded.
2026-02-04 07:03:46,196 - INFO - [The Hindu] Success with 'selenium_browser'. Found content (181 words).
2026-02-04 07:03:46,283 - INFO - Saved article: Google-parent Alphabet plans major India expansion as US tightens visa rules: Report - The Hindu from The Hindu
2026-02-04 07:03:47,294 - INFO - [The Hindu] Article: https://www.thehindu.com/news/national/kerala/kerala-assembly-passes-resolution-against-continuing-neglect-of-state-by-centre/article70590492.ece
2026-02-04 07:03:47,295 - INFO - [The Hindu] Attempt 1/1: Trying with 'selenium_browser' strategy...
2026-02-04 07:03:48,350 - INFO - [The Hindu] Page content loaded.
2026-02-04 07:03:48,798 - INFO - [The Hindu] Success with 'selenium_browser'. Found content (771 words).
2026-02-04 07:03:48,907 - INFO - Saved article: Kerala Assembly passes resolution against ‘continuing neglect’ of State by Centre - The Hindu from The Hindu
2026-02-04 07:03:50,032 - INFO - [The Hindu] Article: https://www.thehindu.com/videos/watch-the-hindu-editorial-on-the-us-india-trade-deal-americas-tariffs/article70590523.ece
2026-02-04 07:03:50,032 - INFO - [The Hindu] Attempt 1/1: Trying with 'selenium_browser' strategy...
2026-02-04 07:03:50,475 - INFO - [Times of India] Page content loaded.
2026-02-04 07:03:50,740 - INFO - [Times of India] Success with 'selenium_browser'. Found content (206 words).
2026-02-04 07:03:50,928 - INFO - Saved article: Indian national convicted in US for sexual assault during flight - The Times of India from Times of India
2026-02-04 07:03:51,548 - INFO - [The Hindu] Page content loaded.
2026-02-04 07:03:51,723 - INFO - [The Hindu] Success with 'selenium_browser'. Found content (141 words).
2026-02-04 07:03:51,828 - INFO - Saved article: Watch: The Hindu Editorial | On the U.S.-India trade deal, America’s tariffs - The Hindu from The Hindu
2026-02-04 07:03:51,849 - INFO - [Times of India] Article: https://timesofindia.indiatimes.com/world/europe/elon-musk-calls-spanish-pm-dirty-sanchez-for-proposing-social-media-ban-for-minors/articleshow/127898828.cms
2026-02-04 07:03:51,850 - INFO - [Times of India] Attempt 1/1: Trying with 'selenium_browser' strategy...
2026-02-04 07:03:52,614 - INFO - [Times of India] Page content loaded.
2026-02-04 07:03:52,730 - INFO - [Times of India] Success with 'selenium_browser'. Found content (501 words).
2026-02-04 07:03:52,782 - INFO - Duplicate article skipped: Elon Musk calls Spanish PM 'dirty Sanchez' for proposing social media ban for minors - The Times of India from Times of India
2026-02-04 07:03:53,123 - INFO - [The Hindu] (Thread) Finished. Attempting to shut down its Selenium driver.
2026-02-04 07:03:53,254 - INFO - [The Hindu] (Thread) driver.quit() successful.
2026-02-04 07:03:53,726 - INFO - [Times of India] Article: https://timesofindia.indiatimes.com/world/rest-of-world/who-was-saif-al-islam-gaddafi-son-of-late-libya-dictator-moammar-gaddafi-killed-in-his-home/articleshow/127897864.cms
2026-02-04 07:03:53,726 - INFO - [Times of India] Attempt 1/1: Trying with 'selenium_browser' strategy...
2026-02-04 07:03:54,186 - INFO - [Times of India] Page content loaded.
2026-02-04 07:03:54,320 - INFO - [Times of India] Success with 'selenium_browser'. Found content (703 words).
2026-02-04 07:03:54,369 - INFO - Duplicate article skipped: Who was Saif al-Islam Gaddafi? Son of late Libya dictator Moammar Gaddafi killed in his home - The Times of India from Times of India
2026-02-04 07:03:55,392 - INFO - [Times of India] Article: https://timesofindia.indiatimes.com/world/pakistan/us-iran-tensions-pakistan-to-be-a-part-of-turkey-led-peace-talks/articleshow/127898563.cms
2026-02-04 07:03:55,393 - INFO - [Times of India] Attempt 1/1: Trying with 'selenium_browser' strategy...
2026-02-04 07:03:56,091 - INFO - [Times of India] Page content loaded.
2026-02-04 07:03:56,206 - INFO - [Times of India] Success with 'selenium_browser'. Found content (452 words).
2026-02-04 07:03:56,254 - INFO - Duplicate article skipped: US-Iran tensions: Pakistan to be a part of Turkey-led peace talks - The Times of India from Times of India
2026-02-04 07:03:57,077 - INFO - [Times of India] Article: https://timesofindia.indiatimes.com/world/middle-east/gallery-with-caf-artist-daniel-arsham-opens-new-art-driven-coffee-and-dessert-restaurant-in-dubai-mall/articleshow/127899993.cms
2026-02-04 07:03:57,077 - INFO - [Times of India] Attempt 1/1: Trying with 'selenium_browser' strategy...
2026-02-04 07:03:59,255 - INFO - [Times of India] Page content loaded.
2026-02-04 07:03:59,425 - INFO - [Times of India] Success with 'selenium_browser'. Found content (611 words).
2026-02-04 07:03:59,506 - INFO - Saved article: Gallery with café? Artist Daniel Arsham opens new art-driven coffee and dessert restaurant in Dubai Mall - The Times of India from Times of India
2026-02-04 07:04:00,559 - INFO - [Times of India] Article: https://timesofindia.indiatimes.com/world/middle-east/watch-dubais-craziest-jaw-dropping-stunt-xdubai-wingsuit-daredevils-fly-through-worlds-tallest-hotel-at-200km/h/articleshow/127899332.cms
2026-02-04 07:04:00,560 - INFO - [Times of India] Attempt 1/1: Trying with 'selenium_browser' strategy...
2026-02-04 07:04:02,507 - INFO - [Times of India] Page content loaded.
2026-02-04 07:04:02,764 - INFO - [Times of India] Success with 'selenium_browser'. Found content (784 words).
2026-02-04 07:04:02,833 - INFO - Duplicate article skipped: Watch Dubai’s craziest jaw-dropping stunt: XDubai wingsuit daredevils fly through world's tallest hotel at 200km/h - The Times of India from Times of India
2026-02-04 07:04:03,927 - INFO - [Times of India] Article: https://timesofindia.indiatimes.com/defence/international/us-russia-nuclear-treaty-nears-expiry-kremlin-warns-of-dangerous-moment-why-new-start-matters-for-global-security/articleshow/127897834.cms
2026-02-04 07:04:03,927 - INFO - [Times of India] Attempt 1/1: Trying with 'selenium_browser' strategy...
2026-02-04 07:04:04,867 - INFO - [Times of India] Page content loaded.
2026-02-04 07:04:04,976 - INFO - [Times of India] Success with 'selenium_browser'. Found content (740 words).
2026-02-04 07:04:05,019 - INFO - Duplicate article skipped: US-Russia nuclear treaty nears expiry, Kremlin warns of 'dangerous' moment: Why New START matters for global security - The Times of India from Times of India
2026-02-04 07:04:06,360 - INFO - [Times of India] (Thread) Finished. Attempting to shut down its Selenium driver.
2026-02-04 07:04:06,618 - INFO - [Times of India] (Thread) driver.quit() successful.
2026-02-04 07:04:06,618 - INFO - Shutting down thread pool (wait=False)...
2026-02-04 07:04:06,618 - INFO - Scraped: 4 Times of India, 0 BBC, 10 The Hindu, 0 The Guardian articles. (Total saved: 14)
2026-02-04 07:04:06,618 - INFO - --- Scraping job finished ---
2026-02-04 07:04:06,623 - INFO - --- Scraper service stopped and database connection closed. ---
2026-02-04 07:04:06,623 - INFO - --- Main thread finished. Forcing process exit to kill zombie threads. ---
