2025-12-29 04:53:35,545 - INFO - Initializing database connection at: news_articles.db
2025-12-29 04:53:35,546 - INFO - --- Scraper service started (CI Mode: Run Once) ---
2025-12-29 04:53:35,546 - INFO - --- Starting new scraping job (Parallel Mode) ---
2025-12-29 04:53:35,546 - INFO - Creating new robust session with 3 retries on 5xx/connection/read errors.
2025-12-29 04:53:35,546 - INFO - Proxy is DISABLED.
2025-12-29 04:53:35,546 - INFO - Starting scrape for BBC RSS feed: http://feeds.bbci.co.uk/news/world/rss.xml
2025-12-29 04:53:35,546 - INFO - [Times of India] (Thread) requires Selenium. Initializing driver...
2025-12-29 04:53:35,547 - INFO - Initializing headless Selenium Chrome driver (using SeleniumManager)...
2025-12-29 04:53:35,547 - INFO - Starting scrape for The Guardian RSS feed: https://www.theguardian.com/world/rss
2025-12-29 04:53:35,548 - INFO - [The Hindu] (Thread) requires Selenium. Initializing driver...
2025-12-29 04:53:35,548 - INFO - Initializing headless Selenium Chrome driver (using SeleniumManager)...
2025-12-29 04:53:35,548 - INFO - Submitted 4 jobs to thread pool. Waiting up to 300s for completion...
2025-12-29 04:53:35,645 - INFO - Found 45 articles in The Guardian RSS feed. Processing up to 10.
2025-12-29 04:53:35,645 - INFO - [The Guardian] Article: https://www.theguardian.com/world/2025/dec/28/central-african-republic-goes-to-polls-as-president-seeks-third-term
2025-12-29 04:53:35,645 - INFO - [The Guardian] Attempt 1/1: Trying with 'requests_browser' strategy...
2025-12-29 04:53:35,670 - INFO - [The Guardian] Success with 'requests_browser'. Found content (637 words).
2025-12-29 04:53:35,705 - INFO - Duplicate article skipped: Central African Republic goes to polls as president seeks third term | Central African Republic | The Guardian from The Guardian
2025-12-29 04:53:36,128 - INFO - Found 30 articles in BBC RSS feed. Processing up to 10.
2025-12-29 04:53:36,128 - INFO - [BBC] Article: https://www.bbc.com/news/articles/c87l7xjp235o?at_medium=RSS&at_campaign=rss
2025-12-29 04:53:36,128 - INFO - [BBC] Attempt 1/1: Trying with 'requests_browser' strategy...
2025-12-29 04:53:36,303 - INFO - [BBC] Success with 'requests_browser'. Found content (683 words).
2025-12-29 04:53:36,355 - INFO - Saved article: China holds military drills around Taiwan as warning to 'separatist forces' from BBC
2025-12-29 04:53:36,951 - INFO - [The Guardian] Article: https://www.theguardian.com/world/2025/dec/27/guinea-junta-leader-mamady-doumbouya-frontrunner-president-election
2025-12-29 04:53:36,951 - INFO - [The Guardian] Attempt 1/1: Trying with 'requests_browser' strategy...
2025-12-29 04:53:37,123 - INFO - [The Guardian] Success with 'requests_browser'. Found content (681 words).
2025-12-29 04:53:37,160 - INFO - Duplicate article skipped: Opposition anger as Guinea’s junta leader is frontrunner to be elected president | Guinea | The Guardian from The Guardian
2025-12-29 04:53:37,712 - INFO - [The Guardian] Article: https://www.theguardian.com/world/2025/dec/26/israel-first-country-to-recognise-somaliland-sovereign-state
2025-12-29 04:53:37,712 - INFO - [The Guardian] Attempt 1/1: Trying with 'requests_browser' strategy...
2025-12-29 04:53:37,791 - INFO - [BBC] Article: https://www.bbc.com/news/articles/cj4qp17e1lqo?at_medium=RSS&at_campaign=rss
2025-12-29 04:53:37,791 - INFO - [BBC] Attempt 1/1: Trying with 'requests_browser' strategy...
2025-12-29 04:53:37,873 - INFO - [The Guardian] Success with 'requests_browser'. Found content (760 words).
2025-12-29 04:53:37,907 - INFO - Duplicate article skipped: Israel becomes first country to recognise Somaliland as sovereign state | Somaliland | The Guardian from The Guardian
2025-12-29 04:53:38,398 - INFO - [BBC] Success with 'requests_browser'. Found content (1961 words).
2025-12-29 04:53:38,440 - INFO - Saved article: John Simpson: 'I've never seen a year as worrying as 2025' from BBC
2025-12-29 04:53:39,001 - INFO - [The Guardian] Article: https://www.theguardian.com/world/2025/dec/26/british-egyptian-activist-alaa-abd-el-fattah-arrives-in-uk-after-travel-ban-lifted
2025-12-29 04:53:39,001 - INFO - [The Guardian] Attempt 1/1: Trying with 'requests_browser' strategy...
2025-12-29 04:53:39,165 - INFO - [The Guardian] Success with 'requests_browser'. Found content (667 words).
2025-12-29 04:53:39,210 - INFO - Duplicate article skipped: British-Egyptian activist Alaa Abd el-Fattah arrives in UK after travel ban lifted | Egypt | The Guardian from The Guardian
2025-12-29 04:53:39,506 - INFO - [BBC] Article: https://www.bbc.com/news/articles/cx2328e70y7o?at_medium=RSS&at_campaign=rss
2025-12-29 04:53:39,506 - INFO - [BBC] Attempt 1/1: Trying with 'requests_browser' strategy...
2025-12-29 04:53:39,531 - INFO - [BBC] Success with 'requests_browser'. Found content (303 words).
2025-12-29 04:53:39,563 - INFO - Saved article: Mexico train crash kills 13 and injures almost 100 from BBC
2025-12-29 04:53:40,368 - INFO - [BBC] Article: https://www.bbc.com/news/articles/cly92pr8qryo?at_medium=RSS&at_campaign=rss
2025-12-29 04:53:40,368 - INFO - [BBC] Attempt 1/1: Trying with 'requests_browser' strategy...
2025-12-29 04:53:40,401 - INFO - [BBC] Success with 'requests_browser'. Found content (852 words).
2025-12-29 04:53:40,440 - INFO - Duplicate article skipped: Brigitte Bardot: French cinema icon dies aged 91 from BBC
2025-12-29 04:53:40,498 - INFO - [The Guardian] Article: https://www.theguardian.com/us-news/2025/dec/26/trump-supporters-nigeria-airstrikes
2025-12-29 04:53:40,498 - INFO - [The Guardian] Attempt 1/1: Trying with 'requests_browser' strategy...
2025-12-29 04:53:40,527 - INFO - [The Guardian] Success with 'requests_browser'. Found content (853 words).
2025-12-29 04:53:40,573 - INFO - Duplicate article skipped: Trump supporters hail US strikes in Nigeria as ‘amazing Christmas present’ | Republicans | The Guardian from The Guardian
2025-12-29 04:53:40,988 - INFO - [BBC] Article: https://www.bbc.com/news/articles/ce3z3w4wy0go?at_medium=RSS&at_campaign=rss
2025-12-29 04:53:40,988 - INFO - [BBC] Attempt 1/1: Trying with 'requests_browser' strategy...
2025-12-29 04:53:41,011 - INFO - [BBC] Success with 'requests_browser'. Found content (537 words).
2025-12-29 04:53:41,071 - INFO - Duplicate article skipped: Kosovo's ruling party wins election after months of political deadlock from BBC
2025-12-29 04:53:41,415 - INFO - [The Guardian] Article: https://www.theguardian.com/world/2025/dec/29/brazil-ex-president-jair-bolsonaro-hiccups-treatment
2025-12-29 04:53:41,415 - INFO - [The Guardian] Attempt 1/1: Trying with 'requests_browser' strategy...
2025-12-29 04:53:41,436 - INFO - [The Guardian] Success with 'requests_browser'. Found content (244 words).
2025-12-29 04:53:41,473 - INFO - Duplicate article skipped: Brazilian ex-president Bolsonaro’s treatment for persistent hiccups touches a nerve | Jair Bolsonaro | The Guardian from The Guardian
2025-12-29 04:53:41,689 - INFO - [BBC] Article: https://www.bbc.com/news/articles/cy7vly6gm76o?at_medium=RSS&at_campaign=rss
2025-12-29 04:53:41,689 - INFO - [BBC] Attempt 1/1: Trying with 'requests_browser' strategy...
2025-12-29 04:53:41,721 - INFO - [BBC] Success with 'requests_browser'. Found content (969 words).
2025-12-29 04:53:41,761 - INFO - Duplicate article skipped: Polls close on first day of Myanmar's widely criticised 'sham' election from BBC
2025-12-29 04:53:42,731 - INFO - [BBC] Article: https://www.bbc.com/news/articles/cdj817m37rgo?at_medium=RSS&at_campaign=rss
2025-12-29 04:53:42,731 - INFO - [BBC] Attempt 1/1: Trying with 'requests_browser' strategy...
2025-12-29 04:53:42,758 - INFO - [BBC] Success with 'requests_browser'. Found content (368 words).
2025-12-29 04:53:42,793 - INFO - Duplicate article skipped: Storm Johannes: Three killed in Sweden as major storm sweeps Nordic countries from BBC
2025-12-29 04:53:42,824 - INFO - [The Guardian] Article: https://www.theguardian.com/world/2025/dec/26/venezuela-political-prisoner-release
2025-12-29 04:53:42,824 - INFO - [The Guardian] Attempt 1/1: Trying with 'requests_browser' strategy...
2025-12-29 04:53:42,845 - INFO - [The Guardian] Success with 'requests_browser'. Found content (540 words).
2025-12-29 04:53:42,878 - INFO - Duplicate article skipped: Venezuela says it released 99 people detained for 2024 election protests | Venezuela | The Guardian from The Guardian
2025-12-29 04:53:43,409 - INFO - [BBC] Article: https://www.bbc.com/news/videos/c05834pp6jno?at_medium=RSS&at_campaign=rss
2025-12-29 04:53:43,409 - INFO - [BBC] Attempt 1/1: Trying with 'requests_browser' strategy...
2025-12-29 04:53:43,455 - INFO - [BBC] Success with 'requests_browser'. Found content (117 words).
2025-12-29 04:53:43,496 - INFO - Duplicate article skipped: Els Enfarinats: Spaniards hurl flour, eggs and fireworks in mock battle from BBC
2025-12-29 04:53:43,827 - INFO - [The Guardian] Article: https://www.theguardian.com/world/2025/dec/26/weather-tracker-deep-freeze-canada-us-records-warmest-christmas
2025-12-29 04:53:43,827 - INFO - [The Guardian] Attempt 1/1: Trying with 'requests_browser' strategy...
2025-12-29 04:53:44,017 - INFO - [The Guardian] Success with 'requests_browser'. Found content (361 words).
2025-12-29 04:53:44,050 - INFO - Duplicate article skipped: Weather tracker: Deep freeze grips Canada as US records warmest Christmas | Canada | The Guardian from The Guardian
2025-12-29 04:53:44,706 - INFO - [BBC] Article: https://www.bbc.com/news/articles/cp8966ew7y7o?at_medium=RSS&at_campaign=rss
2025-12-29 04:53:44,706 - INFO - [BBC] Attempt 1/1: Trying with 'requests_browser' strategy...
2025-12-29 04:53:44,730 - INFO - [BBC] Success with 'requests_browser'. Found content (226 words).
2025-12-29 04:53:44,767 - INFO - Duplicate article skipped: Suriname: Nine people, including five children, stabbed to death from BBC
2025-12-29 04:53:44,884 - INFO - [The Guardian] Article: https://www.theguardian.com/environment/2025/dec/25/they-are-scared-of-us-now-how-one-tropical-forest-turned-the-tide-on-loggers
2025-12-29 04:53:44,884 - INFO - [The Guardian] Attempt 1/1: Trying with 'requests_browser' strategy...
2025-12-29 04:53:44,911 - INFO - [The Guardian] Success with 'requests_browser'. Found content (1079 words).
2025-12-29 04:53:44,953 - INFO - Duplicate article skipped: ‘They’re scared of us now’: how co-investment in a tropical forest saw off loggers | Panama | The Guardian from The Guardian
2025-12-29 04:53:45,700 - INFO - [BBC] Article: https://www.bbc.com/news/articles/c3r7ge7937qo?at_medium=RSS&at_campaign=rss
2025-12-29 04:53:45,700 - INFO - [BBC] Attempt 1/1: Trying with 'requests_browser' strategy...
2025-12-29 04:53:45,727 - INFO - [BBC] Success with 'requests_browser'. Found content (383 words).
2025-12-29 04:53:45,764 - INFO - Duplicate article skipped: Brazil's ex-President Bolsonaro undergoes medical treatment for hiccups from BBC
2025-12-29 04:53:45,857 - INFO - [The Guardian] Article: https://www.theguardian.com/world/2025/dec/25/cape-froward-new-national-park-patagonia-chile
2025-12-29 04:53:45,857 - INFO - [The Guardian] Attempt 1/1: Trying with 'requests_browser' strategy...
2025-12-29 04:53:46,014 - INFO - [The Guardian] Success with 'requests_browser'. Found content (939 words).
2025-12-29 04:53:46,054 - INFO - Duplicate article skipped: ‘It’s the wildest place I have walked’: new national park will join up Chile’s 2,800km wildlife corridor | Chile | The Guardian from The Guardian
2025-12-29 04:53:46,457 - INFO - Selenium driver initialized successfully.
2025-12-29 04:53:46,457 - INFO - Selenium driver initialized successfully.
2025-12-29 04:53:46,457 - INFO - Starting scrape for Times of India RSS feed: https://timesofindia.indiatimes.com/rssfeeds/296589292.cms
2025-12-29 04:53:46,457 - INFO - Starting scrape for The Hindu RSS feed: https://www.thehindu.com/news/national/feeder/default.rss
2025-12-29 04:53:46,525 - INFO - Found 20 articles in Times of India RSS feed. Processing up to 10.
2025-12-29 04:53:46,525 - INFO - [Times of India] Article: https://timesofindia.indiatimes.com/world/rest-of-world/elderly-residents-trapped-indonesias-manado-retirement-home-catches-fire-16-killed/articleshow/126224134.cms
2025-12-29 04:53:46,525 - INFO - [Times of India] Attempt 1/1: Trying with 'selenium_browser' strategy...
2025-12-29 04:53:46,564 - INFO - Found 100 articles in The Hindu RSS feed. Processing up to 10.
2025-12-29 04:53:46,565 - INFO - [The Hindu] Article: https://www.thehindu.com/shorts/watch-fire-engulfs-two-coaches-of-tatanagarernakulam-express-in-andhra-pradesh/article70448376.ece
2025-12-29 04:53:46,565 - INFO - [The Hindu] Attempt 1/1: Trying with 'selenium_browser' strategy...
2025-12-29 04:53:57,841 - WARNING - [The Hindu] Page timed out (10s). No <p> tags found. Proceeding anyway.
2025-12-29 04:53:58,493 - WARNING - [The Hindu] FAILED with 'selenium_browser' (content was too short: 48 words).
2025-12-29 04:53:58,493 - ERROR - [The Hindu] All scrape strategies failed for https://www.thehindu.com/shorts/watch-fire-engulfs-two-coaches-of-tatanagarernakulam-express-in-andhra-pradesh/article70448376.ece. Falling back to RSS description.
2025-12-29 04:53:58,499 - INFO - Saved article: Watch: Fire engulfs two coaches of Tatanagar–Ernakulam Express in Andhra Pradesh from The Hindu
2025-12-29 04:53:59,555 - INFO - [The Hindu] Article: https://www.thehindu.com/news/national/chhattisgarh/ed-raid-chhattisgarh-bharatmala-project-december-29/article70448335.ece
2025-12-29 04:53:59,555 - INFO - [The Hindu] Attempt 1/1: Trying with 'selenium_browser' strategy...
2025-12-29 04:54:04,041 - INFO - [The Hindu] Page content loaded.
2025-12-29 04:54:05,559 - INFO - [The Hindu] Success with 'selenium_browser'. Found content (141 words).
2025-12-29 04:54:05,736 - INFO - Saved article: Chhattisgarh: ED conducts raids in Bharatmala project land acquisition case - The Hindu from The Hindu
2025-12-29 04:54:07,067 - INFO - [The Hindu] Article: https://www.thehindu.com/news/national/tripura/protests-erupt-in-tripura-over-murder-of-student-angel-chakma-in-uttarakhand/article70448284.ece
2025-12-29 04:54:07,067 - INFO - [The Hindu] Attempt 1/1: Trying with 'selenium_browser' strategy...
2025-12-29 04:54:08,052 - INFO - [The Hindu] Page content loaded.
2025-12-29 04:54:08,162 - INFO - [The Hindu] Success with 'selenium_browser'. Found content (358 words).
2025-12-29 04:54:08,446 - INFO - Saved article: Protests erupt in Tripura over murder of student Angel Chakma in Uttarakhand - The Hindu from The Hindu
2025-12-29 04:54:09,273 - INFO - [The Hindu] Article: https://www.thehindu.com/news/national/andhra-pradesh/andhra-pradesh-train-fire-engulf-two-coaches-of-tatanagar-ernakulam-express-anakapalli/article70448263.ece
2025-12-29 04:54:09,273 - INFO - [The Hindu] Attempt 1/1: Trying with 'selenium_browser' strategy...
2025-12-29 04:54:10,682 - INFO - [The Hindu] Page content loaded.
2025-12-29 04:54:11,094 - INFO - [The Hindu] Success with 'selenium_browser'. Found content (199 words).
2025-12-29 04:54:11,195 - INFO - Duplicate article skipped: Fire engulfs two coaches of Tatanagar-Ernakulam express train in Andhra Pradesh - The Hindu from The Hindu
2025-12-29 04:54:11,980 - INFO - [The Hindu] Article: https://www.thehindu.com/news/cities/mumbai/ncp-releases-first-list-of-candidates-for-mumbai-polls/article70448245.ece
2025-12-29 04:54:11,980 - INFO - [The Hindu] Attempt 1/1: Trying with 'selenium_browser' strategy...
2025-12-29 04:54:13,134 - INFO - [The Hindu] Page content loaded.
2025-12-29 04:54:13,246 - INFO - [The Hindu] Success with 'selenium_browser'. Found content (255 words).
2025-12-29 04:54:13,346 - INFO - Duplicate article skipped: NCP releases first list of candidates for Mumbai polls - The Hindu from The Hindu
2025-12-29 04:54:14,677 - INFO - [The Hindu] Article: https://www.thehindu.com/society/history-and-culture/homo-opportunisticus-the-contingent-contested-evolution-of-caste/article70446575.ece
2025-12-29 04:54:14,677 - INFO - [The Hindu] Attempt 1/1: Trying with 'selenium_browser' strategy...
2025-12-29 04:54:15,810 - INFO - [The Hindu] Page content loaded.
2025-12-29 04:54:15,958 - INFO - [The Hindu] Success with 'selenium_browser'. Found content (9705 words).
2025-12-29 04:54:16,057 - INFO - Duplicate article skipped: Homo opportunisticus: The contingent, contested evolution of caste - The Hindu from The Hindu
2025-12-29 04:54:16,562 - INFO - [The Hindu] Article: https://www.thehindu.com/news/national/tamil-nadu/vice-president-to-arrive-in-puducherry-today/article70447150.ece
2025-12-29 04:54:16,562 - INFO - [The Hindu] Attempt 1/1: Trying with 'selenium_browser' strategy...
2025-12-29 04:54:20,362 - INFO - [The Hindu] Page content loaded.
2025-12-29 04:54:20,450 - INFO - [The Hindu] Success with 'selenium_browser'. Found content (305 words).
2025-12-29 04:54:20,560 - INFO - Duplicate article skipped: Vice President to arrive in Puducherry today - The Hindu from The Hindu
2025-12-29 04:54:21,660 - INFO - [The Hindu] Article: https://www.thehindu.com/news/national/bihar/spotlight-the-man-who-wore-an-ias-mask/article70445976.ece
2025-12-29 04:54:21,661 - INFO - [The Hindu] Attempt 1/1: Trying with 'selenium_browser' strategy...
2025-12-29 04:54:22,519 - INFO - [The Hindu] Page content loaded.
2025-12-29 04:54:22,607 - INFO - [The Hindu] Success with 'selenium_browser'. Found content (1213 words).
2025-12-29 04:54:22,704 - INFO - Duplicate article skipped: Spotlight | The man who wore an IAS mask - The Hindu from The Hindu
2025-12-29 04:54:23,651 - INFO - [The Hindu] Article: https://www.thehindu.com/news/national/amit-shahs-arrival-in-guwahati-postponed-as-his-flight-cancelled-due-to-dense-fog/article70447403.ece
2025-12-29 04:54:23,651 - INFO - [The Hindu] Attempt 1/1: Trying with 'selenium_browser' strategy...
2025-12-29 04:54:24,622 - INFO - [The Hindu] Page content loaded.
2025-12-29 04:54:24,672 - INFO - [The Hindu] Success with 'selenium_browser'. Found content (265 words).
2025-12-29 04:54:24,735 - INFO - Duplicate article skipped: Amit Shah's arrival in Guwahati postponed as his flight cancelled due to dense fog - The Hindu from The Hindu
2025-12-29 04:54:25,322 - INFO - [The Hindu] Article: https://www.thehindu.com/news/national/uttar-pradesh/nearly-200-up-villagers-get-rabies-shots-after-consuming-curd-from-buffalo-that-died-after-dog-bite/article70447429.ece
2025-12-29 04:54:25,322 - INFO - [The Hindu] Attempt 1/1: Trying with 'selenium_browser' strategy...
2025-12-29 04:54:26,327 - INFO - [The Hindu] Page content loaded.
2025-12-29 04:54:26,407 - INFO - [The Hindu] Success with 'selenium_browser'. Found content (348 words).
2025-12-29 04:54:26,491 - INFO - Duplicate article skipped: Nearly 200 U.P. villagers get rabies shots after consuming curd from buffalo that died after dog bite - The Hindu from The Hindu
2025-12-29 04:54:27,503 - INFO - [The Hindu] (Thread) Finished. Attempting to shut down its Selenium driver.
2025-12-29 04:54:27,650 - INFO - [The Hindu] (Thread) driver.quit() successful.
2025-12-29 04:54:46,560 - ERROR - [Times of India] Request failed for strategy 'selenium_browser' on URL https://timesofindia.indiatimes.com/world/rest-of-world/elderly-residents-trapped-indonesias-manado-retirement-home-catches-fire-16-killed/articleshow/126224134.cms: Message: timeout: Timed out receiving message from renderer: 59.617
  (Session info: chrome=143.0.7499.109)
Stacktrace:
#0 0x5585bad5e19a <unknown>
#1 0x5585ba7dbc4b <unknown>
#2 0x5585ba7c3cf3 <unknown>
#3 0x5585ba7c39d6 <unknown>
#4 0x5585ba7c1897 <unknown>
#5 0x5585ba7c21af <unknown>
#6 0x5585ba7d0970 <unknown>
#7 0x5585ba7ea017 <unknown>
#8 0x5585ba7f06cb <unknown>
#9 0x5585ba7c28d8 <unknown>
#10 0x5585ba7e9dc3 <unknown>
#11 0x5585ba878f60 <unknown>
#12 0x5585ba81fc42 <unknown>
#13 0x5585ba8208f1 <unknown>
#14 0x5585bad26f39 <unknown>
#15 0x5585bad29e7d <unknown>
#16 0x5585bad0fc81 <unknown>
#17 0x5585bad2aa5b <unknown>
#18 0x5585bacf6a50 <unknown>
#19 0x5585bad4baa8 <unknown>
#20 0x5585bad4bc79 <unknown>
#21 0x5585bad5d4f3 <unknown>
#22 0x7f7c5189caa4 <unknown>
#23 0x7f7c51929c6c <unknown>

2025-12-29 04:54:46,561 - ERROR - [Times of India] All scrape strategies failed for https://timesofindia.indiatimes.com/world/rest-of-world/elderly-residents-trapped-indonesias-manado-retirement-home-catches-fire-16-killed/articleshow/126224134.cms. Falling back to RSS description.
2025-12-29 04:54:46,564 - INFO - Saved article: Elderly residents trapped: Indonesia's Manado retirement home catches fire; 16 killed from Times of India
2025-12-29 04:54:47,853 - INFO - [Times of India] Article: https://timesofindia.indiatimes.com/world/rest-of-world/nuclear-readiness-north-korea-tests-2-long-range-cruise-missiles-kim-jong-un-calls-it-unlimited-sustained-development/articleshow/126222761.cms
2025-12-29 04:54:47,853 - INFO - [Times of India] Attempt 1/1: Trying with 'selenium_browser' strategy...
2025-12-29 04:54:48,783 - INFO - [Times of India] Page content loaded.
2025-12-29 04:54:48,956 - INFO - [Times of India] Success with 'selenium_browser'. Found content (562 words).
2025-12-29 04:54:49,021 - INFO - Saved article: Nuclear readiness: North Korea tests 2 long-range cruise missiles; Kim Jong Un calls it 'unlimited & sustained development' - The Times of India from Times of India
2025-12-29 04:54:50,085 - INFO - [Times of India] Article: https://timesofindia.indiatimes.com/world/europe/worn-down-by-worry-parents-look-longingly-at-australias-social-media-ban/articleshow/126222946.cms
2025-12-29 04:54:50,085 - INFO - [Times of India] Attempt 1/1: Trying with 'selenium_browser' strategy...
2025-12-29 04:56:50,174 - ERROR - [Times of India] Request failed for strategy 'selenium_browser' on URL https://timesofindia.indiatimes.com/world/europe/worn-down-by-worry-parents-look-longingly-at-australias-social-media-ban/articleshow/126222946.cms: HTTPConnectionPool(host='localhost', port=56475): Read timed out. (read timeout=120)
2025-12-29 04:56:50,174 - ERROR - [Times of India] All scrape strategies failed for https://timesofindia.indiatimes.com/world/europe/worn-down-by-worry-parents-look-longingly-at-australias-social-media-ban/articleshow/126222946.cms. Falling back to RSS description.
2025-12-29 04:56:50,177 - INFO - Saved article: Worn down by worry, parents look longingly at Australia's social media ban from Times of India
2025-12-29 04:56:50,908 - INFO - [Times of India] Article: https://timesofindia.indiatimes.com/world/south-asia/dhaka-bid-to-portray-isolated-acts-as-hindu-persecution/articleshow/126222878.cms
2025-12-29 04:56:50,908 - INFO - [Times of India] Attempt 1/1: Trying with 'selenium_browser' strategy...
2025-12-29 04:58:35,548 - CRITICAL - --- TIMEOUT: 1 scrape jobs did not complete in 300s. ---
2025-12-29 04:58:35,549 - ERROR - A thread has timed out and will be abandoned.
2025-12-29 04:58:35,549 - INFO - Shutting down thread pool (wait=False)...
2025-12-29 04:58:35,549 - INFO - Scraped: 3 The Hindu, 3 BBC, 0 The Guardian, 1 Timed_Out_Jobs articles. (Total saved: 6)
2025-12-29 04:58:35,549 - INFO - --- Scraping job finished ---
2025-12-29 04:58:35,549 - INFO - --- Scraper service stopped and database connection closed. ---
2025-12-29 04:58:35,549 - INFO - --- Main thread finished. Forcing process exit to kill zombie threads. ---
