2026-01-15 16:41:58,436 - INFO - Initializing database connection at: news_articles.db
2026-01-15 16:41:58,437 - INFO - --- Scraper service started (CI Mode: Run Once) ---
2026-01-15 16:41:58,437 - INFO - --- Starting new scraping job (Parallel Mode) ---
2026-01-15 16:41:58,437 - INFO - Creating new robust session with 3 retries on 5xx/connection/read errors.
2026-01-15 16:41:58,437 - INFO - Proxy is DISABLED.
2026-01-15 16:41:58,437 - INFO - Starting scrape for BBC RSS feed: http://feeds.bbci.co.uk/news/world/rss.xml
2026-01-15 16:41:58,438 - INFO - [Times of India] (Thread) requires Selenium. Initializing driver...
2026-01-15 16:41:58,438 - INFO - Initializing headless Selenium Chrome driver (using SeleniumManager)...
2026-01-15 16:41:58,438 - INFO - Starting scrape for The Guardian RSS feed: https://www.theguardian.com/world/rss
2026-01-15 16:41:58,438 - INFO - [The Hindu] (Thread) requires Selenium. Initializing driver...
2026-01-15 16:41:58,439 - INFO - Submitted 4 jobs to thread pool. Waiting up to 300s for completion...
2026-01-15 16:41:58,439 - INFO - Initializing headless Selenium Chrome driver (using SeleniumManager)...
2026-01-15 16:41:58,687 - INFO - Found 45 articles in The Guardian RSS feed. Processing up to 10.
2026-01-15 16:41:58,687 - INFO - [The Guardian] Article: https://www.theguardian.com/us-news/2026/jan/15/hepatitis-b-vaccines-study-africa-cancel
2026-01-15 16:41:58,687 - INFO - [The Guardian] Attempt 1/1: Trying with 'requests_browser' strategy...
2026-01-15 16:41:58,739 - INFO - [The Guardian] Success with 'requests_browser'. Found content (1253 words).
2026-01-15 16:41:58,794 - INFO - Saved article: Controversial US study on hepatitis B vaccines in Africa is cancelled | US news | The Guardian from The Guardian
2026-01-15 16:41:58,835 - INFO - Found 21 articles in BBC RSS feed. Processing up to 10.
2026-01-15 16:41:58,835 - INFO - [BBC] Article: https://www.bbc.com/news/articles/cd0ydjvxpejo?at_medium=RSS&at_campaign=rss
2026-01-15 16:41:58,835 - INFO - [BBC] Attempt 1/1: Trying with 'requests_browser' strategy...
2026-01-15 16:41:59,053 - INFO - [BBC] Success with 'requests_browser'. Found content (966 words).
2026-01-15 16:41:59,091 - INFO - Duplicate article skipped: European military personnel arrive in Greenland as Trump says US needs island from BBC
2026-01-15 16:41:59,536 - INFO - [The Guardian] Article: https://www.theguardian.com/world/2026/jan/15/uganda-vote-election-yoweri-museveni-bobi-wine
2026-01-15 16:41:59,536 - INFO - [The Guardian] Attempt 1/1: Trying with 'requests_browser' strategy...
2026-01-15 16:41:59,666 - INFO - [The Guardian] Success with 'requests_browser'. Found content (931 words).
2026-01-15 16:41:59,702 - INFO - Duplicate article skipped: Ugandan presidential candidate accuses government of ballot stuffing and arresting officials | Uganda | The Guardian from The Guardian
2026-01-15 16:42:00,144 - INFO - [BBC] Article: https://www.bbc.com/news/articles/c205r8n0276o?at_medium=RSS&at_campaign=rss
2026-01-15 16:42:00,144 - INFO - [BBC] Attempt 1/1: Trying with 'requests_browser' strategy...
2026-01-15 16:42:00,198 - INFO - [BBC] Success with 'requests_browser'. Found content (607 words).
2026-01-15 16:42:00,250 - INFO - Duplicate article skipped: Astronauts splash down to Earth after medical evacuation from space station from BBC
2026-01-15 16:42:00,511 - INFO - [The Guardian] Article: https://www.theguardian.com/us-news/2026/jan/13/trump-administration-ends-tps-somalia
2026-01-15 16:42:00,511 - INFO - [The Guardian] Attempt 1/1: Trying with 'requests_browser' strategy...
2026-01-15 16:42:00,549 - INFO - [The Guardian] Success with 'requests_browser'. Found content (870 words).
2026-01-15 16:42:00,585 - INFO - Duplicate article skipped: Trump administration ends temporary protected status for Somalis in US | Trump administration | The Guardian from The Guardian
2026-01-15 16:42:01,416 - INFO - [BBC] Article: https://www.bbc.com/news/articles/cp80zjx091yo?at_medium=RSS&at_campaign=rss
2026-01-15 16:42:01,416 - INFO - [BBC] Attempt 1/1: Trying with 'requests_browser' strategy...
2026-01-15 16:42:01,460 - INFO - [BBC] Success with 'requests_browser'. Found content (492 words).
2026-01-15 16:42:01,497 - INFO - [The Guardian] Article: https://www.theguardian.com/business/2026/jan/13/developing-countries-poorer-world-bank-report
2026-01-15 16:42:01,497 - INFO - [The Guardian] Attempt 1/1: Trying with 'requests_browser' strategy...
2026-01-15 16:42:01,500 - INFO - Saved article: Erfan Soltani: Iran denies plan to execute detained protester from BBC
2026-01-15 16:42:01,539 - INFO - [The Guardian] Success with 'requests_browser'. Found content (654 words).
2026-01-15 16:42:01,598 - INFO - Duplicate article skipped: Quarter of developing countries poorer than in 2019, World Bank finds | World Bank | The Guardian from The Guardian
2026-01-15 16:42:02,199 - INFO - [The Guardian] Article: https://www.theguardian.com/books/2026/jan/12/chimamanda-ngozi-adichie-accuses-lagos-hospital-negligence-son-death
2026-01-15 16:42:02,200 - INFO - [The Guardian] Attempt 1/1: Trying with 'requests_browser' strategy...
2026-01-15 16:42:02,235 - INFO - [The Guardian] Success with 'requests_browser'. Found content (537 words).
2026-01-15 16:42:02,268 - INFO - Duplicate article skipped: Author Chimamanda Ngozi Adichie accuses Lagos hospital of negligence after son’s death | Chimamanda Ngozi Adichie | The Guardian from The Guardian
2026-01-15 16:42:02,564 - INFO - [BBC] Article: https://www.bbc.com/news/articles/cg7vdpy1l2vo?at_medium=RSS&at_campaign=rss
2026-01-15 16:42:02,564 - INFO - [BBC] Attempt 1/1: Trying with 'requests_browser' strategy...
2026-01-15 16:42:02,625 - INFO - [BBC] Success with 'requests_browser'. Found content (2995 words).
2026-01-15 16:42:02,672 - INFO - Duplicate article skipped: The Taliban rift at the top of the leadership in Afghanistan from BBC
2026-01-15 16:42:02,864 - INFO - [The Guardian] Article: https://www.theguardian.com/us-news/live/2026/jan/15/us-politics-latest-news-updates-donald-trump-venezuela-maria-corina-machado
2026-01-15 16:42:02,864 - INFO - [The Guardian] Attempt 1/1: Trying with 'requests_browser' strategy...
2026-01-15 16:42:03,054 - INFO - [The Guardian] Success with 'requests_browser'. Found content (1387 words).
2026-01-15 16:42:03,146 - INFO - Duplicate article skipped: Trump threatens to invoke Insurrection Act over protests in Minneapolis – US politics live | ICE (US Immigration and Customs Enforcement) | The Guardian from The Guardian
2026-01-15 16:42:03,315 - INFO - [BBC] Article: https://www.bbc.com/news/articles/cp3z7441nz7o?at_medium=RSS&at_campaign=rss
2026-01-15 16:42:03,316 - INFO - [BBC] Attempt 1/1: Trying with 'requests_browser' strategy...
2026-01-15 16:42:03,362 - INFO - [BBC] Success with 'requests_browser'. Found content (774 words).
2026-01-15 16:42:03,400 - INFO - Saved article: Pitfalls loom as Trump's Gaza peace plan enters second phase from BBC
2026-01-15 16:42:03,833 - INFO - [The Guardian] Article: https://www.theguardian.com/us-news/2026/jan/15/trump-maria-corina-machado-venezuela
2026-01-15 16:42:03,833 - INFO - [The Guardian] Attempt 1/1: Trying with 'requests_browser' strategy...
2026-01-15 16:42:03,874 - INFO - [The Guardian] Success with 'requests_browser'. Found content (761 words).
2026-01-15 16:42:03,913 - INFO - Duplicate article skipped: Trump to discuss Venezuela’s future with Machado after Maduro’s capture | US news | The Guardian from The Guardian
2026-01-15 16:42:04,104 - INFO - [BBC] Article: https://www.bbc.com/news/articles/cly56w0p9e1o?at_medium=RSS&at_campaign=rss
2026-01-15 16:42:04,104 - INFO - [BBC] Attempt 1/1: Trying with 'requests_browser' strategy...
2026-01-15 16:42:04,143 - INFO - [BBC] Success with 'requests_browser'. Found content (554 words).
2026-01-15 16:42:04,180 - INFO - Saved article: Boeing knew of flaw in part linked to UPS plane crash, report says from BBC
2026-01-15 16:42:04,683 - INFO - [The Guardian] Article: https://www.theguardian.com/business/2026/jan/15/trump-big-oil-venezuela
2026-01-15 16:42:04,683 - INFO - [The Guardian] Attempt 1/1: Trying with 'requests_browser' strategy...
2026-01-15 16:42:04,719 - INFO - [The Guardian] Success with 'requests_browser'. Found content (955 words).
2026-01-15 16:42:04,754 - INFO - Duplicate article skipped: Why big oil giants may not rush to buy into Donald Trump’s Venezuelan vision | Business | The Guardian from The Guardian
2026-01-15 16:42:04,959 - INFO - [BBC] Article: https://www.bbc.com/news/articles/cp80217r1kpo?at_medium=RSS&at_campaign=rss
2026-01-15 16:42:04,959 - INFO - [BBC] Attempt 1/1: Trying with 'requests_browser' strategy...
2026-01-15 16:42:05,003 - INFO - [BBC] Success with 'requests_browser'. Found content (544 words).
2026-01-15 16:42:05,038 - INFO - Duplicate article skipped: Pritam Singh: Singapore's leader of opposition stripped of title after lying conviction from BBC
2026-01-15 16:42:05,843 - INFO - [The Guardian] Article: https://www.theguardian.com/world/2026/jan/14/venezuelan-political-prisoners-released
2026-01-15 16:42:05,843 - INFO - [The Guardian] Attempt 1/1: Trying with 'requests_browser' strategy...
2026-01-15 16:42:05,879 - INFO - [The Guardian] Success with 'requests_browser'. Found content (954 words).
2026-01-15 16:42:05,913 - INFO - Duplicate article skipped: Venezuela regime claims release of political prisoners is sign of new era | Venezuela | The Guardian from The Guardian
2026-01-15 16:42:06,175 - INFO - [BBC] Article: https://www.bbc.com/news/videos/c1wz807vpglo?at_medium=RSS&at_campaign=rss
2026-01-15 16:42:06,176 - INFO - [BBC] Attempt 1/1: Trying with 'requests_browser' strategy...
2026-01-15 16:42:06,236 - INFO - [BBC] Success with 'requests_browser'. Found content (82 words).
2026-01-15 16:42:06,278 - INFO - Duplicate article skipped: Aerial footage shows cars swept by flash floods in Australia from BBC
2026-01-15 16:42:07,042 - INFO - [BBC] Article: https://www.bbc.com/news/articles/cq6vm677z76o?at_medium=RSS&at_campaign=rss
2026-01-15 16:42:07,042 - INFO - [BBC] Attempt 1/1: Trying with 'requests_browser' strategy...
2026-01-15 16:42:07,084 - INFO - [BBC] Success with 'requests_browser'. Found content (467 words).
2026-01-15 16:42:07,132 - INFO - Duplicate article skipped: Zelensky declares state of emergency in Ukraine's energy sector from BBC
2026-01-15 16:42:07,322 - INFO - [The Guardian] Article: https://www.theguardian.com/world/2026/jan/14/quebec-premier-francois-legault-resigns
2026-01-15 16:42:07,322 - INFO - [The Guardian] Attempt 1/1: Trying with 'requests_browser' strategy...
2026-01-15 16:42:07,357 - INFO - [The Guardian] Success with 'requests_browser'. Found content (585 words).
2026-01-15 16:42:07,393 - INFO - Duplicate article skipped: Quebec premier François Legault resigns from post in surprise move | Quebec | The Guardian from The Guardian
2026-01-15 16:42:07,794 - INFO - Selenium driver initialized successfully.
2026-01-15 16:42:07,794 - INFO - Starting scrape for Times of India RSS feed: https://timesofindia.indiatimes.com/rssfeeds/296589292.cms
2026-01-15 16:42:07,795 - INFO - Selenium driver initialized successfully.
2026-01-15 16:42:07,795 - INFO - Starting scrape for The Hindu RSS feed: https://www.thehindu.com/news/national/feeder/default.rss
2026-01-15 16:42:07,810 - INFO - [BBC] Article: https://www.bbc.com/news/articles/c205677pxvxo?at_medium=RSS&at_campaign=rss
2026-01-15 16:42:07,810 - INFO - [BBC] Attempt 1/1: Trying with 'requests_browser' strategy...
2026-01-15 16:42:07,854 - INFO - [BBC] Success with 'requests_browser'. Found content (886 words).
2026-01-15 16:42:07,893 - INFO - Duplicate article skipped: Federal agent shoots Minneapolis man in leg after shovel attack, officials say from BBC
2026-01-15 16:42:08,014 - INFO - Found 20 articles in Times of India RSS feed. Processing up to 10.
2026-01-15 16:42:08,014 - INFO - [Times of India] Article: https://timesofindia.indiatimes.com/world/us/is-charlie-kirk-x-man-candace-owens-sparks-backlash-with-new-claims-about-tpusa-founder/articleshow/126549309.cms
2026-01-15 16:42:08,014 - INFO - [Times of India] Attempt 1/1: Trying with 'selenium_browser' strategy...
2026-01-15 16:42:08,038 - INFO - Found 100 articles in The Hindu RSS feed. Processing up to 10.
2026-01-15 16:42:08,039 - INFO - [The Hindu] Article: https://www.thehindu.com/news/national/sir-citizenship-election-commission-sc-petitioner-query/article70512859.ece
2026-01-15 16:42:08,039 - INFO - [The Hindu] Attempt 1/1: Trying with 'selenium_browser' strategy...
2026-01-15 16:42:12,408 - INFO - [The Hindu] Page content loaded.
2026-01-15 16:42:12,643 - INFO - [The Hindu] Success with 'selenium_browser'. Found content (674 words).
2026-01-15 16:42:13,149 - INFO - Saved article: Can voters who have survived regular electoral roll revisions be safely presumed to be citizens, Supreme Court poses petitioners’ query to ECI - The Hindu from The Hindu
2026-01-15 16:42:13,761 - INFO - [The Hindu] Article: https://www.thehindu.com/entertainment/ar-rahman-says-hindi-film-industry-has-changed-over-past-eight-years-it-could-be-a-communal-thing/article70512923.ece
2026-01-15 16:42:13,761 - INFO - [The Hindu] Attempt 1/1: Trying with 'selenium_browser' strategy...
2026-01-15 16:42:16,963 - INFO - [The Hindu] Page content loaded.
2026-01-15 16:42:17,209 - INFO - [The Hindu] Success with 'selenium_browser'. Found content (639 words).
2026-01-15 16:42:17,489 - INFO - Saved article: A.R. Rahman says Hindi film industry has changed over past eight years: ‘It could be a communal thing’ - The Hindu from The Hindu
2026-01-15 16:42:18,840 - INFO - [The Hindu] Article: https://www.thehindu.com/shorts/firecrackers-hidden-in-parcels-spark-major-lorry-fire-in-thrissur/article70512919.ece
2026-01-15 16:42:18,840 - INFO - [The Hindu] Attempt 1/1: Trying with 'selenium_browser' strategy...
2026-01-15 16:42:33,225 - WARNING - [The Hindu] Page timed out (10s). No <p> tags found. Proceeding anyway.
2026-01-15 16:42:33,249 - WARNING - [The Hindu] FAILED with 'selenium_browser' (content was too short: 45 words).
2026-01-15 16:42:33,249 - ERROR - [The Hindu] All scrape strategies failed for https://www.thehindu.com/shorts/firecrackers-hidden-in-parcels-spark-major-lorry-fire-in-thrissur/article70512919.ece. Falling back to RSS description.
2026-01-15 16:42:33,251 - INFO - Saved article: Firecrackers hidden in parcels spark major lorry fire in Thrissur from The Hindu
2026-01-15 16:42:34,673 - INFO - [The Hindu] Article: https://www.thehindu.com/news/cities/mumbai/maharashtra-civic-body-election-exit-poll-predictions-bjp-shiv-sena/article70512892.ece
2026-01-15 16:42:34,673 - INFO - [The Hindu] Attempt 1/1: Trying with 'selenium_browser' strategy...
2026-01-15 16:42:35,237 - INFO - [The Hindu] Page content loaded.
2026-01-15 16:42:35,354 - INFO - [The Hindu] Success with 'selenium_browser'. Found content (531 words).
2026-01-15 16:42:35,437 - INFO - Saved article: Maharashtra civic polls: In battle for Mumbai, exit polls predict clear win for BJP-Shiv Sena alliance - The Hindu from The Hindu
2026-01-15 16:42:36,212 - INFO - [The Hindu] Article: https://www.thehindu.com/shorts/sec-rejects-claims-of-ink-fraud-in-mumbai-civic-polls/article70512901.ece
2026-01-15 16:42:36,212 - INFO - [The Hindu] Attempt 1/1: Trying with 'selenium_browser' strategy...
2026-01-15 16:42:47,294 - WARNING - [The Hindu] Page timed out (10s). No <p> tags found. Proceeding anyway.
2026-01-15 16:42:47,318 - WARNING - [The Hindu] FAILED with 'selenium_browser' (content was too short: 60 words).
2026-01-15 16:42:47,318 - ERROR - [The Hindu] All scrape strategies failed for https://www.thehindu.com/shorts/sec-rejects-claims-of-ink-fraud-in-mumbai-civic-polls/article70512901.ece. Falling back to RSS description.
2026-01-15 16:42:47,319 - INFO - Saved article: SEC rejects claims of ‘ink fraud’ in Mumbai civic polls from The Hindu
2026-01-15 16:42:48,504 - INFO - [The Hindu] Article: https://www.thehindu.com/shorts/ink-used-in-bmc-elections-can-be-easily-removed-sachin-sawant/article70512896.ece
2026-01-15 16:42:48,504 - INFO - [The Hindu] Attempt 1/1: Trying with 'selenium_browser' strategy...
2026-01-15 16:42:58,933 - WARNING - [The Hindu] Page timed out (10s). No <p> tags found. Proceeding anyway.
2026-01-15 16:42:58,952 - WARNING - [The Hindu] FAILED with 'selenium_browser' (content was too short: 68 words).
2026-01-15 16:42:58,952 - ERROR - [The Hindu] All scrape strategies failed for https://www.thehindu.com/shorts/ink-used-in-bmc-elections-can-be-easily-removed-sachin-sawant/article70512896.ece. Falling back to RSS description.
2026-01-15 16:42:58,954 - INFO - Saved article: Ink used in BMC elections can be easily removed: Sachin Sawant from The Hindu
2026-01-15 16:43:00,018 - INFO - [The Hindu] Article: https://www.thehindu.com/news/national/kerala/kerala-school-kalolsavam-2026-when-theatre-moved-beyondborders/article70512778.ece
2026-01-15 16:43:00,018 - INFO - [The Hindu] Attempt 1/1: Trying with 'selenium_browser' strategy...
2026-01-15 16:44:00,040 - ERROR - [The Hindu] Request failed for strategy 'selenium_browser' on URL https://www.thehindu.com/news/national/kerala/kerala-school-kalolsavam-2026-when-theatre-moved-beyondborders/article70512778.ece: Message: timeout: Timed out receiving message from renderer: 59.907
  (Session info: chrome=143.0.7499.169)
Stacktrace:
#0 0x563ae26a461a <unknown>
#1 0x563ae212120b <unknown>
#2 0x563ae21092aa <unknown>
#3 0x563ae2108f8d <unknown>
#4 0x563ae2106e47 <unknown>
#5 0x563ae210775f <unknown>
#6 0x563ae2115f20 <unknown>
#7 0x563ae212f5e7 <unknown>
#8 0x563ae2135c9b <unknown>
#9 0x563ae2107e88 <unknown>
#10 0x563ae212f356 <unknown>
#11 0x563ae21be580 <unknown>
#12 0x563ae2165232 <unknown>
#13 0x563ae2165ee1 <unknown>
#14 0x563ae266d3f9 <unknown>
#15 0x563ae267034d <unknown>
#16 0x563ae2656122 <unknown>
#17 0x563ae2670f2b <unknown>
#18 0x563ae263cc30 <unknown>
#19 0x563ae2691d78 <unknown>
#20 0x563ae2691f4c <unknown>
#21 0x563ae26a3973 <unknown>
#22 0x7f85e3a9caa4 <unknown>
#23 0x7f85e3b29c6c <unknown>

2026-01-15 16:44:00,040 - ERROR - [The Hindu] All scrape strategies failed for https://www.thehindu.com/news/national/kerala/kerala-school-kalolsavam-2026-when-theatre-moved-beyondborders/article70512778.ece. Falling back to RSS description.
2026-01-15 16:44:00,043 - INFO - Saved article: Kerala School Kalolsavam 2026: When theatre moved beyond borders from The Hindu
2026-01-15 16:44:00,841 - INFO - [The Hindu] Article: https://www.thehindu.com/news/national/kerala/school-kalolsavam-2026-drama-oppana-tribal-dance-folk-dance-light-up-second-day/article70512739.ece
2026-01-15 16:44:00,841 - INFO - [The Hindu] Attempt 1/1: Trying with 'selenium_browser' strategy...
2026-01-15 16:44:01,524 - INFO - [The Hindu] Page content loaded.
2026-01-15 16:44:01,591 - INFO - [The Hindu] Success with 'selenium_browser'. Found content (377 words).
2026-01-15 16:44:01,679 - INFO - Saved article: School Kalolsavam 2026: Drama, oppana, tribal dance, folk dance light up second day - The Hindu from The Hindu
2026-01-15 16:44:02,275 - INFO - [The Hindu] Article: https://www.thehindu.com/videos/murder-of-democracy-opposition-claims-irregularities-in-maharashtra-civic-polls/article70512843.ece
2026-01-15 16:44:02,275 - INFO - [The Hindu] Attempt 1/1: Trying with 'selenium_browser' strategy...
2026-01-15 16:44:03,655 - INFO - [The Hindu] Page content loaded.
2026-01-15 16:44:03,715 - INFO - [The Hindu] Success with 'selenium_browser'. Found content (155 words).
2026-01-15 16:44:03,764 - INFO - Saved article: ‘Murder’ of democracy: Opposition claims irregularities in Maharashtra civic polls - The Hindu from The Hindu
2026-01-15 16:44:04,399 - INFO - [The Hindu] Article: https://www.thehindu.com/news/national/japan-fm-motegi-eam-jaishankar-to-hold-strategic-dialogue-on-indo-pacific-ai-cooperation/article70512786.ece
2026-01-15 16:44:04,399 - INFO - [The Hindu] Attempt 1/1: Trying with 'selenium_browser' strategy...
2026-01-15 16:44:04,940 - INFO - [The Hindu] Page content loaded.
2026-01-15 16:44:04,986 - INFO - [The Hindu] Success with 'selenium_browser'. Found content (604 words).
2026-01-15 16:44:05,053 - INFO - Saved article: Japan FM Motegi, EAM Jaishankar to hold Strategic dialogue on Indo-Pacific, AI cooperation - The Hindu from The Hindu
2026-01-15 16:44:05,933 - INFO - [The Hindu] (Thread) Finished. Attempting to shut down its Selenium driver.
2026-01-15 16:44:06,172 - INFO - [The Hindu] (Thread) driver.quit() successful.
2026-01-15 16:44:08,046 - ERROR - [Times of India] Request failed for strategy 'selenium_browser' on URL https://timesofindia.indiatimes.com/world/us/is-charlie-kirk-x-man-candace-owens-sparks-backlash-with-new-claims-about-tpusa-founder/articleshow/126549309.cms: HTTPConnectionPool(host='localhost', port=34547): Read timed out. (read timeout=120)
2026-01-15 16:44:08,046 - ERROR - [Times of India] All scrape strategies failed for https://timesofindia.indiatimes.com/world/us/is-charlie-kirk-x-man-candace-owens-sparks-backlash-with-new-claims-about-tpusa-founder/articleshow/126549309.cms. Falling back to RSS description.
2026-01-15 16:44:08,050 - INFO - Saved article: Is Charlie Kirk X-Man? Candace Owens sparks backlash with new claims about TPUSA founder from Times of India
2026-01-15 16:44:09,247 - INFO - [Times of India] Article: https://timesofindia.indiatimes.com/world/us/can-barely-speak-english-maga-grills-indian-origin-shri-thanedar-after-congressman-announces-bill-to-abolish-ice/articleshow/126549801.cms
2026-01-15 16:44:09,247 - INFO - [Times of India] Attempt 1/1: Trying with 'selenium_browser' strategy...
2026-01-15 16:46:09,258 - ERROR - [Times of India] Request failed for strategy 'selenium_browser' on URL https://timesofindia.indiatimes.com/world/us/can-barely-speak-english-maga-grills-indian-origin-shri-thanedar-after-congressman-announces-bill-to-abolish-ice/articleshow/126549801.cms: HTTPConnectionPool(host='localhost', port=34547): Read timed out. (read timeout=120)
2026-01-15 16:46:09,258 - ERROR - [Times of India] All scrape strategies failed for https://timesofindia.indiatimes.com/world/us/can-barely-speak-english-maga-grills-indian-origin-shri-thanedar-after-congressman-announces-bill-to-abolish-ice/articleshow/126549801.cms. Falling back to RSS description.
2026-01-15 16:46:09,260 - INFO - Saved article: 'Can barely speak English': MAGA grills Shri Thanedar after Congressman announces bill to abolish ICE from Times of India
2026-01-15 16:46:10,010 - INFO - [Times of India] Article: https://timesofindia.indiatimes.com/world/us/pakistanis-in-america-highly-affluent-south-asia-expert-questions-trumps-visa-freeze-for-75-countries/articleshow/126549707.cms
2026-01-15 16:46:10,010 - INFO - [Times of India] Attempt 1/1: Trying with 'selenium_browser' strategy...
2026-01-15 16:46:58,439 - CRITICAL - --- TIMEOUT: 1 scrape jobs did not complete in 300s. ---
2026-01-15 16:46:58,439 - ERROR - A thread has timed out and will be abandoned.
2026-01-15 16:46:58,439 - INFO - Shutting down thread pool (wait=False)...
2026-01-15 16:46:58,440 - INFO - Scraped: 3 BBC, 10 The Hindu, 1 The Guardian, 1 Timed_Out_Jobs articles. (Total saved: 14)
2026-01-15 16:46:58,440 - INFO - --- Scraping job finished ---
2026-01-15 16:46:58,440 - INFO - --- Scraper service stopped and database connection closed. ---
2026-01-15 16:46:58,440 - INFO - --- Main thread finished. Forcing process exit to kill zombie threads. ---
