2025-11-16 04:30:04,549 - INFO - Initializing database connection at: news_articles.db
2025-11-16 04:30:04,549 - INFO - --- Scraper service started (CI Mode: Run Once) ---
2025-11-16 04:30:04,549 - INFO - --- Starting new scraping job (Parallel Mode) ---
2025-11-16 04:30:04,549 - INFO - Creating new robust session with 3 retries on 5xx/connection/read errors.
2025-11-16 04:30:04,549 - INFO - Proxy is DISABLED.
2025-11-16 04:30:04,550 - INFO - Starting scrape for BBC RSS feed: http://feeds.bbci.co.uk/news/world/rss.xml
2025-11-16 04:30:04,550 - INFO - [Times of India] (Thread) requires Selenium. Initializing driver...
2025-11-16 04:30:04,550 - INFO - Initializing headless Selenium Chrome driver (using SeleniumManager)...
2025-11-16 04:30:04,551 - INFO - Starting scrape for The Guardian RSS feed: https://www.theguardian.com/world/rss
2025-11-16 04:30:04,551 - INFO - [The Hindu] (Thread) requires Selenium. Initializing driver...
2025-11-16 04:30:04,551 - INFO - Initializing headless Selenium Chrome driver (using SeleniumManager)...
2025-11-16 04:30:04,551 - INFO - Submitted 4 jobs to thread pool. Waiting up to 300s for completion...
2025-11-16 04:30:04,767 - INFO - Found 45 articles in The Guardian RSS feed. Processing up to 10.
2025-11-16 04:30:04,768 - INFO - [The Guardian] Article: https://www.theguardian.com/world/2025/nov/15/ethiopia-confirms-outbreak-of-deadly-marburg-virus
2025-11-16 04:30:04,768 - INFO - [The Guardian] Attempt 1/1: Trying with 'requests_browser' strategy...
2025-11-16 04:30:04,802 - INFO - [The Guardian] Success with 'requests_browser'. Found content (279 words).
2025-11-16 04:30:04,837 - INFO - Duplicate article skipped: Ethiopia confirms outbreak of deadly Marburg virus | Ethiopia | The Guardian from The Guardian
2025-11-16 04:30:04,915 - INFO - Found 26 articles in BBC RSS feed. Processing up to 10.
2025-11-16 04:30:04,915 - INFO - [BBC] Article: https://www.bbc.com/news/articles/c9wv4dx05q5o?at_medium=RSS&at_campaign=rss
2025-11-16 04:30:04,915 - INFO - [BBC] Attempt 1/1: Trying with 'requests_browser' strategy...
2025-11-16 04:30:05,486 - INFO - [BBC] Success with 'requests_browser'. Found content (636 words).
2025-11-16 04:30:05,531 - INFO - Duplicate article skipped: Feud erupts as Trump targets MAGA ally Marjorie Taylor Greene from BBC
2025-11-16 04:30:05,663 - INFO - [The Guardian] Article: https://www.theguardian.com/australia-news/2025/nov/16/australia-dubai-international-airshow-defence-weapons-arms-fair-sudan-uae
2025-11-16 04:30:05,663 - INFO - [The Guardian] Attempt 1/1: Trying with 'requests_browser' strategy...
2025-11-16 04:30:05,708 - INFO - [The Guardian] Success with 'requests_browser'. Found content (1164 words).
2025-11-16 04:30:05,756 - INFO - Duplicate article skipped: Australia is selling arms at a weapons fair in Dubai. Are they destined to be used in Sudan atrocities? | Australia news | The Guardian from The Guardian
2025-11-16 04:30:06,075 - INFO - [BBC] Article: https://www.bbc.com/news/articles/cn8vm30rr78o?at_medium=RSS&at_campaign=rss
2025-11-16 04:30:06,076 - INFO - [BBC] Attempt 1/1: Trying with 'requests_browser' strategy...
2025-11-16 04:30:06,111 - INFO - [BBC] Success with 'requests_browser'. Found content (408 words).
2025-11-16 04:30:06,143 - INFO - Duplicate article skipped: Clashes erupt in Mexico City as thousands protest against government from BBC
2025-11-16 04:30:06,258 - INFO - [The Guardian] Article: https://www.theguardian.com/global-development/2025/nov/15/health-uk-cut-global-fund-aids-tuberculosis-tb-malaria-africa
2025-11-16 04:30:06,258 - INFO - [The Guardian] Attempt 1/1: Trying with 'requests_browser' strategy...
2025-11-16 04:30:06,291 - INFO - [The Guardian] Success with 'requests_browser'. Found content (681 words).
2025-11-16 04:30:06,327 - INFO - Duplicate article skipped: UK warned that 15% cut to health fund will force ‘impossible choices’ on Africa | Global Fund to Fight Aids, Tuberculosis and Malaria | The Guardian from The Guardian
2025-11-16 04:30:06,677 - INFO - [BBC] Article: https://www.bbc.com/news/articles/c891jp9j79do?at_medium=RSS&at_campaign=rss
2025-11-16 04:30:06,677 - INFO - [BBC] Attempt 1/1: Trying with 'requests_browser' strategy...
2025-11-16 04:30:06,719 - INFO - [BBC] Success with 'requests_browser'. Found content (895 words).
2025-11-16 04:30:06,747 - INFO - Duplicate article skipped: Trump says he will sue BBC for at least $1bn over Panorama edit from BBC
2025-11-16 04:30:07,674 - INFO - [BBC] Article: https://www.bbc.com/news/articles/cy40z22qqwwo?at_medium=RSS&at_campaign=rss
2025-11-16 04:30:07,674 - INFO - [BBC] Attempt 1/1: Trying with 'requests_browser' strategy...
2025-11-16 04:30:07,715 - INFO - [BBC] Success with 'requests_browser'. Found content (732 words).
2025-11-16 04:30:07,748 - INFO - [The Guardian] Article: https://www.theguardian.com/world/2025/nov/14/anger-south-africa-plane-palestinians-held-12-hours
2025-11-16 04:30:07,748 - INFO - [The Guardian] Attempt 1/1: Trying with 'requests_browser' strategy...
2025-11-16 04:30:07,749 - INFO - Duplicate article skipped: COP30: Thousands march outside COP30 summit in call for action from BBC
2025-11-16 04:30:07,783 - INFO - [The Guardian] Success with 'requests_browser'. Found content (620 words).
2025-11-16 04:30:07,825 - INFO - Duplicate article skipped: South Africa to investigate ‘mysterious’ arrival of 153 Palestinians on plane | South Africa | The Guardian from The Guardian
2025-11-16 04:30:08,750 - INFO - [The Guardian] Article: https://www.theguardian.com/world/2025/nov/14/british-egyptian-activist-alaa-abd-el-fattah-stopped-from-flying-to-uk-says-family
2025-11-16 04:30:08,750 - INFO - [The Guardian] Attempt 1/1: Trying with 'requests_browser' strategy...
2025-11-16 04:30:08,785 - INFO - [The Guardian] Success with 'requests_browser'. Found content (456 words).
2025-11-16 04:30:08,826 - INFO - Duplicate article skipped: British-Egyptian activist stopped from flying to UK, says family | Egypt | The Guardian from The Guardian
2025-11-16 04:30:09,094 - INFO - [BBC] Article: https://www.bbc.com/news/articles/c8x1k0x2k2lo?at_medium=RSS&at_campaign=rss
2025-11-16 04:30:09,094 - INFO - [BBC] Attempt 1/1: Trying with 'requests_browser' strategy...
2025-11-16 04:30:09,138 - INFO - [BBC] Success with 'requests_browser'. Found content (296 words).
2025-11-16 04:30:09,194 - INFO - Duplicate article skipped: Australia: Nine injured after Walcha demolition derby car rams into crowd from BBC
2025-11-16 04:30:09,347 - INFO - [The Guardian] Article: https://www.theguardian.com/environment/2025/nov/15/indigenous-lands-must-be-recognised-as-part-of-climate-policy-says-brazilian-minister
2025-11-16 04:30:09,347 - INFO - [The Guardian] Attempt 1/1: Trying with 'requests_browser' strategy...
2025-11-16 04:30:09,381 - INFO - [The Guardian] Success with 'requests_browser'. Found content (777 words).
2025-11-16 04:30:09,415 - INFO - Duplicate article skipped: Indigenous lands must be recognised as part of climate policy, says Brazilian minister | Cop30 | The Guardian from The Guardian
2025-11-16 04:30:10,315 - INFO - [BBC] Article: https://www.bbc.com/news/articles/cvgwyyd8l58o?at_medium=RSS&at_campaign=rss
2025-11-16 04:30:10,315 - INFO - [BBC] Attempt 1/1: Trying with 'requests_browser' strategy...
2025-11-16 04:30:10,353 - INFO - [BBC] Success with 'requests_browser'. Found content (418 words).
2025-11-16 04:30:10,385 - INFO - Duplicate article skipped: Zelensky vows energy sector overhaul after $100m corruption scandal from BBC
2025-11-16 04:30:10,745 - INFO - [The Guardian] Article: https://www.theguardian.com/environment/2025/nov/14/protesters-blockade-cop30-summit-over-plight-of-indigenous-peoples
2025-11-16 04:30:10,745 - INFO - [The Guardian] Attempt 1/1: Trying with 'requests_browser' strategy...
2025-11-16 04:30:10,785 - INFO - [The Guardian] Success with 'requests_browser'. Found content (976 words).
2025-11-16 04:30:10,832 - INFO - Duplicate article skipped: Protesters blockade Cop30 summit over plight of Indigenous peoples | Cop30 | The Guardian from The Guardian
2025-11-16 04:30:11,572 - INFO - [The Guardian] Article: https://www.theguardian.com/world/2025/nov/14/mark-carney-nation-building-canada
2025-11-16 04:30:11,572 - INFO - [The Guardian] Attempt 1/1: Trying with 'requests_browser' strategy...
2025-11-16 04:30:11,606 - INFO - [The Guardian] Success with 'requests_browser'. Found content (745 words).
2025-11-16 04:30:11,640 - INFO - Duplicate article skipped: Carney’s ‘nation-building’ programme misses mark to be truly transformative for Canada | Canada | The Guardian from The Guardian
2025-11-16 04:30:11,706 - INFO - [BBC] Article: https://www.bbc.com/news/articles/cdxr5drrpqxo?at_medium=RSS&at_campaign=rss
2025-11-16 04:30:11,706 - INFO - [BBC] Attempt 1/1: Trying with 'requests_browser' strategy...
2025-11-16 04:30:11,744 - INFO - [BBC] Success with 'requests_browser'. Found content (580 words).
2025-11-16 04:30:11,775 - INFO - Duplicate article skipped: Pope Leo welcomes cinema stars to the Vatican from BBC
2025-11-16 04:30:12,336 - INFO - [BBC] Article: https://www.bbc.com/news/articles/cnvel2gvqeqo?at_medium=RSS&at_campaign=rss
2025-11-16 04:30:12,336 - INFO - [BBC] Attempt 1/1: Trying with 'requests_browser' strategy...
2025-11-16 04:30:12,368 - INFO - [BBC] Success with 'requests_browser'. Found content (320 words).
2025-11-16 04:30:12,397 - INFO - Duplicate article skipped: Kashmir blast: Nine killed in accidental explosion at police station in Indian-administered Kashmir, officials say from BBC
2025-11-16 04:30:12,928 - INFO - [The Guardian] Article: https://www.theguardian.com/world/2025/nov/14/venezuela-maduro-urges-trump-to-avoid-afghanistan-style-forever-war
2025-11-16 04:30:12,928 - INFO - [The Guardian] Attempt 1/1: Trying with 'requests_browser' strategy...
2025-11-16 04:30:12,965 - INFO - [The Guardian] Success with 'requests_browser'. Found content (499 words).
2025-11-16 04:30:13,007 - INFO - Duplicate article skipped: Venezuela’s Maduro urges Trump to avoid Afghanistan-style ‘forever war’ | Venezuela | The Guardian from The Guardian
2025-11-16 04:30:13,363 - INFO - [BBC] Article: https://www.bbc.com/news/articles/cdjr4xw83eko?at_medium=RSS&at_campaign=rss
2025-11-16 04:30:13,363 - INFO - [BBC] Attempt 1/1: Trying with 'requests_browser' strategy...
2025-11-16 04:30:13,400 - INFO - [BBC] Success with 'requests_browser'. Found content (676 words).
2025-11-16 04:30:13,431 - INFO - Duplicate article skipped: Trump rolls back tariffs on dozens of food products from BBC
2025-11-16 04:30:14,082 - INFO - [The Guardian] Article: https://www.theguardian.com/environment/2025/nov/14/london-judge-rules-bhp-group-liable-for-brazil-2015-samarco-dam-collapse
2025-11-16 04:30:14,083 - INFO - [The Guardian] Attempt 1/1: Trying with 'requests_browser' strategy...
2025-11-16 04:30:14,121 - INFO - [The Guardian] Success with 'requests_browser'. Found content (407 words).
2025-11-16 04:30:14,169 - INFO - Duplicate article skipped: Mining firm BHP found liable in UK for disastrous Brazilian dam collapse | Mining | The Guardian from The Guardian
2025-11-16 04:30:14,315 - INFO - [BBC] Article: https://www.bbc.com/news/articles/cn09n94qg92o?at_medium=RSS&at_campaign=rss
2025-11-16 04:30:14,315 - INFO - [BBC] Attempt 1/1: Trying with 'requests_browser' strategy...
2025-11-16 04:30:14,362 - INFO - [BBC] Success with 'requests_browser'. Found content (1253 words).
2025-11-16 04:30:14,399 - INFO - Duplicate article skipped: Epstein files: Who else was mentioned? from BBC
2025-11-16 04:30:14,891 - INFO - Selenium driver initialized successfully.
2025-11-16 04:30:14,891 - INFO - Selenium driver initialized successfully.
2025-11-16 04:30:14,891 - INFO - Starting scrape for The Hindu RSS feed: https://www.thehindu.com/news/national/feeder/default.rss
2025-11-16 04:30:14,891 - INFO - Starting scrape for Times of India RSS feed: https://timesofindia.indiatimes.com/rssfeeds/296589292.cms
2025-11-16 04:30:15,031 - INFO - Found 20 articles in Times of India RSS feed. Processing up to 10.
2025-11-16 04:30:15,031 - INFO - [Times of India] Article: https://timesofindia.indiatimes.com/world/middle-east/thorough-exchange-of-views-putin-netanyahu-discuss-middle-east-tensions-russia-counters-us-draft-with-un-gaza-resolution/articleshow/125359356.cms
2025-11-16 04:30:15,031 - INFO - [Times of India] Attempt 1/1: Trying with 'selenium_browser' strategy...
2025-11-16 04:30:15,119 - INFO - Found 100 articles in The Hindu RSS feed. Processing up to 10.
2025-11-16 04:30:15,119 - INFO - [The Hindu] Article: https://www.thehindu.com/news/national/uttar-pradesh/up-sonbhadra-stone-quarry-portion-collapse-workers-trapped-death-rescue-ops/article70286378.ece
2025-11-16 04:30:15,120 - INFO - [The Hindu] Attempt 1/1: Trying with 'selenium_browser' strategy...
2025-11-16 04:30:21,183 - INFO - [The Hindu] Page content loaded.
2025-11-16 04:30:21,299 - INFO - [The Hindu] Success with 'selenium_browser'. Found content (264 words).
2025-11-16 04:30:21,385 - INFO - Saved article: At least one dead, 10 feared trapped as portion of stone mine collapses in U.P.’s Sonbhadra; rescue ops underway - The Hindu from The Hindu
2025-11-16 04:30:22,389 - INFO - [The Hindu] Article: https://www.thehindu.com/news/national/west-bengal/west-bengal-abhishekto-launch-healthcare-outreach-initiative-sebaashray-2from-dec-1/article70284822.ece
2025-11-16 04:30:22,389 - INFO - [The Hindu] Attempt 1/1: Trying with 'selenium_browser' strategy...
2025-11-16 04:30:28,015 - INFO - [The Hindu] Page content loaded.
2025-11-16 04:30:28,183 - INFO - [The Hindu] Success with 'selenium_browser'. Found content (315 words).
2025-11-16 04:30:28,544 - INFO - Saved article: West Bengal: Abhishek to launch healthcare outreach initiative ‘Sebaashray 2’ from Dec 1 - The Hindu from The Hindu
2025-11-16 04:30:29,901 - INFO - [The Hindu] Article: https://www.thehindu.com/news/national/rajasthan/direct-engagement-ensures-market-linkages-for-rural-producers-in-rajasthan/article70284303.ece
2025-11-16 04:30:29,902 - INFO - [The Hindu] Attempt 1/1: Trying with 'selenium_browser' strategy...
2025-11-16 04:31:15,086 - ERROR - [Times of India] Request failed for strategy 'selenium_browser' on URL https://timesofindia.indiatimes.com/world/middle-east/thorough-exchange-of-views-putin-netanyahu-discuss-middle-east-tensions-russia-counters-us-draft-with-un-gaza-resolution/articleshow/125359356.cms: Message: timeout: Timed out receiving message from renderer: 59.709
  (Session info: chrome=142.0.7444.162)
Stacktrace:
#0 0x55d8de87a32a <unknown>
#1 0x55d8de2c6e4b <unknown>
#2 0x55d8de2aee0d <unknown>
#3 0x55d8de2aeaf0 <unknown>
#4 0x55d8de2ac8ff <unknown>
#5 0x55d8de2ad27f <unknown>
#6 0x55d8de2bbca3 <unknown>
#7 0x55d8de2d5601 <unknown>
#8 0x55d8de2dbe0b <unknown>
#9 0x55d8de2ad9bd <unknown>
#10 0x55d8de2d53a7 <unknown>
#11 0x55d8de366170 <unknown>
#12 0x55d8de30bc1a <unknown>
#13 0x55d8de30c921 <unknown>
#14 0x55d8de841239 <unknown>
#15 0x55d8de8441e8 <unknown>
#16 0x55d8de82a4c9 <unknown>
#17 0x55d8de844db5 <unknown>
#18 0x55d8de811e93 <unknown>
#19 0x55d8de867098 <unknown>
#20 0x55d8de867273 <unknown>
#21 0x55d8de8792c3 <unknown>
#22 0x7fa52949caa4 <unknown>
#23 0x7fa529529c6c <unknown>

2025-11-16 04:31:15,086 - ERROR - [Times of India] All scrape strategies failed for https://timesofindia.indiatimes.com/world/middle-east/thorough-exchange-of-views-putin-netanyahu-discuss-middle-east-tensions-russia-counters-us-draft-with-un-gaza-resolution/articleshow/125359356.cms. Falling back to RSS description.
2025-11-16 04:31:15,091 - INFO - Saved article: 'Thorough exchange of views’: Putin, Netanyahu discuss Middle-East tensions; Russia counters US draft with UN Gaza resolution from Times of India
2025-11-16 04:31:15,604 - INFO - [Times of India] Article: https://timesofindia.indiatimes.com/world/us/its-an-op-dude-bombshell-texts-reveal-how-bannon-secretly-helped-epstein-rehab-his-image/articleshow/125358553.cms
2025-11-16 04:31:15,604 - INFO - [Times of India] Attempt 1/1: Trying with 'selenium_browser' strategy...
2025-11-16 04:31:17,056 - INFO - [Times of India] Page content loaded.
2025-11-16 04:31:17,231 - INFO - [Times of India] Success with 'selenium_browser'. Found content (1199 words).
2025-11-16 04:31:17,317 - INFO - Saved article: ‘It’s an op, dude’: Bombshell texts reveal how Bannon secretly helped Epstein rehab his image - The Times of India from Times of India
2025-11-16 04:31:18,425 - INFO - [Times of India] Article: https://timesofindia.indiatimes.com/world/us-streamers/hasan-piker-speaks-out-on-chinese-propaganda-claims-and-makes-surprising-cuba-prison-comment/articleshow/125358035.cms
2025-11-16 04:31:18,426 - INFO - [Times of India] Attempt 1/1: Trying with 'selenium_browser' strategy...
2025-11-16 04:31:19,774 - INFO - [Times of India] Page content loaded.
2025-11-16 04:31:19,910 - INFO - [Times of India] Success with 'selenium_browser'. Found content (439 words).
2025-11-16 04:31:19,970 - INFO - Saved article: Hasan Piker speaks out on Chinese propaganda claims and makes surprising Cuba prison comment - The Times of India from Times of India
2025-11-16 04:31:21,467 - INFO - [Times of India] Article: https://timesofindia.indiatimes.com/world/us/youre-lying-youre-not-ready-michelle-obama-drops-truth-bomb-when-asked-if-us-is-ready-for-its-first-female-president/articleshow/125358252.cms
2025-11-16 04:31:21,467 - INFO - [Times of India] Attempt 1/1: Trying with 'selenium_browser' strategy...
2025-11-16 04:31:22,871 - INFO - [Times of India] Page content loaded.
2025-11-16 04:31:23,016 - INFO - [Times of India] Success with 'selenium_browser'. Found content (291 words).
2025-11-16 04:31:23,084 - INFO - Saved article: ‘You’re lying — you’re not ready’: Michelle Obama drops truth bomb when asked if US is ready for its first female president - The Times of India from Times of India
2025-11-16 04:31:23,869 - INFO - [Times of India] Article: https://timesofindia.indiatimes.com/world/us/unnecessary-fear-border-patrol-deployments-prompt-arrests-alarm-and-political-pushback-in-charlotte/articleshow/125358145.cms
2025-11-16 04:31:23,869 - INFO - [Times of India] Attempt 1/1: Trying with 'selenium_browser' strategy...
2025-11-16 04:31:25,374 - INFO - [Times of India] Page content loaded.
2025-11-16 04:31:25,502 - INFO - [Times of India] Success with 'selenium_browser'. Found content (472 words).
2025-11-16 04:31:25,559 - INFO - Saved article: ‘Unnecessary fear’: Border patrol deployments prompt arrests, alarm, and political pushback in Charlotte - The Times of India from Times of India
2025-11-16 04:31:26,936 - INFO - [Times of India] Article: https://timesofindia.indiatimes.com/world/rest-of-world/tear-gas-chaos-and-straw-hats-gen-z-protests-erupt-against-drug-violence-in-mexico-city-watch-video/articleshow/125358090.cms
2025-11-16 04:31:26,937 - INFO - [Times of India] Attempt 1/1: Trying with 'selenium_browser' strategy...
2025-11-16 04:31:28,499 - INFO - [Times of India] Page content loaded.
2025-11-16 04:31:28,646 - INFO - [Times of India] Success with 'selenium_browser'. Found content (442 words).
2025-11-16 04:31:28,713 - INFO - Saved article: Tear gas, chaos, and straw hats: Gen Z protests erupt against drug violence in Mexico City — watch video - The Times of India from Times of India
2025-11-16 04:31:29,920 - ERROR - [The Hindu] Request failed for strategy 'selenium_browser' on URL https://www.thehindu.com/news/national/rajasthan/direct-engagement-ensures-market-linkages-for-rural-producers-in-rajasthan/article70284303.ece: Message: timeout: Timed out receiving message from renderer: 59.886
  (Session info: chrome=142.0.7444.162)
Stacktrace:
#0 0x55c4de1fb32a <unknown>
#1 0x55c4ddc47e4b <unknown>
#2 0x55c4ddc2fe0d <unknown>
#3 0x55c4ddc2faf0 <unknown>
#4 0x55c4ddc2d8ff <unknown>
#5 0x55c4ddc2e27f <unknown>
#6 0x55c4ddc3cca3 <unknown>
#7 0x55c4ddc56601 <unknown>
#8 0x55c4ddc5ce0b <unknown>
#9 0x55c4ddc2e9bd <unknown>
#10 0x55c4ddc563a7 <unknown>
#11 0x55c4ddce7170 <unknown>
#12 0x55c4ddc8cc1a <unknown>
#13 0x55c4ddc8d921 <unknown>
#14 0x55c4de1c2239 <unknown>
#15 0x55c4de1c51e8 <unknown>
#16 0x55c4de1ab4c9 <unknown>
#17 0x55c4de1c5db5 <unknown>
#18 0x55c4de192e93 <unknown>
#19 0x55c4de1e8098 <unknown>
#20 0x55c4de1e8273 <unknown>
#21 0x55c4de1fa2c3 <unknown>
#22 0x7fa5ae09caa4 <unknown>
#23 0x7fa5ae129c6c <unknown>

2025-11-16 04:31:29,920 - ERROR - [The Hindu] All scrape strategies failed for https://www.thehindu.com/news/national/rajasthan/direct-engagement-ensures-market-linkages-for-rural-producers-in-rajasthan/article70284303.ece. Falling back to RSS description.
2025-11-16 04:31:29,923 - INFO - Saved article: Direct engagement ensures market linkages for rural producers in Rajasthan from The Hindu
2025-11-16 04:31:30,130 - INFO - [Times of India] Article: https://timesofindia.indiatimes.com/world/us/us-visa-bulletin-december-eb-1-eb-2-dates-move-forward-for-indians/articleshow/125355776.cms
2025-11-16 04:31:30,130 - INFO - [Times of India] Attempt 1/1: Trying with 'selenium_browser' strategy...
2025-11-16 04:31:30,475 - INFO - [The Hindu] Article: https://www.thehindu.com/news/national/delhi-hc-steps-in-to-revive-centres-rare-disease-crowdfunding-portal-after-lukewarm-response-from-sponsors/article70285177.ece
2025-11-16 04:31:30,475 - INFO - [The Hindu] Attempt 1/1: Trying with 'selenium_browser' strategy...
2025-11-16 04:31:31,729 - INFO - [Times of India] Page content loaded.
2025-11-16 04:31:31,917 - INFO - [Times of India] Success with 'selenium_browser'. Found content (247 words).
2025-11-16 04:31:32,030 - INFO - Duplicate article skipped: US visa bulletin December: EB-1, EB-2 dates move forward for Indians - The Times of India from Times of India
2025-11-16 04:31:32,504 - INFO - [The Hindu] Page content loaded.
2025-11-16 04:31:32,623 - INFO - [The Hindu] Success with 'selenium_browser'. Found content (638 words).
2025-11-16 04:31:32,726 - INFO - Saved article: Delhi HC steps in to revive Centre’s rare-disease crowdfunding portal after lukewarm response from sponsors - The Hindu from The Hindu
2025-11-16 04:31:32,935 - INFO - [Times of India] Article: https://timesofindia.indiatimes.com/world/us/vivek-ramaswamy-is-culturally-indian-maga-debates-why-they-hate-trump-backed-ohio-guv-candidate/articleshow/125355294.cms
2025-11-16 04:31:32,935 - INFO - [Times of India] Attempt 1/1: Trying with 'selenium_browser' strategy...
2025-11-16 04:31:33,609 - INFO - [The Hindu] Article: https://www.thehindu.com/news/national/tamil-nadu/rejuvenation-helps-otteri-lake-in-vellore-to-reach-full-capacity-since-2021-floods/article70284089.ece
2025-11-16 04:31:33,609 - INFO - [The Hindu] Attempt 1/1: Trying with 'selenium_browser' strategy...
2025-11-16 04:31:34,630 - INFO - [The Hindu] Page content loaded.
2025-11-16 04:31:34,742 - INFO - [The Hindu] Success with 'selenium_browser'. Found content (420 words).
2025-11-16 04:31:34,867 - INFO - Duplicate article skipped: Rejuvenation helps Otteri lake in Vellore to reach full capacity since 2021 floods - The Hindu from The Hindu
2025-11-16 04:31:34,916 - INFO - [Times of India] Page content loaded.
2025-11-16 04:31:35,210 - INFO - [Times of India] Success with 'selenium_browser'. Found content (334 words).
2025-11-16 04:31:35,556 - INFO - Duplicate article skipped: 'Vivek Ramaswamy is culturally Indian': MAGA debates why they hate Trump-backed Ohio Guv candidate - The Times of India from Times of India
2025-11-16 04:31:36,343 - INFO - [The Hindu] Article: https://www.thehindu.com/business/Economy/venezuela-keen-to-increase-cooperation-in-critical-minerals-sector-with-india/article70285364.ece
2025-11-16 04:31:36,344 - INFO - [The Hindu] Attempt 1/1: Trying with 'selenium_browser' strategy...
2025-11-16 04:31:36,868 - INFO - [Times of India] Article: https://timesofindia.indiatimes.com/world/us/trump-planning-to-limit-green-card-for-immigrants-from-travel-ban-countries-what-does-it-mean/articleshow/125353703.cms
2025-11-16 04:31:36,869 - INFO - [Times of India] Attempt 1/1: Trying with 'selenium_browser' strategy...
2025-11-16 04:31:38,370 - INFO - [Times of India] Page content loaded.
2025-11-16 04:31:38,581 - INFO - [Times of India] Success with 'selenium_browser'. Found content (349 words).
2025-11-16 04:31:38,670 - INFO - Duplicate article skipped: Trump planning to limit green card for immigrants from 'travel ban' countries. What does it mean? - The Times of India from Times of India
2025-11-16 04:31:39,974 - INFO - [Times of India] Article: https://timesofindia.indiatimes.com/world/rest-of-world/how-is-nigerias-new-arts-museum-tied-to-the-benin-bronzes/articleshow/125353005.cms
2025-11-16 04:31:39,974 - INFO - [Times of India] Attempt 1/1: Trying with 'selenium_browser' strategy...
2025-11-16 04:31:41,549 - INFO - [Times of India] Page content loaded.
2025-11-16 04:31:41,730 - INFO - [Times of India] Success with 'selenium_browser'. Found content (958 words).
2025-11-16 04:31:41,807 - INFO - Duplicate article skipped: How is Nigeria's new arts museum tied to the Benin Bronzes? - The Times of India from Times of India
2025-11-16 04:31:43,149 - INFO - [Times of India] (Thread) Finished. Attempting to shut down its Selenium driver.
2025-11-16 04:31:43,535 - INFO - [Times of India] (Thread) driver.quit() successful.
2025-11-16 04:32:34,078 - INFO - [The Hindu] Page content loaded.
2025-11-16 04:32:34,331 - INFO - [The Hindu] Success with 'selenium_browser'. Found content (247 words).
2025-11-16 04:32:34,417 - INFO - Duplicate article skipped: Venezuela keen to increase cooperation in critical minerals sector with India - The Hindu from The Hindu
2025-11-16 04:32:35,514 - INFO - [The Hindu] Article: https://www.thehindu.com/news/national/tamil-nadu/p-chidambaram-launches-book-on-indian-community-in-singapore/article70284835.ece
2025-11-16 04:32:35,514 - INFO - [The Hindu] Attempt 1/1: Trying with 'selenium_browser' strategy...
2025-11-16 04:32:36,238 - INFO - [The Hindu] Page content loaded.
2025-11-16 04:32:36,431 - INFO - [The Hindu] Success with 'selenium_browser'. Found content (276 words).
2025-11-16 04:32:36,494 - INFO - Duplicate article skipped: P. Chidambaram launches book on Indian community in Singapore - The Hindu from The Hindu
2025-11-16 04:32:37,940 - INFO - [The Hindu] Article: https://www.thehindu.com/news/national/tamil-nadu/state-highways-dept-opens-nine-swanky-bus-shelters-in-tiruvannamalai-town/article70284073.ece
2025-11-16 04:32:37,940 - INFO - [The Hindu] Attempt 1/1: Trying with 'selenium_browser' strategy...
2025-11-16 04:32:38,751 - INFO - [The Hindu] Page content loaded.
2025-11-16 04:32:38,880 - INFO - [The Hindu] Success with 'selenium_browser'. Found content (300 words).
2025-11-16 04:32:38,953 - INFO - Duplicate article skipped: State Highways Dept. opens nine swanky bus shelters in Tiruvannamalai town - The Hindu from The Hindu
2025-11-16 04:32:39,966 - INFO - [The Hindu] Article: https://www.thehindu.com/business/hindustan-zinc-gets-licence-to-explore-mine-tungsten-block-in-andhra-pradesh/article70285363.ece
2025-11-16 04:32:39,966 - INFO - [The Hindu] Attempt 1/1: Trying with 'selenium_browser' strategy...
2025-11-16 04:32:40,838 - INFO - [The Hindu] Page content loaded.
2025-11-16 04:32:40,978 - INFO - [The Hindu] Success with 'selenium_browser'. Found content (226 words).
2025-11-16 04:32:41,055 - INFO - Duplicate article skipped: Hindustan Zinc gets licence to explore, mine tungsten block in Andhra Pradesh - The Hindu from The Hindu
2025-11-16 04:32:41,955 - INFO - [The Hindu] Article: https://www.thehindu.com/news/national/west-bengal/visit-raj-bhavan-and-verify-says-west-bengal-governor-after-tmc-mp-alleges-arms-distributed-from-raj-bhavan/article70285243.ece
2025-11-16 04:32:41,955 - INFO - [The Hindu] Attempt 1/1: Trying with 'selenium_browser' strategy...
2025-11-16 04:32:42,741 - INFO - [The Hindu] Page content loaded.
2025-11-16 04:32:42,993 - INFO - [The Hindu] Success with 'selenium_browser'. Found content (414 words).
2025-11-16 04:32:43,083 - INFO - Duplicate article skipped: ‘Visit Raj Bhavan and verify’, says West Bengal Governor after TMC MP alleges arms distributed from Raj Bhavan - The Hindu from The Hindu
2025-11-16 04:32:43,759 - INFO - [The Hindu] (Thread) Finished. Attempting to shut down its Selenium driver.
2025-11-16 04:32:43,887 - INFO - [The Hindu] (Thread) driver.quit() successful.
2025-11-16 04:32:43,887 - INFO - Shutting down thread pool (wait=False)...
2025-11-16 04:32:43,887 - INFO - Scraped: 0 The Guardian, 6 Times of India, 0 BBC, 4 The Hindu articles. (Total saved: 10)
2025-11-16 04:32:43,887 - INFO - --- Scraping job finished ---
2025-11-16 04:32:43,892 - INFO - --- Scraper service stopped and database connection closed. ---
2025-11-16 04:32:43,892 - INFO - --- Main thread finished. Forcing process exit to kill zombie threads. ---
