2026-03-02 05:18:18,176 - INFO - Initializing database connection at: news_articles.db
2026-03-02 05:18:18,177 - INFO - --- Scraper service started (CI Mode: Run Once) ---
2026-03-02 05:18:18,177 - INFO - --- Starting new scraping job (Parallel Mode) ---
2026-03-02 05:18:18,177 - INFO - Creating new robust session with 3 retries on 5xx/connection/read errors.
2026-03-02 05:18:18,178 - INFO - Proxy is DISABLED.
2026-03-02 05:18:18,178 - INFO - Starting scrape for BBC RSS feed: http://feeds.bbci.co.uk/news/world/rss.xml
2026-03-02 05:18:18,178 - INFO - [Times of India] (Thread) requires Selenium. Initializing driver...
2026-03-02 05:18:18,178 - INFO - Initializing headless Selenium Chrome driver (using SeleniumManager)...
2026-03-02 05:18:18,179 - INFO - Starting scrape for The Guardian RSS feed: https://www.theguardian.com/world/rss
2026-03-02 05:18:18,180 - INFO - [The Hindu] (Thread) requires Selenium. Initializing driver...
2026-03-02 05:18:18,180 - INFO - Initializing headless Selenium Chrome driver (using SeleniumManager)...
2026-03-02 05:18:18,180 - INFO - Submitted 4 jobs to thread pool. Waiting up to 300s for completion...
2026-03-02 05:18:18,372 - INFO - Found 45 articles in The Guardian RSS feed. Processing up to 10.
2026-03-02 05:18:18,372 - INFO - [The Guardian] Article: https://www.theguardian.com/world/2026/feb/27/ghana-men-killed-fight-russia-ukraine
2026-03-02 05:18:18,372 - INFO - [The Guardian] Attempt 1/1: Trying with 'requests_browser' strategy...
2026-03-02 05:18:18,417 - INFO - [The Guardian] Success with 'requests_browser'. Found content (401 words).
2026-03-02 05:18:18,480 - INFO - Duplicate article skipped: Ghana says at least 55 of its people killed after Russia ‘lured’ them to fight Ukraine | Ukraine | The Guardian from The Guardian
2026-03-02 05:18:18,484 - INFO - Found 28 articles in BBC RSS feed. Processing up to 10.
2026-03-02 05:18:18,485 - INFO - [BBC] Article: https://www.bbc.com/news/articles/c1jk922dgjgo?at_medium=RSS&at_campaign=rss
2026-03-02 05:18:18,485 - INFO - [BBC] Attempt 1/1: Trying with 'requests_browser' strategy...
2026-03-02 05:18:18,838 - INFO - [BBC] Success with 'requests_browser'. Found content (1277 words).
2026-03-02 05:18:18,882 - INFO - Duplicate article skipped: Allies of US in the Gulf bear brunt of Iran attacks from BBC
2026-03-02 05:18:19,172 - INFO - [The Guardian] Article: https://www.theguardian.com/global-development/2026/feb/27/rising-anger-over-lop-sided-immoral-us-health-funding-pacts-africa-countries
2026-03-02 05:18:19,172 - INFO - [The Guardian] Attempt 1/1: Trying with 'requests_browser' strategy...
2026-03-02 05:18:19,205 - INFO - [The Guardian] Success with 'requests_browser'. Found content (1145 words).
2026-03-02 05:18:19,242 - INFO - Duplicate article skipped: Rising anger over ‘lop-sided’ and ‘immoral’ US health funding pacts with African countries | Global development | The Guardian from The Guardian
2026-03-02 05:18:20,206 - INFO - [BBC] Article: https://www.bbc.com/news/articles/c75evve6l63o?at_medium=RSS&at_campaign=rss
2026-03-02 05:18:20,206 - INFO - [BBC] Attempt 1/1: Trying with 'requests_browser' strategy...
2026-03-02 05:18:20,253 - INFO - [BBC] Success with 'requests_browser'. Found content (698 words).
2026-03-02 05:18:20,296 - INFO - Duplicate article skipped: Oil prices rise after ships attacked near Strait of Hormuz from BBC
2026-03-02 05:18:20,353 - INFO - [The Guardian] Article: https://www.theguardian.com/global-development/2026/feb/26/women-arrested-uganda-kissing-public-lgbtq-laws
2026-03-02 05:18:20,354 - INFO - [The Guardian] Attempt 1/1: Trying with 'requests_browser' strategy...
2026-03-02 05:18:20,381 - INFO - [The Guardian] Success with 'requests_browser'. Found content (645 words).
2026-03-02 05:18:20,419 - INFO - Duplicate article skipped: Two women arrested in Uganda for allegedly kissing in public could face life sentence | Global development | The Guardian from The Guardian
2026-03-02 05:18:21,261 - INFO - [The Guardian] Article: https://www.theguardian.com/world/2026/feb/26/recent-mediterranean-storms-tragedies-spain-portugal-morocco
2026-03-02 05:18:21,261 - INFO - [The Guardian] Attempt 1/1: Trying with 'requests_browser' strategy...
2026-03-02 05:18:21,304 - INFO - [The Guardian] Success with 'requests_browser'. Found content (991 words).
2026-03-02 05:18:21,356 - INFO - Duplicate article skipped: ‘A devastating force’: how recent storms turned to tragedies across the western Mediterranean | Extreme weather | The Guardian from The Guardian
2026-03-02 05:18:21,700 - INFO - [BBC] Article: https://www.bbc.com/news/articles/c0lj18d5lx3o?at_medium=RSS&at_campaign=rss
2026-03-02 05:18:21,700 - INFO - [BBC] Attempt 1/1: Trying with 'requests_browser' strategy...
2026-03-02 05:18:21,761 - INFO - [BBC] Success with 'requests_browser'. Found content (1598 words).
2026-03-02 05:18:21,810 - INFO - Duplicate article skipped: Kidnapping of foreigners soars in Africa's lawless Sahel region from BBC
2026-03-02 05:18:22,832 - INFO - [The Guardian] Article: https://www.theguardian.com/global-development/2026/feb/25/zambia-us-health-aid-deal-exploitation-mining-concessions-data-sharing-targets
2026-03-02 05:18:22,832 - INFO - [The Guardian] Attempt 1/1: Trying with 'requests_browser' strategy...
2026-03-02 05:18:22,864 - INFO - [The Guardian] Success with 'requests_browser'. Found content (1111 words).
2026-03-02 05:18:22,905 - INFO - Duplicate article skipped: US accused of ‘shameless exploitation’ over proposed Zambian health aid deal | Global health | The Guardian from The Guardian
2026-03-02 05:18:23,138 - INFO - [BBC] Article: https://www.bbc.com/news/articles/cgjzdlx983po?at_medium=RSS&at_campaign=rss
2026-03-02 05:18:23,138 - INFO - [BBC] Attempt 1/1: Trying with 'requests_browser' strategy...
2026-03-02 05:18:23,192 - INFO - [BBC] Success with 'requests_browser'. Found content (1186 words).
2026-03-02 05:18:23,266 - INFO - Duplicate article skipped: Kim Ju Ae: Could Kim Jong Un's teen daughter become North Korea's next leader? from BBC
2026-03-02 05:18:24,159 - INFO - [The Guardian] Article: https://www.theguardian.com/world/2026/feb/28/miami-exiled-cubans-speedboat-shootout
2026-03-02 05:18:24,159 - INFO - [The Guardian] Attempt 1/1: Trying with 'requests_browser' strategy...
2026-03-02 05:18:24,196 - INFO - [The Guardian] Success with 'requests_browser'. Found content (1105 words).
2026-03-02 05:18:24,243 - INFO - Duplicate article skipped: ‘Adventurism has had its day’: speedboat shootout leaves Miami’s exiled Cubans bewildered | Cuba | The Guardian from The Guardian
2026-03-02 05:18:24,310 - INFO - [BBC] Article: https://www.bbc.com/news/articles/clyzklvk79yo?at_medium=RSS&at_campaign=rss
2026-03-02 05:18:24,310 - INFO - [BBC] Attempt 1/1: Trying with 'requests_browser' strategy...
2026-03-02 05:18:24,359 - INFO - [BBC] Success with 'requests_browser'. Found content (1289 words).
2026-03-02 05:18:24,406 - INFO - Saved article: Michael B Jordan and Sinners score big wins at Actor Awards from BBC
2026-03-02 05:18:24,936 - INFO - [BBC] Article: https://www.bbc.com/news/articles/c1l7rvqq51eo?at_medium=RSS&at_campaign=rss
2026-03-02 05:18:24,936 - INFO - [BBC] Attempt 1/1: Trying with 'requests_browser' strategy...
2026-03-02 05:18:24,982 - INFO - [BBC] Success with 'requests_browser'. Found content (512 words).
2026-03-02 05:18:25,028 - INFO - Duplicate article skipped: At least 153 dead after reported strike on school, Iran says from BBC
2026-03-02 05:18:25,242 - INFO - [The Guardian] Article: https://www.theguardian.com/world/2026/feb/28/at-least-15-killed-as-cash-laden-military-cargo-plane-crashes-in-bolivia
2026-03-02 05:18:25,242 - INFO - [The Guardian] Attempt 1/1: Trying with 'requests_browser' strategy...
2026-03-02 05:18:25,267 - INFO - [The Guardian] Success with 'requests_browser'. Found content (428 words).
2026-03-02 05:18:25,302 - INFO - Duplicate article skipped: At least 20 killed as cash-laden military cargo plane crashes in Bolivia | Bolivia | The Guardian from The Guardian
2026-03-02 05:18:25,773 - INFO - [BBC] Article: https://www.bbc.com/news/articles/c363zkp1pgxo?at_medium=RSS&at_campaign=rss
2026-03-02 05:18:25,773 - INFO - [BBC] Attempt 1/1: Trying with 'requests_browser' strategy...
2026-03-02 05:18:25,823 - INFO - [BBC] Success with 'requests_browser'. Found content (908 words).
2026-03-02 05:18:25,868 - INFO - Duplicate article skipped: Nine dead in missile attack on Beit Shemesh, Israel as Iran strikes from BBC
2026-03-02 05:18:26,063 - INFO - [The Guardian] Article: https://www.theguardian.com/us-news/2026/feb/27/trump-cuba-regime-change
2026-03-02 05:18:26,063 - INFO - [The Guardian] Attempt 1/1: Trying with 'requests_browser' strategy...
2026-03-02 05:18:26,067 - INFO - Selenium driver initialized successfully.
2026-03-02 05:18:26,067 - INFO - Starting scrape for Times of India RSS feed: https://timesofindia.indiatimes.com/rssfeeds/296589292.cms
2026-03-02 05:18:26,069 - INFO - Selenium driver initialized successfully.
2026-03-02 05:18:26,069 - INFO - Starting scrape for The Hindu RSS feed: https://www.thehindu.com/news/national/feeder/default.rss
2026-03-02 05:18:26,090 - INFO - [The Guardian] Success with 'requests_browser'. Found content (708 words).
2026-03-02 05:18:26,126 - INFO - Duplicate article skipped: Trump suggests US could carry out ‘friendly takeover’ of Cuba | Donald Trump | The Guardian from The Guardian
2026-03-02 05:18:26,264 - INFO - Found 100 articles in The Hindu RSS feed. Processing up to 10.
2026-03-02 05:18:26,264 - INFO - [The Hindu] Article: https://www.thehindu.com/news/national/jammu-and-kashmir/restrictions-imposed-in-kashmir-after-protests-over-killing-of-irans-supreme-leader-ali-khamenei/article70693917.ece
2026-03-02 05:18:26,264 - INFO - [The Hindu] Attempt 1/1: Trying with 'selenium_browser' strategy...
2026-03-02 05:18:26,313 - INFO - Found 20 articles in Times of India RSS feed. Processing up to 10.
2026-03-02 05:18:26,313 - INFO - [Times of India] Article: https://timesofindia.indiatimes.com/world/middle-east/kuwait-interior-ministry-announces-temporary-ban-on-fishing-boats-and-outdoor-gatherings-amid-iran-israel-conflict/articleshow/128936334.cms
2026-03-02 05:18:26,313 - INFO - [Times of India] Attempt 1/1: Trying with 'selenium_browser' strategy...
2026-03-02 05:18:26,651 - INFO - [The Guardian] Article: https://www.theguardian.com/us-news/2026/feb/27/cbp-border-drone-military-democrats
2026-03-02 05:18:26,651 - INFO - [The Guardian] Attempt 1/1: Trying with 'requests_browser' strategy...
2026-03-02 05:18:26,684 - INFO - [The Guardian] Success with 'requests_browser'. Found content (503 words).
2026-03-02 05:18:26,747 - INFO - Duplicate article skipped: Democrats outraged at US military’s downing of CBP drone near Mexico border | US military | The Guardian from The Guardian
2026-03-02 05:18:26,793 - INFO - [BBC] Article: https://www.bbc.com/news/articles/cgjznzgly0po?at_medium=RSS&at_campaign=rss
2026-03-02 05:18:26,793 - INFO - [BBC] Attempt 1/1: Trying with 'requests_browser' strategy...
2026-03-02 05:18:26,848 - INFO - [BBC] Success with 'requests_browser'. Found content (674 words).
2026-03-02 05:18:26,900 - INFO - Duplicate article skipped: Deadly Texas bar shooting 'potentially an act of terrorism', FBI says from BBC
2026-03-02 05:18:27,457 - INFO - [BBC] Article: https://www.bbc.com/news/articles/c5y6jvlv83ro?at_medium=RSS&at_campaign=rss
2026-03-02 05:18:27,457 - INFO - [BBC] Attempt 1/1: Trying with 'requests_browser' strategy...
2026-03-02 05:18:27,512 - INFO - [BBC] Success with 'requests_browser'. Found content (499 words).
2026-03-02 05:18:27,580 - INFO - Duplicate article skipped: War photographer Paul Conroy dies aged 61 as tributes paid from BBC
2026-03-02 05:18:27,706 - INFO - [The Guardian] Article: https://www.theguardian.com/world/2026/feb/27/argentina-labor-law-overhaul
2026-03-02 05:18:27,706 - INFO - [The Guardian] Attempt 1/1: Trying with 'requests_browser' strategy...
2026-03-02 05:18:27,744 - INFO - [The Guardian] Success with 'requests_browser'. Found content (639 words).
2026-03-02 05:18:27,833 - INFO - Duplicate article skipped: ‘More exploitation, fewer rights’: Argentina braces for sweeping overhaul of labor laws | Argentina | The Guardian from The Guardian
2026-03-02 05:18:28,650 - INFO - [BBC] Article: https://www.bbc.com/news/articles/cp81wegj123o?at_medium=RSS&at_campaign=rss
2026-03-02 05:18:28,651 - INFO - [BBC] Attempt 1/1: Trying with 'requests_browser' strategy...
2026-03-02 05:18:28,833 - INFO - [BBC] Success with 'requests_browser'. Found content (944 words).
2026-03-02 05:18:28,965 - INFO - Duplicate article skipped: WhatsApp: Why is the messenger's privacy policy in India facing a legal challenge? from BBC
2026-03-02 05:18:30,453 - INFO - [The Hindu] Page content loaded.
2026-03-02 05:18:32,648 - INFO - [The Hindu] Success with 'selenium_browser'. Found content (349 words).
2026-03-02 05:18:32,932 - INFO - Saved article: Iran-Israel Conflict: Restrictions imposed in Kashmir after protests over Iran’s supreme leader Ali Khamenei's killing - The Hindu from The Hindu
2026-03-02 05:18:33,889 - INFO - [The Hindu] Article: https://www.thehindu.com/news/national/kerala/manjummel-boys-director-chidambaram-booked-for-sexual-harassment-following-actors-complaint/article70693906.ece
2026-03-02 05:18:33,889 - INFO - [The Hindu] Attempt 1/1: Trying with 'selenium_browser' strategy...
2026-03-02 05:18:38,842 - INFO - [The Hindu] Page content loaded.
2026-03-02 05:18:38,964 - INFO - [The Hindu] Success with 'selenium_browser'. Found content (105 words).
2026-03-02 05:18:39,095 - INFO - Saved article: ‘Manjummel Boys’ director Chidambaram booked for sexual harassment following actor’s complaint - The Hindu from The Hindu
2026-03-02 05:18:40,549 - INFO - [The Hindu] Article: https://www.thehindu.com/news/national/karnataka/janawadi-mahila-sanghatane-to-stage-protest-at-freedom-park-in-bengaluru-on-march-5-over-policies-impacting-women-farmers-labourers-and-senior-citizens/article70692142.ece
2026-03-02 05:18:40,550 - INFO - [The Hindu] Attempt 1/1: Trying with 'selenium_browser' strategy...
2026-03-02 05:18:46,959 - INFO - [The Hindu] Page content loaded.
2026-03-02 05:18:47,177 - INFO - [The Hindu] Success with 'selenium_browser'. Found content (343 words).
2026-03-02 05:18:47,399 - INFO - Saved article: Protest in Bengaluru on March 5 over policies impacting women, farmers, labourers and senior citizens - The Hindu from The Hindu
2026-03-02 05:18:47,998 - INFO - [The Hindu] Article: https://www.thehindu.com/sci-tech/technology/amazon-india-slashes-seller-referral-fees-in-retail-growth-push/article70693736.ece
2026-03-02 05:18:47,998 - INFO - [The Hindu] Attempt 1/1: Trying with 'selenium_browser' strategy...
2026-03-02 05:18:50,895 - INFO - [The Hindu] Page content loaded.
2026-03-02 05:18:51,047 - INFO - [The Hindu] Success with 'selenium_browser'. Found content (256 words).
2026-03-02 05:18:51,193 - INFO - Saved article: Amazon India slashes seller referral fees in retail growth push - The Hindu from The Hindu
2026-03-02 05:18:52,591 - INFO - [The Hindu] Article: https://www.thehindu.com/news/national/karnataka/aec-formulating-safety-standards-before-allowing-private-players-in-nuclear-power-sector-in-india/article70692100.ece
2026-03-02 05:18:52,591 - INFO - [The Hindu] Attempt 1/1: Trying with 'selenium_browser' strategy...
2026-03-02 05:18:58,820 - INFO - [The Hindu] Page content loaded.
2026-03-02 05:18:59,088 - INFO - [The Hindu] Success with 'selenium_browser'. Found content (551 words).
2026-03-02 05:18:59,294 - INFO - Saved article: AEC formulating safety standards before allowing private players in nuclear power sector in India - The Hindu from The Hindu
2026-03-02 05:19:00,540 - INFO - [The Hindu] Article: https://www.thehindu.com/news/national/odisha/odisha-police-declare-2-more-districts-maoist-free/article70693851.ece
2026-03-02 05:19:00,541 - INFO - [The Hindu] Attempt 1/1: Trying with 'selenium_browser' strategy...
2026-03-02 05:19:05,652 - INFO - [The Hindu] Page content loaded.
2026-03-02 05:19:05,984 - INFO - [The Hindu] Success with 'selenium_browser'. Found content (384 words).
2026-03-02 05:19:06,055 - INFO - Saved article: Odisha Police declare 2 more districts Maoist-free - The Hindu from The Hindu
2026-03-02 05:19:07,039 - INFO - [The Hindu] Article: https://www.thehindu.com/sci-tech/technology/airtel-google-partner-to-check-spam-in-messages/article70693776.ece
2026-03-02 05:19:07,039 - INFO - [The Hindu] Attempt 1/1: Trying with 'selenium_browser' strategy...
2026-03-02 05:19:07,964 - INFO - [The Hindu] Page content loaded.
2026-03-02 05:19:08,059 - INFO - [The Hindu] Success with 'selenium_browser'. Found content (436 words).
2026-03-02 05:19:08,159 - INFO - Saved article: Airtel, Google partner to check spam in messages - The Hindu from The Hindu
2026-03-02 05:19:09,625 - INFO - [The Hindu] Article: https://www.thehindu.com/news/national/karnataka/special-intensive-revision-is-turning-millions-of-voters-into-outsiders-in-their-own-country/article70692452.ece
2026-03-02 05:19:09,625 - INFO - [The Hindu] Attempt 1/1: Trying with 'selenium_browser' strategy...
2026-03-02 05:19:12,702 - INFO - [The Hindu] Page content loaded.
2026-03-02 05:19:12,963 - INFO - [The Hindu] Success with 'selenium_browser'. Found content (716 words).
2026-03-02 05:19:13,032 - INFO - Saved article: ‘Special Intensive Revision is turning millions of voters into outsiders in their own country’ - The Hindu from The Hindu
2026-03-02 05:19:13,952 - INFO - [The Hindu] Article: https://www.thehindu.com/news/national/telangana/students-have-the-power-to-shape-the-nation-says-former-diplomat/article70691463.ece
2026-03-02 05:19:13,952 - INFO - [The Hindu] Attempt 1/1: Trying with 'selenium_browser' strategy...
2026-03-02 05:19:16,068 - INFO - [The Hindu] Page content loaded.
2026-03-02 05:19:16,208 - INFO - [The Hindu] Success with 'selenium_browser'. Found content (176 words).
2026-03-02 05:19:16,366 - INFO - Saved article: Students have the power to shape the nation, says former diplomat - The Hindu from The Hindu
2026-03-02 05:19:16,872 - INFO - [The Hindu] Article: https://www.thehindu.com/news/national/karnataka/karnataka-mla-expresses-condolences-on-death-of-irans-leader-ayatollah-syed-ali-khamenei/article70692147.ece
2026-03-02 05:19:16,872 - INFO - [The Hindu] Attempt 1/1: Trying with 'selenium_browser' strategy...
2026-03-02 05:19:18,758 - INFO - [The Hindu] Page content loaded.
2026-03-02 05:19:18,882 - INFO - [The Hindu] Success with 'selenium_browser'. Found content (101 words).
2026-03-02 05:19:18,941 - INFO - Saved article: Karnataka MLA Asif Sait condoles death of Iran’s leader Ayatollah Syed Ali Khamenei - The Hindu from The Hindu
2026-03-02 05:19:19,678 - INFO - [The Hindu] (Thread) Finished. Attempting to shut down its Selenium driver.
2026-03-02 05:19:19,851 - INFO - [The Hindu] (Thread) driver.quit() successful.
2026-03-02 05:19:26,333 - ERROR - [Times of India] Request failed for strategy 'selenium_browser' on URL https://timesofindia.indiatimes.com/world/middle-east/kuwait-interior-ministry-announces-temporary-ban-on-fishing-boats-and-outdoor-gatherings-amid-iran-israel-conflict/articleshow/128936334.cms: Message: timeout: Timed out receiving message from renderer: 59.892
  (Session info: chrome=145.0.7632.116)
Stacktrace:
#0 0x555f14ab8b6a <unknown>
#1 0x555f144cba32 <unknown>
#2 0x555f144b3007 <unknown>
#3 0x555f144b2c16 <unknown>
#4 0x555f144b0731 <unknown>
#5 0x555f144b10bf <unknown>
#6 0x555f144c0560 <unknown>
#7 0x555f144da707 <unknown>
#8 0x555f144e18db <unknown>
#9 0x555f144b1829 <unknown>
#10 0x555f144da49c <unknown>
#11 0x555f145696e1 <unknown>
#12 0x555f14512c0f <unknown>
#13 0x555f145139d1 <unknown>
#14 0x555f14a7d6b9 <unknown>
#15 0x555f14a805c1 <unknown>
#16 0x555f14a69e29 <unknown>
#17 0x555f14a8117e <unknown>
#18 0x555f14a504b0 <unknown>
#19 0x555f14aa5578 <unknown>
#20 0x555f14aa574b <unknown>
#21 0x555f14ab71a3 <unknown>
#22 0x7f5de929caa4 <unknown>
#23 0x7f5de9329c6c <unknown>

2026-03-02 05:19:26,333 - ERROR - [Times of India] All scrape strategies failed for https://timesofindia.indiatimes.com/world/middle-east/kuwait-interior-ministry-announces-temporary-ban-on-fishing-boats-and-outdoor-gatherings-amid-iran-israel-conflict/articleshow/128936334.cms. Falling back to RSS description.
2026-03-02 05:19:26,334 - INFO - Saved article: Kuwait: Interior Ministry announces temporary ban on fishing boats and outdoor gatherings amid Iran-Israel conflict from Times of India
2026-03-02 05:19:27,197 - INFO - [Times of India] Article: https://timesofindia.indiatimes.com/world/middle-east/gave-us-free-food-and-hotel-vouchers-stranded-indian-traveller-praises-uae-support-after-airspace-shutdown/articleshow/128935937.cms
2026-03-02 05:19:27,197 - INFO - [Times of India] Attempt 1/1: Trying with 'selenium_browser' strategy...
2026-03-02 05:19:30,546 - INFO - [Times of India] Page content loaded.
2026-03-02 05:19:30,798 - INFO - [Times of India] Success with 'selenium_browser'. Found content (491 words).
2026-03-02 05:19:30,915 - INFO - Saved article: ‘Gave us free food and hotel vouchers’: Stranded Indian traveller praises UAE support after airspace shutdown | World News - The Times of India from Times of India
2026-03-02 05:19:31,929 - INFO - [Times of India] Article: https://timesofindia.indiatimes.com/world/middle-east/satellite-images-show-impact-of-iran-missile-and-drone-attacks-on-dubai/articleshow/128935750.cms
2026-03-02 05:19:31,929 - INFO - [Times of India] Attempt 1/1: Trying with 'selenium_browser' strategy...
2026-03-02 05:19:33,099 - INFO - [Times of India] Page content loaded.
2026-03-02 05:19:33,276 - INFO - [Times of India] Success with 'selenium_browser'. Found content (453 words).
2026-03-02 05:19:33,337 - INFO - Saved article: Satellite images show impact of Iran missile and drone attacks on Dubai - The Times of India from Times of India
2026-03-02 05:19:34,817 - INFO - [Times of India] Article: https://timesofindia.indiatimes.com/world/pakistan/taliban-strike-multiple-military-bases-in-pakistan-strategic-nur-khan-airbase-in-rawalpindi-hit/articleshow/128935227.cms
2026-03-02 05:19:34,817 - INFO - [Times of India] Attempt 1/1: Trying with 'selenium_browser' strategy...
2026-03-02 05:19:36,555 - INFO - [Times of India] Page content loaded.
2026-03-02 05:19:36,720 - INFO - [Times of India] Success with 'selenium_browser'. Found content (497 words).
2026-03-02 05:19:36,832 - INFO - Saved article: Taliban strike multiple military bases in Pakistan; strategic Nur Khan Airbase in Rawalpindi hit - The Times of India from Times of India
2026-03-02 05:19:38,070 - INFO - [Times of India] Article: https://timesofindia.indiatimes.com/world/middle-east/safe-haven-image-cracks-as-iran-drones-target-us-gulf-allies-dubai-hotel-airport-hit/articleshow/128934030.cms
2026-03-02 05:19:38,070 - INFO - [Times of India] Attempt 1/1: Trying with 'selenium_browser' strategy...
2026-03-02 05:19:39,917 - INFO - [Times of India] Page content loaded.
2026-03-02 05:19:40,051 - INFO - [Times of India] Success with 'selenium_browser'. Found content (397 words).
2026-03-02 05:19:40,117 - INFO - Saved article: Safe-haven image cracks as Iran drones target US Gulf allies; Dubai hotel, airport hit - The Times of India from Times of India
2026-03-02 05:19:41,357 - INFO - [Times of India] Article: https://timesofindia.indiatimes.com/world/middle-east/all-expenses-paid-uae-covers-accommodation-meals-flights-for-20000-stranded-travellers-in-emirates-amid-iranusisrael-war/articleshow/128933522.cms
2026-03-02 05:19:41,357 - INFO - [Times of India] Attempt 1/1: Trying with 'selenium_browser' strategy...
2026-03-02 05:19:42,291 - INFO - [Times of India] Page content loaded.
2026-03-02 05:19:42,483 - INFO - [Times of India] Success with 'selenium_browser'. Found content (713 words).
2026-03-02 05:19:42,542 - INFO - Saved article: All expenses paid: UAE covers accommodation, meals, flights for 20000+ stranded travellers in emirates amid Iran–US–Israel war - The Times of India from Times of India
2026-03-02 05:19:43,320 - INFO - [Times of India] Article: https://timesofindia.indiatimes.com/world/middle-east/khamenei-sought-to-turn-iran-into-a-regional-powerhouse/articleshow/128933878.cms
2026-03-02 05:19:43,320 - INFO - [Times of India] Attempt 1/1: Trying with 'selenium_browser' strategy...
2026-03-02 05:19:43,848 - INFO - [Times of India] Page content loaded.
2026-03-02 05:19:43,981 - INFO - [Times of India] Success with 'selenium_browser'. Found content (481 words).
2026-03-02 05:19:44,066 - INFO - Saved article: Khamenei sought to turn Iran into a regional powerhouse - The Times of India from Times of India
2026-03-02 05:19:45,547 - INFO - [Times of India] Article: https://timesofindia.indiatimes.com/world/middle-east/iran-war-khamenei-had-planned-for-transition-of-power/articleshow/128933831.cms
2026-03-02 05:19:45,547 - INFO - [Times of India] Attempt 1/1: Trying with 'selenium_browser' strategy...
2026-03-02 05:19:46,815 - INFO - [Times of India] Page content loaded.
2026-03-02 05:19:47,008 - INFO - [Times of India] Success with 'selenium_browser'. Found content (491 words).
2026-03-02 05:19:47,061 - INFO - Duplicate article skipped: Iran war: Khamenei had planned for transition of power - The Times of India from Times of India
2026-03-02 05:19:48,158 - INFO - [Times of India] Article: https://timesofindia.indiatimes.com/world/middle-east/israel-iran-war-news-live-udates-conflict-attack-middle-east-state-of-emergency-explosions-tehran-gulf-countries-trump-us-ali-khamenei/liveblog/128933029.cms
2026-03-02 05:19:48,158 - INFO - [Times of India] Attempt 1/1: Trying with 'selenium_browser' strategy...
2026-03-02 05:19:50,076 - INFO - [Times of India] Page content loaded.
2026-03-02 05:19:50,313 - INFO - [Times of India] Success with 'selenium_browser'. Found content (281 words).
2026-03-02 05:19:50,406 - INFO - Duplicate article skipped: Iran Israel War News | US-Israel Attack Iran Live Updates: Iran blames Trump’s ‘delusional fantasies’ for Middle East chaos, says ‘won't negotiate with US’ from Times of India
2026-03-02 05:19:51,445 - INFO - [Times of India] Article: https://timesofindia.indiatimes.com/world/middle-east/uae-intercepts-drone-debris-injures-civilians-as-it-hits-etihad-towers-in-abu-dhabi-amid-iranusisrael-conflict/articleshow/128932729.cms
2026-03-02 05:19:51,446 - INFO - [Times of India] Attempt 1/1: Trying with 'selenium_browser' strategy...
2026-03-02 05:19:52,265 - INFO - [Times of India] Page content loaded.
2026-03-02 05:19:52,391 - INFO - [Times of India] Success with 'selenium_browser'. Found content (806 words).
2026-03-02 05:19:52,528 - INFO - Duplicate article skipped: UAE intercepts drone, debris injures civilians as it hits Etihad Towers in Abu Dhabi amid Iran–US–Israel conflict - The Times of India from Times of India
2026-03-02 05:19:53,113 - INFO - [Times of India] (Thread) Finished. Attempting to shut down its Selenium driver.
2026-03-02 05:19:53,304 - INFO - [Times of India] (Thread) driver.quit() successful.
2026-03-02 05:19:53,304 - INFO - Shutting down thread pool (wait=False)...
2026-03-02 05:19:53,304 - INFO - Scraped: 0 The Guardian, 1 BBC, 10 The Hindu, 7 Times of India articles. (Total saved: 18)
2026-03-02 05:19:53,304 - INFO - --- Scraping job finished ---
2026-03-02 05:19:53,309 - INFO - --- Scraper service stopped and database connection closed. ---
2026-03-02 05:19:53,309 - INFO - --- Main thread finished. Forcing process exit to kill zombie threads. ---
