2026-02-10 09:03:15,259 - INFO - Initializing database connection at: news_articles.db
2026-02-10 09:03:15,260 - INFO - --- Scraper service started (CI Mode: Run Once) ---
2026-02-10 09:03:15,260 - INFO - --- Starting new scraping job (Parallel Mode) ---
2026-02-10 09:03:15,260 - INFO - Creating new robust session with 3 retries on 5xx/connection/read errors.
2026-02-10 09:03:15,260 - INFO - Proxy is DISABLED.
2026-02-10 09:03:15,260 - INFO - Starting scrape for BBC RSS feed: http://feeds.bbci.co.uk/news/world/rss.xml
2026-02-10 09:03:15,261 - INFO - [Times of India] (Thread) requires Selenium. Initializing driver...
2026-02-10 09:03:15,261 - INFO - Initializing headless Selenium Chrome driver (using SeleniumManager)...
2026-02-10 09:03:15,261 - INFO - Starting scrape for The Guardian RSS feed: https://www.theguardian.com/world/rss
2026-02-10 09:03:15,262 - INFO - [The Hindu] (Thread) requires Selenium. Initializing driver...
2026-02-10 09:03:15,262 - INFO - Initializing headless Selenium Chrome driver (using SeleniumManager)...
2026-02-10 09:03:15,262 - INFO - Submitted 4 jobs to thread pool. Waiting up to 300s for completion...
2026-02-10 09:03:15,459 - INFO - Found 45 articles in The Guardian RSS feed. Processing up to 10.
2026-02-10 09:03:15,459 - INFO - [The Guardian] Article: https://www.theguardian.com/world/2026/feb/09/deaths-migrant-boat-capsizes-mediterranean-libya
2026-02-10 09:03:15,459 - INFO - [The Guardian] Attempt 1/1: Trying with 'requests_browser' strategy...
2026-02-10 09:03:15,488 - INFO - Found 26 articles in BBC RSS feed. Processing up to 10.
2026-02-10 09:03:15,489 - INFO - [BBC] Article: https://www.bbc.com/news/articles/cvgv5yre39zo?at_medium=RSS&at_campaign=rss
2026-02-10 09:03:15,489 - INFO - [BBC] Attempt 1/1: Trying with 'requests_browser' strategy...
2026-02-10 09:03:15,649 - INFO - [The Guardian] Success with 'requests_browser'. Found content (367 words).
2026-02-10 09:03:15,696 - INFO - Duplicate article skipped: 53 people dead or missing after migrant boat capsizes in Mediterranean | Migration | The Guardian from The Guardian
2026-02-10 09:03:15,727 - INFO - [BBC] Success with 'requests_browser'. Found content (766 words).
2026-02-10 09:03:15,771 - INFO - Duplicate article skipped: Ghislaine Maxwell refuses to answer questions about Epstein from Congress from BBC
2026-02-10 09:03:16,346 - INFO - [BBC] Article: https://www.bbc.com/news/articles/cpw052pkvl0o?at_medium=RSS&at_campaign=rss
2026-02-10 09:03:16,346 - INFO - [BBC] Attempt 1/1: Trying with 'requests_browser' strategy...
2026-02-10 09:03:16,396 - INFO - [BBC] Success with 'requests_browser'. Found content (437 words).
2026-02-10 09:03:16,436 - INFO - Duplicate article skipped: Trump threatens to block opening of US-Canada bridge from BBC
2026-02-10 09:03:16,919 - INFO - [The Guardian] Article: https://www.theguardian.com/music/2026/feb/09/ebo-taylor-ghanaian-highlife-pioneer-dies-age-90
2026-02-10 09:03:16,919 - INFO - [The Guardian] Attempt 1/1: Trying with 'requests_browser' strategy...
2026-02-10 09:03:17,082 - INFO - [The Guardian] Success with 'requests_browser'. Found content (922 words).
2026-02-10 09:03:17,118 - INFO - Duplicate article skipped: Ebo Taylor, Ghanaian highlife pioneer and guitarist, dies age 90 | Music | The Guardian from The Guardian
2026-02-10 09:03:17,177 - INFO - [BBC] Article: https://www.bbc.com/news/articles/cewz1keql5no?at_medium=RSS&at_campaign=rss
2026-02-10 09:03:17,177 - INFO - [BBC] Attempt 1/1: Trying with 'requests_browser' strategy...
2026-02-10 09:03:17,222 - INFO - [BBC] Success with 'requests_browser'. Found content (413 words).
2026-02-10 09:03:17,258 - INFO - Saved article: Chappell Roan leaves talent agency led by Casey Wasserman after Epstein fallout from BBC
2026-02-10 09:03:18,195 - INFO - Selenium driver initialized successfully.
2026-02-10 09:03:18,195 - INFO - Starting scrape for Times of India RSS feed: https://timesofindia.indiatimes.com/rssfeeds/296589292.cms
2026-02-10 09:03:18,198 - INFO - Selenium driver initialized successfully.
2026-02-10 09:03:18,198 - INFO - Starting scrape for The Hindu RSS feed: https://www.thehindu.com/news/national/feeder/default.rss
2026-02-10 09:03:18,351 - INFO - [The Guardian] Article: https://www.theguardian.com/environment/2026/feb/09/weather-tracker-spain-and-portugal-hit-by-third-fatal-storm
2026-02-10 09:03:18,351 - INFO - [The Guardian] Attempt 1/1: Trying with 'requests_browser' strategy...
2026-02-10 09:03:18,374 - INFO - Found 100 articles in The Hindu RSS feed. Processing up to 10.
2026-02-10 09:03:18,374 - INFO - [The Hindu] Article: https://www.thehindu.com/news/cities/Hyderabad/schools-and-junior-colleges-in-three-medchal-municipalities-closed-on-february-10-11-and-13/article70614331.ece
2026-02-10 09:03:18,374 - INFO - [The Hindu] Attempt 1/1: Trying with 'selenium_browser' strategy...
2026-02-10 09:03:18,440 - INFO - Found 20 articles in Times of India RSS feed. Processing up to 10.
2026-02-10 09:03:18,440 - INFO - [Times of India] Article: https://timesofindia.indiatimes.com/world/middle-east/dubais-bold-traffic-relief-strategy-how-rta-is-keeping-the-uae-emirate-moving-ai-infrastructure-and-future-mobility-plans/articleshow/128143603.cms
2026-02-10 09:03:18,440 - INFO - [Times of India] Attempt 1/1: Trying with 'selenium_browser' strategy...
2026-02-10 09:03:18,585 - INFO - [BBC] Article: https://www.bbc.com/news/articles/cn0zed0dekgo?at_medium=RSS&at_campaign=rss
2026-02-10 09:03:18,585 - INFO - [BBC] Attempt 1/1: Trying with 'requests_browser' strategy...
2026-02-10 09:03:18,646 - INFO - [BBC] Success with 'requests_browser'. Found content (859 words).
2026-02-10 09:03:18,711 - INFO - Duplicate article skipped: Herzog visit: Australian police defend actions after protest violence from BBC
2026-02-10 09:03:18,796 - INFO - [The Guardian] Success with 'requests_browser'. Found content (391 words).
2026-02-10 09:03:18,882 - INFO - Duplicate article skipped: Weather tracker: Spain and Portugal hit by third deadly storm in two weeks | Flooding | The Guardian from The Guardian
2026-02-10 09:03:19,478 - INFO - [The Guardian] Article: https://www.theguardian.com/world/2026/feb/07/sudan-rsf-drone-attack-rahad-kills-displaced-people
2026-02-10 09:03:19,478 - INFO - [The Guardian] Attempt 1/1: Trying with 'requests_browser' strategy...
2026-02-10 09:03:19,661 - INFO - [The Guardian] Success with 'requests_browser'. Found content (817 words).
2026-02-10 09:03:19,809 - INFO - [BBC] Article: https://www.bbc.com/news/articles/ckg19nql0w8o?at_medium=RSS&at_campaign=rss
2026-02-10 09:03:19,809 - INFO - [BBC] Attempt 1/1: Trying with 'requests_browser' strategy...
2026-02-10 09:03:19,820 - INFO - Duplicate article skipped: RSF drone attack kills 24 people fleeing fighting in central Sudan, says doctors group | Sudan | The Guardian from The Guardian
2026-02-10 09:03:19,885 - INFO - [BBC] Success with 'requests_browser'. Found content (407 words).
2026-02-10 09:03:19,969 - INFO - Duplicate article skipped: Catherine O'Hara cause of death confirmed as pulmonary embolism from BBC
2026-02-10 09:03:20,379 - INFO - [The Guardian] Article: https://www.theguardian.com/global-development/2026/feb/07/businesses-close-protest-malawi-tax-changes-electronic-invoicing-system
2026-02-10 09:03:20,379 - INFO - [The Guardian] Attempt 1/1: Trying with 'requests_browser' strategy...
2026-02-10 09:03:20,611 - INFO - [The Guardian] Success with 'requests_browser'. Found content (591 words).
2026-02-10 09:03:20,692 - INFO - Duplicate article skipped: Thousands of Malawi businesses close in protest over tax changes | Global development | The Guardian from The Guardian
2026-02-10 09:03:20,754 - INFO - [BBC] Article: https://www.bbc.com/news/articles/c4geqzqd8qeo?at_medium=RSS&at_campaign=rss
2026-02-10 09:03:20,754 - INFO - [BBC] Attempt 1/1: Trying with 'requests_browser' strategy...
2026-02-10 09:03:20,903 - INFO - [BBC] Success with 'requests_browser'. Found content (535 words).
2026-02-10 09:03:21,093 - INFO - Duplicate article skipped: Savannah Guthrie pleads for public's help finding missing mother from BBC
2026-02-10 09:03:21,198 - INFO - [The Guardian] Article: https://www.theguardian.com/us-news/2026/feb/09/trump-gordie-howe-bridge-canada
2026-02-10 09:03:21,198 - INFO - [The Guardian] Attempt 1/1: Trying with 'requests_browser' strategy...
2026-02-10 09:03:21,399 - INFO - [The Guardian] Success with 'requests_browser'. Found content (591 words).
2026-02-10 09:03:21,518 - INFO - Duplicate article skipped: Trump threatens to block new bridge in latest tirade against Canada | Donald Trump | The Guardian from The Guardian
2026-02-10 09:03:22,031 - INFO - [BBC] Article: https://www.bbc.com/news/articles/c3wlpqpe2z4o?at_medium=RSS&at_campaign=rss
2026-02-10 09:03:22,031 - INFO - [BBC] Attempt 1/1: Trying with 'requests_browser' strategy...
2026-02-10 09:03:22,208 - INFO - [BBC] Success with 'requests_browser'. Found content (935 words).
2026-02-10 09:03:22,445 - INFO - Duplicate article skipped: Instagram and YouTube owners built 'addiction machines', trial told from BBC
2026-02-10 09:03:22,699 - INFO - [The Guardian] Article: https://www.theguardian.com/us-news/2026/feb/09/us-military-strike-pacific
2026-02-10 09:03:22,699 - INFO - [The Guardian] Attempt 1/1: Trying with 'requests_browser' strategy...
2026-02-10 09:03:22,851 - INFO - [The Guardian] Success with 'requests_browser'. Found content (647 words).
2026-02-10 09:03:23,067 - INFO - Duplicate article skipped: US says two people killed in military strike on boat in Pacific | US military | The Guardian from The Guardian
2026-02-10 09:03:23,445 - INFO - [BBC] Article: https://www.bbc.com/news/articles/cz0g4dkm77zo?at_medium=RSS&at_campaign=rss
2026-02-10 09:03:23,446 - INFO - [BBC] Attempt 1/1: Trying with 'requests_browser' strategy...
2026-02-10 09:03:23,602 - INFO - [BBC] Success with 'requests_browser'. Found content (377 words).
2026-02-10 09:03:23,718 - INFO - [The Hindu] Page content loaded.
2026-02-10 09:03:23,757 - INFO - Saved article: BP profits fall after oil prices drop from BBC
2026-02-10 09:03:23,922 - INFO - [The Guardian] Article: https://www.theguardian.com/world/2026/feb/09/air-canada-cancels-cuba-flights-fuel
2026-02-10 09:03:23,923 - INFO - [The Guardian] Attempt 1/1: Trying with 'requests_browser' strategy...
2026-02-10 09:03:24,058 - INFO - [The Hindu] Success with 'selenium_browser'. Found content (92 words).
2026-02-10 09:03:24,166 - INFO - [The Guardian] Success with 'requests_browser'. Found content (862 words).
2026-02-10 09:03:24,318 - INFO - [BBC] Article: https://www.bbc.com/news/articles/ckgzv529v5no?at_medium=RSS&at_campaign=rss
2026-02-10 09:03:24,318 - INFO - [BBC] Attempt 1/1: Trying with 'requests_browser' strategy...
2026-02-10 09:03:24,449 - INFO - Duplicate article skipped: Air Canada cancels all flights to Cuba as US oil blockade cuts off fuel access | Canada | The Guardian from The Guardian
2026-02-10 09:03:24,460 - INFO - Saved article: Schools and junior colleges in three Medchal Municipalities closed on February 10, 11 and 13 - The Hindu from The Hindu
2026-02-10 09:03:24,493 - INFO - [BBC] Success with 'requests_browser'. Found content (343 words).
2026-02-10 09:03:24,621 - INFO - Saved article: Australian author guilty of creating child sex abuse material over erotic novel from BBC
2026-02-10 09:03:25,330 - INFO - [The Hindu] Article: https://www.thehindu.com/news/national/karnataka/karnataka-high-court-refuses-anticipatory-bail-to-mla-byrathi-basavaraj-in-realtor-cum-rowdy-sheeter-murder-in-bengaluru/article70614412.ece
2026-02-10 09:03:25,330 - INFO - [The Hindu] Attempt 1/1: Trying with 'selenium_browser' strategy...
2026-02-10 09:03:25,540 - INFO - [BBC] Article: https://www.bbc.com/news/articles/c70nwz7z7r1o?at_medium=RSS&at_campaign=rss
2026-02-10 09:03:25,540 - INFO - [BBC] Attempt 1/1: Trying with 'requests_browser' strategy...
2026-02-10 09:03:25,679 - INFO - [The Guardian] Article: https://www.theguardian.com/world/2026/feb/09/machado-ally-juan-pablo-guanipa-kidnapped-venezuela
2026-02-10 09:03:25,679 - INFO - [The Guardian] Attempt 1/1: Trying with 'requests_browser' strategy...
2026-02-10 09:03:25,761 - INFO - [BBC] Success with 'requests_browser'. Found content (449 words).
2026-02-10 09:03:26,054 - INFO - Duplicate article skipped: Philippines: Same-sex couples can co-own property, top court rules from BBC
2026-02-10 09:03:26,074 - INFO - [The Guardian] Success with 'requests_browser'. Found content (774 words).
2026-02-10 09:03:26,253 - INFO - Duplicate article skipped: Prominent Venezuelan opposition politician detained hours after release | Venezuela | The Guardian from The Guardian
2026-02-10 09:03:27,585 - INFO - [The Guardian] Article: https://www.theguardian.com/world/2026/feb/09/faber-castell-costa-rica-trump-asylum
2026-02-10 09:03:27,585 - INFO - [The Guardian] Attempt 1/1: Trying with 'requests_browser' strategy...
2026-02-10 09:03:27,743 - INFO - [The Guardian] Success with 'requests_browser'. Found content (1024 words).
2026-02-10 09:03:27,954 - INFO - Duplicate article skipped: World’s largest pencil maker accuses Costa Rica of misusing old factory as detention center | Costa Rica | The Guardian from The Guardian
2026-02-10 09:03:29,497 - INFO - [The Hindu] Page content loaded.
2026-02-10 09:03:30,372 - INFO - [The Hindu] Success with 'selenium_browser'. Found content (367 words).
2026-02-10 09:03:30,834 - INFO - Saved article: Karnataka HC refuses anticipatory bail to MLA Byrathi Basavaraj in realtor murder case - The Hindu from The Hindu
2026-02-10 09:03:32,030 - INFO - [The Hindu] Article: https://www.thehindu.com/news/cities/Visakhapatnam/hyderabad-techie-arrested-in-vizag-for-burglaries-during-night-699-grams-of-gold-38-kg-silver-recovered/article70614409.ece
2026-02-10 09:03:32,030 - INFO - [The Hindu] Attempt 1/1: Trying with 'selenium_browser' strategy...
2026-02-10 09:03:34,167 - INFO - [The Hindu] Page content loaded.
2026-02-10 09:03:34,556 - INFO - [The Hindu] Success with 'selenium_browser'. Found content (396 words).
2026-02-10 09:03:34,787 - INFO - Saved article: Hyderabad techie arrested in Vizag for burglaries during night; 699 grams of gold, 3.8 kg silver recovered - The Hindu from The Hindu
2026-02-10 09:03:35,415 - INFO - [The Hindu] Article: https://www.thehindu.com/news/national/tamil-nadu/sridhar-vembu-divorce-case-zoho-co-founders-estranged-wife-approaches-madras-high-court-to-record-his-testimony/article70614116.ece
2026-02-10 09:03:35,415 - INFO - [The Hindu] Attempt 1/1: Trying with 'selenium_browser' strategy...
2026-02-10 09:03:39,498 - INFO - [The Hindu] Page content loaded.
2026-02-10 09:03:39,833 - INFO - [The Hindu] Success with 'selenium_browser'. Found content (569 words).
2026-02-10 09:03:40,055 - INFO - Saved article: Sridhar Vembu divorce case: Zoho co-founder’s estranged wife approaches Madras High Court to record his testimony - The Hindu from The Hindu
2026-02-10 09:03:40,660 - INFO - [The Hindu] Article: https://www.thehindu.com/news/national/kerala/agents-of-cpim-and-cmo-in-sit-probing-sabarimala-gold-loss-cases-alleges-kerala-opposition-leader/article70614406.ece
2026-02-10 09:03:40,661 - INFO - [The Hindu] Attempt 1/1: Trying with 'selenium_browser' strategy...
2026-02-10 09:03:42,883 - INFO - [The Hindu] Page content loaded.
2026-02-10 09:03:42,949 - INFO - [The Hindu] Success with 'selenium_browser'. Found content (419 words).
2026-02-10 09:03:43,074 - INFO - Saved article: ‘Agents of CPI(M) and CMO’ in SIT probing Sabarimala gold loss cases, alleges Kerala Opposition Leader - The Hindu from The Hindu
2026-02-10 09:03:44,497 - INFO - [The Hindu] Article: https://www.thehindu.com/news/national/rahul-cites-naravanes-available-now-post-from-2023-to-rebut-publishers-claim/article70614372.ece
2026-02-10 09:03:44,498 - INFO - [The Hindu] Attempt 1/1: Trying with 'selenium_browser' strategy...
2026-02-10 09:03:46,711 - INFO - [The Hindu] Page content loaded.
2026-02-10 09:03:46,780 - INFO - [The Hindu] Success with 'selenium_browser'. Found content (512 words).
2026-02-10 09:03:46,867 - INFO - Saved article: Rahul cites Naravane's 'available now' post from 2023 to rebut publisher's claim - The Hindu from The Hindu
2026-02-10 09:03:47,862 - INFO - [The Hindu] Article: https://www.thehindu.com/news/national/karnataka/former-minister-ks-eshwarappa-to-join-protest-against-sharavati-pumped-storage-project-in-shivamogga-on-february-12/article70614298.ece
2026-02-10 09:03:47,862 - INFO - [The Hindu] Attempt 1/1: Trying with 'selenium_browser' strategy...
2026-02-10 09:03:48,755 - INFO - [The Hindu] Page content loaded.
2026-02-10 09:03:48,844 - INFO - [The Hindu] Success with 'selenium_browser'. Found content (339 words).
2026-02-10 09:03:48,950 - INFO - Saved article: Ex-minister K S Eshwarappa to join protest in Shivamogga on Feb 12 to oppose Sharavati Pumped Storage project - The Hindu from The Hindu
2026-02-10 09:03:49,755 - INFO - [The Hindu] Article: https://www.thehindu.com/news/national/telangana/heavy-security-webcasting-border-checks-in-place-for-telangana-municipal-elections-2026/article70614177.ece
2026-02-10 09:03:49,755 - INFO - [The Hindu] Attempt 1/1: Trying with 'selenium_browser' strategy...
2026-02-10 09:03:50,844 - INFO - [The Hindu] Page content loaded.
2026-02-10 09:03:50,946 - INFO - [The Hindu] Success with 'selenium_browser'. Found content (473 words).
2026-02-10 09:03:51,061 - INFO - Saved article: Heavy security, webcasting, border checks in place for Telangana Municipal Elections-2026 - The Hindu from The Hindu
2026-02-10 09:03:52,136 - INFO - [The Hindu] Article: https://www.thehindu.com/news/national/kerala/deepak-death-case-court-defers-decision-on-shimjithas-bail-plea/article70614290.ece
2026-02-10 09:03:52,136 - INFO - [The Hindu] Attempt 1/1: Trying with 'selenium_browser' strategy...
2026-02-10 09:03:53,022 - INFO - [The Hindu] Page content loaded.
2026-02-10 09:03:53,066 - INFO - [The Hindu] Success with 'selenium_browser'. Found content (326 words).
2026-02-10 09:03:53,154 - INFO - Saved article: Deepak death case: Court further defers decision on Shimjitha’s bail plea - The Hindu from The Hindu
2026-02-10 09:03:54,061 - INFO - [The Hindu] Article: https://www.thehindu.com/news/national/manipur/houses-torched-shots-fired-in-manipurs-ukhrul-internet-services-suspended/article70614286.ece
2026-02-10 09:03:54,061 - INFO - [The Hindu] Attempt 1/1: Trying with 'selenium_browser' strategy...
2026-02-10 09:03:55,445 - INFO - [The Hindu] Page content loaded.
2026-02-10 09:03:55,584 - INFO - [The Hindu] Success with 'selenium_browser'. Found content (365 words).
2026-02-10 09:03:55,685 - INFO - Saved article: More houses torched on third day of Kuki-Naga violence in Manipur - The Hindu from The Hindu
2026-02-10 09:03:56,705 - INFO - [The Hindu] (Thread) Finished. Attempting to shut down its Selenium driver.
2026-02-10 09:03:56,837 - INFO - [The Hindu] (Thread) driver.quit() successful.
2026-02-10 09:04:18,487 - ERROR - [Times of India] Request failed for strategy 'selenium_browser' on URL https://timesofindia.indiatimes.com/world/middle-east/dubais-bold-traffic-relief-strategy-how-rta-is-keeping-the-uae-emirate-moving-ai-infrastructure-and-future-mobility-plans/articleshow/128143603.cms: Message: timeout: Timed out receiving message from renderer: 59.702
  (Session info: chrome=144.0.7559.109)
Stacktrace:
#0 0x55acdcd524ba <unknown>
#1 0x55acdc7bb492 <unknown>
#2 0x55acdc7a2b47 <unknown>
#3 0x55acdc7a2756 <unknown>
#4 0x55acdc7a0271 <unknown>
#5 0x55acdc7a0bff <unknown>
#6 0x55acdc7b0150 <unknown>
#7 0x55acdc7ca147 <unknown>
#8 0x55acdc7d134b <unknown>
#9 0x55acdc7a1369 <unknown>
#10 0x55acdc7c9eda <unknown>
#11 0x55acdc859a78 <unknown>
#12 0x55acdc8026a2 <unknown>
#13 0x55acdc803491 <unknown>
#14 0x55acdcd18479 <unknown>
#15 0x55acdcd1b391 <unknown>
#16 0x55acdcd04a89 <unknown>
#17 0x55acdcd1bf4e <unknown>
#18 0x55acdcceb070 <unknown>
#19 0x55acdcd3fca8 <unknown>
#20 0x55acdcd3fe78 <unknown>
#21 0x55acdcd51828 <unknown>
#22 0x7f012809caa4 <unknown>
#23 0x7f0128129c6c <unknown>

2026-02-10 09:04:18,487 - ERROR - [Times of India] All scrape strategies failed for https://timesofindia.indiatimes.com/world/middle-east/dubais-bold-traffic-relief-strategy-how-rta-is-keeping-the-uae-emirate-moving-ai-infrastructure-and-future-mobility-plans/articleshow/128143603.cms. Falling back to RSS description.
2026-02-10 09:04:18,490 - INFO - Saved article: Dubai’s bold traffic relief strategy: How RTA is keeping the UAE emirate moving, AI infrastructure and future mobility plans from Times of India
2026-02-10 09:04:19,865 - INFO - [Times of India] Article: https://timesofindia.indiatimes.com/world/middle-east/what-is-dubais-global-village-passport-why-visitors-love-collecting-it/articleshow/128148196.cms
2026-02-10 09:04:19,866 - INFO - [Times of India] Attempt 1/1: Trying with 'selenium_browser' strategy...
2026-02-10 09:04:23,835 - INFO - [Times of India] Page content loaded.
2026-02-10 09:04:24,067 - INFO - [Times of India] Success with 'selenium_browser'. Found content (388 words).
2026-02-10 09:04:24,198 - INFO - Saved article: What is Dubai’s Global Village Passport? Why visitors love collecting it | World News - The Times of India from Times of India
2026-02-10 09:04:25,390 - INFO - [Times of India] Article: https://timesofindia.indiatimes.com/world/middle-east/dubais-new-property-resale-rule-2026-what-uae-residents-expats-should-know-about-tokenised-assets-secondary-market-activation/articleshow/128143160.cms
2026-02-10 09:04:25,390 - INFO - [Times of India] Attempt 1/1: Trying with 'selenium_browser' strategy...
2026-02-10 09:04:25,867 - INFO - [Times of India] Page content loaded.
2026-02-10 09:04:26,004 - INFO - [Times of India] Success with 'selenium_browser'. Found content (1069 words).
2026-02-10 09:04:26,064 - INFO - Saved article: Dubai’s new property resale rule 2026: What UAE residents, expats should know about tokenised assets, secondary market activation - The Times of India from Times of India
2026-02-10 09:04:27,510 - INFO - [Times of India] Article: https://timesofindia.indiatimes.com/world/middle-east/ramadan-2026-timings-for-dubai-global-village-announced-majlis-live-shows-full-line-up-of-events-for-season-30/articleshow/128143903.cms
2026-02-10 09:04:27,510 - INFO - [Times of India] Attempt 1/1: Trying with 'selenium_browser' strategy...
2026-02-10 09:04:28,905 - INFO - [Times of India] Page content loaded.
2026-02-10 09:04:29,015 - INFO - [Times of India] Success with 'selenium_browser'. Found content (350 words).
2026-02-10 09:04:29,082 - INFO - Duplicate article skipped: Ramadan 2026 timings for Dubai Global Village announced: Majlis, live shows, full line-up of events for Season 30 | World News - The Times of India from Times of India
2026-02-10 09:04:30,139 - INFO - [Times of India] Article: https://timesofindia.indiatimes.com/science/elon-musk-claims-spacex-will-build-a-system-that-allows-anyone-to-travel-to-moon/articleshow/128144373.cms
2026-02-10 09:04:30,139 - INFO - [Times of India] Attempt 1/1: Trying with 'selenium_browser' strategy...
2026-02-10 09:04:31,309 - INFO - [Times of India] Page content loaded.
2026-02-10 09:04:31,419 - INFO - [Times of India] Success with 'selenium_browser'. Found content (344 words).
2026-02-10 09:04:31,472 - INFO - Duplicate article skipped: Elon Musk claims, “SpaceX will build a system that allows anyone to travel to Moon” | - The Times of India from Times of India
2026-02-10 09:04:32,519 - INFO - [Times of India] Article: https://timesofindia.indiatimes.com/science/stuck-on-a-puzzle-sleeping-may-help-you-solve-it-study-finds/articleshow/128143685.cms
2026-02-10 09:04:32,519 - INFO - [Times of India] Attempt 1/1: Trying with 'selenium_browser' strategy...
2026-02-10 09:04:33,396 - INFO - [Times of India] Page content loaded.
2026-02-10 09:04:33,526 - INFO - [Times of India] Success with 'selenium_browser'. Found content (669 words).
2026-02-10 09:04:33,577 - INFO - Duplicate article skipped: Stuck on a puzzle? Sleeping may help you solve it, study finds | - The Times of India from Times of India
2026-02-10 09:04:34,491 - INFO - [Times of India] Article: https://timesofindia.indiatimes.com/world/middle-east/saudi-arabia-permits-alcohol-sale-for-wealthy-expats-eligibility-residency-requirements-for-liquor-access-in-ksa/articleshow/128141988.cms
2026-02-10 09:04:34,491 - INFO - [Times of India] Attempt 1/1: Trying with 'selenium_browser' strategy...
2026-02-10 09:04:35,521 - INFO - [Times of India] Page content loaded.
2026-02-10 09:04:35,660 - INFO - [Times of India] Success with 'selenium_browser'. Found content (1097 words).
2026-02-10 09:04:35,725 - INFO - Duplicate article skipped: Saudi Arabia permits alcohol sale for wealthy expats? Eligibility, residency requirements for liquor access in KSA - The Times of India from Times of India
2026-02-10 09:04:36,708 - INFO - [Times of India] Article: https://timesofindia.indiatimes.com/world/middle-east/thick-fog-triggers-red-alerts-across-uae-motorists-urged-to-take-caution/articleshow/128141872.cms
2026-02-10 09:04:36,709 - INFO - [Times of India] Attempt 1/1: Trying with 'selenium_browser' strategy...
2026-02-10 09:04:37,453 - INFO - [Times of India] Page content loaded.
2026-02-10 09:04:37,581 - INFO - [Times of India] Success with 'selenium_browser'. Found content (371 words).
2026-02-10 09:04:37,641 - INFO - Duplicate article skipped: Thick fog triggers red alerts across UAE, motorists urged to take caution | World News - The Times of India from Times of India
2026-02-10 09:04:38,839 - INFO - [Times of India] Article: https://timesofindia.indiatimes.com/world/middle-east/best-skills-to-learn-for-gcc-jobs-in-2026-what-employers-are-really-hiring-for-in-the-gulf-from-ai-to-cloud-cybersecurity-and-more/articleshow/128139689.cms
2026-02-10 09:04:38,839 - INFO - [Times of India] Attempt 1/1: Trying with 'selenium_browser' strategy...
2026-02-10 09:04:39,646 - INFO - [Times of India] Page content loaded.
2026-02-10 09:04:39,784 - INFO - [Times of India] Success with 'selenium_browser'. Found content (824 words).
2026-02-10 09:04:39,852 - INFO - Duplicate article skipped: Best skills to learn for GCC jobs in 2026: What employers are really hiring for in the Gulf, from AI to cloud, cybersecurity and more - The Times of India from Times of India
2026-02-10 09:04:41,137 - INFO - [Times of India] Article: https://timesofindia.indiatimes.com/science/nasa-curiosity-rover-detected-the-largest-organic-molecules-ever-found-on-mars-revealing-ancient-life-clues/articleshow/128140876.cms
2026-02-10 09:04:41,137 - INFO - [Times of India] Attempt 1/1: Trying with 'selenium_browser' strategy...
2026-02-10 09:04:42,253 - INFO - [Times of India] Page content loaded.
2026-02-10 09:04:42,379 - INFO - [Times of India] Success with 'selenium_browser'. Found content (313 words).
2026-02-10 09:04:42,437 - INFO - Duplicate article skipped: NASA Curiosity rover detected the largest organic molecules ever found on Mars, revealing ancient life clues - The Times of India from Times of India
2026-02-10 09:04:43,671 - INFO - [Times of India] (Thread) Finished. Attempting to shut down its Selenium driver.
2026-02-10 09:04:43,849 - INFO - [Times of India] (Thread) driver.quit() successful.
2026-02-10 09:04:43,850 - INFO - Shutting down thread pool (wait=False)...
2026-02-10 09:04:43,850 - INFO - Scraped: 3 Times of India, 0 The Guardian, 10 The Hindu, 3 BBC articles. (Total saved: 16)
2026-02-10 09:04:43,850 - INFO - --- Scraping job finished ---
2026-02-10 09:04:43,855 - INFO - --- Scraper service stopped and database connection closed. ---
2026-02-10 09:04:43,856 - INFO - --- Main thread finished. Forcing process exit to kill zombie threads. ---
