2026-01-24 10:27:37,764 - INFO - Initializing database connection at: news_articles.db
2026-01-24 10:27:37,764 - INFO - --- Scraper service started (CI Mode: Run Once) ---
2026-01-24 10:27:37,764 - INFO - --- Starting new scraping job (Parallel Mode) ---
2026-01-24 10:27:37,764 - INFO - Creating new robust session with 3 retries on 5xx/connection/read errors.
2026-01-24 10:27:37,764 - INFO - Proxy is DISABLED.
2026-01-24 10:27:37,765 - INFO - Starting scrape for BBC RSS feed: http://feeds.bbci.co.uk/news/world/rss.xml
2026-01-24 10:27:37,765 - INFO - [Times of India] (Thread) requires Selenium. Initializing driver...
2026-01-24 10:27:37,765 - INFO - Initializing headless Selenium Chrome driver (using SeleniumManager)...
2026-01-24 10:27:37,765 - INFO - Starting scrape for The Guardian RSS feed: https://www.theguardian.com/world/rss
2026-01-24 10:27:37,766 - INFO - [The Hindu] (Thread) requires Selenium. Initializing driver...
2026-01-24 10:27:37,766 - INFO - Initializing headless Selenium Chrome driver (using SeleniumManager)...
2026-01-24 10:27:37,766 - INFO - Submitted 4 jobs to thread pool. Waiting up to 300s for completion...
2026-01-24 10:27:38,009 - INFO - Found 45 articles in The Guardian RSS feed. Processing up to 10.
2026-01-24 10:27:38,010 - INFO - [The Guardian] Article: https://www.theguardian.com/world/2026/jan/23/guinea-bissau-hepatitis-b-vaccine-study
2026-01-24 10:27:38,010 - INFO - [The Guardian] Attempt 1/1: Trying with 'requests_browser' strategy...
2026-01-24 10:27:38,056 - INFO - [The Guardian] Success with 'requests_browser'. Found content (1061 words).
2026-01-24 10:27:38,093 - INFO - Duplicate article skipped: ‘It’s the sovereignty of the country’: Guinea-Bissau says US vaccine study suspended | Guinea-Bissau | The Guardian from The Guardian
2026-01-24 10:27:38,195 - INFO - Found 34 articles in BBC RSS feed. Processing up to 10.
2026-01-24 10:27:38,195 - INFO - [BBC] Article: https://www.bbc.com/news/articles/cwyr6p30054o?at_medium=RSS&at_campaign=rss
2026-01-24 10:27:38,195 - INFO - [BBC] Attempt 1/1: Trying with 'requests_browser' strategy...
2026-01-24 10:27:38,349 - INFO - [BBC] Success with 'requests_browser'. Found content (523 words).
2026-01-24 10:27:38,386 - INFO - Duplicate article skipped: Ukraine condemns 'brutal' Russian strikes ahead of second day of peace talks from BBC
2026-01-24 10:27:38,960 - INFO - [The Guardian] Article: https://www.theguardian.com/global-development/2026/jan/22/actionaid-rethink-child-sponsorship-decolonise-funding
2026-01-24 10:27:38,960 - INFO - [The Guardian] Attempt 1/1: Trying with 'requests_browser' strategy...
2026-01-24 10:27:38,995 - INFO - [The Guardian] Success with 'requests_browser'. Found content (688 words).
2026-01-24 10:27:39,029 - INFO - Duplicate article skipped: ActionAid to rethink child sponsorship as part of plan to ‘decolonise’ its work | Global development | The Guardian from The Guardian
2026-01-24 10:27:39,035 - INFO - [BBC] Article: https://www.bbc.com/news/articles/cj9r8ezym3ro?at_medium=RSS&at_campaign=rss
2026-01-24 10:27:39,035 - INFO - [BBC] Attempt 1/1: Trying with 'requests_browser' strategy...
2026-01-24 10:27:39,077 - INFO - [BBC] Success with 'requests_browser'. Found content (636 words).
2026-01-24 10:27:39,114 - INFO - Duplicate article skipped: Pentagon to offer 'more limited' support to US allies from BBC
2026-01-24 10:27:40,097 - INFO - [BBC] Article: https://www.bbc.com/news/articles/clym2l7d75eo?at_medium=RSS&at_campaign=rss
2026-01-24 10:27:40,097 - INFO - [BBC] Attempt 1/1: Trying with 'requests_browser' strategy...
2026-01-24 10:27:40,151 - INFO - [BBC] Success with 'requests_browser'. Found content (1432 words).
2026-01-24 10:27:40,199 - INFO - [The Guardian] Article: https://www.theguardian.com/us-news/2026/jan/20/us-diplomats-urged-to-remind-african-leaders-of-us-generosity-despite-usaid-closing
2026-01-24 10:27:40,204 - INFO - [The Guardian] Attempt 1/1: Trying with 'requests_browser' strategy...
2026-01-24 10:27:40,213 - INFO - Duplicate article skipped: Prince Harry says sacrifices by Nato troops in Afghanistan deserve 'respect' from BBC
2026-01-24 10:27:40,245 - INFO - [The Guardian] Success with 'requests_browser'. Found content (797 words).
2026-01-24 10:27:40,284 - INFO - Duplicate article skipped: Head of US Africa bureau urges staff to highlight US ‘generosity’ despite aid cuts | US foreign policy | The Guardian from The Guardian
2026-01-24 10:27:41,184 - INFO - [BBC] Article: https://www.bbc.com/news/articles/cj3v2mlvzdvo?at_medium=RSS&at_campaign=rss
2026-01-24 10:27:41,184 - INFO - [BBC] Attempt 1/1: Trying with 'requests_browser' strategy...
2026-01-24 10:27:41,226 - INFO - [BBC] Success with 'requests_browser'. Found content (789 words).
2026-01-24 10:27:41,263 - INFO - Duplicate article skipped: Frank Gardner: Not only Americans risked life and limb to serve in Afghanistan from BBC
2026-01-24 10:27:41,348 - INFO - [The Guardian] Article: https://www.theguardian.com/global-development/2026/jan/19/brazen-political-influence-rich-laid-bare-wealth-billionaires-inequality-poverty-instability-oxfam
2026-01-24 10:27:41,349 - INFO - [The Guardian] Attempt 1/1: Trying with 'requests_browser' strategy...
2026-01-24 10:27:41,387 - INFO - [The Guardian] Success with 'requests_browser'. Found content (639 words).
2026-01-24 10:27:41,422 - INFO - Duplicate article skipped: ‘Brazen’ political influence of rich laid bare as wealth of billionaires reaches $18.3tn, says Oxfam | Global development | The Guardian from The Guardian
2026-01-24 10:27:42,600 - INFO - [BBC] Article: https://www.bbc.com/news/articles/c2k98ql703no?at_medium=RSS&at_campaign=rss
2026-01-24 10:27:42,600 - INFO - [BBC] Attempt 1/1: Trying with 'requests_browser' strategy...
2026-01-24 10:27:42,647 - INFO - [BBC] Success with 'requests_browser'. Found content (345 words).
2026-01-24 10:27:42,683 - INFO - Duplicate article skipped: Boy, 12, dies from injuries after Sydney shark attack from BBC
2026-01-24 10:27:42,880 - INFO - [The Guardian] Article: https://www.theguardian.com/world/2026/jan/18/ugandas-president-calls-opponents-terrorists-in-victory-speech
2026-01-24 10:27:42,880 - INFO - [The Guardian] Attempt 1/1: Trying with 'requests_browser' strategy...
2026-01-24 10:27:42,918 - INFO - [The Guardian] Success with 'requests_browser'. Found content (533 words).
2026-01-24 10:27:42,993 - INFO - Duplicate article skipped: Uganda’s president calls opponents 'terrorists' in victory speech | Uganda | The Guardian from The Guardian
2026-01-24 10:27:43,511 - INFO - [BBC] Article: https://www.bbc.com/news/articles/c1dk67g4q91o?at_medium=RSS&at_campaign=rss
2026-01-24 10:27:43,511 - INFO - [BBC] Attempt 1/1: Trying with 'requests_browser' strategy...
2026-01-24 10:27:43,550 - INFO - [BBC] Success with 'requests_browser'. Found content (868 words).
2026-01-24 10:27:43,587 - INFO - Duplicate article skipped: Hundreds of Minnesota businesses close to protest ICE presence from BBC
2026-01-24 10:27:44,046 - INFO - [The Guardian] Article: https://www.theguardian.com/world/2026/jan/23/spanish-prosecutors-drop-julio-iglesias-complaint
2026-01-24 10:27:44,046 - INFO - [The Guardian] Attempt 1/1: Trying with 'requests_browser' strategy...
2026-01-24 10:27:44,077 - INFO - [The Guardian] Success with 'requests_browser'. Found content (423 words).
2026-01-24 10:27:44,114 - INFO - Duplicate article skipped: Spanish prosecutors drop sexual assault complaint against Julio Iglesias | Spain | The Guardian from The Guardian
2026-01-24 10:27:44,118 - INFO - [BBC] Article: https://www.bbc.com/news/articles/c0r44l05q52o?at_medium=RSS&at_campaign=rss
2026-01-24 10:27:44,118 - INFO - [BBC] Attempt 1/1: Trying with 'requests_browser' strategy...
2026-01-24 10:27:44,161 - INFO - [BBC] Success with 'requests_browser'. Found content (760 words).
2026-01-24 10:27:44,199 - INFO - Duplicate article skipped: US braces for 'extremely dangerous' winter storm from BBC
2026-01-24 10:27:45,201 - INFO - [The Guardian] Article: https://www.theguardian.com/world/2026/jan/23/ryan-wedding-arrested
2026-01-24 10:27:45,201 - INFO - [The Guardian] Attempt 1/1: Trying with 'requests_browser' strategy...
2026-01-24 10:27:45,235 - INFO - [The Guardian] Success with 'requests_browser'. Found content (877 words).
2026-01-24 10:27:45,271 - INFO - Duplicate article skipped: Canadian Olympic snowboarder turned alleged cocaine kingpin in US custody | Canada | The Guardian from The Guardian
2026-01-24 10:27:45,341 - INFO - Selenium driver initialized successfully.
2026-01-24 10:27:45,341 - INFO - Starting scrape for The Hindu RSS feed: https://www.thehindu.com/news/national/feeder/default.rss
2026-01-24 10:27:45,342 - INFO - Selenium driver initialized successfully.
2026-01-24 10:27:45,342 - INFO - Starting scrape for Times of India RSS feed: https://timesofindia.indiatimes.com/rssfeeds/296589292.cms
2026-01-24 10:27:45,432 - INFO - [BBC] Article: https://www.bbc.com/news/articles/c050vnl7p10o?at_medium=RSS&at_campaign=rss
2026-01-24 10:27:45,432 - INFO - [BBC] Attempt 1/1: Trying with 'requests_browser' strategy...
2026-01-24 10:27:45,470 - INFO - [BBC] Success with 'requests_browser'. Found content (402 words).
2026-01-24 10:27:45,522 - INFO - Saved article: New Zealand calls off rescue efforts for six missing after landslide from BBC
2026-01-24 10:27:45,580 - INFO - Found 100 articles in The Hindu RSS feed. Processing up to 10.
2026-01-24 10:27:45,580 - INFO - [The Hindu] Article: https://www.thehindu.com/news/national/kerala/kv-vijesh-acclaimed-theatre-artiste-passes-away/article70545708.ece
2026-01-24 10:27:45,580 - INFO - [The Hindu] Attempt 1/1: Trying with 'selenium_browser' strategy...
2026-01-24 10:27:45,646 - INFO - Found 20 articles in Times of India RSS feed. Processing up to 10.
2026-01-24 10:27:45,646 - INFO - [Times of India] Article: https://timesofindia.indiatimes.com/world/middle-east/uae-emirates-cancels-multiple-dubaius-flights-due-to-winter-storm-fern/articleshow/127382351.cms
2026-01-24 10:27:45,646 - INFO - [Times of India] Attempt 1/1: Trying with 'selenium_browser' strategy...
2026-01-24 10:27:46,343 - INFO - [The Guardian] Article: https://www.theguardian.com/world/2026/jan/23/venezuela-leaked-video-delcy-rodriguez-maduro
2026-01-24 10:27:46,343 - INFO - [The Guardian] Attempt 1/1: Trying with 'requests_browser' strategy...
2026-01-24 10:27:46,378 - INFO - [The Guardian] Success with 'requests_browser'. Found content (925 words).
2026-01-24 10:27:46,418 - INFO - Duplicate article skipped: Leaked video shows Venezuela regime’s desperate struggle to control message | Venezuela | The Guardian from The Guardian
2026-01-24 10:27:46,441 - INFO - [BBC] Article: https://www.bbc.com/news/articles/c87r53y4dx0o?at_medium=RSS&at_campaign=rss
2026-01-24 10:27:46,441 - INFO - [BBC] Attempt 1/1: Trying with 'requests_browser' strategy...
2026-01-24 10:27:46,478 - INFO - [BBC] Success with 'requests_browser'. Found content (135 words).
2026-01-24 10:27:46,524 - INFO - Saved article: Landslide in Indonesia's West Java kills seven, dozens missing from BBC
2026-01-24 10:27:47,241 - INFO - [The Guardian] Article: https://www.theguardian.com/us-news/2026/jan/22/trump-withdraws-invitation-canada
2026-01-24 10:27:47,241 - INFO - [The Guardian] Attempt 1/1: Trying with 'requests_browser' strategy...
2026-01-24 10:27:47,284 - INFO - [The Guardian] Success with 'requests_browser'. Found content (466 words).
2026-01-24 10:27:47,329 - INFO - Duplicate article skipped: Trump withdraws invitation for Canada to join his global ‘board of peace’ | Donald Trump | The Guardian from The Guardian
2026-01-24 10:27:47,482 - INFO - [BBC] Article: https://www.bbc.com/news/articles/cvgnj7v2rr5o?at_medium=RSS&at_campaign=rss
2026-01-24 10:27:47,482 - INFO - [BBC] Attempt 1/1: Trying with 'requests_browser' strategy...
2026-01-24 10:27:47,542 - INFO - [BBC] Success with 'requests_browser'. Found content (680 words).
2026-01-24 10:27:47,636 - INFO - Duplicate article skipped: TikTok US venture to collect precise user location data from BBC
2026-01-24 10:27:47,875 - INFO - [The Hindu] Page content loaded.
2026-01-24 10:27:48,100 - INFO - [The Hindu] Success with 'selenium_browser'. Found content (199 words).
2026-01-24 10:27:48,235 - INFO - Saved article: K.V. Vijesh, acclaimed theatre artiste, passes away - The Hindu from The Hindu
2026-01-24 10:27:48,698 - INFO - [The Guardian] Article: https://www.theguardian.com/us-news/2026/jan/22/house-war-powers-resolution-trump-military-venezuela
2026-01-24 10:27:48,699 - INFO - [The Guardian] Attempt 1/1: Trying with 'requests_browser' strategy...
2026-01-24 10:27:48,831 - INFO - [The Guardian] Success with 'requests_browser'. Found content (588 words).
2026-01-24 10:27:49,066 - INFO - Duplicate article skipped: House rejects resolution that would bar Trump from sending troops to Venezuela | House of Representatives | The Guardian from The Guardian
2026-01-24 10:27:49,573 - INFO - [The Hindu] Article: https://www.thehindu.com/news/national/andhra-pradesh/ipe-2026-practical-examinations-andhra-pradesh-intermediate-board-releases-hall-tickets/article70545671.ece
2026-01-24 10:27:49,573 - INFO - [The Hindu] Attempt 1/1: Trying with 'selenium_browser' strategy...
2026-01-24 10:27:52,242 - INFO - [The Hindu] Page content loaded.
2026-01-24 10:27:52,575 - INFO - [The Hindu] Success with 'selenium_browser'. Found content (232 words).
2026-01-24 10:27:52,945 - INFO - Saved article: IPE-2026 practical examinations: Andhra Pradesh Intermediate Board releases hall tickets - The Hindu from The Hindu
2026-01-24 10:27:54,035 - INFO - [The Hindu] Article: https://www.thehindu.com/news/cities/Coimbatore/majority-of-young-pregnant-women-in-erode-are-school-dropouts-collector/article70545751.ece
2026-01-24 10:27:54,035 - INFO - [The Hindu] Attempt 1/1: Trying with 'selenium_browser' strategy...
2026-01-24 10:27:58,038 - INFO - [The Hindu] Page content loaded.
2026-01-24 10:27:58,199 - INFO - [The Hindu] Success with 'selenium_browser'. Found content (236 words).
2026-01-24 10:27:58,393 - INFO - Saved article: Majority of young pregnant women in Erode are school dropouts: Collector - The Hindu from The Hindu
2026-01-24 10:27:59,879 - INFO - [The Hindu] Article: https://www.thehindu.com/news/national/delhi-court-allows-engineer-rashid-to-attend-budget-session-in-custody/article70545806.ece
2026-01-24 10:27:59,879 - INFO - [The Hindu] Attempt 1/1: Trying with 'selenium_browser' strategy...
2026-01-24 10:28:06,295 - INFO - [The Hindu] Page content loaded.
2026-01-24 10:28:06,450 - INFO - [The Hindu] Success with 'selenium_browser'. Found content (219 words).
2026-01-24 10:28:06,627 - INFO - Saved article: Delhi court allows Engineer Rashid to attend Budget Session in custody - The Hindu from The Hindu
2026-01-24 10:28:07,579 - INFO - [The Hindu] Article: https://www.thehindu.com/news/national/karnataka/karnataka-high-court-stays-probe-in-case-booked-against-lamborghini-supercar-driver/article70545784.ece
2026-01-24 10:28:07,579 - INFO - [The Hindu] Attempt 1/1: Trying with 'selenium_browser' strategy...
2026-01-24 10:28:24,004 - INFO - [The Hindu] Page content loaded.
2026-01-24 10:28:24,224 - INFO - [The Hindu] Success with 'selenium_browser'. Found content (478 words).
2026-01-24 10:28:24,396 - INFO - Saved article: Karnataka High Court stays probe in case booked against Lamborghini supercar driver - The Hindu from The Hindu
2026-01-24 10:28:24,950 - INFO - [The Hindu] Article: https://www.thehindu.com/news/national/uttar-pradesh/krishna-karunesh-appointed-noida-authority-ceo-amid-techie-death-case-probe/article70545790.ece
2026-01-24 10:28:24,950 - INFO - [The Hindu] Attempt 1/1: Trying with 'selenium_browser' strategy...
2026-01-24 10:28:26,703 - INFO - [The Hindu] Page content loaded.
2026-01-24 10:28:27,984 - INFO - [The Hindu] Success with 'selenium_browser'. Found content (177 words).
2026-01-24 10:28:28,129 - INFO - Saved article: Krishna Karunesh appointed Noida Authority CEO amid techie death case probe - The Hindu from The Hindu
2026-01-24 10:28:29,500 - INFO - [The Hindu] Article: https://www.thehindu.com/news/national/tamil-nadu/assembly-bill-to-constitute-special-development-authority-in-key-tourist-hubs-passed/article70545661.ece
2026-01-24 10:28:29,500 - INFO - [The Hindu] Attempt 1/1: Trying with 'selenium_browser' strategy...
2026-01-24 10:28:30,371 - INFO - [The Hindu] Page content loaded.
2026-01-24 10:28:30,763 - INFO - [The Hindu] Success with 'selenium_browser'. Found content (270 words).
2026-01-24 10:28:30,891 - INFO - Saved article: Assembly Bill to constitute Special Development Authority in key tourist hubs passed - The Hindu from The Hindu
2026-01-24 10:28:32,131 - INFO - [The Hindu] Article: https://www.thehindu.com/news/national/tamil-nadu/dmk-the-preferred-destination-for-many-former-aiadmk-functionaries-compared-to-tvk/article70545607.ece
2026-01-24 10:28:32,131 - INFO - [The Hindu] Attempt 1/1: Trying with 'selenium_browser' strategy...
2026-01-24 10:28:34,208 - INFO - [The Hindu] Page content loaded.
2026-01-24 10:28:34,263 - INFO - [The Hindu] Success with 'selenium_browser'. Found content (355 words).
2026-01-24 10:28:34,352 - INFO - Saved article: DMK, the ‘preferred destination’ for many former AIADMK functionaries, compared to TVK - The Hindu from The Hindu
2026-01-24 10:28:35,215 - INFO - [The Hindu] Article: https://www.thehindu.com/news/national/punjab/minor-blast-damages-railway-track-in-punjab-loco-pilot-injured/article70545764.ece
2026-01-24 10:28:35,215 - INFO - [The Hindu] Attempt 1/1: Trying with 'selenium_browser' strategy...
2026-01-24 10:28:36,959 - INFO - [The Hindu] Page content loaded.
2026-01-24 10:28:37,061 - INFO - [The Hindu] Success with 'selenium_browser'. Found content (386 words).
2026-01-24 10:28:37,149 - INFO - Saved article: Minor blast damages railway track in Punjab; loco pilot injured - The Hindu from The Hindu
2026-01-24 10:28:37,660 - INFO - [The Hindu] Article: https://www.thehindu.com/news/national/west-bengal/west-bengal-special-intensive-revision-nobel-laureate-amartya-sen/article70545761.ece
2026-01-24 10:28:37,660 - INFO - [The Hindu] Attempt 1/1: Trying with 'selenium_browser' strategy...
2026-01-24 10:28:40,090 - INFO - [Times of India] Page content loaded.
2026-01-24 10:28:40,680 - INFO - [Times of India] Success with 'selenium_browser'. Found content (374 words).
2026-01-24 10:28:41,303 - INFO - [The Hindu] Page content loaded.
2026-01-24 10:28:41,311 - INFO - Saved article: UAE: Emirates cancels multiple Dubai–US flights due to winter storm fern | World News - The Times of India from Times of India
2026-01-24 10:28:41,405 - INFO - [The Hindu] Success with 'selenium_browser'. Found content (667 words).
2026-01-24 10:28:41,518 - INFO - Saved article: SIR in West Bengal done in hurry, may jeopardise democratic participation: Amartya Sen - The Hindu from The Hindu
2026-01-24 10:28:42,178 - INFO - [Times of India] Article: https://timesofindia.indiatimes.com/world/europe/russia-launches-370-drones-21-missiles-ukraine-says-strikes-hit-negotiation-table/articleshow/127381032.cms
2026-01-24 10:28:42,178 - INFO - [Times of India] Attempt 1/1: Trying with 'selenium_browser' strategy...
2026-01-24 10:28:42,468 - INFO - [The Hindu] (Thread) Finished. Attempting to shut down its Selenium driver.
2026-01-24 10:28:42,831 - INFO - [The Hindu] (Thread) driver.quit() successful.
2026-01-24 10:29:42,196 - ERROR - [Times of India] Request failed for strategy 'selenium_browser' on URL https://timesofindia.indiatimes.com/world/europe/russia-launches-370-drones-21-missiles-ukraine-says-strikes-hit-negotiation-table/articleshow/127381032.cms: Message: timeout: Timed out receiving message from renderer: 59.910
  (Session info: chrome=144.0.7559.59)
Stacktrace:
#0 0x563f34872c3a <unknown>
#1 0x563f3428c969 <unknown>
#2 0x563f34274201 <unknown>
#3 0x563f34273e26 <unknown>
#4 0x563f3427194b <unknown>
#5 0x563f342722cf <unknown>
#6 0x563f34281700 <unknown>
#7 0x563f3429b6f7 <unknown>
#8 0x563f342a297b <unknown>
#9 0x563f34272a39 <unknown>
#10 0x563f3429b48a <unknown>
#11 0x563f3432ad98 <unknown>
#12 0x563f342d3be2 <unknown>
#13 0x563f342d4991 <unknown>
#14 0x563f34838a99 <unknown>
#15 0x563f3483b9b1 <unknown>
#16 0x563f348250a9 <unknown>
#17 0x563f3483c56e <unknown>
#18 0x563f3480b5e0 <unknown>
#19 0x563f34860358 <unknown>
#20 0x563f34860528 <unknown>
#21 0x563f34871fa8 <unknown>
#22 0x7f070389caa4 <unknown>
#23 0x7f0703929c6c <unknown>

2026-01-24 10:29:42,196 - ERROR - [Times of India] All scrape strategies failed for https://timesofindia.indiatimes.com/world/europe/russia-launches-370-drones-21-missiles-ukraine-says-strikes-hit-negotiation-table/articleshow/127381032.cms. Falling back to RSS description.
2026-01-24 10:29:42,199 - INFO - Saved article: Russia launches 370 drones, 21 missiles; Ukraine says strikes hit 'negotiation table' from Times of India
2026-01-24 10:29:43,286 - INFO - [Times of India] Article: https://timesofindia.indiatimes.com/world/middle-east/next-stop-parenthood-saudi-arabia-records-first-ever-birth-on-the-riyadh-metro-network/articleshow/127376105.cms
2026-01-24 10:29:43,286 - INFO - [Times of India] Attempt 1/1: Trying with 'selenium_browser' strategy...
2026-01-24 10:29:46,274 - INFO - [Times of India] Page content loaded.
2026-01-24 10:29:46,496 - INFO - [Times of India] Success with 'selenium_browser'. Found content (260 words).
2026-01-24 10:29:46,583 - INFO - Duplicate article skipped: Next Stop, Parenthood: Saudi Arabia records first-ever birth on the Riyadh Metro Network | World News - The Times of India from Times of India
2026-01-24 10:29:47,908 - INFO - [Times of India] Article: https://timesofindia.indiatimes.com/world/rest-of-world/penguins-in-greenland-the-story-behind-the-viral-nihilist-penguin-meme/articleshow/127367596.cms
2026-01-24 10:29:47,908 - INFO - [Times of India] Attempt 1/1: Trying with 'selenium_browser' strategy...
2026-01-24 10:29:49,232 - INFO - [Times of India] Page content loaded.
2026-01-24 10:29:49,381 - INFO - [Times of India] Success with 'selenium_browser'. Found content (682 words).
2026-01-24 10:29:49,447 - INFO - Duplicate article skipped: Penguins in Greenland? The story behind the viral ‘Nihilist Penguin’ meme - The Times of India from Times of India
2026-01-24 10:29:50,709 - INFO - [Times of India] Article: https://timesofindia.indiatimes.com/world/middle-east/what-is-ejari-in-dubai-why-expats-can-face-rental-trouble-and-legal-visa-issues-without-it/articleshow/127372648.cms
2026-01-24 10:29:50,709 - INFO - [Times of India] Attempt 1/1: Trying with 'selenium_browser' strategy...
2026-01-24 10:29:51,773 - INFO - [Times of India] Page content loaded.
2026-01-24 10:29:51,953 - INFO - [Times of India] Success with 'selenium_browser'. Found content (627 words).
2026-01-24 10:29:52,005 - INFO - Duplicate article skipped: What is Ejari in Dubai? Why expats can face rental trouble and legal visa issues without it? | World News - The Times of India from Times of India
2026-01-24 10:29:52,967 - INFO - [Times of India] Article: https://timesofindia.indiatimes.com/world/rest-of-world/why-thousands-of-onions-appeared-on-brighton-beach-after-storm-goretti/articleshow/127300510.cms
2026-01-24 10:29:52,967 - INFO - [Times of India] Attempt 1/1: Trying with 'selenium_browser' strategy...
2026-01-24 10:29:54,131 - INFO - [Times of India] Page content loaded.
2026-01-24 10:29:54,259 - INFO - [Times of India] Success with 'selenium_browser'. Found content (593 words).
2026-01-24 10:29:54,316 - INFO - Duplicate article skipped: Why thousands of onions appeared on Brighton beach after Storm Goretti | World News - The Times of India from Times of India
2026-01-24 10:29:55,396 - INFO - [Times of India] Article: https://timesofindia.indiatimes.com/world/rest-of-world/early-american-settlers-may-have-come-from-japan-study/articleshow/127301808.cms
2026-01-24 10:29:55,396 - INFO - [Times of India] Attempt 1/1: Trying with 'selenium_browser' strategy...
2026-01-24 10:29:56,339 - INFO - [Times of India] Page content loaded.
2026-01-24 10:29:56,511 - INFO - [Times of India] Success with 'selenium_browser'. Found content (774 words).
2026-01-24 10:29:56,563 - INFO - Duplicate article skipped: Early American settlers may have come from Japan: Study | World News - The Times of India from Times of India
2026-01-24 10:29:57,369 - INFO - [Times of India] Article: https://timesofindia.indiatimes.com/world/rest-of-world/egypts-lost-golden-city-resurfaces-after-3400-years-and-its-rewriting-history/articleshow/127371110.cms
2026-01-24 10:29:57,369 - INFO - [Times of India] Attempt 1/1: Trying with 'selenium_browser' strategy...
2026-01-24 10:29:58,116 - INFO - [Times of India] Page content loaded.
2026-01-24 10:29:58,255 - INFO - [Times of India] Success with 'selenium_browser'. Found content (675 words).
2026-01-24 10:29:58,304 - INFO - Duplicate article skipped: Egypt’s ‘lost golden city’ resurfaces after 3,400 years and it’s rewriting history | World News - The Times of India from Times of India
2026-01-24 10:29:59,147 - INFO - [Times of India] Article: https://timesofindia.indiatimes.com/world/middle-east/qatar-weather-alert-strong-winds-and-dust-clouds-to-hit-tomorrow/articleshow/127365366.cms
2026-01-24 10:29:59,147 - INFO - [Times of India] Attempt 1/1: Trying with 'selenium_browser' strategy...
2026-01-24 10:30:00,203 - INFO - [Times of India] Page content loaded.
2026-01-24 10:30:00,327 - INFO - [Times of India] Success with 'selenium_browser'. Found content (116 words).
2026-01-24 10:30:00,383 - INFO - Duplicate article skipped: Qatar weather alert: Strong winds and dust clouds to hit tomorrow | World News - The Times of India from Times of India
2026-01-24 10:30:01,243 - INFO - [Times of India] Article: https://timesofindia.indiatimes.com/world/middle-east/uae-orders-release-for-900-indian-prisoners-ahead-of-national-day/articleshow/127364348.cms
2026-01-24 10:30:01,243 - INFO - [Times of India] Attempt 1/1: Trying with 'selenium_browser' strategy...
2026-01-24 10:30:02,201 - INFO - [Times of India] Page content loaded.
2026-01-24 10:30:02,392 - INFO - [Times of India] Success with 'selenium_browser'. Found content (465 words).
2026-01-24 10:30:02,440 - INFO - Duplicate article skipped: UAE orders release for 900+ Indian prisoners ahead of National Day | World News - The Times of India from Times of India
2026-01-24 10:30:03,871 - INFO - [Times of India] (Thread) Finished. Attempting to shut down its Selenium driver.
2026-01-24 10:30:04,068 - INFO - [Times of India] (Thread) driver.quit() successful.
2026-01-24 10:30:04,068 - INFO - Shutting down thread pool (wait=False)...
2026-01-24 10:30:04,068 - INFO - Scraped: 0 The Guardian, 2 BBC, 2 Times of India, 10 The Hindu articles. (Total saved: 14)
2026-01-24 10:30:04,068 - INFO - --- Scraping job finished ---
2026-01-24 10:30:04,073 - INFO - --- Scraper service stopped and database connection closed. ---
2026-01-24 10:30:04,073 - INFO - --- Main thread finished. Forcing process exit to kill zombie threads. ---
