2025-11-23 10:24:00,083 - INFO - Initializing database connection at: news_articles.db
2025-11-23 10:24:00,084 - INFO - --- Scraper service started (CI Mode: Run Once) ---
2025-11-23 10:24:00,084 - INFO - --- Starting new scraping job (Parallel Mode) ---
2025-11-23 10:24:00,084 - INFO - Creating new robust session with 3 retries on 5xx/connection/read errors.
2025-11-23 10:24:00,084 - INFO - Proxy is DISABLED.
2025-11-23 10:24:00,085 - INFO - Starting scrape for BBC RSS feed: http://feeds.bbci.co.uk/news/world/rss.xml
2025-11-23 10:24:00,085 - INFO - [Times of India] (Thread) requires Selenium. Initializing driver...
2025-11-23 10:24:00,085 - INFO - Initializing headless Selenium Chrome driver (using SeleniumManager)...
2025-11-23 10:24:00,086 - INFO - Starting scrape for The Guardian RSS feed: https://www.theguardian.com/world/rss
2025-11-23 10:24:00,089 - INFO - [The Hindu] (Thread) requires Selenium. Initializing driver...
2025-11-23 10:24:00,089 - INFO - Submitted 4 jobs to thread pool. Waiting up to 300s for completion...
2025-11-23 10:24:00,089 - INFO - Initializing headless Selenium Chrome driver (using SeleniumManager)...
2025-11-23 10:24:00,215 - INFO - Found 45 articles in The Guardian RSS feed. Processing up to 10.
2025-11-23 10:24:00,215 - INFO - [The Guardian] Article: https://www.theguardian.com/world/2025/nov/22/security-fears-rise-in-nigeria-after-more-than-300-taken-mass-school-kidnapping
2025-11-23 10:24:00,215 - INFO - [The Guardian] Attempt 1/1: Trying with 'requests_browser' strategy...
2025-11-23 10:24:00,248 - INFO - [The Guardian] Success with 'requests_browser'. Found content (642 words).
2025-11-23 10:24:00,291 - INFO - Duplicate article skipped: Security fears rise in Nigeria after more than 300 schoolchildren kidnapped | Nigeria | The Guardian from The Guardian
2025-11-23 10:24:00,462 - INFO - Found 29 articles in BBC RSS feed. Processing up to 10.
2025-11-23 10:24:00,463 - INFO - [BBC] Article: https://www.bbc.com/news/articles/c4g95x50kdyo?at_medium=RSS&at_campaign=rss
2025-11-23 10:24:00,463 - INFO - [BBC] Attempt 1/1: Trying with 'requests_browser' strategy...
2025-11-23 10:24:00,663 - INFO - [BBC] Success with 'requests_browser'. Found content (917 words).
2025-11-23 10:24:00,712 - INFO - Duplicate article skipped: US insists it authored Ukraine plan after claims of Russian 'wish list' from BBC
2025-11-23 10:24:00,840 - INFO - [The Guardian] Article: https://www.theguardian.com/society/2025/nov/22/south-africa-g20-protests-gender-based-violence-national-disaster
2025-11-23 10:24:00,840 - INFO - [The Guardian] Attempt 1/1: Trying with 'requests_browser' strategy...
2025-11-23 10:24:00,861 - INFO - [The Guardian] Success with 'requests_browser'. Found content (437 words).
2025-11-23 10:24:00,891 - INFO - Duplicate article skipped: South Africa declares gender-based violence a national disaster amid G20 protests | Violence against women and girls | The Guardian from The Guardian
2025-11-23 10:24:01,890 - INFO - [BBC] Article: https://www.bbc.com/news/articles/c75vn7yel73o?at_medium=RSS&at_campaign=rss
2025-11-23 10:24:01,890 - INFO - [BBC] Attempt 1/1: Trying with 'requests_browser' strategy...
2025-11-23 10:24:01,916 - INFO - [The Guardian] Article: https://www.theguardian.com/world/2025/nov/21/nigeria-reels-after-second-mass-school-abduction-in-a-week
2025-11-23 10:24:01,916 - INFO - [The Guardian] Attempt 1/1: Trying with 'requests_browser' strategy...
2025-11-23 10:24:01,927 - INFO - [BBC] Success with 'requests_browser'. Found content (916 words).
2025-11-23 10:24:01,960 - INFO - Duplicate article skipped: COP30: UN climate talks fail to secure new fossil fuel promises from BBC
2025-11-23 10:24:01,970 - INFO - [The Guardian] Success with 'requests_browser'. Found content (744 words).
2025-11-23 10:24:02,000 - INFO - Duplicate article skipped: Nigeria reels after 215 children taken in second mass school abduction in a week | Nigeria | The Guardian from The Guardian
2025-11-23 10:24:03,000 - INFO - [The Guardian] Article: https://www.theguardian.com/world/2025/nov/21/run-up-to-g20-in-south-africa-marred-by-hosts-simmering-row-with-us
2025-11-23 10:24:03,000 - INFO - [The Guardian] Attempt 1/1: Trying with 'requests_browser' strategy...
2025-11-23 10:24:03,027 - INFO - [The Guardian] Success with 'requests_browser'. Found content (887 words).
2025-11-23 10:24:03,067 - INFO - Duplicate article skipped: South Africa’s dispute with US escalates amid row over G20 handover event | G20 | The Guardian from The Guardian
2025-11-23 10:24:03,308 - INFO - [BBC] Article: https://www.bbc.com/news/articles/cwywjz202r7o?at_medium=RSS&at_campaign=rss
2025-11-23 10:24:03,309 - INFO - [BBC] Attempt 1/1: Trying with 'requests_browser' strategy...
2025-11-23 10:24:03,336 - INFO - [BBC] Success with 'requests_browser'. Found content (871 words).
2025-11-23 10:24:03,366 - INFO - Duplicate article skipped: How Marjorie Taylor Greene went from Trump ally to quitting Congress from BBC
2025-11-23 10:24:03,968 - INFO - [The Guardian] Article: https://www.theguardian.com/politics/2025/nov/20/keir-starmer-defends-south-africa-g20-budget
2025-11-23 10:24:03,968 - INFO - [The Guardian] Attempt 1/1: Trying with 'requests_browser' strategy...
2025-11-23 10:24:03,992 - INFO - [The Guardian] Success with 'requests_browser'. Found content (646 words).
2025-11-23 10:24:04,024 - INFO - Duplicate article skipped: Keir Starmer defends trip to South Africa for G20 summit as budget looms | Keir Starmer | The Guardian from The Guardian
2025-11-23 10:24:04,195 - INFO - [BBC] Article: https://www.bbc.com/news/articles/c4gwgx803l5o?at_medium=RSS&at_campaign=rss
2025-11-23 10:24:04,195 - INFO - [BBC] Attempt 1/1: Trying with 'requests_browser' strategy...
2025-11-23 10:24:04,221 - INFO - [BBC] Success with 'requests_browser'. Found content (993 words).
2025-11-23 10:24:04,252 - INFO - Duplicate article skipped: Who killed young Chechen woman who fled Russia for a life of freedom? from BBC
2025-11-23 10:24:05,053 - INFO - [The Guardian] Article: https://www.theguardian.com/environment/2025/nov/22/cop30-deal-inches-closer-to-end-of-fossil-fuel-era-after-bitter-standoff
2025-11-23 10:24:05,053 - INFO - [The Guardian] Attempt 1/1: Trying with 'requests_browser' strategy...
2025-11-23 10:24:05,082 - INFO - [The Guardian] Success with 'requests_browser'. Found content (1071 words).
2025-11-23 10:24:05,150 - INFO - Duplicate article skipped: End of fossil fuel era inches closer as Cop30 deal agreed after bitter standoff | Cop30 | The Guardian from The Guardian
2025-11-23 10:24:05,448 - INFO - [BBC] Article: https://www.bbc.com/news/articles/cpd6qey9e4zo?at_medium=RSS&at_campaign=rss
2025-11-23 10:24:05,448 - INFO - [BBC] Attempt 1/1: Trying with 'requests_browser' strategy...
2025-11-23 10:24:05,478 - INFO - [BBC] Success with 'requests_browser'. Found content (320 words).
2025-11-23 10:24:05,507 - INFO - Saved article: Man who grabbed Ariana Grande at premiere banned from Singapore from BBC
2025-11-23 10:24:05,998 - INFO - [The Guardian] Article: https://www.theguardian.com/world/2025/nov/22/far-right-former-president-jair-bolsonaro-arrested-in-brazil
2025-11-23 10:24:05,998 - INFO - [The Guardian] Attempt 1/1: Trying with 'requests_browser' strategy...
2025-11-23 10:24:06,026 - INFO - [The Guardian] Success with 'requests_browser'. Found content (767 words).
2025-11-23 10:24:06,065 - INFO - Duplicate article skipped: Jair Bolsonaro arrested after tampering with ankle tag ‘out of curiosity’ | Jair Bolsonaro | The Guardian from The Guardian
2025-11-23 10:24:06,096 - INFO - [BBC] Article: https://www.bbc.com/news/articles/cwywl8g31g7o?at_medium=RSS&at_campaign=rss
2025-11-23 10:24:06,097 - INFO - [BBC] Attempt 1/1: Trying with 'requests_browser' strategy...
2025-11-23 10:24:06,838 - INFO - [The Guardian] Article: https://www.theguardian.com/world/2025/nov/22/survivor-of-chilean-blizzard-that-killed-briton-says-staff-told-trekkers-to-proceed
2025-11-23 10:24:06,838 - INFO - [The Guardian] Attempt 1/1: Trying with 'requests_browser' strategy...
2025-11-23 10:24:06,861 - INFO - [The Guardian] Success with 'requests_browser'. Found content (760 words).
2025-11-23 10:24:06,895 - INFO - Duplicate article skipped: Survivor of Chilean blizzard that killed Briton says staff told trekkers they could proceed | Chile | The Guardian from The Guardian
2025-11-23 10:24:06,989 - INFO - [BBC] Success with 'requests_browser'. Found content (288 words).
2025-11-23 10:24:07,016 - INFO - Duplicate article skipped: Vietnam floods leave at least 90 dead and 12 missing from BBC
2025-11-23 10:24:08,348 - INFO - [The Guardian] Article: https://www.theguardian.com/world/2025/nov/21/grizzly-bear-attacks-children-teachers-canada-british-columbia
2025-11-23 10:24:08,348 - INFO - [The Guardian] Attempt 1/1: Trying with 'requests_browser' strategy...
2025-11-23 10:24:08,372 - INFO - [The Guardian] Success with 'requests_browser'. Found content (803 words).
2025-11-23 10:24:08,402 - INFO - Duplicate article skipped: Eleven injured after grizzly bear attacks schoolchildren and teachers in Canada | Canada | The Guardian from The Guardian
2025-11-23 10:24:08,473 - INFO - [BBC] Article: https://www.bbc.com/news/articles/cpvdyg348pko?at_medium=RSS&at_campaign=rss
2025-11-23 10:24:08,473 - INFO - [BBC] Attempt 1/1: Trying with 'requests_browser' strategy...
2025-11-23 10:24:08,496 - INFO - [BBC] Success with 'requests_browser'. Found content (519 words).
2025-11-23 10:24:08,526 - INFO - Duplicate article skipped: JFK granddaughter shares terminal cancer diagnosis from BBC
2025-11-23 10:24:08,561 - INFO - Selenium driver initialized successfully.
2025-11-23 10:24:08,562 - INFO - Selenium driver initialized successfully.
2025-11-23 10:24:08,562 - INFO - Starting scrape for The Hindu RSS feed: https://www.thehindu.com/news/national/feeder/default.rss
2025-11-23 10:24:08,562 - INFO - Starting scrape for Times of India RSS feed: https://timesofindia.indiatimes.com/rssfeeds/296589292.cms
2025-11-23 10:24:08,698 - INFO - Found 100 articles in The Hindu RSS feed. Processing up to 10.
2025-11-23 10:24:08,698 - INFO - [The Hindu] Article: https://www.thehindu.com/news/national/jharkhand/over-5000-congress-workers-from-jharkhand-to-take-part-in-delhi-rally-against-vote-chori/article70313951.ece
2025-11-23 10:24:08,698 - INFO - [The Hindu] Attempt 1/1: Trying with 'selenium_browser' strategy...
2025-11-23 10:24:08,725 - INFO - Found 20 articles in Times of India RSS feed. Processing up to 10.
2025-11-23 10:24:08,725 - INFO - [Times of India] Article: https://timesofindia.indiatimes.com/world/middle-east/oman-makes-history-with-launch-of-first-national-communications-satellite-omansat-1/articleshow/125517754.cms
2025-11-23 10:24:08,725 - INFO - [Times of India] Attempt 1/1: Trying with 'selenium_browser' strategy...
2025-11-23 10:24:09,645 - INFO - [BBC] Article: https://www.bbc.com/news/articles/c20879zzqn8o?at_medium=RSS&at_campaign=rss
2025-11-23 10:24:09,645 - INFO - [BBC] Attempt 1/1: Trying with 'requests_browser' strategy...
2025-11-23 10:24:09,669 - INFO - [BBC] Success with 'requests_browser'. Found content (440 words).
2025-11-23 10:24:09,709 - INFO - Duplicate article skipped: Israeli strikes across Gaza kill 22 Palestinians, Hamas-run health ministry and civil defence say from BBC
2025-11-23 10:24:09,781 - INFO - [The Guardian] Article: https://www.theguardian.com/us-news/2025/nov/21/trump-doj-venezuela-2020-election
2025-11-23 10:24:09,781 - INFO - [The Guardian] Attempt 1/1: Trying with 'requests_browser' strategy...
2025-11-23 10:24:09,910 - INFO - [The Guardian] Success with 'requests_browser'. Found content (1247 words).
2025-11-23 10:24:09,969 - INFO - Duplicate article skipped: Trump’s DoJ investigating unfounded claims Venezuela helped steal 2020 election | Trump administration | The Guardian from The Guardian
2025-11-23 10:24:10,920 - INFO - [BBC] Article: https://www.bbc.com/news/articles/cewjlr0v02ro?at_medium=RSS&at_campaign=rss
2025-11-23 10:24:10,920 - INFO - [BBC] Attempt 1/1: Trying with 'requests_browser' strategy...
2025-11-23 10:24:12,117 - INFO - [BBC] Success with 'requests_browser'. Found content (298 words).
2025-11-23 10:24:12,230 - INFO - Duplicate article skipped: Mystery drones halt air traffic near Dutch city of Eindhoven from BBC
2025-11-23 10:24:12,943 - INFO - [The Hindu] Page content loaded.
2025-11-23 10:24:13,185 - INFO - [The Hindu] Success with 'selenium_browser'. Found content (202 words).
2025-11-23 10:24:13,429 - INFO - Saved article: Over 5,000 Congress workers from Jharkhand to take part in Delhi rally against 'vote chori' - The Hindu from The Hindu
2025-11-23 10:24:13,527 - INFO - [BBC] Article: https://www.bbc.com/news/articles/cy8j4m45yx2o?at_medium=RSS&at_campaign=rss
2025-11-23 10:24:13,527 - INFO - [BBC] Attempt 1/1: Trying with 'requests_browser' strategy...
2025-11-23 10:24:13,670 - INFO - [BBC] Success with 'requests_browser'. Found content (289 words).
2025-11-23 10:24:13,749 - INFO - Duplicate article skipped: Three arrested in India after police crack $800,000 bank heist from BBC
2025-11-23 10:24:13,996 - INFO - [The Hindu] Article: https://www.thehindu.com/news/national/andhra-pradesh/rathnakar-reaffirms-faith-in-sathya-sai-babas-continuous-legacy/article70313938.ece
2025-11-23 10:24:13,996 - INFO - [The Hindu] Attempt 1/1: Trying with 'selenium_browser' strategy...
2025-11-23 10:26:08,821 - ERROR - [Times of India] Request failed for strategy 'selenium_browser' on URL https://timesofindia.indiatimes.com/world/middle-east/oman-makes-history-with-launch-of-first-national-communications-satellite-omansat-1/articleshow/125517754.cms: HTTPConnectionPool(host='localhost', port=37327): Read timed out. (read timeout=120)
2025-11-23 10:26:08,821 - ERROR - [Times of India] All scrape strategies failed for https://timesofindia.indiatimes.com/world/middle-east/oman-makes-history-with-launch-of-first-national-communications-satellite-omansat-1/articleshow/125517754.cms. Falling back to RSS description.
2025-11-23 10:26:08,824 - INFO - Saved article: Oman makes history with launch of first national communications satellite, OmanSat-1 from Times of India
2025-11-23 10:26:10,000 - INFO - [Times of India] Article: https://timesofindia.indiatimes.com/world/middle-east/uae-launches-1-billion-ai-for-development-initiative-to-growth-in-african-countries/articleshow/125516917.cms
2025-11-23 10:26:10,000 - INFO - [Times of India] Attempt 1/1: Trying with 'selenium_browser' strategy...
2025-11-23 10:26:21,960 - ERROR - [The Hindu] Request failed for strategy 'selenium_browser' on URL https://www.thehindu.com/news/national/andhra-pradesh/rathnakar-reaffirms-faith-in-sathya-sai-babas-continuous-legacy/article70313938.ece: HTTPConnectionPool(host='localhost', port=51129): Read timed out. (read timeout=120)
2025-11-23 10:26:21,960 - ERROR - [The Hindu] All scrape strategies failed for https://www.thehindu.com/news/national/andhra-pradesh/rathnakar-reaffirms-faith-in-sathya-sai-babas-continuous-legacy/article70313938.ece. Falling back to RSS description.
2025-11-23 10:26:21,963 - INFO - Saved article: Rathnakar reaffirms faith in Sathya Sai Baba’s continuous legacy from The Hindu
2025-11-23 10:26:22,513 - INFO - [The Hindu] Article: https://www.thehindu.com/news/national/andhra-pradesh/political-pressures-prevent-suda-from-taking-up-20-crore-worth-developmental-activities/article70313820.ece
2025-11-23 10:26:22,513 - INFO - [The Hindu] Attempt 1/1: Trying with 'selenium_browser' strategy...
2025-11-23 10:28:10,090 - ERROR - [Times of India] Request failed for strategy 'selenium_browser' on URL https://timesofindia.indiatimes.com/world/middle-east/uae-launches-1-billion-ai-for-development-initiative-to-growth-in-african-countries/articleshow/125516917.cms: HTTPConnectionPool(host='localhost', port=37327): Read timed out. (read timeout=120)
2025-11-23 10:28:10,091 - ERROR - [Times of India] All scrape strategies failed for https://timesofindia.indiatimes.com/world/middle-east/uae-launches-1-billion-ai-for-development-initiative-to-growth-in-african-countries/articleshow/125516917.cms. Falling back to RSS description.
2025-11-23 10:28:10,092 - INFO - Saved article: UAE launches $1 billion ‘AI for Development’ initiative to growth in African countries from Times of India
2025-11-23 10:28:11,467 - INFO - [Times of India] Article: https://timesofindia.indiatimes.com/world/middle-east/rta-announces-extended-metro-hours-and-road-closures-for-dubai-run-2025-today/articleshow/125516313.cms
2025-11-23 10:28:11,467 - INFO - [Times of India] Attempt 1/1: Trying with 'selenium_browser' strategy...
2025-11-23 10:28:22,614 - ERROR - [The Hindu] Request failed for strategy 'selenium_browser' on URL https://www.thehindu.com/news/national/andhra-pradesh/political-pressures-prevent-suda-from-taking-up-20-crore-worth-developmental-activities/article70313820.ece: HTTPConnectionPool(host='localhost', port=51129): Read timed out. (read timeout=120)
2025-11-23 10:28:22,614 - ERROR - [The Hindu] All scrape strategies failed for https://www.thehindu.com/news/national/andhra-pradesh/political-pressures-prevent-suda-from-taking-up-20-crore-worth-developmental-activities/article70313820.ece. Falling back to RSS description.
2025-11-23 10:28:22,616 - INFO - Saved article: Political pressures prevent SUDA from taking up ₹20 crore worth developmental activities from The Hindu
2025-11-23 10:28:23,555 - INFO - [The Hindu] Article: https://www.thehindu.com/news/national/andhra-pradesh/grandeur-marks-sathya-sai-babas-centenary-vice-president-chief-minister-tg-chief-minister-pay-tributes/article70313899.ece
2025-11-23 10:28:23,555 - INFO - [The Hindu] Attempt 1/1: Trying with 'selenium_browser' strategy...
2025-11-23 10:29:00,090 - CRITICAL - --- TIMEOUT: 2 scrape jobs did not complete in 300s. ---
2025-11-23 10:29:00,090 - ERROR - A thread has timed out and will be abandoned.
2025-11-23 10:29:00,090 - ERROR - A thread has timed out and will be abandoned.
2025-11-23 10:29:00,090 - INFO - Shutting down thread pool (wait=False)...
2025-11-23 10:29:00,090 - INFO - Scraped: 0 The Guardian, 1 BBC, 2 Timed_Out_Jobs articles. (Total saved: 1)
2025-11-23 10:29:00,090 - INFO - --- Scraping job finished ---
2025-11-23 10:29:00,090 - INFO - --- Scraper service stopped and database connection closed. ---
2025-11-23 10:29:00,090 - INFO - --- Main thread finished. Forcing process exit to kill zombie threads. ---
