2025-12-19 06:39:19,435 - INFO - Initializing database connection at: news_articles.db
2025-12-19 06:39:19,436 - INFO - --- Scraper service started (CI Mode: Run Once) ---
2025-12-19 06:39:19,436 - INFO - --- Starting new scraping job (Parallel Mode) ---
2025-12-19 06:39:19,436 - INFO - Creating new robust session with 3 retries on 5xx/connection/read errors.
2025-12-19 06:39:19,436 - INFO - Proxy is DISABLED.
2025-12-19 06:39:19,436 - INFO - Starting scrape for BBC RSS feed: http://feeds.bbci.co.uk/news/world/rss.xml
2025-12-19 06:39:19,436 - INFO - [Times of India] (Thread) requires Selenium. Initializing driver...
2025-12-19 06:39:19,437 - INFO - Initializing headless Selenium Chrome driver (using SeleniumManager)...
2025-12-19 06:39:19,437 - INFO - Starting scrape for The Guardian RSS feed: https://www.theguardian.com/world/rss
2025-12-19 06:39:19,438 - INFO - [The Hindu] (Thread) requires Selenium. Initializing driver...
2025-12-19 06:39:19,438 - INFO - Submitted 4 jobs to thread pool. Waiting up to 300s for completion...
2025-12-19 06:39:19,438 - INFO - Initializing headless Selenium Chrome driver (using SeleniumManager)...
2025-12-19 06:39:19,521 - INFO - Found 45 articles in The Guardian RSS feed. Processing up to 10.
2025-12-19 06:39:19,521 - INFO - [The Guardian] Article: https://www.theguardian.com/global-development/2025/dec/19/colombian-mercenaries-sudan-rsf-us-sanctions-recruited-uk-registered-firms-investigation
2025-12-19 06:39:19,521 - INFO - [The Guardian] Attempt 1/1: Trying with 'requests_browser' strategy...
2025-12-19 06:39:19,575 - INFO - Found 36 articles in BBC RSS feed. Processing up to 10.
2025-12-19 06:39:19,576 - INFO - [BBC] Article: https://www.bbc.com/news/articles/c3e025vyppeo?at_medium=RSS&at_campaign=rss
2025-12-19 06:39:19,576 - INFO - [BBC] Attempt 1/1: Trying with 'requests_browser' strategy...
2025-12-19 06:39:19,718 - INFO - [The Guardian] Success with 'requests_browser'. Found content (1251 words).
2025-12-19 06:39:19,766 - INFO - Saved article: Colombian mercenaries in Sudan ‘recruited by UK-registered firms’ | Conflict and arms | The Guardian from The Guardian
2025-12-19 06:39:19,838 - INFO - [BBC] Success with 'requests_browser'. Found content (438 words).
2025-12-19 06:39:19,871 - INFO - Duplicate article skipped: EU leaders to loan €90bn to Ukraine - but fail to agree on using Russian assets from BBC
2025-12-19 06:39:20,893 - INFO - [The Guardian] Article: https://www.theguardian.com/global-development/2025/dec/18/morocco-genz212-protests-police-mass-arrests-beatings-detentions-rights
2025-12-19 06:39:20,893 - INFO - [The Guardian] Attempt 1/1: Trying with 'requests_browser' strategy...
2025-12-19 06:39:21,078 - INFO - [The Guardian] Success with 'requests_browser'. Found content (772 words).
2025-12-19 06:39:21,115 - INFO - Duplicate article skipped: Morocco accused of ‘horrific’ abuse of detained gen Z protesters | Morocco | The Guardian from The Guardian
2025-12-19 06:39:21,158 - INFO - [BBC] Article: https://www.bbc.com/news/articles/cx2e14z2j9jo?at_medium=RSS&at_campaign=rss
2025-12-19 06:39:21,158 - INFO - [BBC] Attempt 1/1: Trying with 'requests_browser' strategy...
2025-12-19 06:39:21,192 - INFO - [BBC] Success with 'requests_browser'. Found content (534 words).
2025-12-19 06:39:21,228 - INFO - Duplicate article skipped: Brown University shooting suspect found dead from BBC
2025-12-19 06:39:21,767 - INFO - [BBC] Article: https://www.bbc.com/news/articles/cn09p4kjj4wo?at_medium=RSS&at_campaign=rss
2025-12-19 06:39:21,767 - INFO - [BBC] Attempt 1/1: Trying with 'requests_browser' strategy...
2025-12-19 06:39:21,794 - INFO - [BBC] Success with 'requests_browser'. Found content (521 words).
2025-12-19 06:39:21,828 - INFO - Duplicate article skipped: Australia announced gun buyback scheme in wake of Bondi attack from BBC
2025-12-19 06:39:22,519 - INFO - [The Guardian] Article: https://www.theguardian.com/world/2025/dec/16/five-key-moments-in-the-assault-on-the-rights-of-women-and-girls-in-2025
2025-12-19 06:39:22,519 - INFO - [The Guardian] Attempt 1/1: Trying with 'requests_browser' strategy...
2025-12-19 06:39:22,998 - INFO - [The Guardian] Success with 'requests_browser'. Found content (914 words).
2025-12-19 06:39:23,042 - INFO - Duplicate article skipped: Five key moments in the assault on the rights of women and girls in 2025 | Anti-rights movement | The Guardian from The Guardian
2025-12-19 06:39:23,314 - INFO - [BBC] Article: https://www.bbc.com/news/articles/c623rzzenmyo?at_medium=RSS&at_campaign=rss
2025-12-19 06:39:23,315 - INFO - [BBC] Attempt 1/1: Trying with 'requests_browser' strategy...
2025-12-19 06:39:23,346 - INFO - [BBC] Success with 'requests_browser'. Found content (380 words).
2025-12-19 06:39:23,381 - INFO - Duplicate article skipped: Violence erupts in Bangladesh after death of youth protest leader from BBC
2025-12-19 06:39:23,673 - INFO - [The Guardian] Article: https://www.theguardian.com/world/2025/dec/16/south-africa-russia-men-tricked-fighting-ukraine
2025-12-19 06:39:23,673 - INFO - [The Guardian] Attempt 1/1: Trying with 'requests_browser' strategy...
2025-12-19 06:39:23,833 - INFO - [The Guardian] Success with 'requests_browser'. Found content (503 words).
2025-12-19 06:39:23,867 - INFO - Duplicate article skipped: South Africa in talks with Russia over men ‘tricked’ into fighting in Ukraine | South Africa | The Guardian from The Guardian
2025-12-19 06:39:24,278 - INFO - [BBC] Article: https://www.bbc.com/news/articles/c741r9ve3z7o?at_medium=RSS&at_campaign=rss
2025-12-19 06:39:24,282 - INFO - [BBC] Attempt 1/1: Trying with 'requests_browser' strategy...
2025-12-19 06:39:24,311 - INFO - [BBC] Success with 'requests_browser'. Found content (652 words).
2025-12-19 06:39:24,348 - INFO - Duplicate article skipped: Greg Biffle: Ex-Nascar driver and family among seven killed in plane crash from BBC
2025-12-19 06:39:24,862 - INFO - [The Guardian] Article: https://www.theguardian.com/world/2025/dec/16/libya-national-museum-reopens
2025-12-19 06:39:24,862 - INFO - [The Guardian] Attempt 1/1: Trying with 'requests_browser' strategy...
2025-12-19 06:39:25,023 - INFO - [The Guardian] Success with 'requests_browser'. Found content (1229 words).
2025-12-19 06:39:25,086 - INFO - Duplicate article skipped: Libya looks to its past to build a new future as national museum reopens | Libya | The Guardian from The Guardian
2025-12-19 06:39:25,421 - INFO - [BBC] Article: https://www.bbc.com/news/articles/cgexp1q8wn1o?at_medium=RSS&at_campaign=rss
2025-12-19 06:39:25,422 - INFO - [BBC] Attempt 1/1: Trying with 'requests_browser' strategy...
2025-12-19 06:39:25,449 - INFO - [BBC] Success with 'requests_browser'. Found content (655 words).
2025-12-19 06:39:25,484 - INFO - Duplicate article skipped: TikTok owner signs join venture agreements to avoid US ban from BBC
2025-12-19 06:39:26,393 - INFO - [The Guardian] Article: https://www.theguardian.com/world/2025/dec/18/brazilian-congress-passes-bill-cut-jair-bolsonaro-prison-term
2025-12-19 06:39:26,393 - INFO - [The Guardian] Attempt 1/1: Trying with 'requests_browser' strategy...
2025-12-19 06:39:26,487 - INFO - Selenium driver initialized successfully.
2025-12-19 06:39:26,487 - INFO - Starting scrape for Times of India RSS feed: https://timesofindia.indiatimes.com/rssfeeds/296589292.cms
2025-12-19 06:39:26,489 - INFO - Selenium driver initialized successfully.
2025-12-19 06:39:26,489 - INFO - Starting scrape for The Hindu RSS feed: https://www.thehindu.com/news/national/feeder/default.rss
2025-12-19 06:39:26,552 - INFO - [The Guardian] Success with 'requests_browser'. Found content (472 words).
2025-12-19 06:39:26,595 - INFO - Duplicate article skipped: Brazilian president vows to veto bill cutting Jair Bolsonaro’s prison term | Jair Bolsonaro | The Guardian from The Guardian
2025-12-19 06:39:26,612 - INFO - Found 100 articles in The Hindu RSS feed. Processing up to 10.
2025-12-19 06:39:26,612 - INFO - [The Hindu] Article: https://www.thehindu.com/news/national/haryana/woman-shooter-raped-at-faridabad-hotel-3-arrested/article70414701.ece
2025-12-19 06:39:26,612 - INFO - [The Hindu] Attempt 1/1: Trying with 'selenium_browser' strategy...
2025-12-19 06:39:26,616 - INFO - [BBC] Article: https://www.bbc.com/news/articles/cy472pygwljo?at_medium=RSS&at_campaign=rss
2025-12-19 06:39:26,616 - INFO - [BBC] Attempt 1/1: Trying with 'requests_browser' strategy...
2025-12-19 06:39:26,648 - INFO - [BBC] Success with 'requests_browser'. Found content (705 words).
2025-12-19 06:39:26,685 - INFO - Duplicate article skipped: Democrats release latest batch of photos as Epstein deadline looms from BBC
2025-12-19 06:39:26,744 - INFO - Found 20 articles in Times of India RSS feed. Processing up to 10.
2025-12-19 06:39:26,744 - INFO - [Times of India] Article: https://timesofindia.indiatimes.com/world/middle-east/uae-on-high-alert-as-heavy-rain-strong-winds-and-travel-disruptions-continue/articleshow/126071133.cms
2025-12-19 06:39:26,745 - INFO - [Times of India] Attempt 1/1: Trying with 'selenium_browser' strategy...
2025-12-19 06:39:27,611 - INFO - [BBC] Article: https://www.bbc.com/news/articles/c8983vzg79go?at_medium=RSS&at_campaign=rss
2025-12-19 06:39:27,611 - INFO - [BBC] Attempt 1/1: Trying with 'requests_browser' strategy...
2025-12-19 06:39:27,661 - INFO - [BBC] Success with 'requests_browser'. Found content (578 words).
2025-12-19 06:39:27,729 - INFO - [The Guardian] Article: https://www.theguardian.com/world/2025/dec/18/canada-immigration-population-analysis
2025-12-19 06:39:27,729 - INFO - [The Guardian] Attempt 1/1: Trying with 'requests_browser' strategy...
2025-12-19 06:39:27,732 - INFO - Duplicate article skipped: Pope Leo names Ronald Hicks next archbishop of New York from BBC
2025-12-19 06:39:27,764 - INFO - [The Guardian] Success with 'requests_browser'. Found content (1042 words).
2025-12-19 06:39:27,824 - INFO - Duplicate article skipped: Canada’s population drop reflects souring of attitudes to immigration | Canada | The Guardian from The Guardian
2025-12-19 06:39:28,346 - INFO - [The Guardian] Article: https://www.theguardian.com/us-news/2025/dec/17/military-strike-pacific-hegseth
2025-12-19 06:39:28,346 - INFO - [The Guardian] Attempt 1/1: Trying with 'requests_browser' strategy...
2025-12-19 06:39:28,565 - INFO - [The Guardian] Success with 'requests_browser'. Found content (524 words).
2025-12-19 06:39:28,741 - INFO - Duplicate article skipped: US strike on alleged drug boat in Pacific kills four, as Trump accuses Venezuela of taking ‘our oil’ | US news | The Guardian from The Guardian
2025-12-19 06:39:28,891 - INFO - [BBC] Article: https://www.bbc.com/news/articles/cg7vp937jyxo?at_medium=RSS&at_campaign=rss
2025-12-19 06:39:28,891 - INFO - [BBC] Attempt 1/1: Trying with 'requests_browser' strategy...
2025-12-19 06:39:28,977 - INFO - [BBC] Success with 'requests_browser'. Found content (830 words).
2025-12-19 06:39:29,089 - INFO - Duplicate article skipped: Kristin Cabot: HR exec in viral Coldplay clip speaks of abuse, threats and trying to find a new job from BBC
2025-12-19 06:39:29,613 - INFO - [The Guardian] Article: https://www.theguardian.com/world/2025/dec/17/canada-population-drop-international-students
2025-12-19 06:39:29,613 - INFO - [The Guardian] Attempt 1/1: Trying with 'requests_browser' strategy...
2025-12-19 06:39:29,778 - INFO - [The Guardian] Success with 'requests_browser'. Found content (489 words).
2025-12-19 06:39:29,785 - INFO - [BBC] Article: https://www.bbc.com/news/articles/c93wxp2p05xo?at_medium=RSS&at_campaign=rss
2025-12-19 06:39:29,785 - INFO - [BBC] Attempt 1/1: Trying with 'requests_browser' strategy...
2025-12-19 06:39:29,981 - INFO - Duplicate article skipped: Canada sees large drop in population amid international students crackdown | Canada | The Guardian from The Guardian
2025-12-19 06:39:29,989 - INFO - [BBC] Success with 'requests_browser'. Found content (434 words).
2025-12-19 06:39:30,097 - INFO - Duplicate article skipped: Wiz Khalifa sentenced to nine months jail in Romania from BBC
2025-12-19 06:39:31,335 - INFO - [The Guardian] Article: https://www.theguardian.com/world/2025/dec/17/canada-polar-bear-adopts-new-cub
2025-12-19 06:39:31,335 - INFO - [The Guardian] Attempt 1/1: Trying with 'requests_browser' strategy...
2025-12-19 06:39:31,635 - INFO - [The Guardian] Success with 'requests_browser'. Found content (520 words).
2025-12-19 06:39:31,799 - INFO - Duplicate article skipped: Scientists log rare case of female polar bear adopting cub: ‘They’re really good moms’ | Canada | The Guardian from The Guardian
2025-12-19 06:39:33,272 - INFO - [The Hindu] Page content loaded.
2025-12-19 06:39:33,478 - INFO - [The Hindu] Success with 'selenium_browser'. Found content (272 words).
2025-12-19 06:39:33,681 - INFO - Saved article: Woman shooter raped at Faridabad hotel, 3 arrested - The Hindu from The Hindu
2025-12-19 06:39:34,533 - INFO - [The Hindu] Article: https://www.thehindu.com/news/national/chhattisgarh/bijapur-chhattisgarh-maoist-encounter-security-personnel/article70414705.ece
2025-12-19 06:39:34,533 - INFO - [The Hindu] Attempt 1/1: Trying with 'selenium_browser' strategy...
2025-12-19 06:39:42,211 - INFO - [The Hindu] Page content loaded.
2025-12-19 06:39:42,436 - INFO - [The Hindu] Success with 'selenium_browser'. Found content (112 words).
2025-12-19 06:39:43,117 - INFO - Saved article: Encounter breaks out between security personnel and Maoists in Chhattisgarh’s Bijapur - The Hindu from The Hindu
2025-12-19 06:39:44,427 - INFO - [The Hindu] Article: https://www.thehindu.com/news/national/parliament-adjourns-sine-die-as-winter-session-concludes/article70414696.ece
2025-12-19 06:39:44,427 - INFO - [The Hindu] Attempt 1/1: Trying with 'selenium_browser' strategy...
2025-12-19 06:39:45,100 - INFO - [The Hindu] Page content loaded.
2025-12-19 06:39:45,281 - INFO - [The Hindu] Success with 'selenium_browser'. Found content (200 words).
2025-12-19 06:39:45,362 - INFO - Saved article: Parliament adjourns sine die as winter session concludes - The Hindu from The Hindu
2025-12-19 06:39:46,575 - INFO - [The Hindu] Article: https://www.thehindu.com/news/national/vb-g-ram-g-bill-anti-village-modi-govt-demolished-20-years-of-mgnrega-in-one-day-rahul/article70414682.ece
2025-12-19 06:39:46,575 - INFO - [The Hindu] Attempt 1/1: Trying with 'selenium_browser' strategy...
2025-12-19 06:39:47,501 - INFO - [The Hindu] Page content loaded.
2025-12-19 06:39:47,652 - INFO - [The Hindu] Success with 'selenium_browser'. Found content (483 words).
2025-12-19 06:39:47,725 - INFO - Saved article: VB-G RAM G Bill 'anti village', Modi Govt demolished 20 years of MGNREGA in one day: Rahul - The Hindu from The Hindu
2025-12-19 06:39:48,784 - INFO - [The Hindu] Article: https://www.thehindu.com/news/national/zubeen-gargs-death-probe-ongoing-no-foul-play-suspected-yet-say-singapore-police/article70414631.ece
2025-12-19 06:39:48,784 - INFO - [The Hindu] Attempt 1/1: Trying with 'selenium_browser' strategy...
2025-12-19 06:39:51,123 - INFO - [The Hindu] Page content loaded.
2025-12-19 06:39:51,222 - INFO - [The Hindu] Success with 'selenium_browser'. Found content (263 words).
2025-12-19 06:39:51,314 - INFO - Saved article: Zubeen Garg’s death: Probe ongoing; no foul play suspected yet, say Singapore police - The Hindu from The Hindu
2025-12-19 06:39:52,420 - INFO - [The Hindu] Article: https://www.thehindu.com/news/national/kerala/kerala-opposition-leader-vd-satheesan-writes-to-meta-seeking-preservation-of-controversial-ayyappa-parody-song-on-social-media-platforms/article70414577.ece
2025-12-19 06:39:52,420 - INFO - [The Hindu] Attempt 1/1: Trying with 'selenium_browser' strategy...
2025-12-19 06:39:53,099 - INFO - [The Hindu] Page content loaded.
2025-12-19 06:39:53,379 - INFO - [The Hindu] Success with 'selenium_browser'. Found content (368 words).
2025-12-19 06:39:53,471 - INFO - Saved article: Kerala Opposition leader V.D. Satheesan writes to META seeking preservation of controversial Ayyappa parody song on social media platforms - The Hindu from The Hindu
2025-12-19 06:39:54,865 - INFO - [The Hindu] Article: https://www.thehindu.com/news/national/tamil-nadu/notify-final-sop-for-public-meetings-rallies-before-january-5-madras-high-court-directs-tn-govt/article70414531.ece
2025-12-19 06:39:54,865 - INFO - [The Hindu] Attempt 1/1: Trying with 'selenium_browser' strategy...
2025-12-19 06:39:55,703 - INFO - [The Hindu] Page content loaded.
2025-12-19 06:39:55,747 - INFO - [The Hindu] Success with 'selenium_browser'. Found content (558 words).
2025-12-19 06:39:55,799 - INFO - Saved article: Notify final SOP for political meetings, rallies before January 5, Madras High Court directs T.N. government - The Hindu from The Hindu
2025-12-19 06:39:57,223 - INFO - [The Hindu] Article: https://www.thehindu.com/news/national/cash-for-query-delhi-hc-quashes-lokpal-order-against-mahua-moitra/article70414630.ece
2025-12-19 06:39:57,223 - INFO - [The Hindu] Attempt 1/1: Trying with 'selenium_browser' strategy...
2025-12-19 06:39:58,305 - INFO - [The Hindu] Page content loaded.
2025-12-19 06:39:58,433 - INFO - [The Hindu] Success with 'selenium_browser'. Found content (266 words).
2025-12-19 06:39:58,590 - INFO - Saved article: Cash-for-query: Delhi HC quashes Lokpal order against Mahua Moitra - The Hindu from The Hindu
2025-12-19 06:39:59,761 - INFO - [The Hindu] Article: https://www.thehindu.com/news/national/tamil-nadu/health-sector-in-tn-to-see-consolidation-of-multi-speciality-entities-says-expert/article70412517.ece
2025-12-19 06:39:59,762 - INFO - [The Hindu] Attempt 1/1: Trying with 'selenium_browser' strategy...
2025-12-19 06:40:01,075 - INFO - [The Hindu] Page content loaded.
2025-12-19 06:40:01,208 - INFO - [The Hindu] Success with 'selenium_browser'. Found content (421 words).
2025-12-19 06:40:01,345 - INFO - Saved article: Health sector in T.N. to see consolidation of multi-speciality entities, says expert - The Hindu from The Hindu
2025-12-19 06:40:02,137 - INFO - [The Hindu] Article: https://www.thehindu.com/news/national/maharashtra/bombay-hc-restrains-sale-of-cefdon-cough-syrup-cites-deceptive-similarity-with-cedon/article70414505.ece
2025-12-19 06:40:02,137 - INFO - [The Hindu] Attempt 1/1: Trying with 'selenium_browser' strategy...
2025-12-19 06:40:05,532 - INFO - [The Hindu] Page content loaded.
2025-12-19 06:40:05,635 - INFO - [The Hindu] Success with 'selenium_browser'. Found content (490 words).
2025-12-19 06:40:05,774 - INFO - Saved article: Bombay HC restrains sale of ‘CEFDON’ cough syrup, cites deceptive similarity with ‘CEDON’ - The Hindu from The Hindu
2025-12-19 06:40:06,993 - INFO - [The Hindu] (Thread) Finished. Attempting to shut down its Selenium driver.
2025-12-19 06:40:07,152 - INFO - [The Hindu] (Thread) driver.quit() successful.
2025-12-19 06:41:26,754 - ERROR - [Times of India] Request failed for strategy 'selenium_browser' on URL https://timesofindia.indiatimes.com/world/middle-east/uae-on-high-alert-as-heavy-rain-strong-winds-and-travel-disruptions-continue/articleshow/126071133.cms: HTTPConnectionPool(host='localhost', port=48359): Read timed out. (read timeout=120)
2025-12-19 06:41:26,754 - ERROR - [Times of India] All scrape strategies failed for https://timesofindia.indiatimes.com/world/middle-east/uae-on-high-alert-as-heavy-rain-strong-winds-and-travel-disruptions-continue/articleshow/126071133.cms. Falling back to RSS description.
2025-12-19 06:41:26,761 - INFO - Saved article: UAE on high alert as heavy rain, strong winds and travel disruptions continue from Times of India
2025-12-19 06:41:27,361 - INFO - [Times of India] Article: https://timesofindia.indiatimes.com/world/middle-east/dubai-rta-temporarily-pauses-intercity-bus-services-to-sharjah-and-ajman/articleshow/126070651.cms
2025-12-19 06:41:27,361 - INFO - [Times of India] Attempt 1/1: Trying with 'selenium_browser' strategy...
2025-12-19 06:43:27,451 - ERROR - [Times of India] Request failed for strategy 'selenium_browser' on URL https://timesofindia.indiatimes.com/world/middle-east/dubai-rta-temporarily-pauses-intercity-bus-services-to-sharjah-and-ajman/articleshow/126070651.cms: HTTPConnectionPool(host='localhost', port=48359): Read timed out. (read timeout=120)
2025-12-19 06:43:27,451 - ERROR - [Times of India] All scrape strategies failed for https://timesofindia.indiatimes.com/world/middle-east/dubai-rta-temporarily-pauses-intercity-bus-services-to-sharjah-and-ajman/articleshow/126070651.cms. Falling back to RSS description.
2025-12-19 06:43:27,453 - INFO - Saved article: Dubai RTA temporarily pauses Intercity Bus Services to Sharjah and Ajman from Times of India
2025-12-19 06:43:28,318 - INFO - [Times of India] Article: https://timesofindia.indiatimes.com/world/us/lady-gaga-sinners-more-obama-shares-2025-favourites-across-music-books-and-films-indian-american-artists-also-feature/articleshow/126069856.cms
2025-12-19 06:43:28,319 - INFO - [Times of India] Attempt 1/1: Trying with 'selenium_browser' strategy...
2025-12-19 06:44:19,441 - CRITICAL - --- TIMEOUT: 1 scrape jobs did not complete in 300s. ---
2025-12-19 06:44:19,441 - ERROR - A thread has timed out and will be abandoned.
2025-12-19 06:44:19,441 - INFO - Shutting down thread pool (wait=False)...
2025-12-19 06:44:19,441 - INFO - Scraped: 10 The Hindu, 0 BBC, 1 The Guardian, 1 Timed_Out_Jobs articles. (Total saved: 11)
2025-12-19 06:44:19,441 - INFO - --- Scraping job finished ---
2025-12-19 06:44:19,442 - INFO - --- Scraper service stopped and database connection closed. ---
2025-12-19 06:44:19,442 - INFO - --- Main thread finished. Forcing process exit to kill zombie threads. ---
