2026-02-05 16:58:16,487 - INFO - Initializing database connection at: news_articles.db
2026-02-05 16:58:16,487 - INFO - --- Scraper service started (CI Mode: Run Once) ---
2026-02-05 16:58:16,487 - INFO - --- Starting new scraping job (Parallel Mode) ---
2026-02-05 16:58:16,487 - INFO - Creating new robust session with 3 retries on 5xx/connection/read errors.
2026-02-05 16:58:16,488 - INFO - Proxy is DISABLED.
2026-02-05 16:58:16,488 - INFO - Starting scrape for BBC RSS feed: http://feeds.bbci.co.uk/news/world/rss.xml
2026-02-05 16:58:16,488 - INFO - [Times of India] (Thread) requires Selenium. Initializing driver...
2026-02-05 16:58:16,488 - INFO - Initializing headless Selenium Chrome driver (using SeleniumManager)...
2026-02-05 16:58:16,489 - INFO - Starting scrape for The Guardian RSS feed: https://www.theguardian.com/world/rss
2026-02-05 16:58:16,490 - INFO - [The Hindu] (Thread) requires Selenium. Initializing driver...
2026-02-05 16:58:16,490 - INFO - Submitted 4 jobs to thread pool. Waiting up to 300s for completion...
2026-02-05 16:58:16,490 - INFO - Initializing headless Selenium Chrome driver (using SeleniumManager)...
2026-02-05 16:58:16,597 - INFO - Found 45 articles in The Guardian RSS feed. Processing up to 10.
2026-02-05 16:58:16,597 - INFO - [The Guardian] Article: https://www.theguardian.com/world/2026/feb/05/nigeria-sends-troops-to-villages-attacked-by-jihadist-fighters
2026-02-05 16:58:16,597 - INFO - [The Guardian] Attempt 1/1: Trying with 'requests_browser' strategy...
2026-02-05 16:58:16,615 - INFO - Found 22 articles in BBC RSS feed. Processing up to 10.
2026-02-05 16:58:16,615 - INFO - [BBC] Article: https://www.bbc.com/news/articles/c5yd10yp2m1o?at_medium=RSS&at_campaign=rss
2026-02-05 16:58:16,615 - INFO - [BBC] Attempt 1/1: Trying with 'requests_browser' strategy...
2026-02-05 16:58:16,631 - INFO - [The Guardian] Success with 'requests_browser'. Found content (523 words).
2026-02-05 16:58:16,668 - INFO - Saved article: Nigeria sends troops to villages attacked by jihadist fighters | Nigeria | The Guardian from The Guardian
2026-02-05 16:58:16,827 - INFO - [BBC] Success with 'requests_browser'. Found content (640 words).
2026-02-05 16:58:16,865 - INFO - Duplicate article skipped: Naked images remained in Epstein files despite outcry from BBC
2026-02-05 16:58:17,505 - INFO - [BBC] Article: https://www.bbc.com/news/articles/c62wpjd3j1zo?at_medium=RSS&at_campaign=rss
2026-02-05 16:58:17,506 - INFO - [BBC] Attempt 1/1: Trying with 'requests_browser' strategy...
2026-02-05 16:58:17,550 - INFO - [BBC] Success with 'requests_browser'. Found content (827 words).
2026-02-05 16:58:17,590 - INFO - Duplicate article skipped: US must be prudent when supplying arms to Taiwan, Xi tells Trump from BBC
2026-02-05 16:58:17,815 - INFO - [The Guardian] Article: https://www.theguardian.com/world/2026/feb/04/gunmen-west-nigeria-attack-red-cross
2026-02-05 16:58:17,815 - INFO - [The Guardian] Attempt 1/1: Trying with 'requests_browser' strategy...
2026-02-05 16:58:17,923 - INFO - [The Guardian] Success with 'requests_browser'. Found content (881 words).
2026-02-05 16:58:17,964 - INFO - Duplicate article skipped: Gunmen kill more than 160 people in attacks on two west Nigeria villages | Nigeria | The Guardian from The Guardian
2026-02-05 16:58:18,126 - INFO - [BBC] Article: https://www.bbc.com/news/articles/cvgn2dzwd1do?at_medium=RSS&at_campaign=rss
2026-02-05 16:58:18,126 - INFO - [BBC] Attempt 1/1: Trying with 'requests_browser' strategy...
2026-02-05 16:58:18,166 - INFO - [BBC] Success with 'requests_browser'. Found content (733 words).
2026-02-05 16:58:18,204 - INFO - Duplicate article skipped: 55,000 Ukrainian soldiers killed in war with Russia, Zelensky says from BBC
2026-02-05 16:58:19,043 - INFO - [The Guardian] Article: https://www.theguardian.com/world/2026/feb/04/uganda-opposition-leader-bobi-wine-in-hiding-muhoozi-kainerugaba-feud
2026-02-05 16:58:19,043 - INFO - [The Guardian] Attempt 1/1: Trying with 'requests_browser' strategy...
2026-02-05 16:58:19,073 - INFO - [The Guardian] Success with 'requests_browser'. Found content (873 words).
2026-02-05 16:58:19,110 - INFO - Duplicate article skipped: Ugandan opposition leader still in hiding as feud with president’s son escalates | Uganda | The Guardian from The Guardian
2026-02-05 16:58:19,406 - INFO - [BBC] Article: https://www.bbc.com/news/articles/c368g5l33xzo?at_medium=RSS&at_campaign=rss
2026-02-05 16:58:19,406 - INFO - [BBC] Attempt 1/1: Trying with 'requests_browser' strategy...
2026-02-05 16:58:19,440 - INFO - [BBC] Success with 'requests_browser'. Found content (370 words).
2026-02-05 16:58:19,479 - INFO - Duplicate article skipped: Gus Lamont: Suspect identified in disappearance of four-year-old in Australian outback from BBC
2026-02-05 16:58:20,456 - INFO - [BBC] Article: https://www.bbc.com/news/articles/cgez359nd72o?at_medium=RSS&at_campaign=rss
2026-02-05 16:58:20,457 - INFO - [BBC] Attempt 1/1: Trying with 'requests_browser' strategy...
2026-02-05 16:58:20,491 - INFO - [BBC] Success with 'requests_browser'. Found content (471 words).
2026-02-05 16:58:20,529 - INFO - Saved article: Lebanon says Israel sprayed southern villages with concentrated herbicide from BBC
2026-02-05 16:58:20,580 - INFO - [The Guardian] Article: https://www.theguardian.com/global-development/2026/feb/04/death-of-nigerian-singer-highlights-crisis-of-preventable-snakebite-fatalities
2026-02-05 16:58:20,580 - INFO - [The Guardian] Attempt 1/1: Trying with 'requests_browser' strategy...
2026-02-05 16:58:20,610 - INFO - [The Guardian] Success with 'requests_browser'. Found content (734 words).
2026-02-05 16:58:20,666 - INFO - Duplicate article skipped: Death of Nigerian singer after snakebite highlights crisis of ‘preventable’ fatalities | Global development | The Guardian from The Guardian
2026-02-05 16:58:21,249 - INFO - [BBC] Article: https://www.bbc.com/news/articles/c1wzrlndzjro?at_medium=RSS&at_campaign=rss
2026-02-05 16:58:21,249 - INFO - [BBC] Attempt 1/1: Trying with 'requests_browser' strategy...
2026-02-05 16:58:21,252 - INFO - [The Guardian] Article: https://www.theguardian.com/global-development/2026/feb/04/trump-us-china-russia-democratic-recession-peril-human-rights-watch
2026-02-05 16:58:21,253 - INFO - [The Guardian] Attempt 1/1: Trying with 'requests_browser' strategy...
2026-02-05 16:58:21,308 - INFO - [The Guardian] Success with 'requests_browser'. Found content (763 words).
2026-02-05 16:58:21,345 - INFO - Duplicate article skipped: Trump-led abuses amid ‘democratic recession’ put human rights in peril, HRW report says | Human rights | The Guardian from The Guardian
2026-02-05 16:58:21,350 - INFO - [BBC] Success with 'requests_browser'. Found content (504 words).
2026-02-05 16:58:21,389 - INFO - Saved article: Japanese city cancels cherry blossom festival over badly behaved tourists from BBC
2026-02-05 16:58:22,005 - INFO - [BBC] Article: https://www.bbc.com/news/articles/ckgvllk3lx9o?at_medium=RSS&at_campaign=rss
2026-02-05 16:58:22,005 - INFO - [BBC] Attempt 1/1: Trying with 'requests_browser' strategy...
2026-02-05 16:58:22,053 - INFO - [BBC] Success with 'requests_browser'. Found content (884 words).
2026-02-05 16:58:22,095 - INFO - Duplicate article skipped: Kwara state attack: Dozens of Muslims 'massacred' in Nigeria for refusing to join Boko Haram, says governor from BBC
2026-02-05 16:58:22,320 - INFO - [The Guardian] Article: https://www.theguardian.com/world/2026/feb/05/nicolas-maduro-alex-saab-caracas-venezuela
2026-02-05 16:58:22,320 - INFO - [The Guardian] Attempt 1/1: Trying with 'requests_browser' strategy...
2026-02-05 16:58:22,348 - INFO - [The Guardian] Success with 'requests_browser'. Found content (586 words).
2026-02-05 16:58:22,382 - INFO - Duplicate article skipped: Maduro’s alleged frontman Alex Saab reportedly detained in Caracas | Venezuela | The Guardian from The Guardian
2026-02-05 16:58:22,658 - INFO - [BBC] Article: https://www.bbc.com/news/articles/c5y41r5rzrno?at_medium=RSS&at_campaign=rss
2026-02-05 16:58:22,658 - INFO - [BBC] Attempt 1/1: Trying with 'requests_browser' strategy...
2026-02-05 16:58:22,697 - INFO - [BBC] Success with 'requests_browser'. Found content (499 words).
2026-02-05 16:58:22,743 - INFO - Duplicate article skipped: US pitches plan to counter China's dominance of critical mineral supply from BBC
2026-02-05 16:58:23,120 - INFO - [The Guardian] Article: https://www.theguardian.com/world/2026/feb/05/el-helicoide-delcy-rodriguez-venezuela
2026-02-05 16:58:23,120 - INFO - [The Guardian] Attempt 1/1: Trying with 'requests_browser' strategy...
2026-02-05 16:58:23,149 - INFO - [The Guardian] Success with 'requests_browser'. Found content (944 words).
2026-02-05 16:58:23,188 - INFO - Duplicate article skipped: Venezuela plan to turn notorious prison into cultural centre scrubs past horrors, critics say | Venezuela | The Guardian from The Guardian
2026-02-05 16:58:23,813 - INFO - [BBC] Article: https://www.bbc.com/news/articles/cy7mrx6ne1po?at_medium=RSS&at_campaign=rss
2026-02-05 16:58:23,813 - INFO - [BBC] Attempt 1/1: Trying with 'requests_browser' strategy...
2026-02-05 16:58:23,852 - INFO - [BBC] Success with 'requests_browser'. Found content (798 words).
2026-02-05 16:58:23,889 - INFO - Duplicate article skipped: Bondi Junction stabbings: Doctor of killer referred to health regulators from BBC
2026-02-05 16:58:24,334 - INFO - [The Guardian] Article: https://www.theguardian.com/news/audio/2026/feb/04/the-people-betting-on-catastrophic-world-events-podcast
2026-02-05 16:58:24,334 - INFO - [The Guardian] Attempt 1/1: Trying with 'requests_browser' strategy...
2026-02-05 16:58:24,494 - INFO - [The Guardian] Success with 'requests_browser'. Found content (320 words).
2026-02-05 16:58:24,541 - INFO - Duplicate article skipped: The people betting on catastrophic world events – podcast | Business | The Guardian from The Guardian
2026-02-05 16:58:24,544 - INFO - [BBC] Article: https://www.bbc.com/news/articles/c2e18wvrx9xo?at_medium=RSS&at_campaign=rss
2026-02-05 16:58:24,544 - INFO - [BBC] Attempt 1/1: Trying with 'requests_browser' strategy...
2026-02-05 16:58:24,593 - INFO - [BBC] Success with 'requests_browser'. Found content (778 words).
2026-02-05 16:58:24,638 - INFO - Duplicate article skipped: Savannah Guthrie addresses mother's abductor: 'We are ready to talk' from BBC
2026-02-05 16:58:25,212 - INFO - [The Guardian] Article: https://www.theguardian.com/world/2026/feb/03/colombian-president-and-trump-put-aside-insults-for-amicable-white-house-meeting
2026-02-05 16:58:25,212 - INFO - [The Guardian] Attempt 1/1: Trying with 'requests_browser' strategy...
2026-02-05 16:58:25,253 - INFO - [The Guardian] Success with 'requests_browser'. Found content (740 words).
2026-02-05 16:58:25,297 - INFO - Duplicate article skipped: Colombian president and Trump put aside insults for amicable White House meeting | Colombia | The Guardian from The Guardian
2026-02-05 16:58:25,615 - INFO - Selenium driver initialized successfully.
2026-02-05 16:58:25,616 - INFO - Selenium driver initialized successfully.
2026-02-05 16:58:25,616 - INFO - Starting scrape for Times of India RSS feed: https://timesofindia.indiatimes.com/rssfeeds/296589292.cms
2026-02-05 16:58:25,616 - INFO - Starting scrape for The Hindu RSS feed: https://www.thehindu.com/news/national/feeder/default.rss
2026-02-05 16:58:25,741 - INFO - Found 100 articles in The Hindu RSS feed. Processing up to 10.
2026-02-05 16:58:25,741 - INFO - [The Hindu] Article: https://www.thehindu.com/news/national/manipur/kuki-zo-groups-boycott-tribal-mlas-in-manipur-government-accuse-them-of-betrayal/article70596470.ece
2026-02-05 16:58:25,741 - INFO - [The Hindu] Attempt 1/1: Trying with 'selenium_browser' strategy...
2026-02-05 16:58:25,950 - INFO - [The Guardian] Article: https://www.theguardian.com/us-news/2026/feb/02/trump-administration-blocked-tps-haitians
2026-02-05 16:58:25,950 - INFO - [The Guardian] Attempt 1/1: Trying with 'requests_browser' strategy...
2026-02-05 16:58:25,989 - INFO - Found 20 articles in Times of India RSS feed. Processing up to 10.
2026-02-05 16:58:25,989 - INFO - [Times of India] Article: https://timesofindia.indiatimes.com/world/us/trump-epstein-files-bill-gates-elonmusk/articleshow/127945470.cms
2026-02-05 16:58:25,989 - INFO - [Times of India] Attempt 1/1: Trying with 'selenium_browser' strategy...
2026-02-05 16:58:25,995 - INFO - [The Guardian] Success with 'requests_browser'. Found content (475 words).
2026-02-05 16:58:26,050 - INFO - Duplicate article skipped: Judge blocks Trump administration’s stripping of Haitians’ protected status | US immigration | The Guardian from The Guardian
2026-02-05 16:58:29,973 - INFO - [The Hindu] Page content loaded.
2026-02-05 16:58:30,082 - INFO - [The Hindu] Success with 'selenium_browser'. Found content (536 words).
2026-02-05 16:58:30,290 - INFO - Saved article: Kuki-Zo groups boycott tribal MLAs in Manipur government, accuse them of ‘betrayal’ - The Hindu from The Hindu
2026-02-05 16:58:31,155 - INFO - [The Hindu] Article: https://www.thehindu.com/news/national/karnataka/court-cannot-examine-correctness-of-route-for-metro-line-says-karnataka-hc/article70596643.ece
2026-02-05 16:58:31,155 - INFO - [The Hindu] Attempt 1/1: Trying with 'selenium_browser' strategy...
2026-02-05 16:58:50,479 - INFO - [The Hindu] Page content loaded.
2026-02-05 16:58:50,574 - INFO - [The Hindu] Success with 'selenium_browser'. Found content (263 words).
2026-02-05 16:58:50,672 - INFO - Saved article: Court cannot examine correctness of route for metro line, says Karnataka HC - The Hindu from The Hindu
2026-02-05 16:58:51,470 - INFO - [The Hindu] Article: https://www.thehindu.com/news/national/tamil-nadu/stalin-inaugurates-additional-water-supply-initiative-in-vellore-tirupattur-permanent-commercial-complex-for-traders-in-ranipet-town/article70596235.ece
2026-02-05 16:58:51,470 - INFO - [The Hindu] Attempt 1/1: Trying with 'selenium_browser' strategy...
2026-02-05 16:58:53,316 - INFO - [The Hindu] Page content loaded.
2026-02-05 16:58:53,372 - INFO - [The Hindu] Success with 'selenium_browser'. Found content (514 words).
2026-02-05 16:58:53,434 - INFO - Saved article: Stalin inaugurates additional water supply initiative in Vellore, Tirupattur; permanent commercial complex for traders in Ranipet town - The Hindu from The Hindu
2026-02-05 16:58:54,459 - INFO - [The Hindu] Article: https://www.thehindu.com/news/national/andhra-pradesh/experts-prepare-to-tranquilise-tiger-after-second-cattle-kill/article70596791.ece
2026-02-05 16:58:54,459 - INFO - [The Hindu] Attempt 1/1: Trying with 'selenium_browser' strategy...
2026-02-05 16:58:57,941 - INFO - [The Hindu] Page content loaded.
2026-02-05 16:58:58,020 - INFO - [The Hindu] Success with 'selenium_browser'. Found content (322 words).
2026-02-05 16:58:58,119 - INFO - Saved article: Experts prepare to tranquilise tiger after second cattle kill - The Hindu from The Hindu
2026-02-05 16:58:59,079 - INFO - [The Hindu] Article: https://www.thehindu.com/news/national/telangana/695-pilgrims-selected-for-free-accommodation-at-nizams-makkah-rubath/article70596804.ece
2026-02-05 16:58:59,080 - INFO - [The Hindu] Attempt 1/1: Trying with 'selenium_browser' strategy...
2026-02-05 16:59:06,569 - INFO - [The Hindu] Page content loaded.
2026-02-05 16:59:06,664 - INFO - [The Hindu] Success with 'selenium_browser'. Found content (136 words).
2026-02-05 16:59:06,757 - INFO - Saved article: 695 pilgrims selected for free accommodation at Nizam’s Makkah Rubath - The Hindu from The Hindu
2026-02-05 16:59:07,817 - INFO - [The Hindu] Article: https://www.thehindu.com/news/national/telangana/bandi-sanjay-terms-claims-on-release-of-funds-for-kmc-as-ridiculous-demands-white-paper/article70596903.ece
2026-02-05 16:59:07,817 - INFO - [The Hindu] Attempt 1/1: Trying with 'selenium_browser' strategy...
2026-02-05 16:59:09,674 - INFO - [The Hindu] Page content loaded.
2026-02-05 16:59:09,726 - INFO - [The Hindu] Success with 'selenium_browser'. Found content (175 words).
2026-02-05 16:59:09,788 - INFO - Saved article: Bandi Sanjay terms claims on release of funds for KMC as ‘ridiculous’, demands white paper - The Hindu from The Hindu
2026-02-05 16:59:10,333 - INFO - [The Hindu] Article: https://www.thehindu.com/news/national/tamil-nadu/scst-commissions-intervention-helps-get-house-pattas-for-168-families-in-coimbatore/article70596965.ece
2026-02-05 16:59:10,334 - INFO - [The Hindu] Attempt 1/1: Trying with 'selenium_browser' strategy...
2026-02-05 16:59:11,413 - INFO - [The Hindu] Page content loaded.
2026-02-05 16:59:11,474 - INFO - [The Hindu] Success with 'selenium_browser'. Found content (324 words).
2026-02-05 16:59:11,542 - INFO - Saved article: SC/ST Commission’s intervention helps 168 families in Coimbatore get house pattas - The Hindu from The Hindu
2026-02-05 16:59:12,955 - INFO - [The Hindu] Article: https://www.thehindu.com/news/national/kerala/vs-achuthanandan-s-son-says-cpim-will-decide-whether-or-not-to-accept-padma-vibhushan/article70596981.ece
2026-02-05 16:59:12,955 - INFO - [The Hindu] Attempt 1/1: Trying with 'selenium_browser' strategy...
2026-02-05 16:59:13,792 - INFO - [The Hindu] Page content loaded.
2026-02-05 16:59:13,984 - INFO - [The Hindu] Success with 'selenium_browser'. Found content (277 words).
2026-02-05 16:59:14,065 - INFO - Saved article: V.S. Achuthanandan’ s son says CPI(M) will decide whether or not to accept Padma Vibhushan - The Hindu from The Hindu
2026-02-05 16:59:14,648 - INFO - [The Hindu] Article: https://www.thehindu.com/news/national/karnataka/kic-claims-to-be-fastest-in-country-in-disposing-of-second-appeal-petitions/article70596587.ece
2026-02-05 16:59:14,648 - INFO - [The Hindu] Attempt 1/1: Trying with 'selenium_browser' strategy...
2026-02-05 16:59:16,361 - INFO - [The Hindu] Page content loaded.
2026-02-05 16:59:16,431 - INFO - [The Hindu] Success with 'selenium_browser'. Found content (414 words).
2026-02-05 16:59:16,498 - INFO - Saved article: KIC claims to be fastest in country in disposing of second appeal petitions - The Hindu from The Hindu
2026-02-05 16:59:17,342 - INFO - [The Hindu] Article: https://www.thehindu.com/news/national/andhra-pradesh/200-substations-in-ap-nearing-completion-says-energy-minister/article70596889.ece
2026-02-05 16:59:17,342 - INFO - [The Hindu] Attempt 1/1: Trying with 'selenium_browser' strategy...
2026-02-05 16:59:22,189 - INFO - [The Hindu] Page content loaded.
2026-02-05 16:59:22,281 - INFO - [The Hindu] Success with 'selenium_browser'. Found content (182 words).
2026-02-05 16:59:22,398 - INFO - Saved article: 200 substations in A.P. nearing completion, says Energy Minister - The Hindu from The Hindu
2026-02-05 16:59:23,148 - INFO - [The Hindu] (Thread) Finished. Attempting to shut down its Selenium driver.
2026-02-05 16:59:23,297 - INFO - [The Hindu] (Thread) driver.quit() successful.
2026-02-05 16:59:26,003 - ERROR - [Times of India] Request failed for strategy 'selenium_browser' on URL https://timesofindia.indiatimes.com/world/us/trump-epstein-files-bill-gates-elonmusk/articleshow/127945470.cms: Message: timeout: Timed out receiving message from renderer: 59.914
  (Session info: chrome=144.0.7559.96)
Stacktrace:
#0 0x55a0d9fc5afa <unknown>
#1 0x55a0d99df60f <unknown>
#2 0x55a0d99c6d11 <unknown>
#3 0x55a0d99c6936 <unknown>
#4 0x55a0d99c444b <unknown>
#5 0x55a0d99c4dcf <unknown>
#6 0x55a0d99d42e0 <unknown>
#7 0x55a0d99ee2b7 <unknown>
#8 0x55a0d99f54bb <unknown>
#9 0x55a0d99c5539 <unknown>
#10 0x55a0d99ee04c <unknown>
#11 0x55a0d9a7d9a3 <unknown>
#12 0x55a0d9a26842 <unknown>
#13 0x55a0d9a27631 <unknown>
#14 0x55a0d9f8b689 <unknown>
#15 0x55a0d9f8e581 <unknown>
#16 0x55a0d9f77ca9 <unknown>
#17 0x55a0d9f8f13e <unknown>
#18 0x55a0d9f5e3a0 <unknown>
#19 0x55a0d9fb2fc8 <unknown>
#20 0x55a0d9fb319b <unknown>
#21 0x55a0d9fc4e68 <unknown>
#22 0x7f9f96e9caa4 <unknown>
#23 0x7f9f96f29c6c <unknown>

2026-02-05 16:59:26,003 - ERROR - [Times of India] All scrape strategies failed for https://timesofindia.indiatimes.com/world/us/trump-epstein-files-bill-gates-elonmusk/articleshow/127945470.cms. Falling back to RSS description.
2026-02-05 16:59:26,005 - INFO - Saved article: Hammam mein sab…: Why Donald Trump remains untouched by the Epstein files (so far) from Times of India
2026-02-05 16:59:27,268 - INFO - [Times of India] Article: https://timesofindia.indiatimes.com/world/us/importing-radical-islam-will-destroy-america-texas-congressman-brandon-gill-warns-of-consequences-like-europe/articleshow/127944248.cms
2026-02-05 16:59:27,268 - INFO - [Times of India] Attempt 1/1: Trying with 'selenium_browser' strategy...
2026-02-05 17:00:10,375 - INFO - [Times of India] Page content loaded.
2026-02-05 17:00:10,551 - INFO - [Times of India] Success with 'selenium_browser'. Found content (621 words).
2026-02-05 17:00:10,644 - INFO - Saved article: ‘Importing radical Islam will destroy America’: Texas congressman Brandon Gill warns of ‘consequences like Europe’ | World News - The Times of India from Times of India
2026-02-05 17:00:11,266 - INFO - [Times of India] Article: https://timesofindia.indiatimes.com/world/us/happy-to-eat-your-share-of-samosas-maga-influencer-slams-pastor-for-speaking-up-for-indians/articleshow/127943630.cms
2026-02-05 17:00:11,266 - INFO - [Times of India] Attempt 1/1: Trying with 'selenium_browser' strategy...
2026-02-05 17:00:12,843 - INFO - [Times of India] Page content loaded.
2026-02-05 17:00:12,983 - INFO - [Times of India] Success with 'selenium_browser'. Found content (334 words).
2026-02-05 17:00:13,051 - INFO - Saved article: 'Happy to eat your share of samosas': MAGA influencer slams pastor for speaking up for Indians - The Times of India from Times of India
2026-02-05 17:00:14,248 - INFO - [Times of India] Article: https://timesofindia.indiatimes.com/world/us/epstein-files-new-email-shows-ghislaine-maxwell-explains-controversial-photo-of-prince-andrew-and-virginia-giuffre/articleshow/127932236.cms
2026-02-05 17:00:14,248 - INFO - [Times of India] Attempt 1/1: Trying with 'selenium_browser' strategy...
2026-02-05 17:00:15,234 - INFO - [Times of India] Page content loaded.
2026-02-05 17:00:15,364 - INFO - [Times of India] Success with 'selenium_browser'. Found content (707 words).
2026-02-05 17:00:15,421 - INFO - Duplicate article skipped: Epstein Files: New email shows Ghislaine Maxwell explains controversial photo of Prince Andrew and Virginia Giuffre | World News - The Times of India from Times of India
2026-02-05 17:00:16,712 - INFO - [Times of India] Article: https://timesofindia.indiatimes.com/world/us/viral-post-claims-texas-restaurant-offering-jobs-only-to-f-1-students-paying-in-cash/articleshow/127940003.cms
2026-02-05 17:00:16,712 - INFO - [Times of India] Attempt 1/1: Trying with 'selenium_browser' strategy...
2026-02-05 17:00:18,472 - INFO - [Times of India] Page content loaded.
2026-02-05 17:00:18,597 - INFO - [Times of India] Success with 'selenium_browser'. Found content (395 words).
2026-02-05 17:00:18,651 - INFO - Duplicate article skipped: Viral post claims Indian restaurant in Texas offering jobs only to F-1 students, paying in cash - The Times of India from Times of India
2026-02-05 17:00:19,222 - INFO - [Times of India] Article: https://timesofindia.indiatimes.com/world/us/protego-how-jk-rowling-denied-entry-to-jeffrey-epstein/articleshow/127939910.cms
2026-02-05 17:00:19,222 - INFO - [Times of India] Attempt 1/1: Trying with 'selenium_browser' strategy...
2026-02-05 17:00:21,521 - INFO - [Times of India] Page content loaded.
2026-02-05 17:00:21,677 - INFO - [Times of India] Success with 'selenium_browser'. Found content (583 words).
2026-02-05 17:00:21,745 - INFO - Duplicate article skipped: Protego: How JK Rowling denied entry to Jeffrey Epstein | World News - The Times of India from Times of India
2026-02-05 17:00:22,454 - INFO - [Times of India] Article: https://timesofindia.indiatimes.com/world/us/shes-been-nasty-to-him-laura-loomer-praises-trump-as-he-helps-savannah-guthrie-amid-mothers-disappearance/articleshow/127938308.cms
2026-02-05 17:00:22,454 - INFO - [Times of India] Attempt 1/1: Trying with 'selenium_browser' strategy...
2026-02-05 17:00:24,957 - INFO - [Times of India] Page content loaded.
2026-02-05 17:00:25,143 - INFO - [Times of India] Success with 'selenium_browser'. Found content (711 words).
2026-02-05 17:00:25,234 - INFO - Duplicate article skipped: ‘She’s been nasty to him’: Laura Loomer praises Trump as he helps Savannah Guthrie amid mother’s disappearance - The Times of India from Times of India
2026-02-05 17:00:26,655 - INFO - [Times of India] Article: https://timesofindia.indiatimes.com/world/us/not-american-enough-vivek-ramaswamy-faces-backlash-over-daughters-hindu-name-savithri/articleshow/127937279.cms
2026-02-05 17:00:26,655 - INFO - [Times of India] Attempt 1/1: Trying with 'selenium_browser' strategy...
2026-02-05 17:00:27,885 - INFO - [Times of India] Page content loaded.
2026-02-05 17:00:28,002 - INFO - [Times of India] Success with 'selenium_browser'. Found content (374 words).
2026-02-05 17:00:28,059 - INFO - Duplicate article skipped: ‘Not American enough’: Vivek Ramaswamy faces backlash over daughter’s 'Hindu' name Savithri | World News - The Times of India from Times of India
2026-02-05 17:00:29,385 - INFO - [Times of India] Article: https://timesofindia.indiatimes.com/science/why-science-says-ghosts-do-not-exist-the-real-reasons-behind-a-most-human-belief/articleshow/127881692.cms
2026-02-05 17:00:29,386 - INFO - [Times of India] Attempt 1/1: Trying with 'selenium_browser' strategy...
2026-02-05 17:00:31,164 - INFO - [Times of India] Page content loaded.
2026-02-05 17:00:31,262 - INFO - [Times of India] Success with 'selenium_browser'. Found content (1154 words).
2026-02-05 17:00:31,308 - INFO - Duplicate article skipped: Why science says ghosts do not exist: The real reasons behind a most human belief | - The Times of India from Times of India
2026-02-05 17:00:32,179 - INFO - [Times of India] Article: https://timesofindia.indiatimes.com/world/uk/explained-why-epstein-emails-have-become-a-ticking-time-bomb-for-keir-starmer/articleshow/127936497.cms
2026-02-05 17:00:32,179 - INFO - [Times of India] Attempt 1/1: Trying with 'selenium_browser' strategy...
2026-02-05 17:00:33,371 - INFO - [Times of India] Page content loaded.
2026-02-05 17:00:33,504 - INFO - [Times of India] Success with 'selenium_browser'. Found content (901 words).
2026-02-05 17:00:33,601 - INFO - Duplicate article skipped: Explained: Why Epstein emails have become a ticking time bomb for Keir Starmer | World News - The Times of India from Times of India
2026-02-05 17:00:34,936 - INFO - [Times of India] (Thread) Finished. Attempting to shut down its Selenium driver.
2026-02-05 17:00:35,153 - INFO - [Times of India] (Thread) driver.quit() successful.
2026-02-05 17:00:35,153 - INFO - Shutting down thread pool (wait=False)...
2026-02-05 17:00:35,153 - INFO - Scraped: 1 The Guardian, 10 The Hindu, 3 Times of India, 2 BBC articles. (Total saved: 16)
2026-02-05 17:00:35,153 - INFO - --- Scraping job finished ---
2026-02-05 17:00:35,158 - INFO - --- Scraper service stopped and database connection closed. ---
2026-02-05 17:00:35,158 - INFO - --- Main thread finished. Forcing process exit to kill zombie threads. ---
