2026-01-13 22:28:27,994 - INFO - Initializing database connection at: news_articles.db
2026-01-13 22:28:27,995 - INFO - --- Scraper service started (CI Mode: Run Once) ---
2026-01-13 22:28:27,995 - INFO - --- Starting new scraping job (Parallel Mode) ---
2026-01-13 22:28:27,995 - INFO - Creating new robust session with 3 retries on 5xx/connection/read errors.
2026-01-13 22:28:27,995 - INFO - Proxy is DISABLED.
2026-01-13 22:28:27,995 - INFO - Starting scrape for BBC RSS feed: http://feeds.bbci.co.uk/news/world/rss.xml
2026-01-13 22:28:27,996 - INFO - [Times of India] (Thread) requires Selenium. Initializing driver...
2026-01-13 22:28:27,996 - INFO - Initializing headless Selenium Chrome driver (using SeleniumManager)...
2026-01-13 22:28:27,996 - INFO - Starting scrape for The Guardian RSS feed: https://www.theguardian.com/world/rss
2026-01-13 22:28:27,997 - INFO - [The Hindu] (Thread) requires Selenium. Initializing driver...
2026-01-13 22:28:27,997 - INFO - Initializing headless Selenium Chrome driver (using SeleniumManager)...
2026-01-13 22:28:27,999 - INFO - Submitted 4 jobs to thread pool. Waiting up to 300s for completion...
2026-01-13 22:28:28,089 - INFO - Found 40 articles in BBC RSS feed. Processing up to 10.
2026-01-13 22:28:28,090 - INFO - [BBC] Article: https://www.bbc.com/news/articles/cr57vmznmd9o?at_medium=RSS&at_campaign=rss
2026-01-13 22:28:28,090 - INFO - [BBC] Attempt 1/1: Trying with 'requests_browser' strategy...
2026-01-13 22:28:28,119 - INFO - Found 45 articles in The Guardian RSS feed. Processing up to 10.
2026-01-13 22:28:28,119 - INFO - [The Guardian] Article: https://www.theguardian.com/us-news/2026/jan/13/trump-administration-ends-tps-somalia
2026-01-13 22:28:28,119 - INFO - [The Guardian] Attempt 1/1: Trying with 'requests_browser' strategy...
2026-01-13 22:28:28,160 - INFO - [The Guardian] Success with 'requests_browser'. Found content (478 words).
2026-01-13 22:28:28,217 - INFO - Duplicate article skipped: Trump administration ends temporary protected status for Somalis in US | Trump administration | The Guardian from The Guardian
2026-01-13 22:28:28,257 - INFO - [BBC] Success with 'requests_browser'. Found content (1353 words).
2026-01-13 22:28:28,313 - INFO - Saved article: Iran protests: More than 2,000 people reported killed as Trump says 'help is on its way' from BBC
2026-01-13 22:28:29,358 - INFO - [The Guardian] Article: https://www.theguardian.com/business/2026/jan/13/developing-countries-poorer-world-bank-report
2026-01-13 22:28:29,358 - INFO - [The Guardian] Attempt 1/1: Trying with 'requests_browser' strategy...
2026-01-13 22:28:29,388 - INFO - [The Guardian] Success with 'requests_browser'. Found content (654 words).
2026-01-13 22:28:29,408 - INFO - [BBC] Article: https://www.bbc.com/news/articles/cedwgn4pqv4o?at_medium=RSS&at_campaign=rss
2026-01-13 22:28:29,408 - INFO - [BBC] Attempt 1/1: Trying with 'requests_browser' strategy...
2026-01-13 22:28:29,431 - INFO - Duplicate article skipped: Quarter of developing countries poorer than in 2019, World Bank finds | World Bank | The Guardian from The Guardian
2026-01-13 22:28:29,462 - INFO - [BBC] Success with 'requests_browser'. Found content (1064 words).
2026-01-13 22:28:29,515 - INFO - Duplicate article skipped: Jeremy Bowen: Authoritarian regimes die gradually then suddenly, but Iran is not there yet from BBC
2026-01-13 22:28:30,794 - INFO - [BBC] Article: https://www.bbc.com/news/articles/c4g3kw5ezepo?at_medium=RSS&at_campaign=rss
2026-01-13 22:28:30,794 - INFO - [BBC] Attempt 1/1: Trying with 'requests_browser' strategy...
2026-01-13 22:28:30,829 - INFO - [BBC] Success with 'requests_browser'. Found content (629 words).
2026-01-13 22:28:30,871 - INFO - Duplicate article skipped: Greenland chooses Denmark over US, island's PM Jens-Frederik Nielsen says from BBC
2026-01-13 22:28:30,907 - INFO - [The Guardian] Article: https://www.theguardian.com/books/2026/jan/12/chimamanda-ngozi-adichie-accuses-lagos-hospital-negligence-son-death
2026-01-13 22:28:30,907 - INFO - [The Guardian] Attempt 1/1: Trying with 'requests_browser' strategy...
2026-01-13 22:28:30,929 - INFO - [The Guardian] Success with 'requests_browser'. Found content (537 words).
2026-01-13 22:28:30,966 - INFO - Duplicate article skipped: Author Chimamanda Ngozi Adichie accuses Lagos hospital of negligence after son’s death | Chimamanda Ngozi Adichie | The Guardian from The Guardian
2026-01-13 22:28:31,901 - INFO - [The Guardian] Article: https://www.theguardian.com/global-development/2026/jan/09/the-gambia-female-genital-mutilation-fgm-supreme-court-case-overturn-ban
2026-01-13 22:28:31,901 - INFO - [The Guardian] Attempt 1/1: Trying with 'requests_browser' strategy...
2026-01-13 22:28:31,928 - INFO - [The Guardian] Success with 'requests_browser'. Found content (850 words).
2026-01-13 22:28:31,969 - INFO - Duplicate article skipped: Attempt to overturn the Gambia’s ban on FGM heard by supreme court | Global development | The Guardian from The Guardian
2026-01-13 22:28:32,308 - INFO - [BBC] Article: https://www.bbc.com/news/articles/c041dp0z95yo?at_medium=RSS&at_campaign=rss
2026-01-13 22:28:32,309 - INFO - [BBC] Attempt 1/1: Trying with 'requests_browser' strategy...
2026-01-13 22:28:32,345 - INFO - [BBC] Success with 'requests_browser'. Found content (779 words).
2026-01-13 22:28:32,385 - INFO - Duplicate article skipped: Jerome Powell: World central bank chiefs declare support for US Fed chair from BBC
2026-01-13 22:28:33,276 - INFO - [The Guardian] Article: https://www.theguardian.com/world/2026/jan/08/questions-targeting-impact-us-airstrikes-in-nigeria
2026-01-13 22:28:33,276 - INFO - [The Guardian] Attempt 1/1: Trying with 'requests_browser' strategy...
2026-01-13 22:28:33,302 - INFO - [BBC] Article: https://www.bbc.com/news/articles/cj6w17ykd89o?at_medium=RSS&at_campaign=rss
2026-01-13 22:28:33,302 - INFO - [BBC] Attempt 1/1: Trying with 'requests_browser' strategy...
2026-01-13 22:28:33,330 - INFO - [BBC] Success with 'requests_browser'. Found content (666 words).
2026-01-13 22:28:33,394 - INFO - Duplicate article skipped: Republicans vow to hold Bill Clinton in contempt as he skips Epstein testimony from BBC
2026-01-13 22:28:33,438 - INFO - [The Guardian] Success with 'requests_browser'. Found content (795 words).
2026-01-13 22:28:33,476 - INFO - Duplicate article skipped: Two weeks on, questions linger over targeting and impact of US airstrikes in Nigeria | Nigeria | The Guardian from The Guardian
2026-01-13 22:28:34,461 - INFO - Selenium driver initialized successfully.
2026-01-13 22:28:34,462 - INFO - Selenium driver initialized successfully.
2026-01-13 22:28:34,462 - INFO - Starting scrape for Times of India RSS feed: https://timesofindia.indiatimes.com/rssfeeds/296589292.cms
2026-01-13 22:28:34,462 - INFO - Starting scrape for The Hindu RSS feed: https://www.thehindu.com/news/national/feeder/default.rss
2026-01-13 22:28:34,536 - INFO - Found 20 articles in Times of India RSS feed. Processing up to 10.
2026-01-13 22:28:34,536 - INFO - [Times of India] Article: https://timesofindia.indiatimes.com/world/us/im-alone-in-the-dark-trumps-dramatic-fundraising-email-triggers-online-criticism/articleshow/126512927.cms
2026-01-13 22:28:34,536 - INFO - [Times of India] Attempt 1/1: Trying with 'selenium_browser' strategy...
2026-01-13 22:28:34,571 - INFO - Found 100 articles in The Hindu RSS feed. Processing up to 10.
2026-01-13 22:28:34,571 - INFO - [The Hindu] Article: https://www.thehindu.com/news/national/odisha/from-ganja-to-gold-odisha-police-trace-10-crore-assets-from-two-persons-in-backward-district/article70506182.ece
2026-01-13 22:28:34,571 - INFO - [The Hindu] Attempt 1/1: Trying with 'selenium_browser' strategy...
2026-01-13 22:28:34,659 - INFO - [BBC] Article: https://www.bbc.com/news/articles/cq6vyqq5r0do?at_medium=RSS&at_campaign=rss
2026-01-13 22:28:34,659 - INFO - [BBC] Attempt 1/1: Trying with 'requests_browser' strategy...
2026-01-13 22:28:34,686 - INFO - [The Guardian] Article: https://www.theguardian.com/environment/2026/jan/12/us-plan-to-exploit-venezuelas-oil-could-eat-up-13-of-carbon-budget-to-keep-15c-limit
2026-01-13 22:28:34,686 - INFO - [The Guardian] Attempt 1/1: Trying with 'requests_browser' strategy...
2026-01-13 22:28:34,691 - INFO - [BBC] Success with 'requests_browser'. Found content (676 words).
2026-01-13 22:28:34,759 - INFO - Duplicate article skipped: Yoon Suk Yeol: S Korea prosecutors seek death penalty over failed insurrection attempt from BBC
2026-01-13 22:28:34,798 - INFO - [The Guardian] Success with 'requests_browser'. Found content (579 words).
2026-01-13 22:28:34,858 - INFO - Duplicate article skipped: US plan to exploit Venezuela’s oil could eat up 13% of carbon budget to keep 1.5C limit | Climate crisis | The Guardian from The Guardian
2026-01-13 22:28:35,570 - INFO - [The Guardian] Article: https://www.theguardian.com/world/2026/jan/12/trump-latin-america-feud-colombia-gustavo-petro
2026-01-13 22:28:35,570 - INFO - [The Guardian] Attempt 1/1: Trying with 'requests_browser' strategy...
2026-01-13 22:28:35,749 - INFO - [The Guardian] Success with 'requests_browser'. Found content (1373 words).
2026-01-13 22:28:35,820 - INFO - Duplicate article skipped: Trump’s other Latin American feud: why Colombia’s Petro is not Maduro | Colombia | The Guardian from The Guardian
2026-01-13 22:28:36,055 - INFO - [BBC] Article: https://www.bbc.com/news/articles/ce9yv4gmn9lo?at_medium=RSS&at_campaign=rss
2026-01-13 22:28:36,055 - INFO - [BBC] Attempt 1/1: Trying with 'requests_browser' strategy...
2026-01-13 22:28:36,118 - INFO - [BBC] Success with 'requests_browser'. Found content (1993 words).
2026-01-13 22:28:36,181 - INFO - Duplicate article skipped: How one woman lures foreign recruits to Russia’s front line in Ukraine from BBC
2026-01-13 22:28:37,135 - INFO - [The Guardian] Article: https://www.theguardian.com/us-news/2026/jan/12/us-oil-producers-global-supply-glut-venezuela
2026-01-13 22:28:37,135 - INFO - [The Guardian] Attempt 1/1: Trying with 'requests_browser' strategy...
2026-01-13 22:28:37,198 - INFO - [The Guardian] Success with 'requests_browser'. Found content (884 words).
2026-01-13 22:28:37,321 - INFO - Duplicate article skipped: US frackers were already facing a global oil supply glut. Trump’s Venezuelan dream could make it worse | US news | The Guardian from The Guardian
2026-01-13 22:28:37,322 - INFO - [BBC] Article: https://www.bbc.com/news/articles/c5y320k72vyo?at_medium=RSS&at_campaign=rss
2026-01-13 22:28:37,323 - INFO - [BBC] Attempt 1/1: Trying with 'requests_browser' strategy...
2026-01-13 22:28:37,410 - INFO - [BBC] Success with 'requests_browser'. Found content (467 words).
2026-01-13 22:28:37,521 - INFO - Duplicate article skipped: Controversial Dilbert cartoonist Scott Adams dies aged 68 from BBC
2026-01-13 22:28:37,895 - INFO - [The Guardian] Article: https://www.theguardian.com/world/2026/jan/12/carney-heads-to-beijing-as-trump-america-first-agenda-forces-canada-into-trade-rethink
2026-01-13 22:28:37,896 - INFO - [The Guardian] Attempt 1/1: Trying with 'requests_browser' strategy...
2026-01-13 22:28:37,983 - INFO - [The Guardian] Success with 'requests_browser'. Found content (1253 words).
2026-01-13 22:28:38,071 - INFO - Duplicate article skipped: Carney heads to Beijing as Trump’s America First agenda forces Canada into trade rethink | Canada | The Guardian from The Guardian
2026-01-13 22:28:38,535 - INFO - [BBC] Article: https://www.bbc.com/news/articles/cz0p9ld5egjo?at_medium=RSS&at_campaign=rss
2026-01-13 22:28:38,536 - INFO - [BBC] Attempt 1/1: Trying with 'requests_browser' strategy...
2026-01-13 22:28:38,657 - INFO - [BBC] Success with 'requests_browser'. Found content (507 words).
2026-01-13 22:28:38,806 - INFO - Duplicate article skipped: Trump administration moves to end deportation protection known as TPS for Somalis from BBC
2026-01-13 22:28:39,271 - INFO - [The Guardian] Article: https://www.theguardian.com/us-news/2026/jan/12/donald-trump-threatens-block-exxonmobil-venezuela
2026-01-13 22:28:39,271 - INFO - [The Guardian] Attempt 1/1: Trying with 'requests_browser' strategy...
2026-01-13 22:28:39,367 - INFO - [The Guardian] Success with 'requests_browser'. Found content (472 words).
2026-01-13 22:28:39,587 - INFO - Duplicate article skipped: Trump threatens to block ExxonMobil from Venezuela after CEO calls country ‘uninvestable’ | Trump administration | The Guardian from The Guardian
2026-01-13 22:28:39,963 - INFO - [The Hindu] Page content loaded.
2026-01-13 22:28:40,194 - INFO - [BBC] Article: https://www.bbc.com/news/articles/c79rqzv1e7ro?at_medium=RSS&at_campaign=rss
2026-01-13 22:28:40,195 - INFO - [BBC] Attempt 1/1: Trying with 'requests_browser' strategy...
2026-01-13 22:28:40,326 - INFO - [The Hindu] Success with 'selenium_browser'. Found content (427 words).
2026-01-13 22:28:40,683 - INFO - [BBC] Success with 'requests_browser'. Found content (1113 words).
2026-01-13 22:28:40,690 - INFO - Saved article: From ganja to gold: Odisha Police trace ₹10 crore assets from two persons in backward district - The Hindu from The Hindu
2026-01-13 22:28:40,771 - INFO - Duplicate article skipped: BTS stand to make $1bn as they announce mammoth comeback tour from BBC
2026-01-13 22:28:41,636 - INFO - [The Hindu] Article: https://www.thehindu.com/news/cities/bangalore/tesla-to-offer-a-fortnight-long-pop-up-in-bengaluru-starting-january-15/article70506121.ece
2026-01-13 22:28:41,636 - INFO - [The Hindu] Attempt 1/1: Trying with 'selenium_browser' strategy...
2026-01-13 22:28:44,187 - INFO - [The Hindu] Page content loaded.
2026-01-13 22:28:44,512 - INFO - [The Hindu] Success with 'selenium_browser'. Found content (154 words).
2026-01-13 22:28:44,689 - INFO - Saved article: Tesla to offer a fortnight-long pop-up in Bengaluru, starting January 15 - The Hindu from The Hindu
2026-01-13 22:28:45,910 - INFO - [The Hindu] Article: https://www.thehindu.com/news/national/ib-ministry-collaborates-with-netflix-for-project/article70505642.ece
2026-01-13 22:28:45,910 - INFO - [The Hindu] Attempt 1/1: Trying with 'selenium_browser' strategy...
2026-01-13 22:28:46,854 - INFO - [The Hindu] Page content loaded.
2026-01-13 22:28:47,253 - INFO - [The Hindu] Success with 'selenium_browser'. Found content (401 words).
2026-01-13 22:28:47,365 - INFO - Saved article: I&B Ministry collaborates with Netflix for project - The Hindu from The Hindu
2026-01-13 22:28:48,157 - INFO - [The Hindu] Article: https://www.thehindu.com/news/national/nitin-nabin-to-be-formally-elected-bjp-president-on-january-20/article70505904.ece
2026-01-13 22:28:48,157 - INFO - [The Hindu] Attempt 1/1: Trying with 'selenium_browser' strategy...
2026-01-13 22:28:49,406 - INFO - [The Hindu] Page content loaded.
2026-01-13 22:28:49,462 - INFO - [The Hindu] Success with 'selenium_browser'. Found content (152 words).
2026-01-13 22:28:49,545 - INFO - Saved article: Nitin Nabin to be formally elected BJP president on January 20 - The Hindu from The Hindu
2026-01-13 22:28:50,567 - INFO - [The Hindu] Article: https://www.thehindu.com/news/national/jammu-and-kashmir/jk-muslim-bodies-express-concern-over-police-profiling-of-mosques/article70505884.ece
2026-01-13 22:28:50,567 - INFO - [The Hindu] Attempt 1/1: Trying with 'selenium_browser' strategy...
2026-01-13 22:28:52,349 - INFO - [The Hindu] Page content loaded.
2026-01-13 22:28:52,432 - INFO - [Times of India] Page content loaded.
2026-01-13 22:28:52,488 - INFO - [The Hindu] Success with 'selenium_browser'. Found content (664 words).
2026-01-13 22:28:52,600 - INFO - Saved article: J&K Muslim bodies express concern over ‘police profiling' of mosques - The Hindu from The Hindu
2026-01-13 22:28:52,982 - INFO - [Times of India] Success with 'selenium_browser'. Found content (494 words).
2026-01-13 22:28:53,233 - INFO - Saved article: ‘I'm alone in the dark’: Trump’s dramatic fundraising email triggers online criticism - The Times of India from Times of India
2026-01-13 22:28:53,533 - INFO - [The Hindu] Article: https://www.thehindu.com/news/national/mizoram/governors-rule-in-mizoram-tribal-council-extended-for-6-months/article70505571.ece
2026-01-13 22:28:53,533 - INFO - [The Hindu] Attempt 1/1: Trying with 'selenium_browser' strategy...
2026-01-13 22:28:54,679 - INFO - [Times of India] Article: https://timesofindia.indiatimes.com/world/us-streamers/nick-fuentes-says-he-wants-to-take-over-kick-and-asks-adin-ross-for-help/articleshow/126512912.cms
2026-01-13 22:28:54,680 - INFO - [Times of India] Attempt 1/1: Trying with 'selenium_browser' strategy...
2026-01-13 22:28:57,885 - INFO - [Times of India] Page content loaded.
2026-01-13 22:28:58,147 - INFO - [Times of India] Success with 'selenium_browser'. Found content (420 words).
2026-01-13 22:28:58,240 - INFO - Saved article: Nick Fuentes says he wants to take over Kick and asks Adin Ross for help - The Times of India from Times of India
2026-01-13 22:28:58,283 - INFO - [The Hindu] Page content loaded.
2026-01-13 22:28:58,358 - INFO - [The Hindu] Success with 'selenium_browser'. Found content (268 words).
2026-01-13 22:28:58,457 - INFO - Saved article: Governor’s Rule in Mizoram tribal council extended for 6 months - The Hindu from The Hindu
2026-01-13 22:28:58,802 - INFO - [Times of India] Article: https://timesofindia.indiatimes.com/world/uk/executed-two-teenagers-double-murderer-awarded-7500-as-taxpayers-foot-six-figure-legal-bill/articleshow/126510503.cms
2026-01-13 22:28:58,802 - INFO - [Times of India] Attempt 1/1: Trying with 'selenium_browser' strategy...
2026-01-13 22:28:59,047 - INFO - [The Hindu] Article: https://www.thehindu.com/news/national/kerala/kerala-high-court-admits-pil-challenging-survey/article70506501.ece
2026-01-13 22:28:59,048 - INFO - [The Hindu] Attempt 1/1: Trying with 'selenium_browser' strategy...
2026-01-13 22:29:00,135 - INFO - [The Hindu] Page content loaded.
2026-01-13 22:29:00,268 - INFO - [The Hindu] Success with 'selenium_browser'. Found content (100 words).
2026-01-13 22:29:00,386 - INFO - Saved article: Kerala High Court admits PIL challenging survey - The Hindu from The Hindu
2026-01-13 22:29:01,400 - INFO - [Times of India] Page content loaded.
2026-01-13 22:29:01,671 - INFO - [Times of India] Success with 'selenium_browser'. Found content (846 words).
2026-01-13 22:29:01,702 - INFO - [The Hindu] Article: https://www.thehindu.com/news/national/jharkhand/aditya-sahu-set-to-take-over-as-jharkhand-bjp-president/article70506657.ece
2026-01-13 22:29:01,702 - INFO - [The Hindu] Attempt 1/1: Trying with 'selenium_browser' strategy...
2026-01-13 22:29:01,982 - INFO - Saved article: Executed two teenagers: Double murderer awarded £7,500 as taxpayers foot six-figure legal bill | World News - The Times of India from Times of India
2026-01-13 22:29:03,100 - INFO - [The Hindu] Page content loaded.
2026-01-13 22:29:03,174 - INFO - [The Hindu] Success with 'selenium_browser'. Found content (325 words).
2026-01-13 22:29:03,191 - INFO - [Times of India] Article: https://timesofindia.indiatimes.com/world/us/zohran-mamdani-and-donald-trump-sending-friendly-texts-to-each-other-claims-report-subject-unknown/articleshow/126512900.cms
2026-01-13 22:29:03,191 - INFO - [Times of India] Attempt 1/1: Trying with 'selenium_browser' strategy...
2026-01-13 22:29:03,287 - INFO - Saved article: Aditya Sahu set to become Jharkhand BJP president - The Hindu from The Hindu
2026-01-13 22:29:03,845 - INFO - [The Hindu] Article: https://www.thehindu.com/news/national/dri-seizes-record-270-kg-mephedrone-busts-multi-state-narcotics-syndicate/article70506614.ece
2026-01-13 22:29:03,845 - INFO - [The Hindu] Attempt 1/1: Trying with 'selenium_browser' strategy...
2026-01-13 22:29:06,448 - INFO - [The Hindu] Page content loaded.
2026-01-13 22:29:06,688 - INFO - [The Hindu] Success with 'selenium_browser'. Found content (300 words).
2026-01-13 22:29:06,829 - INFO - Saved article: DRI busts multi-State narcotics syndicate, seizes 270 kg drugs - The Hindu from The Hindu
2026-01-13 22:29:08,022 - INFO - [The Hindu] Article: https://www.thehindu.com/news/national/tamil-nadu/pongal-festival-unites-all-tamils-in-the-world-vit-chancellor/article70505486.ece
2026-01-13 22:29:08,022 - INFO - [The Hindu] Attempt 1/1: Trying with 'selenium_browser' strategy...
2026-01-13 22:29:08,752 - INFO - [Times of India] Page content loaded.
2026-01-13 22:29:08,876 - INFO - [Times of India] Success with 'selenium_browser'. Found content (317 words).
2026-01-13 22:29:08,978 - INFO - Saved article: Zohran Mamdani and Donald Trump sending 'friendly' texts to each other, claims report; subject unknown - The Times of India from Times of India
2026-01-13 22:29:09,151 - INFO - [The Hindu] Page content loaded.
2026-01-13 22:29:09,207 - INFO - [The Hindu] Success with 'selenium_browser'. Found content (206 words).
2026-01-13 22:29:09,312 - INFO - Duplicate article skipped: Pongal festival unites all Tamils in the world: VIT chancellor - The Hindu from The Hindu
2026-01-13 22:29:10,201 - INFO - [The Hindu] (Thread) Finished. Attempting to shut down its Selenium driver.
2026-01-13 22:29:10,212 - INFO - [Times of India] Article: https://timesofindia.indiatimes.com/world/us/either-go-to-jail-or-get-deported-wild-story-of-indian-techies-humiliation-in-us-until-he-boarded-plane-goes-viral/articleshow/126512869.cms
2026-01-13 22:29:10,212 - INFO - [Times of India] Attempt 1/1: Trying with 'selenium_browser' strategy...
2026-01-13 22:29:10,451 - INFO - [The Hindu] (Thread) driver.quit() successful.
2026-01-13 22:29:11,989 - INFO - [Times of India] Page content loaded.
2026-01-13 22:29:12,119 - INFO - [Times of India] Success with 'selenium_browser'. Found content (384 words).
2026-01-13 22:29:12,176 - INFO - Saved article: 'Either go to jail or get deported': 'Wild story' of Indian techie's humiliation in US until he boarded plane goes viral - The Times of India from Times of India
2026-01-13 22:29:13,439 - INFO - [Times of India] Article: https://timesofindia.indiatimes.com/world/us-streamers/popular-hunting-youtuber-ryan-lampers-faces-felony-charges-over-alleged-illegal-kills/articleshow/126512863.cms
2026-01-13 22:29:13,439 - INFO - [Times of India] Attempt 1/1: Trying with 'selenium_browser' strategy...
2026-01-13 22:29:14,552 - INFO - [Times of India] Page content loaded.
2026-01-13 22:29:14,691 - INFO - [Times of India] Success with 'selenium_browser'. Found content (409 words).
2026-01-13 22:29:14,754 - INFO - Saved article: Popular hunting YouTuber Ryan Lampers faces felony charges over alleged illegal kills - The Times of India from Times of India
2026-01-13 22:29:15,551 - INFO - [Times of India] Article: https://timesofindia.indiatimes.com/world/us-streamers/kai-cenat-streaming-retirement-rumors-go-viral-after-yourrages-comment/articleshow/126512734.cms
2026-01-13 22:29:15,551 - INFO - [Times of India] Attempt 1/1: Trying with 'selenium_browser' strategy...
2026-01-13 22:29:16,639 - INFO - [Times of India] Page content loaded.
2026-01-13 22:29:16,775 - INFO - [Times of India] Success with 'selenium_browser'. Found content (426 words).
2026-01-13 22:29:16,833 - INFO - Duplicate article skipped: Kai Cenat streaming retirement rumors go viral after YourRAGE’s comment - The Times of India from Times of India
2026-01-13 22:29:17,696 - INFO - [Times of India] Article: https://timesofindia.indiatimes.com/world/us/what-is-the-dilbert-principle-elon-musk-says-still-cant-believe-scott-adams-has-died/articleshow/126512758.cms
2026-01-13 22:29:17,696 - INFO - [Times of India] Attempt 1/1: Trying with 'selenium_browser' strategy...
2026-01-13 22:29:18,739 - INFO - [Times of India] Page content loaded.
2026-01-13 22:29:18,872 - INFO - [Times of India] Success with 'selenium_browser'. Found content (452 words).
2026-01-13 22:29:18,928 - INFO - Duplicate article skipped: What is the Dilbert Principle? Elon Musk says 'still can't believe' Scott Adams has died - The Times of India from Times of India
2026-01-13 22:29:19,745 - INFO - [Times of India] Article: https://timesofindia.indiatimes.com/world/us/bags-of-cash-in-texas-and-mumbai-immigration-attorney-reveals-5-signs-of-h-1b-trafficking-employees-must-be-aware-of/articleshow/126512597.cms
2026-01-13 22:29:19,745 - INFO - [Times of India] Attempt 1/1: Trying with 'selenium_browser' strategy...
2026-01-13 22:29:20,496 - INFO - [Times of India] Page content loaded.
2026-01-13 22:29:20,661 - INFO - [Times of India] Success with 'selenium_browser'. Found content (338 words).
2026-01-13 22:29:20,715 - INFO - Duplicate article skipped: 'Bags of cash in Texas and Mumbai': Immigration attorney reveals 5 signs of H-1B trafficking employees must be aware of - The Times of India from Times of India
2026-01-13 22:29:21,663 - INFO - [Times of India] Article: https://timesofindia.indiatimes.com/world/uk/pios-illegally-selling-british-work-visas-exposed-in-sting-operation/articleshow/126512327.cms
2026-01-13 22:29:21,663 - INFO - [Times of India] Attempt 1/1: Trying with 'selenium_browser' strategy...
2026-01-13 22:29:22,715 - INFO - [Times of India] Page content loaded.
2026-01-13 22:29:22,853 - INFO - [Times of India] Success with 'selenium_browser'. Found content (384 words).
2026-01-13 22:29:22,995 - INFO - Duplicate article skipped: PIOs illegally selling British work visas exposed in sting operation - The Times of India from Times of India
2026-01-13 22:29:23,961 - INFO - [Times of India] (Thread) Finished. Attempting to shut down its Selenium driver.
2026-01-13 22:29:24,193 - INFO - [Times of India] (Thread) driver.quit() successful.
2026-01-13 22:29:24,193 - INFO - Shutting down thread pool (wait=False)...
2026-01-13 22:29:24,193 - INFO - Scraped: 0 The Guardian, 6 Times of India, 9 The Hindu, 1 BBC articles. (Total saved: 16)
2026-01-13 22:29:24,193 - INFO - --- Scraping job finished ---
2026-01-13 22:29:24,198 - INFO - --- Scraper service stopped and database connection closed. ---
2026-01-13 22:29:24,199 - INFO - --- Main thread finished. Forcing process exit to kill zombie threads. ---
