2026-02-01 14:32:29,674 - INFO - Initializing database connection at: news_articles.db
2026-02-01 14:32:29,675 - INFO - --- Scraper service started (CI Mode: Run Once) ---
2026-02-01 14:32:29,675 - INFO - --- Starting new scraping job (Parallel Mode) ---
2026-02-01 14:32:29,675 - INFO - Creating new robust session with 3 retries on 5xx/connection/read errors.
2026-02-01 14:32:29,675 - INFO - Proxy is DISABLED.
2026-02-01 14:32:29,675 - INFO - Starting scrape for BBC RSS feed: http://feeds.bbci.co.uk/news/world/rss.xml
2026-02-01 14:32:29,676 - INFO - [Times of India] (Thread) requires Selenium. Initializing driver...
2026-02-01 14:32:29,676 - INFO - Initializing headless Selenium Chrome driver (using SeleniumManager)...
2026-02-01 14:32:29,676 - INFO - Starting scrape for The Guardian RSS feed: https://www.theguardian.com/world/rss
2026-02-01 14:32:29,676 - INFO - [The Hindu] (Thread) requires Selenium. Initializing driver...
2026-02-01 14:32:29,676 - INFO - Initializing headless Selenium Chrome driver (using SeleniumManager)...
2026-02-01 14:32:29,677 - INFO - Submitted 4 jobs to thread pool. Waiting up to 300s for completion...
2026-02-01 14:32:29,784 - INFO - Found 45 articles in The Guardian RSS feed. Processing up to 10.
2026-02-01 14:32:29,784 - INFO - [The Guardian] Article: https://www.theguardian.com/world/2026/jan/30/more-than-200-killed-in-coltan-mine-collapse-in-eastern-drc-officials-say
2026-02-01 14:32:29,784 - INFO - [The Guardian] Attempt 1/1: Trying with 'requests_browser' strategy...
2026-02-01 14:32:29,815 - INFO - [The Guardian] Success with 'requests_browser'. Found content (306 words).
2026-02-01 14:32:29,851 - INFO - Duplicate article skipped: More than 200 killed in coltan mine collapse in eastern DRC, officials say | Democratic Republic of the Congo | The Guardian from The Guardian
2026-02-01 14:32:30,283 - INFO - Found 44 articles in BBC RSS feed. Processing up to 10.
2026-02-01 14:32:30,284 - INFO - [BBC] Article: https://www.bbc.com/news/articles/cevnmxyy4wjo?at_medium=RSS&at_campaign=rss
2026-02-01 14:32:30,284 - INFO - [BBC] Attempt 1/1: Trying with 'requests_browser' strategy...
2026-02-01 14:32:30,833 - INFO - [BBC] Success with 'requests_browser'. Found content (2141 words).
2026-02-01 14:32:30,883 - INFO - Duplicate article skipped: Millions of Jeffrey Epstein files released by US justice department from BBC
2026-02-01 14:32:30,906 - INFO - [The Guardian] Article: https://www.theguardian.com/world/2026/jan/30/niger-airport-airbase-attack-islamic-state
2026-02-01 14:32:30,907 - INFO - [The Guardian] Attempt 1/1: Trying with 'requests_browser' strategy...
2026-02-01 14:32:30,952 - INFO - [The Guardian] Success with 'requests_browser'. Found content (455 words).
2026-02-01 14:32:30,996 - INFO - Duplicate article skipped: Islamic State claims attack on international airport and airbase in Niger | Niger | The Guardian from The Guardian
2026-02-01 14:32:32,001 - INFO - [BBC] Article: https://www.bbc.com/news/articles/cm2xj3ykpj4o?at_medium=RSS&at_campaign=rss
2026-02-01 14:32:32,002 - INFO - [BBC] Attempt 1/1: Trying with 'requests_browser' strategy...
2026-02-01 14:32:32,053 - INFO - [BBC] Success with 'requests_browser'. Found content (1466 words).
2026-02-01 14:32:32,100 - INFO - Duplicate article skipped: Rape trial puts Norway's royal family in unwelcome glare of public from BBC
2026-02-01 14:32:32,491 - INFO - [The Guardian] Article: https://www.theguardian.com/world/2026/jan/30/south-africa-expels-israel-diplomat-insults-president
2026-02-01 14:32:32,491 - INFO - [The Guardian] Attempt 1/1: Trying with 'requests_browser' strategy...
2026-02-01 14:32:32,518 - INFO - [The Guardian] Success with 'requests_browser'. Found content (628 words).
2026-02-01 14:32:32,555 - INFO - Duplicate article skipped: South Africa expels top Israeli diplomat over ‘insulting attacks’ on president | South Africa | The Guardian from The Guardian
2026-02-01 14:32:33,262 - INFO - [BBC] Article: https://www.bbc.com/news/articles/cyv5z76jmpvo?at_medium=RSS&at_campaign=rss
2026-02-01 14:32:33,263 - INFO - [BBC] Attempt 1/1: Trying with 'requests_browser' strategy...
2026-02-01 14:32:33,296 - INFO - [BBC] Success with 'requests_browser'. Found content (374 words).
2026-02-01 14:32:33,332 - INFO - Duplicate article skipped: LA Olympics chief Casey Wasserman 'deeply regrets' flirty emails with Ghislaine Maxwell from BBC
2026-02-01 14:32:33,464 - INFO - [The Guardian] Article: https://www.theguardian.com/world/2026/jan/29/gunfire-blasts-heard-airport-niamey-niger-planes-hit-reports
2026-02-01 14:32:33,465 - INFO - [The Guardian] Attempt 1/1: Trying with 'requests_browser' strategy...
2026-02-01 14:32:33,492 - INFO - [The Guardian] Success with 'requests_browser'. Found content (778 words).
2026-02-01 14:32:33,527 - INFO - Duplicate article skipped: Niger’s military ruler vows retaliation after gunfire and explosions heard in capital | Niger | The Guardian from The Guardian
2026-02-01 14:32:34,438 - INFO - [BBC] Article: https://www.bbc.com/news/articles/cnvgljj1dygo?at_medium=RSS&at_campaign=rss
2026-02-01 14:32:34,438 - INFO - [BBC] Attempt 1/1: Trying with 'requests_browser' strategy...
2026-02-01 14:32:34,474 - INFO - [BBC] Success with 'requests_browser'. Found content (514 words).
2026-02-01 14:32:34,492 - INFO - [The Guardian] Article: https://www.theguardian.com/world/2026/jan/26/hundreds-feared-dead-after-attempting-to-cross-mediterranean-amid-cyclone-harry
2026-02-01 14:32:34,492 - INFO - [The Guardian] Attempt 1/1: Trying with 'requests_browser' strategy...
2026-02-01 14:32:34,516 - INFO - Duplicate article skipped: Slovakia PM's national security adviser resigns over Epstein links from BBC
2026-02-01 14:32:34,531 - INFO - [The Guardian] Success with 'requests_browser'. Found content (388 words).
2026-02-01 14:32:34,587 - INFO - Duplicate article skipped: Hundreds feared dead in attempt to cross Mediterranean during cyclone | Italy | The Guardian from The Guardian
2026-02-01 14:32:35,244 - INFO - [BBC] Article: https://www.bbc.com/news/articles/c0mk3v2k3r0o?at_medium=RSS&at_campaign=rss
2026-02-01 14:32:35,244 - INFO - [BBC] Attempt 1/1: Trying with 'requests_browser' strategy...
2026-02-01 14:32:35,282 - INFO - [BBC] Success with 'requests_browser'. Found content (448 words).
2026-02-01 14:32:35,321 - INFO - Duplicate article skipped: Melania director Brett Ratner pictured cuddling woman in Epstein files from BBC
2026-02-01 14:32:35,634 - INFO - [The Guardian] Article: https://www.theguardian.com/world/2026/feb/01/cuba-fuel-shortage-trump-tariffs
2026-02-01 14:32:35,634 - INFO - [The Guardian] Attempt 1/1: Trying with 'requests_browser' strategy...
2026-02-01 14:32:35,673 - INFO - [The Guardian] Success with 'requests_browser'. Found content (977 words).
2026-02-01 14:32:35,714 - INFO - Saved article: Cuba on the brink as Trump turns up the pressure: ‘There is going to be a real blockade’ | Cuba | The Guardian from The Guardian
2026-02-01 14:32:36,376 - INFO - [The Guardian] Article: https://www.theguardian.com/world/2026/feb/01/costa-rica-polls-fears-authoritarian-turn-laura-fernandez
2026-02-01 14:32:36,376 - INFO - [The Guardian] Attempt 1/1: Trying with 'requests_browser' strategy...
2026-02-01 14:32:36,404 - INFO - [The Guardian] Success with 'requests_browser'. Found content (663 words).
2026-02-01 14:32:36,444 - INFO - Duplicate article skipped: Costa Rica heads to polls amid fears of authoritarian turn | Costa Rica | The Guardian from The Guardian
2026-02-01 14:32:36,642 - INFO - [BBC] Article: https://www.bbc.com/news/articles/cn42nedxqyqo?at_medium=RSS&at_campaign=rss
2026-02-01 14:32:36,642 - INFO - [BBC] Attempt 1/1: Trying with 'requests_browser' strategy...
2026-02-01 14:32:36,674 - INFO - [BBC] Success with 'requests_browser'. Found content (331 words).
2026-02-01 14:32:36,714 - INFO - Duplicate article skipped: Deadly gun and bomb attacks hit Pakistan's Balochistan province from BBC
2026-02-01 14:32:37,844 - INFO - [BBC] Article: https://www.bbc.com/news/articles/cwy12z197q8o?at_medium=RSS&at_campaign=rss
2026-02-01 14:32:37,845 - INFO - [BBC] Attempt 1/1: Trying with 'requests_browser' strategy...
2026-02-01 14:32:37,892 - INFO - [The Guardian] Article: https://www.theguardian.com/world/2026/jan/30/mexico-sheinbaum-trump-tariffs-cuba-oil-crisis
2026-02-01 14:32:37,892 - INFO - [The Guardian] Attempt 1/1: Trying with 'requests_browser' strategy...
2026-02-01 14:32:37,924 - INFO - [BBC] Success with 'requests_browser'. Found content (2253 words).
2026-02-01 14:32:37,990 - INFO - Duplicate article skipped: Grammy Awards 2026: Who will win and how to watch from BBC
2026-02-01 14:32:37,994 - INFO - [The Guardian] Success with 'requests_browser'. Found content (561 words).
2026-02-01 14:32:38,030 - INFO - Duplicate article skipped: Mexico president says Trump tariffs on Cuba’s oil suppliers could trigger humanitarian crisis | Cuba | The Guardian from The Guardian
2026-02-01 14:32:38,541 - INFO - [The Guardian] Article: https://www.theguardian.com/world/2026/jan/30/court-ends-hong-kong-china-panama-canal-contracts
2026-02-01 14:32:38,542 - INFO - [The Guardian] Attempt 1/1: Trying with 'requests_browser' strategy...
2026-02-01 14:32:38,569 - INFO - [The Guardian] Success with 'requests_browser'. Found content (465 words).
2026-02-01 14:32:38,605 - INFO - Duplicate article skipped: Panama supreme court cancels Hong Kong company’s canal contracts | Panama canal | The Guardian from The Guardian
2026-02-01 14:32:38,895 - INFO - [BBC] Article: https://www.bbc.com/news/articles/cvg1ymmkpkro?at_medium=RSS&at_campaign=rss
2026-02-01 14:32:38,895 - INFO - [BBC] Attempt 1/1: Trying with 'requests_browser' strategy...
2026-02-01 14:32:38,932 - INFO - [BBC] Success with 'requests_browser'. Found content (560 words).
2026-02-01 14:32:38,976 - INFO - Saved article: Israel to ban MSF from working in Gaza over refusal to provide staff list from BBC
2026-02-01 14:32:39,190 - INFO - [The Guardian] Article: https://www.theguardian.com/world/2026/jan/30/venezuela-approves-bill-to-open-oil-sector-to-foreign-investment-after-us-pressure
2026-02-01 14:32:39,190 - INFO - [The Guardian] Attempt 1/1: Trying with 'requests_browser' strategy...
2026-02-01 14:32:39,230 - INFO - [The Guardian] Success with 'requests_browser'. Found content (829 words).
2026-02-01 14:32:39,277 - INFO - Duplicate article skipped: Venezuela approves bill to open oil sector to foreign investment after US pressure | Venezuela | The Guardian from The Guardian
2026-02-01 14:32:39,586 - INFO - Selenium driver initialized successfully.
2026-02-01 14:32:39,586 - INFO - Starting scrape for Times of India RSS feed: https://timesofindia.indiatimes.com/rssfeeds/296589292.cms
2026-02-01 14:32:39,587 - INFO - Selenium driver initialized successfully.
2026-02-01 14:32:39,587 - INFO - Starting scrape for The Hindu RSS feed: https://www.thehindu.com/news/national/feeder/default.rss
2026-02-01 14:32:39,769 - INFO - Found 20 articles in Times of India RSS feed. Processing up to 10.
2026-02-01 14:32:39,769 - INFO - [Times of India] Article: https://timesofindia.indiatimes.com/world/middle-east/dubai-crown-prince-sheikh-hamdan-unveils-dh500m-umm-suqeim-beach-makeover/articleshow/127842496.cms
2026-02-01 14:32:39,769 - INFO - [Times of India] Attempt 1/1: Trying with 'selenium_browser' strategy...
2026-02-01 14:32:40,097 - INFO - Found 100 articles in The Hindu RSS feed. Processing up to 10.
2026-02-01 14:32:40,097 - INFO - [The Hindu] Article: https://www.thehindu.com/news/national/karnataka/walkathon-for-millets-in-mysuru/article70579290.ece
2026-02-01 14:32:40,097 - INFO - [The Hindu] Attempt 1/1: Trying with 'selenium_browser' strategy...
2026-02-01 14:32:40,294 - INFO - [BBC] Article: https://www.bbc.com/news/articles/cx20z5nv9jxo?at_medium=RSS&at_campaign=rss
2026-02-01 14:32:40,295 - INFO - [BBC] Attempt 1/1: Trying with 'requests_browser' strategy...
2026-02-01 14:32:40,335 - INFO - [BBC] Success with 'requests_browser'. Found content (508 words).
2026-02-01 14:32:40,375 - INFO - Duplicate article skipped: Iran's supreme leader warns of regional war if US attacks from BBC
2026-02-01 14:32:41,037 - INFO - [BBC] Article: https://www.bbc.com/news/articles/cm2ygq5p2l3o?at_medium=RSS&at_campaign=rss
2026-02-01 14:32:41,037 - INFO - [BBC] Attempt 1/1: Trying with 'requests_browser' strategy...
2026-02-01 14:32:41,100 - INFO - [BBC] Success with 'requests_browser'. Found content (410 words).
2026-02-01 14:32:41,158 - INFO - Duplicate article skipped: Judge orders release of Liam Ramos, five-year-old detained by ICE in Minneapolis from BBC
2026-02-01 14:32:52,486 - INFO - [The Hindu] Page content loaded.
2026-02-01 14:32:52,617 - INFO - [The Hindu] Success with 'selenium_browser'. Found content (128 words).
2026-02-01 14:32:52,802 - INFO - Saved article: Walkathon for millets in Mysuru - The Hindu from The Hindu
2026-02-01 14:32:54,153 - INFO - [The Hindu] Article: https://www.thehindu.com/news/national/rupee-fastest-falling-asian-currency-faith-of-investors-shaken-congs-amitabh-dubey/article70579184.ece
2026-02-01 14:32:54,153 - INFO - [The Hindu] Attempt 1/1: Trying with 'selenium_browser' strategy...
2026-02-01 14:33:04,904 - INFO - [The Hindu] Page content loaded.
2026-02-01 14:33:04,988 - INFO - [The Hindu] Success with 'selenium_browser'. Found content (509 words).
2026-02-01 14:33:05,062 - INFO - Saved article: Rupee fastest falling Asian currency, faith of investors shaken: Cong's Amitabh Dubey - The Hindu from The Hindu
2026-02-01 14:33:06,447 - INFO - [The Hindu] Article: https://www.thehindu.com/news/national/telangana/owaisi-campaigns-for-party-candidates-in-nalgonda-ahead-of-civic-polls/article70579229.ece
2026-02-01 14:33:06,447 - INFO - [The Hindu] Attempt 1/1: Trying with 'selenium_browser' strategy...
2026-02-01 14:33:07,156 - INFO - [The Hindu] Page content loaded.
2026-02-01 14:33:07,252 - INFO - [The Hindu] Success with 'selenium_browser'. Found content (177 words).
2026-02-01 14:33:07,374 - INFO - Saved article: Owaisi campaigns for party candidates in Nalgonda ahead of civic polls - The Hindu from The Hindu
2026-02-01 14:33:08,625 - INFO - [The Hindu] Article: https://www.thehindu.com/news/national/karnataka/industry-bodies-welcome-growth-oriented-budget-announcements/article70578832.ece
2026-02-01 14:33:08,625 - INFO - [The Hindu] Attempt 1/1: Trying with 'selenium_browser' strategy...
2026-02-01 14:33:10,610 - INFO - [The Hindu] Page content loaded.
2026-02-01 14:33:10,701 - INFO - [The Hindu] Success with 'selenium_browser'. Found content (752 words).
2026-02-01 14:33:10,828 - INFO - Saved article: Industry bodies welcome growth-oriented Budget announcements - The Hindu from The Hindu
2026-02-01 14:33:11,838 - INFO - [The Hindu] Article: https://www.thehindu.com/news/national/andhra-pradesh/naidu-clarifies-ghee-scam-remarks-stresses-tirumala-sanctity/article70578751.ece
2026-02-01 14:33:11,838 - INFO - [The Hindu] Attempt 1/1: Trying with 'selenium_browser' strategy...
2026-02-01 14:33:16,481 - INFO - [The Hindu] Page content loaded.
2026-02-01 14:33:16,564 - INFO - [The Hindu] Success with 'selenium_browser'. Found content (268 words).
2026-02-01 14:33:16,664 - INFO - Saved article: Naidu clarifies ghee scam remarks, stresses Tirumala sanctity - The Hindu from The Hindu
2026-02-01 14:33:17,691 - INFO - [The Hindu] Article: https://www.thehindu.com/news/national/law-ministry-allocation-cut-to-4509-crore-in-union-budget/article70578730.ece
2026-02-01 14:33:17,691 - INFO - [The Hindu] Attempt 1/1: Trying with 'selenium_browser' strategy...
2026-02-01 14:33:18,447 - INFO - [The Hindu] Page content loaded.
2026-02-01 14:33:18,537 - INFO - [The Hindu] Success with 'selenium_browser'. Found content (278 words).
2026-02-01 14:33:18,616 - INFO - Saved article: Law Ministry allocation cut to ₹4,509 crore in Union Budget - The Hindu from The Hindu
2026-02-01 14:33:19,699 - INFO - [The Hindu] Article: https://www.thehindu.com/news/national/kerala/first-aid-workshop-organised-for-forest-guides-at-ponmudi/article70578632.ece
2026-02-01 14:33:19,699 - INFO - [The Hindu] Attempt 1/1: Trying with 'selenium_browser' strategy...
2026-02-01 14:33:20,763 - INFO - [The Hindu] Page content loaded.
2026-02-01 14:33:20,890 - INFO - [The Hindu] Success with 'selenium_browser'. Found content (130 words).
2026-02-01 14:33:20,974 - INFO - Saved article: First aid workshop organised for forest guides at Ponmudi - The Hindu from The Hindu
2026-02-01 14:33:22,185 - INFO - [The Hindu] Article: https://www.thehindu.com/news/national/andhra-pradesh/avid-readers-throng-tirupati-book-festival-2026/article70579093.ece
2026-02-01 14:33:22,185 - INFO - [The Hindu] Attempt 1/1: Trying with 'selenium_browser' strategy...
2026-02-01 14:33:23,181 - INFO - [The Hindu] Page content loaded.
2026-02-01 14:33:23,355 - INFO - [The Hindu] Success with 'selenium_browser'. Found content (282 words).
2026-02-01 14:33:23,464 - INFO - Saved article: Avid readers throng Tirupati Book Festival-2026 - The Hindu from The Hindu
2026-02-01 14:33:24,100 - INFO - [The Hindu] Article: https://www.thehindu.com/news/national/kerala/union-budget-hike-in-divisible-tax-pool-to-238-brings-relief-to-kerala/article70579074.ece
2026-02-01 14:33:24,100 - INFO - [The Hindu] Attempt 1/1: Trying with 'selenium_browser' strategy...
2026-02-01 14:33:24,951 - INFO - [The Hindu] Page content loaded.
2026-02-01 14:33:25,035 - INFO - [The Hindu] Success with 'selenium_browser'. Found content (366 words).
2026-02-01 14:33:25,196 - INFO - Saved article: Union Budget: hike in divisible tax pool to 2.38% brings relief to Kerala - The Hindu from The Hindu
2026-02-01 14:33:26,696 - INFO - [The Hindu] Article: https://www.thehindu.com/news/national/karnataka/fourth-volume-of-book-series-on-raja-ravi-varma-released/article70579203.ece
2026-02-01 14:33:26,696 - INFO - [The Hindu] Attempt 1/1: Trying with 'selenium_browser' strategy...
2026-02-01 14:33:39,782 - ERROR - [Times of India] Request failed for strategy 'selenium_browser' on URL https://timesofindia.indiatimes.com/world/middle-east/dubai-crown-prince-sheikh-hamdan-unveils-dh500m-umm-suqeim-beach-makeover/articleshow/127842496.cms: Message: timeout: Timed out receiving message from renderer: 59.894
  (Session info: chrome=144.0.7559.96)
Stacktrace:
#0 0x55d7de476afa <unknown>
#1 0x55d7dde9060f <unknown>
#2 0x55d7dde77d11 <unknown>
#3 0x55d7dde77936 <unknown>
#4 0x55d7dde7544b <unknown>
#5 0x55d7dde75dcf <unknown>
#6 0x55d7dde852e0 <unknown>
#7 0x55d7dde9f2b7 <unknown>
#8 0x55d7ddea64bb <unknown>
#9 0x55d7dde76539 <unknown>
#10 0x55d7dde9f04c <unknown>
#11 0x55d7ddf2e9a3 <unknown>
#12 0x55d7dded7842 <unknown>
#13 0x55d7dded8631 <unknown>
#14 0x55d7de43c689 <unknown>
#15 0x55d7de43f581 <unknown>
#16 0x55d7de428ca9 <unknown>
#17 0x55d7de44013e <unknown>
#18 0x55d7de40f3a0 <unknown>
#19 0x55d7de463fc8 <unknown>
#20 0x55d7de46419b <unknown>
#21 0x55d7de475e68 <unknown>
#22 0x7fa64229caa4 <unknown>
#23 0x7fa642329c6c <unknown>

2026-02-01 14:33:39,782 - ERROR - [Times of India] All scrape strategies failed for https://timesofindia.indiatimes.com/world/middle-east/dubai-crown-prince-sheikh-hamdan-unveils-dh500m-umm-suqeim-beach-makeover/articleshow/127842496.cms. Falling back to RSS description.
2026-02-01 14:33:39,785 - INFO - Saved article: Dubai Crown Prince Sheikh Hamdan unveils Dh500m Umm Suqeim Beach makeover from Times of India
2026-02-01 14:33:40,860 - INFO - [Times of India] Article: https://timesofindia.indiatimes.com/business/if-you-bought-just-1-of-bitcoin-when-it-launched-17-years-ago-how-rich-would-you-be-today/articleshow/127841336.cms
2026-02-01 14:33:40,860 - INFO - [Times of India] Attempt 1/1: Trying with 'selenium_browser' strategy...
2026-02-01 14:33:42,570 - INFO - [Times of India] Page content loaded.
2026-02-01 14:33:42,774 - INFO - [Times of India] Success with 'selenium_browser'. Found content (736 words).
2026-02-01 14:33:42,871 - INFO - Saved article: If you bought just $1 of Bitcoin when it launched 17 years ago, how rich would you be today? | Business - The Times of India from Times of India
2026-02-01 14:33:43,729 - INFO - [Times of India] Article: https://timesofindia.indiatimes.com/world/middle-east/should-uae-expats-remit-now-weak-indian-pakistani-rupee-and-filipino-peso-offer-big-gains-against-dirham/articleshow/127841840.cms
2026-02-01 14:33:43,729 - INFO - [Times of India] Attempt 1/1: Trying with 'selenium_browser' strategy...
2026-02-01 14:33:45,258 - INFO - [Times of India] Page content loaded.
2026-02-01 14:33:45,402 - INFO - [Times of India] Success with 'selenium_browser'. Found content (1000 words).
2026-02-01 14:33:45,464 - INFO - Saved article: Should UAE expats remit now? Weak rupee and peso offer big gains against Dirham - The Times of India from Times of India
2026-02-01 14:33:45,979 - INFO - [Times of India] Article: https://timesofindia.indiatimes.com/world/us/a-morning-commute-a-shattered-family-new-york-officers-death-renews-call-against-drunk-driving/articleshow/127842767.cms
2026-02-01 14:33:45,979 - INFO - [Times of India] Attempt 1/1: Trying with 'selenium_browser' strategy...
2026-02-01 14:33:46,647 - INFO - [Times of India] Page content loaded.
2026-02-01 14:33:46,755 - INFO - [Times of India] Success with 'selenium_browser'. Found content (479 words).
2026-02-01 14:33:46,814 - INFO - Saved article: A morning commute, a shattered family: New York officer’s death renews call against drunk driving - The Times of India from Times of India
2026-02-01 14:33:47,483 - INFO - [Times of India] Article: https://timesofindia.indiatimes.com/world/europe/russia-ukraine-war-fresh-round-of-trilateral-peace-talks-rescheduled-as-zelenskyy-announces-new-dates-amid-territorial-deadlock/articleshow/127842640.cms
2026-02-01 14:33:47,483 - INFO - [Times of India] Attempt 1/1: Trying with 'selenium_browser' strategy...
2026-02-01 14:33:48,538 - INFO - [Times of India] Page content loaded.
2026-02-01 14:33:48,642 - INFO - [Times of India] Success with 'selenium_browser'. Found content (484 words).
2026-02-01 14:33:48,724 - INFO - Saved article: Russia-Ukraine war: Fresh round of trilateral peace talks rescheduled; Zelenskyy announces new dates amid territorial deadlock - The Times of India from Times of India
2026-02-01 14:33:49,370 - INFO - [Times of India] Article: https://timesofindia.indiatimes.com/world/us/from-trump-is-cool-to-cutting-ties-us-boxer-ryan-garcia-quits-maga-camp-over-epstein-links/articleshow/127841582.cms
2026-02-01 14:33:49,370 - INFO - [Times of India] Attempt 1/1: Trying with 'selenium_browser' strategy...
2026-02-01 14:33:50,070 - INFO - [Times of India] Page content loaded.
2026-02-01 14:33:50,242 - INFO - [Times of India] Success with 'selenium_browser'. Found content (129 words).
2026-02-01 14:33:50,264 - INFO - Duplicate article skipped: From ‘Trump is cool’ to cutting ties: US boxer Ryan Garcia quits MAGA camp over Epstein links - The Times of India from Times of India
2026-02-01 14:33:51,713 - INFO - [Times of India] Article: https://timesofindia.indiatimes.com/world/middle-east/tax-revolution-in-the-uae-e-invoicing-will-change-how-you-get-paid-no-more-manual-vat-fixes/articleshow/127840838.cms
2026-02-01 14:33:51,713 - INFO - [Times of India] Attempt 1/1: Trying with 'selenium_browser' strategy...
2026-02-01 14:33:52,689 - INFO - [Times of India] Page content loaded.
2026-02-01 14:33:52,831 - INFO - [Times of India] Success with 'selenium_browser'. Found content (964 words).
2026-02-01 14:33:52,904 - INFO - Duplicate article skipped: Tax revolution in the UAE: E-invoicing will change how you get paid, no more manual VAT fixes - The Times of India from Times of India
2026-02-01 14:33:53,815 - INFO - [Times of India] Article: https://timesofindia.indiatimes.com/world/middle-east/bahrain-successfully-completes-nationwide-emergency-alert-system-test/articleshow/127839819.cms
2026-02-01 14:33:53,815 - INFO - [Times of India] Attempt 1/1: Trying with 'selenium_browser' strategy...
2026-02-01 14:33:55,028 - INFO - [Times of India] Page content loaded.
2026-02-01 14:33:55,217 - INFO - [Times of India] Success with 'selenium_browser'. Found content (266 words).
2026-02-01 14:33:55,273 - INFO - Duplicate article skipped: Bahrain successfully completes nationwide emergency alert system test | World News - The Times of India from Times of India
2026-02-01 14:33:55,928 - INFO - [Times of India] Article: https://timesofindia.indiatimes.com/world/middle-east/this-time-it-will-be-a-regional-war-khamenei-warns-us-middle-east-allies-slams-trumps-rhetoric/articleshow/127839985.cms
2026-02-01 14:33:55,928 - INFO - [Times of India] Attempt 1/1: Trying with 'selenium_browser' strategy...
2026-02-01 14:33:56,710 - INFO - [Times of India] Page content loaded.
2026-02-01 14:33:56,817 - INFO - [Times of India] Success with 'selenium_browser'. Found content (411 words).
2026-02-01 14:33:56,875 - INFO - Duplicate article skipped: 'This time, it will be a regional war': Khamenei warns US' Middle East allies; slams Trump's 'rhetoric' - The Times of India from Times of India
2026-02-01 14:33:58,061 - INFO - [Times of India] Article: https://timesofindia.indiatimes.com/world/rest-of-world/long-lost-cave-in-new-zealand-reveals-million-year-old-wildlife-extinct-birds-and-a-kkp-ancestor/articleshow/127839328.cms
2026-02-01 14:33:58,061 - INFO - [Times of India] Attempt 1/1: Trying with 'selenium_browser' strategy...
2026-02-01 14:33:59,383 - INFO - [Times of India] Page content loaded.
2026-02-01 14:33:59,768 - INFO - [Times of India] Success with 'selenium_browser'. Found content (585 words).
2026-02-01 14:33:59,777 - INFO - [The Hindu] Page content loaded.
2026-02-01 14:33:59,894 - INFO - Duplicate article skipped: ‘Long lost cave in New Zealand’ reveals million-year-old wildlife, extinct birds, and a Kākāpō ancestor | World News - The Times of India from Times of India
2026-02-01 14:33:59,956 - INFO - [The Hindu] Success with 'selenium_browser'. Found content (181 words).
2026-02-01 14:34:00,088 - INFO - Saved article: Fourth volume of book series on Raja Ravi Varma released - The Hindu from The Hindu
2026-02-01 14:34:00,652 - INFO - [Times of India] (Thread) Finished. Attempting to shut down its Selenium driver.
2026-02-01 14:34:00,843 - INFO - [Times of India] (Thread) driver.quit() successful.
2026-02-01 14:34:01,279 - INFO - [The Hindu] (Thread) Finished. Attempting to shut down its Selenium driver.
2026-02-01 14:34:01,447 - INFO - [The Hindu] (Thread) driver.quit() successful.
2026-02-01 14:34:01,447 - INFO - Shutting down thread pool (wait=False)...
2026-02-01 14:34:01,447 - INFO - Scraped: 10 The Hindu, 5 Times of India, 1 BBC, 1 The Guardian articles. (Total saved: 17)
2026-02-01 14:34:01,447 - INFO - --- Scraping job finished ---
2026-02-01 14:34:01,453 - INFO - --- Scraper service stopped and database connection closed. ---
2026-02-01 14:34:01,453 - INFO - --- Main thread finished. Forcing process exit to kill zombie threads. ---
