2026-01-23 12:59:54,893 - INFO - Initializing database connection at: news_articles.db
2026-01-23 12:59:54,894 - INFO - --- Scraper service started (CI Mode: Run Once) ---
2026-01-23 12:59:54,894 - INFO - --- Starting new scraping job (Parallel Mode) ---
2026-01-23 12:59:54,894 - INFO - Creating new robust session with 3 retries on 5xx/connection/read errors.
2026-01-23 12:59:54,894 - INFO - Proxy is DISABLED.
2026-01-23 12:59:54,894 - INFO - Starting scrape for BBC RSS feed: http://feeds.bbci.co.uk/news/world/rss.xml
2026-01-23 12:59:54,895 - INFO - [Times of India] (Thread) requires Selenium. Initializing driver...
2026-01-23 12:59:54,895 - INFO - Initializing headless Selenium Chrome driver (using SeleniumManager)...
2026-01-23 12:59:54,895 - INFO - Starting scrape for The Guardian RSS feed: https://www.theguardian.com/world/rss
2026-01-23 12:59:54,899 - INFO - [The Hindu] (Thread) requires Selenium. Initializing driver...
2026-01-23 12:59:54,899 - INFO - Initializing headless Selenium Chrome driver (using SeleniumManager)...
2026-01-23 12:59:54,899 - INFO - Submitted 4 jobs to thread pool. Waiting up to 300s for completion...
2026-01-23 12:59:55,125 - INFO - Found 44 articles in BBC RSS feed. Processing up to 10.
2026-01-23 12:59:55,125 - INFO - [BBC] Article: https://www.bbc.com/news/articles/czr444j671vo?at_medium=RSS&at_campaign=rss
2026-01-23 12:59:55,125 - INFO - [BBC] Attempt 1/1: Trying with 'requests_browser' strategy...
2026-01-23 12:59:55,155 - INFO - Found 45 articles in The Guardian RSS feed. Processing up to 10.
2026-01-23 12:59:55,155 - INFO - [The Guardian] Article: https://www.theguardian.com/world/2026/jan/23/guinea-bissau-hepatitis-b-vaccine-study
2026-01-23 12:59:55,155 - INFO - [The Guardian] Attempt 1/1: Trying with 'requests_browser' strategy...
2026-01-23 12:59:55,200 - INFO - [The Guardian] Success with 'requests_browser'. Found content (1044 words).
2026-01-23 12:59:55,250 - INFO - Saved article: ‘It’s the sovereignty of the country’: Guinea-Bissau says US vaccine study suspended | Guinea-Bissau | The Guardian from The Guardian
2026-01-23 12:59:55,400 - INFO - [BBC] Success with 'requests_browser'. Found content (1024 words).
2026-01-23 12:59:55,444 - INFO - Duplicate article skipped: Trump's claim Nato troops avoided Afghanistan front line sparks outrage in UK from BBC
2026-01-23 12:59:56,007 - INFO - [The Guardian] Article: https://www.theguardian.com/global-development/2026/jan/22/actionaid-rethink-child-sponsorship-decolonise-funding
2026-01-23 12:59:56,007 - INFO - [The Guardian] Attempt 1/1: Trying with 'requests_browser' strategy...
2026-01-23 12:59:56,149 - INFO - [The Guardian] Success with 'requests_browser'. Found content (688 words).
2026-01-23 12:59:56,184 - INFO - Duplicate article skipped: ActionAid to rethink child sponsorship as part of plan to ‘decolonise’ its work | Global development | The Guardian from The Guardian
2026-01-23 12:59:56,207 - INFO - [BBC] Article: https://www.bbc.com/news/articles/cx20011w4zzo?at_medium=RSS&at_campaign=rss
2026-01-23 12:59:56,207 - INFO - [BBC] Attempt 1/1: Trying with 'requests_browser' strategy...
2026-01-23 12:59:56,251 - INFO - [BBC] Success with 'requests_browser'. Found content (690 words).
2026-01-23 12:59:56,289 - INFO - Saved article: Russia, Ukraine and US to hold trilateral talks in Abu Dhabi from BBC
2026-01-23 12:59:57,260 - INFO - [BBC] Article: https://www.bbc.com/news/articles/c3r117w55q4o?at_medium=RSS&at_campaign=rss
2026-01-23 12:59:57,260 - INFO - [BBC] Attempt 1/1: Trying with 'requests_browser' strategy...
2026-01-23 12:59:57,304 - INFO - [BBC] Success with 'requests_browser'. Found content (1339 words).
2026-01-23 12:59:57,346 - INFO - Saved article: Yemen civil war: BBC sees UAE-run secret prisons from BBC
2026-01-23 12:59:57,467 - INFO - [The Guardian] Article: https://www.theguardian.com/us-news/2026/jan/20/us-diplomats-urged-to-remind-african-leaders-of-us-generosity-despite-usaid-closing
2026-01-23 12:59:57,467 - INFO - [The Guardian] Attempt 1/1: Trying with 'requests_browser' strategy...
2026-01-23 12:59:57,503 - INFO - [The Guardian] Success with 'requests_browser'. Found content (797 words).
2026-01-23 12:59:57,541 - INFO - Duplicate article skipped: Head of US Africa bureau urges staff to highlight US ‘generosity’ despite aid cuts | US foreign policy | The Guardian from The Guardian
2026-01-23 12:59:58,107 - INFO - [The Guardian] Article: https://www.theguardian.com/global-development/2026/jan/19/brazen-political-influence-rich-laid-bare-wealth-billionaires-inequality-poverty-instability-oxfam
2026-01-23 12:59:58,107 - INFO - [The Guardian] Attempt 1/1: Trying with 'requests_browser' strategy...
2026-01-23 12:59:58,142 - INFO - [The Guardian] Success with 'requests_browser'. Found content (639 words).
2026-01-23 12:59:58,189 - INFO - Duplicate article skipped: ‘Brazen’ political influence of rich laid bare as wealth of billionaires reaches $18.3tn, says Oxfam | Global development | The Guardian from The Guardian
2026-01-23 12:59:58,321 - INFO - [BBC] Article: https://www.bbc.com/news/articles/c0r44l05q52o?at_medium=RSS&at_campaign=rss
2026-01-23 12:59:58,321 - INFO - [BBC] Attempt 1/1: Trying with 'requests_browser' strategy...
2026-01-23 12:59:58,357 - INFO - [BBC] Success with 'requests_browser'. Found content (336 words).
2026-01-23 12:59:58,397 - INFO - Saved article: US braces for 'extremely dangerous' winter storm from BBC
2026-01-23 12:59:59,321 - INFO - [The Guardian] Article: https://www.theguardian.com/world/2026/jan/18/ugandas-president-calls-opponents-terrorists-in-victory-speech
2026-01-23 12:59:59,321 - INFO - [The Guardian] Attempt 1/1: Trying with 'requests_browser' strategy...
2026-01-23 12:59:59,510 - INFO - [The Guardian] Success with 'requests_browser'. Found content (533 words).
2026-01-23 12:59:59,554 - INFO - Duplicate article skipped: Uganda’s president calls opponents 'terrorists' in victory speech | Uganda | The Guardian from The Guardian
2026-01-23 12:59:59,825 - INFO - [BBC] Article: https://www.bbc.com/news/articles/cwy11485jeno?at_medium=RSS&at_campaign=rss
2026-01-23 12:59:59,825 - INFO - [BBC] Attempt 1/1: Trying with 'requests_browser' strategy...
2026-01-23 12:59:59,863 - INFO - [BBC] Success with 'requests_browser'. Found content (290 words).
2026-01-23 12:59:59,922 - INFO - Saved article: Pakistan: Gul Plaza fire death toll jumps to 67 from BBC
2026-01-23 13:00:00,155 - INFO - [The Guardian] Article: https://www.theguardian.com/world/2026/jan/23/venezuela-leaked-video-delcy-rodriguez-maduro
2026-01-23 13:00:00,156 - INFO - [The Guardian] Attempt 1/1: Trying with 'requests_browser' strategy...
2026-01-23 13:00:00,193 - INFO - [The Guardian] Success with 'requests_browser'. Found content (927 words).
2026-01-23 13:00:00,231 - INFO - Saved article: Leaked video shows Venezuela regime’s desperate struggle to control message | Venezuela | The Guardian from The Guardian
2026-01-23 13:00:01,142 - INFO - [The Guardian] Article: https://www.theguardian.com/us-news/2026/jan/22/trump-withdraws-invitation-canada
2026-01-23 13:00:01,143 - INFO - [The Guardian] Attempt 1/1: Trying with 'requests_browser' strategy...
2026-01-23 13:00:01,176 - INFO - [The Guardian] Success with 'requests_browser'. Found content (464 words).
2026-01-23 13:00:01,210 - INFO - Duplicate article skipped: Trump withdraws invitation for Canada to join his global ‘board of peace’ | Donald Trump | The Guardian from The Guardian
2026-01-23 13:00:01,292 - INFO - [BBC] Article: https://www.bbc.com/news/articles/cn7jjp8gl0jo?at_medium=RSS&at_campaign=rss
2026-01-23 13:00:01,292 - INFO - [BBC] Attempt 1/1: Trying with 'requests_browser' strategy...
2026-01-23 13:00:01,334 - INFO - [BBC] Success with 'requests_browser'. Found content (701 words).
2026-01-23 13:00:01,372 - INFO - Duplicate article skipped: Trump withdraws Canada's invite to join Board of Peace from BBC
2026-01-23 13:00:02,302 - INFO - [BBC] Article: https://www.bbc.com/news/articles/c1evv6dz3e9o?at_medium=RSS&at_campaign=rss
2026-01-23 13:00:02,302 - INFO - [BBC] Attempt 1/1: Trying with 'requests_browser' strategy...
2026-01-23 13:00:02,340 - INFO - [BBC] Success with 'requests_browser'. Found content (330 words).
2026-01-23 13:00:02,376 - INFO - Saved article: Khadija Ahmadzada: Female taekwondo teacher released, Taliban say from BBC
2026-01-23 13:00:02,699 - INFO - [The Guardian] Article: https://www.theguardian.com/us-news/2026/jan/22/house-war-powers-resolution-trump-military-venezuela
2026-01-23 13:00:02,699 - INFO - [The Guardian] Attempt 1/1: Trying with 'requests_browser' strategy...
2026-01-23 13:00:02,735 - INFO - [The Guardian] Success with 'requests_browser'. Found content (588 words).
2026-01-23 13:00:02,769 - INFO - Duplicate article skipped: House rejects resolution that would bar Trump from sending troops to Venezuela | House of Representatives | The Guardian from The Guardian
2026-01-23 13:00:03,827 - INFO - [BBC] Article: https://www.bbc.com/news/articles/cn8jj228g2vo?at_medium=RSS&at_campaign=rss
2026-01-23 13:00:03,827 - INFO - [BBC] Attempt 1/1: Trying with 'requests_browser' strategy...
2026-01-23 13:00:03,882 - INFO - [BBC] Success with 'requests_browser'. Found content (1593 words).
2026-01-23 13:00:03,924 - INFO - Duplicate article skipped: Board of Peace: Could Trump's bid to become peacemaker-in-chief sideline the struggling UN? from BBC
2026-01-23 13:00:04,108 - INFO - [The Guardian] Article: https://www.theguardian.com/world/2026/jan/22/carney-says-canada-must-be-a-beacon-to-a-world-thats-at-sea
2026-01-23 13:00:04,108 - INFO - [The Guardian] Attempt 1/1: Trying with 'requests_browser' strategy...
2026-01-23 13:00:04,144 - INFO - [The Guardian] Success with 'requests_browser'. Found content (503 words).
2026-01-23 13:00:04,184 - INFO - Duplicate article skipped: Mark Carney says Canada must ‘be a beacon to a world that’s at sea’ | Canada | The Guardian from The Guardian
2026-01-23 13:00:04,407 - INFO - Selenium driver initialized successfully.
2026-01-23 13:00:04,407 - INFO - Starting scrape for Times of India RSS feed: https://timesofindia.indiatimes.com/rssfeeds/296589292.cms
2026-01-23 13:00:04,408 - INFO - Selenium driver initialized successfully.
2026-01-23 13:00:04,408 - INFO - Starting scrape for The Hindu RSS feed: https://www.thehindu.com/news/national/feeder/default.rss
2026-01-23 13:00:04,585 - INFO - Found 100 articles in The Hindu RSS feed. Processing up to 10.
2026-01-23 13:00:04,585 - INFO - [The Hindu] Article: https://www.thehindu.com/news/national/tamil-nadu/tiruchi-based-businessman-muruganandam-appointed-rotary-international-vice-president/article70542651.ece
2026-01-23 13:00:04,585 - INFO - [The Hindu] Attempt 1/1: Trying with 'selenium_browser' strategy...
2026-01-23 13:00:04,618 - INFO - Found 20 articles in Times of India RSS feed. Processing up to 10.
2026-01-23 13:00:04,618 - INFO - [Times of India] Article: https://timesofindia.indiatimes.com/world/us/who-is-jigar-thakkar-the-indian-origin-engineer-now-leading-amazon-quick-suite/articleshow/127280720.cms
2026-01-23 13:00:04,618 - INFO - [Times of India] Attempt 1/1: Trying with 'selenium_browser' strategy...
2026-01-23 13:00:04,655 - INFO - [BBC] Article: https://www.bbc.com/news/articles/cp822g353y6o?at_medium=RSS&at_campaign=rss
2026-01-23 13:00:04,655 - INFO - [BBC] Attempt 1/1: Trying with 'requests_browser' strategy...
2026-01-23 13:00:04,698 - INFO - [BBC] Success with 'requests_browser'. Found content (570 words).
2026-01-23 13:00:04,738 - INFO - Saved article: Nelson Mandela's personal items can be sold after daughter wins South Africa court battle from BBC
2026-01-23 13:00:05,438 - INFO - [The Guardian] Article: https://www.theguardian.com/us-news/2026/jan/22/trump-board-peace-davos-un
2026-01-23 13:00:05,438 - INFO - [The Guardian] Attempt 1/1: Trying with 'requests_browser' strategy...
2026-01-23 13:00:05,441 - INFO - [BBC] Article: https://www.bbc.com/news/articles/c2d77rr51rko?at_medium=RSS&at_campaign=rss
2026-01-23 13:00:05,441 - INFO - [BBC] Attempt 1/1: Trying with 'requests_browser' strategy...
2026-01-23 13:00:05,487 - INFO - [The Guardian] Success with 'requests_browser'. Found content (565 words).
2026-01-23 13:00:05,552 - INFO - Duplicate article skipped: Davos onlookers notice Trump’s ‘board of peace’ logo resembles UN emblem | Donald Trump | The Guardian from The Guardian
2026-01-23 13:00:05,571 - INFO - [BBC] Success with 'requests_browser'. Found content (1098 words).
2026-01-23 13:00:05,653 - INFO - Saved article: Dozens of sanctioned Russian tankers navigate Channel despite UK vow of 'assertive' action from BBC
2026-01-23 13:00:08,665 - INFO - [The Hindu] Page content loaded.
2026-01-23 13:00:09,025 - WARNING - [The Hindu] FAILED with 'selenium_browser' (content was too short: 66 words).
2026-01-23 13:00:09,025 - ERROR - [The Hindu] All scrape strategies failed for https://www.thehindu.com/news/national/tamil-nadu/tiruchi-based-businessman-muruganandam-appointed-rotary-international-vice-president/article70542651.ece. Falling back to RSS description.
2026-01-23 13:00:09,030 - INFO - Saved article: Tiruchi-based businessman Muruganandam appointed Rotary International Vice President from The Hindu
2026-01-23 13:00:10,126 - INFO - [The Hindu] Article: https://www.thehindu.com/news/national/tamil-nadu/trade-unions-farmers-call-for-strike-on-february-12/article70542522.ece
2026-01-23 13:00:10,126 - INFO - [The Hindu] Attempt 1/1: Trying with 'selenium_browser' strategy...
2026-01-23 13:00:16,322 - INFO - [Times of India] Page content loaded.
2026-01-23 13:00:16,566 - INFO - [Times of India] Success with 'selenium_browser'. Found content (421 words).
2026-01-23 13:00:16,734 - INFO - Saved article: Who is Jigar Thakkar? The Indian-origin engineer now leading Amazon Quick Suite | World News - The Times of India from Times of India
2026-01-23 13:00:17,322 - INFO - [Times of India] Article: https://timesofindia.indiatimes.com/world/us/trump-teases-another-run-for-president-what-does-he-mean-by-a-fourth-term/articleshow/127271856.cms
2026-01-23 13:00:17,322 - INFO - [Times of India] Attempt 1/1: Trying with 'selenium_browser' strategy...
2026-01-23 13:00:19,332 - INFO - [Times of India] Page content loaded.
2026-01-23 13:00:19,870 - INFO - [Times of India] Success with 'selenium_browser'. Found content (716 words).
2026-01-23 13:00:19,996 - INFO - Saved article: Trump teases another run for president — what does he mean by a ‘fourth’ term? - The Times of India from Times of India
2026-01-23 13:00:20,651 - INFO - [The Hindu] Page content loaded.
2026-01-23 13:00:20,766 - INFO - [Times of India] Article: https://timesofindia.indiatimes.com/world/us/uk-author-claims-article5-triggered-for-us-after-trumps-nato-remarks-was-it-invoked-after-9/11/articleshow/127264819.cms
2026-01-23 13:00:20,766 - INFO - [Times of India] Attempt 1/1: Trying with 'selenium_browser' strategy...
2026-01-23 13:00:20,787 - INFO - [The Hindu] Success with 'selenium_browser'. Found content (264 words).
2026-01-23 13:00:20,919 - INFO - Saved article: Trade unions, farmers call for strike on February 12 - The Hindu from The Hindu
2026-01-23 13:00:22,369 - INFO - [The Hindu] Article: https://www.thehindu.com/news/national/karnataka/congress-bjp-continue-to-trade-charges-on-ruckus-during-karnataka-governors-address/article70542294.ece
2026-01-23 13:00:22,369 - INFO - [The Hindu] Attempt 1/1: Trying with 'selenium_browser' strategy...
2026-01-23 13:00:22,990 - INFO - [Times of India] Page content loaded.
2026-01-23 13:00:23,266 - INFO - [Times of India] Success with 'selenium_browser'. Found content (547 words).
2026-01-23 13:00:23,349 - INFO - Saved article: UK author claims 'Article5 triggered for US' after Trump's Nato remarks— was it invoked after 9/11? - The Times of India from Times of India
2026-01-23 13:00:23,763 - INFO - [The Hindu] Page content loaded.
2026-01-23 13:00:23,909 - INFO - [The Hindu] Success with 'selenium_browser'. Found content (530 words).
2026-01-23 13:00:24,054 - INFO - Saved article: Congress, BJP continue to trade charges on ruckus during Karnataka Governor’s address - The Hindu from The Hindu
2026-01-23 13:00:24,129 - INFO - [Times of India] Article: https://timesofindia.indiatimes.com/world/pakistan/fascism-at-its-peak-pakistan-cops-arrest-lawyers-over-anti-army-protests-bar-bodies-announce-strikes/articleshow/127277752.cms
2026-01-23 13:00:24,129 - INFO - [Times of India] Attempt 1/1: Trying with 'selenium_browser' strategy...
2026-01-23 13:00:25,073 - INFO - [The Hindu] Article: https://www.thehindu.com/news/national/uttar-pradesh/cough-syrup-smuggling-up-police-attaches-assets-worth-285-crore-of-key-accused/article70542511.ece
2026-01-23 13:00:25,073 - INFO - [The Hindu] Attempt 1/1: Trying with 'selenium_browser' strategy...
2026-01-23 13:00:26,293 - INFO - [Times of India] Page content loaded.
2026-01-23 13:00:26,469 - INFO - [Times of India] Success with 'selenium_browser'. Found content (668 words).
2026-01-23 13:00:26,581 - INFO - Saved article: 'Fascism at its peak': Pakistan cops arrest lawyers over anti-army protests; bar bodies announce strikes - The Times of India from Times of India
2026-01-23 13:00:27,024 - INFO - [The Hindu] Page content loaded.
2026-01-23 13:00:27,266 - INFO - [The Hindu] Success with 'selenium_browser'. Found content (402 words).
2026-01-23 13:00:27,357 - INFO - Saved article: Cough syrup smuggling: U.P. Police attaches assets worth ₹28.5 crore of key accused - The Hindu from The Hindu
2026-01-23 13:00:27,596 - INFO - [Times of India] Article: https://timesofindia.indiatimes.com/world/us-streamers/fact-check-was-ishowspeed-assaulted-and-robbed-in-nigeria-during-his-african-tour/articleshow/127244078.cms
2026-01-23 13:00:27,596 - INFO - [Times of India] Attempt 1/1: Trying with 'selenium_browser' strategy...
2026-01-23 13:00:28,851 - INFO - [The Hindu] Article: https://www.thehindu.com/news/cities/bangalore/india-to-become-third-largest-space-tech-economy-by-2030-report/article70542388.ece
2026-01-23 13:00:28,851 - INFO - [The Hindu] Attempt 1/1: Trying with 'selenium_browser' strategy...
2026-01-23 13:00:29,527 - INFO - [Times of India] Page content loaded.
2026-01-23 13:00:29,784 - INFO - [Times of India] Success with 'selenium_browser'. Found content (368 words).
2026-01-23 13:00:29,906 - INFO - Saved article: Fact check: Was IShowSpeed assaulted and robbed in Nigeria during his African tour? - The Times of India from Times of India
2026-01-23 13:00:30,442 - INFO - [The Hindu] Page content loaded.
2026-01-23 13:00:30,711 - INFO - [The Hindu] Success with 'selenium_browser'. Found content (479 words).
2026-01-23 13:00:30,917 - INFO - Saved article: India to become third largest space-tech economy by 2030: Report - The Hindu from The Hindu
2026-01-23 13:00:31,289 - INFO - [Times of India] Article: https://timesofindia.indiatimes.com/world/us-streamers/candace-owens-shares-alleged-threatening-messages-sent-to-charlie-kirk-and-questions-erika-kirks-leadership-after-his-murder/articleshow/127239229.cms
2026-01-23 13:00:31,289 - INFO - [Times of India] Attempt 1/1: Trying with 'selenium_browser' strategy...
2026-01-23 13:00:31,679 - INFO - [The Hindu] Article: https://www.thehindu.com/news/national/tamil-nadu/dmk-sharpens-women-centric-pitch-with-booth-level-mobilisation-plan/article70542272.ece
2026-01-23 13:00:31,679 - INFO - [The Hindu] Attempt 1/1: Trying with 'selenium_browser' strategy...
2026-01-23 13:00:36,054 - INFO - [The Hindu] Page content loaded.
2026-01-23 13:00:36,250 - INFO - [The Hindu] Success with 'selenium_browser'. Found content (584 words).
2026-01-23 13:00:36,423 - INFO - Saved article: DMK sharpens women-centric pitch with booth-level mobilisation plan - The Hindu from The Hindu
2026-01-23 13:00:37,365 - INFO - [The Hindu] Article: https://www.thehindu.com/news/national/tamil-nadu/zoho-launches-resource-planning-software/article70542412.ece
2026-01-23 13:00:37,366 - INFO - [The Hindu] Attempt 1/1: Trying with 'selenium_browser' strategy...
2026-01-23 13:00:40,414 - INFO - [Times of India] Page content loaded.
2026-01-23 13:00:40,696 - INFO - [Times of India] Success with 'selenium_browser'. Found content (373 words).
2026-01-23 13:00:40,812 - INFO - Saved article: Candace Owens shares alleged threatening messages sent to Charlie Kirk and questions Erika Kirk’s leadership after his murder - The Times of India from Times of India
2026-01-23 13:00:40,947 - INFO - [The Hindu] Page content loaded.
2026-01-23 13:00:41,012 - INFO - [The Hindu] Success with 'selenium_browser'. Found content (201 words).
2026-01-23 13:00:41,133 - INFO - Saved article: Zoho launches resource planning software - The Hindu from The Hindu
2026-01-23 13:00:41,994 - INFO - [The Hindu] Article: https://www.thehindu.com/news/national/kerala/illegal-sand-mining-police-step-up-surveillance-along-banks-of-chaliyar-river/article70542257.ece
2026-01-23 13:00:41,994 - INFO - [The Hindu] Attempt 1/1: Trying with 'selenium_browser' strategy...
2026-01-23 13:00:42,050 - INFO - [Times of India] Article: https://timesofindia.indiatimes.com/world/europe/ahead-of-russia-ukraine-us-talks-kremlin-lays-down-very-important-condition-what-is-it-donbas/articleshow/127270861.cms
2026-01-23 13:00:42,050 - INFO - [Times of India] Attempt 1/1: Trying with 'selenium_browser' strategy...
2026-01-23 13:00:44,214 - INFO - [Times of India] Page content loaded.
2026-01-23 13:00:44,402 - INFO - [Times of India] Success with 'selenium_browser'. Found content (422 words).
2026-01-23 13:00:44,509 - INFO - Saved article: Ahead of Russia-Ukraine-US talks: Kremlin lays down ‘very important condition’ — what is it - The Times of India from Times of India
2026-01-23 13:00:44,864 - INFO - [The Hindu] Page content loaded.
2026-01-23 13:00:44,921 - INFO - [The Hindu] Success with 'selenium_browser'. Found content (384 words).
2026-01-23 13:00:45,027 - INFO - Saved article: Illegal sand mining: Police step up surveillance along banks of Chaliyar river - The Hindu from The Hindu
2026-01-23 13:00:45,921 - INFO - [Times of India] Article: https://timesofindia.indiatimes.com/world/middle-east/one-man-1000-dependents-how-a-dead-mans-identity-fueled-kuwaits-biggest-citizenship-scam/articleshow/127269800.cms
2026-01-23 13:00:45,922 - INFO - [Times of India] Attempt 1/1: Trying with 'selenium_browser' strategy...
2026-01-23 13:00:46,426 - INFO - [The Hindu] Article: https://www.thehindu.com/news/national/west-bengal/110-dead-due-to-sir-in-bengal-says-mamata-blames-ec-and-centre/article70542245.ece
2026-01-23 13:00:46,427 - INFO - [The Hindu] Attempt 1/1: Trying with 'selenium_browser' strategy...
2026-01-23 13:00:49,329 - INFO - [The Hindu] Page content loaded.
2026-01-23 13:00:49,562 - INFO - [The Hindu] Success with 'selenium_browser'. Found content (397 words).
2026-01-23 13:00:49,687 - INFO - Saved article: 110 dead due to SIR in Bengal, says Mamata, blames EC and Centre - The Hindu from The Hindu
2026-01-23 13:00:50,028 - INFO - [Times of India] Page content loaded.
2026-01-23 13:00:50,257 - INFO - [Times of India] Success with 'selenium_browser'. Found content (510 words).
2026-01-23 13:00:50,396 - INFO - Saved article: One man, 1,000 dependents: How a dead man’s identity fueled Kuwait’s biggest citizenship scam | World News - The Times of India from Times of India
2026-01-23 13:00:51,025 - INFO - [The Hindu] Article: https://www.thehindu.com/news/national/cash-for-query-lokpal-gets-more-time-to-decide-on-sanction-to-file-chargesheet-against-mahua-moitra/article70542368.ece
2026-01-23 13:00:51,025 - INFO - [The Hindu] Attempt 1/1: Trying with 'selenium_browser' strategy...
2026-01-23 13:00:51,801 - INFO - [Times of India] Article: https://timesofindia.indiatimes.com/world/us/how-driving-a-uber-in-trumps-america-changed-a-former-journalists-views-on-immigration/articleshow/127265099.cms
2026-01-23 13:00:51,801 - INFO - [Times of India] Attempt 1/1: Trying with 'selenium_browser' strategy...
2026-01-23 13:00:52,277 - INFO - [The Hindu] Page content loaded.
2026-01-23 13:00:52,492 - INFO - [The Hindu] Success with 'selenium_browser'. Found content (402 words).
2026-01-23 13:00:52,579 - INFO - Saved article: Cash-for-query: Lokpal gets more time to decide on sanction to file chargesheet against Mahua Moitra - The Hindu from The Hindu
2026-01-23 13:00:53,217 - INFO - [Times of India] Page content loaded.
2026-01-23 13:00:53,423 - INFO - [Times of India] Success with 'selenium_browser'. Found content (768 words).
2026-01-23 13:00:53,529 - INFO - Duplicate article skipped: How driving a Uber in Trump's America changed a former journalist's views on immigration | World News - The Times of India from Times of India
2026-01-23 13:00:53,549 - INFO - [The Hindu] (Thread) Finished. Attempting to shut down its Selenium driver.
2026-01-23 13:00:53,738 - INFO - [The Hindu] (Thread) driver.quit() successful.
2026-01-23 13:00:54,667 - INFO - [Times of India] Article: https://timesofindia.indiatimes.com/world/middle-east/saudi-arabia-rolls-out-nitaqat-2-0-targeting-340000-private-sector-jobs-over-three-years/articleshow/127246550.cms
2026-01-23 13:00:54,667 - INFO - [Times of India] Attempt 1/1: Trying with 'selenium_browser' strategy...
2026-01-23 13:00:55,621 - INFO - [Times of India] Page content loaded.
2026-01-23 13:00:55,726 - INFO - [Times of India] Success with 'selenium_browser'. Found content (482 words).
2026-01-23 13:00:55,776 - INFO - Duplicate article skipped: Saudi Arabia rolls out Nitaqat 2.0, targeting 340,000 private sector jobs over three years | World News - The Times of India from Times of India
2026-01-23 13:00:57,012 - INFO - [Times of India] (Thread) Finished. Attempting to shut down its Selenium driver.
2026-01-23 13:00:57,288 - INFO - [Times of India] (Thread) driver.quit() successful.
2026-01-23 13:00:57,288 - INFO - Shutting down thread pool (wait=False)...
2026-01-23 13:00:57,288 - INFO - Scraped: 7 BBC, 8 Times of India, 2 The Guardian, 10 The Hindu articles. (Total saved: 27)
2026-01-23 13:00:57,288 - INFO - --- Scraping job finished ---
2026-01-23 13:00:57,296 - INFO - --- Scraper service stopped and database connection closed. ---
2026-01-23 13:00:57,296 - INFO - --- Main thread finished. Forcing process exit to kill zombie threads. ---
