2025-12-05 02:00:30,758 - INFO - Initializing database connection at: news_articles.db
2025-12-05 02:00:30,759 - INFO - --- Scraper service started (CI Mode: Run Once) ---
2025-12-05 02:00:30,759 - INFO - --- Starting new scraping job (Parallel Mode) ---
2025-12-05 02:00:30,759 - INFO - Creating new robust session with 3 retries on 5xx/connection/read errors.
2025-12-05 02:00:30,759 - INFO - Proxy is DISABLED.
2025-12-05 02:00:30,759 - INFO - Starting scrape for BBC RSS feed: http://feeds.bbci.co.uk/news/world/rss.xml
2025-12-05 02:00:30,760 - INFO - [Times of India] (Thread) requires Selenium. Initializing driver...
2025-12-05 02:00:30,760 - INFO - Initializing headless Selenium Chrome driver (using SeleniumManager)...
2025-12-05 02:00:30,760 - INFO - Starting scrape for The Guardian RSS feed: https://www.theguardian.com/world/rss
2025-12-05 02:00:30,760 - INFO - [The Hindu] (Thread) requires Selenium. Initializing driver...
2025-12-05 02:00:30,760 - INFO - Initializing headless Selenium Chrome driver (using SeleniumManager)...
2025-12-05 02:00:30,760 - INFO - Submitted 4 jobs to thread pool. Waiting up to 300s for completion...
2025-12-05 02:00:30,875 - INFO - Found 45 articles in The Guardian RSS feed. Processing up to 10.
2025-12-05 02:00:30,875 - INFO - [The Guardian] Article: https://www.theguardian.com/world/2025/dec/04/us-eu-critical-minerals-project-drc-report-lobito-corridor
2025-12-05 02:00:30,875 - INFO - [The Guardian] Attempt 1/1: Trying with 'requests_browser' strategy...
2025-12-05 02:00:30,981 - INFO - [The Guardian] Success with 'requests_browser'. Found content (813 words).
2025-12-05 02:00:31,017 - INFO - Duplicate article skipped: US and EU critical minerals project could displace thousands in DRC – report | Democratic Republic of the Congo | The Guardian from The Guardian
2025-12-05 02:00:31,210 - INFO - Found 48 articles in BBC RSS feed. Processing up to 10.
2025-12-05 02:00:31,211 - INFO - [BBC] Article: https://www.bbc.com/news/articles/cgexgwr1wrro?at_medium=RSS&at_campaign=rss
2025-12-05 02:00:31,211 - INFO - [BBC] Attempt 1/1: Trying with 'requests_browser' strategy...
2025-12-05 02:00:31,372 - INFO - [BBC] Success with 'requests_browser'. Found content (809 words).
2025-12-05 02:00:31,407 - INFO - Duplicate article skipped: Putin says Russia will take Donbas by force or Ukraine's troops will withdraw from BBC
2025-12-05 02:00:31,933 - INFO - [The Guardian] Article: https://www.theguardian.com/global-development/2025/dec/04/aid-cuts-africa-uganda-stops-refugee-status-eritreans-somalis-ethiopians
2025-12-05 02:00:31,933 - INFO - [The Guardian] Attempt 1/1: Trying with 'requests_browser' strategy...
2025-12-05 02:00:31,982 - INFO - [The Guardian] Success with 'requests_browser'. Found content (587 words).
2025-12-05 02:00:32,018 - INFO - Duplicate article skipped: Uganda stops granting refugee status for Eritreans, Somalis and Ethiopians | Global development | The Guardian from The Guardian
2025-12-05 02:00:32,728 - INFO - [BBC] Article: https://www.bbc.com/news/articles/cj4q2vpggr9o?at_medium=RSS&at_campaign=rss
2025-12-05 02:00:32,728 - INFO - [BBC] Attempt 1/1: Trying with 'requests_browser' strategy...
2025-12-05 02:00:32,765 - INFO - [BBC] Success with 'requests_browser'. Found content (1436 words).
2025-12-05 02:00:32,803 - INFO - Duplicate article skipped: India-Russia: Why Putin and Modi are meeting in Delhi from BBC
2025-12-05 02:00:33,283 - INFO - [The Guardian] Article: https://www.theguardian.com/artanddesign/2025/dec/04/ibrahim-mahama-ghana-tops-artreview-power-list
2025-12-05 02:00:33,283 - INFO - [The Guardian] Attempt 1/1: Trying with 'requests_browser' strategy...
2025-12-05 02:00:33,314 - INFO - [The Guardian] Success with 'requests_browser'. Found content (604 words).
2025-12-05 02:00:33,348 - INFO - Duplicate article skipped: Ghana’s Ibrahim Mahama first African to top annual art power list | Art | The Guardian from The Guardian
2025-12-05 02:00:34,157 - INFO - [BBC] Article: https://www.bbc.com/news/articles/cde6d8wyp79o?at_medium=RSS&at_campaign=rss
2025-12-05 02:00:34,157 - INFO - [BBC] Attempt 1/1: Trying with 'requests_browser' strategy...
2025-12-05 02:00:34,195 - INFO - [BBC] Success with 'requests_browser'. Found content (813 words).
2025-12-05 02:00:34,231 - INFO - Duplicate article skipped: Ireland among countries boycotting Eurovision after Israel allowed to compete from BBC
2025-12-05 02:00:34,724 - INFO - [The Guardian] Article: https://www.theguardian.com/uk-news/2025/dec/03/british-troops-accused-of-human-rights-violations-environmental-destruction-and-sexual-abuse-in-kenya
2025-12-05 02:00:34,724 - INFO - [The Guardian] Attempt 1/1: Trying with 'requests_browser' strategy...
2025-12-05 02:00:34,830 - INFO - [The Guardian] Success with 'requests_browser'. Found content (772 words).
2025-12-05 02:00:34,876 - INFO - Duplicate article skipped: British troops accused of human rights violations and sexual abuse in Kenya | British army | The Guardian from The Guardian
2025-12-05 02:00:35,037 - INFO - [BBC] Article: https://www.bbc.com/news/articles/cz0nd088e09o?at_medium=RSS&at_campaign=rss
2025-12-05 02:00:35,037 - INFO - [BBC] Attempt 1/1: Trying with 'requests_browser' strategy...
2025-12-05 02:00:35,073 - INFO - [BBC] Success with 'requests_browser'. Found content (555 words).
2025-12-05 02:00:35,109 - INFO - Duplicate article skipped: Yasser Abu Shabab: Anti-Hamas militia leader killed in Gaza from BBC
2025-12-05 02:00:35,687 - INFO - [The Guardian] Article: https://www.theguardian.com/global-development/2025/dec/03/whistleblower-accuses-foreign-office-of-censoring-warning-of-sudan-genocide
2025-12-05 02:00:35,687 - INFO - [The Guardian] Attempt 1/1: Trying with 'requests_browser' strategy...
2025-12-05 02:00:35,799 - INFO - [The Guardian] Success with 'requests_browser'. Found content (1465 words).
2025-12-05 02:00:35,866 - INFO - [BBC] Article: https://www.bbc.com/news/articles/c4gk7gz3d1eo?at_medium=RSS&at_campaign=rss
2025-12-05 02:00:35,871 - INFO - [BBC] Attempt 1/1: Trying with 'requests_browser' strategy...
2025-12-05 02:00:35,873 - INFO - Duplicate article skipped: Whistleblower accuses Foreign Office of ‘censoring’ warning of Sudan genocide | Global development | The Guardian from The Guardian
2025-12-05 02:00:35,898 - INFO - [BBC] Success with 'requests_browser'. Found content (757 words).
2025-12-05 02:00:35,934 - INFO - Duplicate article skipped: 'All Israeli people are with us', say parents of last dead hostage in Gaza from BBC
2025-12-05 02:00:37,133 - INFO - [The Guardian] Article: https://www.theguardian.com/us-news/2025/dec/04/video-second-boat-strike-military-caribbean
2025-12-05 02:00:37,133 - INFO - [The Guardian] Attempt 1/1: Trying with 'requests_browser' strategy...
2025-12-05 02:00:37,167 - INFO - [BBC] Article: https://www.bbc.com/news/articles/cjrjn88jqn4o?at_medium=RSS&at_campaign=rss
2025-12-05 02:00:37,167 - INFO - [BBC] Attempt 1/1: Trying with 'requests_browser' strategy...
2025-12-05 02:00:37,228 - INFO - [The Guardian] Success with 'requests_browser'. Found content (1288 words).
2025-12-05 02:00:37,264 - INFO - Duplicate article skipped: Experts urge release of boat strike video as US admiral denies ‘kill them all’ order | US military | The Guardian from The Guardian
2025-12-05 02:00:37,271 - INFO - [BBC] Success with 'requests_browser'. Found content (1048 words).
2025-12-05 02:00:37,313 - INFO - Duplicate article skipped: Trump hosts signing of peace deal between leaders of DR Congo and Rwanda from BBC
2025-12-05 02:00:37,918 - INFO - [The Guardian] Article: https://www.theguardian.com/us-news/2025/dec/04/student-describes-horror-show-ice-deportation-to-honduras-at-thanksgiving
2025-12-05 02:00:37,918 - INFO - [The Guardian] Attempt 1/1: Trying with 'requests_browser' strategy...
2025-12-05 02:00:37,955 - INFO - [The Guardian] Success with 'requests_browser'. Found content (1024 words).
2025-12-05 02:00:38,006 - INFO - Duplicate article skipped: Student describes ‘horror show’ ICE deportation to Honduras at Thanksgiving | ICE (US Immigration and Customs Enforcement) | The Guardian from The Guardian
2025-12-05 02:00:38,503 - INFO - [BBC] Article: https://www.bbc.com/news/articles/c62d8v6jpwzo?at_medium=RSS&at_campaign=rss
2025-12-05 02:00:38,503 - INFO - [BBC] Attempt 1/1: Trying with 'requests_browser' strategy...
2025-12-05 02:00:38,544 - INFO - [BBC] Success with 'requests_browser'. Found content (700 words).
2025-12-05 02:00:38,580 - INFO - Duplicate article skipped: Police arrest suspect in DC pipe bomb incident, ending years-long manhunt from BBC
2025-12-05 02:00:39,078 - INFO - [The Guardian] Article: https://www.theguardian.com/us-news/2025/dec/04/venezuela-boat-strikes-legality-hegseth
2025-12-05 02:00:39,078 - INFO - [The Guardian] Attempt 1/1: Trying with 'requests_browser' strategy...
2025-12-05 02:00:39,123 - INFO - [The Guardian] Success with 'requests_browser'. Found content (1449 words).
2025-12-05 02:00:39,135 - INFO - [BBC] Article: https://www.bbc.com/news/articles/c157n1g977go?at_medium=RSS&at_campaign=rss
2025-12-05 02:00:39,135 - INFO - [BBC] Attempt 1/1: Trying with 'requests_browser' strategy...
2025-12-05 02:00:39,161 - INFO - Duplicate article skipped: Killing of survivors sparks outrage – but entire US ‘drug boat’ war is legally shaky | US military | The Guardian from The Guardian
2025-12-05 02:00:39,204 - INFO - [BBC] Success with 'requests_browser'. Found content (1110 words).
2025-12-05 02:00:39,242 - INFO - Duplicate article skipped: 'Like first aid for manuscripts': Recovery work begins at Gaza's war-damaged heritage sites from BBC
2025-12-05 02:00:40,021 - INFO - [BBC] Article: https://www.bbc.com/news/articles/cwyxjd6pxzro?at_medium=RSS&at_campaign=rss
2025-12-05 02:00:40,021 - INFO - [BBC] Attempt 1/1: Trying with 'requests_browser' strategy...
2025-12-05 02:00:40,071 - INFO - [BBC] Success with 'requests_browser'. Found content (1072 words).
2025-12-05 02:00:40,121 - INFO - Saved article: Admiral testified Pete Hegseth did not give 'kill them all' order, US lawmakers say from BBC
2025-12-05 02:00:40,331 - INFO - [The Guardian] Article: https://www.theguardian.com/us-news/2025/dec/03/epstein-caribbean-island-new-photo-video-release
2025-12-05 02:00:40,331 - INFO - [The Guardian] Attempt 1/1: Trying with 'requests_browser' strategy...
2025-12-05 02:00:40,441 - INFO - [The Guardian] Success with 'requests_browser'. Found content (373 words).
2025-12-05 02:00:40,482 - INFO - Duplicate article skipped: House Democrats release new images of Epstein’s private Caribbean island | Jeffrey Epstein | The Guardian from The Guardian
2025-12-05 02:00:40,779 - INFO - Selenium driver initialized successfully.
2025-12-05 02:00:40,779 - INFO - Starting scrape for Times of India RSS feed: https://timesofindia.indiatimes.com/rssfeeds/296589292.cms
2025-12-05 02:00:40,780 - INFO - Selenium driver initialized successfully.
2025-12-05 02:00:40,780 - INFO - Starting scrape for The Hindu RSS feed: https://www.thehindu.com/news/national/feeder/default.rss
2025-12-05 02:00:40,957 - INFO - Found 100 articles in The Hindu RSS feed. Processing up to 10.
2025-12-05 02:00:40,957 - INFO - [The Hindu] Article: https://www.thehindu.com/news/national/uttar-pradesh/opposition-slams-lucknow-mayor-for-her-visit-to-slums-to-identify-illegal-immigrants/article70358254.ece
2025-12-05 02:00:40,957 - INFO - [The Hindu] Attempt 1/1: Trying with 'selenium_browser' strategy...
2025-12-05 02:00:40,978 - INFO - [BBC] Article: https://www.bbc.com/news/articles/c62n6y9yd70o?at_medium=RSS&at_campaign=rss
2025-12-05 02:00:40,978 - INFO - [BBC] Attempt 1/1: Trying with 'requests_browser' strategy...
2025-12-05 02:00:41,025 - INFO - [The Guardian] Article: https://www.theguardian.com/world/2025/dec/03/colombia-trump-warning-military-threat
2025-12-05 02:00:41,025 - INFO - [The Guardian] Attempt 1/1: Trying with 'requests_browser' strategy...
2025-12-05 02:00:41,053 - INFO - [BBC] Success with 'requests_browser'. Found content (475 words).
2025-12-05 02:00:41,087 - INFO - Duplicate article skipped: Israel strikes south Lebanon after first direct talks in decades from BBC
2025-12-05 02:00:41,128 - INFO - [The Guardian] Success with 'requests_browser'. Found content (612 words).
2025-12-05 02:00:41,166 - INFO - Duplicate article skipped: Colombia’s president warns Trump: ‘Do not wake the jaguar’ with threats of military strikes | Colombia | The Guardian from The Guardian
2025-12-05 02:00:41,206 - INFO - Found 20 articles in Times of India RSS feed. Processing up to 10.
2025-12-05 02:00:41,206 - INFO - [Times of India] Article: https://timesofindia.indiatimes.com/world/us/us-strikes-pacific-four-killed-in-blitz-on-alleged-narco-terror-boat-watch/articleshow/125778482.cms
2025-12-05 02:00:41,206 - INFO - [Times of India] Attempt 1/1: Trying with 'selenium_browser' strategy...
2025-12-05 02:00:50,277 - INFO - [The Hindu] Page content loaded.
2025-12-05 02:00:50,438 - INFO - [The Hindu] Success with 'selenium_browser'. Found content (507 words).
2025-12-05 02:00:50,617 - INFO - Saved article: Opposition slams Lucknow mayor for her visit to slums to identify ‘illegal immigrants’ - The Hindu from The Hindu
2025-12-05 02:00:51,336 - INFO - [The Hindu] Article: https://www.thehindu.com/news/national/karnataka/healthy-collaboration-and-competition-among-states-will-help-build-a-strong-and-diversified-space-industry/article70354235.ece
2025-12-05 02:00:51,336 - INFO - [The Hindu] Attempt 1/1: Trying with 'selenium_browser' strategy...
2025-12-05 02:00:52,895 - INFO - [The Hindu] Page content loaded.
2025-12-05 02:00:52,998 - INFO - [The Hindu] Success with 'selenium_browser'. Found content (381 words).
2025-12-05 02:00:53,100 - INFO - Saved article: ‘Healthy competition among States will help build a strong and diversified space industry’ - The Hindu from The Hindu
2025-12-05 02:00:54,436 - INFO - [The Hindu] Article: https://www.thehindu.com/news/national/karnataka/can-karnataka-retain-its-numero-uno-tag-as-indias-top-destination-for-space/article70353692.ece
2025-12-05 02:00:54,436 - INFO - [The Hindu] Attempt 1/1: Trying with 'selenium_browser' strategy...
2025-12-05 02:00:55,738 - INFO - [The Hindu] Page content loaded.
2025-12-05 02:00:55,839 - INFO - [The Hindu] Success with 'selenium_browser'. Found content (1458 words).
2025-12-05 02:00:55,957 - INFO - Saved article: Can Karnataka retain tag of India’s top destination for space? - The Hindu from The Hindu
2025-12-05 02:00:56,494 - INFO - [The Hindu] Article: https://www.thehindu.com/sci-tech/energy-and-environment/green-humour-cartoon-rohan-chakravarty-nicobar-environmental-issues-development-cost/article70348591.ece
2025-12-05 02:00:56,494 - INFO - [The Hindu] Attempt 1/1: Trying with 'selenium_browser' strategy...
2025-12-05 02:00:57,899 - INFO - [The Hindu] Page content loaded.
2025-12-05 02:00:57,971 - WARNING - [The Hindu] FAILED with 'selenium_browser' (content was too short: 37 words).
2025-12-05 02:00:57,971 - ERROR - [The Hindu] All scrape strategies failed for https://www.thehindu.com/sci-tech/energy-and-environment/green-humour-cartoon-rohan-chakravarty-nicobar-environmental-issues-development-cost/article70348591.ece. Falling back to RSS description.
2025-12-05 02:00:57,976 - INFO - Saved article: Environmental concerns in Nicobar | Green Humour by Rohan Chakravarty from The Hindu
2025-12-05 02:00:59,332 - INFO - [The Hindu] Article: https://www.thehindu.com/books/book-review-the-eleventh-hour-author-salman-rushdieshort-stories-mumbai-2022-attack/article70338315.ece
2025-12-05 02:00:59,332 - INFO - [The Hindu] Attempt 1/1: Trying with 'selenium_browser' strategy...
2025-12-05 02:01:01,671 - INFO - [The Hindu] Page content loaded.
2025-12-05 02:01:01,757 - INFO - [The Hindu] Success with 'selenium_browser'. Found content (916 words).
2025-12-05 02:01:01,838 - INFO - Saved article: Salman Rushdie and his magic space | Review of The Eleventh Hour - The Hindu from The Hindu
2025-12-05 02:01:03,247 - INFO - [The Hindu] Article: https://www.thehindu.com/sci-tech/energy-and-environment/world-soil-day-grassland-soils-not-trees-anchor-indias-climate-resilience/article70356791.ece
2025-12-05 02:01:03,247 - INFO - [The Hindu] Attempt 1/1: Trying with 'selenium_browser' strategy...
2025-12-05 02:01:04,167 - INFO - [The Hindu] Page content loaded.
2025-12-05 02:01:04,271 - INFO - [The Hindu] Success with 'selenium_browser'. Found content (1019 words).
2025-12-05 02:01:04,377 - INFO - Saved article: World Soil Day: Grassland soils, not trees, anchor India’s climate resilience - The Hindu from The Hindu
2025-12-05 02:01:05,246 - INFO - [The Hindu] Article: https://www.thehindu.com/sci-tech/health/from-robotic-surgery-to-radiation-beams-understanding-precision-healing-in-oncology/article70352474.ece
2025-12-05 02:01:05,246 - INFO - [The Hindu] Attempt 1/1: Trying with 'selenium_browser' strategy...
2025-12-05 02:01:06,417 - INFO - [The Hindu] Page content loaded.
2025-12-05 02:01:06,522 - INFO - [The Hindu] Success with 'selenium_browser'. Found content (861 words).
2025-12-05 02:01:06,614 - INFO - Saved article: From robotic surgery to radiation beams: understanding precision healing in oncology - The Hindu from The Hindu
2025-12-05 02:01:07,122 - INFO - [The Hindu] Article: https://www.thehindu.com/news/national/uttar-pradesh/nations-identity-is-rooted-in-its-culture-traditions-and-the-legacy-of-great-personalities-says-up-cm-yogi/article70358495.ece
2025-12-05 02:01:07,122 - INFO - [The Hindu] Attempt 1/1: Trying with 'selenium_browser' strategy...
2025-12-05 02:01:08,575 - INFO - [The Hindu] Page content loaded.
2025-12-05 02:01:09,094 - INFO - [The Hindu] Success with 'selenium_browser'. Found content (326 words).
2025-12-05 02:01:09,167 - INFO - Saved article: Nation’s identity is rooted in its culture, traditions, and the legacy of great personalities, says U.P. CM Yogi - The Hindu from The Hindu
2025-12-05 02:01:09,794 - INFO - [The Hindu] Article: https://www.thehindu.com/news/national/tamil-nadu/lifetime-achievement-award-presented-to-tk-padmanabhan/article70358307.ece
2025-12-05 02:01:09,794 - INFO - [The Hindu] Attempt 1/1: Trying with 'selenium_browser' strategy...
2025-12-05 02:01:10,499 - INFO - [The Hindu] Page content loaded.
2025-12-05 02:01:10,662 - INFO - [The Hindu] Success with 'selenium_browser'. Found content (255 words).
2025-12-05 02:01:10,740 - INFO - Saved article: Lifetime Achievement Award presented to T.K. Padmanabhan - The Hindu from The Hindu
2025-12-05 02:01:11,813 - INFO - [The Hindu] Article: https://www.thehindu.com/news/national/maharashtra/mahayutigave-financial-and-intellectual-bankruptcy-congress/article70358489.ece
2025-12-05 02:01:11,813 - INFO - [The Hindu] Attempt 1/1: Trying with 'selenium_browser' strategy...
2025-12-05 02:01:13,001 - INFO - [The Hindu] Page content loaded.
2025-12-05 02:01:13,511 - INFO - [The Hindu] Success with 'selenium_browser'. Found content (311 words).
2025-12-05 02:01:13,604 - INFO - Saved article: Mahayuti gave financial and intellectual bankruptcy: Congress - The Hindu from The Hindu
2025-12-05 02:01:15,021 - INFO - [The Hindu] (Thread) Finished. Attempting to shut down its Selenium driver.
2025-12-05 02:01:15,164 - INFO - [The Hindu] (Thread) driver.quit() successful.
2025-12-05 02:01:41,220 - ERROR - [Times of India] Request failed for strategy 'selenium_browser' on URL https://timesofindia.indiatimes.com/world/us/us-strikes-pacific-four-killed-in-blitz-on-alleged-narco-terror-boat-watch/articleshow/125778482.cms: Message: timeout: Timed out receiving message from renderer: 59.934
  (Session info: chrome=142.0.7444.175)
Stacktrace:
#0 0x5563d24464ca <unknown>
#1 0x5563d1e94e4b <unknown>
#2 0x5563d1e7ce14 <unknown>
#3 0x5563d1e7caf7 <unknown>
#4 0x5563d1e7a8ff <unknown>
#5 0x5563d1e7b27f <unknown>
#6 0x5563d1e89cb3 <unknown>
#7 0x5563d1ea35f1 <unknown>
#8 0x5563d1ea9dfb <unknown>
#9 0x5563d1e7b9bd <unknown>
#10 0x5563d1ea3399 <unknown>
#11 0x5563d1f34169 <unknown>
#12 0x5563d1ed9c2a <unknown>
#13 0x5563d1eda931 <unknown>
#14 0x5563d240ccf9 <unknown>
#15 0x5563d240fcdc <unknown>
#16 0x5563d23f5f79 <unknown>
#17 0x5563d24108b5 <unknown>
#18 0x5563d23dd9c3 <unknown>
#19 0x5563d2433228 <unknown>
#20 0x5563d2433403 <unknown>
#21 0x5563d2445463 <unknown>
#22 0x7fe99049caa4 <unknown>
#23 0x7fe990529c6c <unknown>

2025-12-05 02:01:41,220 - ERROR - [Times of India] All scrape strategies failed for https://timesofindia.indiatimes.com/world/us/us-strikes-pacific-four-killed-in-blitz-on-alleged-narco-terror-boat-watch/articleshow/125778482.cms. Falling back to RSS description.
2025-12-05 02:01:41,223 - INFO - Saved article: US strike in Pacific: Four killed in blitz on alleged narco-terror boat - watch from Times of India
2025-12-05 02:01:42,347 - INFO - [Times of India] Article: https://timesofindia.indiatimes.com/world/us-streamers/blake-neff-rejects-candace-owens-offer-to-join-charlie-kirks-tpusa-livestream-virtually-pushes-forward-with-kirk-livestream-alone/articleshow/125778022.cms
2025-12-05 02:01:42,347 - INFO - [Times of India] Attempt 1/1: Trying with 'selenium_browser' strategy...
2025-12-05 02:01:43,104 - INFO - [Times of India] Page content loaded.
2025-12-05 02:01:43,237 - INFO - [Times of India] Success with 'selenium_browser'. Found content (416 words).
2025-12-05 02:01:43,318 - INFO - Saved article: Blake Neff rejects Candace Owens’ offer to join Charlie Kirk's TPUSA livestream virtually, pushes forward with Kirk livestream alone - The Times of India from Times of India
2025-12-05 02:01:44,060 - INFO - [Times of India] Article: https://timesofindia.indiatimes.com/world/us-streamers/nick-fuentes-calls-out-candace-owens-after-her-tough-talk-does-not-match-her-tpusa-move-in-charlie-kirk-case/articleshow/125778011.cms
2025-12-05 02:01:44,060 - INFO - [Times of India] Attempt 1/1: Trying with 'selenium_browser' strategy...
2025-12-05 02:01:45,357 - INFO - [Times of India] Page content loaded.
2025-12-05 02:01:45,518 - INFO - [Times of India] Success with 'selenium_browser'. Found content (428 words).
2025-12-05 02:01:45,583 - INFO - Saved article: Nick Fuentes calls out Candace Owens after her tough talk does not match her TPUSA move in Charlie Kirk case - The Times of India from Times of India
2025-12-05 02:01:46,137 - INFO - [Times of India] Article: https://timesofindia.indiatimes.com/world/us-streamers/get-shot-on-stream-asmongold-fears-twitch-could-face-a-deadly-crisis-if-nuisance-streamers-continue-to-thrive/articleshow/125777747.cms
2025-12-05 02:01:46,137 - INFO - [Times of India] Attempt 1/1: Trying with 'selenium_browser' strategy...
2025-12-05 02:01:46,890 - INFO - [Times of India] Page content loaded.
2025-12-05 02:01:47,062 - INFO - [Times of India] Success with 'selenium_browser'. Found content (396 words).
2025-12-05 02:01:47,118 - INFO - Saved article: “Get shot on stream”: Asmongold fears Twitch could face a deadly crisis if ‘nuisance streamers’ continue to thrive - The Times of India from Times of India
2025-12-05 02:01:47,676 - INFO - [Times of India] Article: https://timesofindia.indiatimes.com/world/us-streamers/candace-owens-drops-fierce-claim-as-federal-agent-tip-links-tpusa-to-hidden-egyptian-planes-story-in-charlie-kirk-assassination-case/articleshow/125777687.cms
2025-12-05 02:01:47,676 - INFO - [Times of India] Attempt 1/1: Trying with 'selenium_browser' strategy...
2025-12-05 02:01:48,346 - INFO - [Times of India] Page content loaded.
2025-12-05 02:01:48,480 - INFO - [Times of India] Success with 'selenium_browser'. Found content (490 words).
2025-12-05 02:01:48,546 - INFO - Saved article: Candace Owens drops fierce claim as federal agent tip links TPUSA to hidden Egyptian planes story in Charlie Kirk assassination case - The Times of India from Times of India
2025-12-05 02:01:49,716 - INFO - [Times of India] Article: https://timesofindia.indiatimes.com/business/international-business/five-years-to-18-months-is-the-us-slashing-immigrant-work-authorization-heres-what-new-uscis-work-permit-rules-say/articleshow/125778167.cms
2025-12-05 02:01:49,716 - INFO - [Times of India] Attempt 1/1: Trying with 'selenium_browser' strategy...
2025-12-05 02:01:51,712 - INFO - [Times of India] Page content loaded.
2025-12-05 02:01:51,838 - INFO - [Times of India] Success with 'selenium_browser'. Found content (343 words).
2025-12-05 02:01:51,924 - INFO - Saved article: Five years to 18 months — is the US slashing immigrant work authorization? Here's what new USCIS work permit rules say - The Times of India from Times of India
2025-12-05 02:01:52,566 - INFO - [Times of India] Article: https://timesofindia.indiatimes.com/world/middle-east/who-was-yasser-abu-shabab-israel-backed-anti-hamas-militia-leader-killed-in-gaza/articleshow/125778042.cms
2025-12-05 02:01:52,566 - INFO - [Times of India] Attempt 1/1: Trying with 'selenium_browser' strategy...
2025-12-05 02:01:53,466 - INFO - [Times of India] Page content loaded.
2025-12-05 02:01:53,614 - INFO - [Times of India] Success with 'selenium_browser'. Found content (600 words).
2025-12-05 02:01:53,678 - INFO - Saved article: Who was Yasser Abu Shabab? Israel-backed anti-Hamas militia leader killed in Gaza - The Times of India from Times of India
2025-12-05 02:01:54,793 - INFO - [Times of India] Article: https://timesofindia.indiatimes.com/world/us/grand-jury-rejects-justice-departments-bid-to-revive-criminal-case-against-new-york-attorney-general-letitia-james/articleshow/125777872.cms
2025-12-05 02:01:54,793 - INFO - [Times of India] Attempt 1/1: Trying with 'selenium_browser' strategy...
2025-12-05 02:01:55,712 - INFO - [Times of India] Page content loaded.
2025-12-05 02:01:55,852 - INFO - [Times of India] Success with 'selenium_browser'. Found content (361 words).
2025-12-05 02:01:55,918 - INFO - Saved article: Grand jury rejects justice department's bid to revive criminal case against New York Attorney General Letitia James - The Times of India from Times of India
2025-12-05 02:01:56,619 - INFO - [Times of India] Article: https://timesofindia.indiatimes.com/world/us/us-supreme-court-lets-texas-use-new-congressional-map-boosting-gop-ahead-of-2026-midterms/articleshow/125777833.cms
2025-12-05 02:01:56,619 - INFO - [Times of India] Attempt 1/1: Trying with 'selenium_browser' strategy...
2025-12-05 02:01:57,155 - INFO - [Times of India] Page content loaded.
2025-12-05 02:01:57,286 - INFO - [Times of India] Success with 'selenium_browser'. Found content (361 words).
2025-12-05 02:01:57,356 - INFO - Saved article: US Supreme Court lets Texas use new Congressional map, boosting GOP ahead of 2026 midterms - The Times of India from Times of India
2025-12-05 02:01:58,470 - INFO - [Times of India] Article: https://timesofindia.indiatimes.com/etimes/trending/traveller-who-visited-every-country-says-north-korea-nearly-put-him-in-prison-after-friend-scattered-ashes/articleshow/125777751.cms
2025-12-05 02:01:58,470 - INFO - [Times of India] Attempt 1/1: Trying with 'selenium_browser' strategy...
2025-12-05 02:02:01,763 - INFO - [Times of India] Page content loaded.
2025-12-05 02:02:01,964 - INFO - [Times of India] Success with 'selenium_browser'. Found content (791 words).
2025-12-05 02:02:02,053 - INFO - Saved article: Traveller who visited every country says North Korea nearly put him in prison after friend scattered ashes | - The Times of India from Times of India
2025-12-05 02:02:02,611 - INFO - [Times of India] (Thread) Finished. Attempting to shut down its Selenium driver.
2025-12-05 02:02:02,862 - INFO - [Times of India] (Thread) driver.quit() successful.
2025-12-05 02:02:02,862 - INFO - Shutting down thread pool (wait=False)...
2025-12-05 02:02:02,862 - INFO - Scraped: 1 BBC, 10 The Hindu, 0 The Guardian, 10 Times of India articles. (Total saved: 21)
2025-12-05 02:02:02,862 - INFO - --- Scraping job finished ---
2025-12-05 02:02:02,867 - INFO - --- Scraper service stopped and database connection closed. ---
2025-12-05 02:02:02,867 - INFO - --- Main thread finished. Forcing process exit to kill zombie threads. ---
