2026-01-15 06:41:59,650 - INFO - Initializing database connection at: news_articles.db
2026-01-15 06:41:59,650 - INFO - --- Scraper service started (CI Mode: Run Once) ---
2026-01-15 06:41:59,650 - INFO - --- Starting new scraping job (Parallel Mode) ---
2026-01-15 06:41:59,650 - INFO - Creating new robust session with 3 retries on 5xx/connection/read errors.
2026-01-15 06:41:59,650 - INFO - Proxy is DISABLED.
2026-01-15 06:41:59,650 - INFO - Starting scrape for BBC RSS feed: http://feeds.bbci.co.uk/news/world/rss.xml
2026-01-15 06:41:59,651 - INFO - [Times of India] (Thread) requires Selenium. Initializing driver...
2026-01-15 06:41:59,651 - INFO - Initializing headless Selenium Chrome driver (using SeleniumManager)...
2026-01-15 06:41:59,651 - INFO - Starting scrape for The Guardian RSS feed: https://www.theguardian.com/world/rss
2026-01-15 06:41:59,652 - INFO - [The Hindu] (Thread) requires Selenium. Initializing driver...
2026-01-15 06:41:59,652 - INFO - Initializing headless Selenium Chrome driver (using SeleniumManager)...
2026-01-15 06:41:59,652 - INFO - Submitted 4 jobs to thread pool. Waiting up to 300s for completion...
2026-01-15 06:41:59,885 - INFO - Found 45 articles in The Guardian RSS feed. Processing up to 10.
2026-01-15 06:41:59,885 - INFO - [The Guardian] Article: https://www.theguardian.com/world/2026/jan/15/uganda-vote-election-yoweri-museveni-bobi-wine
2026-01-15 06:41:59,885 - INFO - [The Guardian] Attempt 1/1: Trying with 'requests_browser' strategy...
2026-01-15 06:41:59,915 - INFO - [The Guardian] Success with 'requests_browser'. Found content (840 words).
2026-01-15 06:41:59,959 - INFO - Saved article: Ugandans to vote in election expected to extend Museveni’s four-decade rule | Uganda | The Guardian from The Guardian
2026-01-15 06:42:00,105 - INFO - Found 29 articles in BBC RSS feed. Processing up to 10.
2026-01-15 06:42:00,105 - INFO - [BBC] Article: https://www.bbc.com/news/articles/c07xpndjdd8o?at_medium=RSS&at_campaign=rss
2026-01-15 06:42:00,105 - INFO - [BBC] Attempt 1/1: Trying with 'requests_browser' strategy...
2026-01-15 06:42:00,249 - INFO - [BBC] Success with 'requests_browser'. Found content (821 words).
2026-01-15 06:42:00,283 - INFO - Saved article: Trump says Iran has 'no plan' to execute protesters from BBC
2026-01-15 06:42:01,422 - INFO - [The Guardian] Article: https://www.theguardian.com/us-news/2026/jan/13/trump-administration-ends-tps-somalia
2026-01-15 06:42:01,422 - INFO - [The Guardian] Attempt 1/1: Trying with 'requests_browser' strategy...
2026-01-15 06:42:01,446 - INFO - [The Guardian] Success with 'requests_browser'. Found content (870 words).
2026-01-15 06:42:01,476 - INFO - Duplicate article skipped: Trump administration ends temporary protected status for Somalis in US | Trump administration | The Guardian from The Guardian
2026-01-15 06:42:01,553 - INFO - [BBC] Article: https://www.bbc.com/news/articles/c8e54zp5j6no?at_medium=RSS&at_campaign=rss
2026-01-15 06:42:01,553 - INFO - [BBC] Attempt 1/1: Trying with 'requests_browser' strategy...
2026-01-15 06:42:01,596 - INFO - [BBC] Success with 'requests_browser'. Found content (928 words).
2026-01-15 06:42:01,628 - INFO - Saved article: Iran protests: BBC hears from families of demonstrators killed in crackdown from BBC
2026-01-15 06:42:02,608 - INFO - [The Guardian] Article: https://www.theguardian.com/business/2026/jan/13/developing-countries-poorer-world-bank-report
2026-01-15 06:42:02,609 - INFO - [The Guardian] Attempt 1/1: Trying with 'requests_browser' strategy...
2026-01-15 06:42:02,633 - INFO - [The Guardian] Success with 'requests_browser'. Found content (654 words).
2026-01-15 06:42:02,669 - INFO - Duplicate article skipped: Quarter of developing countries poorer than in 2019, World Bank finds | World Bank | The Guardian from The Guardian
2026-01-15 06:42:02,982 - INFO - [BBC] Article: https://www.bbc.com/news/articles/cq6vm677z76o?at_medium=RSS&at_campaign=rss
2026-01-15 06:42:02,982 - INFO - [BBC] Attempt 1/1: Trying with 'requests_browser' strategy...
2026-01-15 06:42:03,010 - INFO - [BBC] Success with 'requests_browser'. Found content (440 words).
2026-01-15 06:42:03,042 - INFO - Duplicate article skipped: Zelensky declares state of emergency in Ukraine's energy sector from BBC
2026-01-15 06:42:03,733 - INFO - [The Guardian] Article: https://www.theguardian.com/books/2026/jan/12/chimamanda-ngozi-adichie-accuses-lagos-hospital-negligence-son-death
2026-01-15 06:42:03,733 - INFO - [The Guardian] Attempt 1/1: Trying with 'requests_browser' strategy...
2026-01-15 06:42:03,754 - INFO - [The Guardian] Success with 'requests_browser'. Found content (537 words).
2026-01-15 06:42:03,784 - INFO - Duplicate article skipped: Author Chimamanda Ngozi Adichie accuses Lagos hospital of negligence after son’s death | Chimamanda Ngozi Adichie | The Guardian from The Guardian
2026-01-15 06:42:04,310 - INFO - [BBC] Article: https://www.bbc.com/news/articles/cx20vzz0g8vo?at_medium=RSS&at_campaign=rss
2026-01-15 06:42:04,310 - INFO - [BBC] Attempt 1/1: Trying with 'requests_browser' strategy...
2026-01-15 06:42:04,338 - INFO - [BBC] Success with 'requests_browser'. Found content (846 words).
2026-01-15 06:42:04,370 - INFO - Duplicate article skipped: Denmark warns of 'fundamental disagreement' with US over Greenland from BBC
2026-01-15 06:42:04,850 - INFO - [The Guardian] Article: https://www.theguardian.com/global-development/2026/jan/09/the-gambia-female-genital-mutilation-fgm-supreme-court-case-overturn-ban
2026-01-15 06:42:04,850 - INFO - [The Guardian] Attempt 1/1: Trying with 'requests_browser' strategy...
2026-01-15 06:42:04,876 - INFO - [The Guardian] Success with 'requests_browser'. Found content (850 words).
2026-01-15 06:42:04,911 - INFO - Duplicate article skipped: Attempt to overturn the Gambia’s ban on FGM heard by supreme court | Global development | The Guardian from The Guardian
2026-01-15 06:42:04,915 - INFO - [BBC] Article: https://www.bbc.com/news/articles/cm2yvnen1qyo?at_medium=RSS&at_campaign=rss
2026-01-15 06:42:04,915 - INFO - [BBC] Attempt 1/1: Trying with 'requests_browser' strategy...
2026-01-15 06:42:04,943 - INFO - [BBC] Success with 'requests_browser'. Found content (604 words).
2026-01-15 06:42:05,000 - INFO - Saved article: Thailand: Residents describe 'terrifying' carnage after crane falls on moving train from BBC
2026-01-15 06:42:05,425 - INFO - [The Guardian] Article: https://www.theguardian.com/world/2026/jan/14/venezuelan-political-prisoners-released
2026-01-15 06:42:05,425 - INFO - [The Guardian] Attempt 1/1: Trying with 'requests_browser' strategy...
2026-01-15 06:42:05,448 - INFO - [The Guardian] Success with 'requests_browser'. Found content (954 words).
2026-01-15 06:42:05,478 - INFO - Duplicate article skipped: Venezuela regime claims release of political prisoners is sign of new era | Venezuela | The Guardian from The Guardian
2026-01-15 06:42:05,885 - INFO - [BBC] Article: https://www.bbc.com/news/articles/c205677pxvxo?at_medium=RSS&at_campaign=rss
2026-01-15 06:42:05,885 - INFO - [BBC] Attempt 1/1: Trying with 'requests_browser' strategy...
2026-01-15 06:42:05,913 - INFO - [BBC] Success with 'requests_browser'. Found content (462 words).
2026-01-15 06:42:05,946 - INFO - Saved article: ICE agent shoots Minneapolis man in the leg from BBC
2026-01-15 06:42:06,683 - INFO - [The Guardian] Article: https://www.theguardian.com/world/2026/jan/14/quebec-premier-francois-legault-resigns
2026-01-15 06:42:06,683 - INFO - [The Guardian] Attempt 1/1: Trying with 'requests_browser' strategy...
2026-01-15 06:42:06,704 - INFO - [The Guardian] Success with 'requests_browser'. Found content (581 words).
2026-01-15 06:42:06,735 - INFO - Duplicate article skipped: Quebec premier François Legault resigns from post in surprise move | Quebec | The Guardian from The Guardian
2026-01-15 06:42:06,738 - INFO - [BBC] Article: https://www.bbc.com/news/articles/cjw1nxe5pvlo?at_medium=RSS&at_campaign=rss
2026-01-15 06:42:06,738 - INFO - [BBC] Attempt 1/1: Trying with 'requests_browser' strategy...
2026-01-15 06:42:06,771 - INFO - [BBC] Success with 'requests_browser'. Found content (779 words).
2026-01-15 06:42:06,804 - INFO - Duplicate article skipped: US announces start of phase two of Trump's Gaza peace plan from BBC
2026-01-15 06:42:07,601 - INFO - [The Guardian] Article: https://www.theguardian.com/environment/2026/jan/12/us-plan-to-exploit-venezuelas-oil-could-eat-up-13-of-carbon-budget-to-keep-15c-limit
2026-01-15 06:42:07,601 - INFO - [The Guardian] Attempt 1/1: Trying with 'requests_browser' strategy...
2026-01-15 06:42:07,630 - INFO - [The Guardian] Success with 'requests_browser'. Found content (579 words).
2026-01-15 06:42:07,673 - INFO - Duplicate article skipped: US plan to exploit Venezuela’s oil could eat up 13% of carbon budget to keep 1.5C limit | Climate crisis | The Guardian from The Guardian
2026-01-15 06:42:08,038 - INFO - [BBC] Article: https://www.bbc.com/news/articles/ce8gz8g2qnlo?at_medium=RSS&at_campaign=rss
2026-01-15 06:42:08,038 - INFO - [BBC] Attempt 1/1: Trying with 'requests_browser' strategy...
2026-01-15 06:42:08,066 - INFO - [BBC] Success with 'requests_browser'. Found content (567 words).
2026-01-15 06:42:08,100 - INFO - Saved article: Elon Musk's X to block Grok from undressing images of real people from BBC
2026-01-15 06:42:08,962 - INFO - [The Guardian] Article: https://www.theguardian.com/world/2026/jan/12/trump-latin-america-feud-colombia-gustavo-petro
2026-01-15 06:42:08,962 - INFO - [The Guardian] Attempt 1/1: Trying with 'requests_browser' strategy...
2026-01-15 06:42:08,991 - INFO - [The Guardian] Success with 'requests_browser'. Found content (1373 words).
2026-01-15 06:42:09,023 - INFO - Duplicate article skipped: Trump’s other Latin American feud: why Colombia’s Petro is not Maduro | Colombia | The Guardian from The Guardian
2026-01-15 06:42:09,450 - INFO - [BBC] Article: https://www.bbc.com/news/articles/cn4037v0w12o?at_medium=RSS&at_campaign=rss
2026-01-15 06:42:09,450 - INFO - [BBC] Attempt 1/1: Trying with 'requests_browser' strategy...
2026-01-15 06:42:09,474 - INFO - [BBC] Success with 'requests_browser'. Found content (442 words).
2026-01-15 06:42:09,507 - INFO - Saved article: Labubu toy manufacturer exploited workers, labour group claims from BBC
2026-01-15 06:42:09,798 - INFO - [The Guardian] Article: https://www.theguardian.com/us-news/2026/jan/12/us-oil-producers-global-supply-glut-venezuela
2026-01-15 06:42:09,798 - INFO - [The Guardian] Attempt 1/1: Trying with 'requests_browser' strategy...
2026-01-15 06:42:09,821 - INFO - [The Guardian] Success with 'requests_browser'. Found content (884 words).
2026-01-15 06:42:09,853 - INFO - Duplicate article skipped: US frackers were already facing a global oil supply glut. Trump’s Venezuelan dream could make it worse | US news | The Guardian from The Guardian
2026-01-15 06:42:10,150 - INFO - Selenium driver initialized successfully.
2026-01-15 06:42:10,151 - INFO - Selenium driver initialized successfully.
2026-01-15 06:42:10,151 - INFO - Starting scrape for Times of India RSS feed: https://timesofindia.indiatimes.com/rssfeeds/296589292.cms
2026-01-15 06:42:10,151 - INFO - Starting scrape for The Hindu RSS feed: https://www.thehindu.com/news/national/feeder/default.rss
2026-01-15 06:42:10,269 - INFO - Found 100 articles in The Hindu RSS feed. Processing up to 10.
2026-01-15 06:42:10,269 - INFO - [The Hindu] Article: https://www.thehindu.com/news/national/supreme-court-refuses-to-entertain-jana-nayagan-producer-who-says-he-is-ruined/article70512283.ece
2026-01-15 06:42:10,269 - INFO - [The Hindu] Attempt 1/1: Trying with 'selenium_browser' strategy...
2026-01-15 06:42:10,430 - INFO - Found 20 articles in Times of India RSS feed. Processing up to 10.
2026-01-15 06:42:10,430 - INFO - [Times of India] Article: https://timesofindia.indiatimes.com/world/middle-east/kuwait-paci-launches-residence-notification-service-on-sahel-app-to-track-lease-registrations-in-real-time/articleshow/126538420.cms
2026-01-15 06:42:10,430 - INFO - [Times of India] Attempt 1/1: Trying with 'selenium_browser' strategy...
2026-01-15 06:42:10,562 - INFO - [BBC] Article: https://www.bbc.com/news/articles/c62w8exgw1zo?at_medium=RSS&at_campaign=rss
2026-01-15 06:42:10,562 - INFO - [BBC] Attempt 1/1: Trying with 'requests_browser' strategy...
2026-01-15 06:42:10,587 - INFO - [BBC] Success with 'requests_browser'. Found content (464 words).
2026-01-15 06:42:10,621 - INFO - Duplicate article skipped: White House defends Trump over middle-finger gesture at heckler from BBC
2026-01-15 06:42:15,127 - INFO - [The Hindu] Page content loaded.
2026-01-15 06:42:15,419 - INFO - [The Hindu] Success with 'selenium_browser'. Found content (336 words).
2026-01-15 06:42:15,572 - INFO - Saved article: Supreme Court refuses to entertain Jana Nayagan producer, who says he is ‘ruined’ - The Hindu from The Hindu
2026-01-15 06:42:16,232 - INFO - [The Hindu] Article: https://www.thehindu.com/news/national/indian-army-stands-as-steadfast-shield-of-nation-kharge/article70512292.ece
2026-01-15 06:42:16,232 - INFO - [The Hindu] Attempt 1/1: Trying with 'selenium_browser' strategy...
2026-01-15 06:42:18,594 - INFO - [The Hindu] Page content loaded.
2026-01-15 06:42:18,832 - INFO - [The Hindu] Success with 'selenium_browser'. Found content (327 words).
2026-01-15 06:42:19,140 - INFO - Saved article: Indian Army stands as steadfast shield of nation: Kharge - The Hindu from The Hindu
2026-01-15 06:42:19,868 - INFO - [The Hindu] Article: https://www.thehindu.com/news/cities/Delhi/at-29c-delhi-records-its-coldest-morning-this-season/article70512226.ece
2026-01-15 06:42:19,868 - INFO - [The Hindu] Attempt 1/1: Trying with 'selenium_browser' strategy...
2026-01-15 06:42:20,686 - INFO - [The Hindu] Page content loaded.
2026-01-15 06:42:20,868 - INFO - [The Hindu] Success with 'selenium_browser'. Found content (225 words).
2026-01-15 06:42:20,935 - INFO - Saved article: At 2.9°C, Delhi records its coldest morning this season - The Hindu from The Hindu
2026-01-15 06:42:21,817 - INFO - [The Hindu] Article: https://www.thehindu.com/news/national/indian-army-soldiers-stand-as-a-symbol-of-selfless-service-safeguarding-nation-pm-modi/article70512175.ece
2026-01-15 06:42:21,817 - INFO - [The Hindu] Attempt 1/1: Trying with 'selenium_browser' strategy...
2026-01-15 06:42:23,701 - INFO - [Times of India] Page content loaded.
2026-01-15 06:42:23,819 - INFO - [The Hindu] Page content loaded.
2026-01-15 06:42:24,056 - INFO - [The Hindu] Success with 'selenium_browser'. Found content (240 words).
2026-01-15 06:42:24,143 - INFO - Saved article: President Murmu, PM Modi hail Indian armed forces personnel on Army Day - The Hindu from The Hindu
2026-01-15 06:42:24,832 - INFO - [Times of India] Success with 'selenium_browser'. Found content (318 words).
2026-01-15 06:42:25,088 - INFO - Saved article: Kuwait: PACI launches ‘Residence Notification’ service on Sahel app to Track lease registrations in real time | World News - The Times of India from Times of India
2026-01-15 06:42:25,138 - INFO - [The Hindu] Article: https://www.thehindu.com/news/national/madhya-pradesh/people-killed-ten-injured-in-van-tractor-collision-in-bhopal/article70512129.ece
2026-01-15 06:42:25,138 - INFO - [The Hindu] Attempt 1/1: Trying with 'selenium_browser' strategy...
2026-01-15 06:42:26,150 - INFO - [Times of India] Article: https://timesofindia.indiatimes.com/science/the-atlantics-biggest-secret-scientists-discover-a-giant-invisible-ocean-below-the-seafloor-for-years/articleshow/126529794.cms
2026-01-15 06:42:26,150 - INFO - [Times of India] Attempt 1/1: Trying with 'selenium_browser' strategy...
2026-01-15 06:42:27,470 - INFO - [The Hindu] Page content loaded.
2026-01-15 06:42:27,735 - INFO - [The Hindu] Success with 'selenium_browser'. Found content (173 words).
2026-01-15 06:42:27,827 - INFO - Duplicate article skipped: At least five killed, ten injured in van-tractor collision in Bhopal - The Hindu from The Hindu
2026-01-15 06:42:28,826 - INFO - [The Hindu] Article: https://www.thehindu.com/news/national/maharashtra/voting-underway-for-high-stakes-civic-polls-in-maharashtra-all-eyes-on-big-battle-for-mumbai/article70512089.ece
2026-01-15 06:42:28,826 - INFO - [The Hindu] Attempt 1/1: Trying with 'selenium_browser' strategy...
2026-01-15 06:42:31,920 - INFO - [The Hindu] Page content loaded.
2026-01-15 06:42:32,084 - INFO - [The Hindu] Success with 'selenium_browser'. Found content (405 words).
2026-01-15 06:42:32,218 - INFO - Duplicate article skipped: Voting underway for high-stakes civic polls in Maharashtra; all eyes on big battle for Mumbai - The Hindu from The Hindu
2026-01-15 06:42:33,071 - INFO - [The Hindu] Article: https://www.thehindu.com/sci-tech/technology/how-are-cryptocurrency-exchanges-in-india-vetting-customers-explained/article70508477.ece
2026-01-15 06:42:33,072 - INFO - [The Hindu] Attempt 1/1: Trying with 'selenium_browser' strategy...
2026-01-15 06:44:26,252 - ERROR - [Times of India] Request failed for strategy 'selenium_browser' on URL https://timesofindia.indiatimes.com/science/the-atlantics-biggest-secret-scientists-discover-a-giant-invisible-ocean-below-the-seafloor-for-years/articleshow/126529794.cms: HTTPConnectionPool(host='localhost', port=59257): Read timed out. (read timeout=120)
2026-01-15 06:44:26,252 - ERROR - [Times of India] All scrape strategies failed for https://timesofindia.indiatimes.com/science/the-atlantics-biggest-secret-scientists-discover-a-giant-invisible-ocean-below-the-seafloor-for-years/articleshow/126529794.cms. Falling back to RSS description.
2026-01-15 06:44:26,253 - INFO - Saved article: The Atlantic’s biggest secret: Scientists discover a giant invisible ocean below the seafloor for years from Times of India
2026-01-15 06:44:27,185 - INFO - [Times of India] Article: https://timesofindia.indiatimes.com/world/us/iran-unrest-is-reza-pahlavi-the-future-trump-calls-ex-crown-prince-nice-person-but-expresses-uncertainty/articleshow/126537214.cms
2026-01-15 06:44:27,185 - INFO - [Times of India] Attempt 1/1: Trying with 'selenium_browser' strategy...
2026-01-15 06:44:33,170 - ERROR - [The Hindu] Request failed for strategy 'selenium_browser' on URL https://www.thehindu.com/sci-tech/technology/how-are-cryptocurrency-exchanges-in-india-vetting-customers-explained/article70508477.ece: HTTPConnectionPool(host='localhost', port=47507): Read timed out. (read timeout=120)
2026-01-15 06:44:33,170 - ERROR - [The Hindu] All scrape strategies failed for https://www.thehindu.com/sci-tech/technology/how-are-cryptocurrency-exchanges-in-india-vetting-customers-explained/article70508477.ece. Falling back to RSS description.
2026-01-15 06:44:33,172 - INFO - Saved article: How are cryptocurrency exchanges in India vetting customers? | Explained from The Hindu
2026-01-15 06:44:34,659 - INFO - [The Hindu] Article: https://www.thehindu.com/business/Industry/air-india-says-flights-overflying-iran-will-use-alternative-route-warns-of-delays/article70512054.ece
2026-01-15 06:44:34,659 - INFO - [The Hindu] Attempt 1/1: Trying with 'selenium_browser' strategy...
2026-01-15 06:46:27,199 - ERROR - [Times of India] Request failed for strategy 'selenium_browser' on URL https://timesofindia.indiatimes.com/world/us/iran-unrest-is-reza-pahlavi-the-future-trump-calls-ex-crown-prince-nice-person-but-expresses-uncertainty/articleshow/126537214.cms: HTTPConnectionPool(host='localhost', port=59257): Read timed out. (read timeout=120)
2026-01-15 06:46:27,199 - ERROR - [Times of India] All scrape strategies failed for https://timesofindia.indiatimes.com/world/us/iran-unrest-is-reza-pahlavi-the-future-trump-calls-ex-crown-prince-nice-person-but-expresses-uncertainty/articleshow/126537214.cms. Falling back to RSS description.
2026-01-15 06:46:27,199 - INFO - Duplicate article skipped: Iran unrest: Is Reza Pahlavi the future? Trump calls ex-crown prince ‘nice person’ but expresses uncertainty from Times of India
2026-01-15 06:46:27,861 - INFO - [Times of India] Article: https://timesofindia.indiatimes.com/world/us/verizon-outage-disrupts-services-across-us-mobile-data-users-hit-tens-of-thousands-report-sos-mode/articleshow/126537005.cms
2026-01-15 06:46:27,861 - INFO - [Times of India] Attempt 1/1: Trying with 'selenium_browser' strategy...
2026-01-15 06:46:34,682 - ERROR - [The Hindu] Request failed for strategy 'selenium_browser' on URL https://www.thehindu.com/business/Industry/air-india-says-flights-overflying-iran-will-use-alternative-route-warns-of-delays/article70512054.ece: HTTPConnectionPool(host='localhost', port=47507): Read timed out. (read timeout=120)
2026-01-15 06:46:34,682 - ERROR - [The Hindu] All scrape strategies failed for https://www.thehindu.com/business/Industry/air-india-says-flights-overflying-iran-will-use-alternative-route-warns-of-delays/article70512054.ece. Falling back to RSS description.
2026-01-15 06:46:34,683 - INFO - Duplicate article skipped: Air India, IndiGo international flights impacted by Iran airspace closure from The Hindu
2026-01-15 06:46:35,991 - INFO - [The Hindu] Article: https://www.thehindu.com/news/national/maharashtra/maharashtra-29-civic-bodies-polls-mumbai-bmc-elections-january-15-2026-updates/article70512055.ece
2026-01-15 06:46:35,991 - INFO - [The Hindu] Attempt 1/1: Trying with 'selenium_browser' strategy...
2026-01-15 06:46:59,652 - CRITICAL - --- TIMEOUT: 2 scrape jobs did not complete in 300s. ---
2026-01-15 06:46:59,652 - ERROR - A thread has timed out and will be abandoned.
2026-01-15 06:46:59,652 - ERROR - A thread has timed out and will be abandoned.
2026-01-15 06:46:59,652 - INFO - Shutting down thread pool (wait=False)...
2026-01-15 06:46:59,652 - INFO - Scraped: 6 BBC, 1 The Guardian, 2 Timed_Out_Jobs articles. (Total saved: 7)
2026-01-15 06:46:59,652 - INFO - --- Scraping job finished ---
2026-01-15 06:46:59,652 - INFO - --- Scraper service stopped and database connection closed. ---
2026-01-15 06:46:59,652 - INFO - --- Main thread finished. Forcing process exit to kill zombie threads. ---
