2026-02-14 13:02:21,880 - INFO - Initializing database connection at: news_articles.db
2026-02-14 13:02:21,880 - INFO - --- Scraper service started (CI Mode: Run Once) ---
2026-02-14 13:02:21,880 - INFO - --- Starting new scraping job (Parallel Mode) ---
2026-02-14 13:02:21,880 - INFO - Creating new robust session with 3 retries on 5xx/connection/read errors.
2026-02-14 13:02:21,881 - INFO - Proxy is DISABLED.
2026-02-14 13:02:21,881 - INFO - Starting scrape for BBC RSS feed: http://feeds.bbci.co.uk/news/world/rss.xml
2026-02-14 13:02:21,881 - INFO - [Times of India] (Thread) requires Selenium. Initializing driver...
2026-02-14 13:02:21,881 - INFO - Initializing headless Selenium Chrome driver (using SeleniumManager)...
2026-02-14 13:02:21,882 - INFO - Starting scrape for The Guardian RSS feed: https://www.theguardian.com/world/rss
2026-02-14 13:02:21,883 - INFO - [The Hindu] (Thread) requires Selenium. Initializing driver...
2026-02-14 13:02:21,883 - INFO - Initializing headless Selenium Chrome driver (using SeleniumManager)...
2026-02-14 13:02:21,883 - INFO - Submitted 4 jobs to thread pool. Waiting up to 300s for completion...
2026-02-14 13:02:22,068 - INFO - Found 45 articles in The Guardian RSS feed. Processing up to 10.
2026-02-14 13:02:22,068 - INFO - [The Guardian] Article: https://www.theguardian.com/world/2026/feb/09/deaths-migrant-boat-capsizes-mediterranean-libya
2026-02-14 13:02:22,068 - INFO - [The Guardian] Attempt 1/1: Trying with 'requests_browser' strategy...
2026-02-14 13:02:22,203 - INFO - Found 26 articles in BBC RSS feed. Processing up to 10.
2026-02-14 13:02:22,203 - INFO - [BBC] Article: https://www.bbc.com/news/articles/c9q5l22ryy4o?at_medium=RSS&at_campaign=rss
2026-02-14 13:02:22,203 - INFO - [BBC] Attempt 1/1: Trying with 'requests_browser' strategy...
2026-02-14 13:02:22,520 - INFO - [The Guardian] Success with 'requests_browser'. Found content (367 words).
2026-02-14 13:02:22,567 - INFO - Duplicate article skipped: 53 people dead or missing after migrant boat capsizes in Mediterranean | Migration | The Guardian from The Guardian
2026-02-14 13:02:22,577 - INFO - [BBC] Success with 'requests_browser'. Found content (2640 words).
2026-02-14 13:02:22,629 - INFO - Duplicate article skipped: French rape survivor Gisèle Pelicot: I need to have answers from BBC
2026-02-14 13:02:23,527 - INFO - [BBC] Article: https://www.bbc.com/news/articles/cly8j19rql7o?at_medium=RSS&at_campaign=rss
2026-02-14 13:02:23,527 - INFO - [BBC] Attempt 1/1: Trying with 'requests_browser' strategy...
2026-02-14 13:02:23,565 - INFO - [BBC] Success with 'requests_browser'. Found content (418 words).
2026-02-14 13:02:23,600 - INFO - Duplicate article skipped: Police activity under way near Nancy Guthrie's home from BBC
2026-02-14 13:02:23,812 - INFO - [The Guardian] Article: https://www.theguardian.com/music/2026/feb/09/ebo-taylor-ghanaian-highlife-pioneer-dies-age-90
2026-02-14 13:02:23,812 - INFO - [The Guardian] Attempt 1/1: Trying with 'requests_browser' strategy...
2026-02-14 13:02:23,840 - INFO - [The Guardian] Success with 'requests_browser'. Found content (915 words).
2026-02-14 13:02:23,876 - INFO - Duplicate article skipped: Ebo Taylor, Ghanaian highlife pioneer and guitarist, dies age 90 | Music | The Guardian from The Guardian
2026-02-14 13:02:25,013 - INFO - [BBC] Article: https://www.bbc.com/news/articles/cn0ex5d4g6xo?at_medium=RSS&at_campaign=rss
2026-02-14 13:02:25,013 - INFO - [BBC] Attempt 1/1: Trying with 'requests_browser' strategy...
2026-02-14 13:02:25,063 - INFO - [BBC] Success with 'requests_browser'. Found content (1036 words).
2026-02-14 13:02:25,105 - INFO - Duplicate article skipped: Bangladesh election: Can new leader bring change after landslide win? from BBC
2026-02-14 13:02:25,319 - INFO - [The Guardian] Article: https://www.theguardian.com/environment/2026/feb/09/weather-tracker-spain-and-portugal-hit-by-third-fatal-storm
2026-02-14 13:02:25,319 - INFO - [The Guardian] Attempt 1/1: Trying with 'requests_browser' strategy...
2026-02-14 13:02:25,666 - INFO - [The Guardian] Success with 'requests_browser'. Found content (391 words).
2026-02-14 13:02:25,709 - INFO - Duplicate article skipped: Weather tracker: Spain and Portugal hit by third deadly storm in two weeks | Flooding | The Guardian from The Guardian
2026-02-14 13:02:25,835 - INFO - [BBC] Article: https://www.bbc.com/news/articles/cwy8dw5zk7yo?at_medium=RSS&at_campaign=rss
2026-02-14 13:02:25,835 - INFO - [BBC] Attempt 1/1: Trying with 'requests_browser' strategy...
2026-02-14 13:02:25,872 - INFO - [BBC] Success with 'requests_browser'. Found content (560 words).
2026-02-14 13:02:25,913 - INFO - Duplicate article skipped: Partial US government shutdown could mean airport delays, travel groups say from BBC
2026-02-14 13:02:26,509 - INFO - [BBC] Article: https://www.bbc.com/news/articles/cde4kdr2z6do?at_medium=RSS&at_campaign=rss
2026-02-14 13:02:26,509 - INFO - [BBC] Attempt 1/1: Trying with 'requests_browser' strategy...
2026-02-14 13:02:26,558 - INFO - [BBC] Success with 'requests_browser'. Found content (1020 words).
2026-02-14 13:02:26,602 - INFO - Duplicate article skipped: 'Canadians are with you', Carney says at Tumbler Ridge shooting vigil from BBC
2026-02-14 13:02:27,054 - INFO - [The Guardian] Article: https://www.theguardian.com/world/2026/feb/07/sudan-rsf-drone-attack-rahad-kills-displaced-people
2026-02-14 13:02:27,054 - INFO - [The Guardian] Attempt 1/1: Trying with 'requests_browser' strategy...
2026-02-14 13:02:27,117 - INFO - [The Guardian] Success with 'requests_browser'. Found content (817 words).
2026-02-14 13:02:27,158 - INFO - Duplicate article skipped: RSF drone attack kills 24 people fleeing fighting in central Sudan, says doctors group | Sudan | The Guardian from The Guardian
2026-02-14 13:02:27,433 - INFO - [BBC] Article: https://www.bbc.com/news/articles/crl4ne5er5zo?at_medium=RSS&at_campaign=rss
2026-02-14 13:02:27,433 - INFO - [BBC] Attempt 1/1: Trying with 'requests_browser' strategy...
2026-02-14 13:02:27,484 - INFO - [BBC] Success with 'requests_browser'. Found content (1120 words).
2026-02-14 13:02:27,528 - INFO - Duplicate article skipped: 'We are not protected' says Hebron mayor, as Israel expands control of West Bank from BBC
2026-02-14 13:02:27,717 - INFO - [The Guardian] Article: https://www.theguardian.com/global-development/2026/feb/07/businesses-close-protest-malawi-tax-changes-electronic-invoicing-system
2026-02-14 13:02:27,717 - INFO - [The Guardian] Attempt 1/1: Trying with 'requests_browser' strategy...
2026-02-14 13:02:27,975 - INFO - [The Guardian] Success with 'requests_browser'. Found content (591 words).
2026-02-14 13:02:28,007 - INFO - Duplicate article skipped: Thousands of Malawi businesses close in protest over tax changes | Global development | The Guardian from The Guardian
2026-02-14 13:02:28,178 - INFO - [BBC] Article: https://www.bbc.com/news/articles/cge89x7re74o?at_medium=RSS&at_campaign=rss
2026-02-14 13:02:28,178 - INFO - [BBC] Attempt 1/1: Trying with 'requests_browser' strategy...
2026-02-14 13:02:28,212 - INFO - [BBC] Success with 'requests_browser'. Found content (358 words).
2026-02-14 13:02:28,252 - INFO - Duplicate article skipped: Cuba oil refinery fire hits as fuel crisis deepens from BBC
2026-02-14 13:02:29,500 - INFO - [The Guardian] Article: https://www.theguardian.com/us-news/2026/feb/14/venezuelan-illegally-deported-return-fears
2026-02-14 13:02:29,500 - INFO - [The Guardian] Attempt 1/1: Trying with 'requests_browser' strategy...
2026-02-14 13:02:29,716 - INFO - [BBC] Article: https://www.bbc.com/news/articles/ce82xgd2g3yo?at_medium=RSS&at_campaign=rss
2026-02-14 13:02:29,716 - INFO - [BBC] Attempt 1/1: Trying with 'requests_browser' strategy...
2026-02-14 13:02:29,783 - INFO - [The Guardian] Success with 'requests_browser'. Found content (1169 words).
2026-02-14 13:02:29,829 - INFO - [BBC] Success with 'requests_browser'. Found content (1178 words).
2026-02-14 13:02:29,848 - INFO - Saved article: Venezuelan deportee welcomes chance of US return but fears repeat of ordeal | US immigration | The Guardian from The Guardian
2026-02-14 13:02:29,873 - INFO - Duplicate article skipped: Head of Dubai-based ports giant DP World quits after Epstein links revealed from BBC
2026-02-14 13:02:30,849 - INFO - [The Guardian] Article: https://www.theguardian.com/world/2026/feb/14/mark-carney-joins-hands-with-canada-opposition-leader-as-he-pays-tribute-to-school-shooting-victims
2026-02-14 13:02:30,849 - INFO - [The Guardian] Attempt 1/1: Trying with 'requests_browser' strategy...
2026-02-14 13:02:30,952 - INFO - [The Guardian] Success with 'requests_browser'. Found content (674 words).
2026-02-14 13:02:30,992 - INFO - Selenium driver initialized successfully.
2026-02-14 13:02:30,992 - INFO - Starting scrape for The Hindu RSS feed: https://www.thehindu.com/news/national/feeder/default.rss
2026-02-14 13:02:31,000 - INFO - Duplicate article skipped: Mark Carney joins hands with Canada opposition leader as he pays tribute to school shooting victims | Tumbler Ridge school shooting | The Guardian from The Guardian
2026-02-14 13:02:31,000 - INFO - Selenium driver initialized successfully.
2026-02-14 13:02:31,000 - INFO - Starting scrape for Times of India RSS feed: https://timesofindia.indiatimes.com/rssfeeds/296589292.cms
2026-02-14 13:02:31,051 - INFO - [BBC] Article: https://www.bbc.com/news/articles/c8758xv4eqeo?at_medium=RSS&at_campaign=rss
2026-02-14 13:02:31,051 - INFO - [BBC] Attempt 1/1: Trying with 'requests_browser' strategy...
2026-02-14 13:02:31,090 - INFO - Found 20 articles in Times of India RSS feed. Processing up to 10.
2026-02-14 13:02:31,090 - INFO - [Times of India] Article: https://timesofindia.indiatimes.com/world/middle-east/uae-astronomers-issue-safety-warning-ahead-of-ramadan-moon-sighting-on-february-17/articleshow/128345863.cms
2026-02-14 13:02:31,090 - INFO - [Times of India] Attempt 1/1: Trying with 'selenium_browser' strategy...
2026-02-14 13:02:31,096 - INFO - [BBC] Success with 'requests_browser'. Found content (504 words).
2026-02-14 13:02:31,147 - INFO - Duplicate article skipped: Orban rival Magyar accuses opponents of planning blackmail ahead of Hungarian election from BBC
2026-02-14 13:02:31,200 - INFO - Found 100 articles in The Hindu RSS feed. Processing up to 10.
2026-02-14 13:02:31,201 - INFO - [The Hindu] Article: https://www.thehindu.com/news/national/union-cabinet-clears-urban-challenge-fund-for-cities/article70631961.ece
2026-02-14 13:02:31,201 - INFO - [The Hindu] Attempt 1/1: Trying with 'selenium_browser' strategy...
2026-02-14 13:02:31,550 - INFO - [The Guardian] Article: https://www.theguardian.com/world/2026/feb/13/tumbler-ridge-school-shooting-canada-unity-grief
2026-02-14 13:02:31,551 - INFO - [The Guardian] Attempt 1/1: Trying with 'requests_browser' strategy...
2026-02-14 13:02:31,664 - INFO - [The Guardian] Success with 'requests_browser'. Found content (1001 words).
2026-02-14 13:02:31,723 - INFO - Duplicate article skipped: ‘What word is there for this?’ Tumbler Ridge reaches for unity in storm of grief | Canada | The Guardian from The Guardian
2026-02-14 13:02:32,489 - INFO - [BBC] Article: https://www.bbc.com/news/articles/cd03ee39945o?at_medium=RSS&at_campaign=rss
2026-02-14 13:02:32,489 - INFO - [BBC] Attempt 1/1: Trying with 'requests_browser' strategy...
2026-02-14 13:02:32,574 - INFO - [BBC] Success with 'requests_browser'. Found content (1245 words).
2026-02-14 13:02:32,657 - INFO - Duplicate article skipped: Six possible outcomes of Trump's climate policy change from BBC
2026-02-14 13:02:32,962 - INFO - [The Guardian] Article: https://www.theguardian.com/world/2026/feb/13/haiti-winter-olympics-ski-uniform-redesigned-ioc-guidelines
2026-02-14 13:02:32,962 - INFO - [The Guardian] Attempt 1/1: Trying with 'requests_browser' strategy...
2026-02-14 13:02:33,261 - INFO - [The Guardian] Success with 'requests_browser'. Found content (704 words).
2026-02-14 13:02:33,517 - INFO - Duplicate article skipped: Haiti’s Winter Olympics kit redesigned at last minute to fit IOC guidelines | Haiti | The Guardian from The Guardian
2026-02-14 13:02:33,971 - INFO - [The Hindu] Page content loaded.
2026-02-14 13:02:34,379 - INFO - [The Hindu] Success with 'selenium_browser'. Found content (411 words).
2026-02-14 13:02:34,691 - INFO - Saved article: Union Cabinet clears ‘Urban Challenge Fund’ for cities - The Hindu from The Hindu
2026-02-14 13:02:34,903 - INFO - [The Guardian] Article: https://www.theguardian.com/world/2026/feb/13/canada-school-deaths-suspect-created-shooting-simulator-roblox
2026-02-14 13:02:34,903 - INFO - [The Guardian] Attempt 1/1: Trying with 'requests_browser' strategy...
2026-02-14 13:02:35,161 - INFO - [The Guardian] Success with 'requests_browser'. Found content (430 words).
2026-02-14 13:02:35,250 - INFO - Duplicate article skipped: Canada school deaths suspect created shooting simulator on gaming platform | Tumbler Ridge school shooting | The Guardian from The Guardian
2026-02-14 13:02:35,460 - INFO - [The Hindu] Article: https://www.thehindu.com/news/national/andhra-pradesh/andhra-pradesh-tenant-farmers-association-alleges-neglect-in-state-budget/article70632085.ece
2026-02-14 13:02:35,460 - INFO - [The Hindu] Attempt 1/1: Trying with 'selenium_browser' strategy...
2026-02-14 13:02:37,408 - INFO - [The Hindu] Page content loaded.
2026-02-14 13:02:37,658 - INFO - [The Hindu] Success with 'selenium_browser'. Found content (262 words).
2026-02-14 13:02:37,996 - INFO - Saved article: Andhra Pradesh Tenant Farmers Association alleges neglect in State Budget - The Hindu from The Hindu
2026-02-14 13:02:38,631 - INFO - [The Hindu] Article: https://www.thehindu.com/news/national/karnataka/kvma-to-host-valvx-2026-industry-exhibition-in-hubballi-from-feb-18/article70632001.ece
2026-02-14 13:02:38,631 - INFO - [The Hindu] Attempt 1/1: Trying with 'selenium_browser' strategy...
2026-02-14 13:02:40,769 - INFO - [The Hindu] Page content loaded.
2026-02-14 13:02:41,002 - INFO - [The Hindu] Success with 'selenium_browser'. Found content (241 words).
2026-02-14 13:02:41,181 - INFO - Saved article: KVMA to host VALVX-2026 industry exhibition in Hubballi from Feb. 18 - The Hindu from The Hindu
2026-02-14 13:02:42,594 - INFO - [The Hindu] Article: https://www.thehindu.com/news/national/kerala/vasavan-stands-firm-on-3-crore-claim-dares-opposition-to-prove-him-wrong/article70632102.ece
2026-02-14 13:02:42,594 - INFO - [The Hindu] Attempt 1/1: Trying with 'selenium_browser' strategy...
2026-02-14 13:02:46,184 - INFO - [The Hindu] Page content loaded.
2026-02-14 13:02:46,427 - INFO - [The Hindu] Success with 'selenium_browser'. Found content (351 words).
2026-02-14 13:02:46,584 - INFO - Saved article: Vasavan stands firm on ₹3 crore claim, dares Opposition to prove him wrong - The Hindu from The Hindu
2026-02-14 13:02:47,408 - INFO - [The Hindu] Article: https://www.thehindu.com/news/national/karnataka/assistant-manager-of-nationalised-bank-arrested-for-stealing-4-crore-worth-pledged-gold-to-fund-online-betting/article70631817.ece
2026-02-14 13:02:47,408 - INFO - [The Hindu] Attempt 1/1: Trying with 'selenium_browser' strategy...
2026-02-14 13:02:48,325 - INFO - [The Hindu] Page content loaded.
2026-02-14 13:02:48,531 - INFO - [The Hindu] Success with 'selenium_browser'. Found content (276 words).
2026-02-14 13:02:48,678 - INFO - Saved article: Assistant Manager of nationalised bank arrested for stealing ₹4 crore worth pledged gold to fund online betting - The Hindu from The Hindu
2026-02-14 13:02:49,654 - INFO - [The Hindu] Article: https://www.thehindu.com/news/national/karnataka/kite-festival-marks-colourful-start-to-hampi-utsav-2026/article70631978.ece
2026-02-14 13:02:49,654 - INFO - [The Hindu] Attempt 1/1: Trying with 'selenium_browser' strategy...
2026-02-14 13:02:51,099 - INFO - [The Hindu] Page content loaded.
2026-02-14 13:02:51,173 - INFO - [The Hindu] Success with 'selenium_browser'. Found content (284 words).
2026-02-14 13:02:51,321 - INFO - Saved article: Kite festival marks colourful start to Hampi Utsav-2026 - The Hindu from The Hindu
2026-02-14 13:02:52,476 - INFO - [The Hindu] Article: https://www.thehindu.com/news/national/access-to-justice-cant-remain-an-abstract-ideal-reserved-for-legally-empowered-cji-surya-kant/article70632120.ece
2026-02-14 13:02:52,476 - INFO - [The Hindu] Attempt 1/1: Trying with 'selenium_browser' strategy...
2026-02-14 13:02:53,971 - INFO - [The Hindu] Page content loaded.
2026-02-14 13:02:54,040 - INFO - [The Hindu] Success with 'selenium_browser'. Found content (360 words).
2026-02-14 13:02:54,143 - INFO - Saved article: Access to justice can't remain an abstract ideal reserved for legally empowered: CJI Surya Kant - The Hindu from The Hindu
2026-02-14 13:02:55,306 - INFO - [The Hindu] Article: https://www.thehindu.com/news/national/karnataka/man-stabbed-to-death-in-kalaburagi/article70631952.ece
2026-02-14 13:02:55,306 - INFO - [The Hindu] Attempt 1/1: Trying with 'selenium_browser' strategy...
2026-02-14 13:02:56,701 - INFO - [The Hindu] Page content loaded.
2026-02-14 13:02:56,795 - INFO - [The Hindu] Success with 'selenium_browser'. Found content (125 words).
2026-02-14 13:02:56,874 - INFO - Saved article: Man stabbed to death in Kalaburagi - The Hindu from The Hindu
2026-02-14 13:02:57,993 - INFO - [The Hindu] Article: https://www.thehindu.com/news/national/maharashtra/ajit-pawar-death-rohit-pawar-writes-to-amit-shah-civil-aviation-minister-dgca-for-plane-crash-probe/article70632087.ece
2026-02-14 13:02:57,994 - INFO - [The Hindu] Attempt 1/1: Trying with 'selenium_browser' strategy...
2026-02-14 13:03:01,490 - INFO - [The Hindu] Page content loaded.
2026-02-14 13:03:01,581 - INFO - [The Hindu] Success with 'selenium_browser'. Found content (167 words).
2026-02-14 13:03:01,648 - INFO - Saved article: Ajit Pawar death: Rohit Pawar writes to Amit Shah, Civil Aviation Minister, DGCA for plane crash probe - The Hindu from The Hindu
2026-02-14 13:03:02,803 - INFO - [The Hindu] Article: https://www.thehindu.com/news/national/kerala/narrative-on-rift-in-kcm-fake-minister-didnt-violate-discipline-with-pala-remarks-jose-k-mani/article70631954.ece
2026-02-14 13:03:02,803 - INFO - [The Hindu] Attempt 1/1: Trying with 'selenium_browser' strategy...
2026-02-14 13:03:03,906 - INFO - [The Hindu] Page content loaded.
2026-02-14 13:03:03,994 - INFO - [The Hindu] Success with 'selenium_browser'. Found content (334 words).
2026-02-14 13:03:04,195 - INFO - Saved article: Narrative on rift in KC(M) fake, Minister didn’t violate discipline with Pala remarks: Jose K. Mani - The Hindu from The Hindu
2026-02-14 13:03:05,609 - INFO - [The Hindu] (Thread) Finished. Attempting to shut down its Selenium driver.
2026-02-14 13:03:05,769 - INFO - [The Hindu] (Thread) driver.quit() successful.
2026-02-14 13:03:31,107 - ERROR - [Times of India] Request failed for strategy 'selenium_browser' on URL https://timesofindia.indiatimes.com/world/middle-east/uae-astronomers-issue-safety-warning-ahead-of-ramadan-moon-sighting-on-february-17/articleshow/128345863.cms: Message: timeout: Timed out receiving message from renderer: 59.926
  (Session info: chrome=144.0.7559.132)
Stacktrace:
#0 0x55d0b4525a4a <unknown>
#1 0x55d0b3f3e6a2 <unknown>
#2 0x55d0b3f25d87 <unknown>
#3 0x55d0b3f25996 <unknown>
#4 0x55d0b3f234a1 <unknown>
#5 0x55d0b3f23e2f <unknown>
#6 0x55d0b3f33360 <unknown>
#7 0x55d0b3f4d357 <unknown>
#8 0x55d0b3f5456b <unknown>
#9 0x55d0b3f24599 <unknown>
#10 0x55d0b3f4d0ec <unknown>
#11 0x55d0b3fdcb68 <unknown>
#12 0x55d0b3f858b2 <unknown>
#13 0x55d0b3f866a1 <unknown>
#14 0x55d0b44eb8a9 <unknown>
#15 0x55d0b44ee7b1 <unknown>
#16 0x55d0b44d7ea9 <unknown>
#17 0x55d0b44ef36e <unknown>
#18 0x55d0b44be410 <unknown>
#19 0x55d0b45130c8 <unknown>
#20 0x55d0b451329b <unknown>
#21 0x55d0b4524db8 <unknown>
#22 0x7fd6ed89caa4 <unknown>
#23 0x7fd6ed929c6c <unknown>

2026-02-14 13:03:31,108 - ERROR - [Times of India] All scrape strategies failed for https://timesofindia.indiatimes.com/world/middle-east/uae-astronomers-issue-safety-warning-ahead-of-ramadan-moon-sighting-on-february-17/articleshow/128345863.cms. Falling back to RSS description.
2026-02-14 13:03:31,110 - INFO - Saved article: UAE astronomers issue safety warning ahead of Ramadan moon sighting on February 17 from Times of India
2026-02-14 13:03:32,609 - INFO - [Times of India] Article: https://timesofindia.indiatimes.com/world/south-asia/we-must-remain-united-bnp-chief-tarique-rahmans-1st-address-after-bangladesh-win/articleshow/128343900.cms
2026-02-14 13:03:32,610 - INFO - [Times of India] Attempt 1/1: Trying with 'selenium_browser' strategy...
2026-02-14 13:03:35,136 - INFO - [Times of India] Page content loaded.
2026-02-14 13:03:35,368 - INFO - [Times of India] Success with 'selenium_browser'. Found content (448 words).
2026-02-14 13:03:35,555 - INFO - Saved article: ‘We must remain united’: BNP chief Tarique Rahman’s 1st address after Bangladesh win - The Times of India from Times of India
2026-02-14 13:03:37,027 - INFO - [Times of India] Article: https://timesofindia.indiatimes.com/world/us/russia-ukraine-war-marco-rubio-questions-moscows-intent-to-end-conflict-ahead-of-geneva-talks-seeks-stronger-europe-ties/articleshow/128342222.cms
2026-02-14 13:03:37,027 - INFO - [Times of India] Attempt 1/1: Trying with 'selenium_browser' strategy...
2026-02-14 13:03:40,439 - INFO - [Times of India] Page content loaded.
2026-02-14 13:03:40,563 - INFO - [Times of India] Success with 'selenium_browser'. Found content (405 words).
2026-02-14 13:03:40,629 - INFO - Duplicate article skipped: Russia-Ukraine war: Marco Rubio questions Moscow's intent to end conflict ahead of Geneva talks; seeks stronger Europe ties - The Times of India from Times of India
2026-02-14 13:03:41,485 - INFO - [Times of India] Article: https://timesofindia.indiatimes.com/world/south-asia/hindu-extremism-and-big-remark-on-india-ties-by-adviser-of-bnp-chairman-tarique-rahman-after-bangladesh-win/articleshow/128342632.cms
2026-02-14 13:03:41,485 - INFO - [Times of India] Attempt 1/1: Trying with 'selenium_browser' strategy...
2026-02-14 13:03:42,206 - INFO - [Times of India] Page content loaded.
2026-02-14 13:03:42,335 - INFO - [Times of India] Success with 'selenium_browser'. Found content (523 words).
2026-02-14 13:03:42,402 - INFO - Duplicate article skipped: 'Hindu extremism and ... ': Big remark on India ties by adviser of BNP chairman Tarique Rahman after Bangladesh win - The Times of India from Times of India
2026-02-14 13:03:43,663 - INFO - [Times of India] Article: https://timesofindia.indiatimes.com/world/middle-east/gold-bars-at-saudi-wedding-what-looked-like-24-carat-gifts-was-something-else/articleshow/128339022.cms
2026-02-14 13:03:43,663 - INFO - [Times of India] Attempt 1/1: Trying with 'selenium_browser' strategy...
2026-02-14 13:03:44,363 - INFO - [Times of India] Page content loaded.
2026-02-14 13:03:44,515 - INFO - [Times of India] Success with 'selenium_browser'. Found content (379 words).
2026-02-14 13:03:44,579 - INFO - Duplicate article skipped: ‘Gold Bars’ at Saudi wedding? What looked like 24-carat gifts was something else | World News - The Times of India from Times of India
2026-02-14 13:03:45,994 - INFO - [Times of India] Article: https://timesofindia.indiatimes.com/world/middle-east/sharjah-ruler-acts-on-public-pleas-restores-salary-and-approves-dh300000-education-aid/articleshow/128337290.cms
2026-02-14 13:03:45,994 - INFO - [Times of India] Attempt 1/1: Trying with 'selenium_browser' strategy...
2026-02-14 13:03:47,525 - INFO - [Times of India] Page content loaded.
2026-02-14 13:03:47,653 - INFO - [Times of India] Success with 'selenium_browser'. Found content (436 words).
2026-02-14 13:03:47,713 - INFO - Duplicate article skipped: Sharjah Ruler acts on public pleas, restores salary and approves Dh300,000 education aid | World News - The Times of India from Times of India
2026-02-14 13:03:48,635 - INFO - [Times of India] Article: https://timesofindia.indiatimes.com/world/rest-of-world/8000-year-old-indus-valley-civilisation-could-be-older-than-the-first-egyptian-pharaohs/articleshow/128337748.cms
2026-02-14 13:03:48,635 - INFO - [Times of India] Attempt 1/1: Trying with 'selenium_browser' strategy...
2026-02-14 13:03:49,567 - INFO - [Times of India] Page content loaded.
2026-02-14 13:03:49,701 - INFO - [Times of India] Success with 'selenium_browser'. Found content (553 words).
2026-02-14 13:03:49,767 - INFO - Duplicate article skipped: 8000-year-old Indus Valley Civilisation could be older than the first Egyptian pharaohs | World News - The Times of India from Times of India
2026-02-14 13:03:50,800 - INFO - [Times of India] Article: https://timesofindia.indiatimes.com/world/us/us-homeland-security-shuts-down-partially-as-democrats-republicans-fail-to-agree-on-funding-ice-remains-operational/articleshow/128335850.cms
2026-02-14 13:03:50,800 - INFO - [Times of India] Attempt 1/1: Trying with 'selenium_browser' strategy...
2026-02-14 13:03:51,576 - INFO - [Times of India] Page content loaded.
2026-02-14 13:03:51,702 - INFO - [Times of India] Success with 'selenium_browser'. Found content (344 words).
2026-02-14 13:03:51,766 - INFO - Duplicate article skipped: US Homeland Security shuts down partially as Democrats, Republicans fail to agree on funding; ICE remains operational - The Times of India from Times of India
2026-02-14 13:03:52,532 - INFO - [Times of India] Article: https://timesofindia.indiatimes.com/world/middle-east/why-makkahs-grand-mosque-marble-feels-cool-even-in-peak-summer-secret-behind-kaabas-chill/articleshow/128334344.cms
2026-02-14 13:03:52,532 - INFO - [Times of India] Attempt 1/1: Trying with 'selenium_browser' strategy...
2026-02-14 13:03:53,113 - INFO - [Times of India] Page content loaded.
2026-02-14 13:03:53,299 - INFO - [Times of India] Success with 'selenium_browser'. Found content (380 words).
2026-02-14 13:03:53,357 - INFO - Duplicate article skipped: Why Makkah’s Grand Mosque marble feels cool even in peak summer? Secret behind Kaaba’s chill | World News - The Times of India from Times of India
2026-02-14 13:03:54,274 - INFO - [Times of India] Article: https://timesofindia.indiatimes.com/world/us/watch-us-military-conducted-a-lethal-kinetic-strike-on-terrorist-vessel-in-carribbean-3-killed/articleshow/128334395.cms
2026-02-14 13:03:54,274 - INFO - [Times of India] Attempt 1/1: Trying with 'selenium_browser' strategy...
2026-02-14 13:03:55,151 - INFO - [Times of India] Page content loaded.
2026-02-14 13:03:55,297 - INFO - [Times of India] Success with 'selenium_browser'. Found content (273 words).
2026-02-14 13:03:55,356 - INFO - Duplicate article skipped: Watch: US military conducted a 'lethal kinetic strike' on 'terrorist' vessel in Carribbean; 3 killed - The Times of India from Times of India
2026-02-14 13:03:56,476 - INFO - [Times of India] (Thread) Finished. Attempting to shut down its Selenium driver.
2026-02-14 13:03:56,739 - INFO - [Times of India] (Thread) driver.quit() successful.
2026-02-14 13:03:56,740 - INFO - Shutting down thread pool (wait=False)...
2026-02-14 13:03:56,740 - INFO - Scraped: 0 BBC, 10 The Hindu, 2 Times of India, 1 The Guardian articles. (Total saved: 13)
2026-02-14 13:03:56,740 - INFO - --- Scraping job finished ---
2026-02-14 13:03:56,746 - INFO - --- Scraper service stopped and database connection closed. ---
2026-02-14 13:03:56,746 - INFO - --- Main thread finished. Forcing process exit to kill zombie threads. ---
