2025-12-27 22:24:17,506 - INFO - Initializing database connection at: news_articles.db
2025-12-27 22:24:17,507 - INFO - --- Scraper service started (CI Mode: Run Once) ---
2025-12-27 22:24:17,507 - INFO - --- Starting new scraping job (Parallel Mode) ---
2025-12-27 22:24:17,507 - INFO - Creating new robust session with 3 retries on 5xx/connection/read errors.
2025-12-27 22:24:17,507 - INFO - Proxy is DISABLED.
2025-12-27 22:24:17,508 - INFO - Starting scrape for BBC RSS feed: http://feeds.bbci.co.uk/news/world/rss.xml
2025-12-27 22:24:17,508 - INFO - [Times of India] (Thread) requires Selenium. Initializing driver...
2025-12-27 22:24:17,508 - INFO - Initializing headless Selenium Chrome driver (using SeleniumManager)...
2025-12-27 22:24:17,509 - INFO - Starting scrape for The Guardian RSS feed: https://www.theguardian.com/world/rss
2025-12-27 22:24:17,513 - INFO - [The Hindu] (Thread) requires Selenium. Initializing driver...
2025-12-27 22:24:17,513 - INFO - Initializing headless Selenium Chrome driver (using SeleniumManager)...
2025-12-27 22:24:17,513 - INFO - Submitted 4 jobs to thread pool. Waiting up to 300s for completion...
2025-12-27 22:24:17,703 - INFO - Found 45 articles in The Guardian RSS feed. Processing up to 10.
2025-12-27 22:24:17,704 - INFO - [The Guardian] Article: https://www.theguardian.com/world/2025/dec/27/guinea-junta-leader-mamady-doumbouya-frontrunner-president-election
2025-12-27 22:24:17,704 - INFO - [The Guardian] Attempt 1/1: Trying with 'requests_browser' strategy...
2025-12-27 22:24:17,735 - INFO - [The Guardian] Success with 'requests_browser'. Found content (681 words).
2025-12-27 22:24:17,769 - INFO - Duplicate article skipped: Opposition anger as Guinea’s junta leader is frontrunner to be elected president | Guinea | The Guardian from The Guardian
2025-12-27 22:24:17,842 - INFO - Found 27 articles in BBC RSS feed. Processing up to 10.
2025-12-27 22:24:17,843 - INFO - [BBC] Article: https://www.bbc.com/news/articles/c1dzvpg1341o?at_medium=RSS&at_campaign=rss
2025-12-27 22:24:17,843 - INFO - [BBC] Attempt 1/1: Trying with 'requests_browser' strategy...
2025-12-27 22:24:18,157 - INFO - [BBC] Success with 'requests_browser'. Found content (711 words).
2025-12-27 22:24:18,190 - INFO - Duplicate article skipped: Attack on Kyiv shows 'Russia doesn't want peace', Zelensky says from BBC
2025-12-27 22:24:18,664 - INFO - [The Guardian] Article: https://www.theguardian.com/world/2025/dec/26/israel-first-country-to-recognise-somaliland-sovereign-state
2025-12-27 22:24:18,664 - INFO - [The Guardian] Attempt 1/1: Trying with 'requests_browser' strategy...
2025-12-27 22:24:18,689 - INFO - [The Guardian] Success with 'requests_browser'. Found content (760 words).
2025-12-27 22:24:18,718 - INFO - Duplicate article skipped: Israel becomes first country to recognise Somaliland as sovereign state | Somaliland | The Guardian from The Guardian
2025-12-27 22:24:19,056 - INFO - [BBC] Article: https://www.bbc.com/news/articles/c0q5je8048xo?at_medium=RSS&at_campaign=rss
2025-12-27 22:24:19,056 - INFO - [BBC] Attempt 1/1: Trying with 'requests_browser' strategy...
2025-12-27 22:24:19,095 - INFO - [BBC] Success with 'requests_browser'. Found content (597 words).
2025-12-27 22:24:19,144 - INFO - Duplicate article skipped: Thailand-Cambodia ceasefire begins after weeks of deadly clashes from BBC
2025-12-27 22:24:19,468 - INFO - [The Guardian] Article: https://www.theguardian.com/world/2025/dec/26/british-egyptian-activist-alaa-abd-el-fattah-arrives-in-uk-after-travel-ban-lifted
2025-12-27 22:24:19,468 - INFO - [The Guardian] Attempt 1/1: Trying with 'requests_browser' strategy...
2025-12-27 22:24:19,497 - INFO - [The Guardian] Success with 'requests_browser'. Found content (667 words).
2025-12-27 22:24:19,535 - INFO - Duplicate article skipped: British-Egyptian activist Alaa Abd el-Fattah arrives in UK after travel ban lifted | Egypt | The Guardian from The Guardian
2025-12-27 22:24:19,649 - INFO - [BBC] Article: https://www.bbc.com/news/articles/c0je0l55zq3o?at_medium=RSS&at_campaign=rss
2025-12-27 22:24:19,649 - INFO - [BBC] Attempt 1/1: Trying with 'requests_browser' strategy...
2025-12-27 22:24:19,686 - INFO - [BBC] Success with 'requests_browser'. Found content (232 words).
2025-12-27 22:24:19,717 - INFO - Duplicate article skipped: New York snowstorm sparks travel chaos from BBC
2025-12-27 22:24:20,731 - INFO - [BBC] Article: https://www.bbc.com/news/articles/cqxq59np394o?at_medium=RSS&at_campaign=rss
2025-12-27 22:24:20,731 - INFO - [BBC] Attempt 1/1: Trying with 'requests_browser' strategy...
2025-12-27 22:24:20,757 - INFO - [BBC] Success with 'requests_browser'. Found content (278 words).
2025-12-27 22:24:20,789 - INFO - Duplicate article skipped: Nine arrested in Italy for allegedly raising millions for Hamas from BBC
2025-12-27 22:24:20,927 - INFO - [The Guardian] Article: https://www.theguardian.com/us-news/2025/dec/26/trump-supporters-nigeria-airstrikes
2025-12-27 22:24:20,928 - INFO - [The Guardian] Attempt 1/1: Trying with 'requests_browser' strategy...
2025-12-27 22:24:20,960 - INFO - [The Guardian] Success with 'requests_browser'. Found content (853 words).
2025-12-27 22:24:21,002 - INFO - Duplicate article skipped: Trump supporters hail US strikes in Nigeria as ‘amazing Christmas present’ | Republicans | The Guardian from The Guardian
2025-12-27 22:24:21,684 - INFO - [The Guardian] Article: https://www.theguardian.com/us-news/live/2025/dec/26/us-nigeria-strikes-militants-donald-trump-zelenskyy-ukraine-epstein-us-politics-latest-news-updates
2025-12-27 22:24:21,684 - INFO - [The Guardian] Attempt 1/1: Trying with 'requests_browser' strategy...
2025-12-27 22:24:21,912 - INFO - [The Guardian] Success with 'requests_browser'. Found content (3124 words).
2025-12-27 22:24:22,022 - INFO - [BBC] Article: https://www.bbc.com/news/articles/cwyxller1j5o?at_medium=RSS&at_campaign=rss
2025-12-27 22:24:22,022 - INFO - [BBC] Attempt 1/1: Trying with 'requests_browser' strategy...
2025-12-27 22:24:22,023 - INFO - Duplicate article skipped: Nigeria provided US with intelligence for strikes on Islamist militants, says foreign minister – as it happened | US politics | The Guardian from The Guardian
2025-12-27 22:24:22,058 - INFO - [BBC] Success with 'requests_browser'. Found content (1476 words).
2025-12-27 22:24:22,094 - INFO - Duplicate article skipped: Myanmar election: Fear and intimidation ahead of vote held by military rulers from BBC
2025-12-27 22:24:23,358 - INFO - [The Guardian] Article: https://www.theguardian.com/world/2025/dec/26/venezuela-political-prisoner-release
2025-12-27 22:24:23,358 - INFO - [The Guardian] Attempt 1/1: Trying with 'requests_browser' strategy...
2025-12-27 22:24:23,383 - INFO - [The Guardian] Success with 'requests_browser'. Found content (540 words).
2025-12-27 22:24:23,415 - INFO - Duplicate article skipped: Venezuela says it released 99 people detained for 2024 election protests | Venezuela | The Guardian from The Guardian
2025-12-27 22:24:23,463 - INFO - [BBC] Article: https://www.bbc.com/news/articles/cj69j8l918do?at_medium=RSS&at_campaign=rss
2025-12-27 22:24:23,463 - INFO - [BBC] Attempt 1/1: Trying with 'requests_browser' strategy...
2025-12-27 22:24:23,500 - INFO - [BBC] Success with 'requests_browser'. Found content (758 words).
2025-12-27 22:24:23,534 - INFO - Duplicate article skipped: US launches strikes against Islamic State in Nigeria from BBC
2025-12-27 22:24:24,800 - INFO - [BBC] Article: https://www.bbc.com/news/articles/c23ejnge95jo?at_medium=RSS&at_campaign=rss
2025-12-27 22:24:24,800 - INFO - [BBC] Attempt 1/1: Trying with 'requests_browser' strategy...
2025-12-27 22:24:24,827 - INFO - [BBC] Success with 'requests_browser'. Found content (329 words).
2025-12-27 22:24:24,855 - INFO - Duplicate article skipped: Four hikers found dead after avalanche in central Greece from BBC
2025-12-27 22:24:24,904 - INFO - [The Guardian] Article: https://www.theguardian.com/world/2025/dec/26/weather-tracker-deep-freeze-canada-us-records-warmest-christmas
2025-12-27 22:24:24,904 - INFO - [The Guardian] Attempt 1/1: Trying with 'requests_browser' strategy...
2025-12-27 22:24:24,926 - INFO - [The Guardian] Success with 'requests_browser'. Found content (361 words).
2025-12-27 22:24:24,955 - INFO - Duplicate article skipped: Weather tracker: Deep freeze grips Canada as US records warmest Christmas | Canada | The Guardian from The Guardian
2025-12-27 22:24:25,473 - INFO - [BBC] Article: https://www.bbc.com/news/articles/c157e9dddwwo?at_medium=RSS&at_campaign=rss
2025-12-27 22:24:25,473 - INFO - [BBC] Attempt 1/1: Trying with 'requests_browser' strategy...
2025-12-27 22:24:25,495 - INFO - [BBC] Success with 'requests_browser'. Found content (289 words).
2025-12-27 22:24:25,513 - INFO - [The Guardian] Article: https://www.theguardian.com/environment/2025/dec/25/they-are-scared-of-us-now-how-one-tropical-forest-turned-the-tide-on-loggers
2025-12-27 22:24:25,513 - INFO - [The Guardian] Attempt 1/1: Trying with 'requests_browser' strategy...
2025-12-27 22:24:25,525 - INFO - Duplicate article skipped: Two dead in 50-vehicle pile up on Japan highway from BBC
2025-12-27 22:24:25,544 - INFO - [The Guardian] Success with 'requests_browser'. Found content (1079 words).
2025-12-27 22:24:25,580 - INFO - Duplicate article skipped: ‘They’re scared of us now’: how co-investment in a tropical forest saw off loggers | Panama | The Guardian from The Guardian
2025-12-27 22:24:26,382 - INFO - [BBC] Article: https://www.bbc.com/news/articles/c9d9znp22pyo?at_medium=RSS&at_campaign=rss
2025-12-27 22:24:26,383 - INFO - [BBC] Attempt 1/1: Trying with 'requests_browser' strategy...
2025-12-27 22:24:26,426 - INFO - [BBC] Success with 'requests_browser'. Found content (396 words).
2025-12-27 22:24:26,458 - INFO - Duplicate article skipped: Two killed in suspected Palestinian ramming and knife attack in Israel from BBC
2025-12-27 22:24:26,705 - INFO - [The Guardian] Article: https://www.theguardian.com/world/2025/dec/25/cape-froward-new-national-park-patagonia-chile
2025-12-27 22:24:26,705 - INFO - [The Guardian] Attempt 1/1: Trying with 'requests_browser' strategy...
2025-12-27 22:24:26,739 - INFO - [The Guardian] Success with 'requests_browser'. Found content (939 words).
2025-12-27 22:24:26,777 - INFO - Duplicate article skipped: ‘It’s the wildest place I have walked’: new national park will join up Chile’s 2,800km wildlife corridor | Chile | The Guardian from The Guardian
2025-12-27 22:24:27,265 - INFO - [BBC] Article: https://www.bbc.com/news/articles/cx25387dj8no?at_medium=RSS&at_campaign=rss
2025-12-27 22:24:27,265 - INFO - [BBC] Attempt 1/1: Trying with 'requests_browser' strategy...
2025-12-27 22:24:27,293 - INFO - [BBC] Success with 'requests_browser'. Found content (386 words).
2025-12-27 22:24:27,322 - INFO - Duplicate article skipped: Homs: Deadly explosion during Friday prayers inside Syrian mosque from BBC
2025-12-27 22:24:27,518 - INFO - Selenium driver initialized successfully.
2025-12-27 22:24:27,518 - INFO - Selenium driver initialized successfully.
2025-12-27 22:24:27,518 - INFO - Starting scrape for Times of India RSS feed: https://timesofindia.indiatimes.com/rssfeeds/296589292.cms
2025-12-27 22:24:27,519 - INFO - Starting scrape for The Hindu RSS feed: https://www.thehindu.com/news/national/feeder/default.rss
2025-12-27 22:24:27,568 - INFO - [The Guardian] Article: https://www.theguardian.com/world/2025/dec/24/honduras-nasry-tito-asfura-declared-president-donald-trump-backed
2025-12-27 22:24:27,568 - INFO - [The Guardian] Attempt 1/1: Trying with 'requests_browser' strategy...
2025-12-27 22:24:27,597 - INFO - [The Guardian] Success with 'requests_browser'. Found content (577 words).
2025-12-27 22:24:27,637 - INFO - Duplicate article skipped: Trump-backed candidate Asfura declared new president of Honduras | Honduras | The Guardian from The Guardian
2025-12-27 22:24:27,745 - INFO - Found 20 articles in Times of India RSS feed. Processing up to 10.
2025-12-27 22:24:27,745 - INFO - [Times of India] Article: https://timesofindia.indiatimes.com/world/us/empty-childcare-centres-and-millions-paid-youtuber-nick-shirleys-investigation-sparks-outrage-over-alleged-minnesota-welfare-fraud/articleshow/126209085.cms
2025-12-27 22:24:27,745 - INFO - [Times of India] Attempt 1/1: Trying with 'selenium_browser' strategy...
2025-12-27 22:24:28,398 - INFO - Found 100 articles in The Hindu RSS feed. Processing up to 10.
2025-12-27 22:24:28,398 - INFO - [The Hindu] Article: https://www.thehindu.com/news/national/what-are-indias-diplomatic-headwinds-in-2026-explained/article70443191.ece
2025-12-27 22:24:28,398 - INFO - [The Hindu] Attempt 1/1: Trying with 'selenium_browser' strategy...
2025-12-27 22:24:32,312 - INFO - [The Hindu] Page content loaded.
2025-12-27 22:24:32,458 - INFO - [The Hindu] Success with 'selenium_browser'. Found content (1231 words).
2025-12-27 22:24:32,597 - INFO - Saved article: What are India’s diplomatic headwinds in 2026?: Explained - The Hindu from The Hindu
2025-12-27 22:24:33,644 - INFO - [The Hindu] Article: https://www.thehindu.com/news/national/kerala/vv-rajesh-saffron-entry/article70444162.ece
2025-12-27 22:24:33,644 - INFO - [The Hindu] Attempt 1/1: Trying with 'selenium_browser' strategy...
2025-12-27 22:24:41,520 - INFO - [Times of India] Page content loaded.
2025-12-27 22:24:41,852 - INFO - [The Hindu] Page content loaded.
2025-12-27 22:24:42,119 - INFO - [The Hindu] Success with 'selenium_browser'. Found content (709 words).
2025-12-27 22:24:42,194 - INFO - Duplicate article skipped: V.V. Rajesh: Saffron entry - The Hindu from The Hindu
2025-12-27 22:24:42,204 - INFO - [Times of India] Success with 'selenium_browser'. Found content (617 words).
2025-12-27 22:24:42,558 - INFO - Saved article: Empty childcare centres and millions paid: YouTuber Nick Shirley's investigation sparks outrage over alleged Minnesota welfare fraud - The Times of India from Times of India
2025-12-27 22:24:43,240 - INFO - [The Hindu] Article: https://www.thehindu.com/news/national/kerala/dramatic-scenes-mark-election-of-kasaragod-district-panchayat-president/article70444199.ece
2025-12-27 22:24:43,240 - INFO - [The Hindu] Attempt 1/1: Trying with 'selenium_browser' strategy...
2025-12-27 22:24:44,035 - INFO - [Times of India] Article: https://timesofindia.indiatimes.com/world/us/school-uniforms-binoculars-and-more-jeffrey-epsteins-amazon-purchases-revealed-in-doj-files/articleshow/126208809.cms
2025-12-27 22:24:44,035 - INFO - [Times of India] Attempt 1/1: Trying with 'selenium_browser' strategy...
2025-12-27 22:24:46,531 - INFO - [The Hindu] Page content loaded.
2025-12-27 22:24:46,623 - INFO - [The Hindu] Success with 'selenium_browser'. Found content (272 words).
2025-12-27 22:24:46,686 - INFO - Duplicate article skipped: Dramatic scenes mark election of Kasaragod district panchayat president - The Hindu from The Hindu
2025-12-27 22:24:46,821 - INFO - [Times of India] Page content loaded.
2025-12-27 22:24:47,163 - INFO - [Times of India] Success with 'selenium_browser'. Found content (453 words).
2025-12-27 22:24:47,449 - INFO - Saved article: School uniforms, binoculars and more: Jeffrey Epstein’s Amazon purchases revealed in DOJ files - The Times of India from Times of India
2025-12-27 22:24:47,579 - INFO - [The Hindu] Article: https://www.thehindu.com/news/national/tamil-nadu/vb-g-ram-g-no-measure-of-reform-says-thannatchi/article70443468.ece
2025-12-27 22:24:47,579 - INFO - [The Hindu] Attempt 1/1: Trying with 'selenium_browser' strategy...
2025-12-27 22:24:48,805 - INFO - [Times of India] Article: https://timesofindia.indiatimes.com/world/rest-of-world/hiding-in-frigid-woods-migrants-arrested-at-us-border-entering-canada-on-foot-fighting-frostbite/articleshow/126209069.cms
2025-12-27 22:24:48,805 - INFO - [Times of India] Attempt 1/1: Trying with 'selenium_browser' strategy...
2025-12-27 22:24:54,161 - INFO - [The Hindu] Page content loaded.
2025-12-27 22:24:54,442 - INFO - [The Hindu] Success with 'selenium_browser'. Found content (166 words).
2025-12-27 22:24:54,899 - INFO - Duplicate article skipped: VB-G RAM G - no measure of reform, says Thannatchi - The Hindu from The Hindu
2025-12-27 22:24:55,683 - INFO - [The Hindu] Article: https://www.thehindu.com/news/national/kerala/parties-public-cry-foul-as-sir-drive-excludes-lakhs-of-voters-in-kerala/article70441058.ece
2025-12-27 22:24:55,683 - INFO - [The Hindu] Attempt 1/1: Trying with 'selenium_browser' strategy...
2025-12-27 22:24:57,376 - INFO - [Times of India] Page content loaded.
2025-12-27 22:24:57,582 - INFO - [Times of India] Success with 'selenium_browser'. Found content (272 words).
2025-12-27 22:24:57,671 - INFO - Saved article: Hiding in frigid woods: Migrants arrested at US border, entering Canada on foot, fighting frostbite - The Times of India from Times of India
2025-12-27 22:24:58,791 - INFO - [Times of India] Article: https://timesofindia.indiatimes.com/world/us/how-are-you-stranded-in-your-own-country-maga-mocks-as-h-1b-visa-holders-stranded-by-stamping-delays/articleshow/126208726.cms
2025-12-27 22:24:58,791 - INFO - [Times of India] Attempt 1/1: Trying with 'selenium_browser' strategy...
2025-12-27 22:24:59,679 - INFO - [The Hindu] Page content loaded.
2025-12-27 22:24:59,978 - INFO - [The Hindu] Success with 'selenium_browser'. Found content (1608 words).
2025-12-27 22:25:00,086 - INFO - Duplicate article skipped: Parties, public cry foul as SIR drive excludes lakhs of voters in Kerala - The Hindu from The Hindu
2025-12-27 22:25:01,317 - INFO - [The Hindu] Article: https://www.thehindu.com/news/national/madhya-pradesh/mp-congress-media-head-quits-amid-discontent-rumours-party-declines-resignation/article70444063.ece
2025-12-27 22:25:01,317 - INFO - [The Hindu] Attempt 1/1: Trying with 'selenium_browser' strategy...
2025-12-27 22:25:06,617 - INFO - [The Hindu] Page content loaded.
2025-12-27 22:25:06,750 - INFO - [The Hindu] Success with 'selenium_browser'. Found content (471 words).
2025-12-27 22:25:07,006 - INFO - Duplicate article skipped: M.P. Congress media head quits amid discontent rumours; party declines resignation - The Hindu from The Hindu
2025-12-27 22:25:07,728 - INFO - [Times of India] Page content loaded.
2025-12-27 22:25:07,986 - INFO - [Times of India] Success with 'selenium_browser'. Found content (331 words).
2025-12-27 22:25:08,066 - INFO - Duplicate article skipped: ‘Hire an American’: MAGA mocks as H-1B visa holders stranded by stamping delays - The Times of India from Times of India
2025-12-27 22:25:08,462 - INFO - [The Hindu] Article: https://www.thehindu.com/news/national/sc-special-bench-to-hear-suo-motu-case-on-definition-of-aravalis/article70444386.ece
2025-12-27 22:25:08,462 - INFO - [The Hindu] Attempt 1/1: Trying with 'selenium_browser' strategy...
2025-12-27 22:25:09,050 - INFO - [Times of India] Article: https://timesofindia.indiatimes.com/world/us/racist-and-it-sucks-podcaster-brad-polumbo-slams-nick-fuentes-for-attack-on-anchor-baby-indian-origin-republican-vivek-ramaswamy/articleshow/126207363.cms
2025-12-27 22:25:09,050 - INFO - [Times of India] Attempt 1/1: Trying with 'selenium_browser' strategy...
2025-12-27 22:25:12,884 - INFO - [The Hindu] Page content loaded.
2025-12-27 22:25:13,359 - INFO - [The Hindu] Success with 'selenium_browser'. Found content (363 words).
2025-12-27 22:25:13,766 - INFO - Duplicate article skipped: Supreme Court special bench to hear suo motu case on ‘definition’ of Aravalli - The Hindu from The Hindu
2025-12-27 22:25:14,940 - INFO - [The Hindu] Article: https://www.thehindu.com/news/national/two-killed-as-bjp-youth-wing-leader-crashes-car-into-people-in-morena-district-in-madhya-pradesh/article70444425.ece
2025-12-27 22:25:14,941 - INFO - [The Hindu] Attempt 1/1: Trying with 'selenium_browser' strategy...
2025-12-27 22:25:16,307 - INFO - [The Hindu] Page content loaded.
2025-12-27 22:25:16,420 - INFO - [The Hindu] Success with 'selenium_browser'. Found content (267 words).
2025-12-27 22:25:16,536 - INFO - Duplicate article skipped: Two killed as BJP youth wing leader crashes car into people in Morena district in Madhya Pradesh - The Hindu from The Hindu
2025-12-27 22:25:16,719 - INFO - [Times of India] Page content loaded.
2025-12-27 22:25:17,042 - INFO - [Times of India] Success with 'selenium_browser'. Found content (521 words).
2025-12-27 22:25:17,133 - INFO - [The Hindu] Article: https://www.thehindu.com/news/cities/Hyderabad/sikh-community-commemorates-guru-gobind-singhs-359th-prakash-utsav-in-telangana/article70444095.ece
2025-12-27 22:25:17,133 - INFO - [The Hindu] Attempt 1/1: Trying with 'selenium_browser' strategy...
2025-12-27 22:25:17,306 - INFO - Duplicate article skipped: 'Racist and it ... ': Podcaster Brad Polumbo slams Nick Fuentes for attack on 'anchor baby' Indian-origin Republican Vivek Ramaswamy - The Times of India from Times of India
2025-12-27 22:25:18,318 - INFO - [Times of India] Article: https://timesofindia.indiatimes.com/world/us/lara-trump-reveals-who-will-take-karoline-leavitts-position-when-she-takes-maternity-leave-white-house-spokesperson-approves/articleshow/126208799.cms
2025-12-27 22:25:18,318 - INFO - [Times of India] Attempt 1/1: Trying with 'selenium_browser' strategy...
2025-12-27 22:25:19,752 - INFO - [Times of India] Page content loaded.
2025-12-27 22:25:20,168 - INFO - [Times of India] Success with 'selenium_browser'. Found content (354 words).
2025-12-27 22:25:20,245 - INFO - Saved article: Lara Trump reveals who will take Karoline Leavitt's position when she takes maternity leave; White House spokesperson approves - The Times of India from Times of India
2025-12-27 22:25:21,011 - INFO - [The Hindu] Page content loaded.
2025-12-27 22:25:21,086 - INFO - [The Hindu] Success with 'selenium_browser'. Found content (217 words).
2025-12-27 22:25:21,160 - INFO - Duplicate article skipped: Sikh community commemorates Guru Gobind Singh’s 359th Prakash Utsav in Telangana - The Hindu from The Hindu
2025-12-27 22:25:21,356 - INFO - [Times of India] Article: https://timesofindia.indiatimes.com/world/rest-of-world/we-are-canadian-citizens-paid-taxes-fundraiser-for-indian-origin-man-who-died-in-canada-waiting-at-er-seeks-justice/articleshow/126208143.cms
2025-12-27 22:25:21,356 - INFO - [Times of India] Attempt 1/1: Trying with 'selenium_browser' strategy...
2025-12-27 22:25:22,374 - INFO - [The Hindu] Article: https://www.thehindu.com/news/national/bihar/bihar-bjp-president-saraogi-meets-shah-and-nadda-in-delhi/article70444105.ece
2025-12-27 22:25:22,374 - INFO - [The Hindu] Attempt 1/1: Trying with 'selenium_browser' strategy...
2025-12-27 22:25:22,991 - INFO - [Times of India] Page content loaded.
2025-12-27 22:25:23,131 - INFO - [Times of India] Success with 'selenium_browser'. Found content (320 words).
2025-12-27 22:25:23,237 - INFO - Saved article: 'We are Canadian citizens, paid taxes': Fundraiser for Indian-origin man who died in Canada waiting at ER seeks justice - The Times of India from Times of India
2025-12-27 22:25:23,437 - INFO - [The Hindu] Page content loaded.
2025-12-27 22:25:23,690 - INFO - [The Hindu] Success with 'selenium_browser'. Found content (284 words).
2025-12-27 22:25:23,845 - INFO - Duplicate article skipped: Bihar BJP President Saraogi meets Shah and Nadda in Delhi - The Hindu from The Hindu
2025-12-27 22:25:24,693 - INFO - [Times of India] Article: https://timesofindia.indiatimes.com/world/us/meet-jayshree-ullal-indian-origin-billionaire-at-the-top-of-huruns-rich-list/articleshow/126206287.cms
2025-12-27 22:25:24,693 - INFO - [Times of India] Attempt 1/1: Trying with 'selenium_browser' strategy...
2025-12-27 22:25:24,932 - INFO - [The Hindu] (Thread) Finished. Attempting to shut down its Selenium driver.
2025-12-27 22:25:25,071 - INFO - [The Hindu] (Thread) driver.quit() successful.
2025-12-27 22:25:25,548 - INFO - [Times of India] Page content loaded.
2025-12-27 22:25:25,732 - INFO - [Times of India] Success with 'selenium_browser'. Found content (309 words).
2025-12-27 22:25:25,902 - INFO - Duplicate article skipped: Meet Jayshree Ullal: Indian-origin billionaire at the top of Hurun's rich list - The Times of India from Times of India
2025-12-27 22:25:26,825 - INFO - [Times of India] Article: https://timesofindia.indiatimes.com/world/us/mora-namdars-net-worth-education-and-love-life-what-to-know-about-trumps-new-secretary-for-consular-affairs/articleshow/126207381.cms
2025-12-27 22:25:26,825 - INFO - [Times of India] Attempt 1/1: Trying with 'selenium_browser' strategy...
2025-12-27 22:25:27,468 - INFO - [Times of India] Page content loaded.
2025-12-27 22:25:27,596 - INFO - [Times of India] Success with 'selenium_browser'. Found content (424 words).
2025-12-27 22:25:27,688 - INFO - Duplicate article skipped: Mora Namdar's net worth, education and love life: What to know about Trump's new Secretary for Consular Affairs - The Times of India from Times of India
2025-12-27 22:25:28,641 - INFO - [Times of India] Article: https://timesofindia.indiatimes.com/web-series/news/english/why-will-byers-gay-confession-has-maga-viewers-fuming-and-stranger-things-fans-split/articleshow/126203089.cms
2025-12-27 22:25:28,641 - INFO - [Times of India] Attempt 1/1: Trying with 'selenium_browser' strategy...
2025-12-27 22:25:29,537 - INFO - [Times of India] Page content loaded.
2025-12-27 22:25:29,622 - INFO - [Times of India] Success with 'selenium_browser'. Found content (1430 words).
2025-12-27 22:25:29,674 - INFO - Duplicate article skipped: Why Will Byers’ gay confession has MAGA viewers fuming and Stranger Things fans split | - The Times of India from Times of India
2025-12-27 22:25:30,359 - INFO - [Times of India] (Thread) Finished. Attempting to shut down its Selenium driver.
2025-12-27 22:25:30,494 - INFO - [Times of India] (Thread) driver.quit() successful.
2025-12-27 22:25:30,494 - INFO - Shutting down thread pool (wait=False)...
2025-12-27 22:25:30,494 - INFO - Scraped: 0 The Guardian, 0 BBC, 1 The Hindu, 5 Times of India articles. (Total saved: 6)
2025-12-27 22:25:30,494 - INFO - --- Scraping job finished ---
2025-12-27 22:25:30,500 - INFO - --- Scraper service stopped and database connection closed. ---
2025-12-27 22:25:30,500 - INFO - --- Main thread finished. Forcing process exit to kill zombie threads. ---
