2025-12-20 08:32:16,814 - INFO - Initializing database connection at: news_articles.db
2025-12-20 08:32:16,815 - INFO - --- Scraper service started (CI Mode: Run Once) ---
2025-12-20 08:32:16,815 - INFO - --- Starting new scraping job (Parallel Mode) ---
2025-12-20 08:32:16,815 - INFO - Creating new robust session with 3 retries on 5xx/connection/read errors.
2025-12-20 08:32:16,815 - INFO - Proxy is DISABLED.
2025-12-20 08:32:16,815 - INFO - Starting scrape for BBC RSS feed: http://feeds.bbci.co.uk/news/world/rss.xml
2025-12-20 08:32:16,816 - INFO - [Times of India] (Thread) requires Selenium. Initializing driver...
2025-12-20 08:32:16,816 - INFO - Initializing headless Selenium Chrome driver (using SeleniumManager)...
2025-12-20 08:32:16,816 - INFO - Starting scrape for The Guardian RSS feed: https://www.theguardian.com/world/rss
2025-12-20 08:32:16,817 - INFO - [The Hindu] (Thread) requires Selenium. Initializing driver...
2025-12-20 08:32:16,817 - INFO - Initializing headless Selenium Chrome driver (using SeleniumManager)...
2025-12-20 08:32:16,817 - INFO - Submitted 4 jobs to thread pool. Waiting up to 300s for completion...
2025-12-20 08:32:16,897 - INFO - Found 45 articles in The Guardian RSS feed. Processing up to 10.
2025-12-20 08:32:16,898 - INFO - [The Guardian] Article: https://www.theguardian.com/society/2025/dec/19/hepatitis-b-vaccine-study-guinea-bissau-rfk
2025-12-20 08:32:16,898 - INFO - [The Guardian] Attempt 1/1: Trying with 'requests_browser' strategy...
2025-12-20 08:32:16,925 - INFO - [The Guardian] Success with 'requests_browser'. Found content (1565 words).
2025-12-20 08:32:16,958 - INFO - Duplicate article skipped: US plan for $1.6m hepatitis B vaccine study in Africa called ‘highly unethical’ | Vaccines and immunisation | The Guardian from The Guardian
2025-12-20 08:32:17,121 - INFO - Found 36 articles in BBC RSS feed. Processing up to 10.
2025-12-20 08:32:17,121 - INFO - [BBC] Article: https://www.bbc.com/news/articles/c5yq7zzw618o?at_medium=RSS&at_campaign=rss
2025-12-20 08:32:17,121 - INFO - [BBC] Attempt 1/1: Trying with 'requests_browser' strategy...
2025-12-20 08:32:17,223 - INFO - [BBC] Success with 'requests_browser'. Found content (560 words).
2025-12-20 08:32:17,255 - INFO - Duplicate article skipped: US carries out 'massive' strike against IS in Syria from BBC
2025-12-20 08:32:17,837 - INFO - [BBC] Article: https://www.bbc.com/news/articles/cp89p082y2xo?at_medium=RSS&at_campaign=rss
2025-12-20 08:32:17,837 - INFO - [BBC] Attempt 1/1: Trying with 'requests_browser' strategy...
2025-12-20 08:32:17,869 - INFO - [BBC] Success with 'requests_browser'. Found content (1125 words).
2025-12-20 08:32:17,903 - INFO - Duplicate article skipped: Putin vows no more wars if West treats Russia with respect from BBC
2025-12-20 08:32:17,971 - INFO - [The Guardian] Article: https://www.theguardian.com/global-development/2025/dec/19/colombian-mercenaries-sudan-rsf-us-sanctions-recruited-uk-registered-firms-investigation
2025-12-20 08:32:17,971 - INFO - [The Guardian] Attempt 1/1: Trying with 'requests_browser' strategy...
2025-12-20 08:32:18,093 - INFO - [The Guardian] Success with 'requests_browser'. Found content (1251 words).
2025-12-20 08:32:18,131 - INFO - Duplicate article skipped: Colombian mercenaries in Sudan ‘recruited by UK-registered firms’ | Conflict and arms | The Guardian from The Guardian
2025-12-20 08:32:18,768 - INFO - [BBC] Article: https://www.bbc.com/news/articles/c5y9ed5d1r4o?at_medium=RSS&at_campaign=rss
2025-12-20 08:32:18,768 - INFO - [BBC] Attempt 1/1: Trying with 'requests_browser' strategy...
2025-12-20 08:32:18,793 - INFO - [BBC] Success with 'requests_browser'. Found content (556 words).
2025-12-20 08:32:18,825 - INFO - Duplicate article skipped: Steve Rosenberg: Was Putin's response to my question about war in Europe an olive branch? from BBC
2025-12-20 08:32:19,125 - INFO - [The Guardian] Article: https://www.theguardian.com/global-development/2025/dec/18/morocco-genz212-protests-police-mass-arrests-beatings-detentions-rights
2025-12-20 08:32:19,125 - INFO - [The Guardian] Attempt 1/1: Trying with 'requests_browser' strategy...
2025-12-20 08:32:19,238 - INFO - [The Guardian] Success with 'requests_browser'. Found content (772 words).
2025-12-20 08:32:19,271 - INFO - Duplicate article skipped: Morocco accused of ‘horrific’ abuse of detained gen Z protesters | Morocco | The Guardian from The Guardian
2025-12-20 08:32:19,421 - INFO - [BBC] Article: https://www.bbc.com/news/articles/c14v23vppz8o?at_medium=RSS&at_campaign=rss
2025-12-20 08:32:19,421 - INFO - [BBC] Attempt 1/1: Trying with 'requests_browser' strategy...
2025-12-20 08:32:19,441 - INFO - [BBC] Success with 'requests_browser'. Found content (541 words).
2025-12-20 08:32:19,471 - INFO - Saved article: Australian state to ban intifada chants after Bondi shooting from BBC
2025-12-20 08:32:19,957 - INFO - [The Guardian] Article: https://www.theguardian.com/world/2025/dec/16/five-key-moments-in-the-assault-on-the-rights-of-women-and-girls-in-2025
2025-12-20 08:32:19,957 - INFO - [The Guardian] Attempt 1/1: Trying with 'requests_browser' strategy...
2025-12-20 08:32:19,987 - INFO - [BBC] Article: https://www.bbc.com/news/articles/c3e025vyppeo?at_medium=RSS&at_campaign=rss
2025-12-20 08:32:19,987 - INFO - [BBC] Attempt 1/1: Trying with 'requests_browser' strategy...
2025-12-20 08:32:20,014 - INFO - [BBC] Success with 'requests_browser'. Found content (817 words).
2025-12-20 08:32:20,045 - INFO - Duplicate article skipped: EU leaders to loan €90bn to Ukraine - but fail to agree on using Russian assets from BBC
2025-12-20 08:32:20,096 - INFO - [The Guardian] Success with 'requests_browser'. Found content (914 words).
2025-12-20 08:32:20,131 - INFO - Duplicate article skipped: Five key moments in the assault on the rights of women and girls in 2025 | Anti-rights movement | The Guardian from The Guardian
2025-12-20 08:32:21,220 - INFO - [The Guardian] Article: https://www.theguardian.com/world/2025/dec/16/south-africa-russia-men-tricked-fighting-ukraine
2025-12-20 08:32:21,220 - INFO - [The Guardian] Attempt 1/1: Trying with 'requests_browser' strategy...
2025-12-20 08:32:21,298 - INFO - [BBC] Article: https://www.bbc.com/news/articles/c8dy8r7lq0go?at_medium=RSS&at_campaign=rss
2025-12-20 08:32:21,298 - INFO - [BBC] Attempt 1/1: Trying with 'requests_browser' strategy...
2025-12-20 08:32:21,341 - INFO - [BBC] Success with 'requests_browser'. Found content (1597 words).
2025-12-20 08:32:21,402 - INFO - Duplicate article skipped: Palestinians tell BBC they were sexually abused in Israeli prisons from BBC
2025-12-20 08:32:21,404 - INFO - [The Guardian] Success with 'requests_browser'. Found content (503 words).
2025-12-20 08:32:21,435 - INFO - Duplicate article skipped: South Africa in talks with Russia over men ‘tricked’ into fighting in Ukraine | South Africa | The Guardian from The Guardian
2025-12-20 08:32:22,129 - INFO - [The Guardian] Article: https://www.theguardian.com/us-news/2025/dec/19/trump-venezuela-war
2025-12-20 08:32:22,129 - INFO - [The Guardian] Attempt 1/1: Trying with 'requests_browser' strategy...
2025-12-20 08:32:22,153 - INFO - [The Guardian] Success with 'requests_browser'. Found content (817 words).
2025-12-20 08:32:22,184 - INFO - Duplicate article skipped: Trump and top aides refuse to rule out war with Venezuela | US foreign policy | The Guardian from The Guardian
2025-12-20 08:32:22,851 - INFO - [BBC] Article: https://www.bbc.com/news/articles/cx251p7k23mo?at_medium=RSS&at_campaign=rss
2025-12-20 08:32:22,852 - INFO - [BBC] Attempt 1/1: Trying with 'requests_browser' strategy...
2025-12-20 08:32:22,877 - INFO - [BBC] Success with 'requests_browser'. Found content (415 words).
2025-12-20 08:32:22,907 - INFO - Duplicate article skipped: Taiwan: Knife attacker kills three after smoke bombing Taipei metro from BBC
2025-12-20 08:32:23,025 - INFO - [The Guardian] Article: https://www.theguardian.com/world/2025/dec/19/montreal-grocery-store-santas-elves-robbery
2025-12-20 08:32:23,025 - INFO - [The Guardian] Attempt 1/1: Trying with 'requests_browser' strategy...
2025-12-20 08:32:23,047 - INFO - [The Guardian] Success with 'requests_browser'. Found content (403 words).
2025-12-20 08:32:23,076 - INFO - Duplicate article skipped: Santas and elves rob Montreal grocery store to ‘give food to the needy’ | Canada | The Guardian from The Guardian
2025-12-20 08:32:23,836 - INFO - [The Guardian] Article: https://www.theguardian.com/world/2025/dec/19/colombia-eln-guerrilla-group-attack-military-base
2025-12-20 08:32:23,837 - INFO - [The Guardian] Attempt 1/1: Trying with 'requests_browser' strategy...
2025-12-20 08:32:23,859 - INFO - [The Guardian] Success with 'requests_browser'. Found content (351 words).
2025-12-20 08:32:23,889 - INFO - Duplicate article skipped: Seven Colombian soldiers killed in rebel drone attack on base near Venezuela | Colombia | The Guardian from The Guardian
2025-12-20 08:32:24,370 - INFO - [BBC] Article: https://www.bbc.com/news/articles/cp84p722m3do?at_medium=RSS&at_campaign=rss
2025-12-20 08:32:24,386 - INFO - [BBC] Attempt 1/1: Trying with 'requests_browser' strategy...
2025-12-20 08:32:24,416 - INFO - [BBC] Success with 'requests_browser'. Found content (516 words).
2025-12-20 08:32:24,447 - INFO - Duplicate article skipped: Erika Kirk endorses JD Vance for president at conservative event from BBC
2025-12-20 08:32:25,365 - INFO - [The Guardian] Article: https://www.theguardian.com/world/2025/dec/19/i-cant-think-of-a-place-more-pristine-133000-hectares-of-chilean-patagonia-preserved-after-local-fundraising
2025-12-20 08:32:25,365 - INFO - [The Guardian] Attempt 1/1: Trying with 'requests_browser' strategy...
2025-12-20 08:32:25,390 - INFO - [The Guardian] Success with 'requests_browser'. Found content (1210 words).
2025-12-20 08:32:25,425 - INFO - Duplicate article skipped: ‘I can’t think of a place more pristine’: 133,000 hectares of Chilean Patagonia preserved after local fundraising | Chile | The Guardian from The Guardian
2025-12-20 08:32:25,533 - INFO - Selenium driver initialized successfully.
2025-12-20 08:32:25,534 - INFO - Selenium driver initialized successfully.
2025-12-20 08:32:25,534 - INFO - Starting scrape for Times of India RSS feed: https://timesofindia.indiatimes.com/rssfeeds/296589292.cms
2025-12-20 08:32:25,534 - INFO - Starting scrape for The Hindu RSS feed: https://www.thehindu.com/news/national/feeder/default.rss
2025-12-20 08:32:25,632 - INFO - Found 20 articles in Times of India RSS feed. Processing up to 10.
2025-12-20 08:32:25,632 - INFO - [Times of India] Article: https://timesofindia.indiatimes.com/world/us/epstein-files-opened-from-steamy-photos-to-call-logs-whats-in-them-and-what-is-still-missing/articleshow/126088917.cms
2025-12-20 08:32:25,633 - INFO - [Times of India] Attempt 1/1: Trying with 'selenium_browser' strategy...
2025-12-20 08:32:25,837 - INFO - [BBC] Article: https://www.bbc.com/news/articles/c5y9x4pj54eo?at_medium=RSS&at_campaign=rss
2025-12-20 08:32:25,837 - INFO - [BBC] Attempt 1/1: Trying with 'requests_browser' strategy...
2025-12-20 08:32:25,865 - INFO - [BBC] Success with 'requests_browser'. Found content (346 words).
2025-12-20 08:32:25,894 - INFO - Duplicate article skipped: French court rejects Shein website ban over childlike sex dolls from BBC
2025-12-20 08:32:25,925 - INFO - Found 100 articles in The Hindu RSS feed. Processing up to 10.
2025-12-20 08:32:25,926 - INFO - [The Hindu] Article: https://www.thehindu.com/news/cities/Mangalore/udupi-chikkamagaluru-mp-kota-srinivas-poojary-demands-greenfield-expressway-between-talapady-in-dakshina-kannada-and-karwar-in-uttara-kannada/article70418946.ece
2025-12-20 08:32:25,926 - INFO - [The Hindu] Attempt 1/1: Trying with 'selenium_browser' strategy...
2025-12-20 08:32:26,176 - INFO - [The Guardian] Article: https://www.theguardian.com/world/2025/dec/18/brazilian-congress-passes-bill-cut-jair-bolsonaro-prison-term
2025-12-20 08:32:26,176 - INFO - [The Guardian] Attempt 1/1: Trying with 'requests_browser' strategy...
2025-12-20 08:32:26,206 - INFO - [The Guardian] Success with 'requests_browser'. Found content (472 words).
2025-12-20 08:32:26,253 - INFO - Duplicate article skipped: Brazilian president vows to veto bill cutting Jair Bolsonaro’s prison term | Jair Bolsonaro | The Guardian from The Guardian
2025-12-20 08:32:27,069 - INFO - [BBC] Article: https://www.bbc.com/news/articles/cp89p41gr06o?at_medium=RSS&at_campaign=rss
2025-12-20 08:32:27,069 - INFO - [BBC] Attempt 1/1: Trying with 'requests_browser' strategy...
2025-12-20 08:32:27,110 - INFO - [BBC] Success with 'requests_browser'. Found content (291 words).
2025-12-20 08:32:27,168 - INFO - Duplicate article skipped: Rome: Tourists to face €2 fee to get near Trevi Fountain from BBC
2025-12-20 08:32:29,813 - INFO - [The Hindu] Page content loaded.
2025-12-20 08:32:29,951 - INFO - [The Hindu] Success with 'selenium_browser'. Found content (324 words).
2025-12-20 08:32:30,092 - INFO - Saved article: MP demands greenfield expressway between Talapady in DK and Karwar in UK - The Hindu from The Hindu
2025-12-20 08:32:31,216 - INFO - [The Hindu] Article: https://www.thehindu.com/news/national/kerala/kerala-sir-citing-inaccuracies-in-asd-list-political-parties-demand-extension-of-sir-schedule/article70419011.ece
2025-12-20 08:32:31,216 - INFO - [The Hindu] Attempt 1/1: Trying with 'selenium_browser' strategy...
2025-12-20 08:32:34,955 - INFO - [Times of India] Page content loaded.
2025-12-20 08:32:35,096 - INFO - [The Hindu] Page content loaded.
2025-12-20 08:32:35,222 - INFO - [The Hindu] Success with 'selenium_browser'. Found content (514 words).
2025-12-20 08:32:35,364 - INFO - Saved article: Kerala SIR: Citing inaccuracies in ASD list, political parties demand extension of SIR schedule - The Hindu from The Hindu
2025-12-20 08:32:35,408 - INFO - [Times of India] Success with 'selenium_browser'. Found content (681 words).
2025-12-20 08:32:35,528 - INFO - Duplicate article skipped: Epstein files opened: From steamy photos to call logs — What's in them and what is still missing - The Times of India from Times of India
2025-12-20 08:32:36,430 - INFO - [The Hindu] Article: https://www.thehindu.com/news/national/external-affairs-minister-jaishankar-22nd-convocation-of-symbiosis-international-university-pune/article70419006.ece
2025-12-20 08:32:36,430 - INFO - [The Hindu] Attempt 1/1: Trying with 'selenium_browser' strategy...
2025-12-20 08:32:36,635 - INFO - [Times of India] Article: https://timesofindia.indiatimes.com/world/middle-east/saudi-arabia-records-rare-snowfall-in-tabuk-and-hail-as-videos-go-viral/articleshow/126088916.cms
2025-12-20 08:32:36,635 - INFO - [Times of India] Attempt 1/1: Trying with 'selenium_browser' strategy...
2025-12-20 08:32:38,549 - INFO - [The Hindu] Page content loaded.
2025-12-20 08:32:38,649 - INFO - [The Hindu] Success with 'selenium_browser'. Found content (721 words).
2025-12-20 08:32:38,711 - INFO - Saved article: World perceives India much more positively due to brand and talent, says Jaishankar - The Hindu from The Hindu
2025-12-20 08:32:38,795 - INFO - [Times of India] Page content loaded.
2025-12-20 08:32:39,218 - INFO - [The Hindu] Article: https://www.thehindu.com/news/national/low-visibility-prevents-pms-helicopter-from-landing-in-taherpur-modi-returns-to-kolkata-airport/article70418998.ece
2025-12-20 08:32:39,219 - INFO - [The Hindu] Attempt 1/1: Trying with 'selenium_browser' strategy...
2025-12-20 08:32:39,535 - INFO - [Times of India] Success with 'selenium_browser'. Found content (517 words).
2025-12-20 08:32:39,689 - INFO - Duplicate article skipped: Saudi Arabia records rare snowfall in Tabuk and Hail as videos go viral | World News - The Times of India from Times of India
2025-12-20 08:32:40,403 - INFO - [The Hindu] Page content loaded.
2025-12-20 08:32:40,650 - INFO - [Times of India] Article: https://timesofindia.indiatimes.com/world/us/elise-stefanik-exits-politics-donald-trumps-ally-quits-new-york-governor-race-but-why/articleshow/126088298.cms
2025-12-20 08:32:40,650 - INFO - [Times of India] Attempt 1/1: Trying with 'selenium_browser' strategy...
2025-12-20 08:32:40,707 - INFO - [The Hindu] Success with 'selenium_browser'. Found content (276 words).
2025-12-20 08:32:41,131 - INFO - Saved article: Modi addresses Taherpur rally virtually after dense fog prevents PM’s helicopter from landing - The Hindu from The Hindu
2025-12-20 08:32:42,136 - INFO - [The Hindu] Article: https://www.thehindu.com/sci-tech/technology/how-south-asians-became-targets-of-racist-hate-on-elon-musks-x-explained/article70418826.ece
2025-12-20 08:32:42,136 - INFO - [The Hindu] Attempt 1/1: Trying with 'selenium_browser' strategy...
2025-12-20 08:32:45,309 - INFO - [The Hindu] Page content loaded.
2025-12-20 08:32:45,546 - INFO - [The Hindu] Success with 'selenium_browser'. Found content (1146 words).
2025-12-20 08:32:45,708 - INFO - Saved article: How South Asians became targets of racist hate on Elon Musk’s X | Explained - The Hindu from The Hindu
2025-12-20 08:32:46,612 - INFO - [The Hindu] Article: https://www.thehindu.com/news/cities/chennai/fire-breaks-out-at-bsnl-office-on-anna-salai-in-chennai/article70418930.ece
2025-12-20 08:32:46,612 - INFO - [The Hindu] Attempt 1/1: Trying with 'selenium_browser' strategy...
2025-12-20 08:32:46,921 - INFO - [Times of India] Page content loaded.
2025-12-20 08:32:47,325 - INFO - [Times of India] Success with 'selenium_browser'. Found content (562 words).
2025-12-20 08:32:47,586 - INFO - Duplicate article skipped: Elise Stefanik exits politics: Donald Trump’s ally quits New York governor race — but why? - The Times of India from Times of India
2025-12-20 08:32:48,578 - INFO - [Times of India] Article: https://timesofindia.indiatimes.com/world/us/from-eisenhower-to-trump-how-us-presidents-shaped-the-kennedy-center/articleshow/126088564.cms
2025-12-20 08:32:48,578 - INFO - [Times of India] Attempt 1/1: Trying with 'selenium_browser' strategy...
2025-12-20 08:32:56,668 - INFO - [Times of India] Page content loaded.
2025-12-20 08:32:57,035 - INFO - [Times of India] Success with 'selenium_browser'. Found content (713 words).
2025-12-20 08:32:57,240 - INFO - Duplicate article skipped: From Eisenhower to Trump: How US presidents shaped the Kennedy Center - The Times of India from Times of India
2025-12-20 08:32:58,336 - INFO - [Times of India] Article: https://timesofindia.indiatimes.com/world/us/watch-us-strikes-over-70-targets-in-syria-calls-it-declaration-of-vengeance/articleshow/126087663.cms
2025-12-20 08:32:58,336 - INFO - [Times of India] Attempt 1/1: Trying with 'selenium_browser' strategy...
2025-12-20 08:32:59,744 - INFO - [Times of India] Page content loaded.
2025-12-20 08:32:59,972 - INFO - [Times of India] Success with 'selenium_browser'. Found content (654 words).
2025-12-20 08:33:00,034 - INFO - Duplicate article skipped: Watch: US strikes over 70 targets in Syria; calls it 'declaration of vengeance' - The Times of India from Times of India
2025-12-20 08:33:01,164 - INFO - [Times of India] Article: https://timesofindia.indiatimes.com/business/international-business/who-is-anand-varadarajan-starbucks-appoints-indian-national-as-chief-technology-officer/articleshow/126087136.cms
2025-12-20 08:33:01,164 - INFO - [Times of India] Attempt 1/1: Trying with 'selenium_browser' strategy...
2025-12-20 08:33:02,459 - INFO - [Times of India] Page content loaded.
2025-12-20 08:33:02,605 - INFO - [Times of India] Success with 'selenium_browser'. Found content (288 words).
2025-12-20 08:33:02,664 - INFO - Duplicate article skipped: Who is Anand Varadarajan? Starbucks appoints Indian national as chief technology officer - The Times of India from Times of India
2025-12-20 08:33:03,986 - INFO - [Times of India] Article: https://timesofindia.indiatimes.com/world/us/brown-university-shooting-how-a-reddit-post-helped-police-track-the-shooter/articleshow/126086882.cms
2025-12-20 08:33:03,986 - INFO - [Times of India] Attempt 1/1: Trying with 'selenium_browser' strategy...
2025-12-20 08:33:05,266 - INFO - [Times of India] Page content loaded.
2025-12-20 08:33:05,432 - INFO - [Times of India] Success with 'selenium_browser'. Found content (1192 words).
2025-12-20 08:33:05,484 - INFO - Duplicate article skipped: Brown University shooting: How a Reddit post helped police track the shooter - The Times of India from Times of India
2025-12-20 08:33:06,972 - INFO - [Times of India] Article: https://timesofindia.indiatimes.com/world/us/trump-kennedy-center-kerry-kennedy-vows-to-remove-presidents-name-maria-shriver-calls-it-not-dignified/articleshow/126086946.cms
2025-12-20 08:33:06,972 - INFO - [Times of India] Attempt 1/1: Trying with 'selenium_browser' strategy...
2025-12-20 08:33:07,833 - INFO - [Times of India] Page content loaded.
2025-12-20 08:33:08,013 - INFO - [Times of India] Success with 'selenium_browser'. Found content (504 words).
2025-12-20 08:33:08,062 - INFO - Duplicate article skipped: Trump Kennedy Center: Kerry Kennedy vows to remove president’s name; Maria Shriver calls it ‘not dignified’ - The Times of India from Times of India
2025-12-20 08:33:08,977 - INFO - [Times of India] Article: https://timesofindia.indiatimes.com/world/us/us-escalates-pressure-on-nicols-maduro-imposes-sanctions-on-family-members-who-are-they/articleshow/126087046.cms
2025-12-20 08:33:08,977 - INFO - [Times of India] Attempt 1/1: Trying with 'selenium_browser' strategy...
2025-12-20 08:33:10,120 - INFO - [Times of India] Page content loaded.
2025-12-20 08:33:10,277 - INFO - [Times of India] Success with 'selenium_browser'. Found content (330 words).
2025-12-20 08:33:10,328 - INFO - Duplicate article skipped: US escalates pressure on Nicolás Maduro, imposes sanctions on family members: Who are they? - The Times of India from Times of India
2025-12-20 08:33:11,364 - INFO - [Times of India] Article: https://timesofindia.indiatimes.com/world/us/epstein-files-released-us-justice-department-publishes-first-batch-of-documents-whats-new/articleshow/126084632.cms
2025-12-20 08:33:11,364 - INFO - [Times of India] Attempt 1/1: Trying with 'selenium_browser' strategy...
2025-12-20 08:33:12,285 - INFO - [Times of India] Page content loaded.
2025-12-20 08:33:12,457 - INFO - [Times of India] Success with 'selenium_browser'. Found content (373 words).
2025-12-20 08:33:12,506 - INFO - Duplicate article skipped: Epstein files released: US justice department publishes first batch of documents – What’s new? - The Times of India from Times of India
2025-12-20 08:33:13,713 - INFO - [Times of India] (Thread) Finished. Attempting to shut down its Selenium driver.
2025-12-20 08:33:13,902 - INFO - [Times of India] (Thread) driver.quit() successful.
2025-12-20 08:34:46,651 - ERROR - [The Hindu] Request failed for strategy 'selenium_browser' on URL https://www.thehindu.com/news/cities/chennai/fire-breaks-out-at-bsnl-office-on-anna-salai-in-chennai/article70418930.ece: HTTPConnectionPool(host='localhost', port=47127): Read timed out. (read timeout=120)
2025-12-20 08:34:46,651 - ERROR - [The Hindu] All scrape strategies failed for https://www.thehindu.com/news/cities/chennai/fire-breaks-out-at-bsnl-office-on-anna-salai-in-chennai/article70418930.ece. Falling back to RSS description.
2025-12-20 08:34:46,653 - INFO - Saved article: Fire breaks out at BSNL office on Anna Salai in Chennai from The Hindu
2025-12-20 08:34:47,744 - INFO - [The Hindu] Article: https://www.thehindu.com/news/national/kerala/sreenivasan-malayalam-film-actor-director-sreenwriter-satirist-timeline-career/article70418924.ece
2025-12-20 08:34:47,744 - INFO - [The Hindu] Attempt 1/1: Trying with 'selenium_browser' strategy...
2025-12-20 08:36:47,837 - ERROR - [The Hindu] Request failed for strategy 'selenium_browser' on URL https://www.thehindu.com/news/national/kerala/sreenivasan-malayalam-film-actor-director-sreenwriter-satirist-timeline-career/article70418924.ece: HTTPConnectionPool(host='localhost', port=47127): Read timed out. (read timeout=120)
2025-12-20 08:36:47,837 - ERROR - [The Hindu] All scrape strategies failed for https://www.thehindu.com/news/national/kerala/sreenivasan-malayalam-film-actor-director-sreenwriter-satirist-timeline-career/article70418924.ece. Falling back to RSS description.
2025-12-20 08:36:47,839 - INFO - Saved article: Malayalam film stalwart Sreenivasan’s legacy: A timeline from The Hindu
2025-12-20 08:36:48,850 - INFO - [The Hindu] Article: https://www.thehindu.com/news/national/west-bengal/pm-modi-first-political-rally-in-bengal-after-draft-roll-release-amid-sir-concerns-december-20/article70418932.ece
2025-12-20 08:36:48,850 - INFO - [The Hindu] Attempt 1/1: Trying with 'selenium_browser' strategy...
2025-12-20 08:37:16,817 - CRITICAL - --- TIMEOUT: 1 scrape jobs did not complete in 300s. ---
2025-12-20 08:37:16,818 - ERROR - A thread has timed out and will be abandoned.
2025-12-20 08:37:16,818 - INFO - Shutting down thread pool (wait=False)...
2025-12-20 08:37:16,818 - INFO - Scraped: 1 BBC, 0 The Guardian, 0 Times of India, 1 Timed_Out_Jobs articles. (Total saved: 1)
2025-12-20 08:37:16,818 - INFO - --- Scraping job finished ---
2025-12-20 08:37:16,818 - INFO - --- Scraper service stopped and database connection closed. ---
2025-12-20 08:37:16,818 - INFO - --- Main thread finished. Forcing process exit to kill zombie threads. ---
