2026-01-10 14:24:39,762 - INFO - Initializing database connection at: news_articles.db
2026-01-10 14:24:39,762 - INFO - --- Scraper service started (CI Mode: Run Once) ---
2026-01-10 14:24:39,762 - INFO - --- Starting new scraping job (Parallel Mode) ---
2026-01-10 14:24:39,762 - INFO - Creating new robust session with 3 retries on 5xx/connection/read errors.
2026-01-10 14:24:39,762 - INFO - Proxy is DISABLED.
2026-01-10 14:24:39,763 - INFO - Starting scrape for BBC RSS feed: http://feeds.bbci.co.uk/news/world/rss.xml
2026-01-10 14:24:39,763 - INFO - [Times of India] (Thread) requires Selenium. Initializing driver...
2026-01-10 14:24:39,763 - INFO - Starting scrape for The Guardian RSS feed: https://www.theguardian.com/world/rss
2026-01-10 14:24:39,763 - INFO - Initializing headless Selenium Chrome driver (using SeleniumManager)...
2026-01-10 14:24:39,764 - INFO - [The Hindu] (Thread) requires Selenium. Initializing driver...
2026-01-10 14:24:39,764 - INFO - Submitted 4 jobs to thread pool. Waiting up to 300s for completion...
2026-01-10 14:24:39,764 - INFO - Initializing headless Selenium Chrome driver (using SeleniumManager)...
2026-01-10 14:24:40,034 - INFO - Found 45 articles in The Guardian RSS feed. Processing up to 10.
2026-01-10 14:24:40,034 - INFO - [The Guardian] Article: https://www.theguardian.com/global-development/2026/jan/09/the-gambia-female-genital-mutilation-fgm-supreme-court-case-overturn-ban
2026-01-10 14:24:40,034 - INFO - [The Guardian] Attempt 1/1: Trying with 'requests_browser' strategy...
2026-01-10 14:24:40,105 - INFO - [The Guardian] Success with 'requests_browser'. Found content (850 words).
2026-01-10 14:24:40,146 - INFO - Duplicate article skipped: Attempt to overturn the Gambia’s ban on FGM heard by supreme court | Global development | The Guardian from The Guardian
2026-01-10 14:24:40,198 - INFO - Found 30 articles in BBC RSS feed. Processing up to 10.
2026-01-10 14:24:40,198 - INFO - [BBC] Article: https://www.bbc.com/news/articles/cj9rengvnp9o?at_medium=RSS&at_campaign=rss
2026-01-10 14:24:40,198 - INFO - [BBC] Attempt 1/1: Trying with 'requests_browser' strategy...
2026-01-10 14:24:40,565 - INFO - [BBC] Success with 'requests_browser'. Found content (1095 words).
2026-01-10 14:24:40,603 - INFO - Duplicate article skipped: Medics describe overwhelmed hospitals as Iran protests continue from BBC
2026-01-10 14:24:40,928 - INFO - [The Guardian] Article: https://www.theguardian.com/world/2026/jan/08/questions-targeting-impact-us-airstrikes-in-nigeria
2026-01-10 14:24:40,929 - INFO - [The Guardian] Attempt 1/1: Trying with 'requests_browser' strategy...
2026-01-10 14:24:41,134 - INFO - [The Guardian] Success with 'requests_browser'. Found content (795 words).
2026-01-10 14:24:41,170 - INFO - Duplicate article skipped: Two weeks on, questions linger over targeting and impact of US airstrikes in Nigeria | Nigeria | The Guardian from The Guardian
2026-01-10 14:24:41,381 - INFO - [BBC] Article: https://www.bbc.com/news/articles/c78vj5n7jg3o?at_medium=RSS&at_campaign=rss
2026-01-10 14:24:41,381 - INFO - [BBC] Attempt 1/1: Trying with 'requests_browser' strategy...
2026-01-10 14:24:41,439 - INFO - [BBC] Success with 'requests_browser'. Found content (571 words).
2026-01-10 14:24:41,475 - INFO - Duplicate article skipped: Trump says US needs to 'own' Greenland to prevent Russia and China from taking it from BBC
2026-01-10 14:24:41,997 - INFO - [The Guardian] Article: https://www.theguardian.com/world/2026/jan/02/anthony-joshuas-driver-charged-with-dangerous-driving-after-fatal-crash-in-nigeria
2026-01-10 14:24:41,997 - INFO - [The Guardian] Attempt 1/1: Trying with 'requests_browser' strategy...
2026-01-10 14:24:42,041 - INFO - [The Guardian] Success with 'requests_browser'. Found content (346 words).
2026-01-10 14:24:42,074 - INFO - Duplicate article skipped: Anthony Joshua’s driver charged with dangerous driving after fatal crash in Nigeria | Anthony Joshua | The Guardian from The Guardian
2026-01-10 14:24:42,339 - INFO - [BBC] Article: https://www.bbc.com/news/articles/cgrd2e7p9reo?at_medium=RSS&at_campaign=rss
2026-01-10 14:24:42,340 - INFO - [BBC] Attempt 1/1: Trying with 'requests_browser' strategy...
2026-01-10 14:24:42,398 - INFO - [BBC] Success with 'requests_browser'. Found content (1544 words).
2026-01-10 14:24:42,437 - INFO - Duplicate article skipped: Greenland residents fear for future as island embroiled in geopolitical storm from BBC
2026-01-10 14:24:43,037 - INFO - [The Guardian] Article: https://www.theguardian.com/science/2026/jan/01/cremation-pyre-in-africa-thought-to-be-worlds-oldest-containing-adult-remains
2026-01-10 14:24:43,037 - INFO - [The Guardian] Attempt 1/1: Trying with 'requests_browser' strategy...
2026-01-10 14:24:43,511 - INFO - [The Guardian] Success with 'requests_browser'. Found content (653 words).
2026-01-10 14:24:43,546 - INFO - Duplicate article skipped: Cremation pyre in Africa thought to be world’s oldest containing adult remains | Anthropology | The Guardian from The Guardian
2026-01-10 14:24:43,810 - INFO - [BBC] Article: https://www.bbc.com/news/articles/cz7yv4524gqo?at_medium=RSS&at_campaign=rss
2026-01-10 14:24:43,810 - INFO - [BBC] Attempt 1/1: Trying with 'requests_browser' strategy...
2026-01-10 14:24:43,866 - INFO - [BBC] Success with 'requests_browser'. Found content (937 words).
2026-01-10 14:24:43,904 - INFO - Duplicate article skipped: Video filmed by ICE agent who shot Minneapolis woman emerges from BBC
2026-01-10 14:24:44,544 - INFO - [BBC] Article: https://www.bbc.com/news/articles/cpwnd22lj54o?at_medium=RSS&at_campaign=rss
2026-01-10 14:24:44,544 - INFO - [BBC] Attempt 1/1: Trying with 'requests_browser' strategy...
2026-01-10 14:24:44,598 - INFO - [BBC] Success with 'requests_browser'. Found content (1087 words).
2026-01-10 14:24:44,636 - INFO - Duplicate article skipped: Anger at Swiss ski bar resort at failure to protect people from BBC
2026-01-10 14:24:45,034 - INFO - [The Guardian] Article: https://www.theguardian.com/global-development/2026/jan/01/us-aid-cuts-conditions-un-humanitarian-pledge-ocha
2026-01-10 14:24:45,034 - INFO - [The Guardian] Attempt 1/1: Trying with 'requests_browser' strategy...
2026-01-10 14:24:45,083 - INFO - [The Guardian] Success with 'requests_browser'. Found content (631 words).
2026-01-10 14:24:45,140 - INFO - Duplicate article skipped: US ‘adapt, shrink or die’ terms for $2bn aid pot will mean UN bowing down to Washington, say experts | Aid | The Guardian from The Guardian
2026-01-10 14:24:45,479 - INFO - [BBC] Article: https://www.bbc.com/news/articles/c205dx61x76o?at_medium=RSS&at_campaign=rss
2026-01-10 14:24:45,480 - INFO - [BBC] Attempt 1/1: Trying with 'requests_browser' strategy...
2026-01-10 14:24:45,539 - INFO - [BBC] Success with 'requests_browser'. Found content (815 words).
2026-01-10 14:24:45,575 - INFO - Duplicate article skipped: Trump seeks $100bn for Venezuela oil, but Exxon boss says country 'uninvestable' from BBC
2026-01-10 14:24:45,796 - INFO - [The Guardian] Article: https://www.theguardian.com/world/2026/jan/10/nicaraguan-authorities-arrests-dozens-for-reportedly-supporting-maduro-capture
2026-01-10 14:24:45,796 - INFO - [The Guardian] Attempt 1/1: Trying with 'requests_browser' strategy...
2026-01-10 14:24:45,841 - INFO - [The Guardian] Success with 'requests_browser'. Found content (324 words).
2026-01-10 14:24:45,875 - INFO - Duplicate article skipped: Nicaraguan authorities arrests dozens for reportedly supporting Maduro capture | Nicaragua | The Guardian from The Guardian
2026-01-10 14:24:46,556 - INFO - [BBC] Article: https://www.bbc.com/news/articles/cn42jqlqy4xo?at_medium=RSS&at_campaign=rss
2026-01-10 14:24:46,557 - INFO - [BBC] Attempt 1/1: Trying with 'requests_browser' strategy...
2026-01-10 14:24:46,604 - INFO - [BBC] Success with 'requests_browser'. Found content (360 words).
2026-01-10 14:24:46,633 - INFO - Duplicate article skipped: Philippines landfill collapse: Rescuers racing to find dozens still missing from BBC
2026-01-10 14:24:46,956 - INFO - [The Guardian] Article: https://www.theguardian.com/news/ng-interactive/2026/jan/10/trump-territorial-ambition-imperialism
2026-01-10 14:24:46,956 - INFO - [The Guardian] Attempt 1/1: Trying with 'requests_browser' strategy...
2026-01-10 14:24:47,012 - INFO - [The Guardian] Success with 'requests_browser'. Found content (2368 words).
2026-01-10 14:24:47,052 - INFO - Duplicate article skipped: Trump’s territorial ambition: new imperialism or a case of the emperor’s new clothes? | Trump administration | The Guardian from The Guardian
2026-01-10 14:24:47,905 - INFO - [BBC] Article: https://www.bbc.com/news/articles/ce3kqzepp5zo?at_medium=RSS&at_campaign=rss
2026-01-10 14:24:47,905 - INFO - [BBC] Attempt 1/1: Trying with 'requests_browser' strategy...
2026-01-10 14:24:47,956 - INFO - [BBC] Success with 'requests_browser'. Found content (781 words).
2026-01-10 14:24:47,997 - INFO - Duplicate article skipped: Musk says outcry over X's Grok service is 'excuse for censorship' from BBC
2026-01-10 14:24:48,442 - INFO - [The Guardian] Article: https://www.theguardian.com/us-news/2026/jan/09/trump-oil-company-executives-meeting-venezuela
2026-01-10 14:24:48,442 - INFO - [The Guardian] Attempt 1/1: Trying with 'requests_browser' strategy...
2026-01-10 14:24:48,488 - INFO - [The Guardian] Success with 'requests_browser'. Found content (776 words).
2026-01-10 14:24:48,525 - INFO - Duplicate article skipped: Trump promises oil companies ‘total safety’ in Venezuela as he urges them to invest billions | Donald Trump | The Guardian from The Guardian
2026-01-10 14:24:48,696 - INFO - [BBC] Article: https://www.bbc.com/news/articles/cn7jxm7jkg1o?at_medium=RSS&at_campaign=rss
2026-01-10 14:24:48,696 - INFO - [BBC] Attempt 1/1: Trying with 'requests_browser' strategy...
2026-01-10 14:24:48,756 - INFO - [BBC] Success with 'requests_browser'. Found content (983 words).
2026-01-10 14:24:48,792 - INFO - Duplicate article skipped: 'It was apocalyptic', woman tells Crans-Montana memorial service, as bar owner detained from BBC
2026-01-10 14:24:49,129 - INFO - [The Guardian] Article: https://www.theguardian.com/world/2026/jan/09/trump-venezuela-leadership-meeting-opposition-machado
2026-01-10 14:24:49,129 - INFO - [The Guardian] Attempt 1/1: Trying with 'requests_browser' strategy...
2026-01-10 14:24:49,185 - INFO - [The Guardian] Success with 'requests_browser'. Found content (1293 words).
2026-01-10 14:24:49,232 - INFO - Duplicate article skipped: Trump claims he has cancelled second wave of attacks on Venezuela | US attack on Venezuela | The Guardian from The Guardian
2026-01-10 14:24:49,861 - INFO - [The Guardian] Article: https://www.theguardian.com/world/2026/jan/09/eu-states-back-controversial-mercosur-deal-with-latin-american-countries
2026-01-10 14:24:49,861 - INFO - [The Guardian] Attempt 1/1: Trying with 'requests_browser' strategy...
2026-01-10 14:24:49,910 - INFO - [The Guardian] Success with 'requests_browser'. Found content (553 words).
2026-01-10 14:24:49,954 - INFO - Duplicate article skipped: EU states back controversial Mercosur deal with Latin American countries | European Union | The Guardian from The Guardian
2026-01-10 14:24:50,269 - INFO - [BBC] Article: https://www.bbc.com/news/articles/cdxj28xd542o?at_medium=RSS&at_campaign=rss
2026-01-10 14:24:50,269 - INFO - [BBC] Attempt 1/1: Trying with 'requests_browser' strategy...
2026-01-10 14:24:50,319 - INFO - [BBC] Success with 'requests_browser'. Found content (561 words).
2026-01-10 14:24:50,356 - INFO - Duplicate article skipped: US seizes fifth oil tanker linked to Venezuela, officials say from BBC
2026-01-10 14:24:52,055 - INFO - Selenium driver initialized successfully.
2026-01-10 14:24:52,055 - INFO - Starting scrape for Times of India RSS feed: https://timesofindia.indiatimes.com/rssfeeds/296589292.cms
2026-01-10 14:24:52,056 - INFO - Selenium driver initialized successfully.
2026-01-10 14:24:52,056 - INFO - Starting scrape for The Hindu RSS feed: https://www.thehindu.com/news/national/feeder/default.rss
2026-01-10 14:24:52,359 - INFO - Found 20 articles in Times of India RSS feed. Processing up to 10.
2026-01-10 14:24:52,359 - INFO - [Times of India] Article: https://timesofindia.indiatimes.com/world/rest-of-world/viral-smoking-girl-what-we-know-and-dont-know-about-khamenei-protester-breaking-the-internet/articleshow/126453371.cms
2026-01-10 14:24:52,359 - INFO - [Times of India] Attempt 1/1: Trying with 'selenium_browser' strategy...
2026-01-10 14:24:53,171 - INFO - Found 100 articles in The Hindu RSS feed. Processing up to 10.
2026-01-10 14:24:53,172 - INFO - [The Hindu] Article: https://www.thehindu.com/news/national/telangana/nalgonda-police-arrest-man-from-madhya-pradesh-for-theft-recover-600-grams-of-gold-worth-85-lakh/article70494629.ece
2026-01-10 14:24:53,172 - INFO - [The Hindu] Attempt 1/1: Trying with 'selenium_browser' strategy...
2026-01-10 14:24:55,529 - INFO - [The Hindu] Page content loaded.
2026-01-10 14:24:55,571 - INFO - [The Hindu] Success with 'selenium_browser'. Found content (355 words).
2026-01-10 14:24:55,639 - INFO - Saved article: Nalgonda police arrest man from Madhya Pradesh for theft, recover 600 grams of gold worth ₹85 lakh - The Hindu from The Hindu
2026-01-10 14:24:57,062 - INFO - [The Hindu] Article: https://www.thehindu.com/news/national/karnataka/govt-cannot-cite-labour-codes-to-put-on-hold-revision-of-minimum-wages-in-karnataka-unions/article70478167.ece
2026-01-10 14:24:57,064 - INFO - [The Hindu] Attempt 1/1: Trying with 'selenium_browser' strategy...
2026-01-10 14:25:00,875 - INFO - [The Hindu] Page content loaded.
2026-01-10 14:25:01,071 - INFO - [The Hindu] Success with 'selenium_browser'. Found content (467 words).
2026-01-10 14:25:01,478 - INFO - Saved article: Govt. cannot cite Labour Codes to put on hold revision of minimum wages in Karnataka: unions - The Hindu from The Hindu
2026-01-10 14:25:02,319 - INFO - [The Hindu] Article: https://www.thehindu.com/news/national/karnataka/kalaburagi-bengaluru-weekend-special-train-services-extended/article70490950.ece
2026-01-10 14:25:02,319 - INFO - [The Hindu] Attempt 1/1: Trying with 'selenium_browser' strategy...
2026-01-10 14:25:09,400 - INFO - [The Hindu] Page content loaded.
2026-01-10 14:25:09,472 - INFO - [The Hindu] Success with 'selenium_browser'. Found content (235 words).
2026-01-10 14:25:09,588 - INFO - Saved article: Kalaburagi-Bengaluru weekend special train services extended - The Hindu from The Hindu
2026-01-10 14:25:10,217 - INFO - [The Hindu] Article: https://www.thehindu.com/news/national/kerala/transgender-devotees-allege-harassment-at-pampa/article70495024.ece
2026-01-10 14:25:10,217 - INFO - [The Hindu] Attempt 1/1: Trying with 'selenium_browser' strategy...
2026-01-10 14:25:10,861 - INFO - [The Hindu] Page content loaded.
2026-01-10 14:25:10,904 - INFO - [The Hindu] Success with 'selenium_browser'. Found content (184 words).
2026-01-10 14:25:10,959 - INFO - Saved article: Transgender devotees allege harassment at Pampa - The Hindu from The Hindu
2026-01-10 14:25:11,694 - INFO - [The Hindu] Article: https://www.thehindu.com/news/national/telangana/cm-spreading-misinformation-on-vb-g-ram-g-act-bjp/article70494455.ece
2026-01-10 14:25:11,694 - INFO - [The Hindu] Attempt 1/1: Trying with 'selenium_browser' strategy...
2026-01-10 14:25:13,827 - INFO - [The Hindu] Page content loaded.
2026-01-10 14:25:13,873 - INFO - [The Hindu] Success with 'selenium_browser'. Found content (296 words).
2026-01-10 14:25:13,926 - INFO - Saved article: CM spreading misinformation on VB-G RAM G Act: BJP - The Hindu from The Hindu
2026-01-10 14:25:15,324 - INFO - [The Hindu] Article: https://www.thehindu.com/news/national/karnataka/oilseed-cultivation-can-enhance-farmers-income-say-scientists/article70495040.ece
2026-01-10 14:25:15,324 - INFO - [The Hindu] Attempt 1/1: Trying with 'selenium_browser' strategy...
2026-01-10 14:25:17,029 - INFO - [The Hindu] Page content loaded.
2026-01-10 14:25:17,081 - INFO - [The Hindu] Success with 'selenium_browser'. Found content (454 words).
2026-01-10 14:25:17,152 - INFO - Saved article: Oilseed cultivation can enhance farmers’ income, say scientists - The Hindu from The Hindu
2026-01-10 14:25:17,762 - INFO - [The Hindu] Article: https://www.thehindu.com/news/national/karnataka/veteran-lingayat-leader-bheemanna-khandre-hospitalised-in-bidar/article70494970.ece
2026-01-10 14:25:17,762 - INFO - [The Hindu] Attempt 1/1: Trying with 'selenium_browser' strategy...
2026-01-10 14:25:18,718 - INFO - [The Hindu] Page content loaded.
2026-01-10 14:25:18,762 - INFO - [The Hindu] Success with 'selenium_browser'. Found content (179 words).
2026-01-10 14:25:18,835 - INFO - Saved article: Veteran Lingayat leader Bheemanna Khandre hospitalised in Bidar - The Hindu from The Hindu
2026-01-10 14:25:19,745 - INFO - [The Hindu] Article: https://www.thehindu.com/news/national/kerala/chief-minister-pinarayi-vijayan-defends-malayalam-language-bill-says-apprehensions-do-not-reflect-facts/article70494763.ece
2026-01-10 14:25:19,745 - INFO - [The Hindu] Attempt 1/1: Trying with 'selenium_browser' strategy...
2026-01-10 14:25:20,810 - INFO - [The Hindu] Page content loaded.
2026-01-10 14:25:20,898 - INFO - [The Hindu] Success with 'selenium_browser'. Found content (345 words).
2026-01-10 14:25:20,978 - INFO - Saved article: Chief Minister Pinarayi Vijayan defends Malayalam Language Bill, says apprehensions do not reflect facts - The Hindu from The Hindu
2026-01-10 14:25:21,702 - INFO - [The Hindu] Article: https://www.thehindu.com/news/national/kerala/tiger-that-triggered-panic-in-ayyankunnu-captured/article70493642.ece
2026-01-10 14:25:21,702 - INFO - [The Hindu] Attempt 1/1: Trying with 'selenium_browser' strategy...
2026-01-10 14:25:22,662 - INFO - [The Hindu] Page content loaded.
2026-01-10 14:25:22,718 - INFO - [The Hindu] Success with 'selenium_browser'. Found content (101 words).
2026-01-10 14:25:22,807 - INFO - Saved article: Tiger that triggered panic in Ayyankunnu captured - The Hindu from The Hindu
2026-01-10 14:25:23,731 - INFO - [The Hindu] Article: https://www.thehindu.com/news/national/karnataka/applications-invited-for-ug-cuet-exams-from-may-11/article70487176.ece
2026-01-10 14:25:23,731 - INFO - [The Hindu] Attempt 1/1: Trying with 'selenium_browser' strategy...
2026-01-10 14:25:24,625 - INFO - [The Hindu] Page content loaded.
2026-01-10 14:25:24,675 - INFO - [The Hindu] Success with 'selenium_browser'. Found content (282 words).
2026-01-10 14:25:24,760 - INFO - Saved article: Applications invited for UG-CUET, exams from May 11 - The Hindu from The Hindu
2026-01-10 14:25:25,390 - INFO - [The Hindu] (Thread) Finished. Attempting to shut down its Selenium driver.
2026-01-10 14:25:25,510 - INFO - [The Hindu] (Thread) driver.quit() successful.
2026-01-10 14:25:52,373 - ERROR - [Times of India] Request failed for strategy 'selenium_browser' on URL https://timesofindia.indiatimes.com/world/rest-of-world/viral-smoking-girl-what-we-know-and-dont-know-about-khamenei-protester-breaking-the-internet/articleshow/126453371.cms: Message: timeout: Timed out receiving message from renderer: 59.506
  (Session info: chrome=143.0.7499.169)
Stacktrace:
#0 0x55abb2b3c61a <unknown>
#1 0x55abb25b920b <unknown>
#2 0x55abb25a12aa <unknown>
#3 0x55abb25a0f8d <unknown>
#4 0x55abb259ee47 <unknown>
#5 0x55abb259f75f <unknown>
#6 0x55abb25adf20 <unknown>
#7 0x55abb25c75e7 <unknown>
#8 0x55abb25cdc9b <unknown>
#9 0x55abb259fe88 <unknown>
#10 0x55abb25c7356 <unknown>
#11 0x55abb2656580 <unknown>
#12 0x55abb25fd232 <unknown>
#13 0x55abb25fdee1 <unknown>
#14 0x55abb2b053f9 <unknown>
#15 0x55abb2b0834d <unknown>
#16 0x55abb2aee122 <unknown>
#17 0x55abb2b08f2b <unknown>
#18 0x55abb2ad4c30 <unknown>
#19 0x55abb2b29d78 <unknown>
#20 0x55abb2b29f4c <unknown>
#21 0x55abb2b3b973 <unknown>
#22 0x7fa1a4e9caa4 <unknown>
#23 0x7fa1a4f29c6c <unknown>

2026-01-10 14:25:52,373 - ERROR - [Times of India] All scrape strategies failed for https://timesofindia.indiatimes.com/world/rest-of-world/viral-smoking-girl-what-we-know-and-dont-know-about-khamenei-protester-breaking-the-internet/articleshow/126453371.cms. Falling back to RSS description.
2026-01-10 14:25:52,375 - INFO - Saved article: Viral Smoking Girl: What we know (and don't know) about Khamenei protester breaking the internet from Times of India
2026-01-10 14:25:52,950 - INFO - [Times of India] Article: https://timesofindia.indiatimes.com/world/rest-of-world/four-killed-in-mine-accident-in-northern-afghanistan/articleshow/126453132.cms
2026-01-10 14:25:52,950 - INFO - [Times of India] Attempt 1/1: Trying with 'selenium_browser' strategy...
2026-01-10 14:25:56,220 - INFO - [Times of India] Page content loaded.
2026-01-10 14:25:56,382 - INFO - [Times of India] Success with 'selenium_browser'. Found content (186 words).
2026-01-10 14:25:56,462 - INFO - Saved article: Four killed in mine accident in northern Afghanistan - The Times of India from Times of India
2026-01-10 14:25:57,636 - INFO - [Times of India] Article: https://timesofindia.indiatimes.com/world/europe/russiaukraine-war-ukrainian-drone-strike-hits-oil-depot-in-russias-volgograd-moscow-steps-up-attacks/articleshow/126453073.cms
2026-01-10 14:25:57,636 - INFO - [Times of India] Attempt 1/1: Trying with 'selenium_browser' strategy...
2026-01-10 14:25:58,270 - INFO - [Times of India] Page content loaded.
2026-01-10 14:25:58,402 - INFO - [Times of India] Success with 'selenium_browser'. Found content (266 words).
2026-01-10 14:25:58,514 - INFO - Saved article: Russia–Ukraine war: Ukrainian drone strike hits oil depot in Russia’s Volgograd; Moscow steps up attacks - The Times of India from Times of India
2026-01-10 14:25:59,736 - INFO - [Times of India] Article: https://timesofindia.indiatimes.com/world/us/plot-twist-at-the-white-house-tucker-carlson-joins-trumps-oil-pitch-video/articleshow/126452767.cms
2026-01-10 14:25:59,736 - INFO - [Times of India] Attempt 1/1: Trying with 'selenium_browser' strategy...
2026-01-10 14:26:00,646 - INFO - [Times of India] Page content loaded.
2026-01-10 14:26:00,773 - INFO - [Times of India] Success with 'selenium_browser'. Found content (589 words).
2026-01-10 14:26:00,832 - INFO - Saved article: Plot twist at the White House: Tucker Carlson joins Trump’s oil pitch — video - The Times of India from Times of India
2026-01-10 14:26:01,917 - INFO - [Times of India] Article: https://timesofindia.indiatimes.com/world/middle-east/uae-indian-expat-disappears-after-dh660000-found-missing-at-lulu-hypermarket-in-abu-dhabi/articleshow/126452566.cms
2026-01-10 14:26:01,917 - INFO - [Times of India] Attempt 1/1: Trying with 'selenium_browser' strategy...
2026-01-10 14:26:02,828 - INFO - [Times of India] Page content loaded.
2026-01-10 14:26:02,968 - INFO - [Times of India] Success with 'selenium_browser'. Found content (819 words).
2026-01-10 14:26:03,022 - INFO - Saved article: UAE: Indian expat ‘disappears’ after Dh660,000 found missing at LuLu Hypermarket in Abu Dhabi - The Times of India from Times of India
2026-01-10 14:26:03,555 - INFO - [Times of India] Article: https://timesofindia.indiatimes.com/world/europe/cash-talks-troops-how-europe-plans-to-hit-back-at-donald-trumps-greenland-grab/articleshow/126451414.cms
2026-01-10 14:26:03,555 - INFO - [Times of India] Attempt 1/1: Trying with 'selenium_browser' strategy...
2026-01-10 14:26:04,367 - INFO - [Times of India] Page content loaded.
2026-01-10 14:26:04,506 - INFO - [Times of India] Success with 'selenium_browser'. Found content (869 words).
2026-01-10 14:26:04,563 - INFO - Duplicate article skipped: Cash, talks, troops? How Europe plans to hit back at Donald Trump's Greenland grab - The Times of India from Times of India
2026-01-10 14:26:05,962 - INFO - [Times of India] Article: https://timesofindia.indiatimes.com/world/us/kick-streamer-konvy-reportedly-shot-while-livestreaming-friend-adin-ross-confirms-incident/articleshow/126452151.cms
2026-01-10 14:26:05,963 - INFO - [Times of India] Attempt 1/1: Trying with 'selenium_browser' strategy...
2026-01-10 14:26:06,750 - INFO - [Times of India] Page content loaded.
2026-01-10 14:26:06,889 - INFO - [Times of India] Success with 'selenium_browser'. Found content (195 words).
2026-01-10 14:26:06,949 - INFO - Duplicate article skipped: Kick streamer Konvy reportedly shot while livestreaming; friend Adin Ross confirms incident - The Times of India from Times of India
2026-01-10 14:26:07,977 - INFO - [Times of India] Article: https://timesofindia.indiatimes.com/world/uk/deaths-blackouts-storm-goretti-howling-gales-hit-uk-france-rail-services-affected/articleshow/126451260.cms
2026-01-10 14:26:07,977 - INFO - [Times of India] Attempt 1/1: Trying with 'selenium_browser' strategy...
2026-01-10 14:26:08,721 - INFO - [Times of India] Page content loaded.
2026-01-10 14:26:08,841 - INFO - [Times of India] Success with 'selenium_browser'. Found content (343 words).
2026-01-10 14:26:08,911 - INFO - Saved article: Deaths & blackouts: Storm Goretti, howling gales hit UK, France; rail services affected - The Times of India from Times of India
2026-01-10 14:26:09,666 - INFO - [Times of India] Article: https://timesofindia.indiatimes.com/world/us/behind-the-scenes-goes-public-trump-reads-marco-rubios-note-during-oil-executives-meeting-what-was-written-in-it/articleshow/126451755.cms
2026-01-10 14:26:09,666 - INFO - [Times of India] Attempt 1/1: Trying with 'selenium_browser' strategy...
2026-01-10 14:26:10,509 - INFO - [Times of India] Page content loaded.
2026-01-10 14:26:10,649 - INFO - [Times of India] Success with 'selenium_browser'. Found content (443 words).
2026-01-10 14:26:10,704 - INFO - Saved article: Behind the scenes goes public: Trump reads Marco Rubio’s note during oil executives’ meeting — what was written in it? - The Times of India from Times of India
2026-01-10 14:26:11,634 - INFO - [Times of India] Article: https://timesofindia.indiatimes.com/world/middle-east/uae-pension-paydays-revealed-get-your-salary-before-major-holidays-in-2026/articleshow/126450763.cms
2026-01-10 14:26:11,634 - INFO - [Times of India] Attempt 1/1: Trying with 'selenium_browser' strategy...
2026-01-10 14:26:12,311 - INFO - [Times of India] Page content loaded.
2026-01-10 14:26:12,448 - INFO - [Times of India] Success with 'selenium_browser'. Found content (183 words).
2026-01-10 14:26:12,511 - INFO - Saved article: UAE pension paydays revealed: Get your salary before major holidays in 2026 | World News - The Times of India from Times of India
2026-01-10 14:26:13,787 - INFO - [Times of India] (Thread) Finished. Attempting to shut down its Selenium driver.
2026-01-10 14:26:14,013 - INFO - [Times of India] (Thread) driver.quit() successful.
2026-01-10 14:26:14,013 - INFO - Shutting down thread pool (wait=False)...
2026-01-10 14:26:14,013 - INFO - Scraped: 0 The Guardian, 0 BBC, 8 Times of India, 10 The Hindu articles. (Total saved: 18)
2026-01-10 14:26:14,013 - INFO - --- Scraping job finished ---
2026-01-10 14:26:14,018 - INFO - --- Scraper service stopped and database connection closed. ---
2026-01-10 14:26:14,018 - INFO - --- Main thread finished. Forcing process exit to kill zombie threads. ---
