2026-02-01 06:57:59,496 - INFO - Initializing database connection at: news_articles.db
2026-02-01 06:57:59,496 - INFO - --- Scraper service started (CI Mode: Run Once) ---
2026-02-01 06:57:59,496 - INFO - --- Starting new scraping job (Parallel Mode) ---
2026-02-01 06:57:59,496 - INFO - Creating new robust session with 3 retries on 5xx/connection/read errors.
2026-02-01 06:57:59,496 - INFO - Proxy is DISABLED.
2026-02-01 06:57:59,496 - INFO - Starting scrape for BBC RSS feed: http://feeds.bbci.co.uk/news/world/rss.xml
2026-02-01 06:57:59,497 - INFO - [Times of India] (Thread) requires Selenium. Initializing driver...
2026-02-01 06:57:59,497 - INFO - Initializing headless Selenium Chrome driver (using SeleniumManager)...
2026-02-01 06:57:59,497 - INFO - Starting scrape for The Guardian RSS feed: https://www.theguardian.com/world/rss
2026-02-01 06:57:59,500 - INFO - [The Hindu] (Thread) requires Selenium. Initializing driver...
2026-02-01 06:57:59,500 - INFO - Initializing headless Selenium Chrome driver (using SeleniumManager)...
2026-02-01 06:57:59,501 - INFO - Submitted 4 jobs to thread pool. Waiting up to 300s for completion...
2026-02-01 06:57:59,771 - INFO - Found 45 articles in The Guardian RSS feed. Processing up to 10.
2026-02-01 06:57:59,771 - INFO - [The Guardian] Article: https://www.theguardian.com/world/2026/jan/30/more-than-200-killed-in-coltan-mine-collapse-in-eastern-drc-officials-say
2026-02-01 06:57:59,771 - INFO - [The Guardian] Attempt 1/1: Trying with 'requests_browser' strategy...
2026-02-01 06:57:59,810 - INFO - [The Guardian] Success with 'requests_browser'. Found content (306 words).
2026-02-01 06:57:59,843 - INFO - Duplicate article skipped: More than 200 killed in coltan mine collapse in eastern DRC, officials say | Democratic Republic of the Congo | The Guardian from The Guardian
2026-02-01 06:57:59,919 - INFO - Found 41 articles in BBC RSS feed. Processing up to 10.
2026-02-01 06:57:59,919 - INFO - [BBC] Article: https://www.bbc.com/news/articles/cevnmxyy4wjo?at_medium=RSS&at_campaign=rss
2026-02-01 06:57:59,919 - INFO - [BBC] Attempt 1/1: Trying with 'requests_browser' strategy...
2026-02-01 06:58:00,310 - INFO - [BBC] Success with 'requests_browser'. Found content (2141 words).
2026-02-01 06:58:00,359 - INFO - Duplicate article skipped: Millions of Jeffrey Epstein files released by US justice department from BBC
2026-02-01 06:58:00,951 - INFO - [The Guardian] Article: https://www.theguardian.com/world/2026/jan/30/niger-airport-airbase-attack-islamic-state
2026-02-01 06:58:00,951 - INFO - [The Guardian] Attempt 1/1: Trying with 'requests_browser' strategy...
2026-02-01 06:58:01,000 - INFO - [The Guardian] Success with 'requests_browser'. Found content (455 words).
2026-02-01 06:58:01,058 - INFO - Duplicate article skipped: Islamic State claims attack on international airport and airbase in Niger | Niger | The Guardian from The Guardian
2026-02-01 06:58:01,557 - INFO - [BBC] Article: https://www.bbc.com/news/articles/cm2xj3ykpj4o?at_medium=RSS&at_campaign=rss
2026-02-01 06:58:01,557 - INFO - [BBC] Attempt 1/1: Trying with 'requests_browser' strategy...
2026-02-01 06:58:01,614 - INFO - [BBC] Success with 'requests_browser'. Found content (1474 words).
2026-02-01 06:58:01,659 - INFO - Duplicate article skipped: Rape trial puts Norway's royal family in unwelcome glare of public from BBC
2026-02-01 06:58:02,450 - INFO - [The Guardian] Article: https://www.theguardian.com/world/2026/jan/30/south-africa-expels-israel-diplomat-insults-president
2026-02-01 06:58:02,450 - INFO - [The Guardian] Attempt 1/1: Trying with 'requests_browser' strategy...
2026-02-01 06:58:02,485 - INFO - [The Guardian] Success with 'requests_browser'. Found content (628 words).
2026-02-01 06:58:02,521 - INFO - Duplicate article skipped: South Africa expels top Israeli diplomat over ‘insulting attacks’ on president | South Africa | The Guardian from The Guardian
2026-02-01 06:58:03,126 - INFO - [BBC] Article: https://www.bbc.com/news/articles/cn42nedxqyqo?at_medium=RSS&at_campaign=rss
2026-02-01 06:58:03,126 - INFO - [BBC] Attempt 1/1: Trying with 'requests_browser' strategy...
2026-02-01 06:58:03,167 - INFO - [BBC] Success with 'requests_browser'. Found content (401 words).
2026-02-01 06:58:03,178 - INFO - [The Guardian] Article: https://www.theguardian.com/world/2026/jan/29/gunfire-blasts-heard-airport-niamey-niger-planes-hit-reports
2026-02-01 06:58:03,178 - INFO - [The Guardian] Attempt 1/1: Trying with 'requests_browser' strategy...
2026-02-01 06:58:03,206 - INFO - Duplicate article skipped: Pakistan military says 92 militants killed in Balochistan from BBC
2026-02-01 06:58:03,222 - INFO - [The Guardian] Success with 'requests_browser'. Found content (778 words).
2026-02-01 06:58:03,258 - INFO - Duplicate article skipped: Niger’s military ruler vows retaliation after gunfire and explosions heard in capital | Niger | The Guardian from The Guardian
2026-02-01 06:58:04,229 - INFO - [BBC] Article: https://www.bbc.com/news/articles/cql4e439g4no?at_medium=RSS&at_campaign=rss
2026-02-01 06:58:04,229 - INFO - [BBC] Attempt 1/1: Trying with 'requests_browser' strategy...
2026-02-01 06:58:04,285 - INFO - [The Guardian] Article: https://www.theguardian.com/world/2026/jan/26/hundreds-feared-dead-after-attempting-to-cross-mediterranean-amid-cyclone-harry
2026-02-01 06:58:04,285 - INFO - [The Guardian] Attempt 1/1: Trying with 'requests_browser' strategy...
2026-02-01 06:58:04,295 - INFO - [BBC] Success with 'requests_browser'. Found content (1809 words).
2026-02-01 06:58:04,346 - INFO - Duplicate article skipped: After ICE raids... a once bustling Chicago neighbourhood has changed from BBC
2026-02-01 06:58:04,360 - INFO - [The Guardian] Success with 'requests_browser'. Found content (388 words).
2026-02-01 06:58:04,415 - INFO - Duplicate article skipped: Hundreds feared dead in attempt to cross Mediterranean during cyclone | Italy | The Guardian from The Guardian
2026-02-01 06:58:05,667 - INFO - [BBC] Article: https://www.bbc.com/news/articles/c701g1g00gdo?at_medium=RSS&at_campaign=rss
2026-02-01 06:58:05,667 - INFO - [BBC] Attempt 1/1: Trying with 'requests_browser' strategy...
2026-02-01 06:58:05,710 - INFO - [BBC] Success with 'requests_browser'. Found content (673 words).
2026-02-01 06:58:05,746 - INFO - Duplicate article skipped: Israeli air strikes kill at least 32 Palestinians in Gaza, rescue officials say from BBC
2026-02-01 06:58:05,768 - INFO - [The Guardian] Article: https://www.theguardian.com/world/2026/jan/30/mexico-sheinbaum-trump-tariffs-cuba-oil-crisis
2026-02-01 06:58:05,768 - INFO - [The Guardian] Attempt 1/1: Trying with 'requests_browser' strategy...
2026-02-01 06:58:05,806 - INFO - [The Guardian] Success with 'requests_browser'. Found content (561 words).
2026-02-01 06:58:05,844 - INFO - Duplicate article skipped: Mexico president says Trump tariffs on Cuba’s oil suppliers could trigger humanitarian crisis | Cuba | The Guardian from The Guardian
2026-02-01 06:58:06,294 - INFO - [BBC] Article: https://www.bbc.com/news/articles/cd9ew5p3zvko?at_medium=RSS&at_campaign=rss
2026-02-01 06:58:06,294 - INFO - [BBC] Attempt 1/1: Trying with 'requests_browser' strategy...
2026-02-01 06:58:06,338 - INFO - [BBC] Success with 'requests_browser'. Found content (655 words).
2026-02-01 06:58:06,379 - INFO - Duplicate article skipped: Iran gas explosions kill five people, officials say from BBC
2026-02-01 06:58:06,913 - INFO - [BBC] Article: https://www.bbc.com/news/articles/cwy12z197q8o?at_medium=RSS&at_campaign=rss
2026-02-01 06:58:06,913 - INFO - [BBC] Attempt 1/1: Trying with 'requests_browser' strategy...
2026-02-01 06:58:06,991 - INFO - [BBC] Success with 'requests_browser'. Found content (2240 words).
2026-02-01 06:58:07,048 - INFO - Duplicate article skipped: Grammy Awards 2026: Who will win and how to watch from BBC
2026-02-01 06:58:07,332 - INFO - [The Guardian] Article: https://www.theguardian.com/world/2026/jan/30/court-ends-hong-kong-china-panama-canal-contracts
2026-02-01 06:58:07,333 - INFO - [The Guardian] Attempt 1/1: Trying with 'requests_browser' strategy...
2026-02-01 06:58:07,368 - INFO - [The Guardian] Success with 'requests_browser'. Found content (465 words).
2026-02-01 06:58:07,402 - INFO - Duplicate article skipped: Panama supreme court cancels Hong Kong company’s canal contracts | Panama canal | The Guardian from The Guardian
2026-02-01 06:58:07,457 - INFO - Selenium driver initialized successfully.
2026-02-01 06:58:07,457 - INFO - Starting scrape for Times of India RSS feed: https://timesofindia.indiatimes.com/rssfeeds/296589292.cms
2026-02-01 06:58:07,459 - INFO - Selenium driver initialized successfully.
2026-02-01 06:58:07,459 - INFO - Starting scrape for The Hindu RSS feed: https://www.thehindu.com/news/national/feeder/default.rss
2026-02-01 06:58:07,690 - INFO - Found 100 articles in The Hindu RSS feed. Processing up to 10.
2026-02-01 06:58:07,691 - INFO - [The Hindu] Article: https://www.thehindu.com/news/national/kerala/kerala-for-all-conclave-kerala-is-a-fort-against-religious-polarisation-says-n-ram/article70577062.ece
2026-02-01 06:58:07,691 - INFO - [The Hindu] Attempt 1/1: Trying with 'selenium_browser' strategy...
2026-02-01 06:58:07,691 - INFO - [BBC] Article: https://www.bbc.com/news/articles/c78vgnz3z6eo?at_medium=RSS&at_campaign=rss
2026-02-01 06:58:07,691 - INFO - [BBC] Attempt 1/1: Trying with 'requests_browser' strategy...
2026-02-01 06:58:07,737 - INFO - [BBC] Success with 'requests_browser'. Found content (599 words).
2026-02-01 06:58:07,777 - INFO - Duplicate article skipped: Federal judge denies request to block ICE surge in Minnesota from BBC
2026-02-01 06:58:07,944 - INFO - Found 20 articles in Times of India RSS feed. Processing up to 10.
2026-02-01 06:58:07,944 - INFO - [Times of India] Article: https://timesofindia.indiatimes.com/world/middle-east/for-the-first-time-in-its-history-uae-non-oil-foreign-trade-crosses-1-trillion/articleshow/127834638.cms
2026-02-01 06:58:07,944 - INFO - [Times of India] Attempt 1/1: Trying with 'selenium_browser' strategy...
2026-02-01 06:58:08,123 - INFO - [The Guardian] Article: https://www.theguardian.com/world/2026/jan/30/venezuela-approves-bill-to-open-oil-sector-to-foreign-investment-after-us-pressure
2026-02-01 06:58:08,123 - INFO - [The Guardian] Attempt 1/1: Trying with 'requests_browser' strategy...
2026-02-01 06:58:08,169 - INFO - [The Guardian] Success with 'requests_browser'. Found content (829 words).
2026-02-01 06:58:08,230 - INFO - Duplicate article skipped: Venezuela approves bill to open oil sector to foreign investment after US pressure | Venezuela | The Guardian from The Guardian
2026-02-01 06:58:09,204 - INFO - [BBC] Article: https://www.bbc.com/news/articles/crmlr0nk8y9o?at_medium=RSS&at_campaign=rss
2026-02-01 06:58:09,204 - INFO - [BBC] Attempt 1/1: Trying with 'requests_browser' strategy...
2026-02-01 06:58:09,274 - INFO - [BBC] Success with 'requests_browser'. Found content (588 words).
2026-02-01 06:58:09,385 - INFO - Saved article: US Commerce Secretary Howard Lutnick planned Epstein island visit, emails show from BBC
2026-02-01 06:58:09,540 - INFO - [The Guardian] Article: https://www.theguardian.com/us-news/2026/jan/30/weather-tracker-winter-storms-cause-death-and-outages-across-eastern-north-america
2026-02-01 06:58:09,540 - INFO - [The Guardian] Attempt 1/1: Trying with 'requests_browser' strategy...
2026-02-01 06:58:09,596 - INFO - [The Guardian] Success with 'requests_browser'. Found content (352 words).
2026-02-01 06:58:09,655 - INFO - Duplicate article skipped: Weather tracker: Winter storms cause death and outages across eastern north America | US news | The Guardian from The Guardian
2026-02-01 06:58:10,664 - INFO - [BBC] Article: https://www.bbc.com/news/articles/cyv5l24mrjmo?at_medium=RSS&at_campaign=rss
2026-02-01 06:58:10,664 - INFO - [BBC] Attempt 1/1: Trying with 'requests_browser' strategy...
2026-02-01 06:58:10,836 - INFO - [BBC] Success with 'requests_browser'. Found content (401 words).
2026-02-01 06:58:10,986 - INFO - Duplicate article skipped: Elon Musk's SpaceX applies to launch 1m satellites into orbit from BBC
2026-02-01 06:58:11,037 - INFO - [The Guardian] Article: https://www.theguardian.com/us-news/2026/jan/29/trump-tariffs-cuba-oil
2026-02-01 06:58:11,037 - INFO - [The Guardian] Attempt 1/1: Trying with 'requests_browser' strategy...
2026-02-01 06:58:11,128 - INFO - [The Guardian] Success with 'requests_browser'. Found content (515 words).
2026-02-01 06:58:11,290 - INFO - Duplicate article skipped: Trump threatens tariffs on goods from countries that sell oil to Cuba | Trump tariffs | The Guardian from The Guardian
2026-02-01 06:58:12,724 - INFO - [The Hindu] Page content loaded.
2026-02-01 06:58:12,930 - INFO - [The Hindu] Success with 'selenium_browser'. Found content (494 words).
2026-02-01 06:58:13,417 - INFO - Saved article: Kerala for All conclave: Kerala is a fort against religious polarisation, says N. Ram - The Hindu from The Hindu
2026-02-01 06:58:14,566 - INFO - [The Hindu] Article: https://www.thehindu.com/business/budget/budget-2026-mahatma-gandhi-gram-swaraj-initiative-nirmala-sitharaman-economy-khadi/article70577019.ece
2026-02-01 06:58:14,567 - INFO - [The Hindu] Attempt 1/1: Trying with 'selenium_browser' strategy...
2026-02-01 06:58:16,056 - INFO - [The Hindu] Page content loaded.
2026-02-01 06:58:16,298 - WARNING - [The Hindu] FAILED with 'selenium_browser' (content was too short: 43 words).
2026-02-01 06:58:16,298 - ERROR - [The Hindu] All scrape strategies failed for https://www.thehindu.com/business/budget/budget-2026-mahatma-gandhi-gram-swaraj-initiative-nirmala-sitharaman-economy-khadi/article70577019.ece. Falling back to RSS description.
2026-02-01 06:58:16,334 - INFO - Saved article: Union Budget 2026: Mahatma Gandhi Gram Swaraj Initiative announced to boost Khadi production from The Hindu
2026-02-01 06:58:17,269 - INFO - [The Hindu] Article: https://www.thehindu.com/business/budget/union-budget-restructuring-of-power-finance-corp-rural-electrification-corp/article70577056.ece
2026-02-01 06:58:17,269 - INFO - [The Hindu] Attempt 1/1: Trying with 'selenium_browser' strategy...
2026-02-01 06:58:19,591 - INFO - [The Hindu] Page content loaded.
2026-02-01 06:58:19,796 - INFO - [The Hindu] Success with 'selenium_browser'. Found content (132 words).
2026-02-01 06:58:19,914 - INFO - Saved article: Budget 2026: Nirmala Sitharaman calls for restructuring of Power Finance Corp, Rural Electrification Corp - The Hindu from The Hindu
2026-02-01 06:58:21,106 - INFO - [The Hindu] Article: https://www.thehindu.com/business/budget/budget-2026-nirmala-sitharaman-announces-rare-earth-corridors-in-4-states-including-tn-kerala/article70577050.ece
2026-02-01 06:58:21,106 - INFO - [The Hindu] Attempt 1/1: Trying with 'selenium_browser' strategy...
2026-02-01 06:58:22,664 - INFO - [The Hindu] Page content loaded.
2026-02-01 06:58:22,694 - WARNING - [The Hindu] FAILED with 'selenium_browser' (content was too short: 43 words).
2026-02-01 06:58:22,694 - ERROR - [The Hindu] All scrape strategies failed for https://www.thehindu.com/business/budget/budget-2026-nirmala-sitharaman-announces-rare-earth-corridors-in-4-states-including-tn-kerala/article70577050.ece. Falling back to RSS description.
2026-02-01 06:58:22,699 - INFO - Saved article: Budget 2026: Odisha, T.N., Andhra, Kerala to get dedicated rare earth corridors to promote research and mining from The Hindu
2026-02-01 06:58:23,763 - INFO - [The Hindu] Article: https://www.thehindu.com/news/national/punjab/navjot-kaur-sidhu-quits-congress-takes-dig-at-punjab-party-chief/article70576950.ece
2026-02-01 06:58:23,763 - INFO - [The Hindu] Attempt 1/1: Trying with 'selenium_browser' strategy...
2026-02-01 06:58:25,144 - INFO - [The Hindu] Page content loaded.
2026-02-01 06:58:25,390 - INFO - [The Hindu] Success with 'selenium_browser'. Found content (227 words).
2026-02-01 06:58:25,486 - INFO - Saved article: Navjot Kaur Sidhu quits Congress, takes dig at Punjab party chief - The Hindu from The Hindu
2026-02-01 06:58:26,875 - INFO - [The Hindu] Article: https://www.thehindu.com/business/budget/union-budget-2026-sitharaman-proposes-10000-crore-investment-in-biopharma-over-next-5-years/article70577010.ece
2026-02-01 06:58:26,875 - INFO - [The Hindu] Attempt 1/1: Trying with 'selenium_browser' strategy...
2026-02-01 06:58:28,216 - INFO - [The Hindu] Page content loaded.
2026-02-01 06:58:28,286 - INFO - [The Hindu] Success with 'selenium_browser'. Found content (178 words).
2026-02-01 06:58:28,376 - INFO - Saved article: Budget 2026: Sitharaman proposes ₹10,000 crore investment in biopharma over next 5 years - The Hindu from The Hindu
2026-02-01 06:58:29,857 - INFO - [The Hindu] Article: https://www.thehindu.com/business/budget/budget-2026-20-new-national-waterways-announces-fm-sitharaman/article70577027.ece
2026-02-01 06:58:29,857 - INFO - [The Hindu] Attempt 1/1: Trying with 'selenium_browser' strategy...
2026-02-01 06:58:31,950 - INFO - [The Hindu] Page content loaded.
2026-02-01 06:58:32,133 - INFO - [The Hindu] Success with 'selenium_browser'. Found content (152 words).
2026-02-01 06:58:32,245 - INFO - Saved article: Union Budget 2026: Twenty new National Waterways to be operationalised over five years, FM Sitharaman announces - The Hindu from The Hindu
2026-02-01 06:58:32,810 - INFO - [The Hindu] Article: https://www.thehindu.com/business/budget/union-budget-2026-announces-seven-high-speed-rail-corridors/article70576998.ece
2026-02-01 06:58:32,813 - INFO - [The Hindu] Attempt 1/1: Trying with 'selenium_browser' strategy...
2026-02-01 06:58:33,240 - INFO - [The Hindu] Page content loaded.
2026-02-01 06:58:33,253 - WARNING - [The Hindu] FAILED with 'selenium_browser' (content was too short: 43 words).
2026-02-01 06:58:33,253 - ERROR - [The Hindu] All scrape strategies failed for https://www.thehindu.com/business/budget/union-budget-2026-announces-seven-high-speed-rail-corridors/article70576998.ece. Falling back to RSS description.
2026-02-01 06:58:33,255 - INFO - Saved article: Union Budget 2026 announces seven high-speed rail corridors from The Hindu
2026-02-01 06:58:34,564 - INFO - [The Hindu] Article: https://www.thehindu.com/business/budget/union-budget-2026-27-india-will-continue-to-move-towards-viksit-bharat-says-nirmala-sitharaman-as-she-presents-her-9th-budget/article70576983.ece
2026-02-01 06:58:34,564 - INFO - [The Hindu] Attempt 1/1: Trying with 'selenium_browser' strategy...
2026-02-01 06:58:35,113 - INFO - [The Hindu] Page content loaded.
2026-02-01 06:58:35,155 - INFO - [The Hindu] Success with 'selenium_browser'. Found content (208 words).
2026-02-01 06:58:35,254 - INFO - Saved article: Union Budget 2026: India will continue to move towards Viksit Bharat, says Nirmala Sitharaman as she presents her 9th Budget - The Hindu from The Hindu
2026-02-01 06:58:36,076 - INFO - [The Hindu] Article: https://www.thehindu.com/data/unboxing-india-through-fms-speeches/article70567166.ece
2026-02-01 06:58:36,076 - INFO - [The Hindu] Attempt 1/1: Trying with 'selenium_browser' strategy...
2026-02-01 06:58:37,440 - INFO - [The Hindu] Page content loaded.
2026-02-01 06:58:37,452 - WARNING - [The Hindu] FAILED with 'selenium_browser' (content was too short: 43 words).
2026-02-01 06:58:37,452 - ERROR - [The Hindu] All scrape strategies failed for https://www.thehindu.com/data/unboxing-india-through-fms-speeches/article70567166.ece. Falling back to RSS description.
2026-02-01 06:58:37,454 - INFO - Saved article: Grains to gigabytes: Unboxing India through Finance Ministers’ Budget speeches from The Hindu
2026-02-01 06:58:38,871 - INFO - [The Hindu] (Thread) Finished. Attempting to shut down its Selenium driver.
2026-02-01 06:58:38,965 - INFO - [The Hindu] (Thread) driver.quit() successful.
2026-02-01 06:59:07,962 - ERROR - [Times of India] Request failed for strategy 'selenium_browser' on URL https://timesofindia.indiatimes.com/world/middle-east/for-the-first-time-in-its-history-uae-non-oil-foreign-trade-crosses-1-trillion/articleshow/127834638.cms: Message: timeout: Timed out receiving message from renderer: 59.853
  (Session info: chrome=144.0.7559.96)
Stacktrace:
#0 0x5634d0be3afa <unknown>
#1 0x5634d05fd60f <unknown>
#2 0x5634d05e4d11 <unknown>
#3 0x5634d05e4936 <unknown>
#4 0x5634d05e244b <unknown>
#5 0x5634d05e2dcf <unknown>
#6 0x5634d05f22e0 <unknown>
#7 0x5634d060c2b7 <unknown>
#8 0x5634d06134bb <unknown>
#9 0x5634d05e3539 <unknown>
#10 0x5634d060c04c <unknown>
#11 0x5634d069b9a3 <unknown>
#12 0x5634d0644842 <unknown>
#13 0x5634d0645631 <unknown>
#14 0x5634d0ba9689 <unknown>
#15 0x5634d0bac581 <unknown>
#16 0x5634d0b95ca9 <unknown>
#17 0x5634d0bad13e <unknown>
#18 0x5634d0b7c3a0 <unknown>
#19 0x5634d0bd0fc8 <unknown>
#20 0x5634d0bd119b <unknown>
#21 0x5634d0be2e68 <unknown>
#22 0x7fd89f09caa4 <unknown>
#23 0x7fd89f129c6c <unknown>

2026-02-01 06:59:07,962 - ERROR - [Times of India] All scrape strategies failed for https://timesofindia.indiatimes.com/world/middle-east/for-the-first-time-in-its-history-uae-non-oil-foreign-trade-crosses-1-trillion/articleshow/127834638.cms. Falling back to RSS description.
2026-02-01 06:59:07,965 - INFO - Saved article: “For the first time in its history”: UAE non-oil foreign trade crosses $1 trillion from Times of India
2026-02-01 06:59:08,982 - INFO - [Times of India] Article: https://timesofindia.indiatimes.com/world/us/epstein-files-claim-bill-gates-caught-std-from-russian-girls-sought-antibiotic-for-ex-wife-melinda/articleshow/127834135.cms
2026-02-01 06:59:08,982 - INFO - [Times of India] Attempt 1/1: Trying with 'selenium_browser' strategy...
2026-02-01 06:59:13,432 - INFO - [Times of India] Page content loaded.
2026-02-01 06:59:13,628 - INFO - [Times of India] Success with 'selenium_browser'. Found content (714 words).
2026-02-01 06:59:13,720 - INFO - Saved article: Epstein Files Claim: Bill Gates caught STD from 'Russian girls'; sought antibiotic for ex-wife Melinda | World News - The Times of India from Times of India
2026-02-01 06:59:14,294 - INFO - [Times of India] Article: https://timesofindia.indiatimes.com/world/middle-east/abu-dhabi-introduces-pet-registration-rule-dh1000-fine-for-unregistered-dogs-and-cats/articleshow/127834026.cms
2026-02-01 06:59:14,294 - INFO - [Times of India] Attempt 1/1: Trying with 'selenium_browser' strategy...
2026-02-01 06:59:14,947 - INFO - [Times of India] Page content loaded.
2026-02-01 06:59:15,090 - INFO - [Times of India] Success with 'selenium_browser'. Found content (391 words).
2026-02-01 06:59:15,144 - INFO - Saved article: Abu Dhabi introduces pet registration rule, Dh1,000 fine for unregistered dogs and cats | World News - The Times of India from Times of India
2026-02-01 06:59:16,083 - INFO - [Times of India] Article: https://timesofindia.indiatimes.com/world/middle-east/dubais-freelance-visa-trend-step-by-step-process-from-permit-to-residency-how-it-works-what-it-costs-and-who-can-apply/articleshow/127832966.cms
2026-02-01 06:59:16,083 - INFO - [Times of India] Attempt 1/1: Trying with 'selenium_browser' strategy...
2026-02-01 06:59:17,177 - INFO - [Times of India] Page content loaded.
2026-02-01 06:59:17,329 - INFO - [Times of India] Success with 'selenium_browser'. Found content (1063 words).
2026-02-01 06:59:17,384 - INFO - Saved article: Dubai’s freelance visa trend: Step-by-step process from permit to residency, how it works, what it costs and who can apply - The Times of India from Times of India
2026-02-01 06:59:18,379 - INFO - [Times of India] Article: https://timesofindia.indiatimes.com/world/us/despite-memes-and-mockery-melania-trump-documentary-broke-this-remarkable-box-office-record/articleshow/127833087.cms
2026-02-01 06:59:18,379 - INFO - [Times of India] Attempt 1/1: Trying with 'selenium_browser' strategy...
2026-02-01 06:59:19,459 - INFO - [Times of India] Page content loaded.
2026-02-01 06:59:19,602 - INFO - [Times of India] Success with 'selenium_browser'. Found content (510 words).
2026-02-01 06:59:19,650 - INFO - Duplicate article skipped: Despite memes and mockery, Melania Trump documentary broke this remarkable box office record | World News - The Times of India from Times of India
2026-02-01 06:59:20,287 - INFO - [Times of India] Article: https://timesofindia.indiatimes.com/world/middle-east/qatar-announces-fuel-prices-for-february-2026-petrol-and-diesel-rates-drop/articleshow/127832832.cms
2026-02-01 06:59:20,287 - INFO - [Times of India] Attempt 1/1: Trying with 'selenium_browser' strategy...
2026-02-01 06:59:21,034 - INFO - [Times of India] Page content loaded.
2026-02-01 06:59:21,188 - INFO - [Times of India] Success with 'selenium_browser'. Found content (80 words).
2026-02-01 06:59:21,233 - INFO - Duplicate article skipped: Qatar announces fuel prices for February 2026: Petrol and diesel rates drop | World News - The Times of India from Times of India
2026-02-01 06:59:22,527 - INFO - [Times of India] Article: https://timesofindia.indiatimes.com/world/us-streamers/tahir-tahirfuegos-cause-of-death-how-did-godlike-esports-personality-pass-away-at-the-age-of-24/articleshow/127832207.cms
2026-02-01 06:59:22,527 - INFO - [Times of India] Attempt 1/1: Trying with 'selenium_browser' strategy...
2026-02-01 06:59:23,812 - INFO - [Times of India] Page content loaded.
2026-02-01 06:59:23,910 - INFO - [Times of India] Success with 'selenium_browser'. Found content (461 words).
2026-02-01 06:59:23,965 - INFO - Duplicate article skipped: Tahir Tahirfuego's cause of death: How did GodLike Esports personality pass away at the age of 24 - The Times of India from Times of India
2026-02-01 06:59:25,271 - INFO - [Times of India] Article: https://timesofindia.indiatimes.com/world/us/will-do-something-substantial-if-trump-warns-canada-over-potential-china-deal-negotiates-with-iran/articleshow/127830887.cms
2026-02-01 06:59:25,271 - INFO - [Times of India] Attempt 1/1: Trying with 'selenium_browser' strategy...
2026-02-01 06:59:26,356 - INFO - [Times of India] Page content loaded.
2026-02-01 06:59:26,515 - INFO - [Times of India] Success with 'selenium_browser'. Found content (458 words).
2026-02-01 06:59:26,562 - INFO - Duplicate article skipped: 'Will do something substantial if ...' : Trump warns Canada over potential China deal; negotiates with Iran - The Times of India from Times of India
2026-02-01 06:59:27,524 - INFO - [Times of India] Article: https://timesofindia.indiatimes.com/world/us/way-bigger-problem-than-h-1b-us-whistleblower-who-claimed-indian-takeover-says-america-is-being-destroyed-from-within/articleshow/127830803.cms
2026-02-01 06:59:27,524 - INFO - [Times of India] Attempt 1/1: Trying with 'selenium_browser' strategy...
2026-02-01 06:59:29,487 - INFO - [Times of India] Page content loaded.
2026-02-01 06:59:29,705 - INFO - [Times of India] Success with 'selenium_browser'. Found content (433 words).
2026-02-01 06:59:29,804 - INFO - Duplicate article skipped: ‘Way bigger problem than H-1B’: US whistleblower who claimed ‘Indian takeover’ says America is being destroyed from within - The Times of India from Times of India
2026-02-01 06:59:30,815 - INFO - [Times of India] Article: https://timesofindia.indiatimes.com/world/us/h2b-employers-paying-911-per-hour-immigration-expert-says-americans-are-denied-work-even-in-construction/articleshow/127830768.cms
2026-02-01 06:59:30,816 - INFO - [Times of India] Attempt 1/1: Trying with 'selenium_browser' strategy...
2026-02-01 06:59:32,125 - INFO - [Times of India] Page content loaded.
2026-02-01 06:59:32,282 - INFO - [Times of India] Success with 'selenium_browser'. Found content (395 words).
2026-02-01 06:59:32,359 - INFO - Duplicate article skipped: ‘H‑2B employers paying $9‑$11 per hour’: Immigration expert says Americans are denied work even in construction - The Times of India from Times of India
2026-02-01 06:59:33,354 - INFO - [Times of India] (Thread) Finished. Attempting to shut down its Selenium driver.
2026-02-01 06:59:33,550 - INFO - [Times of India] (Thread) driver.quit() successful.
2026-02-01 06:59:33,550 - INFO - Shutting down thread pool (wait=False)...
2026-02-01 06:59:33,550 - INFO - Scraped: 10 The Hindu, 0 The Guardian, 1 BBC, 4 Times of India articles. (Total saved: 15)
2026-02-01 06:59:33,550 - INFO - --- Scraping job finished ---
2026-02-01 06:59:33,555 - INFO - --- Scraper service stopped and database connection closed. ---
2026-02-01 06:59:33,555 - INFO - --- Main thread finished. Forcing process exit to kill zombie threads. ---
