2025-12-06 03:14:01,902 - INFO - Initializing database connection at: news_articles.db
2025-12-06 03:14:01,902 - INFO - --- Scraper service started (CI Mode: Run Once) ---
2025-12-06 03:14:01,902 - INFO - --- Starting new scraping job (Parallel Mode) ---
2025-12-06 03:14:01,903 - INFO - Creating new robust session with 3 retries on 5xx/connection/read errors.
2025-12-06 03:14:01,903 - INFO - Proxy is DISABLED.
2025-12-06 03:14:01,903 - INFO - Starting scrape for BBC RSS feed: http://feeds.bbci.co.uk/news/world/rss.xml
2025-12-06 03:14:01,903 - INFO - [Times of India] (Thread) requires Selenium. Initializing driver...
2025-12-06 03:14:01,903 - INFO - Initializing headless Selenium Chrome driver (using SeleniumManager)...
2025-12-06 03:14:01,904 - INFO - Starting scrape for The Guardian RSS feed: https://www.theguardian.com/world/rss
2025-12-06 03:14:01,904 - INFO - [The Hindu] (Thread) requires Selenium. Initializing driver...
2025-12-06 03:14:01,904 - INFO - Initializing headless Selenium Chrome driver (using SeleniumManager)...
2025-12-06 03:14:01,904 - INFO - Submitted 4 jobs to thread pool. Waiting up to 300s for completion...
2025-12-06 03:14:01,980 - INFO - Found 44 articles in BBC RSS feed. Processing up to 10.
2025-12-06 03:14:01,980 - INFO - [BBC] Article: https://www.bbc.com/news/articles/c4g482m3yyzo?at_medium=RSS&at_campaign=rss
2025-12-06 03:14:01,981 - INFO - [BBC] Attempt 1/1: Trying with 'requests_browser' strategy...
2025-12-06 03:14:02,093 - INFO - Found 45 articles in The Guardian RSS feed. Processing up to 10.
2025-12-06 03:14:02,093 - INFO - [The Guardian] Article: https://www.theguardian.com/world/2025/dec/05/people-flee-dr-congo-fighting-one-day-after-peace-deal-signed-in-washington
2025-12-06 03:14:02,093 - INFO - [The Guardian] Attempt 1/1: Trying with 'requests_browser' strategy...
2025-12-06 03:14:02,132 - INFO - [The Guardian] Success with 'requests_browser'. Found content (411 words).
2025-12-06 03:14:02,176 - INFO - Duplicate article skipped: People flee DR Congo fighting one day after peace deal signed in Washington | Democratic Republic of the Congo | The Guardian from The Guardian
2025-12-06 03:14:02,218 - INFO - [BBC] Success with 'requests_browser'. Found content (690 words).
2025-12-06 03:14:02,255 - INFO - Duplicate article skipped: Putin in India: Russia ready to provide 'uninterrupted' fuel supplies from BBC
2025-12-06 03:14:03,573 - INFO - [The Guardian] Article: https://www.theguardian.com/global-development/2025/dec/05/rsf-massacres-sudanese-city-el-fasher-slaughterhouse-satellite-images
2025-12-06 03:14:03,573 - INFO - [The Guardian] Attempt 1/1: Trying with 'requests_browser' strategy...
2025-12-06 03:14:03,599 - INFO - [The Guardian] Success with 'requests_browser'. Found content (684 words).
2025-12-06 03:14:03,635 - INFO - Duplicate article skipped: RSF massacres left Sudanese city ‘a slaughterhouse’, satellite images show | Global development | The Guardian from The Guardian
2025-12-06 03:14:03,739 - INFO - [BBC] Article: https://www.bbc.com/news/articles/ckg9drg8pg1o?at_medium=RSS&at_campaign=rss
2025-12-06 03:14:03,739 - INFO - [BBC] Attempt 1/1: Trying with 'requests_browser' strategy...
2025-12-06 03:14:04,911 - INFO - [The Guardian] Article: https://www.theguardian.com/environment/2025/dec/05/african-penguins-starve-to-death-south-africa-sardine-population-aoe
2025-12-06 03:14:04,911 - INFO - [The Guardian] Attempt 1/1: Trying with 'requests_browser' strategy...
2025-12-06 03:14:04,938 - INFO - [The Guardian] Success with 'requests_browser'. Found content (530 words).
2025-12-06 03:14:04,974 - INFO - Duplicate article skipped: 60,000 African penguins starved to death after sardine numbers collapsed – study | Birds | The Guardian from The Guardian
2025-12-06 03:14:04,995 - INFO - [BBC] Success with 'requests_browser'. Found content (692 words).
2025-12-06 03:14:05,031 - INFO - Duplicate article skipped: Germany votes to bring in voluntary military service programme for 18-year-olds from BBC
2025-12-06 03:14:06,006 - INFO - [The Guardian] Article: https://www.theguardian.com/world/2025/dec/05/us-sanctions-sudan-army-rsf-ceasefire
2025-12-06 03:14:06,006 - INFO - [The Guardian] Attempt 1/1: Trying with 'requests_browser' strategy...
2025-12-06 03:14:06,079 - INFO - [BBC] Article: https://www.bbc.com/news/articles/c208j0wrzrvo?at_medium=RSS&at_campaign=rss
2025-12-06 03:14:06,079 - INFO - [BBC] Attempt 1/1: Trying with 'requests_browser' strategy...
2025-12-06 03:14:06,122 - INFO - [BBC] Success with 'requests_browser'. Found content (637 words).
2025-12-06 03:14:06,158 - INFO - Duplicate article skipped: US Supreme Court agrees to hear case challenging birthright citizenship from BBC
2025-12-06 03:14:06,163 - INFO - [The Guardian] Success with 'requests_browser'. Found content (849 words).
2025-12-06 03:14:06,211 - INFO - Duplicate article skipped: US considers wider sanctions on Sudanese army and RSF as ceasefire efforts falter | Sudan | The Guardian from The Guardian
2025-12-06 03:14:06,782 - INFO - [BBC] Article: https://www.bbc.com/news/articles/cx2500jkd41o?at_medium=RSS&at_campaign=rss
2025-12-06 03:14:06,782 - INFO - [BBC] Attempt 1/1: Trying with 'requests_browser' strategy...
2025-12-06 03:14:06,904 - INFO - [BBC] Success with 'requests_browser'. Found content (558 words).
2025-12-06 03:14:06,956 - INFO - Duplicate article skipped: Eritreans, including Olympian Zeragaber Gebrehiwot, freed after 18 years in jail without trial from BBC
2025-12-06 03:14:07,710 - INFO - [The Guardian] Article: https://www.theguardian.com/world/2025/dec/04/us-eu-critical-minerals-project-drc-report-lobito-corridor
2025-12-06 03:14:07,710 - INFO - [The Guardian] Attempt 1/1: Trying with 'requests_browser' strategy...
2025-12-06 03:14:07,734 - INFO - [The Guardian] Success with 'requests_browser'. Found content (813 words).
2025-12-06 03:14:07,767 - INFO - Duplicate article skipped: US and EU critical minerals project could displace thousands in DRC – report | Democratic Republic of the Congo | The Guardian from The Guardian
2025-12-06 03:14:08,433 - INFO - [BBC] Article: https://www.bbc.com/news/articles/ce91x2jm5pjo?at_medium=RSS&at_campaign=rss
2025-12-06 03:14:08,433 - INFO - [BBC] Attempt 1/1: Trying with 'requests_browser' strategy...
2025-12-06 03:14:08,449 - INFO - [The Guardian] Article: https://www.theguardian.com/us-news/2025/dec/05/us-airstrike-survivors-clung-to-boat-wreckage-for-an-hour-before-second-deadly-attack-video-shows
2025-12-06 03:14:08,450 - INFO - [The Guardian] Attempt 1/1: Trying with 'requests_browser' strategy...
2025-12-06 03:14:08,508 - INFO - [BBC] Success with 'requests_browser'. Found content (980 words).
2025-12-06 03:14:08,546 - INFO - Duplicate article skipped: Netflix to buy Warner Bros film and streaming businesses for $72bn from BBC
2025-12-06 03:14:08,559 - INFO - [The Guardian] Success with 'requests_browser'. Found content (1016 words).
2025-12-06 03:14:08,605 - INFO - Duplicate article skipped: US airstrike survivors clung to boat wreckage for an hour before second deadly attack, video shows | US military | The Guardian from The Guardian
2025-12-06 03:14:09,371 - INFO - [BBC] Article: https://www.bbc.com/news/articles/c5y2p22z9gno?at_medium=RSS&at_campaign=rss
2025-12-06 03:14:09,371 - INFO - [BBC] Attempt 1/1: Trying with 'requests_browser' strategy...
2025-12-06 03:14:09,408 - INFO - [BBC] Success with 'requests_browser'. Found content (801 words).
2025-12-06 03:14:09,443 - INFO - Duplicate article skipped: Frank Gehry: Legendary US architect dies aged 96 from BBC
2025-12-06 03:14:09,549 - INFO - [The Guardian] Article: https://www.theguardian.com/us-news/2025/dec/05/neo-nazi-base-leader-on-terrorism-arrest
2025-12-06 03:14:09,549 - INFO - [The Guardian] Attempt 1/1: Trying with 'requests_browser' strategy...
2025-12-06 03:14:09,575 - INFO - [The Guardian] Success with 'requests_browser'. Found content (1072 words).
2025-12-06 03:14:09,612 - INFO - Duplicate article skipped: US leader of global neo-Nazi terrorist group signals retribution for arrests | Far right (US) | The Guardian from The Guardian
2025-12-06 03:14:10,431 - INFO - [BBC] Article: https://www.bbc.com/news/articles/c30j7q6qjp9o?at_medium=RSS&at_campaign=rss
2025-12-06 03:14:10,431 - INFO - [BBC] Attempt 1/1: Trying with 'requests_browser' strategy...
2025-12-06 03:14:10,535 - INFO - [BBC] Success with 'requests_browser'. Found content (795 words).
2025-12-06 03:14:10,570 - INFO - Duplicate article skipped: Namibia loses bid to overturn ban on rhino horn trade at Cites conference in Samarkand from BBC
2025-12-06 03:14:10,895 - INFO - [The Guardian] Article: https://www.theguardian.com/politics/audio/2025/dec/05/donald-trump-about-to-invade-venezuela-podcast
2025-12-06 03:14:10,896 - INFO - [The Guardian] Attempt 1/1: Trying with 'requests_browser' strategy...
2025-12-06 03:14:10,999 - WARNING - [The Guardian] FAILED with 'requests_browser' (content was too short: 72 words).
2025-12-06 03:14:10,999 - ERROR - [The Guardian] All scrape strategies failed for https://www.theguardian.com/politics/audio/2025/dec/05/donald-trump-about-to-invade-venezuela-podcast. Falling back to RSS description.
2025-12-06 03:14:10,999 - INFO - Duplicate article skipped: “This is war”: Is Trump about to invade Venezuela? – podcast from The Guardian
2025-12-06 03:14:11,838 - INFO - [BBC] Article: https://www.bbc.com/news/articles/c4gp8vjwll2o?at_medium=RSS&at_campaign=rss
2025-12-06 03:14:11,839 - INFO - [BBC] Attempt 1/1: Trying with 'requests_browser' strategy...
2025-12-06 03:14:12,312 - INFO - [BBC] Success with 'requests_browser'. Found content (290 words).
2025-12-06 03:14:12,345 - INFO - Duplicate article skipped: Woman wanted by Interpol for trafficking tiger parts arrested in India from BBC
2025-12-06 03:14:12,460 - INFO - [The Guardian] Article: https://www.theguardian.com/us-news/2025/dec/04/pentagon-boat-strike-pacific
2025-12-06 03:14:12,460 - INFO - [The Guardian] Attempt 1/1: Trying with 'requests_browser' strategy...
2025-12-06 03:14:12,486 - INFO - [The Guardian] Success with 'requests_browser'. Found content (637 words).
2025-12-06 03:14:12,524 - INFO - Duplicate article skipped: Pentagon announces it has killed four men in another boat strike in Pacific | US military | The Guardian from The Guardian
2025-12-06 03:14:13,108 - INFO - [BBC] Article: https://www.bbc.com/news/articles/cjrjn88jqn4o?at_medium=RSS&at_campaign=rss
2025-12-06 03:14:13,108 - INFO - [BBC] Attempt 1/1: Trying with 'requests_browser' strategy...
2025-12-06 03:14:13,152 - INFO - [BBC] Success with 'requests_browser'. Found content (1231 words).
2025-12-06 03:14:13,192 - INFO - Duplicate article skipped: Trump hosts signing of peace deal between leaders of DR Congo and Rwanda from BBC
2025-12-06 03:14:13,529 - INFO - [The Guardian] Article: https://www.theguardian.com/us-news/2025/dec/04/video-second-boat-strike-military-caribbean
2025-12-06 03:14:13,529 - INFO - [The Guardian] Attempt 1/1: Trying with 'requests_browser' strategy...
2025-12-06 03:14:13,562 - INFO - [The Guardian] Success with 'requests_browser'. Found content (1287 words).
2025-12-06 03:14:13,605 - INFO - Duplicate article skipped: Experts urge release of boat strike video as US admiral denies ‘kill them all’ order | US military | The Guardian from The Guardian
2025-12-06 03:14:14,430 - INFO - [BBC] Article: https://www.bbc.com/news/articles/clyz18z1gk0o?at_medium=RSS&at_campaign=rss
2025-12-06 03:14:14,430 - INFO - [BBC] Attempt 1/1: Trying with 'requests_browser' strategy...
2025-12-06 03:14:14,539 - INFO - [BBC] Success with 'requests_browser'. Found content (466 words).
2025-12-06 03:14:14,574 - INFO - Duplicate article skipped: IndiGO: Travel chaos worsens in India with hundreds of flights cancelled from BBC
2025-12-06 03:14:31,167 - INFO - Selenium driver initialized successfully.
2025-12-06 03:14:31,167 - INFO - Starting scrape for Times of India RSS feed: https://timesofindia.indiatimes.com/rssfeeds/296589292.cms
2025-12-06 03:14:31,168 - INFO - Selenium driver initialized successfully.
2025-12-06 03:14:31,168 - INFO - Starting scrape for The Hindu RSS feed: https://www.thehindu.com/news/national/feeder/default.rss
2025-12-06 03:14:31,279 - INFO - Found 100 articles in The Hindu RSS feed. Processing up to 10.
2025-12-06 03:14:31,279 - INFO - [The Hindu] Article: https://www.thehindu.com/news/national/kerala/growing-tribe-of-migrant-voters-find-voice-in-local-body-polls/article70361370.ece
2025-12-06 03:14:31,279 - INFO - [The Hindu] Attempt 1/1: Trying with 'selenium_browser' strategy...
2025-12-06 03:14:31,341 - INFO - Found 20 articles in Times of India RSS feed. Processing up to 10.
2025-12-06 03:14:31,341 - INFO - [Times of India] Article: https://timesofindia.indiatimes.com/world/us-streamers/it-was-erika-candace-owens-questions-whether-erika-kirk-authorized-tpusa-livestream-plans-and-controversial-message/articleshow/125798351.cms
2025-12-06 03:14:31,341 - INFO - [Times of India] Attempt 1/1: Trying with 'selenium_browser' strategy...
2025-12-06 03:14:38,631 - INFO - [The Hindu] Page content loaded.
2025-12-06 03:14:38,895 - INFO - [The Hindu] Success with 'selenium_browser'. Found content (573 words).
2025-12-06 03:14:39,073 - INFO - Duplicate article skipped: Growing tribe of migrant voters find voice in local body polls - The Hindu from The Hindu
2025-12-06 03:14:39,853 - INFO - [The Hindu] Article: https://www.thehindu.com/news/national/kerala/debutant-faces-veterans-in-ponnurunni-east-poll-battle/article70361376.ece
2025-12-06 03:14:39,853 - INFO - [The Hindu] Attempt 1/1: Trying with 'selenium_browser' strategy...
2025-12-06 03:14:42,469 - INFO - [The Hindu] Page content loaded.
2025-12-06 03:14:42,878 - INFO - [The Hindu] Success with 'selenium_browser'. Found content (536 words).
2025-12-06 03:14:43,279 - INFO - Duplicate article skipped: Debutant faces veterans in Ponnurunni East poll battle - The Hindu from The Hindu
2025-12-06 03:14:44,269 - INFO - [The Hindu] Article: https://www.thehindu.com/news/national/kerala/development-works-worth-700-crore-implemented-in-kannur-corporation-claims-udf/article70362691.ece
2025-12-06 03:14:44,269 - INFO - [The Hindu] Attempt 1/1: Trying with 'selenium_browser' strategy...
2025-12-06 03:14:49,850 - INFO - [The Hindu] Page content loaded.
2025-12-06 03:14:50,070 - INFO - [The Hindu] Success with 'selenium_browser'. Found content (263 words).
2025-12-06 03:14:50,378 - INFO - Duplicate article skipped: Development works worth ₹700 crore implemented in Kannur Corporation, claims UDF - The Hindu from The Hindu
2025-12-06 03:14:51,623 - INFO - [The Hindu] Article: https://www.thehindu.com/news/national/kerala/kerala-high-court-orders-kelsa-to-provide-5-lakh-to-acid-attack-survivor/article70363087.ece
2025-12-06 03:14:51,623 - INFO - [The Hindu] Attempt 1/1: Trying with 'selenium_browser' strategy...
2025-12-06 03:16:31,372 - ERROR - [Times of India] Request failed for strategy 'selenium_browser' on URL https://timesofindia.indiatimes.com/world/us-streamers/it-was-erika-candace-owens-questions-whether-erika-kirk-authorized-tpusa-livestream-plans-and-controversial-message/articleshow/125798351.cms: HTTPConnectionPool(host='localhost', port=37033): Read timed out. (read timeout=120)
2025-12-06 03:16:31,372 - ERROR - [Times of India] All scrape strategies failed for https://timesofindia.indiatimes.com/world/us-streamers/it-was-erika-candace-owens-questions-whether-erika-kirk-authorized-tpusa-livestream-plans-and-controversial-message/articleshow/125798351.cms. Falling back to RSS description.
2025-12-06 03:16:31,375 - INFO - Saved article: “It was Erika....”: Candace Owens questions whether Erika Kirk authorized TPUSA livestream plans and controversial message from Times of India
2025-12-06 03:16:32,515 - INFO - [Times of India] Article: https://timesofindia.indiatimes.com/world/us-streamers/who-is-candace-owens-husband-candace-owens-reveals-she-might-beg-george-farmer-to-let-her-face-erika-kirk-at-tpusa/articleshow/125798250.cms
2025-12-06 03:16:32,515 - INFO - [Times of India] Attempt 1/1: Trying with 'selenium_browser' strategy...
2025-12-06 03:16:51,651 - ERROR - [The Hindu] Request failed for strategy 'selenium_browser' on URL https://www.thehindu.com/news/national/kerala/kerala-high-court-orders-kelsa-to-provide-5-lakh-to-acid-attack-survivor/article70363087.ece: HTTPConnectionPool(host='localhost', port=51267): Read timed out. (read timeout=120)
2025-12-06 03:16:51,651 - ERROR - [The Hindu] All scrape strategies failed for https://www.thehindu.com/news/national/kerala/kerala-high-court-orders-kelsa-to-provide-5-lakh-to-acid-attack-survivor/article70363087.ece. Falling back to RSS description.
2025-12-06 03:16:51,651 - INFO - Duplicate article skipped: Kerala High Court orders KELSA to provide ₹5 lakh to acid attack survivor from The Hindu
2025-12-06 03:16:52,648 - INFO - [The Hindu] Article: https://www.thehindu.com/news/national/manipur/manipurs-banned-outfits-warned-against-disrupting-peace/article70361964.ece
2025-12-06 03:16:52,648 - INFO - [The Hindu] Attempt 1/1: Trying with 'selenium_browser' strategy...
2025-12-06 03:18:32,616 - ERROR - [Times of India] Request failed for strategy 'selenium_browser' on URL https://timesofindia.indiatimes.com/world/us-streamers/who-is-candace-owens-husband-candace-owens-reveals-she-might-beg-george-farmer-to-let-her-face-erika-kirk-at-tpusa/articleshow/125798250.cms: HTTPConnectionPool(host='localhost', port=37033): Read timed out. (read timeout=120)
2025-12-06 03:18:32,616 - ERROR - [Times of India] All scrape strategies failed for https://timesofindia.indiatimes.com/world/us-streamers/who-is-candace-owens-husband-candace-owens-reveals-she-might-beg-george-farmer-to-let-her-face-erika-kirk-at-tpusa/articleshow/125798250.cms. Falling back to RSS description.
2025-12-06 03:18:32,619 - INFO - Saved article: Who is Candace Owens’ husband? She reveals she might beg George Farmer to let her face Erika Kirk at TPUSA talk from Times of India
2025-12-06 03:18:34,023 - INFO - [Times of India] Article: https://timesofindia.indiatimes.com/world/us-streamers/why-is-tekashi-6ix9ine-being-sent-back-to-prison-again-judge-refuses-his-plea-to-serve-his-sentence-at-home/articleshow/125798132.cms
2025-12-06 03:18:34,023 - INFO - [Times of India] Attempt 1/1: Trying with 'selenium_browser' strategy...
2025-12-06 03:18:52,749 - ERROR - [The Hindu] Request failed for strategy 'selenium_browser' on URL https://www.thehindu.com/news/national/manipur/manipurs-banned-outfits-warned-against-disrupting-peace/article70361964.ece: HTTPConnectionPool(host='localhost', port=51267): Read timed out. (read timeout=120)
2025-12-06 03:18:52,749 - ERROR - [The Hindu] All scrape strategies failed for https://www.thehindu.com/news/national/manipur/manipurs-banned-outfits-warned-against-disrupting-peace/article70361964.ece. Falling back to RSS description.
2025-12-06 03:18:52,749 - INFO - Duplicate article skipped: Manipur’s banned outfits warned against disrupting peace from The Hindu
2025-12-06 03:18:53,647 - INFO - [The Hindu] Article: https://www.thehindu.com/news/national/kerala/ernakulam-collector-orders-criminal-proceedings-against-42-for-enrolling-in-voters-list-using-fake-documents/article70362530.ece
2025-12-06 03:18:53,647 - INFO - [The Hindu] Attempt 1/1: Trying with 'selenium_browser' strategy...
2025-12-06 03:19:01,905 - CRITICAL - --- TIMEOUT: 2 scrape jobs did not complete in 300s. ---
2025-12-06 03:19:01,905 - ERROR - A thread has timed out and will be abandoned.
2025-12-06 03:19:01,905 - ERROR - A thread has timed out and will be abandoned.
2025-12-06 03:19:01,905 - INFO - Shutting down thread pool (wait=False)...
2025-12-06 03:19:01,905 - INFO - Scraped: 0 The Guardian, 0 BBC, 2 Timed_Out_Jobs articles. (Total saved: 0)
2025-12-06 03:19:01,905 - INFO - --- Scraping job finished ---
2025-12-06 03:19:01,905 - INFO - --- Scraper service stopped and database connection closed. ---
2025-12-06 03:19:01,905 - INFO - --- Main thread finished. Forcing process exit to kill zombie threads. ---
