2026-01-31 14:30:07,373 - INFO - Initializing database connection at: news_articles.db
2026-01-31 14:30:07,373 - INFO - --- Scraper service started (CI Mode: Run Once) ---
2026-01-31 14:30:07,373 - INFO - --- Starting new scraping job (Parallel Mode) ---
2026-01-31 14:30:07,373 - INFO - Creating new robust session with 3 retries on 5xx/connection/read errors.
2026-01-31 14:30:07,373 - INFO - Proxy is DISABLED.
2026-01-31 14:30:07,374 - INFO - Starting scrape for BBC RSS feed: http://feeds.bbci.co.uk/news/world/rss.xml
2026-01-31 14:30:07,374 - INFO - [Times of India] (Thread) requires Selenium. Initializing driver...
2026-01-31 14:30:07,374 - INFO - Initializing headless Selenium Chrome driver (using SeleniumManager)...
2026-01-31 14:30:07,374 - INFO - Starting scrape for The Guardian RSS feed: https://www.theguardian.com/world/rss
2026-01-31 14:30:07,375 - INFO - [The Hindu] (Thread) requires Selenium. Initializing driver...
2026-01-31 14:30:07,375 - INFO - Initializing headless Selenium Chrome driver (using SeleniumManager)...
2026-01-31 14:30:07,375 - INFO - Submitted 4 jobs to thread pool. Waiting up to 300s for completion...
2026-01-31 14:30:07,511 - INFO - Found 45 articles in The Guardian RSS feed. Processing up to 10.
2026-01-31 14:30:07,511 - INFO - [The Guardian] Article: https://www.theguardian.com/world/2026/jan/30/more-than-200-killed-in-coltan-mine-collapse-in-eastern-drc-officials-say
2026-01-31 14:30:07,511 - INFO - [The Guardian] Attempt 1/1: Trying with 'requests_browser' strategy...
2026-01-31 14:30:07,549 - INFO - [The Guardian] Success with 'requests_browser'. Found content (306 words).
2026-01-31 14:30:07,584 - INFO - Duplicate article skipped: More than 200 killed in coltan mine collapse in eastern DRC, officials say | Democratic Republic of the Congo | The Guardian from The Guardian
2026-01-31 14:30:07,658 - INFO - Found 37 articles in BBC RSS feed. Processing up to 10.
2026-01-31 14:30:07,658 - INFO - [BBC] Article: https://www.bbc.com/news/articles/cevnmxyy4wjo?at_medium=RSS&at_campaign=rss
2026-01-31 14:30:07,658 - INFO - [BBC] Attempt 1/1: Trying with 'requests_browser' strategy...
2026-01-31 14:30:08,001 - INFO - [BBC] Success with 'requests_browser'. Found content (1959 words).
2026-01-31 14:30:08,049 - INFO - Duplicate article skipped: Millions of Jeffrey Epstein files released by US justice department from BBC
2026-01-31 14:30:08,757 - INFO - [The Guardian] Article: https://www.theguardian.com/world/2026/jan/30/niger-airport-airbase-attack-islamic-state
2026-01-31 14:30:08,757 - INFO - [The Guardian] Attempt 1/1: Trying with 'requests_browser' strategy...
2026-01-31 14:30:08,805 - INFO - [The Guardian] Success with 'requests_browser'. Found content (455 words).
2026-01-31 14:30:08,847 - INFO - [BBC] Article: https://www.bbc.com/news/articles/czejk8pnk82o?at_medium=RSS&at_campaign=rss
2026-01-31 14:30:08,847 - INFO - [BBC] Attempt 1/1: Trying with 'requests_browser' strategy...
2026-01-31 14:30:08,863 - INFO - Selenium driver initialized successfully.
2026-01-31 14:30:08,863 - INFO - Starting scrape for Times of India RSS feed: https://timesofindia.indiatimes.com/rssfeeds/296589292.cms
2026-01-31 14:30:08,870 - INFO - Selenium driver initialized successfully.
2026-01-31 14:30:08,870 - INFO - Starting scrape for The Hindu RSS feed: https://www.thehindu.com/news/national/feeder/default.rss
2026-01-31 14:30:08,876 - INFO - Duplicate article skipped: Islamic State claims attack on international airport and airbase in Niger | Niger | The Guardian from The Guardian
2026-01-31 14:30:08,909 - INFO - [BBC] Success with 'requests_browser'. Found content (778 words).
2026-01-31 14:30:08,954 - INFO - Duplicate article skipped: Catherine O'Hara: Pedro Pascal and Meryl Streep lead tributes from BBC
2026-01-31 14:30:09,020 - INFO - Found 100 articles in The Hindu RSS feed. Processing up to 10.
2026-01-31 14:30:09,020 - INFO - [The Hindu] Article: https://www.thehindu.com/news/national/karnataka/cs-aithon-2026-national-hackathon-held-at-central-university-of-karnataka/article70571290.ece
2026-01-31 14:30:09,020 - INFO - [The Hindu] Attempt 1/1: Trying with 'selenium_browser' strategy...
2026-01-31 14:30:09,206 - INFO - Found 20 articles in Times of India RSS feed. Processing up to 10.
2026-01-31 14:30:09,206 - INFO - [Times of India] Article: https://timesofindia.indiatimes.com/etimes/trending/from-hollywood-to-silicon-valley-how-ashton-kutcher-secretly-built-a-billion-dollar-tech-investment-empire/articleshow/127818687.cms
2026-01-31 14:30:09,206 - INFO - [Times of India] Attempt 1/1: Trying with 'selenium_browser' strategy...
2026-01-31 14:30:10,087 - INFO - [BBC] Article: https://www.bbc.com/news/articles/c701g1g00gdo?at_medium=RSS&at_campaign=rss
2026-01-31 14:30:10,087 - INFO - [BBC] Attempt 1/1: Trying with 'requests_browser' strategy...
2026-01-31 14:30:10,132 - INFO - [BBC] Success with 'requests_browser'. Found content (557 words).
2026-01-31 14:30:10,183 - INFO - Saved article: Israeli air strikes kill at least 27 Palestinians in Gaza, rescue officials say from BBC
2026-01-31 14:30:10,210 - INFO - [The Guardian] Article: https://www.theguardian.com/world/2026/jan/30/south-africa-expels-israel-diplomat-insults-president
2026-01-31 14:30:10,211 - INFO - [The Guardian] Attempt 1/1: Trying with 'requests_browser' strategy...
2026-01-31 14:30:10,258 - INFO - [The Guardian] Success with 'requests_browser'. Found content (628 words).
2026-01-31 14:30:10,313 - INFO - Duplicate article skipped: South Africa expels top Israeli diplomat over ‘insulting attacks’ on president | South Africa | The Guardian from The Guardian
2026-01-31 14:30:10,785 - INFO - [BBC] Article: https://www.bbc.com/news/articles/cwy1ed1vgxro?at_medium=RSS&at_campaign=rss
2026-01-31 14:30:10,786 - INFO - [BBC] Attempt 1/1: Trying with 'requests_browser' strategy...
2026-01-31 14:30:11,095 - INFO - [BBC] Success with 'requests_browser'. Found content (1597 words).
2026-01-31 14:30:11,311 - INFO - Duplicate article skipped: What we learned - and didn't - from the Melania documentary from BBC
2026-01-31 14:30:11,323 - INFO - [The Guardian] Article: https://www.theguardian.com/world/2026/jan/29/gunfire-blasts-heard-airport-niamey-niger-planes-hit-reports
2026-01-31 14:30:11,324 - INFO - [The Guardian] Attempt 1/1: Trying with 'requests_browser' strategy...
2026-01-31 14:30:11,459 - INFO - [The Guardian] Success with 'requests_browser'. Found content (778 words).
2026-01-31 14:30:11,682 - INFO - Duplicate article skipped: Niger’s military ruler vows retaliation after gunfire and explosions heard in capital | Niger | The Guardian from The Guardian
2026-01-31 14:30:12,650 - INFO - [The Guardian] Article: https://www.theguardian.com/world/2026/jan/26/hundreds-feared-dead-after-attempting-to-cross-mediterranean-amid-cyclone-harry
2026-01-31 14:30:12,650 - INFO - [The Guardian] Attempt 1/1: Trying with 'requests_browser' strategy...
2026-01-31 14:30:12,727 - INFO - [BBC] Article: https://www.bbc.com/news/articles/ce8rk33dpvmo?at_medium=RSS&at_campaign=rss
2026-01-31 14:30:12,727 - INFO - [BBC] Attempt 1/1: Trying with 'requests_browser' strategy...
2026-01-31 14:30:12,845 - INFO - [The Guardian] Success with 'requests_browser'. Found content (388 words).
2026-01-31 14:30:12,888 - INFO - [BBC] Success with 'requests_browser'. Found content (434 words).
2026-01-31 14:30:13,046 - INFO - Duplicate article skipped: Hundreds feared dead in attempt to cross Mediterranean during cyclone | Italy | The Guardian from The Guardian
2026-01-31 14:30:13,076 - INFO - Duplicate article skipped: US government partially shuts down despite funding deal from BBC
2026-01-31 14:30:13,575 - INFO - [The Guardian] Article: https://www.theguardian.com/world/2026/jan/30/mexico-sheinbaum-trump-tariffs-cuba-oil-crisis
2026-01-31 14:30:13,575 - INFO - [The Guardian] Attempt 1/1: Trying with 'requests_browser' strategy...
2026-01-31 14:30:13,631 - INFO - [The Guardian] Success with 'requests_browser'. Found content (561 words).
2026-01-31 14:30:13,717 - INFO - Duplicate article skipped: Mexico president says Trump tariffs on Cuba’s oil suppliers could trigger humanitarian crisis | Cuba | The Guardian from The Guardian
2026-01-31 14:30:13,844 - INFO - [BBC] Article: https://www.bbc.com/news/articles/cdjnp9m8wvgo?at_medium=RSS&at_campaign=rss
2026-01-31 14:30:13,844 - INFO - [BBC] Attempt 1/1: Trying with 'requests_browser' strategy...
2026-01-31 14:30:13,955 - INFO - [BBC] Success with 'requests_browser'. Found content (1558 words).
2026-01-31 14:30:14,027 - INFO - Duplicate article skipped: Muhoozi Kainerugaba: Uganda's army chief who threatened to castrate Bobi Wine from BBC
2026-01-31 14:30:14,292 - INFO - [The Hindu] Page content loaded.
2026-01-31 14:30:14,368 - INFO - [The Hindu] Success with 'selenium_browser'. Found content (277 words).
2026-01-31 14:30:14,481 - INFO - Saved article: CS-AITHON 2026 National Hackathon held at Central University of Karnataka - The Hindu from The Hindu
2026-01-31 14:30:14,744 - INFO - [BBC] Article: https://www.bbc.com/news/articles/cly381dvnvzo?at_medium=RSS&at_campaign=rss
2026-01-31 14:30:14,744 - INFO - [BBC] Attempt 1/1: Trying with 'requests_browser' strategy...
2026-01-31 14:30:14,925 - INFO - [The Guardian] Article: https://www.theguardian.com/world/2026/jan/30/court-ends-hong-kong-china-panama-canal-contracts
2026-01-31 14:30:14,925 - INFO - [The Guardian] Attempt 1/1: Trying with 'requests_browser' strategy...
2026-01-31 14:30:15,038 - INFO - [BBC] Success with 'requests_browser'. Found content (434 words).
2026-01-31 14:30:15,145 - INFO - [The Guardian] Success with 'requests_browser'. Found content (465 words).
2026-01-31 14:30:15,328 - INFO - [The Hindu] Article: https://www.thehindu.com/news/national/andhra-pradesh/collector-orders-probe-into-281-abortions-recorded-in-nine-months-in-kr-puram-itda/article70574527.ece
2026-01-31 14:30:15,328 - INFO - [The Hindu] Attempt 1/1: Trying with 'selenium_browser' strategy...
2026-01-31 14:30:15,522 - INFO - Saved article: DR Congo: More than 200 killed in mine collapse from BBC
2026-01-31 14:30:15,549 - INFO - Duplicate article skipped: Panama supreme court cancels Hong Kong company’s canal contracts | Panama canal | The Guardian from The Guardian
2026-01-31 14:30:16,613 - INFO - [The Guardian] Article: https://www.theguardian.com/world/2026/jan/30/venezuela-approves-bill-to-open-oil-sector-to-foreign-investment-after-us-pressure
2026-01-31 14:30:16,613 - INFO - [The Guardian] Attempt 1/1: Trying with 'requests_browser' strategy...
2026-01-31 14:30:16,820 - INFO - [BBC] Article: https://www.bbc.com/news/articles/cdjn0nmnjmwo?at_medium=RSS&at_campaign=rss
2026-01-31 14:30:16,832 - INFO - [BBC] Attempt 1/1: Trying with 'requests_browser' strategy...
2026-01-31 14:30:16,897 - INFO - [The Guardian] Success with 'requests_browser'. Found content (829 words).
2026-01-31 14:30:17,085 - INFO - [BBC] Success with 'requests_browser'. Found content (464 words).
2026-01-31 14:30:17,234 - INFO - Duplicate article skipped: Venezuela approves bill to open oil sector to foreign investment after US pressure | Venezuela | The Guardian from The Guardian
2026-01-31 14:30:17,269 - INFO - Duplicate article skipped: Pokémon cancels event at controversial Japan shrine following backlash from BBC
2026-01-31 14:30:17,912 - INFO - [The Guardian] Article: https://www.theguardian.com/us-news/2026/jan/30/weather-tracker-winter-storms-cause-death-and-outages-across-eastern-north-america
2026-01-31 14:30:17,912 - INFO - [The Guardian] Attempt 1/1: Trying with 'requests_browser' strategy...
2026-01-31 14:30:17,980 - INFO - [The Guardian] Success with 'requests_browser'. Found content (352 words).
2026-01-31 14:30:18,071 - INFO - Duplicate article skipped: Weather tracker: Winter storms cause death and outages across eastern north America | US news | The Guardian from The Guardian
2026-01-31 14:30:18,417 - INFO - [BBC] Article: https://www.bbc.com/news/articles/cd9ew2kwj0lo?at_medium=RSS&at_campaign=rss
2026-01-31 14:30:18,417 - INFO - [BBC] Attempt 1/1: Trying with 'requests_browser' strategy...
2026-01-31 14:30:18,507 - INFO - [BBC] Success with 'requests_browser'. Found content (498 words).
2026-01-31 14:30:18,601 - INFO - Duplicate article skipped: Trump says Iran wants a deal rather than face military action from BBC
2026-01-31 14:30:18,683 - INFO - [The Hindu] Page content loaded.
2026-01-31 14:30:18,969 - INFO - [The Hindu] Success with 'selenium_browser'. Found content (247 words).
2026-01-31 14:30:19,166 - INFO - Saved article: Collector orders probe into 281 abortions recorded in nine months in K.R. Puram ITDA - The Hindu from The Hindu
2026-01-31 14:30:19,249 - INFO - [BBC] Article: https://www.bbc.com/news/articles/clymp8v7ye2o?at_medium=RSS&at_campaign=rss
2026-01-31 14:30:19,249 - INFO - [BBC] Attempt 1/1: Trying with 'requests_browser' strategy...
2026-01-31 14:30:19,554 - INFO - [The Guardian] Article: https://www.theguardian.com/us-news/2026/jan/29/trump-tariffs-cuba-oil
2026-01-31 14:30:19,554 - INFO - [The Guardian] Attempt 1/1: Trying with 'requests_browser' strategy...
2026-01-31 14:30:19,579 - INFO - [BBC] Success with 'requests_browser'. Found content (1687 words).
2026-01-31 14:30:19,741 - INFO - [The Guardian] Success with 'requests_browser'. Found content (515 words).
2026-01-31 14:30:19,801 - INFO - Duplicate article skipped: Israel split over plans to bring back death penalty for deadly attacks from BBC
2026-01-31 14:30:19,916 - INFO - Duplicate article skipped: Trump threatens tariffs on goods from countries that sell oil to Cuba | Trump tariffs | The Guardian from The Guardian
2026-01-31 14:30:20,617 - INFO - [The Hindu] Article: https://www.thehindu.com/news/national/karnataka/shivamogga-bjp-holds-meeting-speaking-about-benifits-of-vb-g-ram-g-act/article70574672.ece
2026-01-31 14:30:20,617 - INFO - [The Hindu] Attempt 1/1: Trying with 'selenium_browser' strategy...
2026-01-31 14:30:47,093 - INFO - [The Hindu] Page content loaded.
2026-01-31 14:30:47,222 - INFO - [The Hindu] Success with 'selenium_browser'. Found content (285 words).
2026-01-31 14:30:47,309 - INFO - Saved article: Shivamogga BJP holds on benifits of VB-G RAM G Act - The Hindu from The Hindu
2026-01-31 14:30:48,007 - INFO - [The Hindu] Article: https://www.thehindu.com/news/national/karnataka/bmrcl-launches-campaign-to-curb-loud-music-misuse-of-priority-seating/article70573847.ece
2026-01-31 14:30:48,007 - INFO - [The Hindu] Attempt 1/1: Trying with 'selenium_browser' strategy...
2026-01-31 14:30:49,219 - INFO - [Times of India] Page content loaded.
2026-01-31 14:30:49,407 - INFO - [The Hindu] Page content loaded.
2026-01-31 14:30:49,528 - INFO - [Times of India] Success with 'selenium_browser'. Found content (840 words).
2026-01-31 14:30:49,712 - INFO - [The Hindu] Success with 'selenium_browser'. Found content (172 words).
2026-01-31 14:30:49,832 - INFO - Saved article: From Hollywood to Silicon Valley: how Ashton Kutcher secretly built a billion-dollar tech investment empire | - The Times of India from Times of India
2026-01-31 14:30:49,846 - INFO - Saved article: BMRCL launches campaign to curb loud music, misuse of priority seating - The Hindu from The Hindu
2026-01-31 14:30:51,144 - INFO - [The Hindu] Article: https://www.thehindu.com/news/national/kerala/expectations-from-union-budget-run-high-in-poll-bound-kerala/article70574607.ece
2026-01-31 14:30:51,145 - INFO - [The Hindu] Attempt 1/1: Trying with 'selenium_browser' strategy...
2026-01-31 14:30:51,234 - INFO - [Times of India] Article: https://timesofindia.indiatimes.com/world/rest-of-world/5000-year-old-rock-carving-reveals-early-egyptian-dominance-beyond-nile/articleshow/127816901.cms
2026-01-31 14:30:51,234 - INFO - [Times of India] Attempt 1/1: Trying with 'selenium_browser' strategy...
2026-01-31 14:30:52,550 - INFO - [Times of India] Page content loaded.
2026-01-31 14:30:52,682 - INFO - [The Hindu] Page content loaded.
2026-01-31 14:30:52,791 - INFO - [Times of India] Success with 'selenium_browser'. Found content (597 words).
2026-01-31 14:30:52,879 - INFO - Saved article: 5,000-year-old rock carving reveals early Egyptian dominance beyond Nile | World News - The Times of India from Times of India
2026-01-31 14:30:52,896 - INFO - [The Hindu] Success with 'selenium_browser'. Found content (385 words).
2026-01-31 14:30:52,984 - INFO - Saved article: Expectations from Union Budget run high in poll-bound Kerala - The Hindu from The Hindu
2026-01-31 14:30:53,411 - INFO - [Times of India] Article: https://timesofindia.indiatimes.com/world/uk/uk-man-80-built-a-400-million-drug-ring-using-a-3-3-million-lottery-win-court-rules/articleshow/127817906.cms
2026-01-31 14:30:53,411 - INFO - [Times of India] Attempt 1/1: Trying with 'selenium_browser' strategy...
2026-01-31 14:30:54,019 - INFO - [The Hindu] Article: https://www.thehindu.com/news/national/karnataka/hescom-disconnects-power-supply-to-sub-registrar-office/article70574660.ece
2026-01-31 14:30:54,019 - INFO - [The Hindu] Attempt 1/1: Trying with 'selenium_browser' strategy...
2026-01-31 14:30:54,847 - INFO - [Times of India] Page content loaded.
2026-01-31 14:30:54,967 - INFO - [Times of India] Success with 'selenium_browser'. Found content (528 words).
2026-01-31 14:30:55,040 - INFO - Duplicate article skipped: UK man, 80, built a $400 million drug ring using a $3.3 million lottery win, court rules - The Times of India from Times of India
2026-01-31 14:30:56,272 - INFO - [Times of India] Article: https://timesofindia.indiatimes.com/world/middle-east/uae-to-host-six-major-international-summits-and-events-in-february/articleshow/127817286.cms
2026-01-31 14:30:56,273 - INFO - [Times of India] Attempt 1/1: Trying with 'selenium_browser' strategy...
2026-01-31 14:30:56,306 - INFO - [The Hindu] Page content loaded.
2026-01-31 14:30:56,377 - INFO - [The Hindu] Success with 'selenium_browser'. Found content (106 words).
2026-01-31 14:30:56,477 - INFO - Saved article: Hescom disconnects power supply to sub-registrar office - The Hindu from The Hindu
2026-01-31 14:30:57,278 - INFO - [The Hindu] Article: https://www.thehindu.com/news/national/telangana/chief-secretary-directs-expedited-infrastructure-works-ahead-of-godavari-pushkaralu/article70574507.ece
2026-01-31 14:30:57,278 - INFO - [The Hindu] Attempt 1/1: Trying with 'selenium_browser' strategy...
2026-01-31 14:30:57,487 - INFO - [Times of India] Page content loaded.
2026-01-31 14:30:57,611 - INFO - [Times of India] Success with 'selenium_browser'. Found content (389 words).
2026-01-31 14:30:57,766 - INFO - Duplicate article skipped: UAE to host six major international summits and events in February | World News - The Times of India from Times of India
2026-01-31 14:30:58,798 - INFO - [Times of India] Article: https://timesofindia.indiatimes.com/world/middle-east/dubai-kicks-off-desert-races-for-whopping-prize-money-cyclists-battle-harsh-terrain-in-al-salam-cycling-championship/articleshow/127816492.cms
2026-01-31 14:30:58,798 - INFO - [Times of India] Attempt 1/1: Trying with 'selenium_browser' strategy...
2026-01-31 14:31:00,394 - INFO - [Times of India] Page content loaded.
2026-01-31 14:31:00,486 - INFO - [Times of India] Success with 'selenium_browser'. Found content (340 words).
2026-01-31 14:31:00,514 - INFO - Duplicate article skipped: Dubai kicks off desert races for whopping prize money: Cyclists battle harsh terrain in Al Salam Cycling Championship - The Times of India from Times of India
2026-01-31 14:31:01,357 - INFO - [Times of India] Article: https://timesofindia.indiatimes.com/world/us/louisiana-jail-escape-police-arrest-five-inmates-search-on-for-three-remaining-fugitives/articleshow/127820398.cms
2026-01-31 14:31:01,357 - INFO - [Times of India] Attempt 1/1: Trying with 'selenium_browser' strategy...
2026-01-31 14:31:02,178 - INFO - [Times of India] Page content loaded.
2026-01-31 14:31:02,300 - INFO - [Times of India] Success with 'selenium_browser'. Found content (345 words).
2026-01-31 14:31:02,356 - INFO - Saved article: Louisiana jail escape: Police arrest five inmates, search on for three remaining fugitives - The Times of India from Times of India
2026-01-31 14:31:02,979 - INFO - [Times of India] Article: https://timesofindia.indiatimes.com/world/us/we-could-have-dinner-and-lots-of-privacy-when-prince-andrew-invited-epstein-to-buckingham-palace/articleshow/127815610.cms
2026-01-31 14:31:02,979 - INFO - [Times of India] Attempt 1/1: Trying with 'selenium_browser' strategy...
2026-01-31 14:31:04,866 - INFO - [Times of India] Page content loaded.
2026-01-31 14:31:05,000 - INFO - [Times of India] Success with 'selenium_browser'. Found content (487 words).
2026-01-31 14:31:05,075 - INFO - Duplicate article skipped: 'We could have dinner and lots of privacy': When Prince Andrew invited Epstein to Buckingham Palace - The Times of India from Times of India
2026-01-31 14:31:05,760 - INFO - [Times of India] Article: https://timesofindia.indiatimes.com/world/middle-east/uae-announces-petrol-and-diesel-prices-for-february-2026/articleshow/127815180.cms
2026-01-31 14:31:05,760 - INFO - [Times of India] Attempt 1/1: Trying with 'selenium_browser' strategy...
2026-01-31 14:31:07,404 - INFO - [Times of India] Page content loaded.
2026-01-31 14:31:07,513 - INFO - [Times of India] Success with 'selenium_browser'. Found content (116 words).
2026-01-31 14:31:07,562 - INFO - Duplicate article skipped: UAE announces petrol and diesel prices for February 2026 | World News - The Times of India from Times of India
2026-01-31 14:31:08,143 - INFO - [Times of India] Article: https://timesofindia.indiatimes.com/world/middle-east/uae-and-scotland-strike-major-investment-deal-whats-in-it-for-both-economies-as-gulf-meets-europe/articleshow/127814823.cms
2026-01-31 14:31:08,143 - INFO - [Times of India] Attempt 1/1: Trying with 'selenium_browser' strategy...
2026-01-31 14:31:09,190 - INFO - [Times of India] Page content loaded.
2026-01-31 14:31:09,273 - INFO - [Times of India] Success with 'selenium_browser'. Found content (342 words).
2026-01-31 14:31:09,295 - INFO - Duplicate article skipped: UAE and Scotland strike major investment deal: What’s in it for both economies as Gulf meets Europe? - The Times of India from Times of India
2026-01-31 14:31:10,224 - INFO - [Times of India] Article: https://timesofindia.indiatimes.com/world/middle-east/qatar-airways-launches-qverse-island-virtual-doha-experience-in-fortnite/articleshow/127814534.cms
2026-01-31 14:31:10,224 - INFO - [Times of India] Attempt 1/1: Trying with 'selenium_browser' strategy...
2026-01-31 14:31:11,156 - INFO - [Times of India] Page content loaded.
2026-01-31 14:31:11,315 - INFO - [Times of India] Success with 'selenium_browser'. Found content (463 words).
2026-01-31 14:31:11,372 - INFO - Duplicate article skipped: Qatar Airways launches QVerse Island, virtual Doha experience in Fortnite | World News - The Times of India from Times of India
2026-01-31 14:31:12,670 - INFO - [Times of India] (Thread) Finished. Attempting to shut down its Selenium driver.
2026-01-31 14:31:12,984 - INFO - [Times of India] (Thread) driver.quit() successful.
2026-01-31 14:31:32,074 - INFO - [The Hindu] Page content loaded.
2026-01-31 14:31:32,178 - INFO - [The Hindu] Success with 'selenium_browser'. Found content (357 words).
2026-01-31 14:31:32,274 - INFO - Saved article: Chief Secretary directs expedited infrastructure works ahead of Godavari Pushkaralu - The Hindu from The Hindu
2026-01-31 14:31:33,724 - INFO - [The Hindu] Article: https://www.thehindu.com/news/national/karnataka/children-among-six-injured-in-blast-in-bidar-district/article70574492.ece
2026-01-31 14:31:33,724 - INFO - [The Hindu] Attempt 1/1: Trying with 'selenium_browser' strategy...
2026-01-31 14:31:34,308 - INFO - [The Hindu] Page content loaded.
2026-01-31 14:31:34,394 - INFO - [The Hindu] Success with 'selenium_browser'. Found content (412 words).
2026-01-31 14:31:34,495 - INFO - Saved article: Children among six injured in blast in Bidar district - The Hindu from The Hindu
2026-01-31 14:31:35,252 - INFO - [The Hindu] Article: https://www.thehindu.com/news/national/karnataka/week-long-math-training-programme-held-at-iit-dharwad/article70574500.ece
2026-01-31 14:31:35,252 - INFO - [The Hindu] Attempt 1/1: Trying with 'selenium_browser' strategy...
2026-01-31 14:31:41,617 - INFO - [The Hindu] Page content loaded.
2026-01-31 14:31:41,697 - INFO - [The Hindu] Success with 'selenium_browser'. Found content (185 words).
2026-01-31 14:31:41,779 - INFO - Saved article: Week-long math training programme held at IIT-Dharwad - The Hindu from The Hindu
2026-01-31 14:31:43,239 - INFO - [The Hindu] Article: https://www.thehindu.com/news/national/kerala/sahyadri-summit-calls-for-stronger-measures-to-protest-western-ghats/article70574067.ece
2026-01-31 14:31:43,240 - INFO - [The Hindu] Attempt 1/1: Trying with 'selenium_browser' strategy...
2026-01-31 14:31:43,797 - INFO - [The Hindu] Page content loaded.
2026-01-31 14:31:43,835 - INFO - [The Hindu] Success with 'selenium_browser'. Found content (262 words).
2026-01-31 14:31:43,919 - INFO - Saved article: ‘Sahyadri’ summit calls for stronger measures to protect Western Ghats - The Hindu from The Hindu
2026-01-31 14:31:44,933 - INFO - [The Hindu] (Thread) Finished. Attempting to shut down its Selenium driver.
2026-01-31 14:31:45,080 - INFO - [The Hindu] (Thread) driver.quit() successful.
2026-01-31 14:31:45,080 - INFO - Shutting down thread pool (wait=False)...
2026-01-31 14:31:45,080 - INFO - Scraped: 3 Times of India, 2 BBC, 10 The Hindu, 0 The Guardian articles. (Total saved: 15)
2026-01-31 14:31:45,080 - INFO - --- Scraping job finished ---
2026-01-31 14:31:45,085 - INFO - --- Scraper service stopped and database connection closed. ---
2026-01-31 14:31:45,085 - INFO - --- Main thread finished. Forcing process exit to kill zombie threads. ---
