2025-11-28 08:34:47,157 - INFO - Initializing database connection at: news_articles.db
2025-11-28 08:34:47,157 - INFO - --- Scraper service started (CI Mode: Run Once) ---
2025-11-28 08:34:47,157 - INFO - --- Starting new scraping job (Parallel Mode) ---
2025-11-28 08:34:47,157 - INFO - Creating new robust session with 3 retries on 5xx/connection/read errors.
2025-11-28 08:34:47,157 - INFO - Proxy is DISABLED.
2025-11-28 08:34:47,158 - INFO - Starting scrape for BBC RSS feed: http://feeds.bbci.co.uk/news/world/rss.xml
2025-11-28 08:34:47,158 - INFO - [Times of India] (Thread) requires Selenium. Initializing driver...
2025-11-28 08:34:47,158 - INFO - Initializing headless Selenium Chrome driver (using SeleniumManager)...
2025-11-28 08:34:47,159 - INFO - Starting scrape for The Guardian RSS feed: https://www.theguardian.com/world/rss
2025-11-28 08:34:47,159 - INFO - [The Hindu] (Thread) requires Selenium. Initializing driver...
2025-11-28 08:34:47,159 - INFO - Initializing headless Selenium Chrome driver (using SeleniumManager)...
2025-11-28 08:34:47,159 - INFO - Submitted 4 jobs to thread pool. Waiting up to 300s for completion...
2025-11-28 08:34:47,256 - INFO - Found 45 articles in The Guardian RSS feed. Processing up to 10.
2025-11-28 08:34:47,256 - INFO - [The Guardian] Article: https://www.theguardian.com/world/2025/nov/26/guinea-bissau-officers-take-total-control-close-borders-amid-election-chaos
2025-11-28 08:34:47,256 - INFO - [The Guardian] Attempt 1/1: Trying with 'requests_browser' strategy...
2025-11-28 08:34:47,294 - INFO - [The Guardian] Success with 'requests_browser'. Found content (412 words).
2025-11-28 08:34:47,331 - INFO - Duplicate article skipped: Guinea-Bissau military takes ‘total control’ amid election chaos | Guinea-Bissau | The Guardian from The Guardian
2025-11-28 08:34:47,382 - INFO - Found 40 articles in BBC RSS feed. Processing up to 10.
2025-11-28 08:34:47,382 - INFO - [BBC] Article: https://www.bbc.com/news/articles/cn8e5j20g27o?at_medium=RSS&at_campaign=rss
2025-11-28 08:34:47,382 - INFO - [BBC] Attempt 1/1: Trying with 'requests_browser' strategy...
2025-11-28 08:34:47,578 - INFO - [BBC] Success with 'requests_browser'. Found content (784 words).
2025-11-28 08:34:47,635 - INFO - Saved article: Hong Kong fire: Fury and questions after deadliest blaze in decades from BBC
2025-11-28 08:34:47,878 - INFO - [The Guardian] Article: https://www.theguardian.com/world/2025/nov/25/nigerian-schoolgirls-rescued-after-mass-abduction-in-kebbi
2025-11-28 08:34:47,878 - INFO - [The Guardian] Attempt 1/1: Trying with 'requests_browser' strategy...
2025-11-28 08:34:47,909 - INFO - [The Guardian] Success with 'requests_browser'. Found content (515 words).
2025-11-28 08:34:47,951 - INFO - Duplicate article skipped: Nigerian schoolgirls rescued after mass abduction in Kebbi | Nigeria | The Guardian from The Guardian
2025-11-28 08:34:48,595 - INFO - [The Guardian] Article: https://www.theguardian.com/world/2025/nov/25/jacob-zuma-daughter-accused-tricking-men-fighting-for-russia-in-ukraine
2025-11-28 08:34:48,595 - INFO - [The Guardian] Attempt 1/1: Trying with 'requests_browser' strategy...
2025-11-28 08:34:48,627 - INFO - [The Guardian] Success with 'requests_browser'. Found content (656 words).
2025-11-28 08:34:48,670 - INFO - Duplicate article skipped: Jacob Zuma’s daughter accused of tricking men into fighting for Russia in Ukraine | South Africa | The Guardian from The Guardian
2025-11-28 08:34:48,673 - INFO - [BBC] Article: https://www.bbc.com/news/articles/cwyx4y6007lo?at_medium=RSS&at_campaign=rss
2025-11-28 08:34:48,674 - INFO - [BBC] Attempt 1/1: Trying with 'requests_browser' strategy...
2025-11-28 08:34:48,706 - INFO - [BBC] Success with 'requests_browser'. Found content (869 words).
2025-11-28 08:34:48,740 - INFO - Saved article: National Guard member dies after shooting in Washington DC from BBC
2025-11-28 08:34:49,427 - INFO - [The Guardian] Article: https://www.theguardian.com/uk-news/2025/nov/24/uk-rejects-nigerian-request-to-deport-former-politican-ike-ekweremadu-jailed-for-organ-trafficking
2025-11-28 08:34:49,427 - INFO - [The Guardian] Attempt 1/1: Trying with 'requests_browser' strategy...
2025-11-28 08:34:49,464 - INFO - [The Guardian] Success with 'requests_browser'. Found content (545 words).
2025-11-28 08:34:49,502 - INFO - Duplicate article skipped: UK rejects Nigerian request to deport former politican jailed for organ trafficking | UK news | The Guardian from The Guardian
2025-11-28 08:34:49,825 - INFO - [BBC] Article: https://www.bbc.com/news/articles/cdxweyy157go?at_medium=RSS&at_campaign=rss
2025-11-28 08:34:49,825 - INFO - [BBC] Attempt 1/1: Trying with 'requests_browser' strategy...
2025-11-28 08:34:49,859 - INFO - [BBC] Success with 'requests_browser'. Found content (496 words).
2025-11-28 08:34:49,900 - INFO - Saved article: Trump says US will 'permanently pause migration' from 'third world countries' from BBC
2025-11-28 08:34:50,701 - INFO - [The Guardian] Article: https://www.theguardian.com/world/2025/nov/24/ethiopian-volcano-hayli-gubbi-erupts-first-time-12000-years
2025-11-28 08:34:50,701 - INFO - [The Guardian] Attempt 1/1: Trying with 'requests_browser' strategy...
2025-11-28 08:34:50,725 - INFO - [The Guardian] Success with 'requests_browser'. Found content (306 words).
2025-11-28 08:34:50,755 - INFO - [BBC] Article: https://www.bbc.com/news/articles/c058lp086zvo?at_medium=RSS&at_campaign=rss
2025-11-28 08:34:50,760 - INFO - [BBC] Attempt 1/1: Trying with 'requests_browser' strategy...
2025-11-28 08:34:50,763 - INFO - Duplicate article skipped: Ethiopian volcano erupts for first time in 12,000 years | Ethiopia | The Guardian from The Guardian
2025-11-28 08:34:50,792 - INFO - [BBC] Success with 'requests_browser'. Found content (318 words).
2025-11-28 08:34:50,827 - INFO - Saved article: Ukraine anti-corruption agents search home of Zelensky's top adviser Yermak from BBC
2025-11-28 08:34:52,020 - INFO - [BBC] Article: https://www.bbc.com/news/articles/clyz7njqwvvo?at_medium=RSS&at_campaign=rss
2025-11-28 08:34:52,020 - INFO - [BBC] Attempt 1/1: Trying with 'requests_browser' strategy...
2025-11-28 08:34:52,049 - INFO - [BBC] Success with 'requests_browser'. Found content (344 words).
2025-11-28 08:34:52,110 - INFO - Saved article: Japan's same-sex marriage ban is constitutional, says Tokyo court from BBC
2025-11-28 08:34:52,195 - INFO - [The Guardian] Article: https://www.theguardian.com/politics/2025/nov/28/uk-home-office-rejects-visa-young-girl-destitute-jamaica-hurricane-melissa
2025-11-28 08:34:52,195 - INFO - [The Guardian] Attempt 1/1: Trying with 'requests_browser' strategy...
2025-11-28 08:34:52,220 - INFO - [The Guardian] Success with 'requests_browser'. Found content (550 words).
2025-11-28 08:34:52,258 - INFO - Duplicate article skipped: UK rejects visa for girl left destitute in Jamaica by Hurricane Melissa | Home Office | The Guardian from The Guardian
2025-11-28 08:34:53,363 - INFO - [BBC] Article: https://www.bbc.com/news/articles/c741m97lk42o?at_medium=RSS&at_campaign=rss
2025-11-28 08:34:53,364 - INFO - [BBC] Attempt 1/1: Trying with 'requests_browser' strategy...
2025-11-28 08:34:53,398 - INFO - [BBC] Success with 'requests_browser'. Found content (483 words).
2025-11-28 08:34:53,441 - INFO - Saved article: Guinea-Bissau’s ousted President Umaro Sissoco Embaló flees to Senegal after coup from BBC
2025-11-28 08:34:53,473 - INFO - [The Guardian] Article: https://www.theguardian.com/world/2025/nov/27/mark-carney-alberta-oil-pipeline-deal-canada-first-nations
2025-11-28 08:34:53,473 - INFO - [The Guardian] Attempt 1/1: Trying with 'requests_browser' strategy...
2025-11-28 08:34:53,499 - INFO - [The Guardian] Success with 'requests_browser'. Found content (723 words).
2025-11-28 08:34:53,539 - INFO - Duplicate article skipped: Canada minister resigns from cabinet over Carney’s controversial oil pipeline deal | Canada | The Guardian from The Guardian
2025-11-28 08:34:54,234 - INFO - [BBC] Article: https://www.bbc.com/news/articles/c1w9qe7n984o?at_medium=RSS&at_campaign=rss
2025-11-28 08:34:54,234 - INFO - [BBC] Attempt 1/1: Trying with 'requests_browser' strategy...
2025-11-28 08:34:54,271 - INFO - [BBC] Success with 'requests_browser'. Found content (803 words).
2025-11-28 08:34:54,311 - INFO - Saved article: Quebec moves to expand secularism law, limit public prayer from BBC
2025-11-28 08:34:54,542 - INFO - [The Guardian] Article: https://www.theguardian.com/world/2025/nov/27/perus-ousted-president-of-the-poor-gets-11-year-sentence-for-rebellion
2025-11-28 08:34:54,542 - INFO - [The Guardian] Attempt 1/1: Trying with 'requests_browser' strategy...
2025-11-28 08:34:54,565 - INFO - [The Guardian] Success with 'requests_browser'. Found content (346 words).
2025-11-28 08:34:54,600 - INFO - Duplicate article skipped: Peru’s ousted ‘president of the poor’ gets 11-year sentence for rebellion | Peru | The Guardian from The Guardian
2025-11-28 08:34:55,558 - INFO - [BBC] Article: https://www.bbc.com/news/articles/c8dyqzm0rp4o?at_medium=RSS&at_campaign=rss
2025-11-28 08:34:55,559 - INFO - [BBC] Attempt 1/1: Trying with 'requests_browser' strategy...
2025-11-28 08:34:55,588 - INFO - [BBC] Success with 'requests_browser'. Found content (392 words).
2025-11-28 08:34:55,626 - INFO - Saved article: West Bank: Israeli troops kill two Palestinians after they appear to surrender from BBC
2025-11-28 08:34:55,726 - INFO - Selenium driver initialized successfully.
2025-11-28 08:34:55,727 - INFO - Selenium driver initialized successfully.
2025-11-28 08:34:55,727 - INFO - Starting scrape for Times of India RSS feed: https://timesofindia.indiatimes.com/rssfeeds/296589292.cms
2025-11-28 08:34:55,727 - INFO - Starting scrape for The Hindu RSS feed: https://www.thehindu.com/news/national/feeder/default.rss
2025-11-28 08:34:55,867 - INFO - Found 100 articles in The Hindu RSS feed. Processing up to 10.
2025-11-28 08:34:55,867 - INFO - [The Hindu] Article: https://www.thehindu.com/news/national/andhra-pradesh/widespread-rain-with-isolated-very-heavy-falls-likely-over-south-coastal-andhra-due-to-ditwah/article70333868.ece
2025-11-28 08:34:55,867 - INFO - [The Hindu] Attempt 1/1: Trying with 'selenium_browser' strategy...
2025-11-28 08:34:55,907 - INFO - Found 20 articles in Times of India RSS feed. Processing up to 10.
2025-11-28 08:34:55,907 - INFO - [Times of India] Article: https://timesofindia.indiatimes.com/world/rest-of-world/sri-lanka-56-killed-as-floods-landslides-triggered-by-torrential-rains-batter-the-island-dozens-missing/articleshow/125628919.cms
2025-11-28 08:34:55,907 - INFO - [Times of India] Attempt 1/1: Trying with 'selenium_browser' strategy...
2025-11-28 08:34:56,023 - INFO - [The Guardian] Article: https://www.theguardian.com/world/2025/nov/27/venezuela-bans-six-leading-airlines-as-tensions-with-us-escalate
2025-11-28 08:34:56,023 - INFO - [The Guardian] Attempt 1/1: Trying with 'requests_browser' strategy...
2025-11-28 08:34:56,061 - INFO - [The Guardian] Success with 'requests_browser'. Found content (371 words).
2025-11-28 08:34:56,115 - INFO - Duplicate article skipped: Venezuela bans six international airlines as tensions with US escalate | Venezuela | The Guardian from The Guardian
2025-11-28 08:34:56,535 - INFO - [BBC] Article: https://www.bbc.com/news/articles/cp84nl57v0lo?at_medium=RSS&at_campaign=rss
2025-11-28 08:34:56,536 - INFO - [BBC] Attempt 1/1: Trying with 'requests_browser' strategy...
2025-11-28 08:34:56,572 - INFO - [BBC] Success with 'requests_browser'. Found content (751 words).
2025-11-28 08:34:56,618 - INFO - Duplicate article skipped: Putin doubles down on demands for Ukrainian territory ahead of talks with US from BBC
2025-11-28 08:34:57,008 - INFO - [The Guardian] Article: https://www.theguardian.com/us-news/2025/nov/27/peru-band-of-holes-mystery
2025-11-28 08:34:57,008 - INFO - [The Guardian] Attempt 1/1: Trying with 'requests_browser' strategy...
2025-11-28 08:34:57,047 - INFO - [The Guardian] Success with 'requests_browser'. Found content (563 words).
2025-11-28 08:34:57,093 - INFO - Duplicate article skipped: Florida professor may have solved mystery of Peru’s Band of Holes | US news | The Guardian from The Guardian
2025-11-28 08:34:57,384 - INFO - [BBC] Article: https://www.bbc.com/news/articles/c0edw7g7z79o?at_medium=RSS&at_campaign=rss
2025-11-28 08:34:57,384 - INFO - [BBC] Attempt 1/1: Trying with 'requests_browser' strategy...
2025-11-28 08:34:57,562 - INFO - [BBC] Success with 'requests_browser'. Found content (1054 words).
2025-11-28 08:34:57,664 - INFO - Duplicate article skipped: France brings back limited military service with 3,000 volunteers next year from BBC
2025-11-28 08:35:01,070 - INFO - [The Hindu] Page content loaded.
2025-11-28 08:35:01,911 - INFO - [The Hindu] Success with 'selenium_browser'. Found content (607 words).
2025-11-28 08:35:02,120 - INFO - Saved article: Widespread rain with isolated very heavy falls likely over south coastal Andhra under influence of Ditwah from November 29 - The Hindu from The Hindu
2025-11-28 08:35:03,087 - INFO - [The Hindu] Article: https://www.thehindu.com/news/national/andhra-pradesh/parakamani-theft-case-ttd-former-chairman-subba-reddy-appears-before-cid/article70333852.ece
2025-11-28 08:35:03,087 - INFO - [The Hindu] Attempt 1/1: Trying with 'selenium_browser' strategy...
2025-11-28 08:35:08,360 - INFO - [The Hindu] Page content loaded.
2025-11-28 08:35:08,551 - INFO - [The Hindu] Success with 'selenium_browser'. Found content (201 words).
2025-11-28 08:35:08,808 - INFO - Saved article: Parakamani theft case: TTD former chairman Subba Reddy appears before CID - The Hindu from The Hindu
2025-11-28 08:35:09,875 - INFO - [The Hindu] Article: https://www.thehindu.com/news/national/tamil-nadu/kodanad-heist-cum-murder-case-two-accused-men-sayan-manoj-cleared-of-charges-of-intimidating-witness/article70333732.ece
2025-11-28 08:35:09,875 - INFO - [The Hindu] Attempt 1/1: Trying with 'selenium_browser' strategy...
2025-11-28 08:35:13,472 - INFO - [The Hindu] Page content loaded.
2025-11-28 08:35:13,775 - INFO - [The Hindu] Success with 'selenium_browser'. Found content (219 words).
2025-11-28 08:35:13,960 - INFO - Saved article: Kodanad heist-cum-murder case: Two accused men Sayan, Manoj cleared of charges of intimidating witness - The Hindu from The Hindu
2025-11-28 08:35:15,142 - INFO - [The Hindu] Article: https://www.thehindu.com/news/national/arunachal-pradesh/arunachal-pradesh-state-election-commission-introduces-on-the-spot-voting-facility-for-personnel-engaged-in-civic-poll-duty/article70333815.ece
2025-11-28 08:35:15,143 - INFO - [The Hindu] Attempt 1/1: Trying with 'selenium_browser' strategy...
2025-11-28 08:35:19,546 - INFO - [The Hindu] Page content loaded.
2025-11-28 08:35:19,714 - INFO - [The Hindu] Success with 'selenium_browser'. Found content (451 words).
2025-11-28 08:35:19,850 - INFO - Saved article: Arunachal Pradesh State Election Commission introduces on-the-spot voting facility for personnel engaged in civic poll duty - The Hindu from The Hindu
2025-11-28 08:35:20,622 - INFO - [The Hindu] Article: https://www.thehindu.com/news/national/rajasthan/anti-conversion-law-supreme-court-seeks-rajasthan-governments-response-on-plea-challenging-validity/article70333785.ece
2025-11-28 08:35:20,623 - INFO - [The Hindu] Attempt 1/1: Trying with 'selenium_browser' strategy...
2025-11-28 08:35:23,745 - INFO - [The Hindu] Page content loaded.
2025-11-28 08:35:23,846 - INFO - [The Hindu] Success with 'selenium_browser'. Found content (313 words).
2025-11-28 08:35:23,945 - INFO - Saved article: Anti-conversion law: Supreme Court seeks Rajasthan Government's response on plea challenging validity - The Hindu from The Hindu
2025-11-28 08:35:24,729 - INFO - [The Hindu] Article: https://www.thehindu.com/news/national/jammu-and-kashmir/kashmir-experiences-coldest-november-since-2007-mercury-in-srinagar-drops-to-45c/article70333810.ece
2025-11-28 08:35:24,730 - INFO - [The Hindu] Attempt 1/1: Trying with 'selenium_browser' strategy...
2025-11-28 08:35:26,008 - INFO - [The Hindu] Page content loaded.
2025-11-28 08:35:26,090 - INFO - [The Hindu] Success with 'selenium_browser'. Found content (240 words).
2025-11-28 08:35:26,171 - INFO - Saved article: Kashmir experiences coldest November since 2007; Mercury in Srinagar drops to -4.5°C - The Hindu from The Hindu
2025-11-28 08:35:27,458 - INFO - [The Hindu] Article: https://www.thehindu.com/news/national/uttar-pradesh/ambedkar-statue-vandalised-in-ups-ballia/article70333705.ece
2025-11-28 08:35:27,458 - INFO - [The Hindu] Attempt 1/1: Trying with 'selenium_browser' strategy...
2025-11-28 08:35:29,290 - INFO - [The Hindu] Page content loaded.
2025-11-28 08:35:29,365 - INFO - [The Hindu] Success with 'selenium_browser'. Found content (210 words).
2025-11-28 08:35:29,456 - INFO - Saved article: Ambedkar statue vandalised in U.P.'s Ballia - The Hindu from The Hindu
2025-11-28 08:35:30,456 - INFO - [The Hindu] Article: https://www.thehindu.com/news/national/kerala/from-fan-to-friend-a-keralites-life-long-bond-with-dharmendra/article70333640.ece
2025-11-28 08:35:30,457 - INFO - [The Hindu] Attempt 1/1: Trying with 'selenium_browser' strategy...
2025-11-28 08:35:32,348 - INFO - [The Hindu] Page content loaded.
2025-11-28 08:35:33,156 - INFO - [The Hindu] Success with 'selenium_browser'. Found content (637 words).
2025-11-28 08:35:33,273 - INFO - Saved article: From fan to friend: A Keralite’s life-long bond with Dharmendra - The Hindu from The Hindu
2025-11-28 08:35:34,198 - INFO - [The Hindu] Article: https://www.thehindu.com/opinion/op-ed/a-former-minister-and-his-vada-case/article70329881.ece
2025-11-28 08:35:34,199 - INFO - [The Hindu] Attempt 1/1: Trying with 'selenium_browser' strategy...
2025-11-28 08:35:37,092 - INFO - [The Hindu] Page content loaded.
2025-11-28 08:35:37,207 - INFO - [The Hindu] Success with 'selenium_browser'. Found content (600 words).
2025-11-28 08:35:37,285 - INFO - Saved article: A former Minister and his ‘vada case’ - The Hindu from The Hindu
2025-11-28 08:35:38,147 - INFO - [The Hindu] Article: https://www.thehindu.com/news/national/madhya-pradesh/woman-dies-after-standing-in-queue-for-two-days-to-get-fertiliser-bjp-mla-questions-mp-government/article70333573.ece
2025-11-28 08:35:38,147 - INFO - [The Hindu] Attempt 1/1: Trying with 'selenium_browser' strategy...
2025-11-28 08:35:39,800 - INFO - [The Hindu] Page content loaded.
2025-11-28 08:35:39,875 - INFO - [The Hindu] Success with 'selenium_browser'. Found content (435 words).
2025-11-28 08:35:39,981 - INFO - Saved article: Woman dies after standing in queue for ‘two days’ to get fertiliser; BJP MLA questions M.P. Government - The Hindu from The Hindu
2025-11-28 08:35:41,310 - INFO - [The Hindu] (Thread) Finished. Attempting to shut down its Selenium driver.
2025-11-28 08:35:41,494 - INFO - [The Hindu] (Thread) driver.quit() successful.
2025-11-28 08:36:55,910 - ERROR - [Times of India] Request failed for strategy 'selenium_browser' on URL https://timesofindia.indiatimes.com/world/rest-of-world/sri-lanka-56-killed-as-floods-landslides-triggered-by-torrential-rains-batter-the-island-dozens-missing/articleshow/125628919.cms: HTTPConnectionPool(host='localhost', port=33161): Read timed out. (read timeout=120)
2025-11-28 08:36:55,910 - ERROR - [Times of India] All scrape strategies failed for https://timesofindia.indiatimes.com/world/rest-of-world/sri-lanka-56-killed-as-floods-landslides-triggered-by-torrential-rains-batter-the-island-dozens-missing/articleshow/125628919.cms. Falling back to RSS description.
2025-11-28 08:36:55,913 - INFO - Saved article: Sri Lanka: 56 killed as floods, landslides triggered by torrential rains batter the island; dozens missing from Times of India
2025-11-28 08:36:56,795 - INFO - [Times of India] Article: https://timesofindia.indiatimes.com/world/middle-east/emirates-celebrates-54th-uae-national-day-with-special-inflight-food-and-entertainment/articleshow/125632515.cms
2025-11-28 08:36:56,795 - INFO - [Times of India] Attempt 1/1: Trying with 'selenium_browser' strategy...
2025-11-28 08:38:56,894 - ERROR - [Times of India] Request failed for strategy 'selenium_browser' on URL https://timesofindia.indiatimes.com/world/middle-east/emirates-celebrates-54th-uae-national-day-with-special-inflight-food-and-entertainment/articleshow/125632515.cms: HTTPConnectionPool(host='localhost', port=33161): Read timed out. (read timeout=120)
2025-11-28 08:38:56,895 - ERROR - [Times of India] All scrape strategies failed for https://timesofindia.indiatimes.com/world/middle-east/emirates-celebrates-54th-uae-national-day-with-special-inflight-food-and-entertainment/articleshow/125632515.cms. Falling back to RSS description.
2025-11-28 08:38:56,901 - INFO - Saved article: Emirates celebrates 54th UAE National Day with special inflight food and entertainment from Times of India
2025-11-28 08:38:57,905 - INFO - [Times of India] Article: https://timesofindia.indiatimes.com/world/middle-east/uae-national-day-rulers-of-ras-al-khaimah-and-ajman-pardoned-1079-inmates-offers-them-a-clean-slate/articleshow/125631851.cms
2025-11-28 08:38:57,905 - INFO - [Times of India] Attempt 1/1: Trying with 'selenium_browser' strategy...
2025-11-28 08:39:47,160 - CRITICAL - --- TIMEOUT: 1 scrape jobs did not complete in 300s. ---
2025-11-28 08:39:47,160 - ERROR - A thread has timed out and will be abandoned.
2025-11-28 08:39:47,160 - INFO - Shutting down thread pool (wait=False)...
2025-11-28 08:39:47,160 - INFO - Scraped: 0 The Guardian, 8 BBC, 10 The Hindu, 1 Timed_Out_Jobs articles. (Total saved: 18)
2025-11-28 08:39:47,160 - INFO - --- Scraping job finished ---
2025-11-28 08:39:47,160 - INFO - --- Scraper service stopped and database connection closed. ---
2025-11-28 08:39:47,160 - INFO - --- Main thread finished. Forcing process exit to kill zombie threads. ---
