2026-01-04 08:34:42,226 - INFO - Initializing database connection at: news_articles.db
2026-01-04 08:34:42,227 - INFO - --- Scraper service started (CI Mode: Run Once) ---
2026-01-04 08:34:42,227 - INFO - --- Starting new scraping job (Parallel Mode) ---
2026-01-04 08:34:42,227 - INFO - Creating new robust session with 3 retries on 5xx/connection/read errors.
2026-01-04 08:34:42,227 - INFO - Proxy is DISABLED.
2026-01-04 08:34:42,227 - INFO - Starting scrape for BBC RSS feed: http://feeds.bbci.co.uk/news/world/rss.xml
2026-01-04 08:34:42,228 - INFO - [Times of India] (Thread) requires Selenium. Initializing driver...
2026-01-04 08:34:42,228 - INFO - Initializing headless Selenium Chrome driver (using SeleniumManager)...
2026-01-04 08:34:42,228 - INFO - Starting scrape for The Guardian RSS feed: https://www.theguardian.com/world/rss
2026-01-04 08:34:42,229 - INFO - [The Hindu] (Thread) requires Selenium. Initializing driver...
2026-01-04 08:34:42,229 - INFO - Submitted 4 jobs to thread pool. Waiting up to 300s for completion...
2026-01-04 08:34:42,229 - INFO - Initializing headless Selenium Chrome driver (using SeleniumManager)...
2026-01-04 08:34:42,525 - INFO - Found 45 articles in The Guardian RSS feed. Processing up to 10.
2026-01-04 08:34:42,525 - INFO - [The Guardian] Article: https://www.theguardian.com/world/2026/jan/02/anthony-joshuas-driver-charged-with-dangerous-driving-after-fatal-crash-in-nigeria
2026-01-04 08:34:42,525 - INFO - [The Guardian] Attempt 1/1: Trying with 'requests_browser' strategy...
2026-01-04 08:34:42,625 - INFO - [The Guardian] Success with 'requests_browser'. Found content (346 words).
2026-01-04 08:34:42,659 - INFO - Duplicate article skipped: Anthony Joshua’s driver charged with dangerous driving after fatal crash in Nigeria | Anthony Joshua | The Guardian from The Guardian
2026-01-04 08:34:42,766 - INFO - Found 29 articles in BBC RSS feed. Processing up to 10.
2026-01-04 08:34:42,766 - INFO - [BBC] Article: https://www.bbc.com/news/articles/cd9enjeey3go?at_medium=RSS&at_campaign=rss
2026-01-04 08:34:42,766 - INFO - [BBC] Attempt 1/1: Trying with 'requests_browser' strategy...
2026-01-04 08:34:42,893 - INFO - [BBC] Success with 'requests_browser'. Found content (1013 words).
2026-01-04 08:34:42,934 - INFO - Saved article: Donald Trump says US will 'run' Venezuela and 'fix oil infrastructure' from BBC
2026-01-04 08:34:43,178 - INFO - [The Guardian] Article: https://www.theguardian.com/science/2026/jan/01/cremation-pyre-in-africa-thought-to-be-worlds-oldest-containing-adult-remains
2026-01-04 08:34:43,179 - INFO - [The Guardian] Attempt 1/1: Trying with 'requests_browser' strategy...
2026-01-04 08:34:43,206 - INFO - [The Guardian] Success with 'requests_browser'. Found content (653 words).
2026-01-04 08:34:43,241 - INFO - Duplicate article skipped: Cremation pyre in Africa thought to be world’s oldest containing adult remains | Anthropology | The Guardian from The Guardian
2026-01-04 08:34:43,674 - INFO - [BBC] Article: https://www.bbc.com/news/articles/cdred61epg4o?at_medium=RSS&at_campaign=rss
2026-01-04 08:34:43,675 - INFO - [BBC] Attempt 1/1: Trying with 'requests_browser' strategy...
2026-01-04 08:34:43,716 - INFO - [BBC] Success with 'requests_browser'. Found content (1439 words).
2026-01-04 08:34:43,755 - INFO - Duplicate article skipped: Spies, drones and blowtorches: How the US captured Maduro from BBC
2026-01-04 08:34:43,989 - INFO - [The Guardian] Article: https://www.theguardian.com/global-development/2026/jan/01/us-aid-cuts-conditions-un-humanitarian-pledge-ocha
2026-01-04 08:34:43,989 - INFO - [The Guardian] Attempt 1/1: Trying with 'requests_browser' strategy...
2026-01-04 08:34:44,086 - INFO - [The Guardian] Success with 'requests_browser'. Found content (631 words).
2026-01-04 08:34:44,122 - INFO - Duplicate article skipped: US ‘adapt, shrink or die’ terms for $2bn aid pot will mean UN bowing down to Washington, say experts | Aid | The Guardian from The Guardian
2026-01-04 08:34:44,260 - INFO - [BBC] Article: https://www.bbc.com/news/articles/czx1rpxzyx9o?at_medium=RSS&at_campaign=rss
2026-01-04 08:34:44,260 - INFO - [BBC] Attempt 1/1: Trying with 'requests_browser' strategy...
2026-01-04 08:34:44,302 - INFO - [BBC] Success with 'requests_browser'. Found content (839 words).
2026-01-04 08:34:44,339 - INFO - Duplicate article skipped: World leaders react to US capture of Venezuelan leader Nicolás Maduro from BBC
2026-01-04 08:34:45,040 - INFO - [BBC] Article: https://www.bbc.com/news/articles/c86vq753nwpo?at_medium=RSS&at_campaign=rss
2026-01-04 08:34:45,040 - INFO - [BBC] Attempt 1/1: Trying with 'requests_browser' strategy...
2026-01-04 08:34:45,074 - INFO - [BBC] Success with 'requests_browser'. Found content (750 words).
2026-01-04 08:34:45,109 - INFO - Duplicate article skipped: Venezuelans react to US Maduro arrest with hope and uncertainty from BBC
2026-01-04 08:34:45,491 - INFO - [The Guardian] Article: https://www.theguardian.com/world/2025/dec/31/guinea-junta-chief-mamady-doumbouya-elected-president-after-opposition-boycott
2026-01-04 08:34:45,491 - INFO - [The Guardian] Attempt 1/1: Trying with 'requests_browser' strategy...
2026-01-04 08:34:45,589 - INFO - [The Guardian] Success with 'requests_browser'. Found content (399 words).
2026-01-04 08:34:45,622 - INFO - Duplicate article skipped: Guinea’s junta chief elected president after opposition boycott | Guinea | The Guardian from The Guardian
2026-01-04 08:34:45,921 - INFO - [BBC] Article: https://www.bbc.com/news/articles/crmlz7r0zrxo?at_medium=RSS&at_campaign=rss
2026-01-04 08:34:45,921 - INFO - [BBC] Attempt 1/1: Trying with 'requests_browser' strategy...
2026-01-04 08:34:45,967 - INFO - [BBC] Success with 'requests_browser'. Found content (1836 words).
2026-01-04 08:34:46,019 - INFO - Duplicate article skipped: What we know about Maduro's capture and US plan to 'run' Venezuela from BBC
2026-01-04 08:34:46,308 - INFO - [The Guardian] Article: https://www.theguardian.com/world/2025/dec/30/saudi-arabia-uae-tension-future-yemen-boiling-point
2026-01-04 08:34:46,308 - INFO - [The Guardian] Attempt 1/1: Trying with 'requests_browser' strategy...
2026-01-04 08:34:46,413 - INFO - [The Guardian] Success with 'requests_browser'. Found content (932 words).
2026-01-04 08:34:46,480 - INFO - Duplicate article skipped: Tensions between Saudis and Emiratis over future of Yemen reach boiling point | Yemen | The Guardian from The Guardian
2026-01-04 08:34:47,510 - INFO - [BBC] Article: https://www.bbc.com/news/articles/cjdjl303zxlo?at_medium=RSS&at_campaign=rss
2026-01-04 08:34:47,510 - INFO - [BBC] Attempt 1/1: Trying with 'requests_browser' strategy...
2026-01-04 08:34:47,541 - INFO - [BBC] Success with 'requests_browser'. Found content (326 words).
2026-01-04 08:34:47,573 - INFO - Duplicate article skipped: Swiss open criminal case against owners of ski resort bar after deadly fire from BBC
2026-01-04 08:34:47,878 - INFO - [The Guardian] Article: https://www.theguardian.com/world/live/2026/jan/04/nicolas-maduro-jailed-us-attack-venezuela-donald-trump-reaction-latest-news-updates-live
2026-01-04 08:34:47,878 - INFO - [The Guardian] Attempt 1/1: Trying with 'requests_browser' strategy...
2026-01-04 08:34:48,129 - INFO - [The Guardian] Success with 'requests_browser'. Found content (953 words).
2026-01-04 08:34:48,190 - INFO - Duplicate article skipped: Nicolás Maduro jailed in New York after he was captured in US attack on Venezuela – live | Nicolás Maduro | The Guardian from The Guardian
2026-01-04 08:34:48,727 - INFO - [BBC] Article: https://www.bbc.com/news/articles/c1m7l8keyexo?at_medium=RSS&at_campaign=rss
2026-01-04 08:34:48,727 - INFO - [BBC] Attempt 1/1: Trying with 'requests_browser' strategy...
2026-01-04 08:34:48,760 - INFO - [BBC] Success with 'requests_browser'. Found content (426 words).
2026-01-04 08:34:48,796 - INFO - Duplicate article skipped: Syria: UK and France airstrikes hit underground IS arms bunker near Palmyra from BBC
2026-01-04 08:34:49,285 - INFO - [The Guardian] Article: https://www.theguardian.com/world/live/2026/jan/03/caracas-explosions-venezuela-maduro-latest-news-updates-live
2026-01-04 08:34:49,285 - INFO - [The Guardian] Attempt 1/1: Trying with 'requests_browser' strategy...
2026-01-04 08:34:49,415 - INFO - [The Guardian] Success with 'requests_browser'. Found content (2528 words).
2026-01-04 08:34:49,536 - INFO - Duplicate article skipped: Venezuelan leader lands in New York after capture – as it happened | Venezuela | The Guardian from The Guardian
2026-01-04 08:34:49,579 - INFO - [BBC] Article: https://www.bbc.com/news/articles/c2057md3gvro?at_medium=RSS&at_campaign=rss
2026-01-04 08:34:49,579 - INFO - [BBC] Attempt 1/1: Trying with 'requests_browser' strategy...
2026-01-04 08:34:49,611 - INFO - [BBC] Success with 'requests_browser'. Found content (567 words).
2026-01-04 08:34:49,652 - INFO - Duplicate article skipped: Trump intervention warning over Iran protests 'reckless' says foreign minister from BBC
2026-01-04 08:34:50,100 - INFO - [The Guardian] Article: https://www.theguardian.com/world/2026/jan/03/venezuela-attack-what-we-know-so-far-as-trump-claims-maduro-captured
2026-01-04 08:34:50,100 - INFO - [The Guardian] Attempt 1/1: Trying with 'requests_browser' strategy...
2026-01-04 08:34:50,580 - INFO - [The Guardian] Success with 'requests_browser'. Found content (771 words).
2026-01-04 08:34:50,627 - INFO - Duplicate article skipped: Venezuela attack: what we know so far as US captures President Maduro | Venezuela | The Guardian from The Guardian
2026-01-04 08:34:51,125 - INFO - [BBC] Article: https://www.bbc.com/news/articles/cj3vmekg7ddo?at_medium=RSS&at_campaign=rss
2026-01-04 08:34:51,125 - INFO - [BBC] Attempt 1/1: Trying with 'requests_browser' strategy...
2026-01-04 08:34:51,154 - INFO - [BBC] Success with 'requests_browser'. Found content (256 words).
2026-01-04 08:34:51,190 - INFO - Duplicate article skipped: Japan: More than 100 shelter overnight in shrine due to heavy snow from BBC
2026-01-04 08:34:51,412 - INFO - [The Guardian] Article: https://www.theguardian.com/us-news/2026/jan/03/trump-venezuela-oil-industry
2026-01-04 08:34:51,427 - INFO - [The Guardian] Attempt 1/1: Trying with 'requests_browser' strategy...
2026-01-04 08:34:51,467 - INFO - [The Guardian] Success with 'requests_browser'. Found content (1516 words).
2026-01-04 08:34:51,525 - INFO - Duplicate article skipped: Trump says US will ‘run’ Venezuela after Nicolás Maduro captured and taken to New York | Venezuela | The Guardian from The Guardian
2026-01-04 08:34:52,422 - INFO - Selenium driver initialized successfully.
2026-01-04 08:34:52,422 - INFO - Starting scrape for Times of India RSS feed: https://timesofindia.indiatimes.com/rssfeeds/296589292.cms
2026-01-04 08:34:52,423 - INFO - Selenium driver initialized successfully.
2026-01-04 08:34:52,423 - INFO - Starting scrape for The Hindu RSS feed: https://www.thehindu.com/news/national/feeder/default.rss
2026-01-04 08:34:52,500 - INFO - Found 20 articles in Times of India RSS feed. Processing up to 10.
2026-01-04 08:34:52,500 - INFO - [Times of India] Article: https://timesofindia.indiatimes.com/world/rest-of-world/flew-about-900km-north-korea-launches-ballistic-missiles-toward-sea-timing-coincides-with-seoul-leaders-china-trip/articleshow/126331384.cms
2026-01-04 08:34:52,500 - INFO - [Times of India] Attempt 1/1: Trying with 'selenium_browser' strategy...
2026-01-04 08:34:52,559 - INFO - [BBC] Article: https://www.bbc.com/news/articles/cjrz34qdr9no?at_medium=RSS&at_campaign=rss
2026-01-04 08:34:52,559 - INFO - [BBC] Attempt 1/1: Trying with 'requests_browser' strategy...
2026-01-04 08:34:52,624 - INFO - Found 100 articles in The Hindu RSS feed. Processing up to 10.
2026-01-04 08:34:52,624 - INFO - [The Hindu] Article: https://www.thehindu.com/news/national/recent-developments-in-venezuela-a-matter-of-deep-concern-mea/article70470314.ece
2026-01-04 08:34:52,625 - INFO - [The Hindu] Attempt 1/1: Trying with 'selenium_browser' strategy...
2026-01-04 08:34:52,638 - INFO - [BBC] Success with 'requests_browser'. Found content (1176 words).
2026-01-04 08:34:52,695 - INFO - Duplicate article skipped: Yemen clashes bring Saudi and UAE-backed forces into confrontation from BBC
2026-01-04 08:34:52,981 - INFO - [The Guardian] Article: https://www.theguardian.com/world/2026/jan/03/putin-russia-us-foreign-policy-venezuela
2026-01-04 08:34:52,981 - INFO - [The Guardian] Attempt 1/1: Trying with 'requests_browser' strategy...
2026-01-04 08:34:53,023 - INFO - [The Guardian] Success with 'requests_browser'. Found content (1100 words).
2026-01-04 08:34:53,158 - INFO - Duplicate article skipped: The ‘Putinization’ of US foreign policy has arrived in Venezuela | Venezuela | The Guardian from The Guardian
2026-01-04 08:34:57,292 - INFO - [The Hindu] Page content loaded.
2026-01-04 08:34:57,385 - INFO - [The Hindu] Success with 'selenium_browser'. Found content (155 words).
2026-01-04 08:34:57,465 - INFO - Saved article: Recent developments in Venezuela a matter of deep concern: MEA - The Hindu from The Hindu
2026-01-04 08:34:58,173 - INFO - [The Hindu] Article: https://www.thehindu.com/news/national/jammu-and-kashmir/rpf-constable-injured-in-accidental-firing-in-jks-kathua/article70470309.ece
2026-01-04 08:34:58,173 - INFO - [The Hindu] Attempt 1/1: Trying with 'selenium_browser' strategy...
2026-01-04 08:35:05,754 - INFO - [The Hindu] Page content loaded.
2026-01-04 08:35:05,969 - INFO - [The Hindu] Success with 'selenium_browser'. Found content (86 words).
2026-01-04 08:35:06,143 - INFO - Saved article: RPF constable injured in accidental firing in J&K’s Kathua - The Hindu from The Hindu
2026-01-04 08:35:07,434 - INFO - [The Hindu] Article: https://www.thehindu.com/news/national/tamil-nadu/tamil-nadu-government-announces-3000-pongal-gift-for-all-rice-ration-card-holders/article70470252.ece
2026-01-04 08:35:07,434 - INFO - [The Hindu] Attempt 1/1: Trying with 'selenium_browser' strategy...
2026-01-04 08:35:10,218 - INFO - [The Hindu] Page content loaded.
2026-01-04 08:35:10,383 - INFO - [The Hindu] Success with 'selenium_browser'. Found content (112 words).
2026-01-04 08:35:10,508 - INFO - Saved article: Tamil Nadu government announces ₹3,000 Pongal gift for all rice ration card holders - The Hindu from The Hindu
2026-01-04 08:35:11,664 - INFO - [The Hindu] Article: https://www.thehindu.com/news/national/maharashtra/forged-documents-submitted-in-thane-court-for-bail-in-drugs-case-fir-lodged/article70470299.ece
2026-01-04 08:35:11,665 - INFO - [The Hindu] Attempt 1/1: Trying with 'selenium_browser' strategy...
2026-01-04 08:35:13,834 - INFO - [The Hindu] Page content loaded.
2026-01-04 08:35:14,035 - INFO - [The Hindu] Success with 'selenium_browser'. Found content (183 words).
2026-01-04 08:35:14,113 - INFO - Saved article: Forged documents submitted in Thane court for bail in drugs case; FIR lodged - The Hindu from The Hindu
2026-01-04 08:35:15,346 - INFO - [The Hindu] Article: https://www.thehindu.com/news/national/tamil-nadu/tn-cm-stalin-to-launch-distribution-of-free-laptops-to-students-on-january-5/article70470256.ece
2026-01-04 08:35:15,346 - INFO - [The Hindu] Attempt 1/1: Trying with 'selenium_browser' strategy...
2026-01-04 08:35:18,251 - INFO - [The Hindu] Page content loaded.
2026-01-04 08:35:18,608 - INFO - [The Hindu] Success with 'selenium_browser'. Found content (163 words).
2026-01-04 08:35:18,711 - INFO - Saved article: T.N. CM Stalin to launch distribution of free laptops to students on January 5 - The Hindu from The Hindu
2026-01-04 08:35:19,868 - INFO - [The Hindu] Article: https://www.thehindu.com/news/national/karnataka/two-more-arrested-for-posting-obscene-content-against-arrested-actor-darshans-wife/article70470183.ece
2026-01-04 08:35:19,868 - INFO - [The Hindu] Attempt 1/1: Trying with 'selenium_browser' strategy...
2026-01-04 08:35:21,158 - INFO - [The Hindu] Page content loaded.
2026-01-04 08:35:21,243 - INFO - [The Hindu] Success with 'selenium_browser'. Found content (207 words).
2026-01-04 08:35:21,338 - INFO - Saved article: Two more arrested for posting obscene content against arrested actor Darshan’s wife - The Hindu from The Hindu
2026-01-04 08:35:22,272 - INFO - [The Hindu] Article: https://www.thehindu.com/news/national/haryana/jailed-dera-sacha-sauda-chief-gurmeet-ram-rahim-again-granted-40-day-parole/article70470253.ece
2026-01-04 08:35:22,273 - INFO - [The Hindu] Attempt 1/1: Trying with 'selenium_browser' strategy...
2026-01-04 08:35:26,022 - INFO - [The Hindu] Page content loaded.
2026-01-04 08:35:26,170 - INFO - [The Hindu] Success with 'selenium_browser'. Found content (282 words).
2026-01-04 08:35:26,273 - INFO - Saved article: Jailed Dera Sacha Sauda chief Gurmeet Ram Rahim again granted 40-day parole - The Hindu from The Hindu
2026-01-04 08:35:26,808 - INFO - [The Hindu] Article: https://www.thehindu.com/news/national/karnataka/five-mobile-phones-seized-again-from-bengalurus-central-prison/article70470156.ece
2026-01-04 08:35:26,808 - INFO - [The Hindu] Attempt 1/1: Trying with 'selenium_browser' strategy...
2026-01-04 08:35:27,615 - INFO - [The Hindu] Page content loaded.
2026-01-04 08:35:27,732 - INFO - [The Hindu] Success with 'selenium_browser'. Found content (182 words).
2026-01-04 08:35:27,857 - INFO - Saved article: Five mobile phones seized again from Bengaluru’s central prison - The Hindu from The Hindu
2026-01-04 08:35:29,112 - INFO - [The Hindu] Article: https://www.thehindu.com/news/national/karnataka/fir-over-missing-posters-for-karnataka-minister-krishna-byre-gowda/article70470203.ece
2026-01-04 08:35:29,113 - INFO - [The Hindu] Attempt 1/1: Trying with 'selenium_browser' strategy...
2026-01-04 08:35:31,906 - INFO - [The Hindu] Page content loaded.
2026-01-04 08:35:31,969 - INFO - [The Hindu] Success with 'selenium_browser'. Found content (159 words).
2026-01-04 08:35:32,107 - INFO - Saved article: FIR over ‘missing’ posters for Karnataka Minister Krishna Byre Gowda - The Hindu from The Hindu
2026-01-04 08:35:33,132 - INFO - [The Hindu] Article: https://www.thehindu.com/news/national/irctc-scam-case-delhi-hc-to-hear-lalu-prasads-petition-against-framing-charges-on-jan-5/article70470243.ece
2026-01-04 08:35:33,132 - INFO - [The Hindu] Attempt 1/1: Trying with 'selenium_browser' strategy...
2026-01-04 08:35:35,342 - INFO - [The Hindu] Page content loaded.
2026-01-04 08:35:35,475 - INFO - [The Hindu] Success with 'selenium_browser'. Found content (311 words).
2026-01-04 08:35:35,537 - INFO - Saved article: IRCTC ‘scam’ case: Delhi HC to hear Lalu Prasad’s petition against framing charges on Jan. 5 - The Hindu from The Hindu
2026-01-04 08:35:36,556 - INFO - [The Hindu] (Thread) Finished. Attempting to shut down its Selenium driver.
2026-01-04 08:35:36,708 - INFO - [The Hindu] (Thread) driver.quit() successful.
2026-01-04 08:36:52,601 - ERROR - [Times of India] Request failed for strategy 'selenium_browser' on URL https://timesofindia.indiatimes.com/world/rest-of-world/flew-about-900km-north-korea-launches-ballistic-missiles-toward-sea-timing-coincides-with-seoul-leaders-china-trip/articleshow/126331384.cms: HTTPConnectionPool(host='localhost', port=49043): Read timed out. (read timeout=120)
2026-01-04 08:36:52,601 - ERROR - [Times of India] All scrape strategies failed for https://timesofindia.indiatimes.com/world/rest-of-world/flew-about-900km-north-korea-launches-ballistic-missiles-toward-sea-timing-coincides-with-seoul-leaders-china-trip/articleshow/126331384.cms. Falling back to RSS description.
2026-01-04 08:36:52,603 - INFO - Saved article: North Korea launches ballistic missiles toward sea; timing coincides with Seoul leader’s China trip from Times of India
2026-01-04 08:36:53,193 - INFO - [Times of India] Article: https://timesofindia.indiatimes.com/world/us/behind-the-scenes-white-house-releases-images-of-donald-trump-monitoring-nicols-maduros-capture-see-pics/articleshow/126331164.cms
2026-01-04 08:36:53,193 - INFO - [Times of India] Attempt 1/1: Trying with 'selenium_browser' strategy...
2026-01-04 08:38:53,246 - ERROR - [Times of India] Request failed for strategy 'selenium_browser' on URL https://timesofindia.indiatimes.com/world/us/behind-the-scenes-white-house-releases-images-of-donald-trump-monitoring-nicols-maduros-capture-see-pics/articleshow/126331164.cms: HTTPConnectionPool(host='localhost', port=49043): Read timed out. (read timeout=120)
2026-01-04 08:38:53,246 - ERROR - [Times of India] All scrape strategies failed for https://timesofindia.indiatimes.com/world/us/behind-the-scenes-white-house-releases-images-of-donald-trump-monitoring-nicols-maduros-capture-see-pics/articleshow/126331164.cms. Falling back to RSS description.
2026-01-04 08:38:53,248 - INFO - Saved article: Behind the scenes: White House releases images of Donald Trump monitoring Nicolás Maduro's capture; see pics from Times of India
2026-01-04 08:38:54,600 - INFO - [Times of India] Article: https://timesofindia.indiatimes.com/world/middle-east/saudi-finance-minister-approves-sr217-57-9-billion-borrowing-plan-for-2026/articleshow/126331367.cms
2026-01-04 08:38:54,600 - INFO - [Times of India] Attempt 1/1: Trying with 'selenium_browser' strategy...
2026-01-04 08:39:42,230 - CRITICAL - --- TIMEOUT: 1 scrape jobs did not complete in 300s. ---
2026-01-04 08:39:42,230 - ERROR - A thread has timed out and will be abandoned.
2026-01-04 08:39:42,230 - INFO - Shutting down thread pool (wait=False)...
2026-01-04 08:39:42,230 - INFO - Scraped: 1 BBC, 0 The Guardian, 10 The Hindu, 1 Timed_Out_Jobs articles. (Total saved: 11)
2026-01-04 08:39:42,230 - INFO - --- Scraping job finished ---
2026-01-04 08:39:42,230 - INFO - --- Scraper service stopped and database connection closed. ---
2026-01-04 08:39:42,230 - INFO - --- Main thread finished. Forcing process exit to kill zombie threads. ---
