2026-01-23 04:49:38,038 - INFO - Initializing database connection at: news_articles.db
2026-01-23 04:49:38,039 - INFO - --- Scraper service started (CI Mode: Run Once) ---
2026-01-23 04:49:38,039 - INFO - --- Starting new scraping job (Parallel Mode) ---
2026-01-23 04:49:38,039 - INFO - Creating new robust session with 3 retries on 5xx/connection/read errors.
2026-01-23 04:49:38,039 - INFO - Proxy is DISABLED.
2026-01-23 04:49:38,039 - INFO - Starting scrape for BBC RSS feed: http://feeds.bbci.co.uk/news/world/rss.xml
2026-01-23 04:49:38,040 - INFO - [Times of India] (Thread) requires Selenium. Initializing driver...
2026-01-23 04:49:38,040 - INFO - Initializing headless Selenium Chrome driver (using SeleniumManager)...
2026-01-23 04:49:38,040 - INFO - Starting scrape for The Guardian RSS feed: https://www.theguardian.com/world/rss
2026-01-23 04:49:38,041 - INFO - [The Hindu] (Thread) requires Selenium. Initializing driver...
2026-01-23 04:49:38,041 - INFO - Initializing headless Selenium Chrome driver (using SeleniumManager)...
2026-01-23 04:49:38,041 - INFO - Submitted 4 jobs to thread pool. Waiting up to 300s for completion...
2026-01-23 04:49:38,297 - INFO - Found 45 articles in The Guardian RSS feed. Processing up to 10.
2026-01-23 04:49:38,297 - INFO - [The Guardian] Article: https://www.theguardian.com/global-development/2026/jan/22/actionaid-rethink-child-sponsorship-decolonise-funding
2026-01-23 04:49:38,297 - INFO - [The Guardian] Attempt 1/1: Trying with 'requests_browser' strategy...
2026-01-23 04:49:38,338 - INFO - [The Guardian] Success with 'requests_browser'. Found content (688 words).
2026-01-23 04:49:38,373 - INFO - Duplicate article skipped: ActionAid to rethink child sponsorship as part of plan to ‘decolonise’ its work | Global development | The Guardian from The Guardian
2026-01-23 04:49:38,651 - INFO - Found 37 articles in BBC RSS feed. Processing up to 10.
2026-01-23 04:49:38,651 - INFO - [BBC] Article: https://www.bbc.com/news/articles/c4g44r22j5jo?at_medium=RSS&at_campaign=rss
2026-01-23 04:49:38,651 - INFO - [BBC] Attempt 1/1: Trying with 'requests_browser' strategy...
2026-01-23 04:49:38,975 - INFO - [The Guardian] Article: https://www.theguardian.com/us-news/2026/jan/20/us-diplomats-urged-to-remind-african-leaders-of-us-generosity-despite-usaid-closing
2026-01-23 04:49:38,976 - INFO - [The Guardian] Attempt 1/1: Trying with 'requests_browser' strategy...
2026-01-23 04:49:39,008 - INFO - [The Guardian] Success with 'requests_browser'. Found content (797 words).
2026-01-23 04:49:39,050 - INFO - Duplicate article skipped: Head of US Africa bureau urges staff to highlight US ‘generosity’ despite aid cuts | US foreign policy | The Guardian from The Guardian
2026-01-23 04:49:39,146 - INFO - [BBC] Success with 'requests_browser'. Found content (747 words).
2026-01-23 04:49:39,184 - INFO - Duplicate article skipped: US optimistic on end to war as Zelensky says Ukraine to talk to US and Russia from BBC
2026-01-23 04:49:40,113 - INFO - [The Guardian] Article: https://www.theguardian.com/global-development/2026/jan/19/brazen-political-influence-rich-laid-bare-wealth-billionaires-inequality-poverty-instability-oxfam
2026-01-23 04:49:40,113 - INFO - [The Guardian] Attempt 1/1: Trying with 'requests_browser' strategy...
2026-01-23 04:49:40,372 - INFO - [The Guardian] Success with 'requests_browser'. Found content (639 words).
2026-01-23 04:49:40,408 - INFO - Duplicate article skipped: ‘Brazen’ political influence of rich laid bare as wealth of billionaires reaches $18.3tn, says Oxfam | Global development | The Guardian from The Guardian
2026-01-23 04:49:40,653 - INFO - [BBC] Article: https://www.bbc.com/news/articles/cn8jj228g2vo?at_medium=RSS&at_campaign=rss
2026-01-23 04:49:40,653 - INFO - [BBC] Attempt 1/1: Trying with 'requests_browser' strategy...
2026-01-23 04:49:40,699 - INFO - [BBC] Success with 'requests_browser'. Found content (1594 words).
2026-01-23 04:49:40,742 - INFO - Duplicate article skipped: Board of Peace: Could Trump's bid to become peacemaker-in-chief sideline the struggling UN? from BBC
2026-01-23 04:49:41,130 - INFO - [The Guardian] Article: https://www.theguardian.com/world/2026/jan/18/ugandas-president-calls-opponents-terrorists-in-victory-speech
2026-01-23 04:49:41,130 - INFO - [The Guardian] Attempt 1/1: Trying with 'requests_browser' strategy...
2026-01-23 04:49:41,398 - INFO - [The Guardian] Success with 'requests_browser'. Found content (533 words).
2026-01-23 04:49:41,444 - INFO - Duplicate article skipped: Uganda’s president calls opponents 'terrorists' in victory speech | Uganda | The Guardian from The Guardian
2026-01-23 04:49:41,526 - INFO - [BBC] Article: https://www.bbc.com/news/articles/cp3zzv40422o?at_medium=RSS&at_campaign=rss
2026-01-23 04:49:41,526 - INFO - [BBC] Attempt 1/1: Trying with 'requests_browser' strategy...
2026-01-23 04:49:41,568 - INFO - [BBC] Success with 'requests_browser'. Found content (1187 words).
2026-01-23 04:49:41,606 - INFO - Duplicate article skipped: Oscars: Eight surprise takeaways from the nominations from BBC
2026-01-23 04:49:42,446 - INFO - [The Guardian] Article: https://www.theguardian.com/world/2026/jan/17/yoweri-museveni-wins-ugandan-election-as-opponent-condemns-fake-result
2026-01-23 04:49:42,446 - INFO - [The Guardian] Attempt 1/1: Trying with 'requests_browser' strategy...
2026-01-23 04:49:42,569 - INFO - [The Guardian] Success with 'requests_browser'. Found content (462 words).
2026-01-23 04:49:42,615 - INFO - Duplicate article skipped: Yoweri Museveni wins Ugandan election as opponent condemns ‘fake result’ | Uganda | The Guardian from The Guardian
2026-01-23 04:49:42,941 - INFO - [BBC] Article: https://www.bbc.com/news/articles/cwyrrqwxpz7o?at_medium=RSS&at_campaign=rss
2026-01-23 04:49:42,941 - INFO - [BBC] Attempt 1/1: Trying with 'requests_browser' strategy...
2026-01-23 04:49:42,979 - INFO - [BBC] Success with 'requests_browser'. Found content (754 words).
2026-01-23 04:49:43,047 - INFO - Duplicate article skipped: ICE detains five-year-old and father in Minnesota, lawyer says from BBC
2026-01-23 04:49:43,529 - INFO - [The Guardian] Article: https://www.theguardian.com/us-news/2026/jan/22/trump-withdraws-invitation-canada
2026-01-23 04:49:43,529 - INFO - [The Guardian] Attempt 1/1: Trying with 'requests_browser' strategy...
2026-01-23 04:49:43,563 - INFO - [The Guardian] Success with 'requests_browser'. Found content (464 words).
2026-01-23 04:49:43,598 - INFO - Saved article: Trump withdraws invitation for Canada to join his global ‘board of peace’ | Donald Trump | The Guardian from The Guardian
2026-01-23 04:49:44,322 - INFO - [The Guardian] Article: https://www.theguardian.com/us-news/2026/jan/22/house-war-powers-resolution-trump-military-venezuela
2026-01-23 04:49:44,322 - INFO - [The Guardian] Attempt 1/1: Trying with 'requests_browser' strategy...
2026-01-23 04:49:44,352 - INFO - [The Guardian] Success with 'requests_browser'. Found content (588 words).
2026-01-23 04:49:44,389 - INFO - Duplicate article skipped: House rejects resolution that would bar Trump from sending troops to Venezuela | House of Representatives | The Guardian from The Guardian
2026-01-23 04:49:44,529 - INFO - [BBC] Article: https://www.bbc.com/news/articles/cy7mmpljze7o?at_medium=RSS&at_campaign=rss
2026-01-23 04:49:44,529 - INFO - [BBC] Attempt 1/1: Trying with 'requests_browser' strategy...
2026-01-23 04:49:44,568 - INFO - [BBC] Success with 'requests_browser'. Found content (1037 words).
2026-01-23 04:49:44,608 - INFO - Duplicate article skipped: US unveils plans for development of 'New Gaza' with skyscrapers from BBC
2026-01-23 04:49:45,714 - INFO - [The Guardian] Article: https://www.theguardian.com/world/2026/jan/22/carney-says-canada-must-be-a-beacon-to-a-world-thats-at-sea
2026-01-23 04:49:45,714 - INFO - [The Guardian] Attempt 1/1: Trying with 'requests_browser' strategy...
2026-01-23 04:49:45,745 - INFO - [The Guardian] Success with 'requests_browser'. Found content (503 words).
2026-01-23 04:49:45,786 - INFO - Duplicate article skipped: Mark Carney says Canada must ‘be a beacon to a world that’s at sea’ | Canada | The Guardian from The Guardian
2026-01-23 04:49:46,071 - INFO - [BBC] Article: https://www.bbc.com/news/articles/czr444j671vo?at_medium=RSS&at_campaign=rss
2026-01-23 04:49:46,071 - INFO - [BBC] Attempt 1/1: Trying with 'requests_browser' strategy...
2026-01-23 04:49:46,109 - INFO - [BBC] Success with 'requests_browser'. Found content (859 words).
2026-01-23 04:49:46,148 - INFO - Duplicate article skipped: Trump sparks anger with claim Nato troops avoided Afghanistan front line from BBC
2026-01-23 04:49:46,336 - INFO - [The Guardian] Article: https://www.theguardian.com/us-news/2026/jan/22/trump-board-peace-davos-un
2026-01-23 04:49:46,336 - INFO - [The Guardian] Attempt 1/1: Trying with 'requests_browser' strategy...
2026-01-23 04:49:46,366 - INFO - [The Guardian] Success with 'requests_browser'. Found content (565 words).
2026-01-23 04:49:46,401 - INFO - Duplicate article skipped: Davos onlookers notice Trump’s ‘board of peace’ logo resembles UN emblem | Donald Trump | The Guardian from The Guardian
2026-01-23 04:49:46,756 - INFO - [BBC] Article: https://www.bbc.com/news/articles/cn422q1py95o?at_medium=RSS&at_campaign=rss
2026-01-23 04:49:46,756 - INFO - [BBC] Attempt 1/1: Trying with 'requests_browser' strategy...
2026-01-23 04:49:46,799 - INFO - [BBC] Success with 'requests_browser'. Found content (908 words).
2026-01-23 04:49:46,839 - INFO - Duplicate article skipped: Kaduna kidnapping: woman escapes Nigeria church abduction from BBC
2026-01-23 04:49:47,429 - INFO - [BBC] Article: https://www.bbc.com/news/articles/cdexxr2y907o?at_medium=RSS&at_campaign=rss
2026-01-23 04:49:47,429 - INFO - [BBC] Attempt 1/1: Trying with 'requests_browser' strategy...
2026-01-23 04:49:47,448 - INFO - [The Guardian] Article: https://www.theguardian.com/world/2026/jan/22/canada-pilot-airline-tickets
2026-01-23 04:49:47,448 - INFO - [The Guardian] Attempt 1/1: Trying with 'requests_browser' strategy...
2026-01-23 04:49:47,469 - INFO - [BBC] Success with 'requests_browser'. Found content (489 words).
2026-01-23 04:49:47,509 - INFO - Duplicate article skipped: France seizes suspected Russian 'shadow fleet' tanker in the Mediterranean from BBC
2026-01-23 04:49:47,524 - INFO - [The Guardian] Success with 'requests_browser'. Found content (349 words).
2026-01-23 04:49:47,565 - INFO - Duplicate article skipped: Toronto man posed as pilot to rack up hundreds of free flights, prosecutors say | Canada | The Guardian from The Guardian
2026-01-23 04:49:48,307 - INFO - Selenium driver initialized successfully.
2026-01-23 04:49:48,307 - INFO - Starting scrape for Times of India RSS feed: https://timesofindia.indiatimes.com/rssfeeds/296589292.cms
2026-01-23 04:49:48,308 - INFO - Selenium driver initialized successfully.
2026-01-23 04:49:48,308 - INFO - Starting scrape for The Hindu RSS feed: https://www.thehindu.com/news/national/feeder/default.rss
2026-01-23 04:49:48,400 - INFO - [BBC] Article: https://www.bbc.com/news/articles/ckgjjy55x2mo?at_medium=RSS&at_campaign=rss
2026-01-23 04:49:48,401 - INFO - [BBC] Attempt 1/1: Trying with 'requests_browser' strategy...
2026-01-23 04:49:48,426 - INFO - [BBC] Success with 'requests_browser'. Found content (466 words).
2026-01-23 04:49:48,459 - INFO - Duplicate article skipped: German nurse jailed for murder may face inquiry into 100 more deaths from BBC
2026-01-23 04:49:48,494 - INFO - Found 100 articles in The Hindu RSS feed. Processing up to 10.
2026-01-23 04:49:48,494 - INFO - [The Hindu] Article: https://www.thehindu.com/news/national/madhya-pradesh/nine-fall-ill-due-to-water-contamination-in-mhow/article70540981.ece
2026-01-23 04:49:48,494 - INFO - [The Hindu] Attempt 1/1: Trying with 'selenium_browser' strategy...
2026-01-23 04:49:48,524 - INFO - Found 20 articles in Times of India RSS feed. Processing up to 10.
2026-01-23 04:49:48,524 - INFO - [Times of India] Article: https://timesofindia.indiatimes.com/world/middle-east/no-outdoor-loudspeakers-this-ramadan-saudi-ministry-issues-clear-mosque-rules/articleshow/127232745.cms
2026-01-23 04:49:48,524 - INFO - [Times of India] Attempt 1/1: Trying with 'selenium_browser' strategy...
2026-01-23 04:49:49,770 - INFO - [BBC] Article: https://www.bbc.com/news/articles/c6200g826d2o?at_medium=RSS&at_campaign=rss
2026-01-23 04:49:49,771 - INFO - [BBC] Attempt 1/1: Trying with 'requests_browser' strategy...
2026-01-23 04:49:49,832 - INFO - [BBC] Success with 'requests_browser'. Found content (609 words).
2026-01-23 04:49:49,901 - INFO - Duplicate article skipped: Ubisoft cancels six games including Prince of Persia and closes studios from BBC
2026-01-23 04:49:53,118 - INFO - [The Hindu] Page content loaded.
2026-01-23 04:49:53,205 - INFO - [The Hindu] Success with 'selenium_browser'. Found content (321 words).
2026-01-23 04:49:53,317 - INFO - Saved article: Nine fall ill due to water contamination in Mhow - The Hindu from The Hindu
2026-01-23 04:49:54,562 - INFO - [The Hindu] Article: https://www.thehindu.com/news/national/maharashtra/tribals-long-march-suspended-after-government-accepts-demands/article70540864.ece
2026-01-23 04:49:54,562 - INFO - [The Hindu] Attempt 1/1: Trying with 'selenium_browser' strategy...
2026-01-23 04:50:00,612 - INFO - [The Hindu] Page content loaded.
2026-01-23 04:50:00,951 - INFO - [The Hindu] Success with 'selenium_browser'. Found content (783 words).
2026-01-23 04:50:01,408 - INFO - Saved article: Tribals’ long march suspended after government accepts demands - The Hindu from The Hindu
2026-01-23 04:50:02,591 - INFO - [The Hindu] Article: https://www.thehindu.com/news/cities/Delhi/heavy-rains-lash-delhi-punjab-haryana-imd-pediction/article70540908.ece
2026-01-23 04:50:02,591 - INFO - [The Hindu] Attempt 1/1: Trying with 'selenium_browser' strategy...
2026-01-23 04:50:04,174 - INFO - [The Hindu] Page content loaded.
2026-01-23 04:50:04,346 - INFO - [The Hindu] Success with 'selenium_browser'. Found content (464 words).
2026-01-23 04:50:04,495 - INFO - Saved article: Light rains, thunderstorm across parts of Delhi; rain likely in Punjab and Haryana - The Hindu from The Hindu
2026-01-23 04:50:05,159 - INFO - [The Hindu] Article: https://www.thehindu.com/sci-tech/technology/apple-asks-indian-court-to-stop-antitrust-body-from-seeking-its-financials/article70540847.ece
2026-01-23 04:50:05,159 - INFO - [The Hindu] Attempt 1/1: Trying with 'selenium_browser' strategy...
2026-01-23 04:50:06,826 - INFO - [The Hindu] Page content loaded.
2026-01-23 04:50:07,023 - INFO - [The Hindu] Success with 'selenium_browser'. Found content (232 words).
2026-01-23 04:50:07,098 - INFO - Saved article: Apple asks Indian court to stop antitrust body from seeking its financials - The Hindu from The Hindu
2026-01-23 04:50:08,507 - INFO - [The Hindu] Article: https://www.thehindu.com/news/national/maharashtra/fadnavis-refutes-allegations-of-domestic-mous-being-signed-at-davos/article70540826.ece
2026-01-23 04:50:08,507 - INFO - [The Hindu] Attempt 1/1: Trying with 'selenium_browser' strategy...
2026-01-23 04:50:09,529 - INFO - [The Hindu] Page content loaded.
2026-01-23 04:50:09,676 - INFO - [The Hindu] Success with 'selenium_browser'. Found content (429 words).
2026-01-23 04:50:09,760 - INFO - Saved article: Fadnavis refutes allegations of domestic MoUs being signed at Davos - The Hindu from The Hindu
2026-01-23 04:50:10,545 - INFO - [The Hindu] Article: https://www.thehindu.com/news/national/gujarat/gujarat-delegation-holds-over-30-global-investor-meetings-at-wef-2026/article70539256.ece
2026-01-23 04:50:10,545 - INFO - [The Hindu] Attempt 1/1: Trying with 'selenium_browser' strategy...
2026-01-23 04:50:13,624 - INFO - [The Hindu] Page content loaded.
2026-01-23 04:50:13,932 - INFO - [The Hindu] Success with 'selenium_browser'. Found content (371 words).
2026-01-23 04:50:14,077 - INFO - Saved article: Gujarat delegation holds over 30 global investor meetings at WEF 2026 - The Hindu from The Hindu
2026-01-23 04:50:14,732 - INFO - [The Hindu] Article: https://www.thehindu.com/news/cities/kolkata/written-26-poems-already-on-sir-mamata-while-inaugurating-kolkata-book-fair/article70538141.ece
2026-01-23 04:50:14,732 - INFO - [The Hindu] Attempt 1/1: Trying with 'selenium_browser' strategy...
2026-01-23 04:50:16,685 - INFO - [The Hindu] Page content loaded.
2026-01-23 04:50:16,859 - INFO - [The Hindu] Success with 'selenium_browser'. Found content (602 words).
2026-01-23 04:50:16,999 - INFO - Saved article: Written 26 poems already on SIR: Mamata while inaugurating Kolkata Book Fair - The Hindu from The Hindu
2026-01-23 04:50:18,411 - INFO - [The Hindu] Article: https://www.thehindu.com/news/national/telangana/used-rubber-tyres-repurposed-as-trellis-tops-by-dragon-fruit-farmers-in-telangana/article70538125.ece
2026-01-23 04:50:18,411 - INFO - [The Hindu] Attempt 1/1: Trying with 'selenium_browser' strategy...
2026-01-23 04:50:19,789 - INFO - [The Hindu] Page content loaded.
2026-01-23 04:50:19,995 - INFO - [The Hindu] Success with 'selenium_browser'. Found content (376 words).
2026-01-23 04:50:20,072 - INFO - Saved article: Used rubber tyres repurposed as trellis-tops by Dragon Fruit farmers in Telangana - The Hindu from The Hindu
2026-01-23 04:50:21,427 - INFO - [The Hindu] Article: https://www.thehindu.com/news/national/andhra-pradesh/the-human-cost-behind-every-delivery/article70539430.ece
2026-01-23 04:50:21,427 - INFO - [The Hindu] Attempt 1/1: Trying with 'selenium_browser' strategy...
2026-01-23 04:50:22,514 - INFO - [The Hindu] Page content loaded.
2026-01-23 04:50:22,687 - INFO - [The Hindu] Success with 'selenium_browser'. Found content (1351 words).
2026-01-23 04:50:22,768 - INFO - Duplicate article skipped: The human cost behind every delivery - The Hindu from The Hindu
2026-01-23 04:50:23,369 - INFO - [The Hindu] Article: https://www.thehindu.com/news/cities/Kochi/44-years-on-closed-dye-factorys-contaminating-colours-still-remain-underground-in-kochi/article70538979.ece
2026-01-23 04:50:23,369 - INFO - [The Hindu] Attempt 1/1: Trying with 'selenium_browser' strategy...
2026-01-23 04:50:24,703 - INFO - [The Hindu] Page content loaded.
2026-01-23 04:50:24,822 - INFO - [The Hindu] Success with 'selenium_browser'. Found content (482 words).
2026-01-23 04:50:24,915 - INFO - Duplicate article skipped: 44 years on, closed dye factory’s contaminating colours still remain underground in Kochi - The Hindu from The Hindu
2026-01-23 04:50:25,941 - INFO - [The Hindu] (Thread) Finished. Attempting to shut down its Selenium driver.
2026-01-23 04:50:26,091 - INFO - [The Hindu] (Thread) driver.quit() successful.
2026-01-23 04:50:48,167 - INFO - [Times of India] Page content loaded.
2026-01-23 04:50:48,497 - INFO - [Times of India] Success with 'selenium_browser'. Found content (363 words).
2026-01-23 04:50:48,653 - INFO - Saved article: No outdoor loudspeakers this Ramadan: Saudi Ministry issues clear mosque rules | World News - The Times of India from Times of India
2026-01-23 04:50:50,097 - INFO - [Times of India] Article: https://timesofindia.indiatimes.com/world/us/i-clippled-it-trump-says-his-hand-bruise-result-of-big-aspirin-he-takes/articleshow/127223894.cms
2026-01-23 04:50:50,097 - INFO - [Times of India] Attempt 1/1: Trying with 'selenium_browser' strategy...
2026-01-23 04:50:50,977 - INFO - [Times of India] Page content loaded.
2026-01-23 04:50:51,101 - INFO - [Times of India] Success with 'selenium_browser'. Found content (582 words).
2026-01-23 04:50:51,157 - INFO - Saved article: 'I clippled it': Trump says his hand bruise result of 'big aspirin' he takes - The Times of India from Times of India
2026-01-23 04:50:51,776 - INFO - [Times of India] Article: https://timesofindia.indiatimes.com/world/us/massive-us-military-fleet-moving-towards-iran-donald-trump-after-tehran-says-it-has-finger-on-trigger/articleshow/127221290.cms
2026-01-23 04:50:51,776 - INFO - [Times of India] Attempt 1/1: Trying with 'selenium_browser' strategy...
2026-01-23 04:50:52,609 - INFO - [Times of India] Page content loaded.
2026-01-23 04:50:52,692 - INFO - [Times of India] Success with 'selenium_browser'. Found content (768 words).
2026-01-23 04:50:52,742 - INFO - Saved article: ‘Massive US military fleet moving towards Iran’: Donald Trump after Tehran says it has ‘finger on trigger’ - The Times of India from Times of India
2026-01-23 04:50:54,123 - INFO - [Times of India] Article: https://timesofindia.indiatimes.com/world/us/h-1bs-are-taking-american-jobs-florida-set-to-ban-new-h-1b-hires-at-state-universities/articleshow/127222939.cms
2026-01-23 04:50:54,123 - INFO - [Times of India] Attempt 1/1: Trying with 'selenium_browser' strategy...
2026-01-23 04:50:54,856 - INFO - [Times of India] Page content loaded.
2026-01-23 04:50:54,953 - INFO - [Times of India] Success with 'selenium_browser'. Found content (431 words).
2026-01-23 04:50:55,003 - INFO - Saved article: ‘H-1Bs are taking American jobs’: Florida set to ban new H-1B hires at state universities | World News - The Times of India from Times of India
2026-01-23 04:50:56,490 - INFO - [Times of India] Article: https://timesofindia.indiatimes.com/world/us-streamers/she-sues-people-candace-owens-takes-aim-at-nicola-peltz-while-discussing-brooklyn-beckhams-allegations/articleshow/127208586.cms
2026-01-23 04:50:56,490 - INFO - [Times of India] Attempt 1/1: Trying with 'selenium_browser' strategy...
2026-01-23 04:50:58,217 - INFO - [Times of India] Page content loaded.
2026-01-23 04:50:58,340 - INFO - [Times of India] Success with 'selenium_browser'. Found content (419 words).
2026-01-23 04:50:58,391 - INFO - Duplicate article skipped: “She sues people”: Candace Owens takes aim at Nicola Peltz while discussing Brooklyn Beckham’s allegations - The Times of India from Times of India
2026-01-23 04:50:59,192 - INFO - [Times of India] Article: https://timesofindia.indiatimes.com/world/us-streamers/ishowspeed-responds-to-criticism-over-skipping-creator-collaborations-during-africa-tour/articleshow/127195145.cms
2026-01-23 04:50:59,193 - INFO - [Times of India] Attempt 1/1: Trying with 'selenium_browser' strategy...
2026-01-23 04:51:00,600 - INFO - [Times of India] Page content loaded.
2026-01-23 04:51:00,733 - INFO - [Times of India] Success with 'selenium_browser'. Found content (424 words).
2026-01-23 04:51:00,791 - INFO - Duplicate article skipped: iShowSpeed responds to criticism over skipping creator collaborations during Africa tour - The Times of India from Times of India
2026-01-23 04:51:02,107 - INFO - [Times of India] Article: https://timesofindia.indiatimes.com/world/us-streamers/vyro-offers-300000-in-fan-rewards-for-clipping-mrbeasts-beast-games-episodes/articleshow/127193976.cms
2026-01-23 04:51:02,107 - INFO - [Times of India] Attempt 1/1: Trying with 'selenium_browser' strategy...
2026-01-23 04:51:03,160 - INFO - [Times of India] Page content loaded.
2026-01-23 04:51:03,297 - INFO - [Times of India] Success with 'selenium_browser'. Found content (444 words).
2026-01-23 04:51:03,343 - INFO - Duplicate article skipped: Vyro offers $300,000 in fan rewards for clipping MrBeast’s Beast Games episodes - The Times of India from Times of India
2026-01-23 04:51:04,132 - INFO - [Times of India] Article: https://timesofindia.indiatimes.com/world/us/katy-perry-faces-heat-for-space-trip-while-attending-davos-climate-talks-burned-498-tons-of-fuel/articleshow/127197506.cms
2026-01-23 04:51:04,132 - INFO - [Times of India] Attempt 1/1: Trying with 'selenium_browser' strategy...
2026-01-23 04:51:04,898 - INFO - [Times of India] Page content loaded.
2026-01-23 04:51:04,947 - INFO - [Times of India] Success with 'selenium_browser'. Found content (154 words).
2026-01-23 04:51:04,963 - INFO - Duplicate article skipped: Katy Perry faces heat for space trip while attending Davos climate talks: 'Burned 498 tons of fuel' - The Times of India from Times of India
2026-01-23 04:51:06,088 - INFO - [Times of India] Article: https://timesofindia.indiatimes.com/world/rest-of-world/torture-rape-killing-former-pakistani-cop-ordered-to-be-deported-earlier-from-canada-gets-to-stay/articleshow/127196466.cms
2026-01-23 04:51:06,088 - INFO - [Times of India] Attempt 1/1: Trying with 'selenium_browser' strategy...
2026-01-23 04:51:06,638 - INFO - [Times of India] Page content loaded.
2026-01-23 04:51:06,776 - INFO - [Times of India] Success with 'selenium_browser'. Found content (354 words).
2026-01-23 04:51:06,831 - INFO - Duplicate article skipped: 'Torture, rape, killing': Former Pakistani cop ordered to be deported earlier from Canada gets to stay - The Times of India from Times of India
2026-01-23 04:51:08,110 - INFO - [Times of India] Article: https://timesofindia.indiatimes.com/world/us/6-year-old-walks-two-miles-for-help-after-father-dies-saving-him-in-upstate-new-york-ice-tragedy/articleshow/127195488.cms
2026-01-23 04:51:08,110 - INFO - [Times of India] Attempt 1/1: Trying with 'selenium_browser' strategy...
2026-01-23 04:51:08,922 - INFO - [Times of India] Page content loaded.
2026-01-23 04:51:09,054 - INFO - [Times of India] Success with 'selenium_browser'. Found content (306 words).
2026-01-23 04:51:09,101 - INFO - Duplicate article skipped: 6-year-old walks two miles for help after father dies saving him in Upstate New York ice tragedy - The Times of India from Times of India
2026-01-23 04:51:10,087 - INFO - [Times of India] (Thread) Finished. Attempting to shut down its Selenium driver.
2026-01-23 04:51:10,434 - INFO - [Times of India] (Thread) driver.quit() successful.
2026-01-23 04:51:10,434 - INFO - Shutting down thread pool (wait=False)...
2026-01-23 04:51:10,434 - INFO - Scraped: 0 BBC, 4 Times of India, 1 The Guardian, 8 The Hindu articles. (Total saved: 13)
2026-01-23 04:51:10,434 - INFO - --- Scraping job finished ---
2026-01-23 04:51:10,440 - INFO - --- Scraper service stopped and database connection closed. ---
2026-01-23 04:51:10,440 - INFO - --- Main thread finished. Forcing process exit to kill zombie threads. ---
