2026-02-09 14:58:15,607 - INFO - Initializing database connection at: news_articles.db
2026-02-09 14:58:15,607 - INFO - --- Scraper service started (CI Mode: Run Once) ---
2026-02-09 14:58:15,607 - INFO - --- Starting new scraping job (Parallel Mode) ---
2026-02-09 14:58:15,607 - INFO - Creating new robust session with 3 retries on 5xx/connection/read errors.
2026-02-09 14:58:15,607 - INFO - Proxy is DISABLED.
2026-02-09 14:58:15,608 - INFO - Starting scrape for BBC RSS feed: http://feeds.bbci.co.uk/news/world/rss.xml
2026-02-09 14:58:15,608 - INFO - [Times of India] (Thread) requires Selenium. Initializing driver...
2026-02-09 14:58:15,608 - INFO - Initializing headless Selenium Chrome driver (using SeleniumManager)...
2026-02-09 14:58:15,609 - INFO - Starting scrape for The Guardian RSS feed: https://www.theguardian.com/world/rss
2026-02-09 14:58:15,610 - INFO - [The Hindu] (Thread) requires Selenium. Initializing driver...
2026-02-09 14:58:15,610 - INFO - Initializing headless Selenium Chrome driver (using SeleniumManager)...
2026-02-09 14:58:15,610 - INFO - Submitted 4 jobs to thread pool. Waiting up to 300s for completion...
2026-02-09 14:58:15,729 - INFO - Found 45 articles in The Guardian RSS feed. Processing up to 10.
2026-02-09 14:58:15,729 - INFO - [The Guardian] Article: https://www.theguardian.com/world/2026/feb/09/deaths-migrant-boat-capsizes-mediterranean-libya
2026-02-09 14:58:15,729 - INFO - [The Guardian] Attempt 1/1: Trying with 'requests_browser' strategy...
2026-02-09 14:58:15,772 - INFO - [The Guardian] Success with 'requests_browser'. Found content (366 words).
2026-02-09 14:58:15,824 - INFO - Duplicate article skipped: 53 people dead or missing after migrant boat capsizes in Mediterranean | Migration | The Guardian from The Guardian
2026-02-09 14:58:16,101 - INFO - Found 32 articles in BBC RSS feed. Processing up to 10.
2026-02-09 14:58:16,101 - INFO - [BBC] Article: https://www.bbc.com/news/articles/c8d5pl34vv0o?at_medium=RSS&at_campaign=rss
2026-02-09 14:58:16,101 - INFO - [BBC] Attempt 1/1: Trying with 'requests_browser' strategy...
2026-02-09 14:58:16,221 - INFO - [BBC] Success with 'requests_browser'. Found content (875 words).
2026-02-09 14:58:16,283 - INFO - Duplicate article skipped: Jimmy Lai: Hong Kong pro-democracy tycoon gets 20 years' jail under national security law from BBC
2026-02-09 14:58:16,628 - INFO - Selenium driver initialized successfully.
2026-02-09 14:58:16,628 - INFO - Starting scrape for Times of India RSS feed: https://timesofindia.indiatimes.com/rssfeeds/296589292.cms
2026-02-09 14:58:16,630 - INFO - Selenium driver initialized successfully.
2026-02-09 14:58:16,630 - INFO - Starting scrape for The Hindu RSS feed: https://www.thehindu.com/news/national/feeder/default.rss
2026-02-09 14:58:16,781 - INFO - Found 100 articles in The Hindu RSS feed. Processing up to 10.
2026-02-09 14:58:16,781 - INFO - [The Hindu] Article: https://www.thehindu.com/news/national/andhra-pradesh/gunadala-lourdu-matha-102nd-utsavam-begins-on-a-grand-note/article70611531.ece
2026-02-09 14:58:16,781 - INFO - [The Hindu] Attempt 1/1: Trying with 'selenium_browser' strategy...
2026-02-09 14:58:16,914 - INFO - Found 20 articles in Times of India RSS feed. Processing up to 10.
2026-02-09 14:58:16,914 - INFO - [Times of India] Article: https://timesofindia.indiatimes.com/defence/news/somalia-signs-defence-pact-with-saudi-arabia-amid-gulf-rivalries-in-horn-of-africa/articleshow/128118653.cms
2026-02-09 14:58:16,914 - INFO - [Times of India] Attempt 1/1: Trying with 'selenium_browser' strategy...
2026-02-09 14:58:17,131 - INFO - [The Guardian] Article: https://www.theguardian.com/music/2026/feb/09/ebo-taylor-ghanaian-highlife-pioneer-dies-age-90
2026-02-09 14:58:17,131 - INFO - [The Guardian] Attempt 1/1: Trying with 'requests_browser' strategy...
2026-02-09 14:58:17,255 - INFO - [The Guardian] Success with 'requests_browser'. Found content (922 words).
2026-02-09 14:58:17,319 - INFO - Saved article: Ebo Taylor, Ghanaian highlife pioneer and guitarist, dies age 90 | Music | The Guardian from The Guardian
2026-02-09 14:58:17,444 - INFO - [BBC] Article: https://www.bbc.com/news/articles/cjd9k852zdjo?at_medium=RSS&at_campaign=rss
2026-02-09 14:58:17,444 - INFO - [BBC] Attempt 1/1: Trying with 'requests_browser' strategy...
2026-02-09 14:58:17,537 - INFO - [BBC] Success with 'requests_browser'. Found content (727 words).
2026-02-09 14:58:17,618 - INFO - Duplicate article skipped: Japan election: Stocks surge as Takaichi secures historic election victory from BBC
2026-02-09 14:58:18,379 - INFO - [The Guardian] Article: https://www.theguardian.com/environment/2026/feb/09/weather-tracker-spain-and-portugal-hit-by-third-fatal-storm
2026-02-09 14:58:18,379 - INFO - [The Guardian] Attempt 1/1: Trying with 'requests_browser' strategy...
2026-02-09 14:58:18,446 - INFO - [The Guardian] Success with 'requests_browser'. Found content (391 words).
2026-02-09 14:58:18,654 - INFO - [BBC] Article: https://www.bbc.com/news/articles/cvgv5yre39zo?at_medium=RSS&at_campaign=rss
2026-02-09 14:58:18,654 - INFO - [BBC] Attempt 1/1: Trying with 'requests_browser' strategy...
2026-02-09 14:58:18,655 - INFO - Duplicate article skipped: Weather tracker: Spain and Portugal hit by third deadly storm in two weeks | Flooding | The Guardian from The Guardian
2026-02-09 14:58:18,719 - INFO - [BBC] Success with 'requests_browser'. Found content (516 words).
2026-02-09 14:58:18,899 - INFO - Saved article: Maxwell won't answer questions during congressional testimony, lawyer says from BBC
2026-02-09 14:58:19,481 - INFO - [BBC] Article: https://www.bbc.com/sport/american-football/articles/cjen2n5ql3zo?at_medium=RSS&at_campaign=rss
2026-02-09 14:58:19,481 - INFO - [BBC] Attempt 1/1: Trying with 'requests_browser' strategy...
2026-02-09 14:58:19,658 - INFO - [BBC] Success with 'requests_browser'. Found content (862 words).
2026-02-09 14:58:19,688 - INFO - [The Guardian] Article: https://www.theguardian.com/world/2026/feb/07/sudan-rsf-drone-attack-rahad-kills-displaced-people
2026-02-09 14:58:19,690 - INFO - [The Guardian] Attempt 1/1: Trying with 'requests_browser' strategy...
2026-02-09 14:58:20,010 - INFO - Duplicate article skipped: Super Bowl 2026: Seattle Seahawks beat New England Patriots to win second NFL championship - BBC Sport from BBC
2026-02-09 14:58:20,011 - INFO - [The Guardian] Success with 'requests_browser'. Found content (817 words).
2026-02-09 14:58:20,248 - INFO - Duplicate article skipped: RSF drone attack kills 24 people fleeing fighting in central Sudan, says doctors group | Sudan | The Guardian from The Guardian
2026-02-09 14:58:20,591 - INFO - [BBC] Article: https://www.bbc.com/news/articles/c394g7nnzmzo?at_medium=RSS&at_campaign=rss
2026-02-09 14:58:20,591 - INFO - [BBC] Attempt 1/1: Trying with 'requests_browser' strategy...
2026-02-09 14:58:20,735 - INFO - [BBC] Success with 'requests_browser'. Found content (915 words).
2026-02-09 14:58:20,870 - INFO - Duplicate article skipped: Bad Bunny makes history as Trump criticises 'terrible' Super Bowl show from BBC
2026-02-09 14:58:21,278 - INFO - [The Guardian] Article: https://www.theguardian.com/global-development/2026/feb/07/businesses-close-protest-malawi-tax-changes-electronic-invoicing-system
2026-02-09 14:58:21,278 - INFO - [The Guardian] Attempt 1/1: Trying with 'requests_browser' strategy...
2026-02-09 14:58:21,399 - INFO - [The Guardian] Success with 'requests_browser'. Found content (591 words).
2026-02-09 14:58:21,451 - INFO - Duplicate article skipped: Thousands of Malawi businesses close in protest over tax changes | Global development | The Guardian from The Guardian
2026-02-09 14:58:21,858 - INFO - [BBC] Article: https://www.bbc.com/news/articles/clyz9pvwlw9o?at_medium=RSS&at_campaign=rss
2026-02-09 14:58:21,858 - INFO - [BBC] Attempt 1/1: Trying with 'requests_browser' strategy...
2026-02-09 14:58:22,093 - INFO - [BBC] Success with 'requests_browser'. Found content (514 words).
2026-02-09 14:58:22,306 - INFO - Saved article: Epstein survivors call for full release of files in vieo from BBC
2026-02-09 14:58:22,625 - INFO - [The Guardian] Article: https://www.theguardian.com/world/2026/feb/09/faber-castell-costa-rica-trump-asylum
2026-02-09 14:58:22,625 - INFO - [The Guardian] Attempt 1/1: Trying with 'requests_browser' strategy...
2026-02-09 14:58:22,754 - INFO - [The Guardian] Success with 'requests_browser'. Found content (1024 words).
2026-02-09 14:58:22,917 - INFO - [BBC] Article: https://www.bbc.com/news/articles/c9wnjqzrv48o?at_medium=RSS&at_campaign=rss
2026-02-09 14:58:22,917 - INFO - [BBC] Attempt 1/1: Trying with 'requests_browser' strategy...
2026-02-09 14:58:23,040 - INFO - Duplicate article skipped: World’s largest pencil maker accuses Costa Rica of misusing old factory as detention center | Costa Rica | The Guardian from The Guardian
2026-02-09 14:58:23,142 - INFO - [BBC] Success with 'requests_browser'. Found content (395 words).
2026-02-09 14:58:23,258 - INFO - Duplicate article skipped: Venezuela's opposition says party leader kidnapped hours after being freed from BBC
2026-02-09 14:58:23,729 - INFO - [The Guardian] Article: https://www.theguardian.com/world/2026/feb/09/machado-ally-juan-pablo-guanipa-kidnapped-venezuela
2026-02-09 14:58:23,730 - INFO - [The Guardian] Attempt 1/1: Trying with 'requests_browser' strategy...
2026-02-09 14:58:23,851 - INFO - [The Guardian] Success with 'requests_browser'. Found content (524 words).
2026-02-09 14:58:23,869 - INFO - [BBC] Article: https://www.bbc.com/news/articles/c20z4254524o?at_medium=RSS&at_campaign=rss
2026-02-09 14:58:23,869 - INFO - [BBC] Attempt 1/1: Trying with 'requests_browser' strategy...
2026-02-09 14:58:24,069 - INFO - [BBC] Success with 'requests_browser'. Found content (326 words).
2026-02-09 14:58:24,069 - INFO - Duplicate article skipped: Venezuela’s Machado says close ally kidnapped by ‘heavily armed’ men hours after prison release | Venezuela | The Guardian from The Guardian
2026-02-09 14:58:24,143 - INFO - Duplicate article skipped: South Korea: Official expelled from party for remark on 'importing' foreign women from BBC
2026-02-09 14:58:24,854 - INFO - [The Guardian] Article: https://www.theguardian.com/world/2026/feb/08/canada-alberta-separatism-join-us
2026-02-09 14:58:24,854 - INFO - [The Guardian] Attempt 1/1: Trying with 'requests_browser' strategy...
2026-02-09 14:58:24,986 - INFO - [The Guardian] Success with 'requests_browser'. Found content (798 words).
2026-02-09 14:58:25,097 - INFO - [BBC] Article: https://www.bbc.com/news/articles/c3vevxnw9pko?at_medium=RSS&at_campaign=rss
2026-02-09 14:58:25,097 - INFO - [BBC] Attempt 1/1: Trying with 'requests_browser' strategy...
2026-02-09 14:58:25,243 - INFO - Duplicate article skipped: Canada is no stranger to separatism but push for Alberta to join US is a new peril | Canada | The Guardian from The Guardian
2026-02-09 14:58:25,332 - INFO - [BBC] Success with 'requests_browser'. Found content (597 words).
2026-02-09 14:58:25,606 - INFO - Duplicate article skipped: Christchurch shooter seeks to overturn guilty plea from BBC
2026-02-09 14:58:26,255 - INFO - [The Guardian] Article: https://www.theguardian.com/environment/2026/feb/07/bermuda-snail-thought-to-be-extinct-now-thrives-after-a-decades-effort
2026-02-09 14:58:26,255 - INFO - [The Guardian] Attempt 1/1: Trying with 'requests_browser' strategy...
2026-02-09 14:58:26,367 - INFO - [The Guardian] Success with 'requests_browser'. Found content (436 words).
2026-02-09 14:58:26,416 - INFO - Duplicate article skipped: Bermuda snail thought to be extinct now thrives after a decade’s effort | Wildlife | The Guardian from The Guardian
2026-02-09 14:58:26,681 - INFO - [BBC] Article: https://www.bbc.com/news/articles/cn87lzrj1l7o?at_medium=RSS&at_campaign=rss
2026-02-09 14:58:26,681 - INFO - [BBC] Attempt 1/1: Trying with 'requests_browser' strategy...
2026-02-09 14:58:26,734 - INFO - [BBC] Success with 'requests_browser'. Found content (534 words).
2026-02-09 14:58:26,781 - INFO - Duplicate article skipped: Eritrea accuses Ethiopia of fabricating report its troops had crossed the border from BBC
2026-02-09 14:58:27,260 - INFO - [The Guardian] Article: https://www.theguardian.com/world/2026/feb/07/china-overturns-death-sentence-of-canadian-robert-lloyd-schellenberg-in-sign-of-diplomatic-thaw
2026-02-09 14:58:27,261 - INFO - [The Guardian] Attempt 1/1: Trying with 'requests_browser' strategy...
2026-02-09 14:58:27,305 - INFO - [The Guardian] Success with 'requests_browser'. Found content (526 words).
2026-02-09 14:58:27,374 - INFO - Duplicate article skipped: China overturns death sentence of Canadian in sign of diplomatic thaw | China | The Guardian from The Guardian
2026-02-09 14:59:16,794 - ERROR - [The Hindu] Request failed for strategy 'selenium_browser' on URL https://www.thehindu.com/news/national/andhra-pradesh/gunadala-lourdu-matha-102nd-utsavam-begins-on-a-grand-note/article70611531.ece: Message: timeout: Timed out receiving message from renderer: 59.865
  (Session info: chrome=144.0.7559.109)
Stacktrace:
#0 0x556f9c4954ba <unknown>
#1 0x556f9befe492 <unknown>
#2 0x556f9bee5b47 <unknown>
#3 0x556f9bee5756 <unknown>
#4 0x556f9bee3271 <unknown>
#5 0x556f9bee3bff <unknown>
#6 0x556f9bef3150 <unknown>
#7 0x556f9bf0d147 <unknown>
#8 0x556f9bf1434b <unknown>
#9 0x556f9bee4369 <unknown>
#10 0x556f9bf0ceda <unknown>
#11 0x556f9bf9ca78 <unknown>
#12 0x556f9bf456a2 <unknown>
#13 0x556f9bf46491 <unknown>
#14 0x556f9c45b479 <unknown>
#15 0x556f9c45e391 <unknown>
#16 0x556f9c447a89 <unknown>
#17 0x556f9c45ef4e <unknown>
#18 0x556f9c42e070 <unknown>
#19 0x556f9c482ca8 <unknown>
#20 0x556f9c482e78 <unknown>
#21 0x556f9c494828 <unknown>
#22 0x7fe183e9caa4 <unknown>
#23 0x7fe183f29c6c <unknown>

2026-02-09 14:59:16,794 - ERROR - [The Hindu] All scrape strategies failed for https://www.thehindu.com/news/national/andhra-pradesh/gunadala-lourdu-matha-102nd-utsavam-begins-on-a-grand-note/article70611531.ece. Falling back to RSS description.
2026-02-09 14:59:16,798 - INFO - Saved article: Gunadala Lourdu Matha 102nd Utsavam begins on a grand note from The Hindu
2026-02-09 14:59:16,928 - ERROR - [Times of India] Request failed for strategy 'selenium_browser' on URL https://timesofindia.indiatimes.com/defence/news/somalia-signs-defence-pact-with-saudi-arabia-amid-gulf-rivalries-in-horn-of-africa/articleshow/128118653.cms: Message: timeout: Timed out receiving message from renderer: 59.848
  (Session info: chrome=144.0.7559.109)
Stacktrace:
#0 0x5654aca8f4ba <unknown>
#1 0x5654ac4f8492 <unknown>
#2 0x5654ac4dfb47 <unknown>
#3 0x5654ac4df756 <unknown>
#4 0x5654ac4dd271 <unknown>
#5 0x5654ac4ddbff <unknown>
#6 0x5654ac4ed150 <unknown>
#7 0x5654ac507147 <unknown>
#8 0x5654ac50e34b <unknown>
#9 0x5654ac4de369 <unknown>
#10 0x5654ac506eda <unknown>
#11 0x5654ac596a78 <unknown>
#12 0x5654ac53f6a2 <unknown>
#13 0x5654ac540491 <unknown>
#14 0x5654aca55479 <unknown>
#15 0x5654aca58391 <unknown>
#16 0x5654aca41a89 <unknown>
#17 0x5654aca58f4e <unknown>
#18 0x5654aca28070 <unknown>
#19 0x5654aca7cca8 <unknown>
#20 0x5654aca7ce78 <unknown>
#21 0x5654aca8e828 <unknown>
#22 0x7fdf6469caa4 <unknown>
#23 0x7fdf64729c6c <unknown>

2026-02-09 14:59:16,929 - ERROR - [Times of India] All scrape strategies failed for https://timesofindia.indiatimes.com/defence/news/somalia-signs-defence-pact-with-saudi-arabia-amid-gulf-rivalries-in-horn-of-africa/articleshow/128118653.cms. Falling back to RSS description.
2026-02-09 14:59:16,931 - INFO - Saved article: Somalia signs defence pact with Saudi Arabia amid Gulf rivalries in Horn of Africa from Times of India
2026-02-09 14:59:17,774 - INFO - [The Hindu] Article: https://www.thehindu.com/news/national/kerala/anto-antony-threatens-legal-action-against-cpim-leader-udayabhanu/article70611172.ece
2026-02-09 14:59:17,774 - INFO - [The Hindu] Attempt 1/1: Trying with 'selenium_browser' strategy...
2026-02-09 14:59:17,850 - INFO - [Times of India] Article: https://timesofindia.indiatimes.com/world/us/more-than-what-ice-does-indian-origin-historian-weighs-in-on-trump-administration-naming-33-new-immigration-judges/articleshow/128117214.cms
2026-02-09 14:59:17,850 - INFO - [Times of India] Attempt 1/1: Trying with 'selenium_browser' strategy...
2026-02-09 14:59:19,772 - INFO - [The Hindu] Page content loaded.
2026-02-09 14:59:19,957 - INFO - [The Hindu] Success with 'selenium_browser'. Found content (252 words).
2026-02-09 14:59:20,223 - INFO - Saved article: Anto Antony threatens legal action against CPI(M) leader Udayabhanu - The Hindu from The Hindu
2026-02-09 14:59:21,079 - INFO - [The Hindu] Article: https://www.thehindu.com/news/national/andhra-pradesh/srisailam-temple-sees-surge-of-devotees-on-day-2-of-mahasivaratri-brahmotsavams/article70611653.ece
2026-02-09 14:59:21,079 - INFO - [The Hindu] Attempt 1/1: Trying with 'selenium_browser' strategy...
2026-02-09 14:59:22,480 - INFO - [Times of India] Page content loaded.
2026-02-09 14:59:22,791 - INFO - [Times of India] Success with 'selenium_browser'. Found content (459 words).
2026-02-09 14:59:23,063 - INFO - Saved article: 'More than what ICE does': Indian-origin historian weighs in on Trump administration naming 33 new immigration judges - The Times of India from Times of India
2026-02-09 14:59:23,954 - INFO - [Times of India] Article: https://timesofindia.indiatimes.com/world/us/puerto-rico-is-in-america-maga-snubbed-as-they-despise-bad-bunny-kash-patels-girlfriend-says-dems-got-it-right/articleshow/128116060.cms
2026-02-09 14:59:23,955 - INFO - [Times of India] Attempt 1/1: Trying with 'selenium_browser' strategy...
2026-02-09 14:59:25,682 - INFO - [The Hindu] Page content loaded.
2026-02-09 14:59:25,817 - INFO - [The Hindu] Success with 'selenium_browser'. Found content (336 words).
2026-02-09 14:59:25,912 - INFO - Saved article: Srisailam temple sees surge of devotees on Day 2 of Mahasivaratri Brahmotsavams - The Hindu from The Hindu
2026-02-09 14:59:27,325 - INFO - [The Hindu] Article: https://www.thehindu.com/news/national/andhra-pradesh/police-conduct-extensive-cordon-and-search-in-chittoor-district/article70611650.ece
2026-02-09 14:59:27,325 - INFO - [The Hindu] Attempt 1/1: Trying with 'selenium_browser' strategy...
2026-02-09 14:59:27,605 - INFO - [Times of India] Page content loaded.
2026-02-09 14:59:27,849 - INFO - [Times of India] Success with 'selenium_browser'. Found content (498 words).
2026-02-09 14:59:28,003 - INFO - Saved article: 'Puerto Rico is in America': MAGA snubbed as they despise Bad Bunny; Kash Patel's girlfriend says Dems got it right - The Times of India from Times of India
2026-02-09 14:59:28,313 - INFO - [The Hindu] Page content loaded.
2026-02-09 14:59:28,488 - INFO - [The Hindu] Success with 'selenium_browser'. Found content (225 words).
2026-02-09 14:59:28,569 - INFO - Saved article: Police conduct extensive cordon-and-search in Chittoor district - The Hindu from The Hindu
2026-02-09 14:59:28,745 - INFO - [Times of India] Article: https://timesofindia.indiatimes.com/world/rest-of-world/indian-origin-immigration-consultant-called-visa-king-from-brampton-goes-viral-making-a-fortune-in-canada/articleshow/128046982.cms
2026-02-09 14:59:28,745 - INFO - [Times of India] Attempt 1/1: Trying with 'selenium_browser' strategy...
2026-02-09 14:59:29,708 - INFO - [The Hindu] Article: https://www.thehindu.com/news/national/karnataka/jnnce-student-secures-first-rank-in-mba-wins-four-gold-medals/article70611672.ece
2026-02-09 14:59:29,708 - INFO - [The Hindu] Attempt 1/1: Trying with 'selenium_browser' strategy...
2026-02-09 14:59:31,110 - INFO - [Times of India] Page content loaded.
2026-02-09 14:59:31,542 - INFO - [Times of India] Success with 'selenium_browser'. Found content (297 words).
2026-02-09 14:59:31,752 - INFO - Duplicate article skipped: Indian-origin immigration consultant called 'Visa King' from Brampton goes viral: 'Making a fortune in Canada' - The Times of India from Times of India
2026-02-09 14:59:33,116 - INFO - [Times of India] Article: https://timesofindia.indiatimes.com/world/us-streamers/totas-greeting-to-travis-scott-ignites-online-conversation-after-super-bowl-bash/articleshow/128101256.cms
2026-02-09 14:59:33,117 - INFO - [Times of India] Attempt 1/1: Trying with 'selenium_browser' strategy...
2026-02-09 14:59:36,606 - INFO - [Times of India] Page content loaded.
2026-02-09 14:59:36,804 - INFO - [Times of India] Success with 'selenium_browser'. Found content (356 words).
2026-02-09 14:59:36,889 - INFO - Duplicate article skipped: Tota’s greeting to Travis Scott ignites online conversation after Super Bowl bash - The Times of India from Times of India
2026-02-09 14:59:38,047 - INFO - [Times of India] Article: https://timesofindia.indiatimes.com/world/rest-of-world/indian-man-killed-in-targeted-firing-outside-busy-toronto-mall-cops-clueless-about-shooters/articleshow/128113738.cms
2026-02-09 14:59:38,047 - INFO - [Times of India] Attempt 1/1: Trying with 'selenium_browser' strategy...
2026-02-09 14:59:39,134 - INFO - [The Hindu] Page content loaded.
2026-02-09 14:59:39,398 - INFO - [The Hindu] Success with 'selenium_browser'. Found content (212 words).
2026-02-09 14:59:39,561 - INFO - Saved article: JNNCE student secures first rank in MBA, wins four gold medals - The Hindu from The Hindu
2026-02-09 14:59:39,699 - INFO - [Times of India] Page content loaded.
2026-02-09 14:59:39,820 - INFO - [Times of India] Success with 'selenium_browser'. Found content (308 words).
2026-02-09 14:59:39,889 - INFO - Duplicate article skipped: Indian man killed in targeted firing outside busy Toronto mall, cops clueless about shooters - The Times of India from Times of India
2026-02-09 14:59:40,536 - INFO - [The Hindu] Article: https://www.thehindu.com/news/national/kerala/kerala-sir-hearings-completed-in-three-districts/article70611820.ece
2026-02-09 14:59:40,536 - INFO - [The Hindu] Attempt 1/1: Trying with 'selenium_browser' strategy...
2026-02-09 14:59:41,182 - INFO - [Times of India] Article: https://timesofindia.indiatimes.com/world/pakistan/minerals-militants-us-made-guns-why-donald-trumps-bet-on-asim-munir-is-set-to-fail/articleshow/128110749.cms
2026-02-09 14:59:41,182 - INFO - [Times of India] Attempt 1/1: Trying with 'selenium_browser' strategy...
2026-02-09 14:59:41,617 - INFO - [The Hindu] Page content loaded.
2026-02-09 14:59:41,804 - INFO - [The Hindu] Success with 'selenium_browser'. Found content (137 words).
2026-02-09 14:59:41,962 - INFO - Saved article: Kerala SIR: hearings completed in three districts - The Hindu from The Hindu
2026-02-09 14:59:42,927 - INFO - [Times of India] Page content loaded.
2026-02-09 14:59:43,139 - INFO - [Times of India] Success with 'selenium_browser'. Found content (2082 words).
2026-02-09 14:59:43,266 - INFO - Duplicate article skipped: Minerals, militants, US-made guns: Why Donald Trump’s bet on Asim Munir is set to fail - The Times of India from Times of India
2026-02-09 14:59:43,283 - INFO - [The Hindu] Article: https://www.thehindu.com/news/cities/Hyderabad/combined-convocation-ceremony-at-professor-jayashankar-telangana-agricultural-university/article70611123.ece
2026-02-09 14:59:43,283 - INFO - [The Hindu] Attempt 1/1: Trying with 'selenium_browser' strategy...
2026-02-09 14:59:44,443 - INFO - [Times of India] Article: https://timesofindia.indiatimes.com/world/us-streamers/how-old-are-tenz-and-kyedae-inside-the-valorant-star-and-streamers-long-journey-from-high-school-love-to-breakup/articleshow/128091632.cms
2026-02-09 14:59:44,443 - INFO - [Times of India] Attempt 1/1: Trying with 'selenium_browser' strategy...
2026-02-09 14:59:44,676 - INFO - [The Hindu] Page content loaded.
2026-02-09 14:59:45,269 - INFO - [The Hindu] Success with 'selenium_browser'. Found content (305 words).
2026-02-09 14:59:45,397 - INFO - Saved article: Combined convocation ceremony at Professor Jayashankar Telangana Agricultural University - The Hindu from The Hindu
2026-02-09 14:59:45,840 - INFO - [Times of India] Page content loaded.
2026-02-09 14:59:46,118 - INFO - [Times of India] Success with 'selenium_browser'. Found content (471 words).
2026-02-09 14:59:46,135 - INFO - [The Hindu] Article: https://www.thehindu.com/news/national/kerala/confident-group-md-refutes-reports-of-i-t-dept-harassment/article70611603.ece
2026-02-09 14:59:46,140 - INFO - [The Hindu] Attempt 1/1: Trying with 'selenium_browser' strategy...
2026-02-09 14:59:46,173 - INFO - Duplicate article skipped: How old are TenZ and Kyedae? Inside the Valorant star and streamer’s long journey from high school love to breakup - The Times of India from Times of India
2026-02-09 14:59:46,828 - INFO - [Times of India] Article: https://timesofindia.indiatimes.com/world/us-streamers/everything-is-still-fake-candace-owens-blasts-erika-kirks-tpusa-halftime-event-as-viewership-controversy-explodes/articleshow/128097093.cms
2026-02-09 14:59:46,828 - INFO - [Times of India] Attempt 1/1: Trying with 'selenium_browser' strategy...
2026-02-09 14:59:47,223 - INFO - [The Hindu] Page content loaded.
2026-02-09 14:59:48,128 - INFO - [The Hindu] Success with 'selenium_browser'. Found content (318 words).
2026-02-09 14:59:48,263 - INFO - Saved article: Confident Group MD refutes reports of I-T dept. harassment - The Hindu from The Hindu
2026-02-09 14:59:48,636 - INFO - [Times of India] Page content loaded.
2026-02-09 14:59:48,971 - INFO - [Times of India] Success with 'selenium_browser'. Found content (357 words).
2026-02-09 14:59:49,099 - INFO - Duplicate article skipped: “Everything is still fake”: Candace Owens blasts Erika Kirk’s TPUSA halftime event as viewership controversy explodes - The Times of India from Times of India
2026-02-09 14:59:49,674 - INFO - [The Hindu] Article: https://www.thehindu.com/news/national/telangana/10-year-old-boy-dies-falls-to-death-while-flying-kite-in-katedan/article70611610.ece
2026-02-09 14:59:49,674 - INFO - [The Hindu] Attempt 1/1: Trying with 'selenium_browser' strategy...
2026-02-09 14:59:50,017 - INFO - [Times of India] Article: https://timesofindia.indiatimes.com/world/middle-east/sacred-kaaba-cloth-used-as-carpet-new-epstein-files-image-sparks-outrage-across-muslim-world-after-kiswa-seen-on-jeffrey-epsteins-floor/articleshow/128110348.cms
2026-02-09 14:59:50,017 - INFO - [Times of India] Attempt 1/1: Trying with 'selenium_browser' strategy...
2026-02-09 14:59:50,916 - INFO - [The Hindu] Page content loaded.
2026-02-09 14:59:51,805 - INFO - [The Hindu] Success with 'selenium_browser'. Found content (175 words).
2026-02-09 14:59:51,940 - INFO - Saved article: 10-year-old boy dies falls to death while flying kite in Katedan - The Hindu from The Hindu
2026-02-09 14:59:52,925 - INFO - [Times of India] Page content loaded.
2026-02-09 14:59:53,051 - INFO - [The Hindu] Article: https://www.thehindu.com/news/national/kerala/one-more-held-in-thiruvalla-spa-gang-rape-case/article70611239.ece
2026-02-09 14:59:53,051 - INFO - [The Hindu] Attempt 1/1: Trying with 'selenium_browser' strategy...
2026-02-09 14:59:53,092 - INFO - [Times of India] Success with 'selenium_browser'. Found content (959 words).
2026-02-09 14:59:53,224 - INFO - Duplicate article skipped: Sacred Kaaba cloth used as carpet? New Epstein files image sparks outrage across Muslim world after Kiswa seen on Jeffrey Epstein’s floor - The Times of India from Times of India
2026-02-09 14:59:54,036 - INFO - [The Hindu] Page content loaded.
2026-02-09 14:59:54,560 - INFO - [Times of India] (Thread) Finished. Attempting to shut down its Selenium driver.
2026-02-09 14:59:54,851 - INFO - [The Hindu] Success with 'selenium_browser'. Found content (206 words).
2026-02-09 14:59:54,856 - INFO - [Times of India] (Thread) driver.quit() successful.
2026-02-09 14:59:54,906 - INFO - Saved article: One more held in Thiruvalla spa gang rape case - The Hindu from The Hindu
2026-02-09 14:59:55,610 - INFO - [The Hindu] (Thread) Finished. Attempting to shut down its Selenium driver.
2026-02-09 14:59:55,767 - INFO - [The Hindu] (Thread) driver.quit() successful.
2026-02-09 14:59:55,768 - INFO - Shutting down thread pool (wait=False)...
2026-02-09 14:59:55,768 - INFO - Scraped: 2 BBC, 1 The Guardian, 10 The Hindu, 3 Times of India articles. (Total saved: 16)
2026-02-09 14:59:55,769 - INFO - --- Scraping job finished ---
2026-02-09 14:59:55,774 - INFO - --- Scraper service stopped and database connection closed. ---
2026-02-09 14:59:55,774 - INFO - --- Main thread finished. Forcing process exit to kill zombie threads. ---
