2025-12-21 20:27:44,254 - INFO - Initializing database connection at: news_articles.db
2025-12-21 20:27:44,254 - INFO - --- Scraper service started (CI Mode: Run Once) ---
2025-12-21 20:27:44,254 - INFO - --- Starting new scraping job (Parallel Mode) ---
2025-12-21 20:27:44,254 - INFO - Creating new robust session with 3 retries on 5xx/connection/read errors.
2025-12-21 20:27:44,254 - INFO - Proxy is DISABLED.
2025-12-21 20:27:44,255 - INFO - Starting scrape for BBC RSS feed: http://feeds.bbci.co.uk/news/world/rss.xml
2025-12-21 20:27:44,255 - INFO - [Times of India] (Thread) requires Selenium. Initializing driver...
2025-12-21 20:27:44,255 - INFO - Initializing headless Selenium Chrome driver (using SeleniumManager)...
2025-12-21 20:27:44,255 - INFO - Starting scrape for The Guardian RSS feed: https://www.theguardian.com/world/rss
2025-12-21 20:27:44,256 - INFO - [The Hindu] (Thread) requires Selenium. Initializing driver...
2025-12-21 20:27:44,256 - INFO - Initializing headless Selenium Chrome driver (using SeleniumManager)...
2025-12-21 20:27:44,256 - INFO - Submitted 4 jobs to thread pool. Waiting up to 300s for completion...
2025-12-21 20:27:44,401 - INFO - Found 45 articles in The Guardian RSS feed. Processing up to 10.
2025-12-21 20:27:44,401 - INFO - [The Guardian] Article: https://www.theguardian.com/world/2025/dec/21/more-kidnapped-schoolchildren-freed-in-nigeria
2025-12-21 20:27:44,401 - INFO - [The Guardian] Attempt 1/1: Trying with 'requests_browser' strategy...
2025-12-21 20:27:44,439 - INFO - [The Guardian] Success with 'requests_browser'. Found content (382 words).
2025-12-21 20:27:44,486 - INFO - Saved article: Another 130 kidnapped schoolchildren released in Nigeria | Nigeria | The Guardian from The Guardian
2025-12-21 20:27:44,586 - INFO - Found 28 articles in BBC RSS feed. Processing up to 10.
2025-12-21 20:27:44,586 - INFO - [BBC] Article: https://www.bbc.com/news/articles/cre3l2xq9nzo?at_medium=RSS&at_campaign=rss
2025-12-21 20:27:44,586 - INFO - [BBC] Attempt 1/1: Trying with 'requests_browser' strategy...
2025-12-21 20:27:44,760 - INFO - [BBC] Success with 'requests_browser'. Found content (878 words).
2025-12-21 20:27:44,793 - INFO - Duplicate article skipped: Minute's silence held to remember Bondi Beach attack victims from BBC
2025-12-21 20:27:45,358 - INFO - [The Guardian] Article: https://www.theguardian.com/uk-news/2025/dec/21/manchester-museum-uncover-hidden-histories-africa-hub
2025-12-21 20:27:45,358 - INFO - [The Guardian] Attempt 1/1: Trying with 'requests_browser' strategy...
2025-12-21 20:27:45,390 - INFO - [The Guardian] Success with 'requests_browser'. Found content (542 words).
2025-12-21 20:27:45,425 - INFO - Duplicate article skipped: Manchester Museum seeks help to uncover hidden histories of African collection | Manchester | The Guardian from The Guardian
2025-12-21 20:27:45,706 - INFO - [BBC] Article: https://www.bbc.com/news/articles/cg5m49j14pyo?at_medium=RSS&at_campaign=rss
2025-12-21 20:27:45,706 - INFO - [BBC] Attempt 1/1: Trying with 'requests_browser' strategy...
2025-12-21 20:27:45,753 - INFO - [BBC] Success with 'requests_browser'. Found content (1072 words).
2025-12-21 20:27:45,789 - INFO - Duplicate article skipped: Saudi Arabia: Rights groups condemn new record number of executions in 2025 from BBC
2025-12-21 20:27:46,446 - INFO - [The Guardian] Article: https://www.theguardian.com/global-development/2025/dec/21/sweden-and-germany-slash-aid-budgets-to-focus-on-ukraine-and-defence-spending
2025-12-21 20:27:46,446 - INFO - [The Guardian] Attempt 1/1: Trying with 'requests_browser' strategy...
2025-12-21 20:27:46,479 - INFO - [The Guardian] Success with 'requests_browser'. Found content (721 words).
2025-12-21 20:27:46,514 - INFO - Duplicate article skipped: Sweden and Germany slash aid budgets to focus on Ukraine and defence spending | Global development | The Guardian from The Guardian
2025-12-21 20:27:46,556 - INFO - [BBC] Article: https://www.bbc.com/news/articles/cqjg18xe0wwo?at_medium=RSS&at_campaign=rss
2025-12-21 20:27:46,556 - INFO - [BBC] Attempt 1/1: Trying with 'requests_browser' strategy...
2025-12-21 20:27:46,598 - INFO - [BBC] Success with 'requests_browser'. Found content (468 words).
2025-12-21 20:27:46,635 - INFO - Duplicate article skipped: Israel approves 19 new settlements in occupied West Bank from BBC
2025-12-21 20:27:47,593 - INFO - [The Guardian] Article: https://www.theguardian.com/society/2025/dec/19/hepatitis-b-vaccine-study-guinea-bissau-rfk
2025-12-21 20:27:47,593 - INFO - [The Guardian] Attempt 1/1: Trying with 'requests_browser' strategy...
2025-12-21 20:27:47,630 - INFO - [The Guardian] Success with 'requests_browser'. Found content (1565 words).
2025-12-21 20:27:47,666 - INFO - Duplicate article skipped: US plan for $1.6m hepatitis B vaccine study in Africa called ‘highly unethical’ | Vaccines and immunisation | The Guardian from The Guardian
2025-12-21 20:27:47,929 - INFO - [BBC] Article: https://www.bbc.com/news/articles/c0mpy1ynnzzo?at_medium=RSS&at_campaign=rss
2025-12-21 20:27:47,929 - INFO - [BBC] Attempt 1/1: Trying with 'requests_browser' strategy...
2025-12-21 20:27:47,969 - INFO - [BBC] Success with 'requests_browser'. Found content (530 words).
2025-12-21 20:27:48,005 - INFO - Duplicate article skipped: US seizes vessel in international waters off Venezuela's coast, officials say from BBC
2025-12-21 20:27:48,817 - INFO - [The Guardian] Article: https://www.theguardian.com/global-development/2025/dec/19/colombian-mercenaries-sudan-rsf-us-sanctions-recruited-uk-registered-firms-investigation
2025-12-21 20:27:48,817 - INFO - [The Guardian] Attempt 1/1: Trying with 'requests_browser' strategy...
2025-12-21 20:27:48,857 - INFO - [The Guardian] Success with 'requests_browser'. Found content (1251 words).
2025-12-21 20:27:48,903 - INFO - [BBC] Article: https://www.bbc.com/news/articles/c79xyxdpzrxo?at_medium=RSS&at_campaign=rss
2025-12-21 20:27:48,904 - INFO - [BBC] Attempt 1/1: Trying with 'requests_browser' strategy...
2025-12-21 20:27:48,905 - INFO - Duplicate article skipped: Colombian mercenaries in Sudan ‘recruited by UK-registered firms’ | Conflict and arms | The Guardian from The Guardian
2025-12-21 20:27:48,948 - INFO - [BBC] Success with 'requests_browser'. Found content (611 words).
2025-12-21 20:27:49,013 - INFO - Duplicate article skipped: Bekkersdal shooting: Gunmen kill nine in South Africa tavern attack from BBC
2025-12-21 20:27:49,697 - INFO - [BBC] Article: https://www.bbc.com/news/articles/cm20ppy0rreo?at_medium=RSS&at_campaign=rss
2025-12-21 20:27:49,697 - INFO - [BBC] Attempt 1/1: Trying with 'requests_browser' strategy...
2025-12-21 20:27:49,845 - INFO - [BBC] Success with 'requests_browser'. Found content (2288 words).
2025-12-21 20:27:49,883 - INFO - [The Guardian] Article: https://www.theguardian.com/us-news/2025/dec/20/us-second-merchant-vessel-venezuela
2025-12-21 20:27:49,883 - INFO - [The Guardian] Attempt 1/1: Trying with 'requests_browser' strategy...
2025-12-21 20:27:49,891 - INFO - Duplicate article skipped: How Israel's grassroots hostage families group became a powerful international force from BBC
2025-12-21 20:27:49,925 - INFO - [The Guardian] Success with 'requests_browser'. Found content (911 words).
2025-12-21 20:27:49,962 - INFO - Duplicate article skipped: US intercepts second merchant vessel off coast of Venezuela in international waters | US military | The Guardian from The Guardian
2025-12-21 20:27:50,617 - INFO - [The Guardian] Article: https://www.theguardian.com/us-news/2025/dec/19/trump-venezuela-war
2025-12-21 20:27:50,617 - INFO - [The Guardian] Attempt 1/1: Trying with 'requests_browser' strategy...
2025-12-21 20:27:50,650 - INFO - [The Guardian] Success with 'requests_browser'. Found content (817 words).
2025-12-21 20:27:50,683 - INFO - Duplicate article skipped: Trump and top aides refuse to rule out war with Venezuela | US foreign policy | The Guardian from The Guardian
2025-12-21 20:27:51,205 - INFO - [BBC] Article: https://www.bbc.com/news/articles/c14vy02847vo?at_medium=RSS&at_campaign=rss
2025-12-21 20:27:51,205 - INFO - [BBC] Attempt 1/1: Trying with 'requests_browser' strategy...
2025-12-21 20:27:51,257 - INFO - [BBC] Success with 'requests_browser'. Found content (1233 words).
2025-12-21 20:27:51,295 - INFO - Duplicate article skipped: Survivors are 'nervous and sceptical' about partial Epstein file release from BBC
2025-12-21 20:27:51,352 - INFO - [The Guardian] Article: https://www.theguardian.com/world/2025/dec/19/montreal-grocery-store-santas-elves-robbery
2025-12-21 20:27:51,352 - INFO - [The Guardian] Attempt 1/1: Trying with 'requests_browser' strategy...
2025-12-21 20:27:51,384 - INFO - [The Guardian] Success with 'requests_browser'. Found content (403 words).
2025-12-21 20:27:51,428 - INFO - Duplicate article skipped: Santas and elves rob Montreal grocery store to ‘give food to the needy’ | Canada | The Guardian from The Guardian
2025-12-21 20:27:52,380 - INFO - Selenium driver initialized successfully.
2025-12-21 20:27:52,380 - INFO - Selenium driver initialized successfully.
2025-12-21 20:27:52,380 - INFO - Starting scrape for The Hindu RSS feed: https://www.thehindu.com/news/national/feeder/default.rss
2025-12-21 20:27:52,380 - INFO - Starting scrape for Times of India RSS feed: https://timesofindia.indiatimes.com/rssfeeds/296589292.cms
2025-12-21 20:27:52,629 - INFO - Found 100 articles in The Hindu RSS feed. Processing up to 10.
2025-12-21 20:27:52,629 - INFO - [The Hindu] Article: https://www.thehindu.com/news/national/haryana/no-injustice-will-be-allowed-against-farmers-chauhan-on-vb-g-ram-g-scheme/article70423885.ece
2025-12-21 20:27:52,629 - INFO - [The Hindu] Attempt 1/1: Trying with 'selenium_browser' strategy...
2025-12-21 20:27:52,764 - INFO - [BBC] Article: https://www.bbc.com/news/articles/c9qe2yln2nlo?at_medium=RSS&at_campaign=rss
2025-12-21 20:27:52,764 - INFO - [BBC] Attempt 1/1: Trying with 'requests_browser' strategy...
2025-12-21 20:27:52,800 - INFO - [BBC] Success with 'requests_browser'. Found content (162 words).
2025-12-21 20:27:52,833 - INFO - Duplicate article skipped: India express train kills seven elephants crossing tracks from BBC
2025-12-21 20:27:52,842 - INFO - Found 20 articles in Times of India RSS feed. Processing up to 10.
2025-12-21 20:27:52,842 - INFO - [Times of India] Article: https://timesofindia.indiatimes.com/world/uk/uk-man-sentenced-to-5-years-in-jail-for-biting-off-a-guests-finger-at-best-friends-wedding/articleshow/126109643.cms
2025-12-21 20:27:52,843 - INFO - [Times of India] Attempt 1/1: Trying with 'selenium_browser' strategy...
2025-12-21 20:27:52,907 - INFO - [The Guardian] Article: https://www.theguardian.com/world/2025/dec/19/colombia-eln-guerrilla-group-attack-military-base
2025-12-21 20:27:52,907 - INFO - [The Guardian] Attempt 1/1: Trying with 'requests_browser' strategy...
2025-12-21 20:27:52,941 - INFO - [The Guardian] Success with 'requests_browser'. Found content (351 words).
2025-12-21 20:27:52,983 - INFO - Duplicate article skipped: Seven Colombian soldiers killed in rebel drone attack on base near Venezuela | Colombia | The Guardian from The Guardian
2025-12-21 20:27:53,443 - INFO - [BBC] Article: https://www.bbc.com/news/articles/clyz01l98vjo?at_medium=RSS&at_campaign=rss
2025-12-21 20:27:53,443 - INFO - [BBC] Attempt 1/1: Trying with 'requests_browser' strategy...
2025-12-21 20:27:53,484 - INFO - [BBC] Success with 'requests_browser'. Found content (316 words).
2025-12-21 20:27:53,530 - INFO - Duplicate article skipped: Comedian Bowen Yang announces he's leaving Saturday Night Live from BBC
2025-12-21 20:27:54,260 - INFO - [The Guardian] Article: https://www.theguardian.com/world/2025/dec/19/i-cant-think-of-a-place-more-pristine-133000-hectares-of-chilean-patagonia-preserved-after-local-fundraising
2025-12-21 20:27:54,260 - INFO - [The Guardian] Attempt 1/1: Trying with 'requests_browser' strategy...
2025-12-21 20:27:54,314 - INFO - [The Guardian] Success with 'requests_browser'. Found content (1210 words).
2025-12-21 20:27:54,373 - INFO - Duplicate article skipped: ‘I can’t think of a place more pristine’: 133,000 hectares of Chilean Patagonia preserved after local fundraising | Chile | The Guardian from The Guardian
2025-12-21 20:27:54,981 - INFO - [BBC] Article: https://www.bbc.com/news/articles/c5y9z0g7lleo?at_medium=RSS&at_campaign=rss
2025-12-21 20:27:54,981 - INFO - [BBC] Attempt 1/1: Trying with 'requests_browser' strategy...
2025-12-21 20:27:55,027 - INFO - [BBC] Success with 'requests_browser'. Found content (441 words).
2025-12-21 20:27:55,077 - INFO - Duplicate article skipped: Blue Origin: Engineer becomes first wheelchair user to go to space from BBC
2025-12-21 20:28:01,525 - INFO - [The Hindu] Page content loaded.
2025-12-21 20:28:01,671 - INFO - [The Hindu] Success with 'selenium_browser'. Found content (260 words).
2025-12-21 20:28:02,003 - INFO - Saved article: No injustice will be allowed against farmers: Chauhan on VB-G RAM G scheme - The Hindu from The Hindu
2025-12-21 20:28:03,190 - INFO - [The Hindu] Article: https://www.thehindu.com/news/national/karnataka/anil-kumble-flags-off-mobile-wildlife-ambulance-in-bengaluru/article70423217.ece
2025-12-21 20:28:03,190 - INFO - [The Hindu] Attempt 1/1: Trying with 'selenium_browser' strategy...
2025-12-21 20:28:08,590 - INFO - [The Hindu] Page content loaded.
2025-12-21 20:28:08,917 - INFO - [The Hindu] Success with 'selenium_browser'. Found content (428 words).
2025-12-21 20:28:09,496 - INFO - Saved article: Anil Kumble flags off mobile wildlife ambulance in Bengaluru - The Hindu from The Hindu
2025-12-21 20:28:10,003 - INFO - [The Hindu] Article: https://www.thehindu.com/news/cities/chennai/book-on-harihara-leela-vilasam-released-in-chennai/article70423540.ece
2025-12-21 20:28:10,003 - INFO - [The Hindu] Attempt 1/1: Trying with 'selenium_browser' strategy...
2025-12-21 20:28:14,532 - INFO - [The Hindu] Page content loaded.
2025-12-21 20:28:14,805 - INFO - [The Hindu] Success with 'selenium_browser'. Found content (238 words).
2025-12-21 20:28:15,026 - INFO - Saved article: Book on Harihara Leela Vilasam released in Chennai - The Hindu from The Hindu
2025-12-21 20:28:15,551 - INFO - [The Hindu] Article: https://www.thehindu.com/news/national/tamil-nadu/pmks-executive-general-council-meeting-to-be-held-on-december-29-says-ramadoss/article70423420.ece
2025-12-21 20:28:15,551 - INFO - [The Hindu] Attempt 1/1: Trying with 'selenium_browser' strategy...
2025-12-21 20:28:18,436 - INFO - [The Hindu] Page content loaded.
2025-12-21 20:28:18,606 - WARNING - [The Hindu] FAILED with 'selenium_browser' (content was too short: 76 words).
2025-12-21 20:28:18,606 - ERROR - [The Hindu] All scrape strategies failed for https://www.thehindu.com/news/national/tamil-nadu/pmks-executive-general-council-meeting-to-be-held-on-december-29-says-ramadoss/article70423420.ece. Falling back to RSS description.
2025-12-21 20:28:18,609 - INFO - Saved article: PMK’s executive, general council meeting to be held on December 29, says Ramadoss from The Hindu
2025-12-21 20:28:19,322 - INFO - [The Hindu] Article: https://www.thehindu.com/news/national/tamil-nadu/sir-in-tn-leads-to-deletion-of-26-lakh-more-women-than-men-from-electoral-rolls/article70423410.ece
2025-12-21 20:28:19,322 - INFO - [The Hindu] Attempt 1/1: Trying with 'selenium_browser' strategy...
2025-12-21 20:28:19,878 - INFO - [The Hindu] Page content loaded.
2025-12-21 20:28:19,962 - INFO - [The Hindu] Success with 'selenium_browser'. Found content (390 words).
2025-12-21 20:28:20,065 - INFO - Duplicate article skipped: SIR in T.N. leads to deletion of 2.6 lakh more women than men from electoral rolls - The Hindu from The Hindu
2025-12-21 20:28:21,263 - INFO - [The Hindu] Article: https://www.thehindu.com/news/national/tamil-nadu/a-gripping-account-from-prison-and-a-powerful-argument-for-reforms/article70422987.ece
2025-12-21 20:28:21,263 - INFO - [The Hindu] Attempt 1/1: Trying with 'selenium_browser' strategy...
2025-12-21 20:28:22,088 - INFO - [The Hindu] Page content loaded.
2025-12-21 20:28:22,222 - INFO - [The Hindu] Success with 'selenium_browser'. Found content (742 words).
2025-12-21 20:28:22,324 - INFO - Duplicate article skipped: A gripping account from prison and a powerful argument for reforms - The Hindu from The Hindu
2025-12-21 20:28:22,954 - INFO - [The Hindu] Article: https://www.thehindu.com/news/national/telangana/kcr-wrote-death-warrant-for-telanganas-projects-revanth-reddy/article70423672.ece
2025-12-21 20:28:22,954 - INFO - [The Hindu] Attempt 1/1: Trying with 'selenium_browser' strategy...
2025-12-21 20:28:24,073 - INFO - [The Hindu] Page content loaded.
2025-12-21 20:28:24,143 - INFO - [The Hindu] Success with 'selenium_browser'. Found content (384 words).
2025-12-21 20:28:24,250 - INFO - Duplicate article skipped: KCR wrote death warrant for Telangana’s projects: Revanth Reddy - The Hindu from The Hindu
2025-12-21 20:28:25,346 - INFO - [The Hindu] Article: https://www.thehindu.com/news/national/president-grants-assent-to-shanti-bill-that-opens-up-nuclear-sector-for-private-participation/article70423767.ece
2025-12-21 20:28:25,346 - INFO - [The Hindu] Attempt 1/1: Trying with 'selenium_browser' strategy...
2025-12-21 20:28:26,309 - INFO - [The Hindu] Page content loaded.
2025-12-21 20:28:26,412 - INFO - [The Hindu] Success with 'selenium_browser'. Found content (166 words).
2025-12-21 20:28:26,507 - INFO - Duplicate article skipped: President grants assent to SHANTI Bill that opens up nuclear sector for private participation - The Hindu from The Hindu
2025-12-21 20:28:27,632 - INFO - [The Hindu] Article: https://www.thehindu.com/videos/watch-centre-rejects-mining-claims-says-aravalli-hills-remain-protected/article70423749.ece
2025-12-21 20:28:27,632 - INFO - [The Hindu] Attempt 1/1: Trying with 'selenium_browser' strategy...
2025-12-21 20:28:28,606 - INFO - [The Hindu] Page content loaded.
2025-12-21 20:28:28,709 - INFO - [The Hindu] Success with 'selenium_browser'. Found content (146 words).
2025-12-21 20:28:28,772 - INFO - Duplicate article skipped: Watch: Centre rejects mining claims, says Aravalli hills remain protected - The Hindu from The Hindu
2025-12-21 20:28:29,304 - INFO - [The Hindu] Article: https://www.thehindu.com/news/national/andhra-pradesh/gazetted-teachers-association-deliberates-on-key-challenges-faced-by-degree-college-faculty/article70423555.ece
2025-12-21 20:28:29,304 - INFO - [The Hindu] Attempt 1/1: Trying with 'selenium_browser' strategy...
2025-12-21 20:28:31,055 - INFO - [The Hindu] Page content loaded.
2025-12-21 20:28:31,529 - INFO - [The Hindu] Success with 'selenium_browser'. Found content (205 words).
2025-12-21 20:28:31,601 - INFO - Duplicate article skipped: Gazetted teachers’ association deliberates on key challenges faced by degree college faculty - The Hindu from The Hindu
2025-12-21 20:28:32,185 - INFO - [The Hindu] (Thread) Finished. Attempting to shut down its Selenium driver.
2025-12-21 20:28:32,327 - INFO - [The Hindu] (Thread) driver.quit() successful.
2025-12-21 20:29:52,943 - ERROR - [Times of India] Request failed for strategy 'selenium_browser' on URL https://timesofindia.indiatimes.com/world/uk/uk-man-sentenced-to-5-years-in-jail-for-biting-off-a-guests-finger-at-best-friends-wedding/articleshow/126109643.cms: HTTPConnectionPool(host='localhost', port=60539): Read timed out. (read timeout=120)
2025-12-21 20:29:52,943 - ERROR - [Times of India] All scrape strategies failed for https://timesofindia.indiatimes.com/world/uk/uk-man-sentenced-to-5-years-in-jail-for-biting-off-a-guests-finger-at-best-friends-wedding/articleshow/126109643.cms. Falling back to RSS description.
2025-12-21 20:29:52,945 - INFO - Saved article: UK man sentenced to 5 years in jail for biting off a guest’s finger at best friend’s wedding from Times of India
2025-12-21 20:29:53,810 - INFO - [Times of India] Article: https://timesofindia.indiatimes.com/world/us/meet-pranita-venkatesh-indian-origin-psychologist-who-just-became-san-carlos-youngest-mayor/articleshow/126109013.cms
2025-12-21 20:29:53,811 - INFO - [Times of India] Attempt 1/1: Trying with 'selenium_browser' strategy...
2025-12-21 20:31:53,906 - ERROR - [Times of India] Request failed for strategy 'selenium_browser' on URL https://timesofindia.indiatimes.com/world/us/meet-pranita-venkatesh-indian-origin-psychologist-who-just-became-san-carlos-youngest-mayor/articleshow/126109013.cms: HTTPConnectionPool(host='localhost', port=60539): Read timed out. (read timeout=120)
2025-12-21 20:31:53,906 - ERROR - [Times of India] All scrape strategies failed for https://timesofindia.indiatimes.com/world/us/meet-pranita-venkatesh-indian-origin-psychologist-who-just-became-san-carlos-youngest-mayor/articleshow/126109013.cms. Falling back to RSS description.
2025-12-21 20:31:53,908 - INFO - Saved article: Meet Pranita Venkatesh: Indian-origin psychologist who just became San Carlos’ youngest mayor from Times of India
2025-12-21 20:31:55,319 - INFO - [Times of India] Article: https://timesofindia.indiatimes.com/world/us/transgenderism-killed-charlie-kirk-maga-commentator-makes-shocking-claim-at-turning-point-usa-event/articleshow/126108083.cms
2025-12-21 20:31:55,319 - INFO - [Times of India] Attempt 1/1: Trying with 'selenium_browser' strategy...
2025-12-21 20:32:44,256 - CRITICAL - --- TIMEOUT: 1 scrape jobs did not complete in 300s. ---
2025-12-21 20:32:44,256 - ERROR - A thread has timed out and will be abandoned.
2025-12-21 20:32:44,256 - INFO - Shutting down thread pool (wait=False)...
2025-12-21 20:32:44,256 - INFO - Scraped: 0 BBC, 4 The Hindu, 1 The Guardian, 1 Timed_Out_Jobs articles. (Total saved: 5)
2025-12-21 20:32:44,256 - INFO - --- Scraping job finished ---
2025-12-21 20:32:44,256 - INFO - --- Scraper service stopped and database connection closed. ---
2025-12-21 20:32:44,256 - INFO - --- Main thread finished. Forcing process exit to kill zombie threads. ---
