2025-11-26 06:38:21,618 - INFO - Initializing database connection at: news_articles.db
2025-11-26 06:38:21,618 - INFO - --- Scraper service started (CI Mode: Run Once) ---
2025-11-26 06:38:21,618 - INFO - --- Starting new scraping job (Parallel Mode) ---
2025-11-26 06:38:21,618 - INFO - Creating new robust session with 3 retries on 5xx/connection/read errors.
2025-11-26 06:38:21,618 - INFO - Proxy is DISABLED.
2025-11-26 06:38:21,619 - INFO - Starting scrape for BBC RSS feed: http://feeds.bbci.co.uk/news/world/rss.xml
2025-11-26 06:38:21,619 - INFO - [Times of India] (Thread) requires Selenium. Initializing driver...
2025-11-26 06:38:21,619 - INFO - Initializing headless Selenium Chrome driver (using SeleniumManager)...
2025-11-26 06:38:21,619 - INFO - Starting scrape for The Guardian RSS feed: https://www.theguardian.com/world/rss
2025-11-26 06:38:21,620 - INFO - [The Hindu] (Thread) requires Selenium. Initializing driver...
2025-11-26 06:38:21,620 - INFO - Initializing headless Selenium Chrome driver (using SeleniumManager)...
2025-11-26 06:38:21,620 - INFO - Submitted 4 jobs to thread pool. Waiting up to 300s for completion...
2025-11-26 06:38:21,802 - INFO - Found 30 articles in BBC RSS feed. Processing up to 10.
2025-11-26 06:38:21,802 - INFO - [BBC] Article: https://www.bbc.com/news/articles/cy95jvw57v2o?at_medium=RSS&at_campaign=rss
2025-11-26 06:38:21,802 - INFO - [BBC] Attempt 1/1: Trying with 'requests_browser' strategy...
2025-11-26 06:38:21,835 - INFO - Found 45 articles in The Guardian RSS feed. Processing up to 10.
2025-11-26 06:38:21,835 - INFO - [The Guardian] Article: https://www.theguardian.com/world/2025/nov/25/nigerian-schoolgirls-rescued-after-mass-abduction-in-kebbi
2025-11-26 06:38:21,835 - INFO - [The Guardian] Attempt 1/1: Trying with 'requests_browser' strategy...
2025-11-26 06:38:21,878 - INFO - [The Guardian] Success with 'requests_browser'. Found content (515 words).
2025-11-26 06:38:21,922 - INFO - Duplicate article skipped: Nigerian schoolgirls rescued after mass abduction in Kebbi | Nigeria | The Guardian from The Guardian
2025-11-26 06:38:22,167 - INFO - [BBC] Success with 'requests_browser'. Found content (1027 words).
2025-11-26 06:38:22,224 - INFO - Duplicate article skipped: Ukraine says 'understanding' reached on US peace plan, as Trump envoy to meet Putin from BBC
2025-11-26 06:38:22,473 - INFO - [The Guardian] Article: https://www.theguardian.com/world/2025/nov/25/jacob-zuma-daughter-accused-tricking-men-fighting-for-russia-in-ukraine
2025-11-26 06:38:22,473 - INFO - [The Guardian] Attempt 1/1: Trying with 'requests_browser' strategy...
2025-11-26 06:38:22,509 - INFO - [The Guardian] Success with 'requests_browser'. Found content (656 words).
2025-11-26 06:38:22,555 - INFO - Duplicate article skipped: Jacob Zuma’s daughter accused of tricking men into fighting for Russia in Ukraine | South Africa | The Guardian from The Guardian
2025-11-26 06:38:23,233 - INFO - [BBC] Article: https://www.bbc.com/news/articles/c1dzp050yn2o?at_medium=RSS&at_campaign=rss
2025-11-26 06:38:23,234 - INFO - [BBC] Attempt 1/1: Trying with 'requests_browser' strategy...
2025-11-26 06:38:23,275 - INFO - [BBC] Success with 'requests_browser'. Found content (1214 words).
2025-11-26 06:38:23,312 - INFO - Duplicate article skipped: Italian parliament unanimously votes to make femicide a crime from BBC
2025-11-26 06:38:23,518 - INFO - [The Guardian] Article: https://www.theguardian.com/uk-news/2025/nov/24/uk-rejects-nigerian-request-to-deport-former-politican-ike-ekweremadu-jailed-for-organ-trafficking
2025-11-26 06:38:23,519 - INFO - [The Guardian] Attempt 1/1: Trying with 'requests_browser' strategy...
2025-11-26 06:38:23,546 - INFO - [The Guardian] Success with 'requests_browser'. Found content (545 words).
2025-11-26 06:38:23,578 - INFO - Duplicate article skipped: UK rejects Nigerian request to deport former politican jailed for organ trafficking | UK news | The Guardian from The Guardian
2025-11-26 06:38:24,144 - INFO - [BBC] Article: https://www.bbc.com/news/articles/crmx7x3yjyko?at_medium=RSS&at_campaign=rss
2025-11-26 06:38:24,144 - INFO - [BBC] Attempt 1/1: Trying with 'requests_browser' strategy...
2025-11-26 06:38:24,194 - INFO - [BBC] Success with 'requests_browser'. Found content (1927 words).
2025-11-26 06:38:24,233 - INFO - Duplicate article skipped: Russia's Wagner group accused of killing civilians in cold-blood in Mali from BBC
2025-11-26 06:38:24,665 - INFO - [The Guardian] Article: https://www.theguardian.com/world/2025/nov/24/ethiopian-volcano-hayli-gubbi-erupts-first-time-12000-years
2025-11-26 06:38:24,665 - INFO - [The Guardian] Attempt 1/1: Trying with 'requests_browser' strategy...
2025-11-26 06:38:24,694 - INFO - [The Guardian] Success with 'requests_browser'. Found content (306 words).
2025-11-26 06:38:24,730 - INFO - Duplicate article skipped: Ethiopian volcano erupts for first time in 12,000 years | Ethiopia | The Guardian from The Guardian
2025-11-26 06:38:24,876 - INFO - [BBC] Article: https://www.bbc.com/news/articles/cgmnv3yd28zo?at_medium=RSS&at_campaign=rss
2025-11-26 06:38:24,876 - INFO - [BBC] Attempt 1/1: Trying with 'requests_browser' strategy...
2025-11-26 06:38:24,907 - INFO - [BBC] Success with 'requests_browser'. Found content (397 words).
2025-11-26 06:38:24,946 - INFO - Saved article: Twenty-four Nigerian schoolgirls released over a week after abduction from BBC
2025-11-26 06:38:25,728 - INFO - [The Guardian] Article: https://www.theguardian.com/world/2025/nov/23/cyril-ramaphosa-gavel-g20-summit-us-handover
2025-11-26 06:38:25,728 - INFO - [The Guardian] Attempt 1/1: Trying with 'requests_browser' strategy...
2025-11-26 06:38:25,761 - INFO - [The Guardian] Success with 'requests_browser'. Found content (520 words).
2025-11-26 06:38:25,805 - INFO - Duplicate article skipped: Cyril Ramaphosa closes G20 summit after US boycott and handover row | G20 | The Guardian from The Guardian
2025-11-26 06:38:26,186 - INFO - [BBC] Article: https://www.bbc.com/news/articles/cp84xed0g18o?at_medium=RSS&at_campaign=rss
2025-11-26 06:38:26,186 - INFO - [BBC] Attempt 1/1: Trying with 'requests_browser' strategy...
2025-11-26 06:38:26,246 - INFO - [BBC] Success with 'requests_browser'. Found content (500 words).
2025-11-26 06:38:26,279 - INFO - Duplicate article skipped: New Zealand 'suitcase murders': Woman gets life in prison for killing her two children from BBC
2025-11-26 06:38:26,707 - INFO - [The Guardian] Article: https://www.theguardian.com/world/2025/nov/25/jair-bolsonaro-brazil-prison
2025-11-26 06:38:26,707 - INFO - [The Guardian] Attempt 1/1: Trying with 'requests_browser' strategy...
2025-11-26 06:38:26,736 - INFO - [The Guardian] Success with 'requests_browser'. Found content (877 words).
2025-11-26 06:38:26,775 - INFO - Duplicate article skipped: Jair Bolsonaro ordered to start 27-year prison term for plotting Brazil coup | Jair Bolsonaro | The Guardian from The Guardian
2025-11-26 06:38:27,711 - INFO - [BBC] Article: https://www.bbc.com/news/articles/ckg97wx144jo?at_medium=RSS&at_campaign=rss
2025-11-26 06:38:27,711 - INFO - [BBC] Attempt 1/1: Trying with 'requests_browser' strategy...
2025-11-26 06:38:27,739 - INFO - [The Guardian] Article: https://www.theguardian.com/world/2025/nov/25/uk-accused-of-caving-in-to-british-virgin-islands-over-access-to-company-register
2025-11-26 06:38:27,739 - INFO - [The Guardian] Attempt 1/1: Trying with 'requests_browser' strategy...
2025-11-26 06:38:27,746 - INFO - [BBC] Success with 'requests_browser'. Found content (477 words).
2025-11-26 06:38:27,782 - INFO - Duplicate article skipped: South East Asia floods: Scores killed and thousands evacuated from record rainfall from BBC
2025-11-26 06:38:27,803 - INFO - [The Guardian] Success with 'requests_browser'. Found content (566 words).
2025-11-26 06:38:27,840 - INFO - Duplicate article skipped: UK accused of caving-in to British Virgin Islands over access to companies register | British Virgin Islands | The Guardian from The Guardian
2025-11-26 06:38:28,708 - INFO - [BBC] Article: https://www.bbc.com/news/articles/c30jp1m43p5o?at_medium=RSS&at_campaign=rss
2025-11-26 06:38:28,708 - INFO - [BBC] Attempt 1/1: Trying with 'requests_browser' strategy...
2025-11-26 06:38:28,746 - INFO - [BBC] Success with 'requests_browser'. Found content (841 words).
2025-11-26 06:38:28,785 - INFO - Saved article: Palestinian-US teen held by Israel for nine months without charge due in court from BBC
2025-11-26 06:38:29,325 - INFO - [The Guardian] Article: https://www.theguardian.com/world/2025/nov/25/canadian-author-thomas-king-not-indigenous-cherokee-inconvenient-indian
2025-11-26 06:38:29,325 - INFO - [The Guardian] Attempt 1/1: Trying with 'requests_browser' strategy...
2025-11-26 06:38:29,357 - INFO - [The Guardian] Success with 'requests_browser'. Found content (541 words).
2025-11-26 06:38:29,401 - INFO - Duplicate article skipped: Canada: ‘Inconvenient Indian’ author Thomas King says he is not Indigenous | Canada | The Guardian from The Guardian
2025-11-26 06:38:29,576 - INFO - [BBC] Article: https://www.bbc.com/news/articles/ckgl0jv7y61o?at_medium=RSS&at_campaign=rss
2025-11-26 06:38:29,576 - INFO - [BBC] Attempt 1/1: Trying with 'requests_browser' strategy...
2025-11-26 06:38:29,609 - INFO - [BBC] Success with 'requests_browser'. Found content (329 words).
2025-11-26 06:38:29,642 - INFO - Saved article: Robert Irwin wins Dancing with the Stars, a decade after sister's victory from BBC
2025-11-26 06:38:30,124 - INFO - [The Guardian] Article: https://www.theguardian.com/us-news/live/2025/nov/24/us-politics-trump-venezuela-marjorie-tayor-greene-latest-updates
2025-11-26 06:38:30,124 - INFO - [The Guardian] Attempt 1/1: Trying with 'requests_browser' strategy...
2025-11-26 06:38:30,127 - INFO - Selenium driver initialized successfully.
2025-11-26 06:38:30,128 - INFO - Starting scrape for The Hindu RSS feed: https://www.thehindu.com/news/national/feeder/default.rss
2025-11-26 06:38:30,129 - INFO - Selenium driver initialized successfully.
2025-11-26 06:38:30,129 - INFO - Starting scrape for Times of India RSS feed: https://timesofindia.indiatimes.com/rssfeeds/296589292.cms
2025-11-26 06:38:30,364 - INFO - [BBC] Article: https://www.bbc.com/news/articles/c997r8pyyz4o?at_medium=RSS&at_campaign=rss
2025-11-26 06:38:30,369 - INFO - [BBC] Attempt 1/1: Trying with 'requests_browser' strategy...
2025-11-26 06:38:30,406 - INFO - [The Guardian] Success with 'requests_browser'. Found content (3832 words).
2025-11-26 06:38:30,508 - INFO - Duplicate article skipped: Cases against Comey and James tossed, Pentagon investigating US senator and Turning Point USA looks to 2028 – as it happened | Trump administration | The Guardian from The Guardian
2025-11-26 06:38:30,523 - INFO - Found 20 articles in Times of India RSS feed. Processing up to 10.
2025-11-26 06:38:30,523 - INFO - [Times of India] Article: https://timesofindia.indiatimes.com/world/rest-of-world/prison-sentence-begins-brazil-ex-president-starts-27-year-jail-term-bolsonaro-kept-in-secure-police-quarters/articleshow/125580330.cms
2025-11-26 06:38:30,523 - INFO - [Times of India] Attempt 1/1: Trying with 'selenium_browser' strategy...
2025-11-26 06:38:30,539 - INFO - Found 100 articles in The Hindu RSS feed. Processing up to 10.
2025-11-26 06:38:30,539 - INFO - [The Hindu] Article: https://www.thehindu.com/news/national/karnataka/karnataka-tech-start-up-funding-in-first-nine-months-of-2025-sees-40-drop-from-previous-year-report/article70324703.ece
2025-11-26 06:38:30,539 - INFO - [The Hindu] Attempt 1/1: Trying with 'selenium_browser' strategy...
2025-11-26 06:38:30,554 - INFO - [BBC] Success with 'requests_browser'. Found content (308 words).
2025-11-26 06:38:30,605 - INFO - Duplicate article skipped: Parking inspector and wife arrested for €1m meter theft from BBC
2025-11-26 06:38:31,246 - INFO - [The Guardian] Article: https://www.theguardian.com/world/2025/nov/24/canada-grizzly-bear-attack-search
2025-11-26 06:38:31,246 - INFO - [The Guardian] Attempt 1/1: Trying with 'requests_browser' strategy...
2025-11-26 06:38:31,278 - INFO - [The Guardian] Success with 'requests_browser'. Found content (852 words).
2025-11-26 06:38:31,336 - INFO - Duplicate article skipped: Grizzly bear that attacked children and teachers in Canada still eludes searchers | Canada | The Guardian from The Guardian
2025-11-26 06:38:31,458 - INFO - [BBC] Article: https://www.bbc.com/news/articles/cr4dl19npv5o?at_medium=RSS&at_campaign=rss
2025-11-26 06:38:31,458 - INFO - [BBC] Attempt 1/1: Trying with 'requests_browser' strategy...
2025-11-26 06:38:31,508 - INFO - [BBC] Success with 'requests_browser'. Found content (398 words).
2025-11-26 06:38:31,573 - INFO - Duplicate article skipped: Brazil: Bolsonaro ordered to start serving 27-year prison sentence for coup plot from BBC
2025-11-26 06:38:32,570 - INFO - [The Hindu] Page content loaded.
2025-11-26 06:38:32,621 - INFO - [The Hindu] Success with 'selenium_browser'. Found content (481 words).
2025-11-26 06:38:32,911 - INFO - Saved article: 40% drop in tech start-up funding in Karnataka in first 9 minths of 2025: Report - The Hindu from The Hindu
2025-11-26 06:38:34,365 - INFO - [The Hindu] Article: https://www.thehindu.com/entertainment/music/former-indian-diplomat-nirupama-rao-reflects-on-music-as-the-last-form-of-diplomacy/article70320753.ece
2025-11-26 06:38:34,365 - INFO - [The Hindu] Attempt 1/1: Trying with 'selenium_browser' strategy...
2025-11-26 06:38:36,588 - INFO - [The Hindu] Page content loaded.
2025-11-26 06:38:36,665 - INFO - [The Hindu] Success with 'selenium_browser'. Found content (698 words).
2025-11-26 06:38:36,759 - INFO - Saved article: Former Indian diplomat Nirupama Rao reflects on music as the last form of diplomacy - The Hindu from The Hindu
2025-11-26 06:38:38,112 - INFO - [The Hindu] Article: https://www.thehindu.com/news/national/madhya-pradesh/madhya-pradesh-court-orders-confiscation-of-71-lakh-assets-of-panchayat-employee/article70324705.ece
2025-11-26 06:38:38,112 - INFO - [The Hindu] Attempt 1/1: Trying with 'selenium_browser' strategy...
2025-11-26 06:38:50,262 - INFO - [Times of India] Page content loaded.
2025-11-26 06:38:51,355 - INFO - [Times of India] Success with 'selenium_browser'. Found content (430 words).
2025-11-26 06:38:52,365 - INFO - Saved article: Prison sentence begins: Brazil ex-president starts 27-year jail term; Bolsonaro kept in secure police quarters - The Times of India from Times of India
2025-11-26 06:38:53,663 - INFO - [Times of India] Article: https://timesofindia.indiatimes.com/world/us/illegal-immigrant-stole-dhs-secretary-kristi-noems-handbag-chile-man-pleads-guilty-faces-deportation/articleshow/125579869.cms
2025-11-26 06:38:53,663 - INFO - [Times of India] Attempt 1/1: Trying with 'selenium_browser' strategy...
2025-11-26 06:39:38,139 - ERROR - [The Hindu] Request failed for strategy 'selenium_browser' on URL https://www.thehindu.com/news/national/madhya-pradesh/madhya-pradesh-court-orders-confiscation-of-71-lakh-assets-of-panchayat-employee/article70324705.ece: Message: timeout: Timed out receiving message from renderer: 57.088
  (Session info: chrome=142.0.7444.162)
Stacktrace:
#0 0x5634a72b732a <unknown>
#1 0x5634a6d03e4b <unknown>
#2 0x5634a6cebe0d <unknown>
#3 0x5634a6cebaf0 <unknown>
#4 0x5634a6ce98ff <unknown>
#5 0x5634a6cea27f <unknown>
#6 0x5634a6cf8ca3 <unknown>
#7 0x5634a6d12601 <unknown>
#8 0x5634a6d18e0b <unknown>
#9 0x5634a6cea9bd <unknown>
#10 0x5634a6d123a7 <unknown>
#11 0x5634a6da3170 <unknown>
#12 0x5634a6d48c1a <unknown>
#13 0x5634a6d49921 <unknown>
#14 0x5634a727e239 <unknown>
#15 0x5634a72811e8 <unknown>
#16 0x5634a72674c9 <unknown>
#17 0x5634a7281db5 <unknown>
#18 0x5634a724ee93 <unknown>
#19 0x5634a72a4098 <unknown>
#20 0x5634a72a4273 <unknown>
#21 0x5634a72b62c3 <unknown>
#22 0x7f4c7349caa4 <unknown>
#23 0x7f4c73529c6c <unknown>

2025-11-26 06:39:38,139 - ERROR - [The Hindu] All scrape strategies failed for https://www.thehindu.com/news/national/madhya-pradesh/madhya-pradesh-court-orders-confiscation-of-71-lakh-assets-of-panchayat-employee/article70324705.ece. Falling back to RSS description.
2025-11-26 06:39:38,141 - INFO - Saved article: Madhya Pradesh court orders confiscation of ₹71 lakh assets of panchayat employee from The Hindu
2025-11-26 06:39:38,815 - INFO - [The Hindu] Article: https://www.thehindu.com/news/national/sir-hearing-supreme-court-special-intensive-revision-election-commission-live-november-26-2025/article70324435.ece
2025-11-26 06:39:38,815 - INFO - [The Hindu] Attempt 1/1: Trying with 'selenium_browser' strategy...
2025-11-26 06:39:40,049 - INFO - [The Hindu] Page content loaded.
2025-11-26 06:39:40,122 - INFO - [The Hindu] Success with 'selenium_browser'. Found content (247 words).
2025-11-26 06:39:40,185 - INFO - Saved article: Supreme Court hearing on SIR LIVE: SC to continue to hear pleas today - The Hindu from The Hindu
2025-11-26 06:39:41,608 - INFO - [The Hindu] Article: https://www.thehindu.com/news/national/pm-hm-subverting-constitutional-principles-in-calculated-manner-congresss-ramesh/article70324648.ece
2025-11-26 06:39:41,608 - INFO - [The Hindu] Attempt 1/1: Trying with 'selenium_browser' strategy...
2025-11-26 06:39:42,572 - INFO - [The Hindu] Page content loaded.
2025-11-26 06:39:42,621 - INFO - [The Hindu] Success with 'selenium_browser'. Found content (567 words).
2025-11-26 06:39:42,673 - INFO - Saved article: PM, HM subverting constitutional principles in calculated manner: Congress's Ramesh - The Hindu from The Hindu
2025-11-26 06:39:44,027 - INFO - [The Hindu] Article: https://www.thehindu.com/news/cities/Delhi/delhi-air-quality-aqi-november-26-2025/article70324503.ece
2025-11-26 06:39:44,027 - INFO - [The Hindu] Attempt 1/1: Trying with 'selenium_browser' strategy...
2025-11-26 06:39:44,799 - INFO - [The Hindu] Page content loaded.
2025-11-26 06:39:44,844 - INFO - [The Hindu] Success with 'selenium_browser'. Found content (155 words).
2025-11-26 06:39:44,897 - INFO - Saved article: Delhi-NCR air pollution: AQI at 335 as air quality stays in ‘very poor’ category - The Hindu from The Hindu
2025-11-26 06:39:46,145 - INFO - [The Hindu] Article: https://www.thehindu.com/news/national/karnataka/karnataka-minister-kj-george-promises-uninterrupted-power-supply-during-coming-summer/article70322348.ece
2025-11-26 06:39:46,145 - INFO - [The Hindu] Attempt 1/1: Trying with 'selenium_browser' strategy...
2025-11-26 06:39:47,127 - INFO - [The Hindu] Page content loaded.
2025-11-26 06:39:47,173 - INFO - [The Hindu] Success with 'selenium_browser'. Found content (397 words).
2025-11-26 06:39:47,222 - INFO - Saved article: Karnataka can expect uninterrupted power supply during coming summer: Minister - The Hindu from The Hindu
2025-11-26 06:39:48,000 - INFO - [The Hindu] Article: https://www.thehindu.com/news/national/constitutional-duties-are-foundation-for-strong-democracy-pm-modi-inletter-to-citizens-on-constitution-day/article70324538.ece
2025-11-26 06:39:48,000 - INFO - [The Hindu] Attempt 1/1: Trying with 'selenium_browser' strategy...
2025-11-26 06:39:48,885 - INFO - [The Hindu] Page content loaded.
2025-11-26 06:39:48,932 - INFO - [The Hindu] Success with 'selenium_browser'. Found content (527 words).
2025-11-26 06:39:48,982 - INFO - Saved article: Constitutional duties are foundation for strong democracy: PM Modi in letter to citizens on Constitution Day - The Hindu from The Hindu
2025-11-26 06:39:50,369 - INFO - [The Hindu] Article: https://www.thehindu.com/news/national/karnataka/45-lakh-illegal-farm-pumpsets-identified-in-karnataka-for-regularisation-says-minister/article70322555.ece
2025-11-26 06:39:50,369 - INFO - [The Hindu] Attempt 1/1: Trying with 'selenium_browser' strategy...
2025-11-26 06:39:51,095 - INFO - [The Hindu] Page content loaded.
2025-11-26 06:39:51,144 - INFO - [The Hindu] Success with 'selenium_browser'. Found content (454 words).
2025-11-26 06:39:51,200 - INFO - Saved article: 4.5 lakh illegal farm pumpsets identified in Karnataka for regularisation: Minister - The Hindu from The Hindu
2025-11-26 06:39:52,449 - INFO - [The Hindu] Article: https://www.thehindu.com/news/national/2611-attack-november-26-2025-droupadi-murmu/article70324472.ece
2025-11-26 06:39:52,449 - INFO - [The Hindu] Attempt 1/1: Trying with 'selenium_browser' strategy...
2025-11-26 06:39:54,458 - INFO - [The Hindu] Page content loaded.
2025-11-26 06:39:54,503 - INFO - [The Hindu] Success with 'selenium_browser'. Found content (161 words).
2025-11-26 06:39:54,589 - INFO - Duplicate article skipped: Mumbai 26/11 attack anniversary: ‘Let’s reaffirm commitment to combat terrorism in all forms,’ says President Droupadi Murmu - The Hindu from The Hindu
2025-11-26 06:39:55,662 - INFO - [The Hindu] (Thread) Finished. Attempting to shut down its Selenium driver.
2025-11-26 06:39:55,837 - INFO - [The Hindu] (Thread) driver.quit() successful.
2025-11-26 06:40:53,721 - ERROR - [Times of India] Request failed for strategy 'selenium_browser' on URL https://timesofindia.indiatimes.com/world/us/illegal-immigrant-stole-dhs-secretary-kristi-noems-handbag-chile-man-pleads-guilty-faces-deportation/articleshow/125579869.cms: HTTPConnectionPool(host='localhost', port=41465): Read timed out. (read timeout=120)
2025-11-26 06:40:53,721 - ERROR - [Times of India] All scrape strategies failed for https://timesofindia.indiatimes.com/world/us/illegal-immigrant-stole-dhs-secretary-kristi-noems-handbag-chile-man-pleads-guilty-faces-deportation/articleshow/125579869.cms. Falling back to RSS description.
2025-11-26 06:40:53,724 - INFO - Saved article: 'Illegal immigrant’ stole DHS secretary Noem’s handbag: Chile man pleads guilty; faces deportation from Times of India
2025-11-26 06:40:55,013 - INFO - [Times of India] Article: https://timesofindia.indiatimes.com/world/middle-east/watch-israeli-teenager-hangs-on-crane-for-8-hours-claims-he-climbed-to-see-the-view/articleshow/125579374.cms
2025-11-26 06:40:55,014 - INFO - [Times of India] Attempt 1/1: Trying with 'selenium_browser' strategy...
2025-11-26 06:42:55,115 - ERROR - [Times of India] Request failed for strategy 'selenium_browser' on URL https://timesofindia.indiatimes.com/world/middle-east/watch-israeli-teenager-hangs-on-crane-for-8-hours-claims-he-climbed-to-see-the-view/articleshow/125579374.cms: HTTPConnectionPool(host='localhost', port=41465): Read timed out. (read timeout=120)
2025-11-26 06:42:55,115 - ERROR - [Times of India] All scrape strategies failed for https://timesofindia.indiatimes.com/world/middle-east/watch-israeli-teenager-hangs-on-crane-for-8-hours-claims-he-climbed-to-see-the-view/articleshow/125579374.cms. Falling back to RSS description.
2025-11-26 06:42:55,117 - INFO - Saved article: Watch: Israeli teenager hangs on crane for 8 hours; claims he climbed to 'see the view' from Times of India
2025-11-26 06:42:55,667 - INFO - [Times of India] Article: https://timesofindia.indiatimes.com/world/us/japan-china-tensions-pm-sanae-takaichi-speaks-to-donald-trump-follows-us-presidents-phone-call-with-xi/articleshow/125579244.cms
2025-11-26 06:42:55,667 - INFO - [Times of India] Attempt 1/1: Trying with 'selenium_browser' strategy...
2025-11-26 06:43:21,620 - CRITICAL - --- TIMEOUT: 1 scrape jobs did not complete in 300s. ---
2025-11-26 06:43:21,621 - ERROR - A thread has timed out and will be abandoned.
2025-11-26 06:43:21,621 - INFO - Shutting down thread pool (wait=False)...
2025-11-26 06:43:21,621 - INFO - Scraped: 0 The Guardian, 9 The Hindu, 3 BBC, 1 Timed_Out_Jobs articles. (Total saved: 12)
2025-11-26 06:43:21,621 - INFO - --- Scraping job finished ---
2025-11-26 06:43:21,621 - INFO - --- Scraper service stopped and database connection closed. ---
2025-11-26 06:43:21,621 - INFO - --- Main thread finished. Forcing process exit to kill zombie threads. ---
