2026-02-13 18:59:12,961 - INFO - Initializing database connection at: news_articles.db
2026-02-13 18:59:12,962 - INFO - --- Scraper service started (CI Mode: Run Once) ---
2026-02-13 18:59:12,962 - INFO - --- Starting new scraping job (Parallel Mode) ---
2026-02-13 18:59:12,962 - INFO - Creating new robust session with 3 retries on 5xx/connection/read errors.
2026-02-13 18:59:12,962 - INFO - Proxy is DISABLED.
2026-02-13 18:59:12,962 - INFO - Starting scrape for BBC RSS feed: http://feeds.bbci.co.uk/news/world/rss.xml
2026-02-13 18:59:12,962 - INFO - [Times of India] (Thread) requires Selenium. Initializing driver...
2026-02-13 18:59:12,963 - INFO - Initializing headless Selenium Chrome driver (using SeleniumManager)...
2026-02-13 18:59:12,963 - INFO - Starting scrape for The Guardian RSS feed: https://www.theguardian.com/world/rss
2026-02-13 18:59:12,966 - INFO - [The Hindu] (Thread) requires Selenium. Initializing driver...
2026-02-13 18:59:12,966 - INFO - Initializing headless Selenium Chrome driver (using SeleniumManager)...
2026-02-13 18:59:12,968 - INFO - Submitted 4 jobs to thread pool. Waiting up to 300s for completion...
2026-02-13 18:59:13,043 - INFO - Found 45 articles in The Guardian RSS feed. Processing up to 10.
2026-02-13 18:59:13,044 - INFO - [The Guardian] Article: https://www.theguardian.com/world/2026/feb/09/deaths-migrant-boat-capsizes-mediterranean-libya
2026-02-13 18:59:13,044 - INFO - [The Guardian] Attempt 1/1: Trying with 'requests_browser' strategy...
2026-02-13 18:59:13,080 - INFO - [The Guardian] Success with 'requests_browser'. Found content (367 words).
2026-02-13 18:59:13,125 - INFO - Duplicate article skipped: 53 people dead or missing after migrant boat capsizes in Mediterranean | Migration | The Guardian from The Guardian
2026-02-13 18:59:13,478 - INFO - Found 26 articles in BBC RSS feed. Processing up to 10.
2026-02-13 18:59:13,479 - INFO - [BBC] Article: https://www.bbc.com/news/articles/cy4wpv0wx43o?at_medium=RSS&at_campaign=rss
2026-02-13 18:59:13,479 - INFO - [BBC] Attempt 1/1: Trying with 'requests_browser' strategy...
2026-02-13 18:59:13,608 - INFO - [BBC] Success with 'requests_browser'. Found content (704 words).
2026-02-13 18:59:13,648 - INFO - Duplicate article skipped: World's rules-based order 'no longer exists', Germany's Merz warns from BBC
2026-02-13 18:59:13,720 - INFO - [The Guardian] Article: https://www.theguardian.com/music/2026/feb/09/ebo-taylor-ghanaian-highlife-pioneer-dies-age-90
2026-02-13 18:59:13,720 - INFO - [The Guardian] Attempt 1/1: Trying with 'requests_browser' strategy...
2026-02-13 18:59:13,743 - INFO - [The Guardian] Success with 'requests_browser'. Found content (915 words).
2026-02-13 18:59:13,778 - INFO - Duplicate article skipped: Ebo Taylor, Ghanaian highlife pioneer and guitarist, dies age 90 | Music | The Guardian from The Guardian
2026-02-13 18:59:14,480 - INFO - [The Guardian] Article: https://www.theguardian.com/environment/2026/feb/09/weather-tracker-spain-and-portugal-hit-by-third-fatal-storm
2026-02-13 18:59:14,480 - INFO - [The Guardian] Attempt 1/1: Trying with 'requests_browser' strategy...
2026-02-13 18:59:14,513 - INFO - [The Guardian] Success with 'requests_browser'. Found content (391 words).
2026-02-13 18:59:14,555 - INFO - Duplicate article skipped: Weather tracker: Spain and Portugal hit by third deadly storm in two weeks | Flooding | The Guardian from The Guardian
2026-02-13 18:59:14,577 - INFO - [BBC] Article: https://www.bbc.com/news/articles/cgrzwn4yg7jo?at_medium=RSS&at_campaign=rss
2026-02-13 18:59:14,577 - INFO - [BBC] Attempt 1/1: Trying with 'requests_browser' strategy...
2026-02-13 18:59:14,617 - INFO - [BBC] Success with 'requests_browser'. Found content (835 words).
2026-02-13 18:59:14,658 - INFO - Duplicate article skipped: Bangladesh election: BNP sweeps to victory in first vote since Gen Z uprising from BBC
2026-02-13 18:59:15,331 - INFO - [The Guardian] Article: https://www.theguardian.com/world/2026/feb/07/sudan-rsf-drone-attack-rahad-kills-displaced-people
2026-02-13 18:59:15,331 - INFO - [The Guardian] Attempt 1/1: Trying with 'requests_browser' strategy...
2026-02-13 18:59:15,362 - INFO - [The Guardian] Success with 'requests_browser'. Found content (817 words).
2026-02-13 18:59:15,408 - INFO - Duplicate article skipped: RSF drone attack kills 24 people fleeing fighting in central Sudan, says doctors group | Sudan | The Guardian from The Guardian
2026-02-13 18:59:15,792 - INFO - [BBC] Article: https://www.bbc.com/news/articles/cd03ee39945o?at_medium=RSS&at_campaign=rss
2026-02-13 18:59:15,792 - INFO - [BBC] Attempt 1/1: Trying with 'requests_browser' strategy...
2026-02-13 18:59:15,836 - INFO - [BBC] Success with 'requests_browser'. Found content (1173 words).
2026-02-13 18:59:15,884 - INFO - Saved article: Six possible outcomes of Trump's climate policy change from BBC
2026-02-13 18:59:16,780 - INFO - [The Guardian] Article: https://www.theguardian.com/global-development/2026/feb/07/businesses-close-protest-malawi-tax-changes-electronic-invoicing-system
2026-02-13 18:59:16,780 - INFO - [The Guardian] Attempt 1/1: Trying with 'requests_browser' strategy...
2026-02-13 18:59:16,825 - INFO - [BBC] Article: https://www.bbc.com/news/articles/c8758xv4eqeo?at_medium=RSS&at_campaign=rss
2026-02-13 18:59:16,825 - INFO - [BBC] Attempt 1/1: Trying with 'requests_browser' strategy...
2026-02-13 18:59:16,856 - INFO - [BBC] Success with 'requests_browser'. Found content (504 words).
2026-02-13 18:59:16,896 - INFO - Duplicate article skipped: Orban rival Magyar accuses opponents of planning blackmail ahead of Hungarian election from BBC
2026-02-13 18:59:16,911 - INFO - [The Guardian] Success with 'requests_browser'. Found content (591 words).
2026-02-13 18:59:16,969 - INFO - Duplicate article skipped: Thousands of Malawi businesses close in protest over tax changes | Global development | The Guardian from The Guardian
2026-02-13 18:59:17,660 - INFO - [BBC] Article: https://www.bbc.com/news/articles/cnv63q1vpv1o?at_medium=RSS&at_campaign=rss
2026-02-13 18:59:17,660 - INFO - [BBC] Attempt 1/1: Trying with 'requests_browser' strategy...
2026-02-13 18:59:17,726 - INFO - [BBC] Success with 'requests_browser'. Found content (1617 words).
2026-02-13 18:59:17,783 - INFO - Saved article: Who is on helmet that led to Ukrainian athlete's disqualification from Winter Olympics? from BBC
2026-02-13 18:59:18,053 - INFO - [The Guardian] Article: https://www.theguardian.com/world/2026/feb/13/tumbler-ridge-school-shooting-canada-unity-grief
2026-02-13 18:59:18,053 - INFO - [The Guardian] Attempt 1/1: Trying with 'requests_browser' strategy...
2026-02-13 18:59:18,164 - INFO - [The Guardian] Success with 'requests_browser'. Found content (1001 words).
2026-02-13 18:59:18,200 - INFO - Duplicate article skipped: ‘What word is there for this?’ Tumbler Ridge reaches for unity in storm of grief | Canada | The Guardian from The Guardian
2026-02-13 18:59:18,584 - INFO - [BBC] Article: https://www.bbc.com/news/articles/ce82xgd2g3yo?at_medium=RSS&at_campaign=rss
2026-02-13 18:59:18,585 - INFO - [BBC] Attempt 1/1: Trying with 'requests_browser' strategy...
2026-02-13 18:59:18,628 - INFO - [BBC] Success with 'requests_browser'. Found content (1178 words).
2026-02-13 18:59:18,669 - INFO - Duplicate article skipped: Head of Dubai-based ports giant DP World quits after Epstein links revealed from BBC
2026-02-13 18:59:19,208 - INFO - [The Guardian] Article: https://www.theguardian.com/world/2026/feb/13/haiti-winter-olympics-ski-uniform-redesigned-ioc-guidelines
2026-02-13 18:59:19,208 - INFO - [The Guardian] Attempt 1/1: Trying with 'requests_browser' strategy...
2026-02-13 18:59:19,326 - INFO - [The Guardian] Success with 'requests_browser'. Found content (704 words).
2026-02-13 18:59:19,387 - INFO - Duplicate article skipped: Haiti’s Winter Olympics kit redesigned at last minute to fit IOC guidelines | Haiti | The Guardian from The Guardian
2026-02-13 18:59:19,935 - INFO - [BBC] Article: https://www.bbc.com/news/articles/cy57l501v2yo?at_medium=RSS&at_campaign=rss
2026-02-13 18:59:19,935 - INFO - [BBC] Attempt 1/1: Trying with 'requests_browser' strategy...
2026-02-13 18:59:19,971 - INFO - [BBC] Success with 'requests_browser'. Found content (619 words).
2026-02-13 18:59:20,012 - INFO - Saved article: Kathryn Ruemmler: Top Goldman Sachs lawyer who called Epstein 'Uncle Jeffrey' resigns from BBC
2026-02-13 18:59:20,054 - INFO - Selenium driver initialized successfully.
2026-02-13 18:59:20,054 - INFO - Starting scrape for Times of India RSS feed: https://timesofindia.indiatimes.com/rssfeeds/296589292.cms
2026-02-13 18:59:20,055 - INFO - Selenium driver initialized successfully.
2026-02-13 18:59:20,055 - INFO - Starting scrape for The Hindu RSS feed: https://www.thehindu.com/news/national/feeder/default.rss
2026-02-13 18:59:20,241 - INFO - Found 100 articles in The Hindu RSS feed. Processing up to 10.
2026-02-13 18:59:20,241 - INFO - [The Hindu] Article: https://www.thehindu.com/news/national/karnataka/ksrtc-operates-special-weekend-tours-to-gaganachukki-chikka-tirupati-melukote/article70629599.ece
2026-02-13 18:59:20,241 - INFO - [The Hindu] Attempt 1/1: Trying with 'selenium_browser' strategy...
2026-02-13 18:59:20,247 - INFO - Found 20 articles in Times of India RSS feed. Processing up to 10.
2026-02-13 18:59:20,247 - INFO - [Times of India] Article: https://timesofindia.indiatimes.com/world/us-streamers/what-happened-to-influencer-clavicular-at-arizona-state-university-fashion-show-that-led-to-framemogging-trend/articleshow/128319229.cms
2026-02-13 18:59:20,247 - INFO - [Times of India] Attempt 1/1: Trying with 'selenium_browser' strategy...
2026-02-13 18:59:20,538 - INFO - [The Guardian] Article: https://www.theguardian.com/world/2026/feb/13/canada-school-deaths-suspect-created-shooting-simulator-roblox
2026-02-13 18:59:20,538 - INFO - [The Guardian] Attempt 1/1: Trying with 'requests_browser' strategy...
2026-02-13 18:59:20,568 - INFO - [The Guardian] Success with 'requests_browser'. Found content (431 words).
2026-02-13 18:59:20,614 - INFO - Duplicate article skipped: Canada school deaths suspect created shooting simulator on gaming platform | Tumbler Ridge school shooting | The Guardian from The Guardian
2026-02-13 18:59:20,904 - INFO - [BBC] Article: https://www.bbc.com/news/articles/c7951d1pgewo?at_medium=RSS&at_campaign=rss
2026-02-13 18:59:20,904 - INFO - [BBC] Attempt 1/1: Trying with 'requests_browser' strategy...
2026-02-13 18:59:20,950 - INFO - [BBC] Success with 'requests_browser'. Found content (550 words).
2026-02-13 18:59:20,996 - INFO - Duplicate article skipped: Louvre: Leak damages 19th Century painting in latest setback from BBC
2026-02-13 18:59:21,433 - INFO - [The Guardian] Article: https://www.theguardian.com/world/2026/feb/13/tumbler-ridge-shooting-victims-remembered-canada
2026-02-13 18:59:21,433 - INFO - [The Guardian] Attempt 1/1: Trying with 'requests_browser' strategy...
2026-02-13 18:59:21,468 - INFO - [The Guardian] Success with 'requests_browser'. Found content (776 words).
2026-02-13 18:59:21,544 - INFO - Duplicate article skipped: ‘The tears just keep flowing’: child victims of Tumbler Ridge shooting remembered as Carney heads to join vigil | Tumbler Ridge school shooting | The Guardian from The Guardian
2026-02-13 18:59:22,459 - INFO - [BBC] Article: https://www.bbc.com/news/articles/cpv8nmr97rwo?at_medium=RSS&at_campaign=rss
2026-02-13 18:59:22,460 - INFO - [BBC] Attempt 1/1: Trying with 'requests_browser' strategy...
2026-02-13 18:59:22,606 - INFO - [BBC] Success with 'requests_browser'. Found content (359 words).
2026-02-13 18:59:22,728 - INFO - [The Guardian] Article: https://www.theguardian.com/world/2026/feb/12/police-visited-home-of-tumbler-ridge-suspect-multiple-times-over-mental-health-concerns
2026-02-13 18:59:22,728 - INFO - [The Guardian] Attempt 1/1: Trying with 'requests_browser' strategy...
2026-02-13 18:59:22,773 - INFO - Duplicate article skipped: Hello Kitty designer steps down after 46 years from BBC
2026-02-13 18:59:22,867 - INFO - [The Guardian] Success with 'requests_browser'. Found content (924 words).
2026-02-13 18:59:22,947 - INFO - Duplicate article skipped: Police visited home of Canada school shooting suspect multiple times over mental health concerns | Tumbler Ridge school shooting | The Guardian from The Guardian
2026-02-13 18:59:24,145 - INFO - [BBC] Article: https://www.bbc.com/news/articles/c0q30d20lkqo?at_medium=RSS&at_campaign=rss
2026-02-13 18:59:24,145 - INFO - [BBC] Attempt 1/1: Trying with 'requests_browser' strategy...
2026-02-13 18:59:24,255 - INFO - [BBC] Success with 'requests_browser'. Found content (379 words).
2026-02-13 18:59:24,445 - INFO - Duplicate article skipped: Cyril Ramaphosa orders SANDF to tackle South Africa gang violence in his Sona from BBC
2026-02-13 18:59:24,621 - INFO - [The Hindu] Page content loaded.
2026-02-13 18:59:24,887 - INFO - [The Hindu] Success with 'selenium_browser'. Found content (202 words).
2026-02-13 18:59:25,138 - INFO - Saved article: KSRTC operates special weekend tours to Gaganachukki, Chikka Tirupati, Melukote - The Hindu from The Hindu
2026-02-13 18:59:26,531 - INFO - [The Hindu] Article: https://www.thehindu.com/news/national/tamil-nadu/process-to-appoint-regular-director-general-of-police-for-tamil-nadu-resumes/article70628557.ece
2026-02-13 18:59:26,531 - INFO - [The Hindu] Attempt 1/1: Trying with 'selenium_browser' strategy...
2026-02-13 18:59:29,508 - INFO - [The Hindu] Page content loaded.
2026-02-13 18:59:30,054 - INFO - [The Hindu] Success with 'selenium_browser'. Found content (520 words).
2026-02-13 18:59:30,247 - INFO - Saved article: Process to appoint regular Director-General of Police for Tamil Nadu resumes - The Hindu from The Hindu
2026-02-13 18:59:31,571 - INFO - [The Hindu] Article: https://www.thehindu.com/news/cities/Hyderabad/prison-department-stall-wins-award-at-numaish/article70627968.ece
2026-02-13 18:59:31,571 - INFO - [The Hindu] Attempt 1/1: Trying with 'selenium_browser' strategy...
2026-02-13 18:59:35,614 - INFO - [The Hindu] Page content loaded.
2026-02-13 18:59:35,956 - INFO - [The Hindu] Success with 'selenium_browser'. Found content (198 words).
2026-02-13 18:59:36,422 - INFO - Saved article: Prison Department stall wins award at Numaish - The Hindu from The Hindu
2026-02-13 18:59:37,229 - INFO - [The Hindu] Article: https://www.thehindu.com/news/cities/Hyderabad/rowdy-sheeter-jailed-for-one-month-for-violating-bind-over-conditions/article70629161.ece
2026-02-13 18:59:37,229 - INFO - [The Hindu] Attempt 1/1: Trying with 'selenium_browser' strategy...
2026-02-13 18:59:39,289 - INFO - [The Hindu] Page content loaded.
2026-02-13 18:59:39,347 - INFO - [The Hindu] Success with 'selenium_browser'. Found content (237 words).
2026-02-13 18:59:39,435 - INFO - Saved article: Rowdy sheeter jailed for one month for violating bind-over conditions - The Hindu from The Hindu
2026-02-13 18:59:40,580 - INFO - [The Hindu] Article: https://www.thehindu.com/news/national/eleven-migrants-workers-stranded-in-dubai-returns-to-jharkhand-three-wish-to-stay-back/article70629725.ece
2026-02-13 18:59:40,580 - INFO - [The Hindu] Attempt 1/1: Trying with 'selenium_browser' strategy...
2026-02-13 18:59:42,334 - INFO - [The Hindu] Page content loaded.
2026-02-13 18:59:42,524 - INFO - [The Hindu] Success with 'selenium_browser'. Found content (571 words).
2026-02-13 18:59:42,671 - INFO - Saved article: Eleven migrants workers stranded in Dubai returns to Jharkhand; three wish to stay back - The Hindu from The Hindu
2026-02-13 18:59:43,172 - INFO - [The Hindu] Article: https://www.thehindu.com/news/national/tamil-nadu/chief-minister-mk-stalin-hands-over-appointment-orders-to-9800-new-government-recruits/article70627824.ece
2026-02-13 18:59:43,173 - INFO - [The Hindu] Attempt 1/1: Trying with 'selenium_browser' strategy...
2026-02-13 18:59:47,794 - INFO - [The Hindu] Page content loaded.
2026-02-13 18:59:47,864 - INFO - [The Hindu] Success with 'selenium_browser'. Found content (466 words).
2026-02-13 18:59:47,965 - INFO - Saved article: Chief Minister M.K. Stalin hands over appointment orders to 9,800 new government recruits - The Hindu from The Hindu
2026-02-13 18:59:48,931 - INFO - [The Hindu] Article: https://www.thehindu.com/news/national/karnataka/us-retail-chain-7-eleven-expands-its-only-global-solution-centre-in-the-world-in-bengaluru/article70629388.ece
2026-02-13 18:59:48,931 - INFO - [The Hindu] Attempt 1/1: Trying with 'selenium_browser' strategy...
2026-02-13 18:59:49,996 - INFO - [The Hindu] Page content loaded.
2026-02-13 18:59:50,048 - INFO - [The Hindu] Success with 'selenium_browser'. Found content (288 words).
2026-02-13 18:59:50,134 - INFO - Saved article: U.S. retail chain 7-Eleven expands its only Global Solution Centre in the world in Bengaluru - The Hindu from The Hindu
2026-02-13 18:59:51,108 - INFO - [The Hindu] Article: https://www.thehindu.com/news/national/tamil-nadu/around-75000-participate-in-evm-vvpat-demonstration-across-tamil-nadu/article70626960.ece
2026-02-13 18:59:51,108 - INFO - [The Hindu] Attempt 1/1: Trying with 'selenium_browser' strategy...
2026-02-13 18:59:52,487 - INFO - [The Hindu] Page content loaded.
2026-02-13 18:59:52,556 - INFO - [The Hindu] Success with 'selenium_browser'. Found content (183 words).
2026-02-13 18:59:52,651 - INFO - Saved article: Around 75,000 participate in EVM-VVPAT demonstration across Tamil Nadu - The Hindu from The Hindu
2026-02-13 18:59:53,470 - INFO - [The Hindu] Article: https://www.thehindu.com/news/national/karnataka/malaysia-asks-indian-airlines-to-look-beyond-kuala-lumpur-to-fly-tourists/article70629877.ece
2026-02-13 18:59:53,470 - INFO - [The Hindu] Attempt 1/1: Trying with 'selenium_browser' strategy...
2026-02-13 18:59:54,860 - INFO - [The Hindu] Page content loaded.
2026-02-13 18:59:55,072 - INFO - [The Hindu] Success with 'selenium_browser'. Found content (323 words).
2026-02-13 18:59:55,183 - INFO - Saved article: Malaysia asks Indian airlines to look beyond Kuala Lumpur to fly tourists - The Hindu from The Hindu
2026-02-13 18:59:56,263 - INFO - [The Hindu] Article: https://www.thehindu.com/news/cities/bangalore/woman-husband-detained-for-killing-mother-in-tumakuru/article70629884.ece
2026-02-13 18:59:56,263 - INFO - [The Hindu] Attempt 1/1: Trying with 'selenium_browser' strategy...
2026-02-13 18:59:58,337 - INFO - [Times of India] Page content loaded.
2026-02-13 18:59:58,664 - INFO - [Times of India] Success with 'selenium_browser'. Found content (428 words).
2026-02-13 18:59:59,317 - INFO - Saved article: What happened to influencer Clavicular at Arizona State University fashion show that led to framemogging trend - The Times of India from Times of India
2026-02-13 18:59:59,753 - INFO - [The Hindu] Page content loaded.
2026-02-13 18:59:59,803 - INFO - [The Hindu] Success with 'selenium_browser'. Found content (188 words).
2026-02-13 18:59:59,868 - INFO - Saved article: Woman, husband detained for killing mother in Tumakuru - The Hindu from The Hindu
2026-02-13 19:00:00,590 - INFO - [Times of India] Article: https://timesofindia.indiatimes.com/world/rest-of-world/indian-origin-family-plans-to-leave-canada-after-extortion-threat-firing-police-yet-to-confirm-lawrence-bishnoi-link/articleshow/128317749.cms
2026-02-13 19:00:00,590 - INFO - [Times of India] Attempt 1/1: Trying with 'selenium_browser' strategy...
2026-02-13 19:00:01,246 - INFO - [The Hindu] (Thread) Finished. Attempting to shut down its Selenium driver.
2026-02-13 19:00:01,456 - INFO - [The Hindu] (Thread) driver.quit() successful.
2026-02-13 19:00:03,643 - INFO - [Times of India] Page content loaded.
2026-02-13 19:00:03,994 - INFO - [Times of India] Success with 'selenium_browser'. Found content (350 words).
2026-02-13 19:00:04,136 - INFO - Saved article: Indian-origin family plans to leave Canada after extortion threat, firing; police yet to confirm Lawrence Bishnoi link - The Times of India from Times of India
2026-02-13 19:00:05,326 - INFO - [Times of India] Article: https://timesofindia.indiatimes.com/world/us-streamers/jonathan-horst-returns-to-youtube-with-thinking-different-after-mac-address-hiatus-and-linus-media-group-exit/articleshow/128317954.cms
2026-02-13 19:00:05,327 - INFO - [Times of India] Attempt 1/1: Trying with 'selenium_browser' strategy...
2026-02-13 19:00:09,450 - INFO - [Times of India] Page content loaded.
2026-02-13 19:00:09,728 - INFO - [Times of India] Success with 'selenium_browser'. Found content (464 words).
2026-02-13 19:00:09,818 - INFO - Saved article: Jonathan Horst returns to YouTube with Thinking Different after Mac Address hiatus and Linus Media Group exit - The Times of India from Times of India
2026-02-13 19:00:10,587 - INFO - [Times of India] Article: https://timesofindia.indiatimes.com/world/rest-of-world/why-does-greenland-appear-bigger-on-maps-than-africa-even-though-it-is-not/articleshow/128295057.cms
2026-02-13 19:00:10,587 - INFO - [Times of India] Attempt 1/1: Trying with 'selenium_browser' strategy...
2026-02-13 19:00:11,449 - INFO - [Times of India] Page content loaded.
2026-02-13 19:00:11,669 - INFO - [Times of India] Success with 'selenium_browser'. Found content (498 words).
2026-02-13 19:00:11,731 - INFO - Saved article: Why does Greenland appear bigger on maps than Africa, even though it is not | World News - The Times of India from Times of India
2026-02-13 19:00:12,732 - INFO - [Times of India] Article: https://timesofindia.indiatimes.com/world/us/i-know-this-disease-will-kill-me-rfk-jr-admits-snorting-cocaine-off-toilet-seats-non-profit-org-calls-on-him-to-resign/articleshow/128316569.cms
2026-02-13 19:00:12,732 - INFO - [Times of India] Attempt 1/1: Trying with 'selenium_browser' strategy...
2026-02-13 19:00:13,880 - INFO - [Times of India] Page content loaded.
2026-02-13 19:00:14,025 - INFO - [Times of India] Success with 'selenium_browser'. Found content (344 words).
2026-02-13 19:00:14,107 - INFO - Saved article: ‘I know this disease will kill me’: RFK Jr admits snorting cocaine off toilet seats, non-profit org calls on him to 'resign' - The Times of India from Times of India
2026-02-13 19:00:15,400 - INFO - [Times of India] Article: https://timesofindia.indiatimes.com/world/south-asia/deception-and-farce-sheikh-hasina-rejects-bangladesh-poll-results-calls-it-disgraceful-chapter/articleshow/128317097.cms
2026-02-13 19:00:15,400 - INFO - [Times of India] Attempt 1/1: Trying with 'selenium_browser' strategy...
2026-02-13 19:00:16,998 - INFO - [Times of India] Page content loaded.
2026-02-13 19:00:17,140 - INFO - [Times of India] Success with 'selenium_browser'. Found content (341 words).
2026-02-13 19:00:17,198 - INFO - Saved article: 'Deception and farce': Sheikh Hasina rejects Bangladesh poll results, calls it 'disgraceful chapter' - The Times of India from Times of India
2026-02-13 19:00:18,603 - INFO - [Times of India] Article: https://timesofindia.indiatimes.com/world/us/beyond-limited-value-seattle-settlement-restores-dignity-to-slain-indian-student/articleshow/128316583.cms
2026-02-13 19:00:18,603 - INFO - [Times of India] Attempt 1/1: Trying with 'selenium_browser' strategy...
2026-02-13 19:00:20,524 - INFO - [Times of India] Page content loaded.
2026-02-13 19:00:20,696 - INFO - [Times of India] Success with 'selenium_browser'. Found content (756 words).
2026-02-13 19:00:20,790 - INFO - Saved article: Beyond ‘limited value’: Seattle settlement restores dignity to slain Indian student - The Times of India from Times of India
2026-02-13 19:00:21,396 - INFO - [Times of India] Article: https://timesofindia.indiatimes.com/world/us/can-h-1b-visa-holders-do-side-hustle-in-us-maga-activists-flag-home-kitchen-advertisements-from-social-media-groups/articleshow/128315948.cms
2026-02-13 19:00:21,396 - INFO - [Times of India] Attempt 1/1: Trying with 'selenium_browser' strategy...
2026-02-13 19:00:22,419 - INFO - [Times of India] Page content loaded.
2026-02-13 19:00:22,557 - INFO - [Times of India] Success with 'selenium_browser'. Found content (351 words).
2026-02-13 19:00:22,638 - INFO - Saved article: Can H-1B visa holders do 'side hustle' in US? MAGA activists flag home kitchen advertisements from social media groups - The Times of India from Times of India
2026-02-13 19:00:23,458 - INFO - [Times of India] Article: https://timesofindia.indiatimes.com/world/us/bombshell-report-claims-trump-uncomfortable-with-noem-and-lewandowskis-relationship-dhs-chief-fired-coast-guard-pilot-over-her-missing-blanket/articleshow/128313248.cms
2026-02-13 19:00:23,458 - INFO - [Times of India] Attempt 1/1: Trying with 'selenium_browser' strategy...
2026-02-13 19:00:25,346 - INFO - [Times of India] Page content loaded.
2026-02-13 19:00:25,561 - INFO - [Times of India] Success with 'selenium_browser'. Found content (745 words).
2026-02-13 19:00:25,617 - INFO - Duplicate article skipped: Bombshell report claims Trump ‘uncomfortable’ with Noem and Lewandowski’s relationship; DHS chief fired Coast Guard pilot over her missing blanket - The Times of India from Times of India
2026-02-13 19:00:26,140 - INFO - [Times of India] Article: https://timesofindia.indiatimes.com/world/us/shes-never-been-in-jail-marine-war-veteran-pleads-for-assistance-after-ice-arrested-his-wife-during-interview-for-permanent-resident-card/articleshow/128311669.cms
2026-02-13 19:00:26,140 - INFO - [Times of India] Attempt 1/1: Trying with 'selenium_browser' strategy...
2026-02-13 19:00:27,264 - INFO - [Times of India] Page content loaded.
2026-02-13 19:00:27,415 - INFO - [Times of India] Success with 'selenium_browser'. Found content (456 words).
2026-02-13 19:00:27,473 - INFO - Duplicate article skipped: 'She’s never been in jail': Marine war veteran pleads for assistance after ICE arrested his wife during interview for permanent resident card - The Times of India from Times of India
2026-02-13 19:00:28,787 - INFO - [Times of India] (Thread) Finished. Attempting to shut down its Selenium driver.
2026-02-13 19:00:28,953 - INFO - [Times of India] (Thread) driver.quit() successful.
2026-02-13 19:00:28,954 - INFO - Shutting down thread pool (wait=False)...
2026-02-13 19:00:28,954 - INFO - Scraped: 8 Times of India, 0 The Guardian, 10 The Hindu, 3 BBC articles. (Total saved: 21)
2026-02-13 19:00:28,954 - INFO - --- Scraping job finished ---
2026-02-13 19:00:28,960 - INFO - --- Scraper service stopped and database connection closed. ---
2026-02-13 19:00:28,960 - INFO - --- Main thread finished. Forcing process exit to kill zombie threads. ---
