2025-12-01 22:24:00,596 - INFO - Initializing database connection at: news_articles.db
2025-12-01 22:24:00,596 - INFO - --- Scraper service started (CI Mode: Run Once) ---
2025-12-01 22:24:00,596 - INFO - --- Starting new scraping job (Parallel Mode) ---
2025-12-01 22:24:00,596 - INFO - Creating new robust session with 3 retries on 5xx/connection/read errors.
2025-12-01 22:24:00,597 - INFO - Proxy is DISABLED.
2025-12-01 22:24:00,597 - INFO - Starting scrape for BBC RSS feed: http://feeds.bbci.co.uk/news/world/rss.xml
2025-12-01 22:24:00,597 - INFO - [Times of India] (Thread) requires Selenium. Initializing driver...
2025-12-01 22:24:00,597 - INFO - Initializing headless Selenium Chrome driver (using SeleniumManager)...
2025-12-01 22:24:00,598 - INFO - Starting scrape for The Guardian RSS feed: https://www.theguardian.com/world/rss
2025-12-01 22:24:00,598 - INFO - [The Hindu] (Thread) requires Selenium. Initializing driver...
2025-12-01 22:24:00,599 - INFO - Submitted 4 jobs to thread pool. Waiting up to 300s for completion...
2025-12-01 22:24:00,599 - INFO - Initializing headless Selenium Chrome driver (using SeleniumManager)...
2025-12-01 22:24:00,746 - INFO - Found 43 articles in BBC RSS feed. Processing up to 10.
2025-12-01 22:24:00,747 - INFO - [BBC] Article: https://www.bbc.com/news/articles/c1m8nmx75evo?at_medium=RSS&at_campaign=rss
2025-12-01 22:24:00,747 - INFO - [BBC] Attempt 1/1: Trying with 'requests_browser' strategy...
2025-12-01 22:24:00,754 - INFO - Found 45 articles in The Guardian RSS feed. Processing up to 10.
2025-12-01 22:24:00,755 - INFO - [The Guardian] Article: https://www.theguardian.com/world/2025/dec/01/south-africans-court-alleged-recruitment-russia-war-ukraine
2025-12-01 22:24:00,755 - INFO - [The Guardian] Attempt 1/1: Trying with 'requests_browser' strategy...
2025-12-01 22:24:00,792 - INFO - [The Guardian] Success with 'requests_browser'. Found content (506 words).
2025-12-01 22:24:00,838 - INFO - Duplicate article skipped: Five South Africans in court over alleged recruitment for Russia’s war in Ukraine | South Africa | The Guardian from The Guardian
2025-12-01 22:24:01,047 - INFO - [BBC] Success with 'requests_browser'. Found content (823 words).
2025-12-01 22:24:01,084 - INFO - Duplicate article skipped: Zelensky says Ukraine territory 'most difficult' issue, as US envoy prepares to meet Putin from BBC
2025-12-01 22:24:01,780 - INFO - [BBC] Article: https://www.bbc.com/news/articles/cewjg272dq9o?at_medium=RSS&at_campaign=rss
2025-12-01 22:24:01,780 - INFO - [BBC] Attempt 1/1: Trying with 'requests_browser' strategy...
2025-12-01 22:24:01,814 - INFO - [BBC] Success with 'requests_browser'. Found content (582 words).
2025-12-01 22:24:01,849 - INFO - Duplicate article skipped: Alina Habba: Appeals court disqualifies ex-Trump lawyer as New Jersey prosecutor from BBC
2025-12-01 22:24:02,039 - INFO - [The Guardian] Article: https://www.theguardian.com/global-development/2025/dec/01/global-health-hiv-aids-funding-cuts-infections-prevention
2025-12-01 22:24:02,040 - INFO - [The Guardian] Attempt 1/1: Trying with 'requests_browser' strategy...
2025-12-01 22:24:02,159 - INFO - [The Guardian] Success with 'requests_browser'. Found content (674 words).
2025-12-01 22:24:02,200 - INFO - Duplicate article skipped: Aid cuts have shaken HIV/Aids care to its core – and will mean millions more infections ahead | Global health | The Guardian from The Guardian
2025-12-01 22:24:02,945 - INFO - [BBC] Article: https://www.bbc.com/news/articles/czrk7g50e1po?at_medium=RSS&at_campaign=rss
2025-12-01 22:24:02,945 - INFO - [BBC] Attempt 1/1: Trying with 'requests_browser' strategy...
2025-12-01 22:24:02,987 - INFO - [BBC] Success with 'requests_browser'. Found content (1693 words).
2025-12-01 22:24:03,027 - INFO - Duplicate article skipped: WW1 toxic compound sprayed on Georgian protesters, BBC evidence suggests from BBC
2025-12-01 22:24:03,289 - INFO - [The Guardian] Article: https://www.theguardian.com/world/2025/nov/30/african-leaders-push-for-recognition-of-colonial-crimes-and-reparations
2025-12-01 22:24:03,289 - INFO - [The Guardian] Attempt 1/1: Trying with 'requests_browser' strategy...
2025-12-01 22:24:03,326 - INFO - [The Guardian] Success with 'requests_browser'. Found content (670 words).
2025-12-01 22:24:03,373 - INFO - Duplicate article skipped: African leaders push for recognition of colonial crimes and reparations | Colonialism | The Guardian from The Guardian
2025-12-01 22:24:03,864 - INFO - [BBC] Article: https://www.bbc.com/news/articles/ckg9204y4w5o?at_medium=RSS&at_campaign=rss
2025-12-01 22:24:03,864 - INFO - [BBC] Attempt 1/1: Trying with 'requests_browser' strategy...
2025-12-01 22:24:03,907 - INFO - [BBC] Success with 'requests_browser'. Found content (682 words).
2025-12-01 22:24:03,947 - INFO - Duplicate article skipped: Anicet Ekane: Cameroon opposition firebrand dies in detention aged 74 from BBC
2025-12-01 22:24:04,425 - INFO - [The Guardian] Article: https://www.theguardian.com/world/2025/nov/28/jacob-zuma-daughter-resigns-claims-south-africans-tricked-fight-russia
2025-12-01 22:24:04,425 - INFO - [The Guardian] Attempt 1/1: Trying with 'requests_browser' strategy...
2025-12-01 22:24:04,449 - INFO - [The Guardian] Success with 'requests_browser'. Found content (753 words).
2025-12-01 22:24:04,487 - INFO - Duplicate article skipped: Jacob Zuma’s daughter resigns amid claims South Africans tricked to fight for Russia | South Africa | The Guardian from The Guardian
2025-12-01 22:24:04,592 - INFO - [BBC] Article: https://www.bbc.com/news/articles/cx2dgp8mvmno?at_medium=RSS&at_campaign=rss
2025-12-01 22:24:04,592 - INFO - [BBC] Attempt 1/1: Trying with 'requests_browser' strategy...
2025-12-01 22:24:04,638 - INFO - [BBC] Success with 'requests_browser'. Found content (808 words).
2025-12-01 22:24:04,702 - INFO - Duplicate article skipped: Honduras election: presidential candidates locked in 'technical tie', official says from BBC
2025-12-01 22:24:05,247 - INFO - [The Guardian] Article: https://www.theguardian.com/environment/2025/nov/28/africa-forests-transformed-carbon-sink-carbon-source-study
2025-12-01 22:24:05,247 - INFO - [The Guardian] Attempt 1/1: Trying with 'requests_browser' strategy...
2025-12-01 22:24:05,271 - INFO - [The Guardian] Success with 'requests_browser'. Found content (458 words).
2025-12-01 22:24:05,309 - INFO - Duplicate article skipped: Africa’s forests transformed from carbon sink to carbon source, study finds | Climate crisis | The Guardian from The Guardian
2025-12-01 22:24:06,142 - INFO - [BBC] Article: https://www.bbc.com/news/articles/c4g4enlp6kzo?at_medium=RSS&at_campaign=rss
2025-12-01 22:24:06,142 - INFO - [BBC] Attempt 1/1: Trying with 'requests_browser' strategy...
2025-12-01 22:24:06,162 - INFO - [The Guardian] Article: https://www.theguardian.com/world/2025/dec/01/trump-maduro-ultimatum-relinquish-power-venezuela
2025-12-01 22:24:06,162 - INFO - [The Guardian] Attempt 1/1: Trying with 'requests_browser' strategy...
2025-12-01 22:24:06,186 - INFO - [BBC] Success with 'requests_browser'. Found content (870 words).
2025-12-01 22:24:06,232 - INFO - Duplicate article skipped: Indonesia floods death toll passes 500 from BBC
2025-12-01 22:24:06,245 - INFO - [The Guardian] Success with 'requests_browser'. Found content (533 words).
2025-12-01 22:24:06,302 - INFO - Duplicate article skipped: Trump reportedly gave Maduro ultimatum to relinquish power in Venezuela | Nicolás Maduro | The Guardian from The Guardian
2025-12-01 22:24:06,862 - INFO - [The Guardian] Article: https://www.theguardian.com/us-news/live/2025/dec/01/donald-trump-pete-hegseth-caribbean-boats-venezuela-immigration-us-politics-latest-news-updates
2025-12-01 22:24:06,862 - INFO - [The Guardian] Attempt 1/1: Trying with 'requests_browser' strategy...
2025-12-01 22:24:07,073 - INFO - [The Guardian] Success with 'requests_browser'. Found content (2387 words).
2025-12-01 22:24:07,156 - INFO - Duplicate article skipped: White House says second strike on vessel was legal and conducted in ‘self defense’ amid scrutiny – live | Trump administration | The Guardian from The Guardian
2025-12-01 22:24:07,389 - INFO - [BBC] Article: https://www.bbc.com/news/articles/c79x8285n29o?at_medium=RSS&at_campaign=rss
2025-12-01 22:24:07,390 - INFO - [BBC] Attempt 1/1: Trying with 'requests_browser' strategy...
2025-12-01 22:24:07,765 - INFO - [BBC] Success with 'requests_browser'. Found content (439 words).
2025-12-01 22:24:07,804 - INFO - Duplicate article skipped: Nigeria's kidnap crisis: Pastor abducted in Kogi state and a bride in Sokoto from BBC
2025-12-01 22:24:08,434 - INFO - [The Guardian] Article: https://www.theguardian.com/world/2025/dec/01/mexico-kill-drug-trafficker-el-pichon-pedro-inzunza-coronel
2025-12-01 22:24:08,434 - INFO - [The Guardian] Attempt 1/1: Trying with 'requests_browser' strategy...
2025-12-01 22:24:08,456 - INFO - [The Guardian] Success with 'requests_browser'. Found content (385 words).
2025-12-01 22:24:08,493 - INFO - [BBC] Article: https://www.bbc.com/news/articles/cz0n1rm95yxo?at_medium=RSS&at_campaign=rss
2025-12-01 22:24:08,493 - INFO - [BBC] Attempt 1/1: Trying with 'requests_browser' strategy...
2025-12-01 22:24:08,494 - INFO - Duplicate article skipped: Mexican authorities kill one of country’s top fentanyl traffickers | Mexico | The Guardian from The Guardian
2025-12-01 22:24:08,531 - INFO - [BBC] Success with 'requests_browser'. Found content (254 words).
2025-12-01 22:24:08,569 - INFO - Selenium driver initialized successfully.
2025-12-01 22:24:08,569 - INFO - Duplicate article skipped: Peru landslide: 12 killed after two boats hit in Amazon rainforest from BBC
2025-12-01 22:24:08,570 - INFO - Starting scrape for The Hindu RSS feed: https://www.thehindu.com/news/national/feeder/default.rss
2025-12-01 22:24:08,571 - INFO - Selenium driver initialized successfully.
2025-12-01 22:24:08,571 - INFO - Starting scrape for Times of India RSS feed: https://timesofindia.indiatimes.com/rssfeeds/296589292.cms
2025-12-01 22:24:08,640 - INFO - Found 20 articles in Times of India RSS feed. Processing up to 10.
2025-12-01 22:24:08,641 - INFO - [Times of India] Article: https://timesofindia.indiatimes.com/world/us-streamers/gambling-streamer-subo-assaulted-live-on-stream-by-mma-fighter-shovkhal-churchaev/articleshow/125704173.cms
2025-12-01 22:24:08,641 - INFO - [Times of India] Attempt 1/1: Trying with 'selenium_browser' strategy...
2025-12-01 22:24:09,035 - INFO - Found 100 articles in The Hindu RSS feed. Processing up to 10.
2025-12-01 22:24:09,035 - INFO - [The Hindu] Article: https://www.thehindu.com/news/national/west-bengal/bjp-demands-audit-of-125-crore-entries-made-in-sir-across-three-days-in-west-bengal/article70346132.ece
2025-12-01 22:24:09,035 - INFO - [The Hindu] Attempt 1/1: Trying with 'selenium_browser' strategy...
2025-12-01 22:24:09,913 - INFO - [BBC] Article: https://www.bbc.com/news/articles/c7vmn61l75ro?at_medium=RSS&at_campaign=rss
2025-12-01 22:24:09,913 - INFO - [BBC] Attempt 1/1: Trying with 'requests_browser' strategy...
2025-12-01 22:24:09,920 - INFO - [The Guardian] Article: https://www.theguardian.com/us-news/2025/dec/01/trump-pardon-juan-orlando-hernandez-honduras-former-president
2025-12-01 22:24:09,920 - INFO - [The Guardian] Attempt 1/1: Trying with 'requests_browser' strategy...
2025-12-01 22:24:09,980 - INFO - [BBC] Success with 'requests_browser'. Found content (376 words).
2025-12-01 22:24:10,000 - INFO - [The Guardian] Success with 'requests_browser'. Found content (938 words).
2025-12-01 22:24:10,125 - INFO - Duplicate article skipped: Trump releases fraudster executive days into prison sentence from BBC
2025-12-01 22:24:10,144 - INFO - Duplicate article skipped: Trump’s pardon of Honduras’s ex-president shows counter-drug effort is ‘based on lies and hypocrisy’ | US foreign policy | The Guardian from The Guardian
2025-12-01 22:24:11,063 - INFO - [BBC] Article: https://www.bbc.com/news/articles/c5yd91y2250o?at_medium=RSS&at_campaign=rss
2025-12-01 22:24:11,063 - INFO - [BBC] Attempt 1/1: Trying with 'requests_browser' strategy...
2025-12-01 22:24:11,244 - INFO - [The Guardian] Article: https://www.theguardian.com/world/2025/dec/01/haiti-armed-gangs-attack-artibonite
2025-12-01 22:24:11,244 - INFO - [The Guardian] Attempt 1/1: Trying with 'requests_browser' strategy...
2025-12-01 22:24:11,332 - INFO - [BBC] Success with 'requests_browser'. Found content (768 words).
2025-12-01 22:24:11,483 - INFO - [The Guardian] Success with 'requests_browser'. Found content (629 words).
2025-12-01 22:24:11,640 - INFO - Saved article: Nonkululeko Mantula: South African radio presenter among five charged over Russia recruitment plot from BBC
2025-12-01 22:24:11,671 - INFO - Duplicate article skipped: Hundreds flee central Haiti after gangs launch large-scale attacks and burn homes | Haiti | The Guardian from The Guardian
2025-12-01 22:24:15,230 - INFO - [The Hindu] Page content loaded.
2025-12-01 22:24:15,746 - INFO - [The Hindu] Success with 'selenium_browser'. Found content (503 words).
2025-12-01 22:24:16,170 - INFO - Saved article: BJP demands audit of 1.25 crore entries made in SIR across three days in West Bengal - The Hindu from The Hindu
2025-12-01 22:24:16,915 - INFO - [The Hindu] Article: https://www.thehindu.com/news/national/indian-armed-forces-to-procure-more-satellite-linked-heron-mk-ii-uavs-under-emergency-procurement/article70346863.ece
2025-12-01 22:24:16,915 - INFO - [The Hindu] Attempt 1/1: Trying with 'selenium_browser' strategy...
2025-12-01 22:24:23,086 - INFO - [The Hindu] Page content loaded.
2025-12-01 22:24:23,447 - INFO - [The Hindu] Success with 'selenium_browser'. Found content (392 words).
2025-12-01 22:24:23,612 - INFO - Saved article: Indian armed forces to procure more satellite-linked Heron Mk II UAVs under emergency procurement - The Hindu from The Hindu
2025-12-01 22:24:24,582 - INFO - [The Hindu] Article: https://www.thehindu.com/opinion/op-ed/the-aiadmk-is-on-a-weak-footing/article70345464.ece
2025-12-01 22:24:24,582 - INFO - [The Hindu] Attempt 1/1: Trying with 'selenium_browser' strategy...
2025-12-01 22:26:08,736 - ERROR - [Times of India] Request failed for strategy 'selenium_browser' on URL https://timesofindia.indiatimes.com/world/us-streamers/gambling-streamer-subo-assaulted-live-on-stream-by-mma-fighter-shovkhal-churchaev/articleshow/125704173.cms: HTTPConnectionPool(host='localhost', port=40877): Read timed out. (read timeout=120)
2025-12-01 22:26:08,737 - ERROR - [Times of India] All scrape strategies failed for https://timesofindia.indiatimes.com/world/us-streamers/gambling-streamer-subo-assaulted-live-on-stream-by-mma-fighter-shovkhal-churchaev/articleshow/125704173.cms. Falling back to RSS description.
2025-12-01 22:26:08,738 - INFO - Saved article: Streamer Subo assaulted live on stream by MMA fighter Shovkhal Churchaev from Times of India
2025-12-01 22:26:09,845 - INFO - [Times of India] Article: https://timesofindia.indiatimes.com/world/us/excellent-overall-health-white-house-releases-donald-trumps-mri-exam-amid-speculations/articleshow/125703794.cms
2025-12-01 22:26:09,846 - INFO - [Times of India] Attempt 1/1: Trying with 'selenium_browser' strategy...
2025-12-01 22:26:24,672 - ERROR - [The Hindu] Request failed for strategy 'selenium_browser' on URL https://www.thehindu.com/opinion/op-ed/the-aiadmk-is-on-a-weak-footing/article70345464.ece: HTTPConnectionPool(host='localhost', port=39591): Read timed out. (read timeout=120)
2025-12-01 22:26:24,672 - ERROR - [The Hindu] All scrape strategies failed for https://www.thehindu.com/opinion/op-ed/the-aiadmk-is-on-a-weak-footing/article70345464.ece. Falling back to RSS description.
2025-12-01 22:26:24,675 - INFO - Saved article: The AIADMK is on a weak footing from The Hindu
2025-12-01 22:26:25,434 - INFO - [The Hindu] Article: https://www.thehindu.com/news/national/madhya-pradesh/plea-in-indore-court-seeks-fir-against-ias-santosh-verma-over-controversial-remarks/article70346369.ece
2025-12-01 22:26:25,434 - INFO - [The Hindu] Attempt 1/1: Trying with 'selenium_browser' strategy...
2025-12-01 22:28:09,947 - ERROR - [Times of India] Request failed for strategy 'selenium_browser' on URL https://timesofindia.indiatimes.com/world/us/excellent-overall-health-white-house-releases-donald-trumps-mri-exam-amid-speculations/articleshow/125703794.cms: HTTPConnectionPool(host='localhost', port=40877): Read timed out. (read timeout=120)
2025-12-01 22:28:09,947 - ERROR - [Times of India] All scrape strategies failed for https://timesofindia.indiatimes.com/world/us/excellent-overall-health-white-house-releases-donald-trumps-mri-exam-amid-speculations/articleshow/125703794.cms. Falling back to RSS description.
2025-12-01 22:28:09,947 - INFO - Duplicate article skipped: 'Excellent overall health': White House releases Donald Trump's MRI exam amid speculations from Times of India
2025-12-01 22:28:10,923 - INFO - [Times of India] Article: https://timesofindia.indiatimes.com/world/us/how-exactly-is-shivon-zilis-indian/articleshow/125703381.cms
2025-12-01 22:28:10,923 - INFO - [Times of India] Attempt 1/1: Trying with 'selenium_browser' strategy...
2025-12-01 22:28:25,532 - ERROR - [The Hindu] Request failed for strategy 'selenium_browser' on URL https://www.thehindu.com/news/national/madhya-pradesh/plea-in-indore-court-seeks-fir-against-ias-santosh-verma-over-controversial-remarks/article70346369.ece: HTTPConnectionPool(host='localhost', port=39591): Read timed out. (read timeout=120)
2025-12-01 22:28:25,532 - ERROR - [The Hindu] All scrape strategies failed for https://www.thehindu.com/news/national/madhya-pradesh/plea-in-indore-court-seeks-fir-against-ias-santosh-verma-over-controversial-remarks/article70346369.ece. Falling back to RSS description.
2025-12-01 22:28:25,533 - INFO - Duplicate article skipped: Plea in Indore court seeks FIR against IAS Santosh Verma over controversial remarks from The Hindu
2025-12-01 22:28:26,501 - INFO - [The Hindu] Article: https://www.thehindu.com/news/national/haryana/manesar-violence-terminated-maruti-workers-petition-for-reinstatement-junked/article70347036.ece
2025-12-01 22:28:26,501 - INFO - [The Hindu] Attempt 1/1: Trying with 'selenium_browser' strategy...
2025-12-01 22:29:00,599 - CRITICAL - --- TIMEOUT: 2 scrape jobs did not complete in 300s. ---
2025-12-01 22:29:00,599 - ERROR - A thread has timed out and will be abandoned.
2025-12-01 22:29:00,599 - ERROR - A thread has timed out and will be abandoned.
2025-12-01 22:29:00,599 - INFO - Shutting down thread pool (wait=False)...
2025-12-01 22:29:00,599 - INFO - Scraped: 1 BBC, 0 The Guardian, 2 Timed_Out_Jobs articles. (Total saved: 1)
2025-12-01 22:29:00,599 - INFO - --- Scraping job finished ---
2025-12-01 22:29:00,600 - INFO - --- Scraper service stopped and database connection closed. ---
2025-12-01 22:29:00,600 - INFO - --- Main thread finished. Forcing process exit to kill zombie threads. ---
