2025-12-05 10:28:27,720 - INFO - Initializing database connection at: news_articles.db
2025-12-05 10:28:27,721 - INFO - --- Scraper service started (CI Mode: Run Once) ---
2025-12-05 10:28:27,721 - INFO - --- Starting new scraping job (Parallel Mode) ---
2025-12-05 10:28:27,721 - INFO - Creating new robust session with 3 retries on 5xx/connection/read errors.
2025-12-05 10:28:27,721 - INFO - Proxy is DISABLED.
2025-12-05 10:28:27,721 - INFO - Starting scrape for BBC RSS feed: http://feeds.bbci.co.uk/news/world/rss.xml
2025-12-05 10:28:27,722 - INFO - [Times of India] (Thread) requires Selenium. Initializing driver...
2025-12-05 10:28:27,722 - INFO - Initializing headless Selenium Chrome driver (using SeleniumManager)...
2025-12-05 10:28:27,725 - INFO - Starting scrape for The Guardian RSS feed: https://www.theguardian.com/world/rss
2025-12-05 10:28:27,726 - INFO - [The Hindu] (Thread) requires Selenium. Initializing driver...
2025-12-05 10:28:27,726 - INFO - Initializing headless Selenium Chrome driver (using SeleniumManager)...
2025-12-05 10:28:27,726 - INFO - Submitted 4 jobs to thread pool. Waiting up to 300s for completion...
2025-12-05 10:28:27,883 - INFO - Found 45 articles in The Guardian RSS feed. Processing up to 10.
2025-12-05 10:28:27,883 - INFO - [The Guardian] Article: https://www.theguardian.com/global-development/2025/dec/05/rsf-massacres-sudanese-city-el-fasher-slaughterhouse-satellite-images
2025-12-05 10:28:27,883 - INFO - [The Guardian] Attempt 1/1: Trying with 'requests_browser' strategy...
2025-12-05 10:28:27,995 - INFO - Found 33 articles in BBC RSS feed. Processing up to 10.
2025-12-05 10:28:27,996 - INFO - [BBC] Article: https://www.bbc.com/news/articles/cgexgwr1wrro?at_medium=RSS&at_campaign=rss
2025-12-05 10:28:27,996 - INFO - [BBC] Attempt 1/1: Trying with 'requests_browser' strategy...
2025-12-05 10:28:28,050 - INFO - [The Guardian] Success with 'requests_browser'. Found content (684 words).
2025-12-05 10:28:28,089 - INFO - Duplicate article skipped: RSF massacres left Sudanese city ‘a slaughterhouse’, satellite images show | Global development | The Guardian from The Guardian
2025-12-05 10:28:28,223 - INFO - [BBC] Success with 'requests_browser'. Found content (879 words).
2025-12-05 10:28:28,259 - INFO - Duplicate article skipped: Putin says Russia will take Donbas by force or Ukraine's troops will withdraw from BBC
2025-12-05 10:28:29,310 - INFO - [BBC] Article: https://www.bbc.com/news/articles/cwyxjd6pxzro?at_medium=RSS&at_campaign=rss
2025-12-05 10:28:29,310 - INFO - [BBC] Attempt 1/1: Trying with 'requests_browser' strategy...
2025-12-05 10:28:29,363 - INFO - [BBC] Success with 'requests_browser'. Found content (1072 words).
2025-12-05 10:28:29,381 - INFO - [The Guardian] Article: https://www.theguardian.com/environment/2025/dec/05/african-penguins-starve-to-death-south-africa-sardine-population-aoe
2025-12-05 10:28:29,386 - INFO - [The Guardian] Attempt 1/1: Trying with 'requests_browser' strategy...
2025-12-05 10:28:29,402 - INFO - Duplicate article skipped: Admiral testified Pete Hegseth did not give 'kill them all' order, US lawmakers say from BBC
2025-12-05 10:28:29,773 - INFO - [The Guardian] Success with 'requests_browser'. Found content (530 words).
2025-12-05 10:28:29,808 - INFO - Duplicate article skipped: 60,000 African penguins starved to death after sardine numbers collapsed – study | Birds | The Guardian from The Guardian
2025-12-05 10:28:30,365 - INFO - [BBC] Article: https://www.bbc.com/news/articles/cedx2p8gnx9o?at_medium=RSS&at_campaign=rss
2025-12-05 10:28:30,365 - INFO - [BBC] Attempt 1/1: Trying with 'requests_browser' strategy...
2025-12-05 10:28:30,502 - INFO - [The Guardian] Article: https://www.theguardian.com/world/2025/dec/05/us-sanctions-sudan-army-rsf-ceasefire
2025-12-05 10:28:30,503 - INFO - [The Guardian] Attempt 1/1: Trying with 'requests_browser' strategy...
2025-12-05 10:28:30,522 - INFO - [BBC] Success with 'requests_browser'. Found content (808 words).
2025-12-05 10:28:30,561 - INFO - Duplicate article skipped: Over a third of animals lost in test deep sea mining - scientists from BBC
2025-12-05 10:28:30,584 - INFO - [The Guardian] Success with 'requests_browser'. Found content (849 words).
2025-12-05 10:28:30,633 - INFO - Duplicate article skipped: US considers wider sanctions on Sudanese army and RSF as ceasefire efforts falter | Sudan | The Guardian from The Guardian
2025-12-05 10:28:31,730 - INFO - [The Guardian] Article: https://www.theguardian.com/world/2025/dec/04/us-eu-critical-minerals-project-drc-report-lobito-corridor
2025-12-05 10:28:31,730 - INFO - [The Guardian] Attempt 1/1: Trying with 'requests_browser' strategy...
2025-12-05 10:28:31,831 - INFO - [BBC] Article: https://www.bbc.com/news/articles/cj4qedglzpwo?at_medium=RSS&at_campaign=rss
2025-12-05 10:28:31,831 - INFO - [BBC] Attempt 1/1: Trying with 'requests_browser' strategy...
2025-12-05 10:28:31,869 - INFO - [BBC] Success with 'requests_browser'. Found content (276 words).
2025-12-05 10:28:31,902 - INFO - Duplicate article skipped: New Zealand police recovers $19k Fabergé egg swallowed by suspected thief from BBC
2025-12-05 10:28:32,104 - INFO - [The Guardian] Success with 'requests_browser'. Found content (813 words).
2025-12-05 10:28:32,139 - INFO - Duplicate article skipped: US and EU critical minerals project could displace thousands in DRC – report | Democratic Republic of the Congo | The Guardian from The Guardian
2025-12-05 10:28:32,596 - INFO - [BBC] Article: https://www.bbc.com/news/articles/cjrjn88jqn4o?at_medium=RSS&at_campaign=rss
2025-12-05 10:28:32,596 - INFO - [BBC] Attempt 1/1: Trying with 'requests_browser' strategy...
2025-12-05 10:28:32,659 - INFO - [The Guardian] Article: https://www.theguardian.com/global-development/2025/dec/04/aid-cuts-africa-uganda-stops-refugee-status-eritreans-somalis-ethiopians
2025-12-05 10:28:32,659 - INFO - [The Guardian] Attempt 1/1: Trying with 'requests_browser' strategy...
2025-12-05 10:28:32,833 - INFO - [The Guardian] Success with 'requests_browser'. Found content (620 words).
2025-12-05 10:28:32,868 - INFO - Duplicate article skipped: Uganda stops granting refugee status for Eritreans, Somalis and Ethiopians | Global development | The Guardian from The Guardian
2025-12-05 10:28:33,233 - INFO - [BBC] Success with 'requests_browser'. Found content (1054 words).
2025-12-05 10:28:33,295 - INFO - Duplicate article skipped: Trump hosts signing of peace deal between leaders of DR Congo and Rwanda from BBC
2025-12-05 10:28:33,375 - INFO - [The Guardian] Article: https://www.theguardian.com/politics/audio/2025/dec/05/donald-trump-about-to-invade-venezuela-podcast
2025-12-05 10:28:33,375 - INFO - [The Guardian] Attempt 1/1: Trying with 'requests_browser' strategy...
2025-12-05 10:28:33,761 - WARNING - [The Guardian] FAILED with 'requests_browser' (content was too short: 72 words).
2025-12-05 10:28:33,761 - ERROR - [The Guardian] All scrape strategies failed for https://www.theguardian.com/politics/audio/2025/dec/05/donald-trump-about-to-invade-venezuela-podcast. Falling back to RSS description.
2025-12-05 10:28:33,761 - INFO - Duplicate article skipped: “This is war”: Is Trump about to invade Venezuela? – podcast from The Guardian
2025-12-05 10:28:34,633 - INFO - [BBC] Article: https://www.bbc.com/news/articles/cd6x2ppjv4go?at_medium=RSS&at_campaign=rss
2025-12-05 10:28:34,634 - INFO - [BBC] Attempt 1/1: Trying with 'requests_browser' strategy...
2025-12-05 10:28:34,679 - INFO - [BBC] Success with 'requests_browser'. Found content (1035 words).
2025-12-05 10:28:34,715 - INFO - Duplicate article skipped: Hong Kong fire: Arrest over petition stirs public debate from BBC
2025-12-05 10:28:35,008 - INFO - [The Guardian] Article: https://www.theguardian.com/us-news/2025/dec/04/video-second-boat-strike-military-caribbean
2025-12-05 10:28:35,008 - INFO - [The Guardian] Attempt 1/1: Trying with 'requests_browser' strategy...
2025-12-05 10:28:35,047 - INFO - [The Guardian] Success with 'requests_browser'. Found content (1288 words).
2025-12-05 10:28:35,082 - INFO - Duplicate article skipped: Experts urge release of boat strike video as US admiral denies ‘kill them all’ order | US military | The Guardian from The Guardian
2025-12-05 10:28:35,610 - INFO - [BBC] Article: https://www.bbc.com/news/articles/clyz18z1gk0o?at_medium=RSS&at_campaign=rss
2025-12-05 10:28:35,610 - INFO - [BBC] Attempt 1/1: Trying with 'requests_browser' strategy...
2025-12-05 10:28:35,652 - INFO - [The Guardian] Article: https://www.theguardian.com/us-news/2025/dec/04/student-describes-horror-show-ice-deportation-to-honduras-at-thanksgiving
2025-12-05 10:28:35,652 - INFO - [The Guardian] Attempt 1/1: Trying with 'requests_browser' strategy...
2025-12-05 10:28:35,696 - INFO - [The Guardian] Success with 'requests_browser'. Found content (1024 words).
2025-12-05 10:28:35,741 - INFO - Duplicate article skipped: Student describes ‘horror show’ ICE deportation to Honduras at Thanksgiving | ICE (US Immigration and Customs Enforcement) | The Guardian from The Guardian
2025-12-05 10:28:35,914 - INFO - [BBC] Success with 'requests_browser'. Found content (466 words).
2025-12-05 10:28:35,950 - INFO - Saved article: IndiGO: Travel chaos worsens in India with hundreds of flights cancelled from BBC
2025-12-05 10:28:37,060 - INFO - [The Guardian] Article: https://www.theguardian.com/us-news/2025/dec/04/venezuela-boat-strikes-legality-hegseth
2025-12-05 10:28:37,060 - INFO - [The Guardian] Attempt 1/1: Trying with 'requests_browser' strategy...
2025-12-05 10:28:37,100 - INFO - [The Guardian] Success with 'requests_browser'. Found content (1449 words).
2025-12-05 10:28:37,137 - INFO - Duplicate article skipped: Killing of survivors sparks outrage – but entire US ‘drug boat’ war is legally shaky | US military | The Guardian from The Guardian
2025-12-05 10:28:37,156 - INFO - [BBC] Article: https://www.bbc.com/news/articles/ce91x2jm5pjo?at_medium=RSS&at_campaign=rss
2025-12-05 10:28:37,156 - INFO - [BBC] Attempt 1/1: Trying with 'requests_browser' strategy...
2025-12-05 10:28:37,196 - INFO - [BBC] Success with 'requests_browser'. Found content (376 words).
2025-12-05 10:28:37,230 - INFO - Saved article: Netflix reportedly closes in on Warner Bros deal from BBC
2025-12-05 10:28:37,767 - INFO - [The Guardian] Article: https://www.theguardian.com/us-news/2025/dec/03/epstein-caribbean-island-new-photo-video-release
2025-12-05 10:28:37,767 - INFO - [The Guardian] Attempt 1/1: Trying with 'requests_browser' strategy...
2025-12-05 10:28:37,932 - INFO - [The Guardian] Success with 'requests_browser'. Found content (373 words).
2025-12-05 10:28:37,970 - INFO - Duplicate article skipped: House Democrats release new images of Epstein’s private Caribbean island | Jeffrey Epstein | The Guardian from The Guardian
2025-12-05 10:28:38,385 - INFO - [BBC] Article: https://www.bbc.com/news/articles/cde6d8wyp79o?at_medium=RSS&at_campaign=rss
2025-12-05 10:28:38,386 - INFO - [BBC] Attempt 1/1: Trying with 'requests_browser' strategy...
2025-12-05 10:28:38,437 - INFO - [BBC] Success with 'requests_browser'. Found content (842 words).
2025-12-05 10:28:38,477 - INFO - Duplicate article skipped: Ireland among countries boycotting Eurovision after Israel allowed to compete from BBC
2025-12-05 10:28:39,332 - INFO - [BBC] Article: https://www.bbc.com/news/articles/cz0nd088e09o?at_medium=RSS&at_campaign=rss
2025-12-05 10:28:39,332 - INFO - [BBC] Attempt 1/1: Trying with 'requests_browser' strategy...
2025-12-05 10:28:39,925 - INFO - [BBC] Success with 'requests_browser'. Found content (555 words).
2025-12-05 10:28:39,959 - INFO - Duplicate article skipped: Yasser Abu Shabab: Anti-Hamas militia leader killed in Gaza from BBC
2025-12-05 10:28:56,346 - INFO - Selenium driver initialized successfully.
2025-12-05 10:28:56,346 - INFO - Selenium driver initialized successfully.
2025-12-05 10:28:56,346 - INFO - Starting scrape for The Hindu RSS feed: https://www.thehindu.com/news/national/feeder/default.rss
2025-12-05 10:28:56,346 - INFO - Starting scrape for Times of India RSS feed: https://timesofindia.indiatimes.com/rssfeeds/296589292.cms
2025-12-05 10:28:56,540 - INFO - Found 100 articles in The Hindu RSS feed. Processing up to 10.
2025-12-05 10:28:56,540 - INFO - [The Hindu] Article: https://www.thehindu.com/news/national/indigo-didnt-take-off-but-my-stress-levels-did/article70361253.ece
2025-12-05 10:28:56,541 - INFO - [The Hindu] Attempt 1/1: Trying with 'selenium_browser' strategy...
2025-12-05 10:28:56,929 - INFO - Found 20 articles in Times of India RSS feed. Processing up to 10.
2025-12-05 10:28:56,929 - INFO - [Times of India] Article: https://timesofindia.indiatimes.com/world/us/dc-pipe-bomb-case-accused-brian-coles-photo-resurfaces-first-public-look-since-arrest/articleshow/125780857.cms
2025-12-05 10:28:56,929 - INFO - [Times of India] Attempt 1/1: Trying with 'selenium_browser' strategy...
2025-12-05 10:29:05,793 - INFO - [The Hindu] Page content loaded.
2025-12-05 10:29:06,064 - INFO - [The Hindu] Success with 'selenium_browser'. Found content (442 words).
2025-12-05 10:29:06,333 - INFO - Saved article: ‘IndiGo didn’t take off — but my stress levels did’ - The Hindu from The Hindu
2025-12-05 10:29:07,719 - INFO - [The Hindu] Article: https://www.thehindu.com/news/cities/Visakhapatnam/visakhapatnam-police-unearth-more-than-50-crore-worth-financial-fraud/article70361226.ece
2025-12-05 10:29:07,719 - INFO - [The Hindu] Attempt 1/1: Trying with 'selenium_browser' strategy...
2025-12-05 10:29:10,961 - INFO - [The Hindu] Page content loaded.
2025-12-05 10:29:11,239 - INFO - [The Hindu] Success with 'selenium_browser'. Found content (414 words).
2025-12-05 10:29:11,369 - INFO - Saved article: Visakhapatnam police unearth more than ₹50 crore worth financial fraud - The Hindu from The Hindu
2025-12-05 10:29:12,835 - INFO - [The Hindu] Article: https://www.thehindu.com/news/national/andhra-pradesh/actor-shiva-rajkumar-seeks-goddess-durgas-blessings-for-his-biopic-on-gummadi-narasaiah/article70361325.ece
2025-12-05 10:29:12,835 - INFO - [The Hindu] Attempt 1/1: Trying with 'selenium_browser' strategy...
2025-12-05 10:29:13,600 - INFO - [The Hindu] Page content loaded.
2025-12-05 10:29:13,734 - INFO - [The Hindu] Success with 'selenium_browser'. Found content (201 words).
2025-12-05 10:29:13,832 - INFO - Saved article: Actor Shiva Rajkumar seeks Goddess Durga’s blessings for his biopic on Gummadi Narasaiah - The Hindu from The Hindu
2025-12-05 10:29:15,119 - INFO - [The Hindu] Article: https://www.thehindu.com/news/national/will-continue-uninterrupted-fuel-shipments-to-india-says-vladimir-putin/article70361389.ece
2025-12-05 10:29:15,120 - INFO - [The Hindu] Attempt 1/1: Trying with 'selenium_browser' strategy...
2025-12-05 10:29:16,133 - INFO - [The Hindu] Page content loaded.
2025-12-05 10:29:16,216 - INFO - [The Hindu] Success with 'selenium_browser'. Found content (228 words).
2025-12-05 10:29:16,308 - INFO - Saved article: Will continue ‘uninterrupted’ fuel shipments to India, says Vladimir Putin - The Hindu from The Hindu
2025-12-05 10:29:17,685 - INFO - [The Hindu] Article: https://www.thehindu.com/news/national/tamil-nadu/dmk-bjp-members-face-off-in-lok-sabha-over-karthigai-deepam-at-thirupparankundram-madurai-temple/article70361308.ece
2025-12-05 10:29:17,685 - INFO - [The Hindu] Attempt 1/1: Trying with 'selenium_browser' strategy...
2025-12-05 10:29:18,653 - INFO - [The Hindu] Page content loaded.
2025-12-05 10:29:18,701 - INFO - [The Hindu] Success with 'selenium_browser'. Found content (579 words).
2025-12-05 10:29:18,759 - INFO - Saved article: DMK, BJP members face-off in Lok Sabha over 'Karthigai Deepam' at Thirupparankundram temple - The Hindu from The Hindu
2025-12-05 10:29:19,941 - INFO - [The Hindu] Article: https://www.thehindu.com/news/national/aaps-raghav-chadha-demands-ban-on-10-minute-delivery-services-protection-for-gig-workers/article70361292.ece
2025-12-05 10:29:19,942 - INFO - [The Hindu] Attempt 1/1: Trying with 'selenium_browser' strategy...
2025-12-05 10:29:20,833 - INFO - [The Hindu] Page content loaded.
2025-12-05 10:29:20,958 - INFO - [The Hindu] Success with 'selenium_browser'. Found content (388 words).
2025-12-05 10:29:21,038 - INFO - Saved article: AAP's Raghav Chadha demands ban on 10-minute delivery services, protection for gig workers - The Hindu from The Hindu
2025-12-05 10:29:21,775 - INFO - [The Hindu] Article: https://www.thehindu.com/news/national/pti-tass-sign-agreement-for-exchange-of-news-content-on-india-russia/article70361309.ece
2025-12-05 10:29:21,775 - INFO - [The Hindu] Attempt 1/1: Trying with 'selenium_browser' strategy...
2025-12-05 10:29:22,538 - INFO - [The Hindu] Page content loaded.
2025-12-05 10:29:22,605 - INFO - [The Hindu] Success with 'selenium_browser'. Found content (380 words).
2025-12-05 10:29:22,698 - INFO - Saved article: PTI, TASS sign agreement for exchange of news content on India, Russia - The Hindu from The Hindu
2025-12-05 10:29:23,204 - INFO - [The Hindu] Article: https://www.thehindu.com/news/national/sudha-murty-urges-government-to-set-norms-on-portrayal-of-children-on-social-media-platforms/article70361261.ece
2025-12-05 10:29:23,205 - INFO - [The Hindu] Attempt 1/1: Trying with 'selenium_browser' strategy...
2025-12-05 10:29:24,112 - INFO - [The Hindu] Page content loaded.
2025-12-05 10:29:24,160 - INFO - [The Hindu] Success with 'selenium_browser'. Found content (396 words).
2025-12-05 10:29:24,231 - INFO - Saved article: Sudha Murty urges Government to set norms on portrayal of children on social media platforms - The Hindu from The Hindu
2025-12-05 10:29:25,365 - INFO - [The Hindu] Article: https://www.thehindu.com/news/national/kerala/reach-a-consensus-on-most-meritorious-names-for-vcs-by-dec-9-or-we-will-make-the-appointments-sc-to-kerala-governor-cm/article70361111.ece
2025-12-05 10:29:25,366 - INFO - [The Hindu] Attempt 1/1: Trying with 'selenium_browser' strategy...
2025-12-05 10:29:26,219 - INFO - [The Hindu] Page content loaded.
2025-12-05 10:29:26,344 - INFO - [The Hindu] Success with 'selenium_browser'. Found content (447 words).
2025-12-05 10:29:26,435 - INFO - Saved article: Reach a consensus on ‘most meritorious’ names for VCs by December 9: SC to Kerala Governor, CM - The Hindu from The Hindu
2025-12-05 10:29:27,809 - INFO - [The Hindu] Article: https://www.thehindu.com/news/national/tamil-nadu/three-annamalai-university-faculty-get-funding-worth-34-crore-from-centre/article70360788.ece
2025-12-05 10:29:27,810 - INFO - [The Hindu] Attempt 1/1: Trying with 'selenium_browser' strategy...
2025-12-05 10:29:28,685 - INFO - [The Hindu] Page content loaded.
2025-12-05 10:29:29,000 - INFO - [The Hindu] Success with 'selenium_browser'. Found content (262 words).
2025-12-05 10:29:29,088 - INFO - Saved article: Three Annamalai University faculty get funding worth ₹3.4 crore from Centre - The Hindu from The Hindu
2025-12-05 10:29:29,938 - INFO - [The Hindu] (Thread) Finished. Attempting to shut down its Selenium driver.
2025-12-05 10:29:30,080 - INFO - [The Hindu] (Thread) driver.quit() successful.
2025-12-05 10:29:56,954 - ERROR - [Times of India] Request failed for strategy 'selenium_browser' on URL https://timesofindia.indiatimes.com/world/us/dc-pipe-bomb-case-accused-brian-coles-photo-resurfaces-first-public-look-since-arrest/articleshow/125780857.cms: Message: timeout: Timed out receiving message from renderer: 59.779
  (Session info: chrome=142.0.7444.175)
Stacktrace:
#0 0x5557667474ca <unknown>
#1 0x555766195e4b <unknown>
#2 0x55576617de14 <unknown>
#3 0x55576617daf7 <unknown>
#4 0x55576617b8ff <unknown>
#5 0x55576617c27f <unknown>
#6 0x55576618acb3 <unknown>
#7 0x5557661a45f1 <unknown>
#8 0x5557661aadfb <unknown>
#9 0x55576617c9bd <unknown>
#10 0x5557661a4399 <unknown>
#11 0x555766235169 <unknown>
#12 0x5557661dac2a <unknown>
#13 0x5557661db931 <unknown>
#14 0x55576670dcf9 <unknown>
#15 0x555766710cdc <unknown>
#16 0x5557666f6f79 <unknown>
#17 0x5557667118b5 <unknown>
#18 0x5557666de9c3 <unknown>
#19 0x555766734228 <unknown>
#20 0x555766734403 <unknown>
#21 0x555766746463 <unknown>
#22 0x7fa6ee69caa4 <unknown>
#23 0x7fa6ee729c6c <unknown>

2025-12-05 10:29:56,955 - ERROR - [Times of India] All scrape strategies failed for https://timesofindia.indiatimes.com/world/us/dc-pipe-bomb-case-accused-brian-coles-photo-resurfaces-first-public-look-since-arrest/articleshow/125780857.cms. Falling back to RSS description.
2025-12-05 10:29:56,958 - INFO - Duplicate article skipped: DC pipe bomb case: Accused Brian Cole’s photo resurfaces; first public look since arrest from Times of India
2025-12-05 10:29:58,133 - INFO - [Times of India] Article: https://timesofindia.indiatimes.com/world/europe/who-is-luiza-rozova-putins-secret-daughter-says-really-sorry-for-her-fathers-ukraine-war-when-confronted-watch/articleshow/125778528.cms
2025-12-05 10:29:58,133 - INFO - [Times of India] Attempt 1/1: Trying with 'selenium_browser' strategy...
2025-12-05 10:29:58,954 - INFO - [Times of India] Page content loaded.
2025-12-05 10:29:59,098 - INFO - [Times of India] Success with 'selenium_browser'. Found content (361 words).
2025-12-05 10:29:59,160 - INFO - Saved article: Who is Luiza Rozova? Putin’s alleged secret daughter says she’s ‘really sorry’ for her father’s Ukraine war — watch - The Times of India from Times of India
2025-12-05 10:30:00,466 - INFO - [Times of India] Article: https://timesofindia.indiatimes.com/world/us-streamers/i-will-be-naming-candace-owens-alleges-tpusa-leaders-betrayed-charlie-kirk-before-deadly-shooting-and-vows-to-show-evidence/articleshow/125728624.cms
2025-12-05 10:30:00,466 - INFO - [Times of India] Attempt 1/1: Trying with 'selenium_browser' strategy...
2025-12-05 10:30:01,183 - INFO - [Times of India] Page content loaded.
2025-12-05 10:30:01,312 - INFO - [Times of India] Success with 'selenium_browser'. Found content (426 words).
2025-12-05 10:30:01,445 - INFO - Duplicate article skipped: Candace Owens alleges TPUSA leaders betrayed Charlie Kirk before deadly shooting and vows to show evidence - The Times of India from Times of India
2025-12-05 10:30:02,187 - INFO - [Times of India] Article: https://timesofindia.indiatimes.com/world/us/nyc-encampment-sweeps-to-end-mamdani-promises-housing-focus-adams-team-defends-record/articleshow/125780935.cms
2025-12-05 10:30:02,188 - INFO - [Times of India] Attempt 1/1: Trying with 'selenium_browser' strategy...
2025-12-05 10:30:03,627 - INFO - [Times of India] Page content loaded.
2025-12-05 10:30:03,769 - INFO - [Times of India] Success with 'selenium_browser'. Found content (304 words).
2025-12-05 10:30:03,839 - INFO - Duplicate article skipped: NYC encampment sweeps to end? Mamdani promises housing focus; Adams team defends record - The Times of India from Times of India
2025-12-05 10:30:04,806 - INFO - [Times of India] Article: https://timesofindia.indiatimes.com/world/middle-east/faulty-intel-family-after-us-raid-kills-syrian-undercover-agent-islamic-state-militant-was-target/articleshow/125783298.cms
2025-12-05 10:30:04,807 - INFO - [Times of India] Attempt 1/1: Trying with 'selenium_browser' strategy...
2025-12-05 10:30:06,247 - INFO - [Times of India] Page content loaded.
2025-12-05 10:30:06,403 - INFO - [Times of India] Success with 'selenium_browser'. Found content (472 words).
2025-12-05 10:30:06,467 - INFO - Duplicate article skipped: ‘Faulty intel’: Family after US raid kills Syrian undercover agent; Islamic State militant was target - The Times of India from Times of India
2025-12-05 10:30:07,050 - INFO - [Times of India] Article: https://timesofindia.indiatimes.com/science/esa-discovers-butterfly-shaped-crater-on-mars-revealing-impact-volcanic-activity-and-possible-water/articleshow/125780877.cms
2025-12-05 10:30:07,051 - INFO - [Times of India] Attempt 1/1: Trying with 'selenium_browser' strategy...
2025-12-05 10:30:07,875 - INFO - [Times of India] Page content loaded.
2025-12-05 10:30:08,002 - INFO - [Times of India] Success with 'selenium_browser'. Found content (618 words).
2025-12-05 10:30:08,063 - INFO - Duplicate article skipped: ESA discovers butterfly-shaped crater on Mars revealing impact, volcanic activity, and possible water | - The Times of India from Times of India
2025-12-05 10:30:09,421 - INFO - [Times of India] Article: https://timesofindia.indiatimes.com/world/europe/putin-authorized-2018-novichok-attack-on-skripal-in-reckless-display-of-power-uk-inquiry/articleshow/125779661.cms
2025-12-05 10:30:09,422 - INFO - [Times of India] Attempt 1/1: Trying with 'selenium_browser' strategy...
2025-12-05 10:30:10,101 - INFO - [Times of India] Page content loaded.
2025-12-05 10:30:10,251 - INFO - [Times of India] Success with 'selenium_browser'. Found content (766 words).
2025-12-05 10:30:10,304 - INFO - Duplicate article skipped: Putin authorized 2018 Novichok attack on Skripal in 'reckless' display of power: UK inquiry - The Times of India from Times of India
2025-12-05 10:30:11,096 - INFO - [Times of India] Article: https://timesofindia.indiatimes.com/world/us-streamers/candace-owens-drops-fierce-claim-as-federal-agent-tip-links-tpusa-to-hidden-egyptian-planes-story-in-charlie-kirk-assassination-case/articleshow/125777687.cms
2025-12-05 10:30:11,096 - INFO - [Times of India] Attempt 1/1: Trying with 'selenium_browser' strategy...
2025-12-05 10:30:11,635 - INFO - [Times of India] Page content loaded.
2025-12-05 10:30:11,830 - INFO - [Times of India] Success with 'selenium_browser'. Found content (503 words).
2025-12-05 10:30:11,884 - INFO - Duplicate article skipped: Candace Owens drops fierce claim as federal agent tip links TPUSA to hidden Egyptian planes story in Charlie Kirk assassination case - The Times of India from Times of India
2025-12-05 10:30:13,122 - INFO - [Times of India] Article: https://timesofindia.indiatimes.com/world/us/dozens-arrested-in-new-orleans-ice-siege-victims-recount-horrid-experience-call-it-racial-profiling/articleshow/125779682.cms
2025-12-05 10:30:13,122 - INFO - [Times of India] Attempt 1/1: Trying with 'selenium_browser' strategy...
2025-12-05 10:30:13,986 - INFO - [Times of India] Page content loaded.
2025-12-05 10:30:14,102 - INFO - [Times of India] Success with 'selenium_browser'. Found content (459 words).
2025-12-05 10:30:14,167 - INFO - Duplicate article skipped: Dozens arrested in New Orleans ICE siege: Victims recount horrid experience, call it ‘racial profiling’ - The Times of India from Times of India
2025-12-05 10:30:15,088 - INFO - [Times of India] Article: https://timesofindia.indiatimes.com/etimes/trending/very-strange-case-search-intensifies-for-british-teen-missing-near-romanias-draculas-castle/articleshow/125780570.cms
2025-12-05 10:30:15,088 - INFO - [Times of India] Attempt 1/1: Trying with 'selenium_browser' strategy...
2025-12-05 10:30:26,523 - WARNING - [Times of India] Page timed out (10s). No <p> tags found. Proceeding anyway.
2025-12-05 10:30:26,700 - INFO - [Times of India] Success with 'selenium_browser'. Found content (829 words).
2025-12-05 10:30:26,797 - INFO - Duplicate article skipped: 'very strange case': Search intensifies for British teen missing near Romania’s 'Dracula’s Castle' | - The Times of India from Times of India
2025-12-05 10:30:27,587 - INFO - [Times of India] (Thread) Finished. Attempting to shut down its Selenium driver.
2025-12-05 10:30:27,862 - INFO - [Times of India] (Thread) driver.quit() successful.
2025-12-05 10:30:27,863 - INFO - Shutting down thread pool (wait=False)...
2025-12-05 10:30:27,863 - INFO - Scraped: 10 The Hindu, 1 Times of India, 2 BBC, 0 The Guardian articles. (Total saved: 13)
2025-12-05 10:30:27,863 - INFO - --- Scraping job finished ---
2025-12-05 10:30:27,869 - INFO - --- Scraper service stopped and database connection closed. ---
2025-12-05 10:30:27,869 - INFO - --- Main thread finished. Forcing process exit to kill zombie threads. ---
