2026-01-07 04:46:11,127 - INFO - Initializing database connection at: news_articles.db
2026-01-07 04:46:11,128 - INFO - --- Scraper service started (CI Mode: Run Once) ---
2026-01-07 04:46:11,128 - INFO - --- Starting new scraping job (Parallel Mode) ---
2026-01-07 04:46:11,128 - INFO - Creating new robust session with 3 retries on 5xx/connection/read errors.
2026-01-07 04:46:11,128 - INFO - Proxy is DISABLED.
2026-01-07 04:46:11,128 - INFO - Starting scrape for BBC RSS feed: http://feeds.bbci.co.uk/news/world/rss.xml
2026-01-07 04:46:11,129 - INFO - [Times of India] (Thread) requires Selenium. Initializing driver...
2026-01-07 04:46:11,129 - INFO - Initializing headless Selenium Chrome driver (using SeleniumManager)...
2026-01-07 04:46:11,129 - INFO - Starting scrape for The Guardian RSS feed: https://www.theguardian.com/world/rss
2026-01-07 04:46:11,130 - INFO - [The Hindu] (Thread) requires Selenium. Initializing driver...
2026-01-07 04:46:11,130 - INFO - Initializing headless Selenium Chrome driver (using SeleniumManager)...
2026-01-07 04:46:11,131 - INFO - Submitted 4 jobs to thread pool. Waiting up to 300s for completion...
2026-01-07 04:46:11,227 - INFO - Found 45 articles in The Guardian RSS feed. Processing up to 10.
2026-01-07 04:46:11,227 - INFO - [The Guardian] Article: https://www.theguardian.com/world/2026/jan/02/anthony-joshuas-driver-charged-with-dangerous-driving-after-fatal-crash-in-nigeria
2026-01-07 04:46:11,227 - INFO - [The Guardian] Attempt 1/1: Trying with 'requests_browser' strategy...
2026-01-07 04:46:11,382 - INFO - Found 35 articles in BBC RSS feed. Processing up to 10.
2026-01-07 04:46:11,382 - INFO - [BBC] Article: https://www.bbc.com/news/articles/c17zee20qpzo?at_medium=RSS&at_campaign=rss
2026-01-07 04:46:11,382 - INFO - [BBC] Attempt 1/1: Trying with 'requests_browser' strategy...
2026-01-07 04:46:11,401 - INFO - [The Guardian] Success with 'requests_browser'. Found content (346 words).
2026-01-07 04:46:11,436 - INFO - Duplicate article skipped: Anthony Joshua’s driver charged with dangerous driving after fatal crash in Nigeria | Anthony Joshua | The Guardian from The Guardian
2026-01-07 04:46:11,587 - INFO - [BBC] Success with 'requests_browser'. Found content (915 words).
2026-01-07 04:46:11,623 - INFO - Duplicate article skipped: UK and France to send troops to Ukraine if peace deal agreed with Russia from BBC
2026-01-07 04:46:12,195 - INFO - [The Guardian] Article: https://www.theguardian.com/science/2026/jan/01/cremation-pyre-in-africa-thought-to-be-worlds-oldest-containing-adult-remains
2026-01-07 04:46:12,196 - INFO - [The Guardian] Attempt 1/1: Trying with 'requests_browser' strategy...
2026-01-07 04:46:12,217 - INFO - [The Guardian] Success with 'requests_browser'. Found content (653 words).
2026-01-07 04:46:12,252 - INFO - Duplicate article skipped: Cremation pyre in Africa thought to be world’s oldest containing adult remains | Anthropology | The Guardian from The Guardian
2026-01-07 04:46:12,792 - INFO - [BBC] Article: https://www.bbc.com/news/articles/cd6w4y0eq70o?at_medium=RSS&at_campaign=rss
2026-01-07 04:46:12,792 - INFO - [BBC] Attempt 1/1: Trying with 'requests_browser' strategy...
2026-01-07 04:46:12,825 - INFO - [BBC] Success with 'requests_browser'. Found content (662 words).
2026-01-07 04:46:12,863 - INFO - Duplicate article skipped: Venezuelan security forces detain journalists from foreign news organisations from BBC
2026-01-07 04:46:13,464 - INFO - [The Guardian] Article: https://www.theguardian.com/global-development/2026/jan/01/us-aid-cuts-conditions-un-humanitarian-pledge-ocha
2026-01-07 04:46:13,465 - INFO - [The Guardian] Attempt 1/1: Trying with 'requests_browser' strategy...
2026-01-07 04:46:13,490 - INFO - [The Guardian] Success with 'requests_browser'. Found content (631 words).
2026-01-07 04:46:13,526 - INFO - Duplicate article skipped: US ‘adapt, shrink or die’ terms for $2bn aid pot will mean UN bowing down to Washington, say experts | Aid | The Guardian from The Guardian
2026-01-07 04:46:14,356 - INFO - [BBC] Article: https://www.bbc.com/news/articles/c7v0deypjl4o?at_medium=RSS&at_campaign=rss
2026-01-07 04:46:14,356 - INFO - [BBC] Attempt 1/1: Trying with 'requests_browser' strategy...
2026-01-07 04:46:14,379 - INFO - [The Guardian] Article: https://www.theguardian.com/world/2025/dec/31/guinea-junta-chief-mamady-doumbouya-elected-president-after-opposition-boycott
2026-01-07 04:46:14,379 - INFO - [The Guardian] Attempt 1/1: Trying with 'requests_browser' strategy...
2026-01-07 04:46:14,387 - INFO - [BBC] Success with 'requests_browser'. Found content (659 words).
2026-01-07 04:46:14,424 - INFO - Duplicate article skipped: Russia sends navy ships to guard oil tanker being pursued by US forces from BBC
2026-01-07 04:46:14,539 - INFO - [The Guardian] Success with 'requests_browser'. Found content (399 words).
2026-01-07 04:46:14,575 - INFO - Duplicate article skipped: Guinea’s junta chief elected president after opposition boycott | Guinea | The Guardian from The Guardian
2026-01-07 04:46:15,888 - INFO - [BBC] Article: https://www.bbc.com/news/articles/czjg37p34r3o?at_medium=RSS&at_campaign=rss
2026-01-07 04:46:15,888 - INFO - [BBC] Attempt 1/1: Trying with 'requests_browser' strategy...
2026-01-07 04:46:15,914 - INFO - [BBC] Success with 'requests_browser'. Found content (573 words).
2026-01-07 04:46:15,959 - INFO - [The Guardian] Article: https://www.theguardian.com/world/2025/dec/30/saudi-arabia-uae-tension-future-yemen-boiling-point
2026-01-07 04:46:15,960 - INFO - [The Guardian] Attempt 1/1: Trying with 'requests_browser' strategy...
2026-01-07 04:46:15,961 - INFO - Duplicate article skipped: Six dead and hundreds of flights cancelled as snow causes chaos across Europe from BBC
2026-01-07 04:46:16,120 - INFO - [The Guardian] Success with 'requests_browser'. Found content (932 words).
2026-01-07 04:46:16,165 - INFO - Duplicate article skipped: Tensions between Saudis and Emiratis over future of Yemen reach boiling point | Yemen | The Guardian from The Guardian
2026-01-07 04:46:16,514 - INFO - [BBC] Article: https://www.bbc.com/news/articles/cre28d2j2zxo?at_medium=RSS&at_campaign=rss
2026-01-07 04:46:16,514 - INFO - [BBC] Attempt 1/1: Trying with 'requests_browser' strategy...
2026-01-07 04:46:16,547 - INFO - [BBC] Success with 'requests_browser'. Found content (1261 words).
2026-01-07 04:46:16,607 - INFO - Duplicate article skipped: Iran anti-government protests spread to majority of provinces, videos show from BBC
2026-01-07 04:46:16,797 - INFO - [The Guardian] Article: https://www.theguardian.com/world/live/2026/jan/06/venezuela-live-updates-maduro-trump-us-attack-opposition-machado-return
2026-01-07 04:46:16,797 - INFO - [The Guardian] Attempt 1/1: Trying with 'requests_browser' strategy...
2026-01-07 04:46:17,036 - INFO - [The Guardian] Success with 'requests_browser'. Found content (4263 words).
2026-01-07 04:46:17,130 - INFO - Duplicate article skipped: Trump renews push to acquire Greenland, says US will get millions of barrels of Venezuelan oil – as it happened | US Capitol attack | The Guardian from The Guardian
2026-01-07 04:46:17,303 - INFO - [BBC] Article: https://www.bbc.com/news/articles/c07xkeee2k3o?at_medium=RSS&at_campaign=rss
2026-01-07 04:46:17,303 - INFO - [BBC] Attempt 1/1: Trying with 'requests_browser' strategy...
2026-01-07 04:46:17,332 - INFO - [BBC] Success with 'requests_browser'. Found content (693 words).
2026-01-07 04:46:17,375 - INFO - Duplicate article skipped: European allies back Denmark over Trump's threat to annex Greenland from BBC
2026-01-07 04:46:18,128 - INFO - [The Guardian] Article: https://www.theguardian.com/world/2026/jan/07/venezuela-oil-trump-us-latest
2026-01-07 04:46:18,128 - INFO - [The Guardian] Attempt 1/1: Trying with 'requests_browser' strategy...
2026-01-07 04:46:18,149 - INFO - [The Guardian] Success with 'requests_browser'. Found content (637 words).
2026-01-07 04:46:18,185 - INFO - Duplicate article skipped: Venezuela ‘turning over’ $2bn in oil to US, Trump says, in move that could cut supply to China | Venezuela | The Guardian from The Guardian
2026-01-07 04:46:18,357 - INFO - Selenium driver initialized successfully.
2026-01-07 04:46:18,357 - INFO - Selenium driver initialized successfully.
2026-01-07 04:46:18,357 - INFO - Starting scrape for Times of India RSS feed: https://timesofindia.indiatimes.com/rssfeeds/296589292.cms
2026-01-07 04:46:18,357 - INFO - Starting scrape for The Hindu RSS feed: https://www.thehindu.com/news/national/feeder/default.rss
2026-01-07 04:46:18,442 - INFO - Found 20 articles in Times of India RSS feed. Processing up to 10.
2026-01-07 04:46:18,442 - INFO - [Times of India] Article: https://timesofindia.indiatimes.com/world/rest-of-world/we-are-in-charge-venezuela-interim-leader-delcy-rodriguez-rejects-trumps-control-claim-7-days-mourning-declared/articleshow/126384933.cms
2026-01-07 04:46:18,442 - INFO - [Times of India] Attempt 1/1: Trying with 'selenium_browser' strategy...
2026-01-07 04:46:18,473 - INFO - Found 100 articles in The Hindu RSS feed. Processing up to 10.
2026-01-07 04:46:18,473 - INFO - [The Hindu] Article: https://www.thehindu.com/news/national/jammu-and-kashmir/jk-police-raids-multiple-locations-across-valley-in-cyber-terror-case/article70480783.ece
2026-01-07 04:46:18,473 - INFO - [The Hindu] Attempt 1/1: Trying with 'selenium_browser' strategy...
2026-01-07 04:46:18,710 - INFO - [BBC] Article: https://www.bbc.com/news/articles/c74w54783zeo?at_medium=RSS&at_campaign=rss
2026-01-07 04:46:18,711 - INFO - [BBC] Attempt 1/1: Trying with 'requests_browser' strategy...
2026-01-07 04:46:18,743 - INFO - [BBC] Success with 'requests_browser'. Found content (341 words).
2026-01-07 04:46:18,783 - INFO - Duplicate article skipped: Sudan civil war: Children among 13 killed after drone hits home in el-Obeid city, medics say from BBC
2026-01-07 04:46:19,433 - INFO - [BBC] Article: https://www.bbc.com/news/articles/cpv7myg2nw4o?at_medium=RSS&at_campaign=rss
2026-01-07 04:46:19,433 - INFO - [BBC] Attempt 1/1: Trying with 'requests_browser' strategy...
2026-01-07 04:46:19,494 - INFO - [BBC] Success with 'requests_browser'. Found content (634 words).
2026-01-07 04:46:19,572 - INFO - Duplicate article skipped: Zelensky replaces Ukraine's powerful security service leadership from BBC
2026-01-07 04:46:19,583 - INFO - [The Guardian] Article: https://www.theguardian.com/world/2026/jan/06/nicolas-maduro-tries-to-imitate-my-dance-says-donald-trump
2026-01-07 04:46:19,583 - INFO - [The Guardian] Attempt 1/1: Trying with 'requests_browser' strategy...
2026-01-07 04:46:19,632 - INFO - [The Guardian] Success with 'requests_browser'. Found content (333 words).
2026-01-07 04:46:19,719 - INFO - Duplicate article skipped: Nicolás Maduro ‘tries to imitate my dance’, says Trump in latest accusation | Nicolás Maduro | The Guardian from The Guardian
2026-01-07 04:46:20,401 - INFO - [The Guardian] Article: https://www.theguardian.com/world/2026/jan/07/caracas-venezuela-paramilitary-groups
2026-01-07 04:46:20,402 - INFO - [The Guardian] Attempt 1/1: Trying with 'requests_browser' strategy...
2026-01-07 04:46:20,445 - INFO - [The Guardian] Success with 'requests_browser'. Found content (835 words).
2026-01-07 04:46:20,562 - INFO - [BBC] Article: https://www.bbc.com/news/articles/cdx4zxk1np0o?at_medium=RSS&at_campaign=rss
2026-01-07 04:46:20,563 - INFO - [BBC] Attempt 1/1: Trying with 'requests_browser' strategy...
2026-01-07 04:46:20,650 - INFO - Duplicate article skipped: Armed militias deployed in Venezuela as regime attempts to impose authority | US attack on Venezuela | The Guardian from The Guardian
2026-01-07 04:46:20,682 - INFO - [BBC] Success with 'requests_browser'. Found content (691 words).
2026-01-07 04:46:20,827 - INFO - Duplicate article skipped: Swiss ski bar not inspected for five years before deadly fire, mayor says from BBC
2026-01-07 04:46:21,359 - INFO - [BBC] Article: https://www.bbc.com/news/articles/c74vx4n003xo?at_medium=RSS&at_campaign=rss
2026-01-07 04:46:21,359 - INFO - [BBC] Attempt 1/1: Trying with 'requests_browser' strategy...
2026-01-07 04:46:21,455 - INFO - [BBC] Success with 'requests_browser'. Found content (580 words).
2026-01-07 04:46:21,543 - INFO - Duplicate article skipped: Macron hosts Ukraine and allies to try to cement security guarantees from BBC
2026-01-07 04:46:21,914 - INFO - [The Guardian] Article: https://www.theguardian.com/us-news/2026/jan/06/trump-oil-companies-venezuela
2026-01-07 04:46:21,914 - INFO - [The Guardian] Attempt 1/1: Trying with 'requests_browser' strategy...
2026-01-07 04:46:22,032 - INFO - [The Guardian] Success with 'requests_browser'. Found content (780 words).
2026-01-07 04:46:22,241 - INFO - Duplicate article skipped: Trump says US companies will invest billions in Venezuelan oil production. Experts aren’t so sure | Trump administration | The Guardian from The Guardian
2026-01-07 04:46:25,157 - INFO - [The Hindu] Page content loaded.
2026-01-07 04:46:25,456 - INFO - [The Hindu] Success with 'selenium_browser'. Found content (110 words).
2026-01-07 04:46:26,338 - INFO - Saved article: J&K Police raids multiple locations across valley in cyber terror case - The Hindu from The Hindu
2026-01-07 04:46:27,276 - INFO - [The Hindu] Article: https://www.thehindu.com/news/national/tamil-nadu/how-the-tamil-nadu-legislature-in-the-late-1940s-viewed-the-making-of-the-constitution/article70479085.ece
2026-01-07 04:46:27,276 - INFO - [The Hindu] Attempt 1/1: Trying with 'selenium_browser' strategy...
2026-01-07 04:46:30,251 - INFO - [The Hindu] Page content loaded.
2026-01-07 04:46:30,603 - INFO - [The Hindu] Success with 'selenium_browser'. Found content (1223 words).
2026-01-07 04:46:30,845 - INFO - Duplicate article skipped: How the Tamil Nadu legislature, in the late 1940s, viewed the making of the Constitution - The Hindu from The Hindu
2026-01-07 04:46:31,576 - INFO - [The Hindu] Article: https://www.thehindu.com/news/cities/chennai/around-120-houses-to-be-removed-for-construction-of-steel-bridge-across-buckingham-canal-at-thoraipakkam/article70479339.ece
2026-01-07 04:46:31,577 - INFO - [The Hindu] Attempt 1/1: Trying with 'selenium_browser' strategy...
2026-01-07 04:46:33,104 - INFO - [The Hindu] Page content loaded.
2026-01-07 04:46:33,329 - INFO - [The Hindu] Success with 'selenium_browser'. Found content (351 words).
2026-01-07 04:46:33,427 - INFO - Duplicate article skipped: Around 120 houses to be removed for construction of steel bridge across Buckingham Canal at Thoraipakkam - The Hindu from The Hindu
2026-01-07 04:46:33,973 - INFO - [The Hindu] Article: https://www.thehindu.com/news/national/tamil-nadu/man-held-for-death-of-couple-in-tiruvannamalai/article70478407.ece
2026-01-07 04:46:33,973 - INFO - [The Hindu] Attempt 1/1: Trying with 'selenium_browser' strategy...
2026-01-07 04:46:37,863 - INFO - [The Hindu] Page content loaded.
2026-01-07 04:46:37,907 - INFO - [The Hindu] Success with 'selenium_browser'. Found content (261 words).
2026-01-07 04:46:37,978 - INFO - Duplicate article skipped: Man held for death of couple in Tiruvannamalai - The Hindu from The Hindu
2026-01-07 04:46:38,574 - INFO - [The Hindu] Article: https://www.thehindu.com/news/national/tamil-nadu/food-safety-officials-seize-one-tonne-of-adulterated-jaggery-in-vellore/article70478356.ece
2026-01-07 04:46:38,574 - INFO - [The Hindu] Attempt 1/1: Trying with 'selenium_browser' strategy...
2026-01-07 04:46:39,084 - INFO - [The Hindu] Page content loaded.
2026-01-07 04:46:39,127 - INFO - [The Hindu] Success with 'selenium_browser'. Found content (456 words).
2026-01-07 04:46:39,210 - INFO - Duplicate article skipped: Food safety officials seize one tonne of adulterated jaggery in Vellore - The Hindu from The Hindu
2026-01-07 04:46:40,698 - INFO - [The Hindu] Article: https://www.thehindu.com/news/national/tamil-nadu/man-held-for-illegal-sand-mining-in-vellore/article70478397.ece
2026-01-07 04:46:40,698 - INFO - [The Hindu] Attempt 1/1: Trying with 'selenium_browser' strategy...
2026-01-07 04:46:41,521 - INFO - [The Hindu] Page content loaded.
2026-01-07 04:46:41,577 - INFO - [The Hindu] Success with 'selenium_browser'. Found content (156 words).
2026-01-07 04:46:41,647 - INFO - Duplicate article skipped: Man held for illegal sand mining in Vellore - The Hindu from The Hindu
2026-01-07 04:46:42,949 - INFO - [The Hindu] Article: https://www.thehindu.com/news/national/tamil-nadu/collector-flags-off-road-safety-awareness-rally-in-vellore/article70478388.ece
2026-01-07 04:46:42,949 - INFO - [The Hindu] Attempt 1/1: Trying with 'selenium_browser' strategy...
2026-01-07 04:46:44,406 - INFO - [The Hindu] Page content loaded.
2026-01-07 04:46:44,506 - INFO - [The Hindu] Success with 'selenium_browser'. Found content (200 words).
2026-01-07 04:46:44,604 - INFO - Duplicate article skipped: Collector flags off road safety awareness rally in Vellore - The Hindu from The Hindu
2026-01-07 04:46:45,639 - INFO - [The Hindu] Article: https://www.thehindu.com/news/national/tamil-nadu/tn-chief-minister-vs-governor-when-eggs-stones-were-hurled-at-channa-reddy-convoy-and-jayalalithaa-sought-his-recall-in-1995/article70478566.ece
2026-01-07 04:46:45,639 - INFO - [The Hindu] Attempt 1/1: Trying with 'selenium_browser' strategy...
2026-01-07 04:46:47,084 - INFO - [The Hindu] Page content loaded.
2026-01-07 04:46:47,137 - INFO - [The Hindu] Success with 'selenium_browser'. Found content (911 words).
2026-01-07 04:46:47,190 - INFO - Duplicate article skipped: Tamil Nadu CM vs. Governor: When eggs, stones were hurled at Channa Reddy’s convoy and Jayalalithaa sought his recall in 1995 - The Hindu from The Hindu
2026-01-07 04:46:48,533 - INFO - [The Hindu] Article: https://www.thehindu.com/news/national/karnataka/five-days-after-ballari-sp-suspended-no-replacement-yet/article70477994.ece
2026-01-07 04:46:48,533 - INFO - [The Hindu] Attempt 1/1: Trying with 'selenium_browser' strategy...
2026-01-07 04:46:50,546 - INFO - [The Hindu] Page content loaded.
2026-01-07 04:46:50,726 - INFO - [The Hindu] Success with 'selenium_browser'. Found content (287 words).
2026-01-07 04:46:50,834 - INFO - Duplicate article skipped: Five days after Ballari SP suspended, no replacement yet - The Hindu from The Hindu
2026-01-07 04:46:51,585 - INFO - [The Hindu] Article: https://www.thehindu.com/news/national/karnataka/bjp-local-leaders-resolve-to-go-it-alone-in-local-bodies-polls-in-mandya/article70478259.ece
2026-01-07 04:46:51,585 - INFO - [The Hindu] Attempt 1/1: Trying with 'selenium_browser' strategy...
2026-01-07 04:46:53,664 - INFO - [The Hindu] Page content loaded.
2026-01-07 04:46:53,852 - INFO - [The Hindu] Success with 'selenium_browser'. Found content (212 words).
2026-01-07 04:46:54,016 - INFO - Duplicate article skipped: BJP local leaders resolve to go it alone in local bodies polls in Mandya - The Hindu from The Hindu
2026-01-07 04:46:54,730 - INFO - [The Hindu] (Thread) Finished. Attempting to shut down its Selenium driver.
2026-01-07 04:46:55,059 - INFO - [The Hindu] (Thread) driver.quit() successful.
2026-01-07 04:48:18,543 - ERROR - [Times of India] Request failed for strategy 'selenium_browser' on URL https://timesofindia.indiatimes.com/world/rest-of-world/we-are-in-charge-venezuela-interim-leader-delcy-rodriguez-rejects-trumps-control-claim-7-days-mourning-declared/articleshow/126384933.cms: HTTPConnectionPool(host='localhost', port=56521): Read timed out. (read timeout=120)
2026-01-07 04:48:18,543 - ERROR - [Times of India] All scrape strategies failed for https://timesofindia.indiatimes.com/world/rest-of-world/we-are-in-charge-venezuela-interim-leader-delcy-rodriguez-rejects-trumps-control-claim-7-days-mourning-declared/articleshow/126384933.cms. Falling back to RSS description.
2026-01-07 04:48:18,544 - INFO - Saved article: Venezuela's Delcy Rodriguez rejects Trump’s control claim; 7 days mourning declared from Times of India
2026-01-07 04:48:19,504 - INFO - [Times of India] Article: https://timesofindia.indiatimes.com/world/us/who-is-dr-tina-shah-indian-american-enters-new-jersey-democratic-primary-race-raises-over-1m/articleshow/126385565.cms
2026-01-07 04:48:19,504 - INFO - [Times of India] Attempt 1/1: Trying with 'selenium_browser' strategy...
2026-01-07 04:50:19,506 - ERROR - [Times of India] Request failed for strategy 'selenium_browser' on URL https://timesofindia.indiatimes.com/world/us/who-is-dr-tina-shah-indian-american-enters-new-jersey-democratic-primary-race-raises-over-1m/articleshow/126385565.cms: HTTPConnectionPool(host='localhost', port=56521): Read timed out. (read timeout=120)
2026-01-07 04:50:19,507 - ERROR - [Times of India] All scrape strategies failed for https://timesofindia.indiatimes.com/world/us/who-is-dr-tina-shah-indian-american-enters-new-jersey-democratic-primary-race-raises-over-1m/articleshow/126385565.cms. Falling back to RSS description.
2026-01-07 04:50:19,508 - INFO - Saved article: Who is Dr Tina Shah? Indian-American enters New Jersey Democratic primary race; raises over $1m from Times of India
2026-01-07 04:50:20,620 - INFO - [Times of India] Article: https://timesofindia.indiatimes.com/world/us/trump-sir-dials-wrong-number-on-indias-apache-purchase/articleshow/126386162.cms
2026-01-07 04:50:20,620 - INFO - [Times of India] Attempt 1/1: Trying with 'selenium_browser' strategy...
2026-01-07 04:51:11,132 - CRITICAL - --- TIMEOUT: 1 scrape jobs did not complete in 300s. ---
2026-01-07 04:51:11,132 - ERROR - A thread has timed out and will be abandoned.
2026-01-07 04:51:11,132 - INFO - Shutting down thread pool (wait=False)...
2026-01-07 04:51:11,132 - INFO - Scraped: 0 BBC, 1 The Hindu, 0 The Guardian, 1 Timed_Out_Jobs articles. (Total saved: 1)
2026-01-07 04:51:11,132 - INFO - --- Scraping job finished ---
2026-01-07 04:51:11,132 - INFO - --- Scraper service stopped and database connection closed. ---
2026-01-07 04:51:11,132 - INFO - --- Main thread finished. Forcing process exit to kill zombie threads. ---
