2026-02-13 05:24:17,365 - INFO - Initializing database connection at: news_articles.db
2026-02-13 05:24:17,365 - INFO - --- Scraper service started (CI Mode: Run Once) ---
2026-02-13 05:24:17,365 - INFO - --- Starting new scraping job (Parallel Mode) ---
2026-02-13 05:24:17,365 - INFO - Creating new robust session with 3 retries on 5xx/connection/read errors.
2026-02-13 05:24:17,366 - INFO - Proxy is DISABLED.
2026-02-13 05:24:17,366 - INFO - Starting scrape for BBC RSS feed: http://feeds.bbci.co.uk/news/world/rss.xml
2026-02-13 05:24:17,366 - INFO - [Times of India] (Thread) requires Selenium. Initializing driver...
2026-02-13 05:24:17,366 - INFO - Initializing headless Selenium Chrome driver (using SeleniumManager)...
2026-02-13 05:24:17,367 - INFO - Starting scrape for The Guardian RSS feed: https://www.theguardian.com/world/rss
2026-02-13 05:24:17,367 - INFO - [The Hindu] (Thread) requires Selenium. Initializing driver...
2026-02-13 05:24:17,367 - INFO - Initializing headless Selenium Chrome driver (using SeleniumManager)...
2026-02-13 05:24:17,367 - INFO - Submitted 4 jobs to thread pool. Waiting up to 300s for completion...
2026-02-13 05:24:17,543 - INFO - Found 45 articles in The Guardian RSS feed. Processing up to 10.
2026-02-13 05:24:17,543 - INFO - [The Guardian] Article: https://www.theguardian.com/world/2026/feb/09/deaths-migrant-boat-capsizes-mediterranean-libya
2026-02-13 05:24:17,543 - INFO - [The Guardian] Attempt 1/1: Trying with 'requests_browser' strategy...
2026-02-13 05:24:17,584 - INFO - Found 24 articles in BBC RSS feed. Processing up to 10.
2026-02-13 05:24:17,584 - INFO - [BBC] Article: https://www.bbc.com/news/articles/cn0zdd7yl4vo?at_medium=RSS&at_campaign=rss
2026-02-13 05:24:17,584 - INFO - [BBC] Attempt 1/1: Trying with 'requests_browser' strategy...
2026-02-13 05:24:17,673 - INFO - [The Guardian] Success with 'requests_browser'. Found content (367 words).
2026-02-13 05:24:17,719 - INFO - Duplicate article skipped: 53 people dead or missing after migrant boat capsizes in Mediterranean | Migration | The Guardian from The Guardian
2026-02-13 05:24:17,751 - INFO - [BBC] Success with 'requests_browser'. Found content (1006 words).
2026-02-13 05:24:17,789 - INFO - Duplicate article skipped: Trump revokes landmark ruling that greenhouse gases endanger public health from BBC
2026-02-13 05:24:19,120 - INFO - [The Guardian] Article: https://www.theguardian.com/music/2026/feb/09/ebo-taylor-ghanaian-highlife-pioneer-dies-age-90
2026-02-13 05:24:19,120 - INFO - [The Guardian] Attempt 1/1: Trying with 'requests_browser' strategy...
2026-02-13 05:24:19,151 - INFO - [The Guardian] Success with 'requests_browser'. Found content (915 words).
2026-02-13 05:24:19,185 - INFO - Duplicate article skipped: Ebo Taylor, Ghanaian highlife pioneer and guitarist, dies age 90 | Music | The Guardian from The Guardian
2026-02-13 05:24:19,222 - INFO - [BBC] Article: https://www.bbc.com/news/articles/cvg8xjm8932o?at_medium=RSS&at_campaign=rss
2026-02-13 05:24:19,222 - INFO - [BBC] Attempt 1/1: Trying with 'requests_browser' strategy...
2026-02-13 05:24:19,276 - INFO - [BBC] Success with 'requests_browser'. Found content (899 words).
2026-02-13 05:24:19,319 - INFO - Duplicate article skipped: Analysis: Trump takes victory lap after biggest climate rollback yet from BBC
2026-02-13 05:24:20,101 - INFO - [BBC] Article: https://www.bbc.com/news/articles/c2lr9w29zwyo?at_medium=RSS&at_campaign=rss
2026-02-13 05:24:20,101 - INFO - [BBC] Attempt 1/1: Trying with 'requests_browser' strategy...
2026-02-13 05:24:20,148 - INFO - [BBC] Success with 'requests_browser'. Found content (719 words).
2026-02-13 05:24:20,187 - INFO - Duplicate article skipped: Minneapolis immigration enforcement operation to 'conclude', officials say from BBC
2026-02-13 05:24:20,290 - INFO - [The Guardian] Article: https://www.theguardian.com/environment/2026/feb/09/weather-tracker-spain-and-portugal-hit-by-third-fatal-storm
2026-02-13 05:24:20,290 - INFO - [The Guardian] Attempt 1/1: Trying with 'requests_browser' strategy...
2026-02-13 05:24:20,326 - INFO - [The Guardian] Success with 'requests_browser'. Found content (391 words).
2026-02-13 05:24:20,372 - INFO - Duplicate article skipped: Weather tracker: Spain and Portugal hit by third deadly storm in two weeks | Flooding | The Guardian from The Guardian
2026-02-13 05:24:20,947 - INFO - [The Guardian] Article: https://www.theguardian.com/world/2026/feb/07/sudan-rsf-drone-attack-rahad-kills-displaced-people
2026-02-13 05:24:20,947 - INFO - [The Guardian] Attempt 1/1: Trying with 'requests_browser' strategy...
2026-02-13 05:24:20,984 - INFO - [The Guardian] Success with 'requests_browser'. Found content (817 words).
2026-02-13 05:24:21,031 - INFO - Duplicate article skipped: RSF drone attack kills 24 people fleeing fighting in central Sudan, says doctors group | Sudan | The Guardian from The Guardian
2026-02-13 05:24:21,138 - INFO - [BBC] Article: https://www.bbc.com/news/articles/cn0e1g7kwglo?at_medium=RSS&at_campaign=rss
2026-02-13 05:24:21,138 - INFO - [BBC] Attempt 1/1: Trying with 'requests_browser' strategy...
2026-02-13 05:24:21,183 - INFO - [BBC] Success with 'requests_browser'. Found content (746 words).
2026-02-13 05:24:21,223 - INFO - Duplicate article skipped: Kim Ju Ae: North Korea leader Kim Jong Un chooses daughter as heir, Seoul says from BBC
2026-02-13 05:24:22,045 - INFO - [The Guardian] Article: https://www.theguardian.com/global-development/2026/feb/07/businesses-close-protest-malawi-tax-changes-electronic-invoicing-system
2026-02-13 05:24:22,045 - INFO - [The Guardian] Attempt 1/1: Trying with 'requests_browser' strategy...
2026-02-13 05:24:22,075 - INFO - [The Guardian] Success with 'requests_browser'. Found content (591 words).
2026-02-13 05:24:22,139 - INFO - Duplicate article skipped: Thousands of Malawi businesses close in protest over tax changes | Global development | The Guardian from The Guardian
2026-02-13 05:24:22,551 - INFO - [BBC] Article: https://www.bbc.com/news/articles/cwygxz81330o?at_medium=RSS&at_campaign=rss
2026-02-13 05:24:22,552 - INFO - [BBC] Attempt 1/1: Trying with 'requests_browser' strategy...
2026-02-13 05:24:22,596 - INFO - [BBC] Success with 'requests_browser'. Found content (789 words).
2026-02-13 05:24:22,640 - INFO - Duplicate article skipped: Iran fortifies underground complex near nuclear site, satellite images show from BBC
2026-02-13 05:24:23,097 - INFO - [The Guardian] Article: https://www.theguardian.com/world/2026/feb/13/tumbler-ridge-shooting-victims-remembered-canada
2026-02-13 05:24:23,098 - INFO - [The Guardian] Attempt 1/1: Trying with 'requests_browser' strategy...
2026-02-13 05:24:23,202 - INFO - [The Guardian] Success with 'requests_browser'. Found content (776 words).
2026-02-13 05:24:23,256 - INFO - Saved article: ‘The tears just keep flowing’: child victims of Tumbler Ridge shooting remembered as Carney heads to join vigil | Tumbler Ridge school shooting | The Guardian from The Guardian
2026-02-13 05:24:23,718 - INFO - [BBC] Article: https://www.bbc.com/news/articles/c2e4791re38o?at_medium=RSS&at_campaign=rss
2026-02-13 05:24:23,718 - INFO - [BBC] Attempt 1/1: Trying with 'requests_browser' strategy...
2026-02-13 05:24:23,759 - INFO - [BBC] Success with 'requests_browser'. Found content (358 words).
2026-02-13 05:24:23,798 - INFO - Duplicate article skipped: Japan says it seized Chinese vessel amid tensions with Beijing from BBC
2026-02-13 05:24:24,163 - INFO - [The Guardian] Article: https://www.theguardian.com/world/2026/feb/12/police-visited-home-of-tumbler-ridge-suspect-multiple-times-over-mental-health-concerns
2026-02-13 05:24:24,164 - INFO - [The Guardian] Attempt 1/1: Trying with 'requests_browser' strategy...
2026-02-13 05:24:24,198 - INFO - [The Guardian] Success with 'requests_browser'. Found content (924 words).
2026-02-13 05:24:24,237 - INFO - Duplicate article skipped: Police visited home of Canada school shooting suspect multiple times over mental health concerns | Canada | The Guardian from The Guardian
2026-02-13 05:24:24,614 - INFO - [BBC] Article: https://www.bbc.com/news/articles/clyz2x4yzqgo?at_medium=RSS&at_campaign=rss
2026-02-13 05:24:24,614 - INFO - [BBC] Attempt 1/1: Trying with 'requests_browser' strategy...
2026-02-13 05:24:24,664 - INFO - [BBC] Success with 'requests_browser'. Found content (738 words).
2026-02-13 05:24:24,704 - INFO - Duplicate article skipped: Tumbler Ridge shooting suspect had police visits over mental health struggles from BBC
2026-02-13 05:24:25,198 - INFO - [The Guardian] Article: https://www.theguardian.com/world/2026/feb/12/mexico-cuba-aid-oil-trump
2026-02-13 05:24:25,198 - INFO - [The Guardian] Attempt 1/1: Trying with 'requests_browser' strategy...
2026-02-13 05:24:25,232 - INFO - [The Guardian] Success with 'requests_browser'. Found content (913 words).
2026-02-13 05:24:25,274 - INFO - Duplicate article skipped: Mexico sends aid to Cuba as Sheinbaum walks diplomatic tightrope with US | Cuba | The Guardian from The Guardian
2026-02-13 05:24:25,274 - INFO - Selenium driver initialized successfully.
2026-02-13 05:24:25,274 - INFO - Starting scrape for The Hindu RSS feed: https://www.thehindu.com/news/national/feeder/default.rss
2026-02-13 05:24:25,275 - INFO - Selenium driver initialized successfully.
2026-02-13 05:24:25,275 - INFO - Starting scrape for Times of India RSS feed: https://timesofindia.indiatimes.com/rssfeeds/296589292.cms
2026-02-13 05:24:25,424 - INFO - [BBC] Article: https://www.bbc.com/news/articles/cr5lmg9l1y7o?at_medium=RSS&at_campaign=rss
2026-02-13 05:24:25,424 - INFO - [BBC] Attempt 1/1: Trying with 'requests_browser' strategy...
2026-02-13 05:24:25,464 - INFO - Found 100 articles in The Hindu RSS feed. Processing up to 10.
2026-02-13 05:24:25,465 - INFO - [The Hindu] Article: https://www.thehindu.com/news/national/maharashtra/shiv-sena-ubt-mayor-elected-in-parbhani-municipal-corporation-bjp-slams-uddhav-thackeray-on-his-candidature/article70625102.ece
2026-02-13 05:24:25,465 - INFO - [The Hindu] Attempt 1/1: Trying with 'selenium_browser' strategy...
2026-02-13 05:24:25,488 - INFO - [BBC] Success with 'requests_browser'. Found content (270 words).
2026-02-13 05:24:25,526 - INFO - Duplicate article skipped: Taylor Swift wants to block Cathay Home 'Swift Home' trademark from BBC
2026-02-13 05:24:25,823 - INFO - Found 20 articles in Times of India RSS feed. Processing up to 10.
2026-02-13 05:24:25,824 - INFO - [Times of India] Article: https://timesofindia.indiatimes.com/world/middle-east/uae-announces-reduced-working-hours-for-public-and-private-sector-employees-this-ramadan/articleshow/128288948.cms
2026-02-13 05:24:25,824 - INFO - [Times of India] Attempt 1/1: Trying with 'selenium_browser' strategy...
2026-02-13 05:24:26,734 - INFO - [The Guardian] Article: https://www.theguardian.com/world/2026/feb/12/venezuela-protests-activists-nicolas-maduro-donald-trump-caracas
2026-02-13 05:24:26,734 - INFO - [The Guardian] Attempt 1/1: Trying with 'requests_browser' strategy...
2026-02-13 05:24:26,840 - INFO - [BBC] Article: https://www.bbc.com/news/articles/c5yqr8eggvwo?at_medium=RSS&at_campaign=rss
2026-02-13 05:24:26,840 - INFO - [BBC] Attempt 1/1: Trying with 'requests_browser' strategy...
2026-02-13 05:24:26,933 - INFO - [The Guardian] Success with 'requests_browser'. Found content (983 words).
2026-02-13 05:24:27,032 - INFO - Duplicate article skipped: ‘Big step forwards’: emboldened activists take to the streets of Venezuela | Venezuela | The Guardian from The Guardian
2026-02-13 05:24:27,040 - INFO - [BBC] Success with 'requests_browser'. Found content (602 words).
2026-02-13 05:24:27,129 - INFO - Duplicate article skipped: Norway's former PM Jagland charged with gross corruption over Epstein links from BBC
2026-02-13 05:24:27,877 - INFO - [BBC] Article: https://www.bbc.com/news/articles/cr5lmgdmy9mo?at_medium=RSS&at_campaign=rss
2026-02-13 05:24:27,879 - INFO - [BBC] Attempt 1/1: Trying with 'requests_browser' strategy...
2026-02-13 05:24:28,007 - INFO - [BBC] Success with 'requests_browser'. Found content (394 words).
2026-02-13 05:24:28,137 - INFO - Duplicate article skipped: Angus Taylor ousts Sussan Ley as Australia's Liberal Party leader from BBC
2026-02-13 05:24:28,216 - INFO - [The Guardian] Article: https://www.theguardian.com/world/2026/feb/12/sao-paulo-law-dogs-bond
2026-02-13 05:24:28,216 - INFO - [The Guardian] Attempt 1/1: Trying with 'requests_browser' strategy...
2026-02-13 05:24:28,273 - INFO - [The Guardian] Success with 'requests_browser'. Found content (478 words).
2026-02-13 05:24:28,395 - INFO - Duplicate article skipped: São Paulo names new law after dog that stayed by owner’s grave for 10 years | Brazil | The Guardian from The Guardian
2026-02-13 05:24:34,281 - INFO - [Times of India] Page content loaded.
2026-02-13 05:24:34,887 - INFO - [Times of India] Success with 'selenium_browser'. Found content (369 words).
2026-02-13 05:24:35,142 - INFO - [The Hindu] Page content loaded.
2026-02-13 05:24:35,306 - INFO - Saved article: UAE announces reduced working hours for public and private sector employees this Ramadan | World News - The Times of India from Times of India
2026-02-13 05:24:35,343 - INFO - [The Hindu] Success with 'selenium_browser'. Found content (451 words).
2026-02-13 05:24:35,436 - INFO - Saved article: Shiv Sena (UBT) mayor elected in Parbhani Municipal Corporation, BJP slams Uddhav Thackeray on his candidature - The Hindu from The Hindu
2026-02-13 05:24:36,117 - INFO - [Times of India] Article: https://timesofindia.indiatimes.com/world/middle-east/uae-ministry-of-education-announces-friday-remote-learning-during-ramadan/articleshow/128287727.cms
2026-02-13 05:24:36,117 - INFO - [Times of India] Attempt 1/1: Trying with 'selenium_browser' strategy...
2026-02-13 05:24:36,593 - INFO - [The Hindu] Article: https://www.thehindu.com/society/history-and-culture/in-visakhapatnam-activity-groups-turn-cafes-and-parks-into-weekend-cultural-hubs/article70622936.ece
2026-02-13 05:24:36,593 - INFO - [The Hindu] Attempt 1/1: Trying with 'selenium_browser' strategy...
2026-02-13 05:24:51,525 - INFO - [The Hindu] Page content loaded.
2026-02-13 05:24:51,595 - INFO - [The Hindu] Success with 'selenium_browser'. Found content (858 words).
2026-02-13 05:24:51,693 - INFO - Saved article: In Visakhapatnam, activity groups turn cafes and parks into weekend cultural hubs - The Hindu from The Hindu
2026-02-13 05:24:52,543 - INFO - [The Hindu] Article: https://www.thehindu.com/news/national/karnataka/pwd-engineer-has-assets-amounting-to-1129-crore-karnataka-lokayukta/article70627095.ece
2026-02-13 05:24:52,543 - INFO - [The Hindu] Attempt 1/1: Trying with 'selenium_browser' strategy...
2026-02-13 05:24:55,007 - INFO - [The Hindu] Page content loaded.
2026-02-13 05:24:55,116 - INFO - [The Hindu] Success with 'selenium_browser'. Found content (280 words).
2026-02-13 05:24:55,220 - INFO - Saved article: PWD engineer has assets amounting to ₹11.29 crore: Karnataka Lokayukta - The Hindu from The Hindu
2026-02-13 05:24:55,767 - INFO - [The Hindu] Article: https://www.thehindu.com/news/cities/mumbai/maharashtra-govt-to-hold-artificial-intelligence-in-agriculture-and-investment-summit-on-feb-22/article70625226.ece
2026-02-13 05:24:55,767 - INFO - [The Hindu] Attempt 1/1: Trying with 'selenium_browser' strategy...
2026-02-13 05:24:58,049 - INFO - [The Hindu] Page content loaded.
2026-02-13 05:24:58,156 - INFO - [The Hindu] Success with 'selenium_browser'. Found content (339 words).
2026-02-13 05:24:58,227 - INFO - Saved article: Maharashtra govt to hold Artificial Intelligence in Agriculture and Investment Summit on Feb 22 - The Hindu from The Hindu
2026-02-13 05:24:59,228 - INFO - [The Hindu] Article: https://www.thehindu.com/news/national/parliament-budget-session-lok-sabha-rajya-sabha-live-updates-february-13-2026/article70626977.ece
2026-02-13 05:24:59,228 - INFO - [The Hindu] Attempt 1/1: Trying with 'selenium_browser' strategy...
2026-02-13 05:25:00,949 - INFO - [The Hindu] Page content loaded.
2026-02-13 05:25:01,021 - INFO - [The Hindu] Success with 'selenium_browser'. Found content (174 words).
2026-02-13 05:25:01,083 - INFO - Saved article: Parliament Budget Session Day 12 updates: Both Houses to take up key government business - The Hindu from The Hindu
2026-02-13 05:25:01,592 - INFO - [The Hindu] Article: https://www.thehindu.com/news/national/maharashtra/19-government-school-students-hospitalised-after-taking-excessive-dose-of-iron-tablets/article70627024.ece
2026-02-13 05:25:01,592 - INFO - [The Hindu] Attempt 1/1: Trying with 'selenium_browser' strategy...
2026-02-13 05:25:02,539 - INFO - [The Hindu] Page content loaded.
2026-02-13 05:25:02,598 - INFO - [The Hindu] Success with 'selenium_browser'. Found content (181 words).
2026-02-13 05:25:02,662 - INFO - Saved article: 19 government school students hospitalised after taking excessive dose of iron tablets - The Hindu from The Hindu
2026-02-13 05:25:03,545 - INFO - [The Hindu] Article: https://www.thehindu.com/news/national/karnataka/seven-persons-killed-in-multi-vehicle-collision-near-bengaluru-in-karnataka/article70627031.ece
2026-02-13 05:25:03,545 - INFO - [The Hindu] Attempt 1/1: Trying with 'selenium_browser' strategy...
2026-02-13 05:25:05,805 - INFO - [The Hindu] Page content loaded.
2026-02-13 05:25:05,910 - INFO - [The Hindu] Success with 'selenium_browser'. Found content (151 words).
2026-02-13 05:25:06,018 - INFO - Saved article: 7 persons killed in multi-vehicle collision near Bengaluru in Karnataka - The Hindu from The Hindu
2026-02-13 05:25:07,168 - INFO - [The Hindu] Article: https://www.thehindu.com/news/international/unsc-panel-notes-pak-based-terror-group-jems-reported-link-to-red-fort-attack/article70627015.ece
2026-02-13 05:25:07,168 - INFO - [The Hindu] Attempt 1/1: Trying with 'selenium_browser' strategy...
2026-02-13 05:25:07,774 - INFO - [The Hindu] Page content loaded.
2026-02-13 05:25:07,933 - INFO - [The Hindu] Success with 'selenium_browser'. Found content (486 words).
2026-02-13 05:25:08,006 - INFO - Saved article: UNSC panel notes Pak-based terror group JeM’s reported link to Red Fort attack - The Hindu from The Hindu
2026-02-13 05:25:08,973 - INFO - [The Hindu] Article: https://www.thehindu.com/news/national/telangana/strict-action-against-attacks-on-poll-staff-cautions-telangana-dgp-shivadhar-reddy/article70626983.ece
2026-02-13 05:25:08,973 - INFO - [The Hindu] Attempt 1/1: Trying with 'selenium_browser' strategy...
2026-02-13 05:25:14,074 - INFO - [The Hindu] Page content loaded.
2026-02-13 05:25:14,176 - INFO - [The Hindu] Success with 'selenium_browser'. Found content (269 words).
2026-02-13 05:25:14,327 - INFO - Saved article: Strict action against attacks on poll staff, cautions Telangana DGP Shivadhar Reddy - The Hindu from The Hindu
2026-02-13 05:25:15,469 - INFO - [The Hindu] Article: https://www.thehindu.com/news/national/karnataka/25-crore-sanctioned-for-setting-up-2500-coffee-kiosks-akka-cafe-in-karnataka-to-be-operated-by-women-minister-mb-patil/article70625622.ece
2026-02-13 05:25:15,470 - INFO - [The Hindu] Attempt 1/1: Trying with 'selenium_browser' strategy...
2026-02-13 05:25:36,147 - ERROR - [Times of India] Request failed for strategy 'selenium_browser' on URL https://timesofindia.indiatimes.com/world/middle-east/uae-ministry-of-education-announces-friday-remote-learning-during-ramadan/articleshow/128287727.cms: Message: timeout: Timed out receiving message from renderer: 59.956
  (Session info: chrome=144.0.7559.132)
Stacktrace:
#0 0x565038445a4a <unknown>
#1 0x565037e5e6a2 <unknown>
#2 0x565037e45d87 <unknown>
#3 0x565037e45996 <unknown>
#4 0x565037e434a1 <unknown>
#5 0x565037e43e2f <unknown>
#6 0x565037e53360 <unknown>
#7 0x565037e6d357 <unknown>
#8 0x565037e7456b <unknown>
#9 0x565037e44599 <unknown>
#10 0x565037e6d0ec <unknown>
#11 0x565037efcb68 <unknown>
#12 0x565037ea58b2 <unknown>
#13 0x565037ea66a1 <unknown>
#14 0x56503840b8a9 <unknown>
#15 0x56503840e7b1 <unknown>
#16 0x5650383f7ea9 <unknown>
#17 0x56503840f36e <unknown>
#18 0x5650383de410 <unknown>
#19 0x5650384330c8 <unknown>
#20 0x56503843329b <unknown>
#21 0x565038444db8 <unknown>
#22 0x7f864589caa4 <unknown>
#23 0x7f8645929c6c <unknown>

2026-02-13 05:25:36,148 - ERROR - [Times of India] All scrape strategies failed for https://timesofindia.indiatimes.com/world/middle-east/uae-ministry-of-education-announces-friday-remote-learning-during-ramadan/articleshow/128287727.cms. Falling back to RSS description.
2026-02-13 05:25:36,150 - INFO - Saved article: UAE Ministry of Education announces Friday remote learning during Ramadan from Times of India
2026-02-13 05:25:37,264 - INFO - [Times of India] Article: https://timesofindia.indiatimes.com/world/us-streamers/plaqueboymax-reveals-tyla-dms-live-on-twitch-then-deletes-valentine-voice-note-before-nba-all-star-weekend/articleshow/128281384.cms
2026-02-13 05:25:37,264 - INFO - [Times of India] Attempt 1/1: Trying with 'selenium_browser' strategy...
2026-02-13 05:25:37,877 - INFO - [Times of India] Page content loaded.
2026-02-13 05:25:38,031 - INFO - [Times of India] Success with 'selenium_browser'. Found content (413 words).
2026-02-13 05:25:38,128 - INFO - Duplicate article skipped: Plaqueboymax reveals Tyla DMs live on Twitch then deletes Valentine voice note before NBA All Star Weekend - The Times of India from Times of India
2026-02-13 05:25:38,974 - INFO - [Times of India] Article: https://timesofindia.indiatimes.com/world/us-streamers/clavicular-breaks-silence-after-felony-forgery-and-drug-charges-dropped-in-arizona-state-university-arrest-case/articleshow/128280631.cms
2026-02-13 05:25:38,974 - INFO - [Times of India] Attempt 1/1: Trying with 'selenium_browser' strategy...
2026-02-13 05:25:39,936 - INFO - [Times of India] Page content loaded.
2026-02-13 05:25:40,028 - INFO - [Times of India] Success with 'selenium_browser'. Found content (427 words).
2026-02-13 05:25:40,086 - INFO - Duplicate article skipped: Clavicular breaks silence after felony forgery and drug charges dropped in Arizona State University arrest case - The Times of India from Times of India
2026-02-13 05:25:41,367 - INFO - [Times of India] Article: https://timesofindia.indiatimes.com/world/us-streamers/its-still-on-the-studio-shelf-tpusa-clears-air-after-candace-owens-speculates-on-charlie-kirk-wedding-photo-moved-by-erika-kirk/articleshow/128278890.cms
2026-02-13 05:25:41,367 - INFO - [Times of India] Attempt 1/1: Trying with 'selenium_browser' strategy...
2026-02-13 05:25:42,866 - INFO - [Times of India] Page content loaded.
2026-02-13 05:25:43,023 - INFO - [Times of India] Success with 'selenium_browser'. Found content (556 words).
2026-02-13 05:25:43,086 - INFO - Duplicate article skipped: “It’s still on the studio shelf”: TPUSA clears air after Candace Owens speculates on Charlie Kirk wedding photo moved by Erika Kirk - The Times of India from Times of India
2026-02-13 05:25:44,353 - INFO - [Times of India] Article: https://timesofindia.indiatimes.com/etimes/trending/doj-files-reveal-exactly-how-jeffrey-epstein-makes-his-coffee-full-step-by-step-guide-inside/articleshow/128276173.cms
2026-02-13 05:25:44,353 - INFO - [Times of India] Attempt 1/1: Trying with 'selenium_browser' strategy...
2026-02-13 05:25:46,138 - INFO - [Times of India] Page content loaded.
2026-02-13 05:25:46,281 - INFO - [Times of India] Success with 'selenium_browser'. Found content (808 words).
2026-02-13 05:25:46,365 - INFO - Duplicate article skipped: DOJ files reveal exactly how Jeffrey Epstein makes his coffee, full step-by-step guide inside | - The Times of India from Times of India
2026-02-13 05:25:47,281 - INFO - [Times of India] Article: https://timesofindia.indiatimes.com/science/water-and-oxygen-arent-enough-scientists-reveal-two-must-have-ingredients-for-life-on-other-planets/articleshow/128272637.cms
2026-02-13 05:25:47,281 - INFO - [Times of India] Attempt 1/1: Trying with 'selenium_browser' strategy...
2026-02-13 05:25:48,755 - INFO - [Times of India] Page content loaded.
2026-02-13 05:25:48,839 - INFO - [Times of India] Success with 'selenium_browser'. Found content (980 words).
2026-02-13 05:25:48,886 - INFO - Duplicate article skipped: Water and oxygen aren’t enough: Scientists reveal two ‘must-have’ ingredients for life on other planets | - The Times of India from Times of India
2026-02-13 05:25:50,038 - INFO - [Times of India] Article: https://timesofindia.indiatimes.com/world/us/republican-slams-purdue-university-for-hiring-h-1b-worker-for-149000-software-engineer-role-are-there-no-qualified-americans/articleshow/128274771.cms
2026-02-13 05:25:50,038 - INFO - [Times of India] Attempt 1/1: Trying with 'selenium_browser' strategy...
2026-02-13 05:25:51,517 - INFO - [Times of India] Page content loaded.
2026-02-13 05:25:51,681 - INFO - [Times of India] Success with 'selenium_browser'. Found content (394 words).
2026-02-13 05:25:51,747 - INFO - Duplicate article skipped: Republican slams Purdue University for hiring H-1B worker for $149,000 software engineer role: ‘Are there no qualified Americans?’ - The Times of India from Times of India
2026-02-13 05:25:52,391 - INFO - [Times of India] Article: https://timesofindia.indiatimes.com/world/uk/major-row-over-britains-nato-envoy-angus-lapsley-bringing-intern-girlfriend-half-his-age-to-official-residence-they-are-not-hiding-it/articleshow/128274284.cms
2026-02-13 05:25:52,391 - INFO - [Times of India] Attempt 1/1: Trying with 'selenium_browser' strategy...
2026-02-13 05:25:53,756 - INFO - [Times of India] Page content loaded.
2026-02-13 05:25:53,902 - INFO - [Times of India] Success with 'selenium_browser'. Found content (350 words).
2026-02-13 05:25:53,963 - INFO - Duplicate article skipped: Major row over Britain's Nato envoy Angus Lapsley bringing intern girlfriend, half his age, to official residence: 'They are not hiding it' - The Times of India from Times of India
2026-02-13 05:25:54,703 - INFO - [Times of India] Article: https://timesofindia.indiatimes.com/world/uk/british-indians-have-continually-helped-british-economy-prosper-since-wwii-report/articleshow/128273774.cms
2026-02-13 05:25:54,703 - INFO - [Times of India] Attempt 1/1: Trying with 'selenium_browser' strategy...
2026-02-13 05:25:55,397 - INFO - [Times of India] Page content loaded.
2026-02-13 05:25:55,537 - INFO - [Times of India] Success with 'selenium_browser'. Found content (464 words).
2026-02-13 05:25:55,620 - INFO - Duplicate article skipped: British Indians have continually helped British economy prosper since WWII: Report - The Times of India from Times of India
2026-02-13 05:25:56,913 - INFO - [Times of India] (Thread) Finished. Attempting to shut down its Selenium driver.
2026-02-13 05:25:57,146 - INFO - [Times of India] (Thread) driver.quit() successful.
2026-02-13 05:26:15,488 - ERROR - [The Hindu] Request failed for strategy 'selenium_browser' on URL https://www.thehindu.com/news/national/karnataka/25-crore-sanctioned-for-setting-up-2500-coffee-kiosks-akka-cafe-in-karnataka-to-be-operated-by-women-minister-mb-patil/article70625622.ece: Message: timeout: Timed out receiving message from renderer: 59.956
  (Session info: chrome=144.0.7559.132)
Stacktrace:
#0 0x55ea53fa4a4a <unknown>
#1 0x55ea539bd6a2 <unknown>
#2 0x55ea539a4d87 <unknown>
#3 0x55ea539a4996 <unknown>
#4 0x55ea539a24a1 <unknown>
#5 0x55ea539a2e2f <unknown>
#6 0x55ea539b2360 <unknown>
#7 0x55ea539cc357 <unknown>
#8 0x55ea539d356b <unknown>
#9 0x55ea539a3599 <unknown>
#10 0x55ea539cc0ec <unknown>
#11 0x55ea53a5bb68 <unknown>
#12 0x55ea53a048b2 <unknown>
#13 0x55ea53a056a1 <unknown>
#14 0x55ea53f6a8a9 <unknown>
#15 0x55ea53f6d7b1 <unknown>
#16 0x55ea53f56ea9 <unknown>
#17 0x55ea53f6e36e <unknown>
#18 0x55ea53f3d410 <unknown>
#19 0x55ea53f920c8 <unknown>
#20 0x55ea53f9229b <unknown>
#21 0x55ea53fa3db8 <unknown>
#22 0x7f30c1c9caa4 <unknown>
#23 0x7f30c1d29c6c <unknown>

2026-02-13 05:26:15,489 - ERROR - [The Hindu] All scrape strategies failed for https://www.thehindu.com/news/national/karnataka/25-crore-sanctioned-for-setting-up-2500-coffee-kiosks-akka-cafe-in-karnataka-to-be-operated-by-women-minister-mb-patil/article70625622.ece. Falling back to RSS description.
2026-02-13 05:26:15,490 - INFO - Saved article: ₹25 crore sanctioned for setting up 2,500 coffee kiosks Akka Cafe in Karnataka to be operated by women: Minister M.B. Patil from The Hindu
2026-02-13 05:26:16,311 - INFO - [The Hindu] (Thread) Finished. Attempting to shut down its Selenium driver.
2026-02-13 05:26:16,503 - INFO - [The Hindu] (Thread) driver.quit() successful.
2026-02-13 05:26:16,504 - INFO - Shutting down thread pool (wait=False)...
2026-02-13 05:26:16,504 - INFO - Scraped: 10 The Hindu, 2 Times of India, 1 The Guardian, 0 BBC articles. (Total saved: 13)
2026-02-13 05:26:16,504 - INFO - --- Scraping job finished ---
2026-02-13 05:26:16,509 - INFO - --- Scraper service stopped and database connection closed. ---
2026-02-13 05:26:16,509 - INFO - --- Main thread finished. Forcing process exit to kill zombie threads. ---
