2026-01-12 20:31:46,214 - INFO - Initializing database connection at: news_articles.db
2026-01-12 20:31:46,214 - INFO - --- Scraper service started (CI Mode: Run Once) ---
2026-01-12 20:31:46,214 - INFO - --- Starting new scraping job (Parallel Mode) ---
2026-01-12 20:31:46,214 - INFO - Creating new robust session with 3 retries on 5xx/connection/read errors.
2026-01-12 20:31:46,214 - INFO - Proxy is DISABLED.
2026-01-12 20:31:46,215 - INFO - Starting scrape for BBC RSS feed: http://feeds.bbci.co.uk/news/world/rss.xml
2026-01-12 20:31:46,215 - INFO - [Times of India] (Thread) requires Selenium. Initializing driver...
2026-01-12 20:31:46,215 - INFO - Initializing headless Selenium Chrome driver (using SeleniumManager)...
2026-01-12 20:31:46,216 - INFO - Starting scrape for The Guardian RSS feed: https://www.theguardian.com/world/rss
2026-01-12 20:31:46,216 - INFO - [The Hindu] (Thread) requires Selenium. Initializing driver...
2026-01-12 20:31:46,216 - INFO - Initializing headless Selenium Chrome driver (using SeleniumManager)...
2026-01-12 20:31:46,217 - INFO - Submitted 4 jobs to thread pool. Waiting up to 300s for completion...
2026-01-12 20:31:46,347 - INFO - Found 45 articles in The Guardian RSS feed. Processing up to 10.
2026-01-12 20:31:46,347 - INFO - [The Guardian] Article: https://www.theguardian.com/books/2026/jan/12/chimamanda-ngozi-adichie-accuses-lagos-hospital-negligence-son-death
2026-01-12 20:31:46,347 - INFO - [The Guardian] Attempt 1/1: Trying with 'requests_browser' strategy...
2026-01-12 20:31:46,391 - INFO - [The Guardian] Success with 'requests_browser'. Found content (537 words).
2026-01-12 20:31:46,426 - INFO - Duplicate article skipped: Author Chimamanda Ngozi Adichie accuses Lagos hospital of negligence after son’s death | Chimamanda Ngozi Adichie | The Guardian from The Guardian
2026-01-12 20:31:46,496 - INFO - Found 37 articles in BBC RSS feed. Processing up to 10.
2026-01-12 20:31:46,497 - INFO - [BBC] Article: https://www.bbc.com/news/articles/cvgp70ynx1po?at_medium=RSS&at_campaign=rss
2026-01-12 20:31:46,497 - INFO - [BBC] Attempt 1/1: Trying with 'requests_browser' strategy...
2026-01-12 20:31:46,729 - INFO - [BBC] Success with 'requests_browser'. Found content (1153 words).
2026-01-12 20:31:46,767 - INFO - Saved article: Iran protests: Eyewitnesses describe deadly crackdown across country from BBC
2026-01-12 20:31:46,941 - INFO - [The Guardian] Article: https://www.theguardian.com/global-development/2026/jan/09/the-gambia-female-genital-mutilation-fgm-supreme-court-case-overturn-ban
2026-01-12 20:31:46,941 - INFO - [The Guardian] Attempt 1/1: Trying with 'requests_browser' strategy...
2026-01-12 20:31:46,977 - INFO - [The Guardian] Success with 'requests_browser'. Found content (850 words).
2026-01-12 20:31:47,017 - INFO - Duplicate article skipped: Attempt to overturn the Gambia’s ban on FGM heard by supreme court | Global development | The Guardian from The Guardian
2026-01-12 20:31:47,564 - INFO - [BBC] Article: https://www.bbc.com/news/articles/cd0yldn0n7eo?at_medium=RSS&at_campaign=rss
2026-01-12 20:31:47,564 - INFO - [BBC] Attempt 1/1: Trying with 'requests_browser' strategy...
2026-01-12 20:31:47,606 - INFO - [BBC] Success with 'requests_browser'. Found content (828 words).
2026-01-12 20:31:47,643 - INFO - Duplicate article skipped: Referee and student among hundreds killed in Iran protests from BBC
2026-01-12 20:31:48,116 - INFO - [The Guardian] Article: https://www.theguardian.com/world/2026/jan/08/questions-targeting-impact-us-airstrikes-in-nigeria
2026-01-12 20:31:48,116 - INFO - [The Guardian] Attempt 1/1: Trying with 'requests_browser' strategy...
2026-01-12 20:31:48,223 - INFO - [The Guardian] Success with 'requests_browser'. Found content (795 words).
2026-01-12 20:31:48,260 - INFO - Duplicate article skipped: Two weeks on, questions linger over targeting and impact of US airstrikes in Nigeria | Nigeria | The Guardian from The Guardian
2026-01-12 20:31:48,426 - INFO - [BBC] Article: https://www.bbc.com/news/articles/c394xwdve9lo?at_medium=RSS&at_campaign=rss
2026-01-12 20:31:48,426 - INFO - [BBC] Attempt 1/1: Trying with 'requests_browser' strategy...
2026-01-12 20:31:48,466 - INFO - [BBC] Success with 'requests_browser'. Found content (859 words).
2026-01-12 20:31:48,505 - INFO - Duplicate article skipped: Former Fed chairs condemn criminal investigation into Jerome Powell from BBC
2026-01-12 20:31:49,350 - INFO - [The Guardian] Article: https://www.theguardian.com/world/2026/jan/02/anthony-joshuas-driver-charged-with-dangerous-driving-after-fatal-crash-in-nigeria
2026-01-12 20:31:49,350 - INFO - [The Guardian] Attempt 1/1: Trying with 'requests_browser' strategy...
2026-01-12 20:31:49,380 - INFO - [The Guardian] Success with 'requests_browser'. Found content (346 words).
2026-01-12 20:31:49,415 - INFO - Duplicate article skipped: Anthony Joshua’s driver charged with dangerous driving after fatal crash in Nigeria | Anthony Joshua | The Guardian from The Guardian
2026-01-12 20:31:49,627 - INFO - [BBC] Article: https://www.bbc.com/news/articles/c79re5415n2o?at_medium=RSS&at_campaign=rss
2026-01-12 20:31:49,627 - INFO - [BBC] Attempt 1/1: Trying with 'requests_browser' strategy...
2026-01-12 20:31:49,700 - INFO - [BBC] Success with 'requests_browser'. Found content (599 words).
2026-01-12 20:31:49,737 - INFO - Duplicate article skipped: Rosita Mabuiango: 'Miracle baby' born in a tree above Mozambique floodwaters dies aged 25 from BBC
2026-01-12 20:31:50,125 - INFO - [The Guardian] Article: https://www.theguardian.com/science/2026/jan/01/cremation-pyre-in-africa-thought-to-be-worlds-oldest-containing-adult-remains
2026-01-12 20:31:50,125 - INFO - [The Guardian] Attempt 1/1: Trying with 'requests_browser' strategy...
2026-01-12 20:31:50,159 - INFO - [The Guardian] Success with 'requests_browser'. Found content (653 words).
2026-01-12 20:31:50,195 - INFO - Duplicate article skipped: Cremation pyre in Africa thought to be world’s oldest containing adult remains | Anthropology | The Guardian from The Guardian
2026-01-12 20:31:50,820 - INFO - [BBC] Article: https://www.bbc.com/news/articles/c1klvp4v8vjo?at_medium=RSS&at_campaign=rss
2026-01-12 20:31:50,820 - INFO - [BBC] Attempt 1/1: Trying with 'requests_browser' strategy...
2026-01-12 20:31:50,852 - INFO - [BBC] Success with 'requests_browser'. Found content (415 words).
2026-01-12 20:31:50,912 - INFO - Duplicate article skipped: Custody extended for owner of Swiss deadly ski bar fire in Crans-Montana from BBC
2026-01-12 20:31:51,677 - INFO - [The Guardian] Article: https://www.theguardian.com/environment/2026/jan/12/us-plan-to-exploit-venezuelas-oil-could-eat-up-13-of-carbon-budget-to-keep-15c-limit
2026-01-12 20:31:51,677 - INFO - [The Guardian] Attempt 1/1: Trying with 'requests_browser' strategy...
2026-01-12 20:31:51,715 - INFO - [BBC] Article: https://www.bbc.com/news/articles/c78e07m02jzo?at_medium=RSS&at_campaign=rss
2026-01-12 20:31:51,715 - INFO - [BBC] Attempt 1/1: Trying with 'requests_browser' strategy...
2026-01-12 20:31:51,758 - INFO - [BBC] Success with 'requests_browser'. Found content (1098 words).
2026-01-12 20:31:51,803 - INFO - Duplicate article skipped: Golden Globes: Timothee Chalamet beats Leonardo DiCaprio from BBC
2026-01-12 20:31:51,825 - INFO - [The Guardian] Success with 'requests_browser'. Found content (579 words).
2026-01-12 20:31:51,870 - INFO - Duplicate article skipped: US plan to exploit Venezuela’s oil could eat up 13% of carbon budget to keep 1.5C limit | Climate crisis | The Guardian from The Guardian
2026-01-12 20:31:53,105 - INFO - [The Guardian] Article: https://www.theguardian.com/world/2026/jan/12/trump-latin-america-feud-colombia-gustavo-petro
2026-01-12 20:31:53,105 - INFO - [The Guardian] Attempt 1/1: Trying with 'requests_browser' strategy...
2026-01-12 20:31:53,137 - INFO - [The Guardian] Success with 'requests_browser'. Found content (1373 words).
2026-01-12 20:31:53,175 - INFO - Duplicate article skipped: Trump’s other Latin American feud: why Colombia’s Petro is not Maduro | Colombia | The Guardian from The Guardian
2026-01-12 20:31:53,292 - INFO - [BBC] Article: https://www.bbc.com/news/articles/c801kypkl3ko?at_medium=RSS&at_campaign=rss
2026-01-12 20:31:53,293 - INFO - [BBC] Attempt 1/1: Trying with 'requests_browser' strategy...
2026-01-12 20:31:53,340 - INFO - [BBC] Success with 'requests_browser'. Found content (880 words).
2026-01-12 20:31:53,380 - INFO - Duplicate article skipped: Jailed Venezuelan politician's son criticises slow prisoner release from BBC
2026-01-12 20:31:54,164 - INFO - [The Guardian] Article: https://www.theguardian.com/us-news/2026/jan/12/us-oil-producers-global-supply-glut-venezuela
2026-01-12 20:31:54,164 - INFO - [The Guardian] Attempt 1/1: Trying with 'requests_browser' strategy...
2026-01-12 20:31:54,197 - INFO - [The Guardian] Success with 'requests_browser'. Found content (867 words).
2026-01-12 20:31:54,232 - INFO - Duplicate article skipped: US frackers were already facing a global oil supply glut. Trump’s Venezuelan dream could make it worse | US news | The Guardian from The Guardian
2026-01-12 20:31:54,430 - INFO - [BBC] Article: https://www.bbc.com/news/articles/cpqye2yygl4o?at_medium=RSS&at_campaign=rss
2026-01-12 20:31:54,430 - INFO - [BBC] Attempt 1/1: Trying with 'requests_browser' strategy...
2026-01-12 20:31:54,463 - INFO - [BBC] Success with 'requests_browser'. Found content (443 words).
2026-01-12 20:31:54,497 - INFO - Duplicate article skipped: Australia social media ban: Meta blocks 550,000 accounts under new law from BBC
2026-01-12 20:31:55,032 - INFO - [BBC] Article: https://www.bbc.com/news/articles/c74vnxlvl40o?at_medium=RSS&at_campaign=rss
2026-01-12 20:31:55,032 - INFO - [BBC] Attempt 1/1: Trying with 'requests_browser' strategy...
2026-01-12 20:31:55,063 - INFO - [BBC] Success with 'requests_browser'. Found content (323 words).
2026-01-12 20:31:55,098 - INFO - Duplicate article skipped: Thousands of tourists stranded in Lapland as cold grounds flights from BBC
2026-01-12 20:31:55,229 - INFO - [The Guardian] Article: https://www.theguardian.com/world/2026/jan/12/carney-heads-to-beijing-as-trump-america-first-agenda-forces-canada-into-trade-rethink
2026-01-12 20:31:55,229 - INFO - [The Guardian] Attempt 1/1: Trying with 'requests_browser' strategy...
2026-01-12 20:31:55,265 - INFO - [The Guardian] Success with 'requests_browser'. Found content (1253 words).
2026-01-12 20:31:55,304 - INFO - Duplicate article skipped: Carney heads to Beijing as Trump’s America First agenda forces Canada into trade rethink | Canada | The Guardian from The Guardian
2026-01-12 20:31:55,936 - INFO - [The Guardian] Article: https://www.theguardian.com/us-news/2026/jan/12/donald-trump-threatens-block-exxonmobil-venezuela
2026-01-12 20:31:55,936 - INFO - [The Guardian] Attempt 1/1: Trying with 'requests_browser' strategy...
2026-01-12 20:31:55,969 - INFO - [The Guardian] Success with 'requests_browser'. Found content (472 words).
2026-01-12 20:31:56,009 - INFO - Duplicate article skipped: Trump threatens to block ExxonMobil from Venezuela after CEO calls country ‘uninvestable’ | Trump administration | The Guardian from The Guardian
2026-01-12 20:31:56,025 - INFO - [BBC] Article: https://www.bbc.com/news/articles/cly9n3r2p7zo?at_medium=RSS&at_campaign=rss
2026-01-12 20:31:56,026 - INFO - [BBC] Attempt 1/1: Trying with 'requests_browser' strategy...
2026-01-12 20:31:56,057 - INFO - [BBC] Success with 'requests_browser'. Found content (435 words).
2026-01-12 20:31:56,096 - INFO - Duplicate article skipped: Hungary grants asylum to Polish ex-justice minister Zbigniew Ziobro from BBC
2026-01-12 20:31:56,582 - INFO - Selenium driver initialized successfully.
2026-01-12 20:31:56,582 - INFO - Selenium driver initialized successfully.
2026-01-12 20:31:56,582 - INFO - Starting scrape for Times of India RSS feed: https://timesofindia.indiatimes.com/rssfeeds/296589292.cms
2026-01-12 20:31:56,582 - INFO - Starting scrape for The Hindu RSS feed: https://www.thehindu.com/news/national/feeder/default.rss
2026-01-12 20:31:56,727 - INFO - Found 100 articles in The Hindu RSS feed. Processing up to 10.
2026-01-12 20:31:56,727 - INFO - [The Hindu] Article: https://www.thehindu.com/news/national/kerala/concerns-raised-over-continuing-gaps-in-sir-process/article70502176.ece
2026-01-12 20:31:56,727 - INFO - [The Hindu] Attempt 1/1: Trying with 'selenium_browser' strategy...
2026-01-12 20:31:56,783 - INFO - Found 20 articles in Times of India RSS feed. Processing up to 10.
2026-01-12 20:31:56,783 - INFO - [Times of India] Article: https://timesofindia.indiatimes.com/world/rest-of-world/shocking-surreal-ferrari-porsche-bmw-of-2-million-stolen-on-camera-from-ontario-showroom-who-gets-up-at-3-am-to-/articleshow/126492080.cms
2026-01-12 20:31:56,784 - INFO - [Times of India] Attempt 1/1: Trying with 'selenium_browser' strategy...
2026-01-12 20:32:01,761 - INFO - [The Hindu] Page content loaded.
2026-01-12 20:32:02,325 - INFO - [The Hindu] Success with 'selenium_browser'. Found content (283 words).
2026-01-12 20:32:02,423 - INFO - Saved article: Concerns raised over continuing gaps in SIR process - The Hindu from The Hindu
2026-01-12 20:32:03,742 - INFO - [The Hindu] Article: https://www.thehindu.com/news/national/rajasthan/in-a-first-rajasthan-panchayat-gets-certified-for-going-fully-organic/article70502987.ece
2026-01-12 20:32:03,743 - INFO - [The Hindu] Attempt 1/1: Trying with 'selenium_browser' strategy...
2026-01-12 20:32:06,365 - INFO - [The Hindu] Page content loaded.
2026-01-12 20:32:06,594 - INFO - [The Hindu] Success with 'selenium_browser'. Found content (573 words).
2026-01-12 20:32:06,898 - INFO - Saved article: In a first, Rajasthan panchayat gets certified for going fully organic - The Hindu from The Hindu
2026-01-12 20:32:08,014 - INFO - [The Hindu] Article: https://www.thehindu.com/news/national/uttar-pradesh/lucknow-medical-college-staff-seek-fir-over-vandalism-threaten-to-stall-all-opd-services/article70501828.ece
2026-01-12 20:32:08,014 - INFO - [The Hindu] Attempt 1/1: Trying with 'selenium_browser' strategy...
2026-01-12 20:32:51,720 - INFO - [The Hindu] Page content loaded.
2026-01-12 20:32:51,798 - INFO - [The Hindu] Success with 'selenium_browser'. Found content (298 words).
2026-01-12 20:32:51,913 - INFO - Saved article: Lucknow medical college staff seek FIR over vandalism, threaten to stall all OPD services - The Hindu from The Hindu
2026-01-12 20:32:52,476 - INFO - [The Hindu] Article: https://www.thehindu.com/opinion/op-ed/bhoomi-a-governance-success/article70500906.ece
2026-01-12 20:32:52,476 - INFO - [The Hindu] Attempt 1/1: Trying with 'selenium_browser' strategy...
2026-01-12 20:32:53,541 - INFO - [The Hindu] Page content loaded.
2026-01-12 20:32:53,628 - INFO - [The Hindu] Success with 'selenium_browser'. Found content (627 words).
2026-01-12 20:32:53,698 - INFO - Saved article: Bhoomi, a governance success - The Hindu from The Hindu
2026-01-12 20:32:55,102 - INFO - [The Hindu] Article: https://www.thehindu.com/news/national/karnataka/siddaramaiah-dk-shivakumar-will-be-called-to-delhi-when-necessary-says-kharge/article70502053.ece
2026-01-12 20:32:55,102 - INFO - [The Hindu] Attempt 1/1: Trying with 'selenium_browser' strategy...
2026-01-12 20:32:56,505 - INFO - [The Hindu] Page content loaded.
2026-01-12 20:32:56,681 - INFO - [The Hindu] Success with 'selenium_browser'. Found content (207 words).
2026-01-12 20:32:56,802 - INFO - Saved article: Siddaramaiah, D.K. Shivakumar will be called to Delhi ‘when necessary’, says Kharge - The Hindu from The Hindu
2026-01-12 20:32:57,752 - INFO - [The Hindu] Article: https://www.thehindu.com/news/cities/chennai/ias-academy-in-city-distributes-the-hindu-year-book-2026-to-its-students/article70501939.ece
2026-01-12 20:32:57,752 - INFO - [The Hindu] Attempt 1/1: Trying with 'selenium_browser' strategy...
2026-01-12 20:32:59,214 - INFO - [The Hindu] Page content loaded.
2026-01-12 20:32:59,393 - INFO - [The Hindu] Success with 'selenium_browser'. Found content (93 words).
2026-01-12 20:32:59,485 - INFO - Saved article: IAS academy in city distributes The Hindu year book 2026 to its students - The Hindu from The Hindu
2026-01-12 20:33:00,127 - INFO - [The Hindu] Article: https://www.thehindu.com/news/national/internal-cohesion-key-to-indias-strategic-autonomy-says-mp-manish-tewari/article70502903.ece
2026-01-12 20:33:00,127 - INFO - [The Hindu] Attempt 1/1: Trying with 'selenium_browser' strategy...
2026-01-12 20:33:01,345 - INFO - [The Hindu] Page content loaded.
2026-01-12 20:33:01,522 - INFO - [The Hindu] Success with 'selenium_browser'. Found content (753 words).
2026-01-12 20:33:01,612 - INFO - Saved article: Internal cohesion key to India’s strategic autonomy, says MP Manish Tewari - The Hindu from The Hindu
2026-01-12 20:33:02,382 - INFO - [The Hindu] Article: https://www.thehindu.com/news/national/tamil-nadu/iit-m-researchers-develop-ramjet-propelled-artillery-shells-to-increase-range-of-fire/article70501632.ece
2026-01-12 20:33:02,383 - INFO - [The Hindu] Attempt 1/1: Trying with 'selenium_browser' strategy...
2026-01-12 20:33:02,991 - INFO - [The Hindu] Page content loaded.
2026-01-12 20:33:03,146 - INFO - [The Hindu] Success with 'selenium_browser'. Found content (225 words).
2026-01-12 20:33:03,237 - INFO - Saved article: IIT-M researchers develop ramjet-propelled artillery shells to increase range of fire - The Hindu from The Hindu
2026-01-12 20:33:04,706 - INFO - [The Hindu] Article: https://www.thehindu.com/news/national/kerala/medical-college-doctors-defer-their-strike-plans-by-a-week-following-talks-with-govt/article70502940.ece
2026-01-12 20:33:04,706 - INFO - [The Hindu] Attempt 1/1: Trying with 'selenium_browser' strategy...
2026-01-12 20:33:05,459 - INFO - [The Hindu] Page content loaded.
2026-01-12 20:33:05,540 - INFO - [The Hindu] Success with 'selenium_browser'. Found content (627 words).
2026-01-12 20:33:05,635 - INFO - Saved article: Medical college doctors defer their strike plans by a week following talks with govt. - The Hindu from The Hindu
2026-01-12 20:33:06,942 - INFO - [The Hindu] Article: https://www.thehindu.com/news/national/karnataka/political-battle-lines-drawn-ahead-of-long-delayed-bengaluru-civic-polls/article70502550.ece
2026-01-12 20:33:06,942 - INFO - [The Hindu] Attempt 1/1: Trying with 'selenium_browser' strategy...
2026-01-12 20:33:07,802 - INFO - [The Hindu] Page content loaded.
2026-01-12 20:33:07,959 - INFO - [The Hindu] Success with 'selenium_browser'. Found content (350 words).
2026-01-12 20:33:08,035 - INFO - Duplicate article skipped: Political battle lines drawn ahead of long-delayed Bengaluru civic polls - The Hindu from The Hindu
2026-01-12 20:33:09,497 - INFO - [The Hindu] (Thread) Finished. Attempting to shut down its Selenium driver.
2026-01-12 20:33:09,652 - INFO - [The Hindu] (Thread) driver.quit() successful.
2026-01-12 20:33:56,884 - ERROR - [Times of India] Request failed for strategy 'selenium_browser' on URL https://timesofindia.indiatimes.com/world/rest-of-world/shocking-surreal-ferrari-porsche-bmw-of-2-million-stolen-on-camera-from-ontario-showroom-who-gets-up-at-3-am-to-/articleshow/126492080.cms: HTTPConnectionPool(host='localhost', port=36315): Read timed out. (read timeout=120)
2026-01-12 20:33:56,884 - ERROR - [Times of India] All scrape strategies failed for https://timesofindia.indiatimes.com/world/rest-of-world/shocking-surreal-ferrari-porsche-bmw-of-2-million-stolen-on-camera-from-ontario-showroom-who-gets-up-at-3-am-to-/articleshow/126492080.cms. Falling back to RSS description.
2026-01-12 20:33:56,886 - INFO - Saved article: 'Shocking, surreal': Ferrari, Porsche, BMW of $2 million stolen on camera from Ontario showroom; 'Who gets up at 3 am to...' from Times of India
2026-01-12 20:33:58,288 - INFO - [Times of India] Article: https://timesofindia.indiatimes.com/world/us-streamers/look-cringe-link-lauren-calls-golden-globes-2026-not-funny-after-admitting-he-avoided-all-nominated-movies/articleshow/126492026.cms
2026-01-12 20:33:58,289 - INFO - [Times of India] Attempt 1/1: Trying with 'selenium_browser' strategy...
2026-01-12 20:35:58,377 - ERROR - [Times of India] Request failed for strategy 'selenium_browser' on URL https://timesofindia.indiatimes.com/world/us-streamers/look-cringe-link-lauren-calls-golden-globes-2026-not-funny-after-admitting-he-avoided-all-nominated-movies/articleshow/126492026.cms: HTTPConnectionPool(host='localhost', port=36315): Read timed out. (read timeout=120)
2026-01-12 20:35:58,377 - ERROR - [Times of India] All scrape strategies failed for https://timesofindia.indiatimes.com/world/us-streamers/look-cringe-link-lauren-calls-golden-globes-2026-not-funny-after-admitting-he-avoided-all-nominated-movies/articleshow/126492026.cms. Falling back to RSS description.
2026-01-12 20:35:58,379 - INFO - Saved article: “Look cringe”: Link Lauren calls Golden Globes 2026 not funny after admitting he avoided all nominated movies from Times of India
2026-01-12 20:35:59,773 - INFO - [Times of India] Article: https://timesofindia.indiatimes.com/world/rest-of-world/canada-mp-joins-viral-iran-protest-trend-lights-cigar-with-burning-portrait-of-khamenei-in-front-of-office/articleshow/126491736.cms
2026-01-12 20:35:59,773 - INFO - [Times of India] Attempt 1/1: Trying with 'selenium_browser' strategy...
2026-01-12 20:36:46,217 - CRITICAL - --- TIMEOUT: 1 scrape jobs did not complete in 300s. ---
2026-01-12 20:36:46,217 - ERROR - A thread has timed out and will be abandoned.
2026-01-12 20:36:46,217 - INFO - Shutting down thread pool (wait=False)...
2026-01-12 20:36:46,218 - INFO - Scraped: 1 BBC, 0 The Guardian, 9 The Hindu, 1 Timed_Out_Jobs articles. (Total saved: 10)
2026-01-12 20:36:46,218 - INFO - --- Scraping job finished ---
2026-01-12 20:36:46,218 - INFO - --- Scraper service stopped and database connection closed. ---
2026-01-12 20:36:46,218 - INFO - --- Main thread finished. Forcing process exit to kill zombie threads. ---
