2025-12-25 20:29:19,191 - INFO - Initializing database connection at: news_articles.db
2025-12-25 20:29:19,192 - INFO - --- Scraper service started (CI Mode: Run Once) ---
2025-12-25 20:29:19,192 - INFO - --- Starting new scraping job (Parallel Mode) ---
2025-12-25 20:29:19,192 - INFO - Creating new robust session with 3 retries on 5xx/connection/read errors.
2025-12-25 20:29:19,192 - INFO - Proxy is DISABLED.
2025-12-25 20:29:19,192 - INFO - Starting scrape for BBC RSS feed: http://feeds.bbci.co.uk/news/world/rss.xml
2025-12-25 20:29:19,193 - INFO - [Times of India] (Thread) requires Selenium. Initializing driver...
2025-12-25 20:29:19,193 - INFO - Initializing headless Selenium Chrome driver (using SeleniumManager)...
2025-12-25 20:29:19,193 - INFO - Starting scrape for The Guardian RSS feed: https://www.theguardian.com/world/rss
2025-12-25 20:29:19,194 - INFO - [The Hindu] (Thread) requires Selenium. Initializing driver...
2025-12-25 20:29:19,194 - INFO - Initializing headless Selenium Chrome driver (using SeleniumManager)...
2025-12-25 20:29:19,194 - INFO - Submitted 4 jobs to thread pool. Waiting up to 300s for completion...
2025-12-25 20:29:19,383 - INFO - Found 45 articles in The Guardian RSS feed. Processing up to 10.
2025-12-25 20:29:19,383 - INFO - [The Guardian] Article: https://www.theguardian.com/world/2025/dec/25/displaced-islamic-state-insurgency-mozambique
2025-12-25 20:29:19,383 - INFO - [The Guardian] Attempt 1/1: Trying with 'requests_browser' strategy...
2025-12-25 20:29:19,519 - INFO - [The Guardian] Success with 'requests_browser'. Found content (767 words).
2025-12-25 20:29:19,557 - INFO - Duplicate article skipped: Hundreds of thousands newly displaced as Islamic State insurgency expands in Mozambique | Mozambique | The Guardian from The Guardian
2025-12-25 20:29:19,738 - INFO - Found 24 articles in BBC RSS feed. Processing up to 10.
2025-12-25 20:29:19,738 - INFO - [BBC] Article: https://www.bbc.com/news/articles/cm21728nwxlo?at_medium=RSS&at_campaign=rss
2025-12-25 20:29:19,738 - INFO - [BBC] Attempt 1/1: Trying with 'requests_browser' strategy...
2025-12-25 20:29:20,366 - INFO - [BBC] Success with 'requests_browser'. Found content (400 words).
2025-12-25 20:29:20,400 - INFO - Duplicate article skipped: Pope Leo urges 'courage' to end Ukraine war in first Christmas address from BBC
2025-12-25 20:29:20,575 - INFO - [The Guardian] Article: https://www.theguardian.com/world/2025/dec/24/algeria-passes-law-declaring-french-colonisation-crime
2025-12-25 20:29:20,575 - INFO - [The Guardian] Attempt 1/1: Trying with 'requests_browser' strategy...
2025-12-25 20:29:20,616 - INFO - [The Guardian] Success with 'requests_browser'. Found content (334 words).
2025-12-25 20:29:20,657 - INFO - Duplicate article skipped: Algeria passes law declaring French colonisation a crime | Algeria | The Guardian from The Guardian
2025-12-25 20:29:21,203 - INFO - [BBC] Article: https://www.bbc.com/news/articles/cn98w93l8plo?at_medium=RSS&at_campaign=rss
2025-12-25 20:29:21,203 - INFO - [BBC] Attempt 1/1: Trying with 'requests_browser' strategy...
2025-12-25 20:29:21,320 - INFO - [BBC] Success with 'requests_browser'. Found content (256 words).
2025-12-25 20:29:21,367 - INFO - Duplicate article skipped: Turkey arrests 115 IS suspects 'planning New Year's attacks' from BBC
2025-12-25 20:29:21,767 - INFO - [The Guardian] Article: https://www.theguardian.com/world/2025/dec/23/libyas-army-chief-dies-in-plane-crash-in-turkey
2025-12-25 20:29:21,767 - INFO - [The Guardian] Attempt 1/1: Trying with 'requests_browser' strategy...
2025-12-25 20:29:21,800 - INFO - [The Guardian] Success with 'requests_browser'. Found content (414 words).
2025-12-25 20:29:21,836 - INFO - Duplicate article skipped: Libya’s army chief dies in plane crash in Turkey | Libya | The Guardian from The Guardian
2025-12-25 20:29:22,310 - INFO - [BBC] Article: https://www.bbc.com/news/articles/c898zxyznxpo?at_medium=RSS&at_campaign=rss
2025-12-25 20:29:22,310 - INFO - [BBC] Attempt 1/1: Trying with 'requests_browser' strategy...
2025-12-25 20:29:22,345 - INFO - [BBC] Success with 'requests_browser'. Found content (403 words).
2025-12-25 20:29:22,382 - INFO - Duplicate article skipped: Brazil ex-president Bolsonaro's surgery for hernia 'successful' from BBC
2025-12-25 20:29:23,073 - INFO - [BBC] Article: https://www.bbc.com/news/articles/c9d9wg2pwl1o?at_medium=RSS&at_campaign=rss
2025-12-25 20:29:23,073 - INFO - [BBC] Attempt 1/1: Trying with 'requests_browser' strategy...
2025-12-25 20:29:23,116 - INFO - [BBC] Success with 'requests_browser'. Found content (936 words).
2025-12-25 20:29:23,153 - INFO - Duplicate article skipped: Zelensky moves towards demilitarised zones in latest peace plan for Ukraine from BBC
2025-12-25 20:29:23,202 - INFO - [The Guardian] Article: https://www.theguardian.com/world/2025/dec/22/freed-nigerian-schoolchildren-set-to-be-reunited-with-families
2025-12-25 20:29:23,202 - INFO - [The Guardian] Attempt 1/1: Trying with 'requests_browser' strategy...
2025-12-25 20:29:23,317 - INFO - [The Guardian] Success with 'requests_browser'. Found content (365 words).
2025-12-25 20:29:23,353 - INFO - Duplicate article skipped: Freed Nigerian schoolchildren to be reunited with families | Nigeria | The Guardian from The Guardian
2025-12-25 20:29:24,422 - INFO - [The Guardian] Article: https://www.theguardian.com/world/2025/dec/21/more-kidnapped-schoolchildren-freed-in-nigeria
2025-12-25 20:29:24,422 - INFO - [The Guardian] Attempt 1/1: Trying with 'requests_browser' strategy...
2025-12-25 20:29:24,535 - INFO - [The Guardian] Success with 'requests_browser'. Found content (382 words).
2025-12-25 20:29:24,568 - INFO - Duplicate article skipped: Another 130 kidnapped schoolchildren released in Nigeria | Nigeria | The Guardian from The Guardian
2025-12-25 20:29:24,589 - INFO - [BBC] Article: https://www.bbc.com/news/articles/crk733k1k1eo?at_medium=RSS&at_campaign=rss
2025-12-25 20:29:24,590 - INFO - [BBC] Attempt 1/1: Trying with 'requests_browser' strategy...
2025-12-25 20:29:24,624 - INFO - [BBC] Success with 'requests_browser'. Found content (223 words).
2025-12-25 20:29:24,681 - INFO - Duplicate article skipped: Front-runner to be Bangladesh PM returns after 17 years in exile from BBC
2025-12-25 20:29:25,484 - INFO - [The Guardian] Article: https://www.theguardian.com/environment/2025/dec/25/they-are-scared-of-us-now-how-one-tropical-forest-turned-the-tide-on-loggers
2025-12-25 20:29:25,484 - INFO - [The Guardian] Attempt 1/1: Trying with 'requests_browser' strategy...
2025-12-25 20:29:25,522 - INFO - [The Guardian] Success with 'requests_browser'. Found content (1079 words).
2025-12-25 20:29:25,556 - INFO - Duplicate article skipped: ‘They’re scared of us now’: how co-investment in a tropical forest saw off loggers | Panama | The Guardian from The Guardian
2025-12-25 20:29:26,100 - INFO - [BBC] Article: https://www.bbc.com/news/articles/c14vdpyj1vjo?at_medium=RSS&at_campaign=rss
2025-12-25 20:29:26,100 - INFO - [BBC] Attempt 1/1: Trying with 'requests_browser' strategy...
2025-12-25 20:29:26,143 - INFO - [BBC] Success with 'requests_browser'. Found content (439 words).
2025-12-25 20:29:26,181 - INFO - Duplicate article skipped: Algeria's parliament approves law declaring France's colonisation a crime from BBC
2025-12-25 20:29:26,837 - INFO - [BBC] Article: https://www.bbc.com/news/articles/c5yqe4j15lzo?at_medium=RSS&at_campaign=rss
2025-12-25 20:29:26,837 - INFO - [BBC] Attempt 1/1: Trying with 'requests_browser' strategy...
2025-12-25 20:29:26,876 - INFO - [BBC] Success with 'requests_browser'. Found content (544 words).
2025-12-25 20:29:26,910 - INFO - Duplicate article skipped: Sean 'Diddy' Combs files appeal asking for his immediate release from BBC
2025-12-25 20:29:27,054 - INFO - [The Guardian] Article: https://www.theguardian.com/world/2025/dec/25/cape-froward-new-national-park-patagonia-chile
2025-12-25 20:29:27,054 - INFO - [The Guardian] Attempt 1/1: Trying with 'requests_browser' strategy...
2025-12-25 20:29:27,091 - INFO - [The Guardian] Success with 'requests_browser'. Found content (939 words).
2025-12-25 20:29:27,128 - INFO - Duplicate article skipped: ‘It’s the wildest place I have walked’: new national park will join up Chile’s 2,800km wildlife corridor | Chile | The Guardian from The Guardian
2025-12-25 20:29:27,260 - INFO - Selenium driver initialized successfully.
2025-12-25 20:29:27,260 - INFO - Starting scrape for The Hindu RSS feed: https://www.thehindu.com/news/national/feeder/default.rss
2025-12-25 20:29:27,261 - INFO - Selenium driver initialized successfully.
2025-12-25 20:29:27,261 - INFO - Starting scrape for Times of India RSS feed: https://timesofindia.indiatimes.com/rssfeeds/296589292.cms
2025-12-25 20:29:27,440 - INFO - Found 20 articles in Times of India RSS feed. Processing up to 10.
2025-12-25 20:29:27,440 - INFO - [Times of India] Article: https://timesofindia.indiatimes.com/world/us/dipu-chandra-das-say-his-name-laura-loomer-attacks-islamic-hatred-after-lynching-of-hindu-man-in-bangladesh/articleshow/126178752.cms
2025-12-25 20:29:27,440 - INFO - [Times of India] Attempt 1/1: Trying with 'selenium_browser' strategy...
2025-12-25 20:29:27,546 - INFO - Found 100 articles in The Hindu RSS feed. Processing up to 10.
2025-12-25 20:29:27,546 - INFO - [The Hindu] Article: https://www.thehindu.com/news/cities/Hyderabad/mild-tension-at-gandhi-darshan-amid-dispute-over-managing-committee/article70437720.ece
2025-12-25 20:29:27,547 - INFO - [The Hindu] Attempt 1/1: Trying with 'selenium_browser' strategy...
2025-12-25 20:29:28,010 - INFO - [BBC] Article: https://www.bbc.com/news/articles/czdgz84dn35o?at_medium=RSS&at_campaign=rss
2025-12-25 20:29:28,010 - INFO - [BBC] Attempt 1/1: Trying with 'requests_browser' strategy...
2025-12-25 20:29:28,069 - INFO - [BBC] Success with 'requests_browser'. Found content (846 words).
2025-12-25 20:29:28,114 - INFO - Duplicate article skipped: US discovers a million more possible Jeffrey Epstein files from BBC
2025-12-25 20:29:28,514 - INFO - [The Guardian] Article: https://www.theguardian.com/world/2025/dec/24/honduras-nasry-tito-asfura-declared-president-donald-trump-backed
2025-12-25 20:29:28,514 - INFO - [The Guardian] Attempt 1/1: Trying with 'requests_browser' strategy...
2025-12-25 20:29:28,575 - INFO - [The Guardian] Success with 'requests_browser'. Found content (577 words).
2025-12-25 20:29:28,651 - INFO - Duplicate article skipped: Trump-backed candidate Asfura declared new president of Honduras | Honduras | The Guardian from The Guardian
2025-12-25 20:29:29,238 - INFO - [The Guardian] Article: https://www.theguardian.com/media/2025/dec/23/60-minutes-cecot-appears-online
2025-12-25 20:29:29,238 - INFO - [The Guardian] Attempt 1/1: Trying with 'requests_browser' strategy...
2025-12-25 20:29:29,262 - INFO - [BBC] Article: https://www.bbc.com/news/articles/cyvgz1jn368o?at_medium=RSS&at_campaign=rss
2025-12-25 20:29:29,262 - INFO - [BBC] Attempt 1/1: Trying with 'requests_browser' strategy...
2025-12-25 20:29:29,410 - INFO - [BBC] Success with 'requests_browser'. Found content (482 words).
2025-12-25 20:29:29,453 - INFO - [The Guardian] Success with 'requests_browser'. Found content (1062 words).
2025-12-25 20:29:29,533 - INFO - Duplicate article skipped: Trump-backed candidate Nasry Asfura wins Honduras presidential election from BBC
2025-12-25 20:29:29,595 - INFO - Duplicate article skipped: 60 Minutes episode on brutal El Salvador prison, pulled from air by CBS, appears online | CBS | The Guardian from The Guardian
2025-12-25 20:29:30,127 - INFO - [The Hindu] Page content loaded.
2025-12-25 20:29:30,293 - INFO - [The Hindu] Success with 'selenium_browser'. Found content (317 words).
2025-12-25 20:29:30,441 - INFO - Saved article: Mild tension at Gandhi Darshan amid dispute over managing committee - The Hindu from The Hindu
2025-12-25 20:29:30,455 - INFO - [The Guardian] Article: https://www.theguardian.com/world/2025/dec/23/brazil-jair-bolsonaro-eduardo-havaianas-television-ad-fernanda-torres
2025-12-25 20:29:30,455 - INFO - [The Guardian] Attempt 1/1: Trying with 'requests_browser' strategy...
2025-12-25 20:29:30,671 - INFO - [The Guardian] Success with 'requests_browser'. Found content (381 words).
2025-12-25 20:29:30,819 - INFO - [BBC] Article: https://www.bbc.com/news/articles/c75v0kwy017o?at_medium=RSS&at_campaign=rss
2025-12-25 20:29:30,819 - INFO - [BBC] Attempt 1/1: Trying with 'requests_browser' strategy...
2025-12-25 20:29:30,842 - INFO - Duplicate article skipped: Bolsonaro supporters ‘cancel’ Havaianas flip-flop brand over television ad | Brazil | The Guardian from The Guardian
2025-12-25 20:29:30,930 - INFO - [BBC] Success with 'requests_browser'. Found content (312 words).
2025-12-25 20:29:31,028 - INFO - Duplicate article skipped: Eleven arrested over mass shooting in South Africa tavern from BBC
2025-12-25 20:29:31,665 - INFO - [The Hindu] Article: https://www.thehindu.com/news/national/karnataka/hdk-says-karnataka-on-the-downslide-under-congress-rule/article70437613.ece
2025-12-25 20:29:31,665 - INFO - [The Hindu] Attempt 1/1: Trying with 'selenium_browser' strategy...
2025-12-25 20:29:37,057 - INFO - [The Hindu] Page content loaded.
2025-12-25 20:29:37,449 - INFO - [The Hindu] Success with 'selenium_browser'. Found content (290 words).
2025-12-25 20:29:38,079 - INFO - Saved article: HDK says Karnataka on the downslide under Congress rule - The Hindu from The Hindu
2025-12-25 20:29:39,025 - INFO - [The Hindu] Article: https://www.thehindu.com/news/national/tamil-nadu/toy-industry-in-the-state-is-now-worth-around-1000-crore/article70437588.ece
2025-12-25 20:29:39,026 - INFO - [The Hindu] Attempt 1/1: Trying with 'selenium_browser' strategy...
2025-12-25 20:29:44,731 - INFO - [The Hindu] Page content loaded.
2025-12-25 20:29:45,047 - INFO - [The Hindu] Success with 'selenium_browser'. Found content (564 words).
2025-12-25 20:29:45,115 - INFO - Saved article: Toy industry in the State is now worth around ₹1,000 crore - The Hindu from The Hindu
2025-12-25 20:29:46,203 - INFO - [The Hindu] Article: https://www.thehindu.com/news/national/tamil-nadu/aiadmk-forms-panel-to-draft-manifesto-for-2026-assembly-poll/article70437218.ece
2025-12-25 20:29:46,203 - INFO - [The Hindu] Attempt 1/1: Trying with 'selenium_browser' strategy...
2025-12-25 20:29:47,229 - INFO - [The Hindu] Page content loaded.
2025-12-25 20:29:47,294 - INFO - [The Hindu] Success with 'selenium_browser'. Found content (106 words).
2025-12-25 20:29:47,393 - INFO - Saved article: AIADMK forms panel to draft 2026 Assembly poll manifesto - The Hindu from The Hindu
2025-12-25 20:29:48,185 - INFO - [The Hindu] Article: https://www.thehindu.com/news/national/karnataka/ayurveda-needs-deeper-research-specialised-expertise-health-minister/article70437392.ece
2025-12-25 20:29:48,185 - INFO - [The Hindu] Attempt 1/1: Trying with 'selenium_browser' strategy...
2025-12-25 20:29:49,974 - INFO - [The Hindu] Page content loaded.
2025-12-25 20:29:50,077 - INFO - [The Hindu] Success with 'selenium_browser'. Found content (242 words).
2025-12-25 20:29:50,163 - INFO - Saved article: Ayurveda needs deeper research, specialised expertise: Health Minister - The Hindu from The Hindu
2025-12-25 20:29:50,930 - INFO - [The Hindu] Article: https://www.thehindu.com/news/national/fssai-warns-food-businesses-against-labeling-herbal-infusions-as-tea/article70437559.ece
2025-12-25 20:29:50,930 - INFO - [The Hindu] Attempt 1/1: Trying with 'selenium_browser' strategy...
2025-12-25 20:29:53,686 - INFO - [The Hindu] Page content loaded.
2025-12-25 20:29:53,745 - INFO - [The Hindu] Success with 'selenium_browser'. Found content (239 words).
2025-12-25 20:29:53,823 - INFO - Saved article: FSSAI warns food businesses against labeling herbal infusions as ‘tea’ - The Hindu from The Hindu
2025-12-25 20:29:55,129 - INFO - [The Hindu] Article: https://www.thehindu.com/news/national/president-murmu-releases-constitution-of-india-in-santhali-language/article70437103.ece
2025-12-25 20:29:55,129 - INFO - [The Hindu] Attempt 1/1: Trying with 'selenium_browser' strategy...
2025-12-25 20:31:27,534 - ERROR - [Times of India] Request failed for strategy 'selenium_browser' on URL https://timesofindia.indiatimes.com/world/us/dipu-chandra-das-say-his-name-laura-loomer-attacks-islamic-hatred-after-lynching-of-hindu-man-in-bangladesh/articleshow/126178752.cms: HTTPConnectionPool(host='localhost', port=37833): Read timed out. (read timeout=120)
2025-12-25 20:31:27,534 - ERROR - [Times of India] All scrape strategies failed for https://timesofindia.indiatimes.com/world/us/dipu-chandra-das-say-his-name-laura-loomer-attacks-islamic-hatred-after-lynching-of-hindu-man-in-bangladesh/articleshow/126178752.cms. Falling back to RSS description.
2025-12-25 20:31:27,536 - INFO - Saved article: ‘Dipu Chandra Das, say his name’: Laura Loomer attacks Islamic hatred after lynching of Hindu man in Bangladesh from Times of India
2025-12-25 20:31:28,924 - INFO - [Times of India] Article: https://timesofindia.indiatimes.com/world/us-streamers/youtuber-cleetus-mcfarland-goes-viral-after-gifting-his-employees-3000-mini-jeeps-for-christmas/articleshow/126178734.cms
2025-12-25 20:31:28,924 - INFO - [Times of India] Attempt 1/1: Trying with 'selenium_browser' strategy...
2025-12-25 20:31:55,173 - ERROR - [The Hindu] Request failed for strategy 'selenium_browser' on URL https://www.thehindu.com/news/national/president-murmu-releases-constitution-of-india-in-santhali-language/article70437103.ece: HTTPConnectionPool(host='localhost', port=58951): Read timed out. (read timeout=120)
2025-12-25 20:31:55,173 - ERROR - [The Hindu] All scrape strategies failed for https://www.thehindu.com/news/national/president-murmu-releases-constitution-of-india-in-santhali-language/article70437103.ece. Falling back to RSS description.
2025-12-25 20:31:55,175 - INFO - Saved article: President Murmu releases Constitution of India in Santhali language from The Hindu
2025-12-25 20:31:56,246 - INFO - [The Hindu] Article: https://www.thehindu.com/news/cities/Madurai/southern-districts-of-tamil-nadu-come-alive-with-christmas-fete/article70437171.ece
2025-12-25 20:31:56,246 - INFO - [The Hindu] Attempt 1/1: Trying with 'selenium_browser' strategy...
2025-12-25 20:33:28,973 - ERROR - [Times of India] Request failed for strategy 'selenium_browser' on URL https://timesofindia.indiatimes.com/world/us-streamers/youtuber-cleetus-mcfarland-goes-viral-after-gifting-his-employees-3000-mini-jeeps-for-christmas/articleshow/126178734.cms: HTTPConnectionPool(host='localhost', port=37833): Read timed out. (read timeout=120)
2025-12-25 20:33:28,973 - ERROR - [Times of India] All scrape strategies failed for https://timesofindia.indiatimes.com/world/us-streamers/youtuber-cleetus-mcfarland-goes-viral-after-gifting-his-employees-3000-mini-jeeps-for-christmas/articleshow/126178734.cms. Falling back to RSS description.
2025-12-25 20:33:28,975 - INFO - Saved article: YouTuber Cleetus McFarland goes viral after gifting his employees $3,000 mini jeeps for Christmas from Times of India
2025-12-25 20:33:29,721 - INFO - [Times of India] Article: https://timesofindia.indiatimes.com/world/us-streamers/candace-owens-faces-pushback-as-alex-jones-questions-her-charlie-kirk-claims-after-laura-loomer-talks/articleshow/126178721.cms
2025-12-25 20:33:29,721 - INFO - [Times of India] Attempt 1/1: Trying with 'selenium_browser' strategy...
2025-12-25 20:33:56,343 - ERROR - [The Hindu] Request failed for strategy 'selenium_browser' on URL https://www.thehindu.com/news/cities/Madurai/southern-districts-of-tamil-nadu-come-alive-with-christmas-fete/article70437171.ece: HTTPConnectionPool(host='localhost', port=58951): Read timed out. (read timeout=120)
2025-12-25 20:33:56,343 - ERROR - [The Hindu] All scrape strategies failed for https://www.thehindu.com/news/cities/Madurai/southern-districts-of-tamil-nadu-come-alive-with-christmas-fete/article70437171.ece. Falling back to RSS description.
2025-12-25 20:33:56,345 - INFO - Saved article: Southern districts of Tamil Nadu come alive with Christmas fete from The Hindu
2025-12-25 20:33:57,685 - INFO - [The Hindu] Article: https://www.thehindu.com/news/national/tamil-nadu/dmdk-invites-stalin-palaniswami-to-vijayakant-death-anniversary-event/article70437078.ece
2025-12-25 20:33:57,685 - INFO - [The Hindu] Attempt 1/1: Trying with 'selenium_browser' strategy...
2025-12-25 20:34:19,194 - CRITICAL - --- TIMEOUT: 2 scrape jobs did not complete in 300s. ---
2025-12-25 20:34:19,194 - ERROR - A thread has timed out and will be abandoned.
2025-12-25 20:34:19,194 - ERROR - A thread has timed out and will be abandoned.
2025-12-25 20:34:19,194 - INFO - Shutting down thread pool (wait=False)...
2025-12-25 20:34:19,194 - INFO - Scraped: 0 BBC, 0 The Guardian, 2 Timed_Out_Jobs articles. (Total saved: 0)
2025-12-25 20:34:19,194 - INFO - --- Scraping job finished ---
2025-12-25 20:34:19,195 - INFO - --- Scraper service stopped and database connection closed. ---
2025-12-25 20:34:19,195 - INFO - --- Main thread finished. Forcing process exit to kill zombie threads. ---
