2026-01-08 04:43:57,598 - INFO - Initializing database connection at: news_articles.db
2026-01-08 04:43:57,599 - INFO - --- Scraper service started (CI Mode: Run Once) ---
2026-01-08 04:43:57,599 - INFO - --- Starting new scraping job (Parallel Mode) ---
2026-01-08 04:43:57,599 - INFO - Creating new robust session with 3 retries on 5xx/connection/read errors.
2026-01-08 04:43:57,599 - INFO - Proxy is DISABLED.
2026-01-08 04:43:57,599 - INFO - Starting scrape for BBC RSS feed: http://feeds.bbci.co.uk/news/world/rss.xml
2026-01-08 04:43:57,600 - INFO - [Times of India] (Thread) requires Selenium. Initializing driver...
2026-01-08 04:43:57,600 - INFO - Initializing headless Selenium Chrome driver (using SeleniumManager)...
2026-01-08 04:43:57,600 - INFO - Starting scrape for The Guardian RSS feed: https://www.theguardian.com/world/rss
2026-01-08 04:43:57,601 - INFO - [The Hindu] (Thread) requires Selenium. Initializing driver...
2026-01-08 04:43:57,601 - INFO - Initializing headless Selenium Chrome driver (using SeleniumManager)...
2026-01-08 04:43:57,601 - INFO - Submitted 4 jobs to thread pool. Waiting up to 300s for completion...
2026-01-08 04:43:57,729 - INFO - Found 45 articles in The Guardian RSS feed. Processing up to 10.
2026-01-08 04:43:57,729 - INFO - [The Guardian] Article: https://www.theguardian.com/world/2026/jan/02/anthony-joshuas-driver-charged-with-dangerous-driving-after-fatal-crash-in-nigeria
2026-01-08 04:43:57,729 - INFO - [The Guardian] Attempt 1/1: Trying with 'requests_browser' strategy...
2026-01-08 04:43:57,766 - INFO - [The Guardian] Success with 'requests_browser'. Found content (346 words).
2026-01-08 04:43:57,801 - INFO - Duplicate article skipped: Anthony Joshua’s driver charged with dangerous driving after fatal crash in Nigeria | Anthony Joshua | The Guardian from The Guardian
2026-01-08 04:43:57,901 - INFO - Found 30 articles in BBC RSS feed. Processing up to 10.
2026-01-08 04:43:57,901 - INFO - [BBC] Article: https://www.bbc.com/news/articles/c0jvnl4j1n4o?at_medium=RSS&at_campaign=rss
2026-01-08 04:43:57,901 - INFO - [BBC] Attempt 1/1: Trying with 'requests_browser' strategy...
2026-01-08 04:43:58,230 - INFO - [BBC] Success with 'requests_browser'. Found content (1015 words).
2026-01-08 04:43:58,278 - INFO - Saved article: US immigration officer fatally shoots woman in Minneapolis from BBC
2026-01-08 04:43:58,796 - INFO - [The Guardian] Article: https://www.theguardian.com/science/2026/jan/01/cremation-pyre-in-africa-thought-to-be-worlds-oldest-containing-adult-remains
2026-01-08 04:43:58,796 - INFO - [The Guardian] Attempt 1/1: Trying with 'requests_browser' strategy...
2026-01-08 04:43:58,825 - INFO - [The Guardian] Success with 'requests_browser'. Found content (653 words).
2026-01-08 04:43:58,859 - INFO - Duplicate article skipped: Cremation pyre in Africa thought to be world’s oldest containing adult remains | Anthropology | The Guardian from The Guardian
2026-01-08 04:43:59,430 - INFO - [The Guardian] Article: https://www.theguardian.com/global-development/2026/jan/01/us-aid-cuts-conditions-un-humanitarian-pledge-ocha
2026-01-08 04:43:59,430 - INFO - [The Guardian] Attempt 1/1: Trying with 'requests_browser' strategy...
2026-01-08 04:43:59,538 - INFO - [The Guardian] Success with 'requests_browser'. Found content (631 words).
2026-01-08 04:43:59,573 - INFO - Duplicate article skipped: US ‘adapt, shrink or die’ terms for $2bn aid pot will mean UN bowing down to Washington, say experts | Aid | The Guardian from The Guardian
2026-01-08 04:43:59,736 - INFO - [BBC] Article: https://www.bbc.com/news/articles/c5y2v8ngl14o?at_medium=RSS&at_campaign=rss
2026-01-08 04:43:59,736 - INFO - [BBC] Attempt 1/1: Trying with 'requests_browser' strategy...
2026-01-08 04:43:59,778 - INFO - [BBC] Success with 'requests_browser'. Found content (1077 words).
2026-01-08 04:43:59,815 - INFO - Duplicate article skipped: US seizes two 'ghost fleet' tankers linked to Venezuelan oil from BBC
2026-01-08 04:44:00,350 - INFO - [The Guardian] Article: https://www.theguardian.com/world/2025/dec/31/guinea-junta-chief-mamady-doumbouya-elected-president-after-opposition-boycott
2026-01-08 04:44:00,350 - INFO - [The Guardian] Attempt 1/1: Trying with 'requests_browser' strategy...
2026-01-08 04:44:00,454 - INFO - [The Guardian] Success with 'requests_browser'. Found content (399 words).
2026-01-08 04:44:00,469 - INFO - [BBC] Article: https://www.bbc.com/news/articles/c98py70npj9o?at_medium=RSS&at_campaign=rss
2026-01-08 04:44:00,470 - INFO - [BBC] Attempt 1/1: Trying with 'requests_browser' strategy...
2026-01-08 04:44:00,488 - INFO - Duplicate article skipped: Guinea’s junta chief elected president after opposition boycott | Guinea | The Guardian from The Guardian
2026-01-08 04:44:00,506 - INFO - [BBC] Success with 'requests_browser'. Found content (465 words).
2026-01-08 04:44:00,542 - INFO - Saved article: Trump to meet Colombian president at White House in 'near future' from BBC
2026-01-08 04:44:01,581 - INFO - [The Guardian] Article: https://www.theguardian.com/world/2025/dec/30/saudi-arabia-uae-tension-future-yemen-boiling-point
2026-01-08 04:44:01,581 - INFO - [The Guardian] Attempt 1/1: Trying with 'requests_browser' strategy...
2026-01-08 04:44:01,617 - INFO - [The Guardian] Success with 'requests_browser'. Found content (932 words).
2026-01-08 04:44:01,663 - INFO - Duplicate article skipped: Tensions between Saudis and Emiratis over future of Yemen reach boiling point | Yemen | The Guardian from The Guardian
2026-01-08 04:44:01,683 - INFO - [BBC] Article: https://www.bbc.com/news/articles/cly39pgmvrzo?at_medium=RSS&at_campaign=rss
2026-01-08 04:44:01,683 - INFO - [BBC] Attempt 1/1: Trying with 'requests_browser' strategy...
2026-01-08 04:44:01,723 - INFO - [BBC] Success with 'requests_browser'. Found content (810 words).
2026-01-08 04:44:01,761 - INFO - Duplicate article skipped: Trump actively discussing potentially buying Greenland, White House says from BBC
2026-01-08 04:44:02,872 - INFO - [The Guardian] Article: https://www.theguardian.com/world/2026/jan/08/venezuela-oil-deal-rodriguez-trump-vance-claims-us-control
2026-01-08 04:44:02,872 - INFO - [The Guardian] Attempt 1/1: Trying with 'requests_browser' strategy...
2026-01-08 04:44:02,900 - INFO - [The Guardian] Success with 'requests_browser'. Found content (537 words).
2026-01-08 04:44:02,961 - INFO - Saved article: Venezuela open to oil deal, says Rodríguez, as Vance claims US ‘controls’ country’s resources | Venezuela | The Guardian from The Guardian
2026-01-08 04:44:03,060 - INFO - [BBC] Article: https://www.bbc.com/news/articles/cvgx8w4pgk0o?at_medium=RSS&at_campaign=rss
2026-01-08 04:44:03,060 - INFO - [BBC] Attempt 1/1: Trying with 'requests_browser' strategy...
2026-01-08 04:44:03,101 - INFO - [BBC] Success with 'requests_browser'. Found content (972 words).
2026-01-08 04:44:03,138 - INFO - Duplicate article skipped: Greenlanders express fear and indignation as Trump eyes territory from BBC
2026-01-08 04:44:04,241 - INFO - [BBC] Article: https://www.bbc.com/news/articles/cgk8jv4r8nmo?at_medium=RSS&at_campaign=rss
2026-01-08 04:44:04,241 - INFO - [BBC] Attempt 1/1: Trying with 'requests_browser' strategy...
2026-01-08 04:44:04,279 - INFO - [BBC] Success with 'requests_browser'. Found content (453 words).
2026-01-08 04:44:04,280 - INFO - [The Guardian] Article: https://www.theguardian.com/us-news/live/2026/jan/07/donald-trump-venezuela-greenland-oil-childcare-us-politics-live
2026-01-08 04:44:04,285 - INFO - [The Guardian] Attempt 1/1: Trying with 'requests_browser' strategy...
2026-01-08 04:44:04,318 - INFO - Duplicate article skipped: Russian attacks leave two regions with widespread blackouts, Ukraine says from BBC
2026-01-08 04:44:04,529 - INFO - [The Guardian] Success with 'requests_browser'. Found content (1730 words).
2026-01-08 04:44:04,635 - INFO - Duplicate article skipped: Democrats slam Trump’s justification for immigration agent killing woman during ICE raid and call for investigation – as it happened | US immigration | The Guardian from The Guardian
2026-01-08 04:44:05,206 - INFO - [BBC] Article: https://www.bbc.com/news/articles/c0ke5lx6kyno?at_medium=RSS&at_campaign=rss
2026-01-08 04:44:05,206 - INFO - [BBC] Attempt 1/1: Trying with 'requests_browser' strategy...
2026-01-08 04:44:05,243 - INFO - [BBC] Success with 'requests_browser'. Found content (386 words).
2026-01-08 04:44:05,282 - INFO - Duplicate article skipped: Nick Reiner's lawyer removes himself from murder case from BBC
2026-01-08 04:44:05,479 - INFO - Selenium driver initialized successfully.
2026-01-08 04:44:05,479 - INFO - Starting scrape for The Hindu RSS feed: https://www.thehindu.com/news/national/feeder/default.rss
2026-01-08 04:44:05,480 - INFO - Selenium driver initialized successfully.
2026-01-08 04:44:05,480 - INFO - Starting scrape for Times of India RSS feed: https://timesofindia.indiatimes.com/rssfeeds/296589292.cms
2026-01-08 04:44:05,654 - INFO - Found 100 articles in The Hindu RSS feed. Processing up to 10.
2026-01-08 04:44:05,654 - INFO - [The Hindu] Article: https://www.thehindu.com/news/national/karnataka/rdpr-department-considering-singapore-technology-to-ensure-water-quality-in-karnataka/article70483222.ece
2026-01-08 04:44:05,654 - INFO - [The Hindu] Attempt 1/1: Trying with 'selenium_browser' strategy...
2026-01-08 04:44:05,750 - INFO - [The Guardian] Article: https://www.theguardian.com/world/2026/jan/07/russia-submarine-escort-shadow-fleet-tanker-us-sanctions
2026-01-08 04:44:05,750 - INFO - [The Guardian] Attempt 1/1: Trying with 'requests_browser' strategy...
2026-01-08 04:44:05,788 - INFO - Found 20 articles in Times of India RSS feed. Processing up to 10.
2026-01-08 04:44:05,788 - INFO - [Times of India] Article: https://timesofindia.indiatimes.com/world/us/appreciate-his-call-and-tone-colombia-president-explains-to-donald-trump-drug-situation-plan-to-meet-in-future/articleshow/126405482.cms
2026-01-08 04:44:05,788 - INFO - [Times of India] Attempt 1/1: Trying with 'selenium_browser' strategy...
2026-01-08 04:44:05,797 - INFO - [The Guardian] Success with 'requests_browser'. Found content (1050 words).
2026-01-08 04:44:05,850 - INFO - Duplicate article skipped: US seizes Russian-flagged oil tanker in Atlantic after two-week pursuit | US foreign policy | The Guardian from The Guardian
2026-01-08 04:44:06,347 - INFO - [BBC] Article: https://www.bbc.com/news/articles/cy4q898dkwxo?at_medium=RSS&at_campaign=rss
2026-01-08 04:44:06,347 - INFO - [BBC] Attempt 1/1: Trying with 'requests_browser' strategy...
2026-01-08 04:44:06,387 - INFO - [BBC] Success with 'requests_browser'. Found content (485 words).
2026-01-08 04:44:06,423 - INFO - [The Guardian] Article: https://www.theguardian.com/us-news/2026/jan/07/trump-maduro-diosdado-cabello
2026-01-08 04:44:06,423 - INFO - [The Guardian] Attempt 1/1: Trying with 'requests_browser' strategy...
2026-01-08 04:44:06,424 - INFO - Saved article: Heatwave hits Australia as officials warn of 'catastrophic' fire risk from BBC
2026-01-08 04:44:06,470 - INFO - [The Guardian] Success with 'requests_browser'. Found content (988 words).
2026-01-08 04:44:06,526 - INFO - Duplicate article skipped: US reportedly warns Maduro ally Diosdado Cabello he could be next | Venezuela | The Guardian from The Guardian
2026-01-08 04:44:07,462 - INFO - [The Guardian] Article: https://www.theguardian.com/environment/2026/jan/07/us-venezuela-south-america-mineral-wealth-rare-earths-oil
2026-01-08 04:44:07,462 - INFO - [The Guardian] Attempt 1/1: Trying with 'requests_browser' strategy...
2026-01-08 04:44:07,597 - INFO - [The Guardian] Success with 'requests_browser'. Found content (1350 words).
2026-01-08 04:44:07,695 - INFO - [BBC] Article: https://www.bbc.com/news/articles/c86v3y45pyyo?at_medium=RSS&at_campaign=rss
2026-01-08 04:44:07,695 - INFO - [BBC] Attempt 1/1: Trying with 'requests_browser' strategy...
2026-01-08 04:44:07,912 - INFO - Duplicate article skipped: US attack on Venezuela will decide direction of South America’s vast mineral wealth | Oil | The Guardian from The Guardian
2026-01-08 04:44:07,920 - INFO - [BBC] Success with 'requests_browser'. Found content (464 words).
2026-01-08 04:44:08,068 - INFO - Duplicate article skipped: Rare mountain gorilla twins born in DR Congo's Virunga National Park from BBC
2026-01-08 04:44:08,811 - INFO - [BBC] Article: https://www.bbc.com/news/articles/c9dv5zdl7ydo?at_medium=RSS&at_campaign=rss
2026-01-08 04:44:08,811 - INFO - [BBC] Attempt 1/1: Trying with 'requests_browser' strategy...
2026-01-08 04:44:08,920 - INFO - [BBC] Success with 'requests_browser'. Found content (383 words).
2026-01-08 04:44:09,009 - INFO - Duplicate article skipped: Spencer Pratt: Reality TV star announces run for LA mayor from BBC
2026-01-08 04:44:10,856 - INFO - [The Hindu] Page content loaded.
2026-01-08 04:44:10,996 - INFO - [The Hindu] Success with 'selenium_browser'. Found content (108 words).
2026-01-08 04:44:11,142 - INFO - Saved article: Karnataka considering Singapore technology to ensure water quality - The Hindu from The Hindu
2026-01-08 04:44:11,769 - INFO - [The Hindu] Article: https://www.thehindu.com/news/national/maharashtra/12-suspended-congress-councillors-in-ambarnath-join-bjp/article70485076.ece
2026-01-08 04:44:11,770 - INFO - [The Hindu] Attempt 1/1: Trying with 'selenium_browser' strategy...
2026-01-08 04:44:16,626 - INFO - [The Hindu] Page content loaded.
2026-01-08 04:44:17,251 - INFO - [The Hindu] Success with 'selenium_browser'. Found content (486 words).
2026-01-08 04:44:17,398 - INFO - Saved article: 12 suspended Congress councillors in Ambarnath join BJP - The Hindu from The Hindu
2026-01-08 04:44:18,598 - INFO - [The Hindu] Article: https://www.thehindu.com/news/national/west-bengal/domicile-certificates-not-valid-for-sir-hearings-in-bengal-official/article70485034.ece
2026-01-08 04:44:18,598 - INFO - [The Hindu] Attempt 1/1: Trying with 'selenium_browser' strategy...
2026-01-08 04:44:22,580 - INFO - [The Hindu] Page content loaded.
2026-01-08 04:44:22,743 - INFO - [The Hindu] Success with 'selenium_browser'. Found content (304 words).
2026-01-08 04:44:22,841 - INFO - Saved article: Domicile certificates not valid for SIR hearings in Bengal: Official - The Hindu from The Hindu
2026-01-08 04:44:24,007 - INFO - [The Hindu] Article: https://www.thehindu.com/news/national/renowned-ecologist-madhav-gadgil-passes-away-at-82/article70485030.ece
2026-01-08 04:44:24,007 - INFO - [The Hindu] Attempt 1/1: Trying with 'selenium_browser' strategy...
2026-01-08 04:44:25,205 - INFO - [The Hindu] Page content loaded.
2026-01-08 04:44:25,277 - INFO - [The Hindu] Success with 'selenium_browser'. Found content (337 words).
2026-01-08 04:44:25,370 - INFO - Saved article: Renowned ecologist Madhav Gadgil passes away at 82 - The Hindu from The Hindu
2026-01-08 04:44:26,821 - INFO - [The Hindu] Article: https://www.thehindu.com/news/national/2026-to-see-upswing-in-india-eu-relationship-jaishankar-in-luxembourg/article70484984.ece
2026-01-08 04:44:26,821 - INFO - [The Hindu] Attempt 1/1: Trying with 'selenium_browser' strategy...
2026-01-08 04:44:29,836 - INFO - [The Hindu] Page content loaded.
2026-01-08 04:44:29,904 - INFO - [The Hindu] Success with 'selenium_browser'. Found content (797 words).
2026-01-08 04:44:29,964 - INFO - Saved article: 2026 to see upswing in India-E.U. relationship: Jaishankar in Luxembourg - The Hindu from The Hindu
2026-01-08 04:44:31,108 - INFO - [The Hindu] Article: https://www.thehindu.com/news/cities/Hyderabad/hyderabad-four-students-killed-one-injured-as-car-crashes-near-mirzaguda-gate/article70484991.ece
2026-01-08 04:44:31,108 - INFO - [The Hindu] Attempt 1/1: Trying with 'selenium_browser' strategy...
2026-01-08 04:44:32,548 - INFO - [The Hindu] Page content loaded.
2026-01-08 04:44:32,721 - INFO - [The Hindu] Success with 'selenium_browser'. Found content (203 words).
2026-01-08 04:44:32,795 - INFO - Saved article: Hyderabad: Four students killed, one injured as car crashes near Mirzaguda Gate - The Hindu from The Hindu
2026-01-08 04:44:33,944 - INFO - [The Hindu] Article: https://www.thehindu.com/news/national/tamil-nadu/unusual-january-system-brews-over-bay-of-bengal-heavy-rain-likely-across-parts-of-tn/article70482573.ece
2026-01-08 04:44:33,944 - INFO - [The Hindu] Attempt 1/1: Trying with 'selenium_browser' strategy...
2026-01-08 04:44:34,837 - INFO - [The Hindu] Page content loaded.
2026-01-08 04:44:35,209 - INFO - [The Hindu] Success with 'selenium_browser'. Found content (440 words).
2026-01-08 04:44:35,305 - INFO - Saved article: Unusual January system brews over Bay of Bengal; heavy rain likely across parts of T.N. - The Hindu from The Hindu
2026-01-08 04:44:36,056 - INFO - [The Hindu] Article: https://www.thehindu.com/news/national/uttar-pradesh/schoolgirl-gangraped-in-kanpur-youtuber-nabbed-hunt-on-for-cop/article70484968.ece
2026-01-08 04:44:36,057 - INFO - [The Hindu] Attempt 1/1: Trying with 'selenium_browser' strategy...
2026-01-08 04:44:37,611 - INFO - [The Hindu] Page content loaded.
2026-01-08 04:44:37,734 - INFO - [The Hindu] Success with 'selenium_browser'. Found content (361 words).
2026-01-08 04:44:37,810 - INFO - Duplicate article skipped: Schoolgirl gangraped in Kanpur; YouTuber nabbed, hunt on for cop - The Hindu from The Hindu
2026-01-08 04:44:39,012 - INFO - [The Hindu] Article: https://www.thehindu.com/news/national/andhra-pradesh/kondapalli-railway-station-to-be-developed-with-10-crore/article70482603.ece
2026-01-08 04:44:39,012 - INFO - [The Hindu] Attempt 1/1: Trying with 'selenium_browser' strategy...
2026-01-08 04:44:41,260 - INFO - [The Hindu] Page content loaded.
2026-01-08 04:44:41,362 - INFO - [The Hindu] Success with 'selenium_browser'. Found content (302 words).
2026-01-08 04:44:41,457 - INFO - Duplicate article skipped: Kondapalli railway station to be developed with ₹10 crore - The Hindu from The Hindu
2026-01-08 04:44:42,609 - INFO - [The Hindu] Article: https://www.thehindu.com/data/us-tariff-impact-india-is-finding-newer-markets-strengthening-old-trade-routes-to-compensate/article70481926.ece
2026-01-08 04:44:42,609 - INFO - [The Hindu] Attempt 1/1: Trying with 'selenium_browser' strategy...
2026-01-08 04:44:45,309 - INFO - [The Hindu] Page content loaded.
2026-01-08 04:44:45,418 - INFO - [The Hindu] Success with 'selenium_browser'. Found content (601 words).
2026-01-08 04:44:45,510 - INFO - Duplicate article skipped: US tariff impact: India is finding newer markets, strengthening old trade routes to compensate - The Hindu from The Hindu
2026-01-08 04:44:46,569 - INFO - [The Hindu] (Thread) Finished. Attempting to shut down its Selenium driver.
2026-01-08 04:44:46,719 - INFO - [The Hindu] (Thread) driver.quit() successful.
2026-01-08 04:46:05,889 - ERROR - [Times of India] Request failed for strategy 'selenium_browser' on URL https://timesofindia.indiatimes.com/world/us/appreciate-his-call-and-tone-colombia-president-explains-to-donald-trump-drug-situation-plan-to-meet-in-future/articleshow/126405482.cms: HTTPConnectionPool(host='localhost', port=39133): Read timed out. (read timeout=120)
2026-01-08 04:46:05,889 - ERROR - [Times of India] All scrape strategies failed for https://timesofindia.indiatimes.com/world/us/appreciate-his-call-and-tone-colombia-president-explains-to-donald-trump-drug-situation-plan-to-meet-in-future/articleshow/126405482.cms. Falling back to RSS description.
2026-01-08 04:46:05,891 - INFO - Saved article: 'Appreciate his call and tone': Colombia President 'explains' to Donald Trump drug 'situation'; plan to meet in future from Times of India
2026-01-08 04:46:07,196 - INFO - [Times of India] Article: https://timesofindia.indiatimes.com/world/us/caught-on-cam-us-immigration-officer-shoots-woman-at-point-blank-range-in-minneapolis-how-it-unfolded/articleshow/126405288.cms
2026-01-08 04:46:07,196 - INFO - [Times of India] Attempt 1/1: Trying with 'selenium_browser' strategy...
2026-01-08 04:48:07,248 - ERROR - [Times of India] Request failed for strategy 'selenium_browser' on URL https://timesofindia.indiatimes.com/world/us/caught-on-cam-us-immigration-officer-shoots-woman-at-point-blank-range-in-minneapolis-how-it-unfolded/articleshow/126405288.cms: HTTPConnectionPool(host='localhost', port=39133): Read timed out. (read timeout=120)
2026-01-08 04:48:07,248 - ERROR - [Times of India] All scrape strategies failed for https://timesofindia.indiatimes.com/world/us/caught-on-cam-us-immigration-officer-shoots-woman-at-point-blank-range-in-minneapolis-how-it-unfolded/articleshow/126405288.cms. Falling back to RSS description.
2026-01-08 04:48:07,250 - INFO - Saved article: Caught on cam: US immigration officer shoots woman at point-blank range in Minneapolis - how it unfolded from Times of India
2026-01-08 04:48:08,472 - INFO - [Times of India] Article: https://timesofindia.indiatimes.com/world/us/from-global-climate-treaty-to-united-nations-university-donald-trump-withdraws-us-from-66-organisations-check-full-list/articleshow/126405156.cms
2026-01-08 04:48:08,473 - INFO - [Times of India] Attempt 1/1: Trying with 'selenium_browser' strategy...
2026-01-08 04:48:57,601 - CRITICAL - --- TIMEOUT: 1 scrape jobs did not complete in 300s. ---
2026-01-08 04:48:57,602 - ERROR - A thread has timed out and will be abandoned.
2026-01-08 04:48:57,602 - INFO - Shutting down thread pool (wait=False)...
2026-01-08 04:48:57,602 - INFO - Scraped: 3 BBC, 1 The Guardian, 7 The Hindu, 1 Timed_Out_Jobs articles. (Total saved: 11)
2026-01-08 04:48:57,602 - INFO - --- Scraping job finished ---
2026-01-08 04:48:57,602 - INFO - --- Scraper service stopped and database connection closed. ---
2026-01-08 04:48:57,602 - INFO - --- Main thread finished. Forcing process exit to kill zombie threads. ---
