2026-02-03 22:36:41,881 - INFO - Initializing database connection at: news_articles.db
2026-02-03 22:36:41,881 - INFO - --- Scraper service started (CI Mode: Run Once) ---
2026-02-03 22:36:41,881 - INFO - --- Starting new scraping job (Parallel Mode) ---
2026-02-03 22:36:41,881 - INFO - Creating new robust session with 3 retries on 5xx/connection/read errors.
2026-02-03 22:36:41,881 - INFO - Proxy is DISABLED.
2026-02-03 22:36:41,881 - INFO - Starting scrape for BBC RSS feed: http://feeds.bbci.co.uk/news/world/rss.xml
2026-02-03 22:36:41,882 - INFO - [Times of India] (Thread) requires Selenium. Initializing driver...
2026-02-03 22:36:41,882 - INFO - Initializing headless Selenium Chrome driver (using SeleniumManager)...
2026-02-03 22:36:41,882 - INFO - Starting scrape for The Guardian RSS feed: https://www.theguardian.com/world/rss
2026-02-03 22:36:41,883 - INFO - [The Hindu] (Thread) requires Selenium. Initializing driver...
2026-02-03 22:36:41,883 - INFO - Submitted 4 jobs to thread pool. Waiting up to 300s for completion...
2026-02-03 22:36:41,883 - INFO - Initializing headless Selenium Chrome driver (using SeleniumManager)...
2026-02-03 22:36:42,124 - INFO - Found 45 articles in The Guardian RSS feed. Processing up to 10.
2026-02-03 22:36:42,125 - INFO - [The Guardian] Article: https://www.theguardian.com/world/2026/feb/02/israel-agrees-to-limited-reopening-of-rafah-border-crossing-in-gaza
2026-02-03 22:36:42,125 - INFO - [The Guardian] Attempt 1/1: Trying with 'requests_browser' strategy...
2026-02-03 22:36:42,191 - INFO - [The Guardian] Success with 'requests_browser'. Found content (1130 words).
2026-02-03 22:36:42,240 - INFO - Duplicate article skipped: Handful of sick and wounded Palestinians allowed through Rafah crossing on first day | Gaza | The Guardian from The Guardian
2026-02-03 22:36:42,258 - INFO - Found 35 articles in BBC RSS feed. Processing up to 10.
2026-02-03 22:36:42,259 - INFO - [BBC] Article: https://www.bbc.com/news/articles/cn0k65pnxjxo?at_medium=RSS&at_campaign=rss
2026-02-03 22:36:42,259 - INFO - [BBC] Attempt 1/1: Trying with 'requests_browser' strategy...
2026-02-03 22:36:42,458 - INFO - [BBC] Success with 'requests_browser'. Found content (689 words).
2026-02-03 22:36:42,499 - INFO - Duplicate article skipped: Thousands of Epstein documents taken down after victims identified from BBC
2026-02-03 22:36:42,875 - INFO - [The Guardian] Article: https://www.theguardian.com/environment/2026/feb/02/weather-tracker-cyclone-fytia-madagascar-floods
2026-02-03 22:36:42,875 - INFO - [The Guardian] Attempt 1/1: Trying with 'requests_browser' strategy...
2026-02-03 22:36:43,261 - INFO - [The Guardian] Success with 'requests_browser'. Found content (389 words).
2026-02-03 22:36:43,295 - INFO - Duplicate article skipped: Weather tracker: Cyclone Fytia in Madagascar kills several people and floods homes | Madagascar | The Guardian from The Guardian
2026-02-03 22:36:43,320 - INFO - [BBC] Article: https://www.bbc.com/news/articles/c3dmjn7n985o?at_medium=RSS&at_campaign=rss
2026-02-03 22:36:43,320 - INFO - [BBC] Attempt 1/1: Trying with 'requests_browser' strategy...
2026-02-03 22:36:43,378 - INFO - [BBC] Success with 'requests_browser'. Found content (679 words).
2026-02-03 22:36:43,417 - INFO - Duplicate article skipped: US says it shot down Iranian drone flying towards aircraft carrier from BBC
2026-02-03 22:36:44,219 - INFO - [The Guardian] Article: https://www.theguardian.com/law/2026/feb/02/more-than-100000-civilians-killed-war-crimes-out-of-control-study
2026-02-03 22:36:44,219 - INFO - [The Guardian] Attempt 1/1: Trying with 'requests_browser' strategy...
2026-02-03 22:36:44,371 - INFO - [The Guardian] Success with 'requests_browser'. Found content (732 words).
2026-02-03 22:36:44,405 - INFO - Duplicate article skipped: International law meant to limit effects of war at breaking point, study finds | War crimes | The Guardian from The Guardian
2026-02-03 22:36:44,613 - INFO - [BBC] Article: https://www.bbc.com/news/articles/c04105ywkkqo?at_medium=RSS&at_campaign=rss
2026-02-03 22:36:44,613 - INFO - [BBC] Attempt 1/1: Trying with 'requests_browser' strategy...
2026-02-03 22:36:44,674 - INFO - [BBC] Success with 'requests_browser'. Found content (1496 words).
2026-02-03 22:36:44,715 - INFO - Duplicate article skipped: BBC joins Colombian commandos on search for jungle cocaine labs from BBC
2026-02-03 22:36:45,141 - INFO - [The Guardian] Article: https://www.theguardian.com/world/2026/jan/30/more-than-200-killed-in-coltan-mine-collapse-in-eastern-drc-officials-say
2026-02-03 22:36:45,141 - INFO - [The Guardian] Attempt 1/1: Trying with 'requests_browser' strategy...
2026-02-03 22:36:45,179 - INFO - [The Guardian] Success with 'requests_browser'. Found content (306 words).
2026-02-03 22:36:45,212 - INFO - Duplicate article skipped: More than 200 killed in coltan mine collapse in eastern DRC, officials say | Democratic Republic of the Congo | The Guardian from The Guardian
2026-02-03 22:36:45,292 - INFO - [BBC] Article: https://www.bbc.com/news/articles/c5y2nddvmryo?at_medium=RSS&at_campaign=rss
2026-02-03 22:36:45,292 - INFO - [BBC] Attempt 1/1: Trying with 'requests_browser' strategy...
2026-02-03 22:36:45,346 - INFO - [BBC] Success with 'requests_browser'. Found content (591 words).
2026-02-03 22:36:45,388 - INFO - Duplicate article skipped: Spain announces plans to ban social media for under-16s from BBC
2026-02-03 22:36:45,738 - INFO - [The Guardian] Article: https://www.theguardian.com/world/2026/jan/30/niger-airport-airbase-attack-islamic-state
2026-02-03 22:36:45,738 - INFO - [The Guardian] Attempt 1/1: Trying with 'requests_browser' strategy...
2026-02-03 22:36:45,781 - INFO - [The Guardian] Success with 'requests_browser'. Found content (455 words).
2026-02-03 22:36:45,845 - INFO - Duplicate article skipped: Islamic State claims attack on international airport and airbase in Niger | Niger | The Guardian from The Guardian
2026-02-03 22:36:46,401 - INFO - [BBC] Article: https://www.bbc.com/news/articles/cly3ezj3rg3o?at_medium=RSS&at_campaign=rss
2026-02-03 22:36:46,401 - INFO - [BBC] Attempt 1/1: Trying with 'requests_browser' strategy...
2026-02-03 22:36:46,460 - INFO - [BBC] Success with 'requests_browser'. Found content (1021 words).
2026-02-03 22:36:46,508 - INFO - Duplicate article skipped: Austin Appelbee: Australia boy, 13, describes swim to save family from BBC
2026-02-03 22:36:46,783 - INFO - [The Guardian] Article: https://www.theguardian.com/us-news/2026/feb/02/trump-administration-blocked-tps-haitians
2026-02-03 22:36:46,783 - INFO - [The Guardian] Attempt 1/1: Trying with 'requests_browser' strategy...
2026-02-03 22:36:46,823 - INFO - [The Guardian] Success with 'requests_browser'. Found content (475 words).
2026-02-03 22:36:46,858 - INFO - Duplicate article skipped: Judge blocks Trump administration’s stripping of Haitians’ protected status | US immigration | The Guardian from The Guardian
2026-02-03 22:36:47,211 - INFO - [BBC] Article: https://www.bbc.com/news/articles/c5yd3x7yreno?at_medium=RSS&at_campaign=rss
2026-02-03 22:36:47,212 - INFO - [BBC] Attempt 1/1: Trying with 'requests_browser' strategy...
2026-02-03 22:36:47,268 - INFO - [BBC] Success with 'requests_browser'. Found content (566 words).
2026-02-03 22:36:47,312 - INFO - Duplicate article skipped: Seven million cancers a year are preventable, says global report from BBC
2026-02-03 22:36:47,926 - INFO - [The Guardian] Article: https://www.theguardian.com/world/2026/feb/02/claudia-sheinbaum-mexico-oil-cuba-trump
2026-02-03 22:36:47,926 - INFO - [The Guardian] Attempt 1/1: Trying with 'requests_browser' strategy...
2026-02-03 22:36:47,965 - INFO - [The Guardian] Success with 'requests_browser'. Found content (687 words).
2026-02-03 22:36:47,999 - INFO - Duplicate article skipped: Mexico’s president pledges to send aid to Cuba despite US efforts to cut oil access | Mexico | The Guardian from The Guardian
2026-02-03 22:36:48,210 - INFO - [BBC] Article: https://www.bbc.com/news/articles/c14r685mne4o?at_medium=RSS&at_campaign=rss
2026-02-03 22:36:48,210 - INFO - [BBC] Attempt 1/1: Trying with 'requests_browser' strategy...
2026-02-03 22:36:48,265 - INFO - [BBC] Success with 'requests_browser'. Found content (701 words).
2026-02-03 22:36:48,306 - INFO - Duplicate article skipped: Bill and Hillary Clinton agree to testify in House Epstein investigation from BBC
2026-02-03 22:36:48,875 - INFO - [BBC] Article: https://www.bbc.com/news/articles/cpwng25114ro?at_medium=RSS&at_campaign=rss
2026-02-03 22:36:48,875 - INFO - [BBC] Attempt 1/1: Trying with 'requests_browser' strategy...
2026-02-03 22:36:48,937 - INFO - [BBC] Success with 'requests_browser'. Found content (892 words).
2026-02-03 22:36:48,981 - INFO - Duplicate article skipped: Russian hits Ukraine energy sites in 'most powerful blow" so far this year from BBC
2026-02-03 22:36:49,399 - INFO - [The Guardian] Article: https://www.theguardian.com/us-news/2026/feb/02/rightwing-brazilian-influencer-junior-pena-arrested-by-ice
2026-02-03 22:36:49,399 - INFO - [The Guardian] Attempt 1/1: Trying with 'requests_browser' strategy...
2026-02-03 22:36:49,440 - INFO - [The Guardian] Success with 'requests_browser'. Found content (422 words).
2026-02-03 22:36:49,478 - INFO - Duplicate article skipped: Brazilian influencer who defended US immigration crackdown arrested by ICE | US news | The Guardian from The Guardian
2026-02-03 22:36:49,901 - INFO - Selenium driver initialized successfully.
2026-02-03 22:36:49,901 - INFO - Starting scrape for Times of India RSS feed: https://timesofindia.indiatimes.com/rssfeeds/296589292.cms
2026-02-03 22:36:49,902 - INFO - Selenium driver initialized successfully.
2026-02-03 22:36:49,902 - INFO - Starting scrape for The Hindu RSS feed: https://www.thehindu.com/news/national/feeder/default.rss
2026-02-03 22:36:50,073 - INFO - Found 100 articles in The Hindu RSS feed. Processing up to 10.
2026-02-03 22:36:50,073 - INFO - [The Hindu] Article: https://www.thehindu.com/news/national/arunachal-pradesh/arunachal-pradesh-policeman-killed-in-tiger-attack/article70588278.ece
2026-02-03 22:36:50,073 - INFO - [The Hindu] Attempt 1/1: Trying with 'selenium_browser' strategy...
2026-02-03 22:36:50,259 - INFO - Found 20 articles in Times of India RSS feed. Processing up to 10.
2026-02-03 22:36:50,259 - INFO - [Times of India] Article: https://timesofindia.indiatimes.com/world/rest-of-world/four-masked-gunmen-disabled-security-cameras-how-muammar-gaddafis-son-saif-alislam-was-assassinated-in-libya/articleshow/127894493.cms
2026-02-03 22:36:50,259 - INFO - [Times of India] Attempt 1/1: Trying with 'selenium_browser' strategy...
2026-02-03 22:36:50,371 - INFO - [BBC] Article: https://www.bbc.com/news/articles/cp37g4xgkxdo?at_medium=RSS&at_campaign=rss
2026-02-03 22:36:50,371 - INFO - [BBC] Attempt 1/1: Trying with 'requests_browser' strategy...
2026-02-03 22:36:50,425 - INFO - [BBC] Success with 'requests_browser'. Found content (348 words).
2026-02-03 22:36:50,474 - INFO - Duplicate article skipped: Saif al-Islam Gaddafi, son of ex-Libyan leader, reportedly shot dead from BBC
2026-02-03 22:36:50,666 - INFO - [The Guardian] Article: https://www.theguardian.com/world/2026/feb/02/indigenous-views-trump-greenland-push-inuits-arctic
2026-02-03 22:36:50,666 - INFO - [The Guardian] Attempt 1/1: Trying with 'requests_browser' strategy...
2026-02-03 22:36:50,719 - INFO - [The Guardian] Success with 'requests_browser'. Found content (1005 words).
2026-02-03 22:36:50,797 - INFO - Duplicate article skipped: Trump’s Greenland threats open old wounds for Inuit across Arctic | Greenland | The Guardian from The Guardian
2026-02-03 22:36:51,743 - INFO - [BBC] Article: https://www.bbc.com/news/articles/c7v0p818g91o?at_medium=RSS&at_campaign=rss
2026-02-03 22:36:51,743 - INFO - [BBC] Attempt 1/1: Trying with 'requests_browser' strategy...
2026-02-03 22:36:51,828 - INFO - [BBC] Success with 'requests_browser'. Found content (280 words).
2026-02-03 22:36:51,912 - INFO - Duplicate article skipped: France teacher fighting for life after knife attack by pupil from BBC
2026-02-03 22:36:52,089 - INFO - [The Guardian] Article: https://www.theguardian.com/world/2026/feb/02/laura-fernandez-wins-costa-rica-president-latin-america-rightwing
2026-02-03 22:36:52,089 - INFO - [The Guardian] Attempt 1/1: Trying with 'requests_browser' strategy...
2026-02-03 22:36:52,143 - INFO - [The Guardian] Success with 'requests_browser'. Found content (618 words).
2026-02-03 22:36:52,216 - INFO - Duplicate article skipped: Fernández wins Costa Rican presidency, steering Latin America further right | Costa Rica | The Guardian from The Guardian
2026-02-03 22:36:55,019 - INFO - [The Hindu] Page content loaded.
2026-02-03 22:36:55,148 - INFO - [The Hindu] Success with 'selenium_browser'. Found content (243 words).
2026-02-03 22:36:55,443 - INFO - Saved article: Arunachal Pradesh policeman killed in tiger attack - The Hindu from The Hindu
2026-02-03 22:36:56,166 - INFO - [The Hindu] Article: https://www.thehindu.com/news/national/kerala/youth-killed-as-bike-rams-metro-pillar-in-kochi/article70588656.ece
2026-02-03 22:36:56,166 - INFO - [The Hindu] Attempt 1/1: Trying with 'selenium_browser' strategy...
2026-02-03 22:37:00,035 - INFO - [The Hindu] Page content loaded.
2026-02-03 22:37:00,320 - INFO - [The Hindu] Success with 'selenium_browser'. Found content (119 words).
2026-02-03 22:37:00,682 - INFO - Saved article: Youth killed as bike rams metro pillar in Kochi - The Hindu from The Hindu
2026-02-03 22:37:01,632 - INFO - [The Hindu] Article: https://www.thehindu.com/news/national/kerala/plywood-factory-moving-car-gutted-in-fire/article70588806.ece
2026-02-03 22:37:01,632 - INFO - [The Hindu] Attempt 1/1: Trying with 'selenium_browser' strategy...
2026-02-03 22:37:02,934 - INFO - [Times of India] Page content loaded.
2026-02-03 22:37:03,204 - INFO - [The Hindu] Page content loaded.
2026-02-03 22:37:03,380 - INFO - [The Hindu] Success with 'selenium_browser'. Found content (145 words).
2026-02-03 22:37:03,495 - INFO - Duplicate article skipped: Plywood factory, moving car gutted in fire - The Hindu from The Hindu
2026-02-03 22:37:03,566 - INFO - [Times of India] Success with 'selenium_browser'. Found content (297 words).
2026-02-03 22:37:03,749 - INFO - Saved article: Four masked gunmen, disabled security cameras: How Muammar Gaddafi's son Saif al‑Islam was assassinated in Libya - The Times of India from Times of India
2026-02-03 22:37:04,576 - INFO - [Times of India] Article: https://timesofindia.indiatimes.com/world/us/ice-detains-green-card-lottery-immigrant-charged-with-raping-16-year-old-in-nashville-held-victim-at-gunpoint/articleshow/127894436.cms
2026-02-03 22:37:04,576 - INFO - [Times of India] Attempt 1/1: Trying with 'selenium_browser' strategy...
2026-02-03 22:37:04,919 - INFO - [The Hindu] Article: https://www.thehindu.com/news/national/kerala/kerala-high-court-upholds-40000-cost-imposed-by-vacation-bench/article70588336.ece
2026-02-03 22:37:04,919 - INFO - [The Hindu] Attempt 1/1: Trying with 'selenium_browser' strategy...
2026-02-03 22:37:08,569 - INFO - [The Hindu] Page content loaded.
2026-02-03 22:37:08,853 - INFO - [The Hindu] Success with 'selenium_browser'. Found content (244 words).
2026-02-03 22:37:08,946 - INFO - Duplicate article skipped: Kerala High Court upholds ₹40,000 cost imposed by vacation bench - The Hindu from The Hindu
2026-02-03 22:37:09,517 - INFO - [The Hindu] Article: https://www.thehindu.com/news/national/kerala/govt-told-to-ensure-continuous-supply-of-drinking-water-to-west-kochi-residents/article70584343.ece
2026-02-03 22:37:09,518 - INFO - [The Hindu] Attempt 1/1: Trying with 'selenium_browser' strategy...
2026-02-03 22:37:10,432 - INFO - [The Hindu] Page content loaded.
2026-02-03 22:37:10,616 - INFO - [The Hindu] Success with 'selenium_browser'. Found content (125 words).
2026-02-03 22:37:10,725 - INFO - Duplicate article skipped: Govt. told to ensure continuous supply of drinking water to West Kochi residents - The Hindu from The Hindu
2026-02-03 22:37:11,701 - INFO - [The Hindu] Article: https://www.thehindu.com/news/national/kerala/police-register-300-cases-over-alleged-traffic-rule-violations-by-private-buses-in-kochi/article70588868.ece
2026-02-03 22:37:11,701 - INFO - [The Hindu] Attempt 1/1: Trying with 'selenium_browser' strategy...
2026-02-03 22:37:14,433 - INFO - [Times of India] Page content loaded.
2026-02-03 22:37:14,719 - INFO - [Times of India] Success with 'selenium_browser'. Found content (299 words).
2026-02-03 22:37:14,867 - INFO - Saved article: ICE detains Green Card Lottery immigrant charged with raping 16-year-old in Nashville, held victim at gunpoint - The Times of India from Times of India
2026-02-03 22:37:15,124 - INFO - [The Hindu] Page content loaded.
2026-02-03 22:37:15,352 - INFO - [The Hindu] Success with 'selenium_browser'. Found content (215 words).
2026-02-03 22:37:15,447 - INFO - Duplicate article skipped: Police register 300 cases over alleged traffic rule violations by private buses in Kochi - The Hindu from The Hindu
2026-02-03 22:37:15,747 - INFO - [Times of India] Article: https://timesofindia.indiatimes.com/world/us-streamers/twitch-streamer-and-call-of-duty-legend-optic-scump-welcomes-first-child-with-wife-isabelle/articleshow/127894318.cms
2026-02-03 22:37:15,747 - INFO - [Times of India] Attempt 1/1: Trying with 'selenium_browser' strategy...
2026-02-03 22:37:16,374 - INFO - [The Hindu] Article: https://www.thehindu.com/news/national/ed-achieves-9482-conviction-rate-in-money-laundering-cases-at-end-of-2025/article70588330.ece
2026-02-03 22:37:16,374 - INFO - [The Hindu] Attempt 1/1: Trying with 'selenium_browser' strategy...
2026-02-03 22:37:17,819 - INFO - [Times of India] Page content loaded.
2026-02-03 22:37:18,075 - INFO - [The Hindu] Page content loaded.
2026-02-03 22:37:18,228 - INFO - [The Hindu] Success with 'selenium_browser'. Found content (340 words).
2026-02-03 22:37:18,492 - INFO - Duplicate article skipped: ED achieves 94.82% conviction rate in money-laundering cases at end of 2025 - The Hindu from The Hindu
2026-02-03 22:37:18,496 - INFO - [Times of India] Success with 'selenium_browser'. Found content (387 words).
2026-02-03 22:37:18,667 - INFO - Saved article: Twitch streamer and Call of Duty legend OpTic Scump welcomes first child with wife Isabelle - The Times of India from Times of India
2026-02-03 22:37:19,193 - INFO - [Times of India] Article: https://timesofindia.indiatimes.com/world/us/texas-journalist-exposes-indian-recruiters-behind-h-1b-only-job-ads-on-linkedin-when-i-call-the-numbers-/articleshow/127894199.cms
2026-02-03 22:37:19,193 - INFO - [Times of India] Attempt 1/1: Trying with 'selenium_browser' strategy...
2026-02-03 22:37:19,979 - INFO - [The Hindu] Article: https://www.thehindu.com/news/national/karnataka/mpharm-option-entry-allowed-from-february-7/article70588615.ece
2026-02-03 22:37:19,979 - INFO - [The Hindu] Attempt 1/1: Trying with 'selenium_browser' strategy...
2026-02-03 22:37:21,516 - INFO - [The Hindu] Page content loaded.
2026-02-03 22:37:21,700 - INFO - [The Hindu] Success with 'selenium_browser'. Found content (175 words).
2026-02-03 22:37:21,821 - INFO - Duplicate article skipped: MPharm: Option entry allowed from February 7 - The Hindu from The Hindu
2026-02-03 22:37:23,281 - INFO - [The Hindu] Article: https://www.thehindu.com/news/national/karnataka/bengaluru-hosts-global-summit-on-diamond-open-access/article70588407.ece
2026-02-03 22:37:23,281 - INFO - [The Hindu] Attempt 1/1: Trying with 'selenium_browser' strategy...
2026-02-03 22:37:25,603 - INFO - [Times of India] Page content loaded.
2026-02-03 22:37:25,709 - INFO - [The Hindu] Page content loaded.
2026-02-03 22:37:25,816 - INFO - [Times of India] Success with 'selenium_browser'. Found content (366 words).
2026-02-03 22:37:25,992 - INFO - [The Hindu] Success with 'selenium_browser'. Found content (248 words).
2026-02-03 22:37:26,028 - INFO - Duplicate article skipped: Texas journalist 'exposes' Indian recruiters behind 'H-1B only' job ads on LinkedIn: 'When I call the numbers...' - The Times of India from Times of India
2026-02-03 22:37:26,115 - INFO - Duplicate article skipped: Bengaluru hosts global summit on Diamond Open Access - The Hindu from The Hindu
2026-02-03 22:37:26,731 - INFO - [Times of India] Article: https://timesofindia.indiatimes.com/world/us/pakistan-born-anosh-ahmed-hospital-executive-who-fled-us-after-290-million-fraud-arrested-in-serbia/articleshow/127893722.cms
2026-02-03 22:37:26,731 - INFO - [Times of India] Attempt 1/1: Trying with 'selenium_browser' strategy...
2026-02-03 22:37:27,061 - INFO - [The Hindu] Article: https://www.thehindu.com/news/national/karnataka/c-camp-one-health-amr-challenge-2025-winners-announced/article70587335.ece
2026-02-03 22:37:27,061 - INFO - [The Hindu] Attempt 1/1: Trying with 'selenium_browser' strategy...
2026-02-03 22:37:28,409 - INFO - [Times of India] Page content loaded.
2026-02-03 22:37:28,756 - INFO - [Times of India] Success with 'selenium_browser'. Found content (322 words).
2026-02-03 22:37:28,855 - INFO - Duplicate article skipped: Pakistan-born Anosh Ahmed, hospital executive who fled US after $290 million fraud, arrested in Serbia - The Times of India from Times of India
2026-02-03 22:37:30,331 - INFO - [Times of India] Article: https://timesofindia.indiatimes.com/world/us-streamers/youtuber-markipliers-indie-film-iron-lung-shocks-the-box-office-with-a-21-7m-global-opening/articleshow/127894163.cms
2026-02-03 22:37:30,332 - INFO - [Times of India] Attempt 1/1: Trying with 'selenium_browser' strategy...
2026-02-03 22:37:31,055 - INFO - [The Hindu] Page content loaded.
2026-02-03 22:37:31,364 - INFO - [The Hindu] Success with 'selenium_browser'. Found content (255 words).
2026-02-03 22:37:31,461 - INFO - Duplicate article skipped: C-CAMP One Health AMR Challenge 2025 winners announced - The Hindu from The Hindu
2026-02-03 22:37:31,956 - INFO - [Times of India] Page content loaded.
2026-02-03 22:37:32,071 - INFO - [Times of India] Success with 'selenium_browser'. Found content (381 words).
2026-02-03 22:37:32,165 - INFO - Duplicate article skipped: YouTuber Markiplier’s indie film ‘Iron Lung’ shocks the box office with a $21.7M global opening - The Times of India from Times of India
2026-02-03 22:37:32,885 - INFO - [The Hindu] (Thread) Finished. Attempting to shut down its Selenium driver.
2026-02-03 22:37:33,053 - INFO - [The Hindu] (Thread) driver.quit() successful.
2026-02-03 22:37:33,080 - INFO - [Times of India] Article: https://timesofindia.indiatimes.com/world/uk/nhs-introducing-close-relative-marriage-nurse-role-in-uk-draws-backlash/articleshow/127893573.cms
2026-02-03 22:37:33,080 - INFO - [Times of India] Attempt 1/1: Trying with 'selenium_browser' strategy...
2026-02-03 22:37:33,801 - INFO - [Times of India] Page content loaded.
2026-02-03 22:37:33,907 - INFO - [Times of India] Success with 'selenium_browser'. Found content (444 words).
2026-02-03 22:37:34,007 - INFO - Duplicate article skipped: NHS introducing ‘close-relative marriage’ nurse role in UK draws backlash | World News - The Times of India from Times of India
2026-02-03 22:37:34,848 - INFO - [Times of India] Article: https://timesofindia.indiatimes.com/world/us/empty-offices-no-hospital-equipment-kazakhstan-pakistan-nationals-charged-in-massive-1-billion-medicare-fraud-across-us/articleshow/127892001.cms
2026-02-03 22:37:34,849 - INFO - [Times of India] Attempt 1/1: Trying with 'selenium_browser' strategy...
2026-02-03 22:37:35,974 - INFO - [Times of India] Page content loaded.
2026-02-03 22:37:36,104 - INFO - [Times of India] Success with 'selenium_browser'. Found content (489 words).
2026-02-03 22:37:36,227 - INFO - Duplicate article skipped: Empty offices, no hospital equipment: Kazakhstan, Pakistan nationals charged in massive $1 billion medicare fraud across US - The Times of India from Times of India
2026-02-03 22:37:37,087 - INFO - [Times of India] Article: https://timesofindia.indiatimes.com/world/us/very-painful-times-in-my-marriage-melinda-french-gates-reacts-to-newly-released-emails-from-epstein-files/articleshow/127893431.cms
2026-02-03 22:37:37,087 - INFO - [Times of India] Attempt 1/1: Trying with 'selenium_browser' strategy...
2026-02-03 22:37:37,697 - INFO - [Times of India] Page content loaded.
2026-02-03 22:37:37,791 - INFO - [Times of India] Success with 'selenium_browser'. Found content (384 words).
2026-02-03 22:37:37,853 - INFO - Duplicate article skipped: 'Very painful times in my marriage': Melinda French Gates reacts to newly released emails from Epstein Files - The Times of India from Times of India
2026-02-03 22:37:38,495 - INFO - [Times of India] Article: https://timesofindia.indiatimes.com/world/us/jill-bidens-ex-husband-william-stevenson-arrested-charged-with-murder-of-wife-in-delaware/articleshow/127891789.cms
2026-02-03 22:37:38,496 - INFO - [Times of India] Attempt 1/1: Trying with 'selenium_browser' strategy...
2026-02-03 22:37:39,286 - INFO - [Times of India] Page content loaded.
2026-02-03 22:37:39,398 - INFO - [Times of India] Success with 'selenium_browser'. Found content (272 words).
2026-02-03 22:37:39,493 - INFO - Duplicate article skipped: Jill Biden's ex-husband William Stevenson arrested, charged with murder of wife in Delaware - The Times of India from Times of India
2026-02-03 22:37:40,698 - INFO - [Times of India] (Thread) Finished. Attempting to shut down its Selenium driver.
2026-02-03 22:37:40,832 - INFO - [Times of India] (Thread) driver.quit() successful.
2026-02-03 22:37:40,832 - INFO - Shutting down thread pool (wait=False)...
2026-02-03 22:37:40,832 - INFO - Scraped: 0 The Guardian, 3 Times of India, 2 The Hindu, 0 BBC articles. (Total saved: 5)
2026-02-03 22:37:40,832 - INFO - --- Scraping job finished ---
2026-02-03 22:37:40,838 - INFO - --- Scraper service stopped and database connection closed. ---
2026-02-03 22:37:40,838 - INFO - --- Main thread finished. Forcing process exit to kill zombie threads. ---
