2025-12-15 18:39:47,988 - INFO - Initializing database connection at: news_articles.db
2025-12-15 18:39:47,989 - INFO - --- Scraper service started (CI Mode: Run Once) ---
2025-12-15 18:39:47,989 - INFO - --- Starting new scraping job (Parallel Mode) ---
2025-12-15 18:39:47,989 - INFO - Creating new robust session with 3 retries on 5xx/connection/read errors.
2025-12-15 18:39:47,989 - INFO - Proxy is DISABLED.
2025-12-15 18:39:47,989 - INFO - Starting scrape for BBC RSS feed: http://feeds.bbci.co.uk/news/world/rss.xml
2025-12-15 18:39:47,990 - INFO - [Times of India] (Thread) requires Selenium. Initializing driver...
2025-12-15 18:39:47,990 - INFO - Initializing headless Selenium Chrome driver (using SeleniumManager)...
2025-12-15 18:39:47,990 - INFO - Starting scrape for The Guardian RSS feed: https://www.theguardian.com/world/rss
2025-12-15 18:39:47,990 - INFO - [The Hindu] (Thread) requires Selenium. Initializing driver...
2025-12-15 18:39:47,991 - INFO - Initializing headless Selenium Chrome driver (using SeleniumManager)...
2025-12-15 18:39:47,991 - INFO - Submitted 4 jobs to thread pool. Waiting up to 300s for completion...
2025-12-15 18:39:48,156 - INFO - Found 45 articles in The Guardian RSS feed. Processing up to 10.
2025-12-15 18:39:48,156 - INFO - [The Guardian] Article: https://www.theguardian.com/education/2025/dec/14/ghana-students-uk-universities-face-deportion-funding-crisis
2025-12-15 18:39:48,156 - INFO - [The Guardian] Attempt 1/1: Trying with 'requests_browser' strategy...
2025-12-15 18:39:48,209 - INFO - [The Guardian] Success with 'requests_browser'. Found content (604 words).
2025-12-15 18:39:48,244 - INFO - Duplicate article skipped: Ghanaian students at UK universities face deportation amid funding crisis | International students | The Guardian from The Guardian
2025-12-15 18:39:48,537 - INFO - Found 36 articles in BBC RSS feed. Processing up to 10.
2025-12-15 18:39:48,537 - INFO - [BBC] Article: https://www.bbc.com/news/articles/c8dy54e6ljqo?at_medium=RSS&at_campaign=rss
2025-12-15 18:39:48,537 - INFO - [BBC] Attempt 1/1: Trying with 'requests_browser' strategy...
2025-12-15 18:39:48,893 - INFO - [BBC] Success with 'requests_browser'. Found content (1000 words).
2025-12-15 18:39:48,910 - INFO - [The Guardian] Article: https://www.theguardian.com/science/2025/dec/15/little-foot-hominin-fossil-may-be-new-species-of-human-ancestor
2025-12-15 18:39:48,910 - INFO - [The Guardian] Attempt 1/1: Trying with 'requests_browser' strategy...
2025-12-15 18:39:48,942 - INFO - Saved article: How Bondi's Hanukkah festival turned from joy to horror within minutes from BBC
2025-12-15 18:39:48,956 - INFO - [The Guardian] Success with 'requests_browser'. Found content (553 words).
2025-12-15 18:39:48,992 - INFO - Duplicate article skipped: Little Foot hominin fossil may be new species of human ancestor | Evolution | The Guardian from The Guardian
2025-12-15 18:39:49,496 - INFO - [BBC] Article: https://www.bbc.com/news/articles/ckgz15d5718o?at_medium=RSS&at_campaign=rss
2025-12-15 18:39:49,496 - INFO - [BBC] Attempt 1/1: Trying with 'requests_browser' strategy...
2025-12-15 18:39:49,554 - INFO - [BBC] Success with 'requests_browser'. Found content (1272 words).
2025-12-15 18:39:49,594 - INFO - Duplicate article skipped: Who were the Bondi beach shooting victims? What we know from BBC
2025-12-15 18:39:49,804 - INFO - [The Guardian] Article: https://www.theguardian.com/world/2025/dec/13/drone-strike-on-un-facility-in-war-torn-sudan-leaves-six-peacekeepers-dead
2025-12-15 18:39:49,804 - INFO - [The Guardian] Attempt 1/1: Trying with 'requests_browser' strategy...
2025-12-15 18:39:49,958 - INFO - [The Guardian] Success with 'requests_browser'. Found content (357 words).
2025-12-15 18:39:50,000 - INFO - Duplicate article skipped: Drone strike on UN facility in war-torn Sudan leaves six peacekeepers dead | Sudan | The Guardian from The Guardian
2025-12-15 18:39:50,782 - INFO - [BBC] Article: https://www.bbc.com/news/articles/cjrjq2v7l3po?at_medium=RSS&at_campaign=rss
2025-12-15 18:39:50,782 - INFO - [BBC] Attempt 1/1: Trying with 'requests_browser' strategy...
2025-12-15 18:39:50,975 - INFO - [The Guardian] Article: https://www.theguardian.com/world/2025/dec/13/us-accuses-rwanda-of-violating-peace-deal
2025-12-15 18:39:50,976 - INFO - [The Guardian] Attempt 1/1: Trying with 'requests_browser' strategy...
2025-12-15 18:39:51,124 - INFO - [The Guardian] Success with 'requests_browser'. Found content (632 words).
2025-12-15 18:39:51,166 - INFO - Duplicate article skipped: US scolds Rwanda for breaking peace deal as M23 rebels seize key Congo city | Rwanda | The Guardian from The Guardian
2025-12-15 18:39:51,729 - INFO - [BBC] Success with 'requests_browser'. Found content (693 words).
2025-12-15 18:39:51,764 - INFO - Duplicate article skipped: Ukraine ceasefire talks continue as US says 'progress was made' from BBC
2025-12-15 18:39:51,979 - INFO - [The Guardian] Article: https://www.theguardian.com/us-news/2025/dec/12/trump-ends-temporary-legal-status-ethiopia
2025-12-15 18:39:51,979 - INFO - [The Guardian] Attempt 1/1: Trying with 'requests_browser' strategy...
2025-12-15 18:39:52,016 - INFO - [The Guardian] Success with 'requests_browser'. Found content (322 words).
2025-12-15 18:39:52,051 - INFO - Duplicate article skipped: US ends temporary legal status for Ethiopians amid Trump crackdown | Trump administration | The Guardian from The Guardian
2025-12-15 18:39:52,848 - INFO - [BBC] Article: https://www.bbc.com/news/articles/cp844kjj37vo?at_medium=RSS&at_campaign=rss
2025-12-15 18:39:52,848 - INFO - [BBC] Attempt 1/1: Trying with 'requests_browser' strategy...
2025-12-15 18:39:52,900 - INFO - [BBC] Success with 'requests_browser'. Found content (1364 words).
2025-12-15 18:39:52,921 - INFO - [The Guardian] Article: https://www.theguardian.com/world/2025/dec/15/trinidad-tobago-us-access-airports-venezuela-tensions-grow
2025-12-15 18:39:52,921 - INFO - [The Guardian] Attempt 1/1: Trying with 'requests_browser' strategy...
2025-12-15 18:39:52,941 - INFO - Duplicate article skipped: Jimmy Lai: Hong Kong tycoon found guilty in high-profile national security case from BBC
2025-12-15 18:39:53,072 - INFO - [The Guardian] Success with 'requests_browser'. Found content (306 words).
2025-12-15 18:39:53,135 - INFO - Saved article: Trinidad and Tobago to give US access to its airports as Venezuela tensions grow | Trinidad and Tobago | The Guardian from The Guardian
2025-12-15 18:39:53,726 - INFO - [The Guardian] Article: https://www.theguardian.com/world/2025/dec/15/maria-corina-machado-venezuela-norway
2025-12-15 18:39:53,726 - INFO - [The Guardian] Attempt 1/1: Trying with 'requests_browser' strategy...
2025-12-15 18:39:53,866 - INFO - [The Guardian] Success with 'requests_browser'. Found content (192 words).
2025-12-15 18:39:53,884 - INFO - [BBC] Article: https://www.bbc.com/news/articles/c2dz15556l1o?at_medium=RSS&at_campaign=rss
2025-12-15 18:39:53,884 - INFO - [BBC] Attempt 1/1: Trying with 'requests_browser' strategy...
2025-12-15 18:39:53,901 - INFO - Duplicate article skipped: Machado suffered vertebra fracture on secret trip from Venezuela to Norway | María Corina Machado | The Guardian from The Guardian
2025-12-15 18:39:53,933 - INFO - [BBC] Success with 'requests_browser'. Found content (563 words).
2025-12-15 18:39:53,963 - INFO - Saved article: Iran Nobel laureate taken to hospital after 'violent arrest' - family from BBC
2025-12-15 18:39:54,865 - INFO - [BBC] Article: https://www.bbc.com/news/articles/cjwyzlly6eno?at_medium=RSS&at_campaign=rss
2025-12-15 18:39:54,865 - INFO - [BBC] Attempt 1/1: Trying with 'requests_browser' strategy...
2025-12-15 18:39:54,907 - INFO - [BBC] Success with 'requests_browser'. Found content (250 words).
2025-12-15 18:39:54,943 - INFO - Duplicate article skipped: Morocco floods: Dozens killed in port city of Safi after heavy rains from BBC
2025-12-15 18:39:55,150 - INFO - [The Guardian] Article: https://www.theguardian.com/world/2025/dec/15/jose-antonio-kast-wins-election-chile-president
2025-12-15 18:39:55,150 - INFO - [The Guardian] Attempt 1/1: Trying with 'requests_browser' strategy...
2025-12-15 18:39:55,437 - INFO - [The Guardian] Success with 'requests_browser'. Found content (860 words).
2025-12-15 18:39:55,471 - INFO - Duplicate article skipped: Ultra-conservative José Antonio Kast elected Chile’s next president | Chile | The Guardian from The Guardian
2025-12-15 18:39:56,206 - INFO - [BBC] Article: https://www.bbc.com/news/articles/cdxwg94v4veo?at_medium=RSS&at_campaign=rss
2025-12-15 18:39:56,206 - INFO - [BBC] Attempt 1/1: Trying with 'requests_browser' strategy...
2025-12-15 18:39:56,249 - INFO - [BBC] Success with 'requests_browser'. Found content (546 words).
2025-12-15 18:39:56,284 - INFO - Duplicate article skipped: Messi: Football icon wraps up India tour with Delhi visit from BBC
2025-12-15 18:39:56,633 - INFO - [The Guardian] Article: https://www.theguardian.com/us-news/2025/dec/14/jetblue-pilot-avoids-midair-collision-air-force-venezuela
2025-12-15 18:39:56,633 - INFO - [The Guardian] Attempt 1/1: Trying with 'requests_browser' strategy...
2025-12-15 18:39:56,671 - INFO - [The Guardian] Success with 'requests_browser'. Found content (321 words).
2025-12-15 18:39:56,706 - INFO - Duplicate article skipped: Pilot narrowly avoids ‘midair collision’ with US air force plane near Venezuela | US news | The Guardian from The Guardian
2025-12-15 18:39:57,006 - INFO - [BBC] Article: https://www.bbc.com/news/articles/c0kde07lvvro?at_medium=RSS&at_campaign=rss
2025-12-15 18:39:57,006 - INFO - [BBC] Attempt 1/1: Trying with 'requests_browser' strategy...
2025-12-15 18:39:57,048 - INFO - [BBC] Success with 'requests_browser'. Found content (911 words).
2025-12-15 18:39:57,081 - INFO - Duplicate article skipped: Chile elects far-right José Antonio Kast as next president from BBC
2025-12-15 18:39:57,668 - INFO - [The Guardian] Article: https://www.theguardian.com/world/2025/dec/14/chile-presidential-election
2025-12-15 18:39:57,668 - INFO - [The Guardian] Attempt 1/1: Trying with 'requests_browser' strategy...
2025-12-15 18:39:57,820 - INFO - [The Guardian] Success with 'requests_browser'. Found content (809 words).
2025-12-15 18:39:57,853 - INFO - Duplicate article skipped: Far-right José Antonio Kast favored to win as Chile votes in presidential runoff | Chile | The Guardian from The Guardian
2025-12-15 18:39:58,147 - INFO - [BBC] Article: https://www.bbc.com/news/articles/ckg9ll6jpl0o?at_medium=RSS&at_campaign=rss
2025-12-15 18:39:58,147 - INFO - [BBC] Attempt 1/1: Trying with 'requests_browser' strategy...
2025-12-15 18:39:58,194 - INFO - [BBC] Success with 'requests_browser'. Found content (827 words).
2025-12-15 18:39:58,245 - INFO - Duplicate article skipped: Brown University shooting: Two victims named as hunt resumes for gunman from BBC
2025-12-15 18:39:59,351 - INFO - [BBC] Article: https://www.bbc.com/news/articles/cvg1r89m6g7o?at_medium=RSS&at_campaign=rss
2025-12-15 18:39:59,351 - INFO - [BBC] Attempt 1/1: Trying with 'requests_browser' strategy...
2025-12-15 18:39:59,397 - INFO - [BBC] Success with 'requests_browser'. Found content (1005 words).
2025-12-15 18:39:59,433 - INFO - Duplicate article skipped: 'Never give up': Belarusian prisoners celebrate release after US lifts sanctions from BBC
2025-12-15 18:40:03,545 - INFO - Selenium driver initialized successfully.
2025-12-15 18:40:03,545 - INFO - Selenium driver initialized successfully.
2025-12-15 18:40:03,545 - INFO - Starting scrape for Times of India RSS feed: https://timesofindia.indiatimes.com/rssfeeds/296589292.cms
2025-12-15 18:40:03,545 - INFO - Starting scrape for The Hindu RSS feed: https://www.thehindu.com/news/national/feeder/default.rss
2025-12-15 18:40:03,746 - INFO - Found 100 articles in The Hindu RSS feed. Processing up to 10.
2025-12-15 18:40:03,746 - INFO - [The Hindu] Article: https://www.thehindu.com/news/national/identify-land-for-navodaya-vidyalayas-sc-tells-tn/article70400184.ece
2025-12-15 18:40:03,746 - INFO - [The Hindu] Attempt 1/1: Trying with 'selenium_browser' strategy...
2025-12-15 18:40:03,764 - INFO - Found 20 articles in Times of India RSS feed. Processing up to 10.
2025-12-15 18:40:03,765 - INFO - [Times of India] Article: https://timesofindia.indiatimes.com/world/us/not-a-single-american-who-can-blow-a-whistle-row-over-california-hiring-300-h-1b-teachers-including-pe-staff/articleshow/125986955.cms
2025-12-15 18:40:03,765 - INFO - [Times of India] Attempt 1/1: Trying with 'selenium_browser' strategy...
2025-12-15 18:40:06,130 - INFO - [The Hindu] Page content loaded.
2025-12-15 18:40:06,517 - INFO - [The Hindu] Success with 'selenium_browser'. Found content (638 words).
2025-12-15 18:40:06,691 - INFO - Saved article: Identify land for Navodaya Vidyalayas, SC tells T.N. - The Hindu from The Hindu
2025-12-15 18:40:08,004 - INFO - [The Hindu] Article: https://www.thehindu.com/news/cities/Hyderabad/unesco-ambassador-vishal-sharma-visits-incois-backs-dedicated-ocean-observation-satellite/article70398899.ece
2025-12-15 18:40:08,004 - INFO - [The Hindu] Attempt 1/1: Trying with 'selenium_browser' strategy...
2025-12-15 18:40:12,711 - INFO - [The Hindu] Page content loaded.
2025-12-15 18:40:13,073 - INFO - [The Hindu] Success with 'selenium_browser'. Found content (219 words).
2025-12-15 18:40:13,389 - INFO - Saved article: UNESCO Ambassador Vishal Sharma visits INCOIS, backs dedicated ocean observation satellite - The Hindu from The Hindu
2025-12-15 18:40:14,164 - INFO - [The Hindu] Article: https://www.thehindu.com/news/national/tamil-nadu/nagapattinam-to-roll-out-sailing-training-for-children-of-fishermen-water-sports-planned-in-velankanni/article70398972.ece
2025-12-15 18:40:14,164 - INFO - [The Hindu] Attempt 1/1: Trying with 'selenium_browser' strategy...
2025-12-15 18:40:16,565 - INFO - [The Hindu] Page content loaded.
2025-12-15 18:40:16,993 - INFO - [The Hindu] Success with 'selenium_browser'. Found content (437 words).
2025-12-15 18:40:17,324 - INFO - Saved article: Nagapattinam to roll out sailing training for children of fishermen; water sports planned in Velankanni - The Hindu from The Hindu
2025-12-15 18:40:18,785 - INFO - [The Hindu] Article: https://www.thehindu.com/news/national/jammu-and-kashmir/103-firemen-terminated-over-compromised-processof-recruitment-in-jk/article70399980.ece
2025-12-15 18:40:18,785 - INFO - [The Hindu] Attempt 1/1: Trying with 'selenium_browser' strategy...
2025-12-15 18:40:21,470 - INFO - [The Hindu] Page content loaded.
2025-12-15 18:40:21,713 - INFO - [The Hindu] Success with 'selenium_browser'. Found content (210 words).
2025-12-15 18:40:21,876 - INFO - Saved article: 103 firemen terminated over ‘compromised process of recruitment’ in J&K - The Hindu from The Hindu
2025-12-15 18:40:22,605 - INFO - [The Hindu] Article: https://www.thehindu.com/news/national/punjab/aapdismisses-rigging-charges-in-punjab-rural-polls-calls-it-false-propaganda/article70399472.ece
2025-12-15 18:40:22,607 - INFO - [The Hindu] Attempt 1/1: Trying with 'selenium_browser' strategy...
2025-12-15 18:41:03,815 - ERROR - [Times of India] Request failed for strategy 'selenium_browser' on URL https://timesofindia.indiatimes.com/world/us/not-a-single-american-who-can-blow-a-whistle-row-over-california-hiring-300-h-1b-teachers-including-pe-staff/articleshow/125986955.cms: Message: timeout: Timed out receiving message from renderer: 59.603
  (Session info: chrome=143.0.7499.40)
Stacktrace:
#0 0x557195a5c16a <unknown>
#1 0x5571954d9c4b <unknown>
#2 0x5571954c1cf3 <unknown>
#3 0x5571954c19d6 <unknown>
#4 0x5571954bf897 <unknown>
#5 0x5571954c01af <unknown>
#6 0x5571954ce970 <unknown>
#7 0x5571954e8017 <unknown>
#8 0x5571954ee6cb <unknown>
#9 0x5571954c08d8 <unknown>
#10 0x5571954e7dc3 <unknown>
#11 0x557195576f60 <unknown>
#12 0x55719551dc42 <unknown>
#13 0x55719551e8f1 <unknown>
#14 0x557195a24f09 <unknown>
#15 0x557195a27e4d <unknown>
#16 0x557195a0dc51 <unknown>
#17 0x557195a28a2b <unknown>
#18 0x5571959f4a20 <unknown>
#19 0x557195a49a78 <unknown>
#20 0x557195a49c49 <unknown>
#21 0x557195a5b4c3 <unknown>
#22 0x7fa8b3e9caa4 <unknown>
#23 0x7fa8b3f29c6c <unknown>

2025-12-15 18:41:03,815 - ERROR - [Times of India] All scrape strategies failed for https://timesofindia.indiatimes.com/world/us/not-a-single-american-who-can-blow-a-whistle-row-over-california-hiring-300-h-1b-teachers-including-pe-staff/articleshow/125986955.cms. Falling back to RSS description.
2025-12-15 18:41:03,821 - INFO - Saved article: ‘Not a single American who can blow a whistle…’: Row over California hiring 300 H-1B teachers, including PE staff from Times of India
2025-12-15 18:41:04,900 - INFO - [Times of India] Article: https://timesofindia.indiatimes.com/world/us/over-800-cameras-but-only-one-footage-of-shooter-from-behind-brown-university-shooter-still-at-large-after-30-hours/articleshow/125987869.cms
2025-12-15 18:41:04,900 - INFO - [Times of India] Attempt 1/1: Trying with 'selenium_browser' strategy...
2025-12-15 18:41:06,047 - INFO - [Times of India] Page content loaded.
2025-12-15 18:41:06,185 - INFO - [Times of India] Success with 'selenium_browser'. Found content (368 words).
2025-12-15 18:41:06,248 - INFO - Saved article: Over 800 cameras but only one footage of shooter from behind: Brown University shooter still at large after 30 hours - The Times of India from Times of India
2025-12-15 18:41:07,546 - INFO - [Times of India] Article: https://timesofindia.indiatimes.com/world/us/rob-reiners-son-nick-arrested-on-suspicion-of-homicide-source-says-father-and-son-argued-at-party-before-deaths/articleshow/125986770.cms
2025-12-15 18:41:07,547 - INFO - [Times of India] Attempt 1/1: Trying with 'selenium_browser' strategy...
2025-12-15 18:41:08,193 - INFO - [Times of India] Page content loaded.
2025-12-15 18:41:08,325 - INFO - [Times of India] Success with 'selenium_browser'. Found content (385 words).
2025-12-15 18:41:08,388 - INFO - Saved article: Rob Reiner’s son Nick arrested on suspicion of homicide; source says father and son argued at party before deaths - The Times of India from Times of India
2025-12-15 18:41:09,716 - INFO - [Times of India] Article: https://timesofindia.indiatimes.com/world/us/going-to-die-in-canada-indian-origin-jasmeet-singh-charged-in-us-for-cross-border-threats-linked-to-lawrence-bishnoi-gang/articleshow/125986031.cms
2025-12-15 18:41:09,716 - INFO - [Times of India] Attempt 1/1: Trying with 'selenium_browser' strategy...
2025-12-15 18:41:10,258 - INFO - [Times of India] Page content loaded.
2025-12-15 18:41:10,379 - INFO - [Times of India] Success with 'selenium_browser'. Found content (363 words).
2025-12-15 18:41:10,440 - INFO - Saved article: 'Going to die in Canada': Indian-origin Jasmeet Singh charged in US for cross-border threats linked to Lawrence Bishnoi gang - The Times of India from Times of India
2025-12-15 18:41:11,068 - INFO - [Times of India] Article: https://timesofindia.indiatimes.com/etimes/trending/if-youre-on-an-h1-b-visa-indian-origin-jyoti-bansal-explains-how-he-made-billions-of-dollars-from-scratch/articleshow/125985780.cms
2025-12-15 18:41:11,069 - INFO - [Times of India] Attempt 1/1: Trying with 'selenium_browser' strategy...
2025-12-15 18:41:21,923 - WARNING - [Times of India] Page timed out (10s). No <p> tags found. Proceeding anyway.
2025-12-15 18:41:22,046 - INFO - [Times of India] Success with 'selenium_browser'. Found content (508 words).
2025-12-15 18:41:22,123 - INFO - Saved article: ‘If you’re on an H1-B visa…’: Indian-origin Jyoti Bansal explains how he made billions of dollars from scratch | - The Times of India from Times of India
2025-12-15 18:41:22,850 - INFO - [Times of India] Article: https://timesofindia.indiatimes.com/world/us/incurable-affliction-trump-claims-rob-reiner-killing-linked-to-trump-derangement-syndrome-calls-him-struggling-actor/articleshow/125985896.cms
2025-12-15 18:41:22,851 - INFO - [Times of India] Attempt 1/1: Trying with 'selenium_browser' strategy...
2025-12-15 18:41:23,399 - INFO - [Times of India] Page content loaded.
2025-12-15 18:41:23,541 - INFO - [Times of India] Success with 'selenium_browser'. Found content (455 words).
2025-12-15 18:41:23,621 - INFO - Saved article: ‘Incurable affliction’: Trump claims Rob Reiner killing linked to ‘Trump derangement syndrome’, calls him ‘struggling’ actor - The Times of India from Times of India
2025-12-15 18:41:25,094 - INFO - [Times of India] Article: https://timesofindia.indiatimes.com/etimes/trending/shocking-new-evidence-suggests-ancient-egypts-timeline-may-be-off-by-nearly-a-century/articleshow/125983556.cms
2025-12-15 18:41:25,094 - INFO - [Times of India] Attempt 1/1: Trying with 'selenium_browser' strategy...
2025-12-15 18:42:22,692 - ERROR - [The Hindu] Request failed for strategy 'selenium_browser' on URL https://www.thehindu.com/news/national/punjab/aapdismisses-rigging-charges-in-punjab-rural-polls-calls-it-false-propaganda/article70399472.ece: HTTPConnectionPool(host='localhost', port=40481): Read timed out. (read timeout=120)
2025-12-15 18:42:22,693 - ERROR - [The Hindu] All scrape strategies failed for https://www.thehindu.com/news/national/punjab/aapdismisses-rigging-charges-in-punjab-rural-polls-calls-it-false-propaganda/article70399472.ece. Falling back to RSS description.
2025-12-15 18:42:22,695 - INFO - Saved article: AAP dismisses rigging charges in Punjab rural polls, calls it ‘false propaganda’ from The Hindu
2025-12-15 18:42:23,625 - INFO - [The Hindu] Article: https://www.thehindu.com/news/national/supreme-court-extends-interim-protection-from-arrest-granted-to-actors-in-chit-fund-case/article70399234.ece
2025-12-15 18:42:23,625 - INFO - [The Hindu] Attempt 1/1: Trying with 'selenium_browser' strategy...
2025-12-15 18:42:25,111 - ERROR - [Times of India] Request failed for strategy 'selenium_browser' on URL https://timesofindia.indiatimes.com/etimes/trending/shocking-new-evidence-suggests-ancient-egypts-timeline-may-be-off-by-nearly-a-century/articleshow/125983556.cms: Message: timeout: Timed out receiving message from renderer: 59.705
  (Session info: chrome=143.0.7499.40)
Stacktrace:
#0 0x557195a5c16a <unknown>
#1 0x5571954d9c4b <unknown>
#2 0x5571954c1cf3 <unknown>
#3 0x5571954c19d6 <unknown>
#4 0x5571954bf897 <unknown>
#5 0x5571954c01af <unknown>
#6 0x5571954ce970 <unknown>
#7 0x5571954e8017 <unknown>
#8 0x5571954ee6cb <unknown>
#9 0x5571954c08d8 <unknown>
#10 0x5571954e7dc3 <unknown>
#11 0x557195576f60 <unknown>
#12 0x55719551dc42 <unknown>
#13 0x55719551e8f1 <unknown>
#14 0x557195a24f09 <unknown>
#15 0x557195a27e4d <unknown>
#16 0x557195a0dc51 <unknown>
#17 0x557195a28a2b <unknown>
#18 0x5571959f4a20 <unknown>
#19 0x557195a49a78 <unknown>
#20 0x557195a49c49 <unknown>
#21 0x557195a5b4c3 <unknown>
#22 0x7fa8b3e9caa4 <unknown>
#23 0x7fa8b3f29c6c <unknown>

2025-12-15 18:42:25,112 - ERROR - [Times of India] All scrape strategies failed for https://timesofindia.indiatimes.com/etimes/trending/shocking-new-evidence-suggests-ancient-egypts-timeline-may-be-off-by-nearly-a-century/articleshow/125983556.cms. Falling back to RSS description.
2025-12-15 18:42:25,112 - INFO - Duplicate article skipped: Shocking new evidence suggests ancient Egypt’s timeline may be off by nearly a century from Times of India
2025-12-15 18:42:25,798 - INFO - [Times of India] Article: https://timesofindia.indiatimes.com/world/us/donald-trump-stirs-row-after-calling-rob-reiner-tortured-and-struggling-star-after-death-utterly-disgraceful/articleshow/125984966.cms
2025-12-15 18:42:25,798 - INFO - [Times of India] Attempt 1/1: Trying with 'selenium_browser' strategy...
2025-12-15 18:42:26,637 - INFO - [Times of India] Page content loaded.
2025-12-15 18:42:26,751 - INFO - [Times of India] Success with 'selenium_browser'. Found content (377 words).
2025-12-15 18:42:26,828 - INFO - Duplicate article skipped: Donald Trump stirs row after calling Rob Reiner 'tortured and struggling star' after death: 'Utterly disgraceful' - The Times of India from Times of India
2025-12-15 18:42:27,975 - INFO - [Times of India] Article: https://timesofindia.indiatimes.com/world/us-streamers/you-just-dont-know-arc-raiders-clash-between-ninja-and-nadeshot-turns-personal-before-cooler-heads-prevail-on-stream/articleshow/125984500.cms
2025-12-15 18:42:27,975 - INFO - [Times of India] Attempt 1/1: Trying with 'selenium_browser' strategy...
2025-12-15 18:42:38,597 - WARNING - [Times of India] Page timed out (10s). No <p> tags found. Proceeding anyway.
2025-12-15 18:42:38,786 - INFO - [Times of India] Success with 'selenium_browser'. Found content (419 words).
2025-12-15 18:42:38,922 - INFO - Duplicate article skipped: “You just don’t know”: Arc Raiders clash between Ninja and Nadeshot turns personal before cooler heads prevail on stream - The Times of India from Times of India
2025-12-15 18:42:39,439 - INFO - [Times of India] Article: https://timesofindia.indiatimes.com/world/rest-of-world/if-you-want-peace-pig-heads-dumped-in-a-muslim-cemetery-in-australia-after-15-killed-in-bondi-beach-shooting/articleshow/125984577.cms
2025-12-15 18:42:39,439 - INFO - [Times of India] Attempt 1/1: Trying with 'selenium_browser' strategy...
2025-12-15 18:42:40,148 - INFO - [Times of India] Page content loaded.
2025-12-15 18:42:40,284 - INFO - [Times of India] Success with 'selenium_browser'. Found content (388 words).
2025-12-15 18:42:40,343 - INFO - Duplicate article skipped: 'If you want peace...': Pig heads dumped at a Muslim cemetery in Australia after 15 killed in Bondi Beach shooting - The Times of India from Times of India
2025-12-15 18:42:41,500 - INFO - [Times of India] (Thread) Finished. Attempting to shut down its Selenium driver.
2025-12-15 18:42:41,834 - INFO - [Times of India] (Thread) driver.quit() successful.
2025-12-15 18:44:23,639 - ERROR - [The Hindu] Request failed for strategy 'selenium_browser' on URL https://www.thehindu.com/news/national/supreme-court-extends-interim-protection-from-arrest-granted-to-actors-in-chit-fund-case/article70399234.ece: HTTPConnectionPool(host='localhost', port=40481): Read timed out. (read timeout=120)
2025-12-15 18:44:23,640 - ERROR - [The Hindu] All scrape strategies failed for https://www.thehindu.com/news/national/supreme-court-extends-interim-protection-from-arrest-granted-to-actors-in-chit-fund-case/article70399234.ece. Falling back to RSS description.
2025-12-15 18:44:23,641 - INFO - Saved article: Supreme Court extends interim protection from arrest granted to actors in chit fund case from The Hindu
2025-12-15 18:44:24,275 - INFO - [The Hindu] Article: https://www.thehindu.com/news/cities/bangalore/bengalurus-wastewater-management-may-get-swiss-tech-boost/article70399519.ece
2025-12-15 18:44:24,275 - INFO - [The Hindu] Attempt 1/1: Trying with 'selenium_browser' strategy...
2025-12-15 18:44:47,991 - CRITICAL - --- TIMEOUT: 1 scrape jobs did not complete in 300s. ---
2025-12-15 18:44:47,992 - ERROR - A thread has timed out and will be abandoned.
2025-12-15 18:44:47,992 - INFO - Shutting down thread pool (wait=False)...
2025-12-15 18:44:47,992 - INFO - Scraped: 6 Times of India, 2 BBC, 1 The Guardian, 1 Timed_Out_Jobs articles. (Total saved: 9)
2025-12-15 18:44:47,992 - INFO - --- Scraping job finished ---
2025-12-15 18:44:47,992 - INFO - --- Scraper service stopped and database connection closed. ---
2025-12-15 18:44:47,992 - INFO - --- Main thread finished. Forcing process exit to kill zombie threads. ---
