2026-01-18 06:38:56,228 - INFO - Initializing database connection at: news_articles.db
2026-01-18 06:38:56,228 - INFO - --- Scraper service started (CI Mode: Run Once) ---
2026-01-18 06:38:56,228 - INFO - --- Starting new scraping job (Parallel Mode) ---
2026-01-18 06:38:56,228 - INFO - Creating new robust session with 3 retries on 5xx/connection/read errors.
2026-01-18 06:38:56,228 - INFO - Proxy is DISABLED.
2026-01-18 06:38:56,229 - INFO - Starting scrape for BBC RSS feed: http://feeds.bbci.co.uk/news/world/rss.xml
2026-01-18 06:38:56,229 - INFO - [Times of India] (Thread) requires Selenium. Initializing driver...
2026-01-18 06:38:56,229 - INFO - Initializing headless Selenium Chrome driver (using SeleniumManager)...
2026-01-18 06:38:56,229 - INFO - Starting scrape for The Guardian RSS feed: https://www.theguardian.com/world/rss
2026-01-18 06:38:56,230 - INFO - [The Hindu] (Thread) requires Selenium. Initializing driver...
2026-01-18 06:38:56,230 - INFO - Initializing headless Selenium Chrome driver (using SeleniumManager)...
2026-01-18 06:38:56,233 - INFO - Submitted 4 jobs to thread pool. Waiting up to 300s for completion...
2026-01-18 06:38:56,309 - INFO - Found 45 articles in The Guardian RSS feed. Processing up to 10.
2026-01-18 06:38:56,309 - INFO - [The Guardian] Article: https://www.theguardian.com/world/2026/jan/17/yoweri-museveni-wins-ugandan-election-as-opponent-condemns-fake-result
2026-01-18 06:38:56,309 - INFO - [The Guardian] Attempt 1/1: Trying with 'requests_browser' strategy...
2026-01-18 06:38:56,334 - INFO - [The Guardian] Success with 'requests_browser'. Found content (462 words).
2026-01-18 06:38:56,370 - INFO - Duplicate article skipped: Yoweri Museveni wins Ugandan election as opponent condemns ‘fake result’ | Uganda | The Guardian from The Guardian
2026-01-18 06:38:56,913 - INFO - Found 32 articles in BBC RSS feed. Processing up to 10.
2026-01-18 06:38:56,913 - INFO - [BBC] Article: https://www.bbc.com/news/articles/cy4qjwk9n2no?at_medium=RSS&at_campaign=rss
2026-01-18 06:38:56,913 - INFO - [BBC] Attempt 1/1: Trying with 'requests_browser' strategy...
2026-01-18 06:38:57,113 - INFO - [BBC] Success with 'requests_browser'. Found content (1136 words).
2026-01-18 06:38:57,154 - INFO - Duplicate article skipped: Trump tariff threat over Greenland 'unacceptable', European leaders say from BBC
2026-01-18 06:38:57,302 - INFO - [The Guardian] Article: https://www.theguardian.com/uk-news/2026/jan/17/afcon-little-morocco-london-confidence-high
2026-01-18 06:38:57,302 - INFO - [The Guardian] Attempt 1/1: Trying with 'requests_browser' strategy...
2026-01-18 06:38:57,328 - INFO - [The Guardian] Success with 'requests_browser'. Found content (686 words).
2026-01-18 06:38:57,364 - INFO - Duplicate article skipped: Confidence runs high in London’s Little Morocco as Afcon glory beckons | London | The Guardian from The Guardian
2026-01-18 06:38:57,749 - INFO - [BBC] Article: https://www.bbc.com/news/articles/cly148lvyevo?at_medium=RSS&at_campaign=rss
2026-01-18 06:38:57,749 - INFO - [BBC] Attempt 1/1: Trying with 'requests_browser' strategy...
2026-01-18 06:38:57,783 - INFO - [BBC] Success with 'requests_browser'. Found content (940 words).
2026-01-18 06:38:57,850 - INFO - Duplicate article skipped: Artemis II: Nasa's mega Moon rocket arrives at launch pad from BBC
2026-01-18 06:38:57,973 - INFO - [The Guardian] Article: https://www.theguardian.com/environment/2026/jan/17/twin-baby-mountain-gorilla-virunga-drc-survival-conservation-aoe
2026-01-18 06:38:57,973 - INFO - [The Guardian] Attempt 1/1: Trying with 'requests_browser' strategy...
2026-01-18 06:38:57,995 - INFO - [The Guardian] Success with 'requests_browser'. Found content (601 words).
2026-01-18 06:38:58,031 - INFO - Duplicate article skipped: Rare twins born in DRC raise cautious hope for endangered mountain gorillas | Endangered species | The Guardian from The Guardian
2026-01-18 06:38:58,405 - INFO - [BBC] Article: https://www.bbc.com/news/articles/ckglee733wno?at_medium=RSS&at_campaign=rss
2026-01-18 06:38:58,405 - INFO - [BBC] Attempt 1/1: Trying with 'requests_browser' strategy...
2026-01-18 06:38:58,441 - INFO - [BBC] Success with 'requests_browser'. Found content (477 words).
2026-01-18 06:38:58,480 - INFO - Duplicate article skipped: Iran's supreme leader acknowledges thousands killed during recent protests from BBC
2026-01-18 06:38:58,688 - INFO - [The Guardian] Article: https://www.theguardian.com/world/2026/jan/16/uganda-election-early-results-show-museveni-in-lead-as-violence-reported
2026-01-18 06:38:58,688 - INFO - [The Guardian] Attempt 1/1: Trying with 'requests_browser' strategy...
2026-01-18 06:38:58,718 - INFO - [The Guardian] Success with 'requests_browser'. Found content (674 words).
2026-01-18 06:38:58,766 - INFO - Duplicate article skipped: Uganda’s opposition leader ‘taken by army’ as Museveni nears re-election | Uganda | The Guardian from The Guardian
2026-01-18 06:38:59,264 - INFO - [BBC] Article: https://www.bbc.com/news/articles/c07xvv9r422o?at_medium=RSS&at_campaign=rss
2026-01-18 06:38:59,264 - INFO - [BBC] Attempt 1/1: Trying with 'requests_browser' strategy...
2026-01-18 06:38:59,280 - INFO - [The Guardian] Article: https://www.theguardian.com/us-news/2026/jan/15/hepatitis-b-vaccines-study-africa-cancel
2026-01-18 06:38:59,280 - INFO - [The Guardian] Attempt 1/1: Trying with 'requests_browser' strategy...
2026-01-18 06:38:59,304 - INFO - [BBC] Success with 'requests_browser'. Found content (939 words).
2026-01-18 06:38:59,346 - INFO - Duplicate article skipped: Big names on Trump's Gaza peace panel face huge challenges from BBC
2026-01-18 06:38:59,356 - INFO - [The Guardian] Success with 'requests_browser'. Found content (1391 words).
2026-01-18 06:38:59,393 - INFO - Duplicate article skipped: Controversial US study on hepatitis B vaccines in Africa is cancelled | Vaccines and immunisation | The Guardian from The Guardian
2026-01-18 06:39:00,081 - INFO - [The Guardian] Article: https://www.theguardian.com/us-news/2026/jan/16/trump-administration-mistake-college-student-detained
2026-01-18 06:39:00,081 - INFO - [The Guardian] Attempt 1/1: Trying with 'requests_browser' strategy...
2026-01-18 06:39:00,131 - INFO - [The Guardian] Success with 'requests_browser'. Found content (758 words).
2026-01-18 06:39:00,167 - INFO - Duplicate article skipped: Trump administration says deporting college student trying to surprise family was a ‘mistake’ | US immigration | The Guardian from The Guardian
2026-01-18 06:39:00,351 - INFO - [BBC] Article: https://www.bbc.com/news/articles/cvgprwlplqwo?at_medium=RSS&at_campaign=rss
2026-01-18 06:39:00,351 - INFO - [BBC] Attempt 1/1: Trying with 'requests_browser' strategy...
2026-01-18 06:39:00,380 - INFO - [BBC] Success with 'requests_browser'. Found content (594 words).
2026-01-18 06:39:00,418 - INFO - Duplicate article skipped: US judge restricts ICE response to Minneapolis protesters from BBC
2026-01-18 06:39:00,704 - INFO - [The Guardian] Article: https://www.theguardian.com/world/2026/jan/16/cia-chief-visits-maduro-successor-as-machado-vows-to-become-venezuelas-president
2026-01-18 06:39:00,704 - INFO - [The Guardian] Attempt 1/1: Trying with 'requests_browser' strategy...
2026-01-18 06:39:00,733 - INFO - [The Guardian] Success with 'requests_browser'. Found content (906 words).
2026-01-18 06:39:00,779 - INFO - Duplicate article skipped: CIA chief visits Maduro successor as Machado vows to become Venezuela’s president | Venezuela | The Guardian from The Guardian
2026-01-18 06:39:01,412 - INFO - [BBC] Article: https://www.bbc.com/news/articles/c2lgxxrxd52o?at_medium=RSS&at_campaign=rss
2026-01-18 06:39:01,412 - INFO - [BBC] Attempt 1/1: Trying with 'requests_browser' strategy...
2026-01-18 06:39:01,448 - INFO - [BBC] Success with 'requests_browser'. Found content (575 words).
2026-01-18 06:39:01,487 - INFO - Duplicate article skipped: Uganda election result: Yoweri Museveni beats Bobi Wine to extend 40-year rule from BBC
2026-01-18 06:39:01,646 - INFO - [The Guardian] Article: https://www.theguardian.com/world/2026/jan/16/brazil-jair-bolsonaro-reduce-sentence-reading-books
2026-01-18 06:39:01,646 - INFO - [The Guardian] Attempt 1/1: Trying with 'requests_browser' strategy...
2026-01-18 06:39:01,675 - INFO - [The Guardian] Success with 'requests_browser'. Found content (406 words).
2026-01-18 06:39:01,716 - INFO - Duplicate article skipped: Brazil’s Bolsonaro finds novel way to reduce 27-year sentence: reading books | Jair Bolsonaro | The Guardian from The Guardian
2026-01-18 06:39:02,127 - INFO - [BBC] Article: https://www.bbc.com/news/articles/c3r1v7gqdp8o?at_medium=RSS&at_campaign=rss
2026-01-18 06:39:02,127 - INFO - [BBC] Attempt 1/1: Trying with 'requests_browser' strategy...
2026-01-18 06:39:02,155 - INFO - [BBC] Success with 'requests_browser'. Found content (260 words).
2026-01-18 06:39:02,185 - INFO - Duplicate article skipped: Five die in Austrian avalanches, rescuers say from BBC
2026-01-18 06:39:02,641 - INFO - [The Guardian] Article: https://www.theguardian.com/world/2026/jan/16/china-canada-partnership-new-global-realities-carney-xi-jinping
2026-01-18 06:39:02,641 - INFO - [The Guardian] Attempt 1/1: Trying with 'requests_browser' strategy...
2026-01-18 06:39:02,672 - INFO - [The Guardian] Success with 'requests_browser'. Found content (608 words).
2026-01-18 06:39:02,721 - INFO - Duplicate article skipped: Canada PM hails strategic partnership with China to adapt to ‘new global realities’ | Canada | The Guardian from The Guardian
2026-01-18 06:39:03,027 - INFO - [BBC] Article: https://www.bbc.com/news/articles/c74vdgkw1kzo?at_medium=RSS&at_campaign=rss
2026-01-18 06:39:03,028 - INFO - [BBC] Attempt 1/1: Trying with 'requests_browser' strategy...
2026-01-18 06:39:03,059 - INFO - [BBC] Success with 'requests_browser'. Found content (853 words).
2026-01-18 06:39:03,097 - INFO - Duplicate article skipped: Paracetamol is safe in pregnancy, says new evidence against Trump autism claims from BBC
2026-01-18 06:39:03,777 - INFO - [The Guardian] Article: https://www.theguardian.com/world/2026/jan/16/julio-iglesias-denies-sexual-abuse-claims-of-two-former-female-employees
2026-01-18 06:39:03,777 - INFO - [The Guardian] Attempt 1/1: Trying with 'requests_browser' strategy...
2026-01-18 06:39:03,797 - INFO - [The Guardian] Success with 'requests_browser'. Found content (505 words).
2026-01-18 06:39:03,833 - INFO - Duplicate article skipped: Julio Iglesias denies sexual abuse claims of two former female employees | Spain | The Guardian from The Guardian
2026-01-18 06:39:04,431 - INFO - [BBC] Article: https://www.bbc.com/news/articles/czejwl2z80lo?at_medium=RSS&at_campaign=rss
2026-01-18 06:39:04,431 - INFO - [BBC] Attempt 1/1: Trying with 'requests_browser' strategy...
2026-01-18 06:39:04,463 - INFO - [BBC] Success with 'requests_browser'. Found content (325 words).
2026-01-18 06:39:04,504 - INFO - Duplicate article skipped: Japanese city mayor apologises for calling colleagues 'human scum' from BBC
2026-01-18 06:39:04,961 - INFO - Selenium driver initialized successfully.
2026-01-18 06:39:04,961 - INFO - Starting scrape for The Hindu RSS feed: https://www.thehindu.com/news/national/feeder/default.rss
2026-01-18 06:39:04,963 - INFO - Selenium driver initialized successfully.
2026-01-18 06:39:04,963 - INFO - Starting scrape for Times of India RSS feed: https://timesofindia.indiatimes.com/rssfeeds/296589292.cms
2026-01-18 06:39:05,062 - INFO - Found 100 articles in The Hindu RSS feed. Processing up to 10.
2026-01-18 06:39:05,062 - INFO - [The Hindu] Article: https://www.thehindu.com/news/national/uttar-pradesh/13-crore-devotees-take-holy-dip-on-mauni-amavasya-morning-at-sangam-in-uttar-pradesh/article70521391.ece
2026-01-18 06:39:05,062 - INFO - [The Hindu] Attempt 1/1: Trying with 'selenium_browser' strategy...
2026-01-18 06:39:05,080 - INFO - Found 20 articles in Times of India RSS feed. Processing up to 10.
2026-01-18 06:39:05,080 - INFO - [Times of India] Article: https://timesofindia.indiatimes.com/world/middle-east/uae-issues-weather-alert-after-temperatures-fall-to-18c/articleshow/126638173.cms
2026-01-18 06:39:05,080 - INFO - [Times of India] Attempt 1/1: Trying with 'selenium_browser' strategy...
2026-01-18 06:39:05,991 - INFO - [BBC] Article: https://www.bbc.com/news/articles/clyn0ek5rdpo?at_medium=RSS&at_campaign=rss
2026-01-18 06:39:05,991 - INFO - [BBC] Attempt 1/1: Trying with 'requests_browser' strategy...
2026-01-18 06:39:06,043 - INFO - [BBC] Success with 'requests_browser'. Found content (424 words).
2026-01-18 06:39:06,105 - INFO - Duplicate article skipped: Google appeals landmark antitrust verdict over search monopoly from BBC
2026-01-18 06:39:13,389 - INFO - [The Hindu] Page content loaded.
2026-01-18 06:39:13,912 - INFO - [The Hindu] Success with 'selenium_browser'. Found content (297 words).
2026-01-18 06:39:14,222 - INFO - Saved article: 1.3 crore devotees take holy dip on Mauni Amavasya morning at Sangam in Uttar Pradesh - The Hindu from The Hindu
2026-01-18 06:39:15,223 - INFO - [The Hindu] Article: https://www.thehindu.com/business/Economy/wef-2026-india-readies-power-packed-presence-before-global-elite/article70521384.ece
2026-01-18 06:39:15,223 - INFO - [The Hindu] Attempt 1/1: Trying with 'selenium_browser' strategy...
2026-01-18 06:39:18,397 - INFO - [The Hindu] Page content loaded.
2026-01-18 06:39:18,744 - INFO - [The Hindu] Success with 'selenium_browser'. Found content (583 words).
2026-01-18 06:39:19,024 - INFO - Saved article: WEF 2026: India readies power-packed presence before global elite - The Hindu from The Hindu
2026-01-18 06:39:19,939 - INFO - [The Hindu] Article: https://www.thehindu.com/lit-for-life/india-and-her-futures-gopalkrishna-gandhi-in-conversation-with-tm-krishna/article70509782.ece
2026-01-18 06:39:19,940 - INFO - [The Hindu] Attempt 1/1: Trying with 'selenium_browser' strategy...
2026-01-18 06:40:19,962 - ERROR - [The Hindu] Request failed for strategy 'selenium_browser' on URL https://www.thehindu.com/lit-for-life/india-and-her-futures-gopalkrishna-gandhi-in-conversation-with-tm-krishna/article70509782.ece: Message: timeout: Timed out receiving message from renderer: 58.879
  (Session info: chrome=143.0.7499.192)
Stacktrace:
#0 0x55b14fa0040a <unknown>
#1 0x55b14f43476b <unknown>
#2 0x55b14f41c80a <unknown>
#3 0x55b14f41c4ed <unknown>
#4 0x55b14f41a3a7 <unknown>
#5 0x55b14f41acbf <unknown>
#6 0x55b14f429480 <unknown>
#7 0x55b14f442b47 <unknown>
#8 0x55b14f4491fb <unknown>
#9 0x55b14f41b3e8 <unknown>
#10 0x55b14f4428f8 <unknown>
#11 0x55b14f4d1ad8 <unknown>
#12 0x55b14f4787b2 <unknown>
#13 0x55b14f479461 <unknown>
#14 0x55b14f9c8df9 <unknown>
#15 0x55b14f9cbd5d <unknown>
#16 0x55b14f9b1b41 <unknown>
#17 0x55b14f9cc93b <unknown>
#18 0x55b14f998870 <unknown>
#19 0x55b14f9ed828 <unknown>
#20 0x55b14f9ed9fc <unknown>
#21 0x55b14f9ff763 <unknown>
#22 0x7faac249caa4 <unknown>
#23 0x7faac2529c6c <unknown>

2026-01-18 06:40:19,962 - ERROR - [The Hindu] All scrape strategies failed for https://www.thehindu.com/lit-for-life/india-and-her-futures-gopalkrishna-gandhi-in-conversation-with-tm-krishna/article70509782.ece. Falling back to RSS description.
2026-01-18 06:40:19,963 - INFO - Saved article: Tamil Nadu advancing brilliantly, but not sure if old baggage is being released: Gopalkrishna Gandhi from The Hindu
2026-01-18 06:40:20,797 - INFO - [The Hindu] Article: https://www.thehindu.com/news/national/maharashtra/former-maharashtra-bjp-minister-raj-purohit-passes-away-at-71/article70521351.ece
2026-01-18 06:40:20,797 - INFO - [The Hindu] Attempt 1/1: Trying with 'selenium_browser' strategy...
2026-01-18 06:40:21,383 - INFO - [The Hindu] Page content loaded.
2026-01-18 06:40:21,481 - INFO - [The Hindu] Success with 'selenium_browser'. Found content (332 words).
2026-01-18 06:40:21,555 - INFO - Saved article: Former Maharashtra BJP Minister Raj Purohit passes away at 71 - The Hindu from The Hindu
2026-01-18 06:40:22,797 - INFO - [The Hindu] Article: https://www.thehindu.com/news/national/kaziranga-elevated-corridor-project-pm-modi-assam-tourism-two-amrit-bharat-trains/article70521306.ece
2026-01-18 06:40:22,797 - INFO - [The Hindu] Attempt 1/1: Trying with 'selenium_browser' strategy...
2026-01-18 06:40:25,008 - INFO - [The Hindu] Page content loaded.
2026-01-18 06:40:25,074 - INFO - [The Hindu] Success with 'selenium_browser'. Found content (303 words).
2026-01-18 06:40:25,148 - INFO - Saved article: PM Modi lays foundation stone for ₹6,957-crore Kaziranga corridor, flags off two Amrit Bharat trains - The Hindu from The Hindu
2026-01-18 06:40:25,874 - INFO - [The Hindu] Article: https://www.thehindu.com/news/national/madhya-pradesh/gbs-outbreak-claims-two-lives-in-mp-govt-ramps-up-detection-treatment/article70521244.ece
2026-01-18 06:40:25,874 - INFO - [The Hindu] Attempt 1/1: Trying with 'selenium_browser' strategy...
2026-01-18 06:40:26,777 - INFO - [The Hindu] Page content loaded.
2026-01-18 06:40:26,947 - INFO - [The Hindu] Success with 'selenium_browser'. Found content (383 words).
2026-01-18 06:40:27,095 - INFO - Saved article: GBS outbreak claims two lives in MP; govt. ramps up detection, treatment - The Hindu from The Hindu
2026-01-18 06:40:28,162 - INFO - [The Hindu] Article: https://www.thehindu.com/news/national/uttar-pradesh/samajwadi-party-to-move-supreme-court-on-electoral-transparency-akhilesh/article70521273.ece
2026-01-18 06:40:28,162 - INFO - [The Hindu] Attempt 1/1: Trying with 'selenium_browser' strategy...
2026-01-18 06:40:30,200 - INFO - [The Hindu] Page content loaded.
2026-01-18 06:40:30,261 - INFO - [The Hindu] Success with 'selenium_browser'. Found content (314 words).
2026-01-18 06:40:30,333 - INFO - Saved article: Samajwadi Party to move Supreme Court on electoral transparency: Akhilesh - The Hindu from The Hindu
2026-01-18 06:40:31,037 - INFO - [The Hindu] Article: https://www.thehindu.com/news/national/maharashtra-cm-fadnavis-us-envoy-gor-discuss-boosting-investments-and-business-ties/article70521271.ece
2026-01-18 06:40:31,037 - INFO - [The Hindu] Attempt 1/1: Trying with 'selenium_browser' strategy...
2026-01-18 06:40:31,632 - INFO - [The Hindu] Page content loaded.
2026-01-18 06:40:31,752 - INFO - [The Hindu] Success with 'selenium_browser'. Found content (145 words).
2026-01-18 06:40:31,818 - INFO - Saved article: U.S. Envoy Gor, Maharashtra CM Fadnavis discuss boosting investments and business ties - The Hindu from The Hindu
2026-01-18 06:40:33,316 - INFO - [The Hindu] Article: https://www.thehindu.com/photos/in-frames-prayerful-in-prayagraj/article70521196.ece
2026-01-18 06:40:33,316 - INFO - [The Hindu] Attempt 1/1: Trying with 'selenium_browser' strategy...
2026-01-18 06:40:34,051 - INFO - [The Hindu] Page content loaded.
2026-01-18 06:40:34,132 - INFO - [The Hindu] Success with 'selenium_browser'. Found content (404 words).
2026-01-18 06:40:34,237 - INFO - Duplicate article skipped: In Pictures: Ceremonies for the Magh Mela in Prayagraj - The Hindu from The Hindu
2026-01-18 06:40:35,269 - INFO - [The Hindu] Article: https://www.thehindu.com/news/national/manipur/two-militants-arrested-in-manipurs-bishnupur/article70521195.ece
2026-01-18 06:40:35,269 - INFO - [The Hindu] Attempt 1/1: Trying with 'selenium_browser' strategy...
2026-01-18 06:40:36,126 - INFO - [The Hindu] Page content loaded.
2026-01-18 06:40:36,265 - INFO - [The Hindu] Success with 'selenium_browser'. Found content (138 words).
2026-01-18 06:40:36,331 - INFO - Duplicate article skipped: Two militants arrested in Manipur's Bishnupur - The Hindu from The Hindu
2026-01-18 06:40:37,779 - INFO - [The Hindu] (Thread) Finished. Attempting to shut down its Selenium driver.
2026-01-18 06:40:37,918 - INFO - [The Hindu] (Thread) driver.quit() successful.
2026-01-18 06:41:05,156 - ERROR - [Times of India] Request failed for strategy 'selenium_browser' on URL https://timesofindia.indiatimes.com/world/middle-east/uae-issues-weather-alert-after-temperatures-fall-to-18c/articleshow/126638173.cms: HTTPConnectionPool(host='localhost', port=39071): Read timed out. (read timeout=120)
2026-01-18 06:41:05,156 - ERROR - [Times of India] All scrape strategies failed for https://timesofindia.indiatimes.com/world/middle-east/uae-issues-weather-alert-after-temperatures-fall-to-18c/articleshow/126638173.cms. Falling back to RSS description.
2026-01-18 06:41:05,158 - INFO - Saved article: UAE issues weather alert after temperatures fall to 18°C from Times of India
2026-01-18 06:41:05,681 - INFO - [Times of India] Article: https://timesofindia.indiatimes.com/world/middle-east/saudi-arabia-bans-use-of-allahs-name-on-disposable-packaging-and-bags/articleshow/126637724.cms
2026-01-18 06:41:05,681 - INFO - [Times of India] Attempt 1/1: Trying with 'selenium_browser' strategy...
2026-01-18 06:43:05,767 - ERROR - [Times of India] Request failed for strategy 'selenium_browser' on URL https://timesofindia.indiatimes.com/world/middle-east/saudi-arabia-bans-use-of-allahs-name-on-disposable-packaging-and-bags/articleshow/126637724.cms: HTTPConnectionPool(host='localhost', port=39071): Read timed out. (read timeout=120)
2026-01-18 06:43:05,767 - ERROR - [Times of India] All scrape strategies failed for https://timesofindia.indiatimes.com/world/middle-east/saudi-arabia-bans-use-of-allahs-name-on-disposable-packaging-and-bags/articleshow/126637724.cms. Falling back to RSS description.
2026-01-18 06:43:05,768 - INFO - Saved article: Saudi Arabia bans use of Allah’s name on disposable packaging and bags from Times of India
2026-01-18 06:43:06,888 - INFO - [Times of India] Article: https://timesofindia.indiatimes.com/world/middle-east/umrah-packages-touch-dh8000-as-ramadan-2026-travel-demand-rises-in-uae/articleshow/126637676.cms
2026-01-18 06:43:06,888 - INFO - [Times of India] Attempt 1/1: Trying with 'selenium_browser' strategy...
2026-01-18 06:43:56,233 - CRITICAL - --- TIMEOUT: 1 scrape jobs did not complete in 300s. ---
2026-01-18 06:43:56,233 - ERROR - A thread has timed out and will be abandoned.
2026-01-18 06:43:56,233 - INFO - Shutting down thread pool (wait=False)...
2026-01-18 06:43:56,233 - INFO - Scraped: 0 BBC, 8 The Hindu, 0 The Guardian, 1 Timed_Out_Jobs articles. (Total saved: 8)
2026-01-18 06:43:56,233 - INFO - --- Scraping job finished ---
2026-01-18 06:43:56,234 - INFO - --- Scraper service stopped and database connection closed. ---
2026-01-18 06:43:56,234 - INFO - --- Main thread finished. Forcing process exit to kill zombie threads. ---
