2026-01-23 06:42:50,942 - INFO - Initializing database connection at: news_articles.db
2026-01-23 06:42:50,942 - INFO - --- Scraper service started (CI Mode: Run Once) ---
2026-01-23 06:42:50,942 - INFO - --- Starting new scraping job (Parallel Mode) ---
2026-01-23 06:42:50,942 - INFO - Creating new robust session with 3 retries on 5xx/connection/read errors.
2026-01-23 06:42:50,942 - INFO - Proxy is DISABLED.
2026-01-23 06:42:50,943 - INFO - Starting scrape for BBC RSS feed: http://feeds.bbci.co.uk/news/world/rss.xml
2026-01-23 06:42:50,943 - INFO - [Times of India] (Thread) requires Selenium. Initializing driver...
2026-01-23 06:42:50,943 - INFO - Initializing headless Selenium Chrome driver (using SeleniumManager)...
2026-01-23 06:42:50,944 - INFO - Starting scrape for The Guardian RSS feed: https://www.theguardian.com/world/rss
2026-01-23 06:42:50,945 - INFO - [The Hindu] (Thread) requires Selenium. Initializing driver...
2026-01-23 06:42:50,945 - INFO - Initializing headless Selenium Chrome driver (using SeleniumManager)...
2026-01-23 06:42:50,945 - INFO - Submitted 4 jobs to thread pool. Waiting up to 300s for completion...
2026-01-23 06:42:51,020 - INFO - Found 45 articles in The Guardian RSS feed. Processing up to 10.
2026-01-23 06:42:51,021 - INFO - [The Guardian] Article: https://www.theguardian.com/global-development/2026/jan/22/actionaid-rethink-child-sponsorship-decolonise-funding
2026-01-23 06:42:51,021 - INFO - [The Guardian] Attempt 1/1: Trying with 'requests_browser' strategy...
2026-01-23 06:42:51,051 - INFO - [The Guardian] Success with 'requests_browser'. Found content (688 words).
2026-01-23 06:42:51,087 - INFO - Duplicate article skipped: ActionAid to rethink child sponsorship as part of plan to ‘decolonise’ its work | Global development | The Guardian from The Guardian
2026-01-23 06:42:51,389 - INFO - Found 38 articles in BBC RSS feed. Processing up to 10.
2026-01-23 06:42:51,389 - INFO - [BBC] Article: https://www.bbc.com/news/articles/c4g44r22j5jo?at_medium=RSS&at_campaign=rss
2026-01-23 06:42:51,389 - INFO - [BBC] Attempt 1/1: Trying with 'requests_browser' strategy...
2026-01-23 06:42:51,620 - INFO - [The Guardian] Article: https://www.theguardian.com/us-news/2026/jan/20/us-diplomats-urged-to-remind-african-leaders-of-us-generosity-despite-usaid-closing
2026-01-23 06:42:51,620 - INFO - [The Guardian] Attempt 1/1: Trying with 'requests_browser' strategy...
2026-01-23 06:42:51,664 - INFO - [The Guardian] Success with 'requests_browser'. Found content (797 words).
2026-01-23 06:42:51,710 - INFO - Duplicate article skipped: Head of US Africa bureau urges staff to highlight US ‘generosity’ despite aid cuts | US foreign policy | The Guardian from The Guardian
2026-01-23 06:42:51,729 - INFO - [BBC] Success with 'requests_browser'. Found content (747 words).
2026-01-23 06:42:51,765 - INFO - Duplicate article skipped: US optimistic on end to war as Zelensky says Ukraine to talk to US and Russia from BBC
2026-01-23 06:42:52,293 - INFO - [BBC] Article: https://www.bbc.com/news/articles/cn8jj228g2vo?at_medium=RSS&at_campaign=rss
2026-01-23 06:42:52,293 - INFO - [BBC] Attempt 1/1: Trying with 'requests_browser' strategy...
2026-01-23 06:42:52,337 - INFO - [BBC] Success with 'requests_browser'. Found content (1594 words).
2026-01-23 06:42:52,408 - INFO - Duplicate article skipped: Board of Peace: Could Trump's bid to become peacemaker-in-chief sideline the struggling UN? from BBC
2026-01-23 06:42:52,515 - INFO - [The Guardian] Article: https://www.theguardian.com/global-development/2026/jan/19/brazen-political-influence-rich-laid-bare-wealth-billionaires-inequality-poverty-instability-oxfam
2026-01-23 06:42:52,515 - INFO - [The Guardian] Attempt 1/1: Trying with 'requests_browser' strategy...
2026-01-23 06:42:52,539 - INFO - [The Guardian] Success with 'requests_browser'. Found content (639 words).
2026-01-23 06:42:52,586 - INFO - Duplicate article skipped: ‘Brazen’ political influence of rich laid bare as wealth of billionaires reaches $18.3tn, says Oxfam | Global development | The Guardian from The Guardian
2026-01-23 06:42:53,143 - INFO - Selenium driver initialized successfully.
2026-01-23 06:42:53,143 - INFO - Starting scrape for Times of India RSS feed: https://timesofindia.indiatimes.com/rssfeeds/296589292.cms
2026-01-23 06:42:53,145 - INFO - Selenium driver initialized successfully.
2026-01-23 06:42:53,145 - INFO - Starting scrape for The Hindu RSS feed: https://www.thehindu.com/news/national/feeder/default.rss
2026-01-23 06:42:53,211 - INFO - Found 20 articles in Times of India RSS feed. Processing up to 10.
2026-01-23 06:42:53,211 - INFO - [Times of India] Article: https://timesofindia.indiatimes.com/world/us/board-of-peace-donald-trump-calls-putins-idea-of-using-frozen-russian-assets-very-interesting/articleshow/127238807.cms
2026-01-23 06:42:53,211 - INFO - [Times of India] Attempt 1/1: Trying with 'selenium_browser' strategy...
2026-01-23 06:42:53,247 - INFO - Found 100 articles in The Hindu RSS feed. Processing up to 10.
2026-01-23 06:42:53,247 - INFO - [The Hindu] Article: https://www.thehindu.com/news/national/telangana/ktr-appears-before-sit-in-phone-tapping-probe/article70541233.ece
2026-01-23 06:42:53,248 - INFO - [The Hindu] Attempt 1/1: Trying with 'selenium_browser' strategy...
2026-01-23 06:42:53,561 - INFO - [The Guardian] Article: https://www.theguardian.com/world/2026/jan/18/ugandas-president-calls-opponents-terrorists-in-victory-speech
2026-01-23 06:42:53,561 - INFO - [The Guardian] Attempt 1/1: Trying with 'requests_browser' strategy...
2026-01-23 06:42:53,592 - INFO - [The Guardian] Success with 'requests_browser'. Found content (533 words).
2026-01-23 06:42:53,640 - INFO - Duplicate article skipped: Uganda’s president calls opponents 'terrorists' in victory speech | Uganda | The Guardian from The Guardian
2026-01-23 06:42:53,909 - INFO - [BBC] Article: https://www.bbc.com/news/articles/cp3zzv40422o?at_medium=RSS&at_campaign=rss
2026-01-23 06:42:53,909 - INFO - [BBC] Attempt 1/1: Trying with 'requests_browser' strategy...
2026-01-23 06:42:53,960 - INFO - [BBC] Success with 'requests_browser'. Found content (1187 words).
2026-01-23 06:42:54,024 - INFO - Duplicate article skipped: Oscars: Eight surprise takeaways from the nominations from BBC
2026-01-23 06:42:54,712 - INFO - [BBC] Article: https://www.bbc.com/news/articles/cwyrrqwxpz7o?at_medium=RSS&at_campaign=rss
2026-01-23 06:42:54,712 - INFO - [BBC] Attempt 1/1: Trying with 'requests_browser' strategy...
2026-01-23 06:42:54,772 - INFO - [BBC] Success with 'requests_browser'. Found content (754 words).
2026-01-23 06:42:54,848 - INFO - Duplicate article skipped: ICE detains five-year-old and father in Minnesota, lawyer says from BBC
2026-01-23 06:42:54,939 - INFO - [The Guardian] Article: https://www.theguardian.com/world/2026/jan/17/yoweri-museveni-wins-ugandan-election-as-opponent-condemns-fake-result
2026-01-23 06:42:54,940 - INFO - [The Guardian] Attempt 1/1: Trying with 'requests_browser' strategy...
2026-01-23 06:42:55,184 - INFO - [The Guardian] Success with 'requests_browser'. Found content (462 words).
2026-01-23 06:42:55,387 - INFO - Duplicate article skipped: Yoweri Museveni wins Ugandan election as opponent condemns ‘fake result’ | Uganda | The Guardian from The Guardian
2026-01-23 06:42:55,931 - INFO - [The Guardian] Article: https://www.theguardian.com/us-news/2026/jan/22/trump-withdraws-invitation-canada
2026-01-23 06:42:55,931 - INFO - [The Guardian] Attempt 1/1: Trying with 'requests_browser' strategy...
2026-01-23 06:42:56,017 - INFO - [The Guardian] Success with 'requests_browser'. Found content (464 words).
2026-01-23 06:42:56,128 - INFO - Duplicate article skipped: Trump withdraws invitation for Canada to join his global ‘board of peace’ | Donald Trump | The Guardian from The Guardian
2026-01-23 06:42:56,136 - INFO - [BBC] Article: https://www.bbc.com/news/articles/cy7mmpljze7o?at_medium=RSS&at_campaign=rss
2026-01-23 06:42:56,136 - INFO - [BBC] Attempt 1/1: Trying with 'requests_browser' strategy...
2026-01-23 06:42:56,238 - INFO - [BBC] Success with 'requests_browser'. Found content (1037 words).
2026-01-23 06:42:56,435 - INFO - Duplicate article skipped: US unveils plans for development of 'New Gaza' with skyscrapers from BBC
2026-01-23 06:42:57,020 - INFO - [The Hindu] Page content loaded.
2026-01-23 06:42:57,161 - INFO - [BBC] Article: https://www.bbc.com/news/articles/czr444j671vo?at_medium=RSS&at_campaign=rss
2026-01-23 06:42:57,161 - INFO - [BBC] Attempt 1/1: Trying with 'requests_browser' strategy...
2026-01-23 06:42:57,262 - INFO - [BBC] Success with 'requests_browser'. Found content (858 words).
2026-01-23 06:42:57,325 - INFO - [The Guardian] Article: https://www.theguardian.com/us-news/2026/jan/22/house-war-powers-resolution-trump-military-venezuela
2026-01-23 06:42:57,326 - INFO - [The Guardian] Attempt 1/1: Trying with 'requests_browser' strategy...
2026-01-23 06:42:57,653 - INFO - Duplicate article skipped: Trump sparks anger with claim Nato troops avoided Afghanistan front line from BBC
2026-01-23 06:42:57,655 - INFO - [The Guardian] Success with 'requests_browser'. Found content (588 words).
2026-01-23 06:42:57,794 - INFO - Duplicate article skipped: House rejects resolution that would bar Trump from sending troops to Venezuela | House of Representatives | The Guardian from The Guardian
2026-01-23 06:42:58,334 - INFO - [The Hindu] Success with 'selenium_browser'. Found content (190 words).
2026-01-23 06:42:58,446 - INFO - Saved article: KTR appears before SIT in phone-tapping probe - The Hindu from The Hindu
2026-01-23 06:42:58,751 - INFO - [The Guardian] Article: https://www.theguardian.com/world/2026/jan/22/carney-says-canada-must-be-a-beacon-to-a-world-thats-at-sea
2026-01-23 06:42:58,751 - INFO - [The Guardian] Attempt 1/1: Trying with 'requests_browser' strategy...
2026-01-23 06:42:58,817 - INFO - [The Guardian] Success with 'requests_browser'. Found content (503 words).
2026-01-23 06:42:58,949 - INFO - Duplicate article skipped: Mark Carney says Canada must ‘be a beacon to a world that’s at sea’ | Canada | The Guardian from The Guardian
2026-01-23 06:42:59,067 - INFO - [BBC] Article: https://www.bbc.com/news/articles/cn422q1py95o?at_medium=RSS&at_campaign=rss
2026-01-23 06:42:59,067 - INFO - [BBC] Attempt 1/1: Trying with 'requests_browser' strategy...
2026-01-23 06:42:59,099 - INFO - [The Hindu] Article: https://www.thehindu.com/news/national/kerala/pm-modi-flags-off-four-new-trains-in-kerala-launches-svanidhi-credit-card/article70541199.ece
2026-01-23 06:42:59,099 - INFO - [The Hindu] Attempt 1/1: Trying with 'selenium_browser' strategy...
2026-01-23 06:42:59,240 - INFO - [BBC] Success with 'requests_browser'. Found content (908 words).
2026-01-23 06:42:59,529 - INFO - Duplicate article skipped: Kaduna kidnapping: woman escapes Nigeria church abduction from BBC
2026-01-23 06:42:59,987 - INFO - [The Guardian] Article: https://www.theguardian.com/us-news/2026/jan/22/trump-board-peace-davos-un
2026-01-23 06:42:59,987 - INFO - [The Guardian] Attempt 1/1: Trying with 'requests_browser' strategy...
2026-01-23 06:43:00,078 - INFO - [The Guardian] Success with 'requests_browser'. Found content (565 words).
2026-01-23 06:43:00,328 - INFO - Duplicate article skipped: Davos onlookers notice Trump’s ‘board of peace’ logo resembles UN emblem | Donald Trump | The Guardian from The Guardian
2026-01-23 06:43:00,364 - INFO - [BBC] Article: https://www.bbc.com/news/articles/cn7jjp8gl0jo?at_medium=RSS&at_campaign=rss
2026-01-23 06:43:00,365 - INFO - [BBC] Attempt 1/1: Trying with 'requests_browser' strategy...
2026-01-23 06:43:00,535 - INFO - [BBC] Success with 'requests_browser'. Found content (665 words).
2026-01-23 06:43:00,708 - INFO - Saved article: Trump withdraws Canada's invite to join Board of Peace from BBC
2026-01-23 06:43:01,721 - INFO - [BBC] Article: https://www.bbc.com/news/articles/cdexxr2y907o?at_medium=RSS&at_campaign=rss
2026-01-23 06:43:01,721 - INFO - [BBC] Attempt 1/1: Trying with 'requests_browser' strategy...
2026-01-23 06:43:01,780 - INFO - [The Guardian] Article: https://www.theguardian.com/world/2026/jan/22/canada-pilot-airline-tickets
2026-01-23 06:43:01,780 - INFO - [The Guardian] Attempt 1/1: Trying with 'requests_browser' strategy...
2026-01-23 06:43:01,835 - INFO - [BBC] Success with 'requests_browser'. Found content (485 words).
2026-01-23 06:43:02,010 - INFO - [The Guardian] Success with 'requests_browser'. Found content (349 words).
2026-01-23 06:43:02,030 - INFO - Duplicate article skipped: France seizes suspected Russian 'shadow fleet' tanker in the Mediterranean from BBC
2026-01-23 06:43:02,073 - INFO - Duplicate article skipped: Toronto man posed as pilot to rack up hundreds of free flights, prosecutors say | Canada | The Guardian from The Guardian
2026-01-23 06:43:02,904 - INFO - [BBC] Article: https://www.bbc.com/news/articles/ckgjjy55x2mo?at_medium=RSS&at_campaign=rss
2026-01-23 06:43:02,904 - INFO - [BBC] Attempt 1/1: Trying with 'requests_browser' strategy...
2026-01-23 06:43:02,986 - INFO - [BBC] Success with 'requests_browser'. Found content (466 words).
2026-01-23 06:43:03,074 - INFO - Duplicate article skipped: German nurse jailed for murder may face inquiry into 100 more deaths from BBC
2026-01-23 06:43:04,586 - INFO - [The Hindu] Page content loaded.
2026-01-23 06:43:04,700 - INFO - [The Hindu] Success with 'selenium_browser'. Found content (433 words).
2026-01-23 06:43:05,047 - INFO - Saved article: PM Modi flags off four new trains in Kerala, launches SVANidhi Credit Card - The Hindu from The Hindu
2026-01-23 06:43:05,566 - INFO - [The Hindu] Article: https://www.thehindu.com/news/national/telangana/never-indulged-in-illegal-activities-in-10-years-of-brs-rule-says-ktr/article70541141.ece
2026-01-23 06:43:05,566 - INFO - [The Hindu] Attempt 1/1: Trying with 'selenium_browser' strategy...
2026-01-23 06:43:06,285 - INFO - [The Hindu] Page content loaded.
2026-01-23 06:43:06,328 - INFO - [The Hindu] Success with 'selenium_browser'. Found content (483 words).
2026-01-23 06:43:06,897 - INFO - Saved article: Never indulged in illegal activities in 10-years of BRS rule, says KTR - The Hindu from The Hindu
2026-01-23 06:43:07,464 - INFO - [The Hindu] Article: https://www.thehindu.com/news/national/pm-is-indias-greatest-distorian-congress-recalls-vande-mataram-row/article70541196.ece
2026-01-23 06:43:07,465 - INFO - [The Hindu] Attempt 1/1: Trying with 'selenium_browser' strategy...
2026-01-23 06:43:08,244 - INFO - [The Hindu] Page content loaded.
2026-01-23 06:43:08,334 - INFO - [The Hindu] Success with 'selenium_browser'. Found content (460 words).
2026-01-23 06:43:08,432 - INFO - Saved article: PM is India's greatest distorian: Congress recalls Vande Mataram row - The Hindu from The Hindu
2026-01-23 06:43:08,976 - INFO - [The Hindu] Article: https://www.thehindu.com/news/national/how-many-questions-in-census-2027-all-33-questions-that-you-should-know/article70541119.ece
2026-01-23 06:43:08,976 - INFO - [The Hindu] Attempt 1/1: Trying with 'selenium_browser' strategy...
2026-01-23 06:43:12,170 - INFO - [The Hindu] Page content loaded.
2026-01-23 06:43:12,278 - INFO - [The Hindu] Success with 'selenium_browser'. Found content (460 words).
2026-01-23 06:43:12,392 - INFO - Saved article: What are the 33 questions in the first phase of Census 2027? - The Hindu from The Hindu
2026-01-23 06:43:13,273 - INFO - [The Hindu] Article: https://www.thehindu.com/news/national/tamil-nadu/supreme-court-notice-plea-asi-takeover-of-thirupparankundram-temple/article70541257.ece
2026-01-23 06:43:13,274 - INFO - [The Hindu] Attempt 1/1: Trying with 'selenium_browser' strategy...
2026-01-23 06:43:14,379 - INFO - [The Hindu] Page content loaded.
2026-01-23 06:43:14,427 - INFO - [The Hindu] Success with 'selenium_browser'. Found content (239 words).
2026-01-23 06:43:14,502 - INFO - Saved article: Thirupparankundram row: Supreme Court issues notice in plea to direct ASI ‘takeover’ of temple - The Hindu from The Hindu
2026-01-23 06:43:15,660 - INFO - [The Hindu] Article: https://www.thehindu.com/news/national/anita-bose-pfaff-asks-indians-to-support-return-of-netajis-ashes-to-india/article70541195.ece
2026-01-23 06:43:15,660 - INFO - [The Hindu] Attempt 1/1: Trying with 'selenium_browser' strategy...
2026-01-23 06:43:16,838 - INFO - [The Hindu] Page content loaded.
2026-01-23 06:43:17,062 - INFO - [The Hindu] Success with 'selenium_browser'. Found content (298 words).
2026-01-23 06:43:17,171 - INFO - Saved article: Anita Bose Pfaff asks Indians to support return of Netaji’s ashes to India - The Hindu from The Hindu
2026-01-23 06:43:17,690 - INFO - [The Hindu] Article: https://www.thehindu.com/news/national/goa/goa-nightclub-fire-ed-conducts-raids-against-luthra-brothers/article70541164.ece
2026-01-23 06:43:17,690 - INFO - [The Hindu] Attempt 1/1: Trying with 'selenium_browser' strategy...
2026-01-23 06:43:18,712 - INFO - [The Hindu] Page content loaded.
2026-01-23 06:43:18,755 - INFO - [The Hindu] Success with 'selenium_browser'. Found content (190 words).
2026-01-23 06:43:18,819 - INFO - Saved article: Goa nightclub fire: ED conducts raids against Luthra brothers - The Hindu from The Hindu
2026-01-23 06:43:20,125 - INFO - [The Hindu] Article: https://www.thehindu.com/news/national/two-himanshu-bhau-gang-members-held-after-encounter-in-delhi/article70541126.ece
2026-01-23 06:43:20,125 - INFO - [The Hindu] Attempt 1/1: Trying with 'selenium_browser' strategy...
2026-01-23 06:43:21,264 - INFO - [The Hindu] Page content loaded.
2026-01-23 06:43:21,306 - INFO - [The Hindu] Success with 'selenium_browser'. Found content (274 words).
2026-01-23 06:43:21,387 - INFO - Saved article: Two Himanshu Bhau gang members held after encounter in Delhi - The Hindu from The Hindu
2026-01-23 06:43:22,688 - INFO - [The Hindu] Article: https://www.thehindu.com/news/national/kerala/pm-modi-arrives-in-kerala-capital-takes-part-in-roadshow/article70541148.ece
2026-01-23 06:43:22,688 - INFO - [The Hindu] Attempt 1/1: Trying with 'selenium_browser' strategy...
2026-01-23 06:43:23,766 - INFO - [The Hindu] Page content loaded.
2026-01-23 06:43:23,830 - INFO - [The Hindu] Success with 'selenium_browser'. Found content (328 words).
2026-01-23 06:43:23,916 - INFO - Saved article: PM Modi arrives in Kerala capital, holds roadshow - The Hindu from The Hindu
2026-01-23 06:43:25,355 - INFO - [The Hindu] (Thread) Finished. Attempting to shut down its Selenium driver.
2026-01-23 06:43:25,479 - INFO - [The Hindu] (Thread) driver.quit() successful.
2026-01-23 06:43:53,227 - ERROR - [Times of India] Request failed for strategy 'selenium_browser' on URL https://timesofindia.indiatimes.com/world/us/board-of-peace-donald-trump-calls-putins-idea-of-using-frozen-russian-assets-very-interesting/articleshow/127238807.cms: Message: timeout: Timed out receiving message from renderer: 59.700
  (Session info: chrome=144.0.7559.59)
Stacktrace:
#0 0x55fb7f6aac3a <unknown>
#1 0x55fb7f0c4969 <unknown>
#2 0x55fb7f0ac201 <unknown>
#3 0x55fb7f0abe26 <unknown>
#4 0x55fb7f0a994b <unknown>
#5 0x55fb7f0aa2cf <unknown>
#6 0x55fb7f0b9700 <unknown>
#7 0x55fb7f0d36f7 <unknown>
#8 0x55fb7f0da97b <unknown>
#9 0x55fb7f0aaa39 <unknown>
#10 0x55fb7f0d348a <unknown>
#11 0x55fb7f162d98 <unknown>
#12 0x55fb7f10bbe2 <unknown>
#13 0x55fb7f10c991 <unknown>
#14 0x55fb7f670a99 <unknown>
#15 0x55fb7f6739b1 <unknown>
#16 0x55fb7f65d0a9 <unknown>
#17 0x55fb7f67456e <unknown>
#18 0x55fb7f6435e0 <unknown>
#19 0x55fb7f698358 <unknown>
#20 0x55fb7f698528 <unknown>
#21 0x55fb7f6a9fa8 <unknown>
#22 0x7f3b49a9caa4 <unknown>
#23 0x7f3b49b29c6c <unknown>

2026-01-23 06:43:53,227 - ERROR - [Times of India] All scrape strategies failed for https://timesofindia.indiatimes.com/world/us/board-of-peace-donald-trump-calls-putins-idea-of-using-frozen-russian-assets-very-interesting/articleshow/127238807.cms. Falling back to RSS description.
2026-01-23 06:43:53,229 - INFO - Saved article: Board of Peace: Trump calls Putin’s idea of using frozen Russian assets ‘interesting’ from Times of India
2026-01-23 06:43:54,495 - INFO - [Times of India] Article: https://timesofindia.indiatimes.com/world/middle-east/waiting-over-saudi-arabia-opens-property-ownership-applications-to-non-saudis-heres-how-to-apply/articleshow/127237031.cms
2026-01-23 06:43:54,495 - INFO - [Times of India] Attempt 1/1: Trying with 'selenium_browser' strategy...
2026-01-23 06:43:55,995 - INFO - [Times of India] Page content loaded.
2026-01-23 06:43:56,122 - INFO - [Times of India] Success with 'selenium_browser'. Found content (580 words).
2026-01-23 06:43:56,200 - INFO - Saved article: Waiting over: Saudi Arabia opens property ownership applications to non-Saudis, here’s how to apply | World News - The Times of India from Times of India
2026-01-23 06:43:57,486 - INFO - [Times of India] Article: https://timesofindia.indiatimes.com/world/us/donald-trump-sues-jpmorgan-ceo-jamie-dimon-for-5bn-over-political-debanking/articleshow/127235087.cms
2026-01-23 06:43:57,486 - INFO - [Times of India] Attempt 1/1: Trying with 'selenium_browser' strategy...
2026-01-23 06:43:59,558 - INFO - [Times of India] Page content loaded.
2026-01-23 06:43:59,755 - INFO - [Times of India] Success with 'selenium_browser'. Found content (412 words).
2026-01-23 06:43:59,878 - INFO - Saved article: Donald Trump sues JPMorgan, CEO Jamie Dimon for $5bn over ‘political debanking’ - The Times of India from Times of India
2026-01-23 06:44:01,098 - INFO - [Times of India] Article: https://timesofindia.indiatimes.com/world/rest-of-world/earthquakes-beneath-antarctica-may-be-the-reason-of-rich-marine-life/articleshow/127223099.cms
2026-01-23 06:44:01,098 - INFO - [Times of India] Attempt 1/1: Trying with 'selenium_browser' strategy...
2026-01-23 06:44:02,692 - INFO - [Times of India] Page content loaded.
2026-01-23 06:44:02,794 - INFO - [Times of India] Success with 'selenium_browser'. Found content (741 words).
2026-01-23 06:44:02,862 - INFO - Saved article: Earthquakes beneath Antarctica may be the reason of rich marine life | World News - The Times of India from Times of India
2026-01-23 06:44:03,884 - INFO - [Times of India] Article: https://timesofindia.indiatimes.com/world/middle-east/uae-sees-cloudy-weather-possible-rain-in-northern-regions-today/articleshow/127232406.cms
2026-01-23 06:44:03,884 - INFO - [Times of India] Attempt 1/1: Trying with 'selenium_browser' strategy...
2026-01-23 06:44:04,963 - INFO - [Times of India] Page content loaded.
2026-01-23 06:44:05,113 - INFO - [Times of India] Success with 'selenium_browser'. Found content (574 words).
2026-01-23 06:44:05,178 - INFO - Saved article: UAE sees cloudy weather, possible rain in northern regions today | World News - The Times of India from Times of India
2026-01-23 06:44:05,719 - INFO - [Times of India] Article: https://timesofindia.indiatimes.com/world/middle-east/no-outdoor-loudspeakers-this-ramadan-saudi-ministry-issues-clear-mosque-rules/articleshow/127232745.cms
2026-01-23 06:44:05,719 - INFO - [Times of India] Attempt 1/1: Trying with 'selenium_browser' strategy...
2026-01-23 06:44:06,710 - INFO - [Times of India] Page content loaded.
2026-01-23 06:44:06,824 - INFO - [Times of India] Success with 'selenium_browser'. Found content (363 words).
2026-01-23 06:44:06,889 - INFO - Duplicate article skipped: No outdoor loudspeakers this Ramadan: Saudi Ministry issues clear mosque rules | World News - The Times of India from Times of India
2026-01-23 06:44:08,342 - INFO - [Times of India] Article: https://timesofindia.indiatimes.com/world/us/i-clippled-it-trump-says-his-hand-bruise-result-of-big-aspirin-he-takes/articleshow/127223894.cms
2026-01-23 06:44:08,342 - INFO - [Times of India] Attempt 1/1: Trying with 'selenium_browser' strategy...
2026-01-23 06:44:09,814 - INFO - [Times of India] Page content loaded.
2026-01-23 06:44:09,940 - INFO - [Times of India] Success with 'selenium_browser'. Found content (512 words).
2026-01-23 06:44:10,031 - INFO - Duplicate article skipped: 'I clippled it': Trump says his hand bruise result of 'big aspirin' he takes - The Times of India from Times of India
2026-01-23 06:44:11,488 - INFO - [Times of India] Article: https://timesofindia.indiatimes.com/world/us/massive-us-military-fleet-moving-towards-iran-donald-trump-after-tehran-says-it-has-finger-on-trigger/articleshow/127221290.cms
2026-01-23 06:44:11,489 - INFO - [Times of India] Attempt 1/1: Trying with 'selenium_browser' strategy...
2026-01-23 06:44:12,876 - INFO - [Times of India] Page content loaded.
2026-01-23 06:44:13,015 - INFO - [Times of India] Success with 'selenium_browser'. Found content (768 words).
2026-01-23 06:44:13,100 - INFO - Duplicate article skipped: ‘Massive US military fleet moving towards Iran’: Donald Trump after Tehran says it has ‘finger on trigger’ - The Times of India from Times of India
2026-01-23 06:44:14,309 - INFO - [Times of India] Article: https://timesofindia.indiatimes.com/world/us/h-1bs-are-taking-american-jobs-florida-set-to-ban-new-h-1b-hires-at-state-universities/articleshow/127222939.cms
2026-01-23 06:44:14,309 - INFO - [Times of India] Attempt 1/1: Trying with 'selenium_browser' strategy...
2026-01-23 06:44:15,370 - INFO - [Times of India] Page content loaded.
2026-01-23 06:44:15,458 - INFO - [Times of India] Success with 'selenium_browser'. Found content (431 words).
2026-01-23 06:44:15,504 - INFO - Duplicate article skipped: ‘H-1Bs are taking American jobs’: Florida set to ban new H-1B hires at state universities | World News - The Times of India from Times of India
2026-01-23 06:44:16,021 - INFO - [Times of India] Article: https://timesofindia.indiatimes.com/world/us-streamers/she-sues-people-candace-owens-takes-aim-at-nicola-peltz-while-discussing-brooklyn-beckhams-allegations/articleshow/127208586.cms
2026-01-23 06:44:16,022 - INFO - [Times of India] Attempt 1/1: Trying with 'selenium_browser' strategy...
2026-01-23 06:44:17,863 - INFO - [Times of India] Page content loaded.
2026-01-23 06:44:18,063 - INFO - [Times of India] Success with 'selenium_browser'. Found content (419 words).
2026-01-23 06:44:18,159 - INFO - Duplicate article skipped: “She sues people”: Candace Owens takes aim at Nicola Peltz while discussing Brooklyn Beckham’s allegations - The Times of India from Times of India
2026-01-23 06:44:18,794 - INFO - [Times of India] (Thread) Finished. Attempting to shut down its Selenium driver.
2026-01-23 06:44:18,952 - INFO - [Times of India] (Thread) driver.quit() successful.
2026-01-23 06:44:18,952 - INFO - Shutting down thread pool (wait=False)...
2026-01-23 06:44:18,952 - INFO - Scraped: 1 BBC, 5 Times of India, 10 The Hindu, 0 The Guardian articles. (Total saved: 16)
2026-01-23 06:44:18,953 - INFO - --- Scraping job finished ---
2026-01-23 06:44:18,959 - INFO - --- Scraper service stopped and database connection closed. ---
2026-01-23 06:44:18,959 - INFO - --- Main thread finished. Forcing process exit to kill zombie threads. ---
