2026-01-24 14:25:32,134 - INFO - Initializing database connection at: news_articles.db
2026-01-24 14:25:32,134 - INFO - --- Scraper service started (CI Mode: Run Once) ---
2026-01-24 14:25:32,134 - INFO - --- Starting new scraping job (Parallel Mode) ---
2026-01-24 14:25:32,134 - INFO - Creating new robust session with 3 retries on 5xx/connection/read errors.
2026-01-24 14:25:32,135 - INFO - Proxy is DISABLED.
2026-01-24 14:25:32,135 - INFO - Starting scrape for BBC RSS feed: http://feeds.bbci.co.uk/news/world/rss.xml
2026-01-24 14:25:32,135 - INFO - [Times of India] (Thread) requires Selenium. Initializing driver...
2026-01-24 14:25:32,135 - INFO - Initializing headless Selenium Chrome driver (using SeleniumManager)...
2026-01-24 14:25:32,136 - INFO - Starting scrape for The Guardian RSS feed: https://www.theguardian.com/world/rss
2026-01-24 14:25:32,136 - INFO - [The Hindu] (Thread) requires Selenium. Initializing driver...
2026-01-24 14:25:32,136 - INFO - Initializing headless Selenium Chrome driver (using SeleniumManager)...
2026-01-24 14:25:32,136 - INFO - Submitted 4 jobs to thread pool. Waiting up to 300s for completion...
2026-01-24 14:25:32,419 - INFO - Found 45 articles in The Guardian RSS feed. Processing up to 10.
2026-01-24 14:25:32,419 - INFO - [The Guardian] Article: https://www.theguardian.com/world/2026/jan/23/guinea-bissau-hepatitis-b-vaccine-study
2026-01-24 14:25:32,419 - INFO - [The Guardian] Attempt 1/1: Trying with 'requests_browser' strategy...
2026-01-24 14:25:32,455 - INFO - [The Guardian] Success with 'requests_browser'. Found content (1061 words).
2026-01-24 14:25:32,498 - INFO - Duplicate article skipped: ‘It’s the sovereignty of the country’: Guinea-Bissau says US vaccine study suspended | Guinea-Bissau | The Guardian from The Guardian
2026-01-24 14:25:32,504 - INFO - Found 34 articles in BBC RSS feed. Processing up to 10.
2026-01-24 14:25:32,505 - INFO - [BBC] Article: https://www.bbc.com/news/articles/cwyr6p30054o?at_medium=RSS&at_campaign=rss
2026-01-24 14:25:32,505 - INFO - [BBC] Attempt 1/1: Trying with 'requests_browser' strategy...
2026-01-24 14:25:32,713 - INFO - [BBC] Success with 'requests_browser'. Found content (681 words).
2026-01-24 14:25:32,749 - INFO - Duplicate article skipped: Ukraine condemns 'brutal' Russian strikes ahead of second day of peace talks from BBC
2026-01-24 14:25:33,435 - INFO - [The Guardian] Article: https://www.theguardian.com/global-development/2026/jan/22/actionaid-rethink-child-sponsorship-decolonise-funding
2026-01-24 14:25:33,435 - INFO - [The Guardian] Attempt 1/1: Trying with 'requests_browser' strategy...
2026-01-24 14:25:33,879 - INFO - [The Guardian] Success with 'requests_browser'. Found content (688 words).
2026-01-24 14:25:33,941 - INFO - Duplicate article skipped: ActionAid to rethink child sponsorship as part of plan to ‘decolonise’ its work | Global development | The Guardian from The Guardian
2026-01-24 14:25:34,016 - INFO - Selenium driver initialized successfully.
2026-01-24 14:25:34,016 - INFO - Starting scrape for Times of India RSS feed: https://timesofindia.indiatimes.com/rssfeeds/296589292.cms
2026-01-24 14:25:34,020 - INFO - Selenium driver initialized successfully.
2026-01-24 14:25:34,020 - INFO - Starting scrape for The Hindu RSS feed: https://www.thehindu.com/news/national/feeder/default.rss
2026-01-24 14:25:34,248 - INFO - [BBC] Article: https://www.bbc.com/news/articles/cj9r8ezym3ro?at_medium=RSS&at_campaign=rss
2026-01-24 14:25:34,248 - INFO - [BBC] Attempt 1/1: Trying with 'requests_browser' strategy...
2026-01-24 14:25:34,277 - INFO - Found 100 articles in The Hindu RSS feed. Processing up to 10.
2026-01-24 14:25:34,277 - INFO - [The Hindu] Article: https://www.thehindu.com/news/national/telangana/vasant-panchami-celebrations-conclude-with-veena-concert-at-basar-temple/article70543830.ece
2026-01-24 14:25:34,277 - INFO - [The Hindu] Attempt 1/1: Trying with 'selenium_browser' strategy...
2026-01-24 14:25:34,312 - INFO - [BBC] Success with 'requests_browser'. Found content (636 words).
2026-01-24 14:25:34,351 - INFO - Duplicate article skipped: Pentagon to offer 'more limited' support to US allies from BBC
2026-01-24 14:25:34,383 - INFO - Found 20 articles in Times of India RSS feed. Processing up to 10.
2026-01-24 14:25:34,383 - INFO - [Times of India] Article: https://timesofindia.indiatimes.com/world/europe/italian-pm-meloni-says-trump-deserves-nobel-peace-prize-but-sets-ukraine-condition-watch/articleshow/127400673.cms
2026-01-24 14:25:34,383 - INFO - [Times of India] Attempt 1/1: Trying with 'selenium_browser' strategy...
2026-01-24 14:25:34,966 - INFO - [The Guardian] Article: https://www.theguardian.com/us-news/2026/jan/20/us-diplomats-urged-to-remind-african-leaders-of-us-generosity-despite-usaid-closing
2026-01-24 14:25:34,966 - INFO - [The Guardian] Attempt 1/1: Trying with 'requests_browser' strategy...
2026-01-24 14:25:35,010 - INFO - [The Guardian] Success with 'requests_browser'. Found content (797 words).
2026-01-24 14:25:35,078 - INFO - Duplicate article skipped: Head of US Africa bureau urges staff to highlight US ‘generosity’ despite aid cuts | US foreign policy | The Guardian from The Guardian
2026-01-24 14:25:35,277 - INFO - [BBC] Article: https://www.bbc.com/news/articles/clym2l7d75eo?at_medium=RSS&at_campaign=rss
2026-01-24 14:25:35,277 - INFO - [BBC] Attempt 1/1: Trying with 'requests_browser' strategy...
2026-01-24 14:25:35,353 - INFO - [BBC] Success with 'requests_browser'. Found content (1432 words).
2026-01-24 14:25:35,438 - INFO - Duplicate article skipped: Prince Harry says sacrifices by Nato troops in Afghanistan deserve 'respect' from BBC
2026-01-24 14:25:36,033 - INFO - [Times of India] Page content loaded.
2026-01-24 14:25:36,119 - INFO - [The Guardian] Article: https://www.theguardian.com/global-development/2026/jan/19/brazen-political-influence-rich-laid-bare-wealth-billionaires-inequality-poverty-instability-oxfam
2026-01-24 14:25:36,119 - INFO - [The Guardian] Attempt 1/1: Trying with 'requests_browser' strategy...
2026-01-24 14:25:36,174 - INFO - [The Guardian] Success with 'requests_browser'. Found content (639 words).
2026-01-24 14:25:36,301 - INFO - Duplicate article skipped: ‘Brazen’ political influence of rich laid bare as wealth of billionaires reaches $18.3tn, says Oxfam | Global development | The Guardian from The Guardian
2026-01-24 14:25:36,359 - INFO - [Times of India] Success with 'selenium_browser'. Found content (237 words).
2026-01-24 14:25:36,490 - INFO - Saved article: Italian PM Meloni says Trump deserves Nobel Peace Prize, but sets Ukraine condition; watch - The Times of India from Times of India
2026-01-24 14:25:36,910 - INFO - [BBC] Article: https://www.bbc.com/news/articles/cj3v2mlvzdvo?at_medium=RSS&at_campaign=rss
2026-01-24 14:25:36,910 - INFO - [BBC] Attempt 1/1: Trying with 'requests_browser' strategy...
2026-01-24 14:25:37,089 - INFO - [BBC] Success with 'requests_browser'. Found content (789 words).
2026-01-24 14:25:37,300 - INFO - Duplicate article skipped: Frank Gardner: Not only Americans risked life and limb to serve in Afghanistan from BBC
2026-01-24 14:25:37,515 - INFO - [Times of India] Article: https://timesofindia.indiatimes.com/world/rest-of-world/autopsy-of-canadian-teen-found-on-australian-beach-points-to-drowning-dingo-bites-likely-after-death/articleshow/127395343.cms
2026-01-24 14:25:37,515 - INFO - [Times of India] Attempt 1/1: Trying with 'selenium_browser' strategy...
2026-01-24 14:25:37,721 - INFO - [The Guardian] Article: https://www.theguardian.com/world/2026/jan/18/ugandas-president-calls-opponents-terrorists-in-victory-speech
2026-01-24 14:25:37,722 - INFO - [The Guardian] Attempt 1/1: Trying with 'requests_browser' strategy...
2026-01-24 14:25:37,900 - INFO - [The Guardian] Success with 'requests_browser'. Found content (533 words).
2026-01-24 14:25:38,058 - INFO - [BBC] Article: https://www.bbc.com/news/articles/c2k98ql703no?at_medium=RSS&at_campaign=rss
2026-01-24 14:25:38,058 - INFO - [BBC] Attempt 1/1: Trying with 'requests_browser' strategy...
2026-01-24 14:25:38,358 - INFO - Duplicate article skipped: Uganda’s president calls opponents 'terrorists' in victory speech | Uganda | The Guardian from The Guardian
2026-01-24 14:25:38,368 - INFO - [BBC] Success with 'requests_browser'. Found content (345 words).
2026-01-24 14:25:38,783 - INFO - Duplicate article skipped: Boy, 12, dies from injuries after Sydney shark attack from BBC
2026-01-24 14:25:39,240 - INFO - [The Guardian] Article: https://www.theguardian.com/world/2026/jan/23/spanish-prosecutors-drop-julio-iglesias-complaint
2026-01-24 14:25:39,240 - INFO - [The Guardian] Attempt 1/1: Trying with 'requests_browser' strategy...
2026-01-24 14:25:39,327 - INFO - [BBC] Article: https://www.bbc.com/news/articles/c1dk67g4q91o?at_medium=RSS&at_campaign=rss
2026-01-24 14:25:39,327 - INFO - [BBC] Attempt 1/1: Trying with 'requests_browser' strategy...
2026-01-24 14:25:39,367 - INFO - [The Guardian] Success with 'requests_browser'. Found content (423 words).
2026-01-24 14:25:39,504 - INFO - Duplicate article skipped: Spanish prosecutors drop sexual assault complaint against Julio Iglesias | Spain | The Guardian from The Guardian
2026-01-24 14:25:39,538 - INFO - [BBC] Success with 'requests_browser'. Found content (868 words).
2026-01-24 14:25:39,708 - INFO - Duplicate article skipped: Hundreds of Minnesota businesses close to protest ICE presence from BBC
2026-01-24 14:25:40,185 - INFO - [The Guardian] Article: https://www.theguardian.com/world/2026/jan/23/ryan-wedding-arrested
2026-01-24 14:25:40,185 - INFO - [The Guardian] Attempt 1/1: Trying with 'requests_browser' strategy...
2026-01-24 14:25:40,332 - INFO - [The Guardian] Success with 'requests_browser'. Found content (877 words).
2026-01-24 14:25:40,381 - INFO - [BBC] Article: https://www.bbc.com/news/articles/c0r44l05q52o?at_medium=RSS&at_campaign=rss
2026-01-24 14:25:40,381 - INFO - [BBC] Attempt 1/1: Trying with 'requests_browser' strategy...
2026-01-24 14:25:40,480 - INFO - Duplicate article skipped: Canadian Olympic snowboarder turned alleged cocaine kingpin in US custody | Canada | The Guardian from The Guardian
2026-01-24 14:25:40,591 - INFO - [BBC] Success with 'requests_browser'. Found content (760 words).
2026-01-24 14:25:40,831 - INFO - Duplicate article skipped: US braces for 'extremely dangerous' winter storm from BBC
2026-01-24 14:25:41,583 - INFO - [BBC] Article: https://www.bbc.com/news/articles/c050vnl7p10o?at_medium=RSS&at_campaign=rss
2026-01-24 14:25:41,583 - INFO - [BBC] Attempt 1/1: Trying with 'requests_browser' strategy...
2026-01-24 14:25:41,677 - INFO - [The Guardian] Article: https://www.theguardian.com/world/2026/jan/23/venezuela-leaked-video-delcy-rodriguez-maduro
2026-01-24 14:25:41,677 - INFO - [The Guardian] Attempt 1/1: Trying with 'requests_browser' strategy...
2026-01-24 14:25:41,842 - INFO - [BBC] Success with 'requests_browser'. Found content (402 words).
2026-01-24 14:25:41,971 - INFO - [The Guardian] Success with 'requests_browser'. Found content (925 words).
2026-01-24 14:25:42,128 - INFO - Duplicate article skipped: New Zealand calls off rescue efforts for six missing after landslide from BBC
2026-01-24 14:25:42,200 - INFO - Duplicate article skipped: Leaked video shows Venezuela regime’s desperate struggle to control message | Venezuela | The Guardian from The Guardian
2026-01-24 14:25:43,280 - INFO - [The Guardian] Article: https://www.theguardian.com/us-news/2026/jan/22/trump-withdraws-invitation-canada
2026-01-24 14:25:43,280 - INFO - [The Guardian] Attempt 1/1: Trying with 'requests_browser' strategy...
2026-01-24 14:25:43,298 - INFO - [BBC] Article: https://www.bbc.com/news/articles/c87r53y4dx0o?at_medium=RSS&at_campaign=rss
2026-01-24 14:25:43,298 - INFO - [BBC] Attempt 1/1: Trying with 'requests_browser' strategy...
2026-01-24 14:25:43,430 - INFO - [The Guardian] Success with 'requests_browser'. Found content (466 words).
2026-01-24 14:25:43,485 - INFO - [BBC] Success with 'requests_browser'. Found content (135 words).
2026-01-24 14:25:43,670 - INFO - Duplicate article skipped: Trump withdraws invitation for Canada to join his global ‘board of peace’ | Donald Trump | The Guardian from The Guardian
2026-01-24 14:25:43,679 - INFO - Duplicate article skipped: Landslide in Indonesia's West Java kills seven, dozens missing from BBC
2026-01-24 14:25:44,988 - INFO - [BBC] Article: https://www.bbc.com/news/articles/cvgnj7v2rr5o?at_medium=RSS&at_campaign=rss
2026-01-24 14:25:44,988 - INFO - [BBC] Attempt 1/1: Trying with 'requests_browser' strategy...
2026-01-24 14:25:44,996 - INFO - [The Guardian] Article: https://www.theguardian.com/us-news/2026/jan/22/house-war-powers-resolution-trump-military-venezuela
2026-01-24 14:25:44,996 - INFO - [The Guardian] Attempt 1/1: Trying with 'requests_browser' strategy...
2026-01-24 14:25:45,163 - INFO - [BBC] Success with 'requests_browser'. Found content (680 words).
2026-01-24 14:25:45,168 - INFO - [The Guardian] Success with 'requests_browser'. Found content (588 words).
2026-01-24 14:25:45,405 - INFO - Duplicate article skipped: House rejects resolution that would bar Trump from sending troops to Venezuela | House of Representatives | The Guardian from The Guardian
2026-01-24 14:25:45,405 - INFO - Duplicate article skipped: TikTok US venture to collect precise user location data from BBC
2026-01-24 14:26:34,298 - ERROR - [The Hindu] Request failed for strategy 'selenium_browser' on URL https://www.thehindu.com/news/national/telangana/vasant-panchami-celebrations-conclude-with-veena-concert-at-basar-temple/article70543830.ece: Message: timeout: Timed out receiving message from renderer: 59.898
  (Session info: chrome=144.0.7559.59)
Stacktrace:
#0 0x55933cd70c3a <unknown>
#1 0x55933c78a969 <unknown>
#2 0x55933c772201 <unknown>
#3 0x55933c771e26 <unknown>
#4 0x55933c76f94b <unknown>
#5 0x55933c7702cf <unknown>
#6 0x55933c77f700 <unknown>
#7 0x55933c7996f7 <unknown>
#8 0x55933c7a097b <unknown>
#9 0x55933c770a39 <unknown>
#10 0x55933c79948a <unknown>
#11 0x55933c828d98 <unknown>
#12 0x55933c7d1be2 <unknown>
#13 0x55933c7d2991 <unknown>
#14 0x55933cd36a99 <unknown>
#15 0x55933cd399b1 <unknown>
#16 0x55933cd230a9 <unknown>
#17 0x55933cd3a56e <unknown>
#18 0x55933cd095e0 <unknown>
#19 0x55933cd5e358 <unknown>
#20 0x55933cd5e528 <unknown>
#21 0x55933cd6ffa8 <unknown>
#22 0x7fb3b989caa4 <unknown>
#23 0x7fb3b9929c6c <unknown>

2026-01-24 14:26:34,298 - ERROR - [The Hindu] All scrape strategies failed for https://www.thehindu.com/news/national/telangana/vasant-panchami-celebrations-conclude-with-veena-concert-at-basar-temple/article70543830.ece. Falling back to RSS description.
2026-01-24 14:26:34,300 - INFO - Saved article: Vasant Panchami celebrations conclude with ‘Veena concert’ at Basar temple from The Hindu
2026-01-24 14:26:35,327 - INFO - [The Hindu] Article: https://www.thehindu.com/news/national/telangana/cancellation-of-naini-mdo-contract-is-proof-of-scam-in-singareni-tenders-harish-rao/article70546424.ece
2026-01-24 14:26:35,327 - INFO - [The Hindu] Attempt 1/1: Trying with 'selenium_browser' strategy...
2026-01-24 14:26:37,225 - INFO - [The Hindu] Page content loaded.
2026-01-24 14:26:37,276 - INFO - [The Hindu] Success with 'selenium_browser'. Found content (309 words).
2026-01-24 14:26:37,419 - INFO - Saved article: Cancellation of Naini MDO contract is proof of scam in Singareni tenders: Harish Rao - The Hindu from The Hindu
2026-01-24 14:26:37,540 - ERROR - [Times of India] Request failed for strategy 'selenium_browser' on URL https://timesofindia.indiatimes.com/world/rest-of-world/autopsy-of-canadian-teen-found-on-australian-beach-points-to-drowning-dingo-bites-likely-after-death/articleshow/127395343.cms: Message: timeout: Timed out receiving message from renderer: 52.241
  (Session info: chrome=144.0.7559.59)
Stacktrace:
#0 0x55b86dfddc3a <unknown>
#1 0x55b86d9f7969 <unknown>
#2 0x55b86d9df201 <unknown>
#3 0x55b86d9dee26 <unknown>
#4 0x55b86d9dc94b <unknown>
#5 0x55b86d9dd2cf <unknown>
#6 0x55b86d9ec700 <unknown>
#7 0x55b86da066f7 <unknown>
#8 0x55b86da0d97b <unknown>
#9 0x55b86d9dda39 <unknown>
#10 0x55b86da0648a <unknown>
#11 0x55b86da95d98 <unknown>
#12 0x55b86da3ebe2 <unknown>
#13 0x55b86da3f991 <unknown>
#14 0x55b86dfa3a99 <unknown>
#15 0x55b86dfa69b1 <unknown>
#16 0x55b86df900a9 <unknown>
#17 0x55b86dfa756e <unknown>
#18 0x55b86df765e0 <unknown>
#19 0x55b86dfcb358 <unknown>
#20 0x55b86dfcb528 <unknown>
#21 0x55b86dfdcfa8 <unknown>
#22 0x7f265729caa4 <unknown>
#23 0x7f2657329c6c <unknown>

2026-01-24 14:26:37,540 - ERROR - [Times of India] All scrape strategies failed for https://timesofindia.indiatimes.com/world/rest-of-world/autopsy-of-canadian-teen-found-on-australian-beach-points-to-drowning-dingo-bites-likely-after-death/articleshow/127395343.cms. Falling back to RSS description.
2026-01-24 14:26:37,543 - INFO - Saved article: Autopsy of Canadian teen found dead surrounded by dingoes suggests drowning as likely cause from Times of India
2026-01-24 14:26:38,375 - INFO - [The Hindu] Article: https://www.thehindu.com/news/national/karnataka/aiishs-wellness-centre-to-strengthen-mental-health-support/article70546540.ece
2026-01-24 14:26:38,375 - INFO - [The Hindu] Attempt 1/1: Trying with 'selenium_browser' strategy...
2026-01-24 14:26:38,968 - INFO - [Times of India] Article: https://timesofindia.indiatimes.com/world/us/who-is-tracee-mergen-fbi-agent-resigned-after-seeking-probe-into-fatal-ice-shooting-in-minneapolis/articleshow/127400307.cms
2026-01-24 14:26:38,968 - INFO - [Times of India] Attempt 1/1: Trying with 'selenium_browser' strategy...
2026-01-24 14:26:39,959 - INFO - [The Hindu] Page content loaded.
2026-01-24 14:26:40,043 - INFO - [The Hindu] Success with 'selenium_browser'. Found content (253 words).
2026-01-24 14:26:40,195 - INFO - Saved article: AIISH’s wellness centre to strengthen mental health support - The Hindu from The Hindu
2026-01-24 14:26:40,919 - INFO - [Times of India] Page content loaded.
2026-01-24 14:26:41,180 - INFO - [Times of India] Success with 'selenium_browser'. Found content (365 words).
2026-01-24 14:26:41,236 - INFO - Saved article: Who is Tracee Mergen? FBI agent resigned after seeking probe into fatal ICE shooting in Minneapolis - The Times of India from Times of India
2026-01-24 14:26:41,487 - INFO - [The Hindu] Article: https://www.thehindu.com/news/national/kerala/esic-greenlights-new-medical-college-in-kollam/article70546399.ece
2026-01-24 14:26:41,487 - INFO - [The Hindu] Attempt 1/1: Trying with 'selenium_browser' strategy...
2026-01-24 14:26:41,911 - INFO - [Times of India] Article: https://timesofindia.indiatimes.com/world/us/travel-to-us-obtain-birth-certificate-return-to-china-author-says-beijing-is-weaponising-american-citizenship-through-manchurian-generation/articleshow/127395557.cms
2026-01-24 14:26:41,911 - INFO - [Times of India] Attempt 1/1: Trying with 'selenium_browser' strategy...
2026-01-24 14:26:42,895 - INFO - [The Hindu] Page content loaded.
2026-01-24 14:26:43,035 - INFO - [The Hindu] Success with 'selenium_browser'. Found content (335 words).
2026-01-24 14:26:43,143 - INFO - Saved article: ESIC greenlights new medical college in Kollam - The Hindu from The Hindu
2026-01-24 14:26:43,472 - INFO - [Times of India] Page content loaded.
2026-01-24 14:26:43,885 - INFO - [The Hindu] Article: https://www.thehindu.com/news/cities/Hyderabad/hyderabad-literary-festival-2026-opens-with-call-for-dialogue-and-compassion/article70546572.ece
2026-01-24 14:26:43,885 - INFO - [The Hindu] Attempt 1/1: Trying with 'selenium_browser' strategy...
2026-01-24 14:26:44,392 - INFO - [Times of India] Success with 'selenium_browser'. Found content (480 words).
2026-01-24 14:26:44,483 - INFO - Saved article: Travel to US, obtain birth certificate, return to China: Author says Beijing is ‘weaponising’ American citizenship through 'Manchurian Generation' - The Times of India from Times of India
2026-01-24 14:26:45,562 - INFO - [The Hindu] Page content loaded.
2026-01-24 14:26:45,783 - INFO - [The Hindu] Success with 'selenium_browser'. Found content (409 words).
2026-01-24 14:26:45,854 - INFO - [Times of India] Article: https://timesofindia.indiatimes.com/world/us-streamers/the-biggest-lie-ever-adin-ross-turns-casual-livestream-moment-into-viral-hygiene-debate/articleshow/127370854.cms
2026-01-24 14:26:45,861 - INFO - [Times of India] Attempt 1/1: Trying with 'selenium_browser' strategy...
2026-01-24 14:26:45,906 - INFO - Saved article: Hyderabad Literary Festival 2026 opens with call for dialogue and compassion - The Hindu from The Hindu
2026-01-24 14:26:47,011 - INFO - [The Hindu] Article: https://www.thehindu.com/news/national/tamil-nadu/cm-stalin-opposes-neet-for-allied-and-health-care-courses/article70546615.ece
2026-01-24 14:26:47,011 - INFO - [The Hindu] Attempt 1/1: Trying with 'selenium_browser' strategy...
2026-01-24 14:26:47,654 - INFO - [Times of India] Page content loaded.
2026-01-24 14:26:47,777 - INFO - [Times of India] Success with 'selenium_browser'. Found content (418 words).
2026-01-24 14:26:47,854 - INFO - Duplicate article skipped: “The biggest lie ever”: Adin Ross turns casual livestream moment into viral hygiene debate - The Times of India from Times of India
2026-01-24 14:26:48,502 - INFO - [Times of India] Article: https://timesofindia.indiatimes.com/world/us/if-an-h-1b-holder-is-working-remotely-journalist-who-claimed-to-expose-visa-fraud-in-texas-responds-to-employees-working-from-home/articleshow/127394760.cms
2026-01-24 14:26:48,502 - INFO - [Times of India] Attempt 1/1: Trying with 'selenium_browser' strategy...
2026-01-24 14:26:49,048 - INFO - [The Hindu] Page content loaded.
2026-01-24 14:26:49,136 - INFO - [The Hindu] Success with 'selenium_browser'. Found content (377 words).
2026-01-24 14:26:49,234 - INFO - Saved article: CM Stalin opposes NEET for Allied and Health Care Courses - The Hindu from The Hindu
2026-01-24 14:26:49,980 - INFO - [The Hindu] Article: https://www.thehindu.com/news/national/andhra-pradesh/overspeeding-reason-behind-many-accidents-says-nhai-official/article70546365.ece
2026-01-24 14:26:49,980 - INFO - [The Hindu] Attempt 1/1: Trying with 'selenium_browser' strategy...
2026-01-24 14:26:51,529 - INFO - [Times of India] Page content loaded.
2026-01-24 14:26:51,544 - INFO - [The Hindu] Page content loaded.
2026-01-24 14:26:51,798 - INFO - [The Hindu] Success with 'selenium_browser'. Found content (319 words).
2026-01-24 14:26:51,922 - INFO - Saved article: Overspeeding reason behind many accidents, says NHAI official - The Hindu from The Hindu
2026-01-24 14:26:51,941 - INFO - [Times of India] Success with 'selenium_browser'. Found content (424 words).
2026-01-24 14:26:52,043 - INFO - Duplicate article skipped: ‘If an H-1B holder is working remotely…’: Journalist who claimed to expose visa fraud in Texas responds to employees working from home - The Times of India from Times of India
2026-01-24 14:26:52,940 - INFO - [The Hindu] Article: https://www.thehindu.com/news/national/kerala/court-reserves-order-on-palakkad-mla-rahul-mamkootathils-bail-plea-in-rape-case-to-january-28/article70546137.ece
2026-01-24 14:26:52,940 - INFO - [The Hindu] Attempt 1/1: Trying with 'selenium_browser' strategy...
2026-01-24 14:26:53,498 - INFO - [Times of India] Article: https://timesofindia.indiatimes.com/world/us-streamers/you-always-hate-on-them-ddg-slams-haters-criticizing-kai-cenat-for-stepping-into-the-fashion-world/articleshow/127359282.cms
2026-01-24 14:26:53,498 - INFO - [Times of India] Attempt 1/1: Trying with 'selenium_browser' strategy...
2026-01-24 14:26:54,700 - INFO - [The Hindu] Page content loaded.
2026-01-24 14:26:55,003 - INFO - [The Hindu] Success with 'selenium_browser'. Found content (227 words).
2026-01-24 14:26:55,197 - INFO - Saved article: Court reserves order on Palakkad MLA Rahul Mamkootathil’s bail plea in rape case to January 28 - The Hindu from The Hindu
2026-01-24 14:26:55,693 - INFO - [Times of India] Page content loaded.
2026-01-24 14:26:55,974 - INFO - [Times of India] Success with 'selenium_browser'. Found content (442 words).
2026-01-24 14:26:56,206 - INFO - Duplicate article skipped: “You always hate on them”: DDG slams haters criticizing Kai Cenat for stepping into the fashion world - The Times of India from Times of India
2026-01-24 14:26:56,530 - INFO - [The Hindu] Article: https://www.thehindu.com/news/national/andhra-pradesh/tirumala-priests-seek-reduction-in-work-load/article70546386.ece
2026-01-24 14:26:56,530 - INFO - [The Hindu] Attempt 1/1: Trying with 'selenium_browser' strategy...
2026-01-24 14:26:57,666 - INFO - [Times of India] Article: https://timesofindia.indiatimes.com/world/us/100-million-theft-suspect-in-largest-jewelry-heist-in-us-history-deported-avoids-trial/articleshow/127385646.cms
2026-01-24 14:26:57,666 - INFO - [Times of India] Attempt 1/1: Trying with 'selenium_browser' strategy...
2026-01-24 14:26:59,062 - INFO - [The Hindu] Page content loaded.
2026-01-24 14:26:59,123 - INFO - [The Hindu] Success with 'selenium_browser'. Found content (353 words).
2026-01-24 14:26:59,198 - INFO - Saved article: Tirumala priests seek reduction in work load - The Hindu from The Hindu
2026-01-24 14:26:59,464 - INFO - [Times of India] Page content loaded.
2026-01-24 14:26:59,541 - INFO - [Times of India] Success with 'selenium_browser'. Found content (542 words).
2026-01-24 14:26:59,598 - INFO - Duplicate article skipped: $100 million theft: Suspect in ‘largest jewelry heist in US history’ deported, avoids trial - The Times of India from Times of India
2026-01-24 14:26:59,737 - INFO - [The Hindu] Article: https://www.thehindu.com/news/national/kerala/private-bus-accidents-claim-59-lives-in-kochi-city-in-three-years/article70546177.ece
2026-01-24 14:26:59,737 - INFO - [The Hindu] Attempt 1/1: Trying with 'selenium_browser' strategy...
2026-01-24 14:27:00,507 - INFO - [The Hindu] Page content loaded.
2026-01-24 14:27:00,558 - INFO - [The Hindu] Success with 'selenium_browser'. Found content (323 words).
2026-01-24 14:27:00,620 - INFO - [Times of India] Article: https://timesofindia.indiatimes.com/world/us/indian-national-killed-in-us-over-family-dispute-how-a-call-from-12-year-old-in-closet-saved-three-children/articleshow/127388827.cms
2026-01-24 14:27:00,620 - INFO - [Times of India] Attempt 1/1: Trying with 'selenium_browser' strategy...
2026-01-24 14:27:00,639 - INFO - Saved article: Private bus accidents claim 59 lives in Kochi city in three years - The Hindu from The Hindu
2026-01-24 14:27:01,822 - INFO - [The Hindu] (Thread) Finished. Attempting to shut down its Selenium driver.
2026-01-24 14:27:02,006 - INFO - [Times of India] Page content loaded.
2026-01-24 14:27:02,051 - INFO - [The Hindu] (Thread) driver.quit() successful.
2026-01-24 14:27:02,142 - INFO - [Times of India] Success with 'selenium_browser'. Found content (305 words).
2026-01-24 14:27:02,216 - INFO - Duplicate article skipped: Indian national killed in US over family dispute: How a call from 12-year old in closet saved three children - The Times of India from Times of India
2026-01-24 14:27:03,641 - INFO - [Times of India] Article: https://timesofindia.indiatimes.com/etimes/trending/can-extreme-winter-really-cause-trees-to-explode-the-science-behind-the-viral-phenomenon/articleshow/127380324.cms
2026-01-24 14:27:03,641 - INFO - [Times of India] Attempt 1/1: Trying with 'selenium_browser' strategy...
2026-01-24 14:27:14,770 - WARNING - [Times of India] Page timed out (10s). No <p> tags found. Proceeding anyway.
2026-01-24 14:27:14,903 - INFO - [Times of India] Success with 'selenium_browser'. Found content (838 words).
2026-01-24 14:27:14,976 - INFO - Duplicate article skipped: Can extreme winter really cause trees to 'explode'? The science behind the viral phenomenon | - The Times of India from Times of India
2026-01-24 14:27:16,311 - INFO - [Times of India] (Thread) Finished. Attempting to shut down its Selenium driver.
2026-01-24 14:27:16,591 - INFO - [Times of India] (Thread) driver.quit() successful.
2026-01-24 14:27:16,591 - INFO - Shutting down thread pool (wait=False)...
2026-01-24 14:27:16,592 - INFO - Scraped: 4 Times of India, 0 The Guardian, 10 The Hindu, 0 BBC articles. (Total saved: 14)
2026-01-24 14:27:16,592 - INFO - --- Scraping job finished ---
2026-01-24 14:27:16,598 - INFO - --- Scraper service stopped and database connection closed. ---
2026-01-24 14:27:16,598 - INFO - --- Main thread finished. Forcing process exit to kill zombie threads. ---
