2025-12-17 22:25:52,920 - INFO - Initializing database connection at: news_articles.db
2025-12-17 22:25:52,920 - INFO - --- Scraper service started (CI Mode: Run Once) ---
2025-12-17 22:25:52,920 - INFO - --- Starting new scraping job (Parallel Mode) ---
2025-12-17 22:25:52,920 - INFO - Creating new robust session with 3 retries on 5xx/connection/read errors.
2025-12-17 22:25:52,920 - INFO - Proxy is DISABLED.
2025-12-17 22:25:52,921 - INFO - Starting scrape for BBC RSS feed: http://feeds.bbci.co.uk/news/world/rss.xml
2025-12-17 22:25:52,921 - INFO - [Times of India] (Thread) requires Selenium. Initializing driver...
2025-12-17 22:25:52,921 - INFO - Initializing headless Selenium Chrome driver (using SeleniumManager)...
2025-12-17 22:25:52,922 - INFO - Starting scrape for The Guardian RSS feed: https://www.theguardian.com/world/rss
2025-12-17 22:25:52,922 - INFO - [The Hindu] (Thread) requires Selenium. Initializing driver...
2025-12-17 22:25:52,922 - INFO - Initializing headless Selenium Chrome driver (using SeleniumManager)...
2025-12-17 22:25:52,923 - INFO - Submitted 4 jobs to thread pool. Waiting up to 300s for completion...
2025-12-17 22:25:53,007 - INFO - Found 45 articles in The Guardian RSS feed. Processing up to 10.
2025-12-17 22:25:53,007 - INFO - [The Guardian] Article: https://www.theguardian.com/world/2025/dec/16/five-key-moments-in-the-assault-on-the-rights-of-women-and-girls-in-2025
2025-12-17 22:25:53,007 - INFO - [The Guardian] Attempt 1/1: Trying with 'requests_browser' strategy...
2025-12-17 22:25:53,021 - INFO - Found 30 articles in BBC RSS feed. Processing up to 10.
2025-12-17 22:25:53,022 - INFO - [BBC] Article: https://www.bbc.com/news/articles/cx239pp7gl7o?at_medium=RSS&at_campaign=rss
2025-12-17 22:25:53,022 - INFO - [BBC] Attempt 1/1: Trying with 'requests_browser' strategy...
2025-12-17 22:25:53,045 - INFO - [The Guardian] Success with 'requests_browser'. Found content (914 words).
2025-12-17 22:25:53,087 - INFO - Duplicate article skipped: Five key moments in the assault on the rights of women and girls in 2025 | Anti-rights movement | The Guardian from The Guardian
2025-12-17 22:25:53,613 - INFO - [BBC] Success with 'requests_browser'. Found content (694 words).
2025-12-17 22:25:53,654 - INFO - Saved article: Rob Reiner's family breaks silence as son Nick faces court for murder charges from BBC
2025-12-17 22:25:53,846 - INFO - [The Guardian] Article: https://www.theguardian.com/world/2025/dec/16/south-africa-russia-men-tricked-fighting-ukraine
2025-12-17 22:25:53,847 - INFO - [The Guardian] Attempt 1/1: Trying with 'requests_browser' strategy...
2025-12-17 22:25:54,023 - INFO - [The Guardian] Success with 'requests_browser'. Found content (503 words).
2025-12-17 22:25:54,058 - INFO - Duplicate article skipped: South Africa in talks with Russia over men ‘tricked’ into fighting in Ukraine | South Africa | The Guardian from The Guardian
2025-12-17 22:25:54,626 - INFO - [BBC] Article: https://www.bbc.com/news/articles/cx2p4vw595jo?at_medium=RSS&at_campaign=rss
2025-12-17 22:25:54,627 - INFO - [BBC] Attempt 1/1: Trying with 'requests_browser' strategy...
2025-12-17 22:25:54,660 - INFO - [BBC] Success with 'requests_browser'. Found content (863 words).
2025-12-17 22:25:54,696 - INFO - Duplicate article skipped: Trump is good news for Nato, Mark Rutte tells BBC from BBC
2025-12-17 22:25:55,446 - INFO - [The Guardian] Article: https://www.theguardian.com/world/2025/dec/16/libya-national-museum-reopens
2025-12-17 22:25:55,446 - INFO - [The Guardian] Attempt 1/1: Trying with 'requests_browser' strategy...
2025-12-17 22:25:55,469 - INFO - [The Guardian] Success with 'requests_browser'. Found content (1229 words).
2025-12-17 22:25:55,506 - INFO - Duplicate article skipped: Libya looks to its past to build a new future as national museum reopens | Libya | The Guardian from The Guardian
2025-12-17 22:25:56,192 - INFO - [BBC] Article: https://www.bbc.com/news/articles/cx2e6r10rdeo?at_medium=RSS&at_campaign=rss
2025-12-17 22:25:56,192 - INFO - [BBC] Attempt 1/1: Trying with 'requests_browser' strategy...
2025-12-17 22:25:56,219 - INFO - [BBC] Success with 'requests_browser'. Found content (965 words).
2025-12-17 22:25:56,257 - INFO - Saved article: Heavy rains compound dire conditions of displaced Gazans, UN warns from BBC
2025-12-17 22:25:56,797 - INFO - [BBC] Article: https://www.bbc.com/news/articles/c1kpr0dg130o?at_medium=RSS&at_campaign=rss
2025-12-17 22:25:56,798 - INFO - [BBC] Attempt 1/1: Trying with 'requests_browser' strategy...
2025-12-17 22:25:56,828 - INFO - [BBC] Success with 'requests_browser'. Found content (341 words).
2025-12-17 22:25:56,863 - INFO - Duplicate article skipped: Oscars to stream on YouTube starting in 2029, leaving ABC from BBC
2025-12-17 22:25:56,939 - INFO - [The Guardian] Article: https://www.theguardian.com/education/2025/dec/14/ghana-students-uk-universities-face-deportion-funding-crisis
2025-12-17 22:25:56,939 - INFO - [The Guardian] Attempt 1/1: Trying with 'requests_browser' strategy...
2025-12-17 22:25:57,392 - INFO - [The Guardian] Success with 'requests_browser'. Found content (604 words).
2025-12-17 22:25:57,429 - INFO - Duplicate article skipped: Ghanaian students at UK universities face deportation amid funding crisis | International students | The Guardian from The Guardian
2025-12-17 22:25:57,695 - INFO - [BBC] Article: https://www.bbc.com/news/articles/c98nm1ry38jo?at_medium=RSS&at_campaign=rss
2025-12-17 22:25:57,695 - INFO - [BBC] Attempt 1/1: Trying with 'requests_browser' strategy...
2025-12-17 22:25:57,726 - INFO - [BBC] Success with 'requests_browser'. Found content (652 words).
2025-12-17 22:25:57,764 - INFO - Duplicate article skipped: Bondi shooting suspect Naveed Akram charged with 15 counts of murder from BBC
2025-12-17 22:25:58,295 - INFO - [The Guardian] Article: https://www.theguardian.com/science/2025/dec/15/little-foot-hominin-fossil-may-be-new-species-of-human-ancestor
2025-12-17 22:25:58,296 - INFO - [The Guardian] Attempt 1/1: Trying with 'requests_browser' strategy...
2025-12-17 22:25:58,319 - INFO - [The Guardian] Success with 'requests_browser'. Found content (553 words).
2025-12-17 22:25:58,382 - INFO - Duplicate article skipped: Little Foot hominin fossil may be new species of human ancestor | Evolution | The Guardian from The Guardian
2025-12-17 22:25:58,958 - INFO - [The Guardian] Article: https://www.theguardian.com/world/2025/dec/17/canada-population-drop-international-students
2025-12-17 22:25:58,958 - INFO - [The Guardian] Attempt 1/1: Trying with 'requests_browser' strategy...
2025-12-17 22:25:58,978 - INFO - [The Guardian] Success with 'requests_browser'. Found content (486 words).
2025-12-17 22:25:59,012 - INFO - Duplicate article skipped: Canada sees large drop in population amid international students crackdown | Canada | The Guardian from The Guardian
2025-12-17 22:25:59,054 - INFO - [BBC] Article: https://www.bbc.com/news/articles/c4gej5ezyypo?at_medium=RSS&at_campaign=rss
2025-12-17 22:25:59,054 - INFO - [BBC] Attempt 1/1: Trying with 'requests_browser' strategy...
2025-12-17 22:25:59,222 - INFO - [BBC] Success with 'requests_browser'. Found content (687 words).
2025-12-17 22:25:59,259 - INFO - Duplicate article skipped: Venezuela denounces Trump's order for ship blockade as 'warmongering threats' from BBC
2025-12-17 22:25:59,522 - INFO - [The Guardian] Article: https://www.theguardian.com/world/2025/dec/17/canada-polar-bear-adopts-new-cub
2025-12-17 22:25:59,522 - INFO - [The Guardian] Attempt 1/1: Trying with 'requests_browser' strategy...
2025-12-17 22:25:59,546 - INFO - [The Guardian] Success with 'requests_browser'. Found content (520 words).
2025-12-17 22:25:59,580 - INFO - Duplicate article skipped: Scientists log rare case of female polar bear adopting cub: ‘They’re really good moms’ | Canada | The Guardian from The Guardian
2025-12-17 22:26:00,385 - INFO - [BBC] Article: https://www.bbc.com/news/articles/c2468q3y75vo?at_medium=RSS&at_campaign=rss
2025-12-17 22:26:00,385 - INFO - [BBC] Attempt 1/1: Trying with 'requests_browser' strategy...
2025-12-17 22:26:00,414 - INFO - [BBC] Success with 'requests_browser'. Found content (730 words).
2025-12-17 22:26:00,452 - INFO - Duplicate article skipped: Afrikaner refugees: Kenyans found illegally working at US asylum claim centre in South Africa from BBC
2025-12-17 22:26:00,897 - INFO - [The Guardian] Article: https://www.theguardian.com/world/2025/dec/17/what-action-is-trump-taking-against-venezuela-oil-industry
2025-12-17 22:26:00,897 - INFO - [The Guardian] Attempt 1/1: Trying with 'requests_browser' strategy...
2025-12-17 22:26:01,067 - INFO - [The Guardian] Success with 'requests_browser'. Found content (679 words).
2025-12-17 22:26:01,124 - INFO - Duplicate article skipped: What action is Trump taking against Venezuela’s oil industry? | Venezuela | The Guardian from The Guardian
2025-12-17 22:26:01,657 - INFO - [BBC] Article: https://www.bbc.com/news/articles/cde657xj3pxo?at_medium=RSS&at_campaign=rss
2025-12-17 22:26:01,657 - INFO - [BBC] Attempt 1/1: Trying with 'requests_browser' strategy...
2025-12-17 22:26:01,686 - INFO - [BBC] Success with 'requests_browser'. Found content (580 words).
2025-12-17 22:26:01,728 - INFO - Duplicate article skipped: Miss Finland's viral 'slanted-eyes' photo stirs racism firestorm from BBC
2025-12-17 22:26:02,032 - INFO - Selenium driver initialized successfully.
2025-12-17 22:26:02,032 - INFO - Starting scrape for The Hindu RSS feed: https://www.thehindu.com/news/national/feeder/default.rss
2025-12-17 22:26:02,033 - INFO - Selenium driver initialized successfully.
2025-12-17 22:26:02,033 - INFO - Starting scrape for Times of India RSS feed: https://timesofindia.indiatimes.com/rssfeeds/296589292.cms
2025-12-17 22:26:02,136 - INFO - Found 100 articles in The Hindu RSS feed. Processing up to 10.
2025-12-17 22:26:02,136 - INFO - [The Hindu] Article: https://www.thehindu.com/education/webinar-on-career-compass-on-december-21/article70408704.ece
2025-12-17 22:26:02,136 - INFO - [The Hindu] Attempt 1/1: Trying with 'selenium_browser' strategy...
2025-12-17 22:26:02,273 - INFO - Found 20 articles in Times of India RSS feed. Processing up to 10.
2025-12-17 22:26:02,274 - INFO - [Times of India] Article: https://timesofindia.indiatimes.com/world/us/fbi-deputy-director-dan-bongino-to-step-down-next-year-report/articleshow/126045458.cms
2025-12-17 22:26:02,274 - INFO - [Times of India] Attempt 1/1: Trying with 'selenium_browser' strategy...
2025-12-17 22:26:02,588 - INFO - [The Guardian] Article: https://www.theguardian.com/world/2025/dec/17/british-baker-outrages-mexicans-with-attack-on-ugly-bread
2025-12-17 22:26:02,588 - INFO - [The Guardian] Attempt 1/1: Trying with 'requests_browser' strategy...
2025-12-17 22:26:02,609 - INFO - [The Guardian] Success with 'requests_browser'. Found content (578 words).
2025-12-17 22:26:02,624 - INFO - [BBC] Article: https://www.bbc.com/news/articles/cvg803v3erko?at_medium=RSS&at_campaign=rss
2025-12-17 22:26:02,624 - INFO - [BBC] Attempt 1/1: Trying with 'requests_browser' strategy...
2025-12-17 22:26:02,660 - INFO - Duplicate article skipped: British baker outrages Mexicans with attack on their ‘ugly’ bread | Mexico | The Guardian from The Guardian
2025-12-17 22:26:02,682 - INFO - [BBC] Success with 'requests_browser'. Found content (345 words).
2025-12-17 22:26:02,732 - INFO - Duplicate article skipped: Polar bear mother adopts cub in rarely documented case from BBC
2025-12-17 22:26:03,443 - INFO - [BBC] Article: https://www.bbc.com/news/articles/c5yj8ew1pnlo?at_medium=RSS&at_campaign=rss
2025-12-17 22:26:03,443 - INFO - [BBC] Attempt 1/1: Trying with 'requests_browser' strategy...
2025-12-17 22:26:03,484 - INFO - [BBC] Success with 'requests_browser'. Found content (390 words).
2025-12-17 22:26:03,534 - INFO - Duplicate article skipped: Spain to open climate shelter network ahead of next summer from BBC
2025-12-17 22:26:03,614 - INFO - [The Guardian] Article: https://www.theguardian.com/us-news/2025/dec/16/trump-orders-blockade-oil-tankers-venezuela
2025-12-17 22:26:03,615 - INFO - [The Guardian] Attempt 1/1: Trying with 'requests_browser' strategy...
2025-12-17 22:26:03,640 - INFO - [The Guardian] Success with 'requests_browser'. Found content (816 words).
2025-12-17 22:26:03,702 - INFO - Duplicate article skipped: Trump orders blockade of sanctioned oil tankers entering and leaving Venezuela | Donald Trump | The Guardian from The Guardian
2025-12-17 22:26:06,762 - INFO - [The Hindu] Page content loaded.
2025-12-17 22:26:07,680 - INFO - [The Hindu] Success with 'selenium_browser'. Found content (128 words).
2025-12-17 22:26:07,795 - INFO - Saved article: Webinar on Career Compass on December 21 - The Hindu from The Hindu
2025-12-17 22:26:08,755 - INFO - [The Hindu] Article: https://www.thehindu.com/news/national/kerala/five-senate-members-in-calicut-varsity-to-lose-their-membership/article70407677.ece
2025-12-17 22:26:08,755 - INFO - [The Hindu] Attempt 1/1: Trying with 'selenium_browser' strategy...
2025-12-17 22:26:11,905 - INFO - [The Hindu] Page content loaded.
2025-12-17 22:26:12,121 - INFO - [The Hindu] Success with 'selenium_browser'. Found content (280 words).
2025-12-17 22:26:12,454 - INFO - Saved article: Five senate members in Calicut varsity to lose their membership - The Hindu from The Hindu
2025-12-17 22:26:13,894 - INFO - [The Hindu] Article: https://www.thehindu.com/news/national/kerala/hc-seeks-input-on-suraj-lama-from-cial/article70408479.ece
2025-12-17 22:26:13,894 - INFO - [The Hindu] Attempt 1/1: Trying with 'selenium_browser' strategy...
2025-12-17 22:26:14,915 - INFO - [The Hindu] Page content loaded.
2025-12-17 22:26:14,957 - INFO - [The Hindu] Success with 'selenium_browser'. Found content (179 words).
2025-12-17 22:26:15,013 - INFO - Saved article: HC seeks input on Suraj Lama from CIAL - The Hindu from The Hindu
2025-12-17 22:26:15,672 - INFO - [The Hindu] Article: https://www.thehindu.com/news/national/kerala/two-emerge-as-strong-contenders-for-n-paravur-municipal-chairperson-post/article70408254.ece
2025-12-17 22:26:15,672 - INFO - [The Hindu] Attempt 1/1: Trying with 'selenium_browser' strategy...
2025-12-17 22:26:16,726 - INFO - [The Hindu] Page content loaded.
2025-12-17 22:26:16,814 - INFO - [The Hindu] Success with 'selenium_browser'. Found content (277 words).
2025-12-17 22:26:16,911 - INFO - Duplicate article skipped: Two emerge as strong contenders for N. Paravur municipal chairperson post - The Hindu from The Hindu
2025-12-17 22:26:17,578 - INFO - [The Hindu] Article: https://www.thehindu.com/news/national/kerala/ten-sentenced-to-imprisonment-in-attempt-to-murder-case/article70408189.ece
2025-12-17 22:26:17,578 - INFO - [The Hindu] Attempt 1/1: Trying with 'selenium_browser' strategy...
2025-12-17 22:26:18,740 - INFO - [The Hindu] Page content loaded.
2025-12-17 22:26:18,782 - INFO - [The Hindu] Success with 'selenium_browser'. Found content (118 words).
2025-12-17 22:26:18,835 - INFO - Duplicate article skipped: Ten sentenced to imprisonment in attempt-to-murder case - The Hindu from The Hindu
2025-12-17 22:26:19,723 - INFO - [The Hindu] Article: https://www.thehindu.com/news/national/rajasthan/farmers-give-20-day-ultimatum-for-closure-of-ethanol-plant-in-hanumangarh/article70408028.ece
2025-12-17 22:26:19,723 - INFO - [The Hindu] Attempt 1/1: Trying with 'selenium_browser' strategy...
2025-12-17 22:26:20,833 - INFO - [The Hindu] Page content loaded.
2025-12-17 22:26:20,895 - INFO - [The Hindu] Success with 'selenium_browser'. Found content (430 words).
2025-12-17 22:26:20,960 - INFO - Duplicate article skipped: Farmers give 20-day ultimatum for closure of ethanol plant in Hanumangarh - The Hindu from The Hindu
2025-12-17 22:26:21,609 - INFO - [The Hindu] Article: https://www.thehindu.com/news/national/bihar/return-votes-first-male-beneficiaries-of-bihar-scheme-for-women/article70407667.ece
2025-12-17 22:26:21,609 - INFO - [The Hindu] Attempt 1/1: Trying with 'selenium_browser' strategy...
2025-12-17 22:26:24,024 - INFO - [The Hindu] Page content loaded.
2025-12-17 22:26:24,303 - INFO - [The Hindu] Success with 'selenium_browser'. Found content (606 words).
2025-12-17 22:26:24,411 - INFO - Duplicate article skipped: Return votes first: male beneficiaries of Bihar scheme for women - The Hindu from The Hindu
2025-12-17 22:26:25,212 - INFO - [The Hindu] Article: https://www.thehindu.com/news/national/kerala/activists-urge-forest-department-to-end-unnecessary-capture-of-wild-animals/article70408593.ece
2025-12-17 22:26:25,212 - INFO - [The Hindu] Attempt 1/1: Trying with 'selenium_browser' strategy...
2025-12-17 22:26:26,075 - INFO - [The Hindu] Page content loaded.
2025-12-17 22:26:26,245 - INFO - [The Hindu] Success with 'selenium_browser'. Found content (188 words).
2025-12-17 22:26:26,343 - INFO - Duplicate article skipped: Activists urge Forest department to end unnecessary capture of wild animals - The Hindu from The Hindu
2025-12-17 22:26:27,257 - INFO - [The Hindu] Article: https://www.thehindu.com/news/national/bombay-hc-allows-gautam-navlakha-torelocateto-delhi-sets-strict-conditions/article70408213.ece
2025-12-17 22:26:27,257 - INFO - [The Hindu] Attempt 1/1: Trying with 'selenium_browser' strategy...
2025-12-17 22:26:28,165 - INFO - [The Hindu] Page content loaded.
2025-12-17 22:26:28,215 - INFO - [The Hindu] Success with 'selenium_browser'. Found content (325 words).
2025-12-17 22:26:28,304 - INFO - Duplicate article skipped: Bombay HC allows Gautam Navlakha to relocate to Delhi, sets strict conditions - The Hindu from The Hindu
2025-12-17 22:26:29,763 - INFO - [The Hindu] Article: https://www.thehindu.com/news/national/kerala/woman-loses-63-crore-in-alleged-cyber-fraud/article70408658.ece
2025-12-17 22:26:29,763 - INFO - [The Hindu] Attempt 1/1: Trying with 'selenium_browser' strategy...
2025-12-17 22:26:30,711 - INFO - [The Hindu] Page content loaded.
2025-12-17 22:26:30,791 - INFO - [The Hindu] Success with 'selenium_browser'. Found content (202 words).
2025-12-17 22:26:30,899 - INFO - Duplicate article skipped: Woman loses ₹6.3 crore in alleged cyber fraud - The Hindu from The Hindu
2025-12-17 22:26:32,314 - INFO - [The Hindu] (Thread) Finished. Attempting to shut down its Selenium driver.
2025-12-17 22:26:32,473 - INFO - [The Hindu] (Thread) driver.quit() successful.
2025-12-17 22:26:43,684 - INFO - [Times of India] Page content loaded.
2025-12-17 22:26:44,103 - INFO - [Times of India] Success with 'selenium_browser'. Found content (381 words).
2025-12-17 22:26:44,293 - INFO - Saved article: FBI deputy director Dan Bongino to step down next year: Report - The Times of India from Times of India
2025-12-17 22:26:45,377 - INFO - [Times of India] Article: https://timesofindia.indiatimes.com/world/rest-of-world/meet-cesar-barraza-australian-cop-who-killed-bondi-beach-shooter-sajid-akram-from-40-metres-with-just-a-handgun/articleshow/126045433.cms
2025-12-17 22:26:45,377 - INFO - [Times of India] Attempt 1/1: Trying with 'selenium_browser' strategy...
2025-12-17 22:26:46,452 - INFO - [Times of India] Page content loaded.
2025-12-17 22:26:46,585 - INFO - [Times of India] Success with 'selenium_browser'. Found content (320 words).
2025-12-17 22:26:46,667 - INFO - Saved article: Meet Cesar Barraza: Australian cop who killed Bondi Beach shooter Sajid Akram from 40 metres with just a handgun - The Times of India from Times of India
2025-12-17 22:26:47,488 - INFO - [Times of India] Article: https://timesofindia.indiatimes.com/world/us/indian-origin-driver-booked-for-alleged-rape-of-unconscious-passenger-in-california-bail-set-at-500000/articleshow/126045381.cms
2025-12-17 22:26:47,488 - INFO - [Times of India] Attempt 1/1: Trying with 'selenium_browser' strategy...
2025-12-17 22:26:48,985 - INFO - [Times of India] Page content loaded.
2025-12-17 22:26:49,158 - INFO - [Times of India] Success with 'selenium_browser'. Found content (262 words).
2025-12-17 22:26:49,228 - INFO - Saved article: Indian-origin driver booked for alleged rape of unconscious passenger in California, bail set at $500,000 - The Times of India from Times of India
2025-12-17 22:26:50,282 - INFO - [Times of India] Article: https://timesofindia.indiatimes.com/world/us/trump-about-to-wage-war-on-venezuela-tucker-carlson-makes-bold-claim-ahead-of-us-presidents-televised-address/articleshow/126045322.cms
2025-12-17 22:26:50,282 - INFO - [Times of India] Attempt 1/1: Trying with 'selenium_browser' strategy...
2025-12-17 22:26:51,400 - INFO - [Times of India] Page content loaded.
2025-12-17 22:26:51,523 - INFO - [Times of India] Success with 'selenium_browser'. Found content (403 words).
2025-12-17 22:26:51,584 - INFO - Saved article: Trump about to wage war on Venezuela? Tucker Carlson makes bold claim ahead of US president’s televised address - The Times of India from Times of India
2025-12-17 22:26:52,216 - INFO - [Times of India] Article: https://timesofindia.indiatimes.com/world/us-streamers/twitch-streamer-rakai-mocked-kai-cenats-mental-health-video-sparking-online-outrage/articleshow/126045133.cms
2025-12-17 22:26:52,216 - INFO - [Times of India] Attempt 1/1: Trying with 'selenium_browser' strategy...
2025-12-17 22:26:53,210 - INFO - [Times of India] Page content loaded.
2025-12-17 22:26:53,361 - INFO - [Times of India] Success with 'selenium_browser'. Found content (423 words).
2025-12-17 22:26:53,442 - INFO - Duplicate article skipped: Twitch streamer Rakai mocked Kai Cenat’s mental health video, sparking online outrage - The Times of India from Times of India
2025-12-17 22:26:54,808 - INFO - [Times of India] Article: https://timesofindia.indiatimes.com/world/us-streamers/youtuber-ross-creations-under-investigation-for-launching-opossum-in-viral-video/articleshow/126045363.cms
2025-12-17 22:26:54,808 - INFO - [Times of India] Attempt 1/1: Trying with 'selenium_browser' strategy...
2025-12-17 22:26:56,119 - INFO - [Times of India] Page content loaded.
2025-12-17 22:26:56,252 - INFO - [Times of India] Success with 'selenium_browser'. Found content (421 words).
2025-12-17 22:26:56,330 - INFO - Duplicate article skipped: YouTuber Ross Creations under investigation for launching opossum in viral video - The Times of India from Times of India
2025-12-17 22:26:56,915 - INFO - [Times of India] Article: https://timesofindia.indiatimes.com/world/us/nick-reiner-makes-first-court-appearance-wearing-suicide-prevention-vest-after-parents-murder-video/articleshow/126045110.cms
2025-12-17 22:26:56,915 - INFO - [Times of India] Attempt 1/1: Trying with 'selenium_browser' strategy...
2025-12-17 22:26:57,932 - INFO - [Times of India] Page content loaded.
2025-12-17 22:26:58,087 - INFO - [Times of India] Success with 'selenium_browser'. Found content (405 words).
2025-12-17 22:26:58,142 - INFO - Duplicate article skipped: Nick Reiner makes first court appearance wearing suicide prevention vest after parents’ murder – video - The Times of India from Times of India
2025-12-17 22:26:59,099 - INFO - [Times of India] Article: https://timesofindia.indiatimes.com/etimes/trending/scientists-baffled-as-sharks-found-swimming-inside-one-of-worlds-most-active-underwater-volcanoes/articleshow/126043273.cms
2025-12-17 22:26:59,099 - INFO - [Times of India] Attempt 1/1: Trying with 'selenium_browser' strategy...
2025-12-17 22:27:00,294 - INFO - [Times of India] Page content loaded.
2025-12-17 22:27:00,454 - INFO - [Times of India] Success with 'selenium_browser'. Found content (847 words).
2025-12-17 22:27:00,510 - INFO - Duplicate article skipped: Scientists baffled as sharks found swimming inside one of world’s most active underwater volcanoes | - The Times of India from Times of India
2025-12-17 22:27:01,093 - INFO - [Times of India] Article: https://timesofindia.indiatimes.com/world/us/trumps-travel-ban-on-39-countries-who-are-exempt-from-the-new-visa-rules-what-about-the-fianc-visa/articleshow/126044684.cms
2025-12-17 22:27:01,093 - INFO - [Times of India] Attempt 1/1: Trying with 'selenium_browser' strategy...
2025-12-17 22:27:02,653 - INFO - [Times of India] Page content loaded.
2025-12-17 22:27:02,786 - INFO - [Times of India] Success with 'selenium_browser'. Found content (494 words).
2025-12-17 22:27:02,867 - INFO - Duplicate article skipped: Trump's travel ban on 39 countries: Who are exempt from the new visa rules? What about the fiancé visa? - The Times of India from Times of India
2025-12-17 22:27:03,587 - INFO - [Times of India] Article: https://timesofindia.indiatimes.com/entertainment/english/hollywood/news/oscars-to-stream-on-youtube-from-2029-ending-decades-long-run-on-us-broadcaster-abc/articleshow/126044825.cms
2025-12-17 22:27:03,587 - INFO - [Times of India] Attempt 1/1: Trying with 'selenium_browser' strategy...
2025-12-17 22:27:04,757 - INFO - [Times of India] Page content loaded.
2025-12-17 22:27:04,876 - INFO - [Times of India] Success with 'selenium_browser'. Found content (290 words).
2025-12-17 22:27:04,939 - INFO - Duplicate article skipped: Oscars to stream on YouTube from 2029, ending decades-long run on US broadcaster ABC | English Movie News - The Times of India from Times of India
2025-12-17 22:27:05,529 - INFO - [Times of India] (Thread) Finished. Attempting to shut down its Selenium driver.
2025-12-17 22:27:06,741 - INFO - [Times of India] (Thread) driver.quit() successful.
2025-12-17 22:27:06,741 - INFO - Shutting down thread pool (wait=False)...
2025-12-17 22:27:06,741 - INFO - Scraped: 2 BBC, 4 Times of India, 0 The Guardian, 3 The Hindu articles. (Total saved: 9)
2025-12-17 22:27:06,741 - INFO - --- Scraping job finished ---
2025-12-17 22:27:06,747 - INFO - --- Scraper service stopped and database connection closed. ---
2025-12-17 22:27:06,747 - INFO - --- Main thread finished. Forcing process exit to kill zombie threads. ---
