2026-01-13 16:39:17,850 - INFO - Initializing database connection at: news_articles.db
2026-01-13 16:39:17,850 - INFO - --- Scraper service started (CI Mode: Run Once) ---
2026-01-13 16:39:17,850 - INFO - --- Starting new scraping job (Parallel Mode) ---
2026-01-13 16:39:17,851 - INFO - Creating new robust session with 3 retries on 5xx/connection/read errors.
2026-01-13 16:39:17,851 - INFO - Proxy is DISABLED.
2026-01-13 16:39:17,851 - INFO - Starting scrape for BBC RSS feed: http://feeds.bbci.co.uk/news/world/rss.xml
2026-01-13 16:39:17,851 - INFO - [Times of India] (Thread) requires Selenium. Initializing driver...
2026-01-13 16:39:17,851 - INFO - Initializing headless Selenium Chrome driver (using SeleniumManager)...
2026-01-13 16:39:17,852 - INFO - Starting scrape for The Guardian RSS feed: https://www.theguardian.com/world/rss
2026-01-13 16:39:17,853 - INFO - [The Hindu] (Thread) requires Selenium. Initializing driver...
2026-01-13 16:39:17,853 - INFO - Initializing headless Selenium Chrome driver (using SeleniumManager)...
2026-01-13 16:39:17,853 - INFO - Submitted 4 jobs to thread pool. Waiting up to 300s for completion...
2026-01-13 16:39:18,044 - INFO - Found 45 articles in The Guardian RSS feed. Processing up to 10.
2026-01-13 16:39:18,044 - INFO - [The Guardian] Article: https://www.theguardian.com/us-news/2026/jan/13/trump-administration-ends-tps-somalia
2026-01-13 16:39:18,044 - INFO - [The Guardian] Attempt 1/1: Trying with 'requests_browser' strategy...
2026-01-13 16:39:18,090 - INFO - [The Guardian] Success with 'requests_browser'. Found content (478 words).
2026-01-13 16:39:18,140 - INFO - Found 40 articles in BBC RSS feed. Processing up to 10.
2026-01-13 16:39:18,141 - INFO - [BBC] Article: https://www.bbc.com/news/articles/clyev0kpk77o?at_medium=RSS&at_campaign=rss
2026-01-13 16:39:18,141 - INFO - [BBC] Attempt 1/1: Trying with 'requests_browser' strategy...
2026-01-13 16:39:18,142 - INFO - Saved article: Trump administration ends temporary protected status for Somalis in US | Trump administration | The Guardian from The Guardian
2026-01-13 16:39:18,317 - INFO - [BBC] Success with 'requests_browser'. Found content (800 words).
2026-01-13 16:39:18,355 - INFO - Duplicate article skipped: Trump briefed on military and covert options for Iran, sources say from BBC
2026-01-13 16:39:18,795 - INFO - [The Guardian] Article: https://www.theguardian.com/business/2026/jan/13/developing-countries-poorer-world-bank-report
2026-01-13 16:39:18,795 - INFO - [The Guardian] Attempt 1/1: Trying with 'requests_browser' strategy...
2026-01-13 16:39:18,921 - INFO - [The Guardian] Success with 'requests_browser'. Found content (533 words).
2026-01-13 16:39:18,960 - INFO - Duplicate article skipped: Quarter of developing countries poorer than in 2019, World Bank finds | World Bank | The Guardian from The Guardian
2026-01-13 16:39:19,279 - INFO - [BBC] Article: https://www.bbc.com/news/articles/cvgp70ynx1po?at_medium=RSS&at_campaign=rss
2026-01-13 16:39:19,279 - INFO - [BBC] Attempt 1/1: Trying with 'requests_browser' strategy...
2026-01-13 16:39:19,324 - INFO - [BBC] Success with 'requests_browser'. Found content (1148 words).
2026-01-13 16:39:19,359 - INFO - Duplicate article skipped: Iran protests: Eyewitnesses describe deadly crackdown across country from BBC
2026-01-13 16:39:19,631 - INFO - [The Guardian] Article: https://www.theguardian.com/books/2026/jan/12/chimamanda-ngozi-adichie-accuses-lagos-hospital-negligence-son-death
2026-01-13 16:39:19,632 - INFO - [The Guardian] Attempt 1/1: Trying with 'requests_browser' strategy...
2026-01-13 16:39:19,675 - INFO - [The Guardian] Success with 'requests_browser'. Found content (537 words).
2026-01-13 16:39:19,710 - INFO - Duplicate article skipped: Author Chimamanda Ngozi Adichie accuses Lagos hospital of negligence after son’s death | Chimamanda Ngozi Adichie | The Guardian from The Guardian
2026-01-13 16:39:20,218 - INFO - [BBC] Article: https://www.bbc.com/news/articles/c4g3kw5ezepo?at_medium=RSS&at_campaign=rss
2026-01-13 16:39:20,218 - INFO - [BBC] Attempt 1/1: Trying with 'requests_browser' strategy...
2026-01-13 16:39:20,277 - INFO - [BBC] Success with 'requests_browser'. Found content (601 words).
2026-01-13 16:39:20,323 - INFO - Saved article: Greenland chooses Denmark over US, island's PM Jens-Frederik Nielsen says from BBC
2026-01-13 16:39:20,887 - INFO - [The Guardian] Article: https://www.theguardian.com/global-development/2026/jan/09/the-gambia-female-genital-mutilation-fgm-supreme-court-case-overturn-ban
2026-01-13 16:39:20,887 - INFO - [The Guardian] Attempt 1/1: Trying with 'requests_browser' strategy...
2026-01-13 16:39:20,926 - INFO - [The Guardian] Success with 'requests_browser'. Found content (850 words).
2026-01-13 16:39:20,968 - INFO - Duplicate article skipped: Attempt to overturn the Gambia’s ban on FGM heard by supreme court | Global development | The Guardian from The Guardian
2026-01-13 16:39:21,313 - INFO - [BBC] Article: https://www.bbc.com/news/articles/c041dp0z95yo?at_medium=RSS&at_campaign=rss
2026-01-13 16:39:21,313 - INFO - [BBC] Attempt 1/1: Trying with 'requests_browser' strategy...
2026-01-13 16:39:21,353 - INFO - [BBC] Success with 'requests_browser'. Found content (779 words).
2026-01-13 16:39:21,393 - INFO - Duplicate article skipped: Jerome Powell: World central bank chiefs declare support for US Fed chair from BBC
2026-01-13 16:39:22,227 - INFO - [The Guardian] Article: https://www.theguardian.com/world/2026/jan/08/questions-targeting-impact-us-airstrikes-in-nigeria
2026-01-13 16:39:22,227 - INFO - [The Guardian] Attempt 1/1: Trying with 'requests_browser' strategy...
2026-01-13 16:39:22,265 - INFO - [The Guardian] Success with 'requests_browser'. Found content (795 words).
2026-01-13 16:39:22,304 - INFO - Duplicate article skipped: Two weeks on, questions linger over targeting and impact of US airstrikes in Nigeria | Nigeria | The Guardian from The Guardian
2026-01-13 16:39:22,433 - INFO - [BBC] Article: https://www.bbc.com/news/articles/c62vnvx2x2po?at_medium=RSS&at_campaign=rss
2026-01-13 16:39:22,433 - INFO - [BBC] Attempt 1/1: Trying with 'requests_browser' strategy...
2026-01-13 16:39:22,476 - INFO - [BBC] Success with 'requests_browser'. Found content (666 words).
2026-01-13 16:39:22,535 - INFO - Duplicate article skipped: Marine Le Pen hopeful appeal will allow her to run for French president from BBC
2026-01-13 16:39:23,133 - INFO - [The Guardian] Article: https://www.theguardian.com/environment/2026/jan/12/us-plan-to-exploit-venezuelas-oil-could-eat-up-13-of-carbon-budget-to-keep-15c-limit
2026-01-13 16:39:23,133 - INFO - [The Guardian] Attempt 1/1: Trying with 'requests_browser' strategy...
2026-01-13 16:39:23,175 - INFO - [The Guardian] Success with 'requests_browser'. Found content (579 words).
2026-01-13 16:39:23,220 - INFO - Duplicate article skipped: US plan to exploit Venezuela’s oil could eat up 13% of carbon budget to keep 1.5C limit | Climate crisis | The Guardian from The Guardian
2026-01-13 16:39:23,412 - INFO - [BBC] Article: https://www.bbc.com/news/articles/cq6vyqq5r0do?at_medium=RSS&at_campaign=rss
2026-01-13 16:39:23,412 - INFO - [BBC] Attempt 1/1: Trying with 'requests_browser' strategy...
2026-01-13 16:39:23,454 - INFO - [BBC] Success with 'requests_browser'. Found content (498 words).
2026-01-13 16:39:23,488 - INFO - Duplicate article skipped: Yoon Suk Yeol: S Korea prosecutors seek death penalty over failed insurrection attempt from BBC
2026-01-13 16:39:23,998 - INFO - [BBC] Article: https://www.bbc.com/news/articles/ce9yv4gmn9lo?at_medium=RSS&at_campaign=rss
2026-01-13 16:39:23,998 - INFO - [BBC] Attempt 1/1: Trying with 'requests_browser' strategy...
2026-01-13 16:39:24,047 - INFO - [BBC] Success with 'requests_browser'. Found content (1993 words).
2026-01-13 16:39:24,095 - INFO - Duplicate article skipped: How one woman lures foreign recruits to Russia’s front line in Ukraine from BBC
2026-01-13 16:39:24,269 - INFO - [The Guardian] Article: https://www.theguardian.com/world/2026/jan/12/trump-latin-america-feud-colombia-gustavo-petro
2026-01-13 16:39:24,269 - INFO - [The Guardian] Attempt 1/1: Trying with 'requests_browser' strategy...
2026-01-13 16:39:24,312 - INFO - [The Guardian] Success with 'requests_browser'. Found content (1373 words).
2026-01-13 16:39:24,351 - INFO - Duplicate article skipped: Trump’s other Latin American feud: why Colombia’s Petro is not Maduro | Colombia | The Guardian from The Guardian
2026-01-13 16:39:24,918 - INFO - Selenium driver initialized successfully.
2026-01-13 16:39:24,918 - INFO - Starting scrape for Times of India RSS feed: https://timesofindia.indiatimes.com/rssfeeds/296589292.cms
2026-01-13 16:39:24,919 - INFO - Selenium driver initialized successfully.
2026-01-13 16:39:24,919 - INFO - Starting scrape for The Hindu RSS feed: https://www.thehindu.com/news/national/feeder/default.rss
2026-01-13 16:39:25,090 - INFO - Found 20 articles in Times of India RSS feed. Processing up to 10.
2026-01-13 16:39:25,090 - INFO - [Times of India] Article: https://timesofindia.indiatimes.com/world/us/zohran-mamdani-outraged-after-venezuelan-origin-staff-detained-by-ice-gets-called-out-for-defending-illegal-alien/articleshow/126508585.cms
2026-01-13 16:39:25,090 - INFO - [Times of India] Attempt 1/1: Trying with 'selenium_browser' strategy...
2026-01-13 16:39:25,102 - INFO - Found 100 articles in The Hindu RSS feed. Processing up to 10.
2026-01-13 16:39:25,102 - INFO - [The Hindu] Article: https://www.thehindu.com/news/national/maharashtra/an-ai-tool-being-developed-with-iit-b-to-identify-illegal-bangladeshis-says-fadnavis/article70506591.ece
2026-01-13 16:39:25,102 - INFO - [The Hindu] Attempt 1/1: Trying with 'selenium_browser' strategy...
2026-01-13 16:39:25,434 - INFO - [BBC] Article: https://www.bbc.com/news/articles/cz0p9ld5egjo?at_medium=RSS&at_campaign=rss
2026-01-13 16:39:25,434 - INFO - [BBC] Attempt 1/1: Trying with 'requests_browser' strategy...
2026-01-13 16:39:25,476 - INFO - [BBC] Success with 'requests_browser'. Found content (221 words).
2026-01-13 16:39:25,524 - INFO - Saved article: Trump administration moves to end deportation protection known as TPS for Somalis from BBC
2026-01-13 16:39:25,652 - INFO - [The Guardian] Article: https://www.theguardian.com/us-news/2026/jan/12/us-oil-producers-global-supply-glut-venezuela
2026-01-13 16:39:25,652 - INFO - [The Guardian] Attempt 1/1: Trying with 'requests_browser' strategy...
2026-01-13 16:39:25,704 - INFO - [The Guardian] Success with 'requests_browser'. Found content (884 words).
2026-01-13 16:39:25,759 - INFO - Duplicate article skipped: US frackers were already facing a global oil supply glut. Trump’s Venezuelan dream could make it worse | US news | The Guardian from The Guardian
2026-01-13 16:39:26,234 - INFO - [BBC] Article: https://www.bbc.com/news/articles/c79rqzv1e7ro?at_medium=RSS&at_campaign=rss
2026-01-13 16:39:26,234 - INFO - [BBC] Attempt 1/1: Trying with 'requests_browser' strategy...
2026-01-13 16:39:26,304 - INFO - [BBC] Success with 'requests_browser'. Found content (1117 words).
2026-01-13 16:39:26,394 - INFO - Saved article: BTS stand to make $1bn as they announce mammoth comeback tour from BBC
2026-01-13 16:39:27,035 - INFO - [The Guardian] Article: https://www.theguardian.com/world/2026/jan/12/carney-heads-to-beijing-as-trump-america-first-agenda-forces-canada-into-trade-rethink
2026-01-13 16:39:27,035 - INFO - [The Guardian] Attempt 1/1: Trying with 'requests_browser' strategy...
2026-01-13 16:39:27,179 - INFO - [The Guardian] Success with 'requests_browser'. Found content (1253 words).
2026-01-13 16:39:27,284 - INFO - Duplicate article skipped: Carney heads to Beijing as Trump’s America First agenda forces Canada into trade rethink | Canada | The Guardian from The Guardian
2026-01-13 16:39:27,400 - INFO - [BBC] Article: https://www.bbc.com/news/articles/cr578g7v082o?at_medium=RSS&at_campaign=rss
2026-01-13 16:39:27,400 - INFO - [BBC] Attempt 1/1: Trying with 'requests_browser' strategy...
2026-01-13 16:39:27,584 - INFO - [BBC] Success with 'requests_browser'. Found content (490 words).
2026-01-13 16:39:27,749 - INFO - Duplicate article skipped: Mali's jihadist blockade: Niger revokes licences of tanker drivers who refuse to travel from BBC
2026-01-13 16:39:27,790 - INFO - [The Guardian] Article: https://www.theguardian.com/us-news/2026/jan/12/donald-trump-threatens-block-exxonmobil-venezuela
2026-01-13 16:39:27,790 - INFO - [The Guardian] Attempt 1/1: Trying with 'requests_browser' strategy...
2026-01-13 16:39:27,904 - INFO - [The Guardian] Success with 'requests_browser'. Found content (472 words).
2026-01-13 16:39:28,040 - INFO - Duplicate article skipped: Trump threatens to block ExxonMobil from Venezuela after CEO calls country ‘uninvestable’ | Trump administration | The Guardian from The Guardian
2026-01-13 16:39:32,245 - INFO - [The Hindu] Page content loaded.
2026-01-13 16:39:32,658 - INFO - [The Hindu] Success with 'selenium_browser'. Found content (921 words).
2026-01-13 16:39:33,057 - INFO - Saved article: An AI tool being developed with IIT-B to identify ‘illegal Bangladeshis’, says Fadnavis - The Hindu from The Hindu
2026-01-13 16:39:34,516 - INFO - [The Hindu] Article: https://www.thehindu.com/news/national/tamil-nadu/lok-bhavan-announces-winners-of-governors-awards-for-social-service-environmental-protection/article70504632.ece
2026-01-13 16:39:34,517 - INFO - [The Hindu] Attempt 1/1: Trying with 'selenium_browser' strategy...
2026-01-13 16:39:38,034 - INFO - [The Hindu] Page content loaded.
2026-01-13 16:39:38,411 - INFO - [The Hindu] Success with 'selenium_browser'. Found content (399 words).
2026-01-13 16:39:38,828 - INFO - Saved article: Lok Bhavan announces winners of Governor’s awards for social service, environmental protection - The Hindu from The Hindu
2026-01-13 16:39:40,131 - INFO - [The Hindu] Article: https://www.thehindu.com/news/national/kerala/round-table-on-cosmos-malabaricus-project-in-kochi/article70505789.ece
2026-01-13 16:39:40,131 - INFO - [The Hindu] Attempt 1/1: Trying with 'selenium_browser' strategy...
2026-01-13 16:39:43,240 - INFO - [The Hindu] Page content loaded.
2026-01-13 16:39:43,468 - INFO - [The Hindu] Success with 'selenium_browser'. Found content (134 words).
2026-01-13 16:39:43,570 - INFO - Saved article: Round table on Cosmos Malabaricus project in Kochi - The Hindu from The Hindu
2026-01-13 16:39:44,274 - INFO - [The Hindu] Article: https://www.thehindu.com/news/national/jharkhand/aditya-sahu-set-to-take-over-as-jharkhand-bjp-president/article70506425.ece
2026-01-13 16:39:44,274 - INFO - [The Hindu] Attempt 1/1: Trying with 'selenium_browser' strategy...
2026-01-13 16:39:45,197 - INFO - [The Hindu] Page content loaded.
2026-01-13 16:39:45,248 - INFO - [The Hindu] Success with 'selenium_browser'. Found content (325 words).
2026-01-13 16:39:45,339 - INFO - Saved article: Aditya Sahu set to take over as Jharkhand BJP president - The Hindu from The Hindu
2026-01-13 16:39:46,253 - INFO - [The Hindu] Article: https://www.thehindu.com/news/national/can-election-commission-exclude-voters-from-rolls-even-before-centre-takes-a-call-on-citizenship-sc-asks/article70506030.ece
2026-01-13 16:39:46,253 - INFO - [The Hindu] Attempt 1/1: Trying with 'selenium_browser' strategy...
2026-01-13 16:39:47,253 - INFO - [The Hindu] Page content loaded.
2026-01-13 16:39:47,330 - INFO - [The Hindu] Success with 'selenium_browser'. Found content (595 words).
2026-01-13 16:39:47,423 - INFO - Saved article: Can Election Commission exclude voters from rolls even before Centre takes a call on citizenship, SC asks - The Hindu from The Hindu
2026-01-13 16:39:48,638 - INFO - [The Hindu] Article: https://www.thehindu.com/news/national/watch-rahul-gandhi-on-khatam-tata-bye-meme/article70506187.ece
2026-01-13 16:39:48,639 - INFO - [The Hindu] Attempt 1/1: Trying with 'selenium_browser' strategy...
2026-01-13 16:39:59,675 - WARNING - [The Hindu] Page timed out (10s). No <p> tags found. Proceeding anyway.
2026-01-13 16:39:59,837 - WARNING - [The Hindu] FAILED with 'selenium_browser' (content was too short: 46 words).
2026-01-13 16:39:59,837 - ERROR - [The Hindu] All scrape strategies failed for https://www.thehindu.com/news/national/watch-rahul-gandhi-on-khatam-tata-bye-meme/article70506187.ece. Falling back to RSS description.
2026-01-13 16:39:59,839 - INFO - Saved article: Watch: Rahul Gandhi on ‘Khatam Tata Bye’ meme from The Hindu
2026-01-13 16:40:00,889 - INFO - [The Hindu] Article: https://www.thehindu.com/news/national/kerala/dr-r-ramesh-from-kerala-is-the-new-national-vice-president-of-ima/article70506430.ece
2026-01-13 16:40:00,889 - INFO - [The Hindu] Attempt 1/1: Trying with 'selenium_browser' strategy...
2026-01-13 16:40:01,489 - INFO - [The Hindu] Page content loaded.
2026-01-13 16:40:01,535 - WARNING - [The Hindu] FAILED with 'selenium_browser' (content was too short: 64 words).
2026-01-13 16:40:01,535 - ERROR - [The Hindu] All scrape strategies failed for https://www.thehindu.com/news/national/kerala/dr-r-ramesh-from-kerala-is-the-new-national-vice-president-of-ima/article70506430.ece. Falling back to RSS description.
2026-01-13 16:40:01,537 - INFO - Saved article: Dr. R. Ramesh from Kerala is the new national vice-president of IMA from The Hindu
2026-01-13 16:40:02,179 - INFO - [The Hindu] Article: https://www.thehindu.com/news/national/kerala/protest-intensifies-against-toll-collection-at-kumbala-arikkady-toll-plaza/article70505916.ece
2026-01-13 16:40:02,179 - INFO - [The Hindu] Attempt 1/1: Trying with 'selenium_browser' strategy...
2026-01-13 16:40:03,555 - INFO - [The Hindu] Page content loaded.
2026-01-13 16:40:03,619 - INFO - [The Hindu] Success with 'selenium_browser'. Found content (480 words).
2026-01-13 16:40:03,722 - INFO - Saved article: Protest intensifies against toll collection at Kumbala-Arikkady toll plaza - The Hindu from The Hindu
2026-01-13 16:40:04,594 - INFO - [The Hindu] Article: https://www.thehindu.com/news/national/manipur/kuki-zos-to-hold-rally-to-push-for-separate-administration/article70505978.ece
2026-01-13 16:40:04,594 - INFO - [The Hindu] Attempt 1/1: Trying with 'selenium_browser' strategy...
2026-01-13 16:40:06,370 - INFO - [The Hindu] Page content loaded.
2026-01-13 16:40:06,577 - INFO - [The Hindu] Success with 'selenium_browser'. Found content (396 words).
2026-01-13 16:40:06,661 - INFO - Saved article: Kuki-Zos to hold rally to push for separate administration - The Hindu from The Hindu
2026-01-13 16:40:07,749 - INFO - [The Hindu] Article: https://www.thehindu.com/news/national/kerala/mayor-unveils-50-day-action-plan-for-kochi/article70505753.ece
2026-01-13 16:40:07,749 - INFO - [The Hindu] Attempt 1/1: Trying with 'selenium_browser' strategy...
2026-01-13 16:40:08,604 - INFO - [The Hindu] Page content loaded.
2026-01-13 16:40:08,689 - INFO - [The Hindu] Success with 'selenium_browser'. Found content (557 words).
2026-01-13 16:40:08,786 - INFO - Saved article: Mayor unveils 50-day action plan for Kochi - The Hindu from The Hindu
2026-01-13 16:40:10,020 - INFO - [The Hindu] (Thread) Finished. Attempting to shut down its Selenium driver.
2026-01-13 16:40:10,156 - INFO - [The Hindu] (Thread) driver.quit() successful.
2026-01-13 16:41:25,191 - ERROR - [Times of India] Request failed for strategy 'selenium_browser' on URL https://timesofindia.indiatimes.com/world/us/zohran-mamdani-outraged-after-venezuelan-origin-staff-detained-by-ice-gets-called-out-for-defending-illegal-alien/articleshow/126508585.cms: HTTPConnectionPool(host='localhost', port=55955): Read timed out. (read timeout=120)
2026-01-13 16:41:25,191 - ERROR - [Times of India] All scrape strategies failed for https://timesofindia.indiatimes.com/world/us/zohran-mamdani-outraged-after-venezuelan-origin-staff-detained-by-ice-gets-called-out-for-defending-illegal-alien/articleshow/126508585.cms. Falling back to RSS description.
2026-01-13 16:41:25,194 - INFO - Saved article: Zohran Mamdani 'outraged' after Venezuelan-origin staff detained by ICE; gets called out for defending 'illegal alien' from Times of India
2026-01-13 16:41:26,093 - INFO - [Times of India] Article: https://timesofindia.indiatimes.com/world/us/meet-stephen-spencer-pittman-teen-baseball-player-jailed-for-burning-a-mississippi-synagogue-under-influence-of-online-hate/articleshow/126508168.cms
2026-01-13 16:41:26,094 - INFO - [Times of India] Attempt 1/1: Trying with 'selenium_browser' strategy...
2026-01-13 16:43:26,195 - ERROR - [Times of India] Request failed for strategy 'selenium_browser' on URL https://timesofindia.indiatimes.com/world/us/meet-stephen-spencer-pittman-teen-baseball-player-jailed-for-burning-a-mississippi-synagogue-under-influence-of-online-hate/articleshow/126508168.cms: HTTPConnectionPool(host='localhost', port=55955): Read timed out. (read timeout=120)
2026-01-13 16:43:26,195 - ERROR - [Times of India] All scrape strategies failed for https://timesofindia.indiatimes.com/world/us/meet-stephen-spencer-pittman-teen-baseball-player-jailed-for-burning-a-mississippi-synagogue-under-influence-of-online-hate/articleshow/126508168.cms. Falling back to RSS description.
2026-01-13 16:43:26,196 - INFO - Saved article: Meet Stephen Spencer Pittman: Teen baseball player jailed for burning a Mississippi synagogue under influence of online hate from Times of India
2026-01-13 16:43:26,780 - INFO - [Times of India] Article: https://timesofindia.indiatimes.com/world/us/keep-protesting-take-over-your-institution-trump-invokes-miga-suspends-meetings-with-iranian-officials/articleshow/126507878.cms
2026-01-13 16:43:26,780 - INFO - [Times of India] Attempt 1/1: Trying with 'selenium_browser' strategy...
2026-01-13 16:44:17,853 - CRITICAL - --- TIMEOUT: 1 scrape jobs did not complete in 300s. ---
2026-01-13 16:44:17,853 - ERROR - A thread has timed out and will be abandoned.
2026-01-13 16:44:17,853 - INFO - Shutting down thread pool (wait=False)...
2026-01-13 16:44:17,853 - INFO - Scraped: 3 BBC, 1 The Guardian, 10 The Hindu, 1 Timed_Out_Jobs articles. (Total saved: 14)
2026-01-13 16:44:17,853 - INFO - --- Scraping job finished ---
2026-01-13 16:44:17,853 - INFO - --- Scraper service stopped and database connection closed. ---
2026-01-13 16:44:17,854 - INFO - --- Main thread finished. Forcing process exit to kill zombie threads. ---
