2025-12-17 08:37:12,496 - INFO - Initializing database connection at: news_articles.db
2025-12-17 08:37:12,496 - INFO - --- Scraper service started (CI Mode: Run Once) ---
2025-12-17 08:37:12,496 - INFO - --- Starting new scraping job (Parallel Mode) ---
2025-12-17 08:37:12,496 - INFO - Creating new robust session with 3 retries on 5xx/connection/read errors.
2025-12-17 08:37:12,496 - INFO - Proxy is DISABLED.
2025-12-17 08:37:12,497 - INFO - Starting scrape for BBC RSS feed: http://feeds.bbci.co.uk/news/world/rss.xml
2025-12-17 08:37:12,497 - INFO - [Times of India] (Thread) requires Selenium. Initializing driver...
2025-12-17 08:37:12,497 - INFO - Initializing headless Selenium Chrome driver (using SeleniumManager)...
2025-12-17 08:37:12,497 - INFO - Starting scrape for The Guardian RSS feed: https://www.theguardian.com/world/rss
2025-12-17 08:37:12,498 - INFO - [The Hindu] (Thread) requires Selenium. Initializing driver...
2025-12-17 08:37:12,498 - INFO - Initializing headless Selenium Chrome driver (using SeleniumManager)...
2025-12-17 08:37:12,499 - INFO - Submitted 4 jobs to thread pool. Waiting up to 300s for completion...
2025-12-17 08:37:12,595 - INFO - Found 45 articles in The Guardian RSS feed. Processing up to 10.
2025-12-17 08:37:12,595 - INFO - [The Guardian] Article: https://www.theguardian.com/world/2025/dec/16/five-key-moments-in-the-assault-on-the-rights-of-women-and-girls-in-2025
2025-12-17 08:37:12,595 - INFO - [The Guardian] Attempt 1/1: Trying with 'requests_browser' strategy...
2025-12-17 08:37:12,685 - INFO - [The Guardian] Success with 'requests_browser'. Found content (914 words).
2025-12-17 08:37:12,727 - INFO - Duplicate article skipped: Five key moments in the assault on the rights of women and girls in 2025 | Anti-rights movement | The Guardian from The Guardian
2025-12-17 08:37:12,910 - INFO - Found 40 articles in BBC RSS feed. Processing up to 10.
2025-12-17 08:37:12,911 - INFO - [BBC] Article: https://www.bbc.com/news/articles/c98nm1ry38jo?at_medium=RSS&at_campaign=rss
2025-12-17 08:37:12,911 - INFO - [BBC] Attempt 1/1: Trying with 'requests_browser' strategy...
2025-12-17 08:37:13,313 - INFO - [BBC] Success with 'requests_browser'. Found content (654 words).
2025-12-17 08:37:13,349 - INFO - Duplicate article skipped: Bondi shooting suspect Naveed Akram charged with 15 counts of murder from BBC
2025-12-17 08:37:13,590 - INFO - [The Guardian] Article: https://www.theguardian.com/world/2025/dec/16/south-africa-russia-men-tricked-fighting-ukraine
2025-12-17 08:37:13,590 - INFO - [The Guardian] Attempt 1/1: Trying with 'requests_browser' strategy...
2025-12-17 08:37:13,610 - INFO - [The Guardian] Success with 'requests_browser'. Found content (503 words).
2025-12-17 08:37:13,643 - INFO - Duplicate article skipped: South Africa in talks with Russia over men ‘tricked’ into fighting in Ukraine | South Africa | The Guardian from The Guardian
2025-12-17 08:37:14,208 - INFO - [BBC] Article: https://www.bbc.com/news/articles/cx2341yx719o?at_medium=RSS&at_campaign=rss
2025-12-17 08:37:14,208 - INFO - [BBC] Attempt 1/1: Trying with 'requests_browser' strategy...
2025-12-17 08:37:14,316 - INFO - [BBC] Success with 'requests_browser'. Found content (810 words).
2025-12-17 08:37:14,354 - INFO - Duplicate article skipped: Boris and Sofia Gurman: Hero couple tried to stop gunman before being killed in Bondi attack from BBC
2025-12-17 08:37:14,660 - INFO - [The Guardian] Article: https://www.theguardian.com/world/2025/dec/16/libya-national-museum-reopens
2025-12-17 08:37:14,660 - INFO - [The Guardian] Attempt 1/1: Trying with 'requests_browser' strategy...
2025-12-17 08:37:14,689 - INFO - [The Guardian] Success with 'requests_browser'. Found content (1229 words).
2025-12-17 08:37:14,728 - INFO - Duplicate article skipped: Libya looks to its past to build a new future as national museum reopens | Libya | The Guardian from The Guardian
2025-12-17 08:37:14,935 - INFO - [BBC] Article: https://www.bbc.com/news/articles/c4gej5ezyypo?at_medium=RSS&at_campaign=rss
2025-12-17 08:37:14,935 - INFO - [BBC] Attempt 1/1: Trying with 'requests_browser' strategy...
2025-12-17 08:37:14,960 - INFO - [BBC] Success with 'requests_browser'. Found content (462 words).
2025-12-17 08:37:15,009 - INFO - Duplicate article skipped: Trump says he's ordering blockade on oil tankers in and out of Venezuela from BBC
2025-12-17 08:37:15,747 - INFO - [The Guardian] Article: https://www.theguardian.com/education/2025/dec/14/ghana-students-uk-universities-face-deportion-funding-crisis
2025-12-17 08:37:15,747 - INFO - [The Guardian] Attempt 1/1: Trying with 'requests_browser' strategy...
2025-12-17 08:37:15,771 - INFO - [The Guardian] Success with 'requests_browser'. Found content (604 words).
2025-12-17 08:37:15,807 - INFO - Duplicate article skipped: Ghanaian students at UK universities face deportation amid funding crisis | International students | The Guardian from The Guardian
2025-12-17 08:37:16,497 - INFO - [BBC] Article: https://www.bbc.com/news/articles/c5yjv5md3jzo?at_medium=RSS&at_campaign=rss
2025-12-17 08:37:16,497 - INFO - [BBC] Attempt 1/1: Trying with 'requests_browser' strategy...
2025-12-17 08:37:16,527 - INFO - [BBC] Success with 'requests_browser'. Found content (574 words).
2025-12-17 08:37:16,562 - INFO - Duplicate article skipped: Nick Reiner charged with his parents Rob and Michele murders from BBC
2025-12-17 08:37:16,701 - INFO - [The Guardian] Article: https://www.theguardian.com/science/2025/dec/15/little-foot-hominin-fossil-may-be-new-species-of-human-ancestor
2025-12-17 08:37:16,701 - INFO - [The Guardian] Attempt 1/1: Trying with 'requests_browser' strategy...
2025-12-17 08:37:16,724 - INFO - [The Guardian] Success with 'requests_browser'. Found content (553 words).
2025-12-17 08:37:16,762 - INFO - Duplicate article skipped: Little Foot hominin fossil may be new species of human ancestor | Evolution | The Guardian from The Guardian
2025-12-17 08:37:17,222 - INFO - [BBC] Article: https://www.bbc.com/news/articles/c4gkvxlpn55o?at_medium=RSS&at_campaign=rss
2025-12-17 08:37:17,222 - INFO - [BBC] Attempt 1/1: Trying with 'requests_browser' strategy...
2025-12-17 08:37:17,252 - INFO - [BBC] Success with 'requests_browser'. Found content (443 words).
2025-12-17 08:37:17,316 - INFO - Duplicate article skipped: Trump expands US travel ban to new countries from BBC
2025-12-17 08:37:17,882 - INFO - [The Guardian] Article: https://www.theguardian.com/us-news/2025/dec/16/trump-orders-blockade-oil-tankers-venezuela
2025-12-17 08:37:17,883 - INFO - [The Guardian] Attempt 1/1: Trying with 'requests_browser' strategy...
2025-12-17 08:37:17,905 - INFO - [The Guardian] Success with 'requests_browser'. Found content (816 words).
2025-12-17 08:37:17,952 - INFO - Duplicate article skipped: Trump orders blockade of sanctioned oil tankers entering and leaving Venezuela | Donald Trump | The Guardian from The Guardian
2025-12-17 08:37:18,431 - INFO - [BBC] Article: https://www.bbc.com/news/articles/cde657xj3pxo?at_medium=RSS&at_campaign=rss
2025-12-17 08:37:18,431 - INFO - [BBC] Attempt 1/1: Trying with 'requests_browser' strategy...
2025-12-17 08:37:18,458 - INFO - [BBC] Success with 'requests_browser'. Found content (602 words).
2025-12-17 08:37:18,494 - INFO - Saved article: Miss Finland's viral 'slanted-eyes' photo stirs racism firestorm from BBC
2025-12-17 08:37:19,166 - INFO - [The Guardian] Article: https://www.theguardian.com/world/2025/dec/16/pentagon-wont-release-full-video-caribbean-attack
2025-12-17 08:37:19,166 - INFO - [The Guardian] Attempt 1/1: Trying with 'requests_browser' strategy...
2025-12-17 08:37:19,187 - INFO - [The Guardian] Success with 'requests_browser'. Found content (945 words).
2025-12-17 08:37:19,220 - INFO - Duplicate article skipped: Pentagon won’t release full video of Caribbean strike that killed two people, Hegseth says | Venezuela | The Guardian from The Guardian
2025-12-17 08:37:19,775 - INFO - [BBC] Article: https://www.bbc.com/news/articles/c75vkw4veq1o?at_medium=RSS&at_campaign=rss
2025-12-17 08:37:19,775 - INFO - [BBC] Attempt 1/1: Trying with 'requests_browser' strategy...
2025-12-17 08:37:19,805 - INFO - [BBC] Success with 'requests_browser'. Found content (715 words).
2025-12-17 08:37:19,850 - INFO - Saved article: DJ Warras: South African DJ shot dead in Johannesburg from BBC
2025-12-17 08:37:20,398 - INFO - Selenium driver initialized successfully.
2025-12-17 08:37:20,398 - INFO - Starting scrape for Times of India RSS feed: https://timesofindia.indiatimes.com/rssfeeds/296589292.cms
2025-12-17 08:37:20,399 - INFO - Selenium driver initialized successfully.
2025-12-17 08:37:20,400 - INFO - Starting scrape for The Hindu RSS feed: https://www.thehindu.com/news/national/feeder/default.rss
2025-12-17 08:37:20,516 - INFO - Found 100 articles in The Hindu RSS feed. Processing up to 10.
2025-12-17 08:37:20,516 - INFO - [The Hindu] Article: https://www.thehindu.com/news/national/telangana/hyderabad-mans-involvement-in-australia-shooting-insult-to-india-telangana-bjp-chief/article70406577.ece
2025-12-17 08:37:20,516 - INFO - [The Hindu] Attempt 1/1: Trying with 'selenium_browser' strategy...
2025-12-17 08:37:20,549 - INFO - Found 20 articles in Times of India RSS feed. Processing up to 10.
2025-12-17 08:37:20,549 - INFO - [Times of India] Article: https://timesofindia.indiatimes.com/world/middle-east/jeddah-university-2026-postgraduate-admissions-programs-fees-and-how-to-apply/articleshow/126032632.cms
2025-12-17 08:37:20,549 - INFO - [Times of India] Attempt 1/1: Trying with 'selenium_browser' strategy...
2025-12-17 08:37:20,647 - INFO - [BBC] Article: https://www.bbc.com/news/articles/c8dy532193do?at_medium=RSS&at_campaign=rss
2025-12-17 08:37:20,647 - INFO - [BBC] Attempt 1/1: Trying with 'requests_browser' strategy...
2025-12-17 08:37:20,653 - INFO - [The Guardian] Article: https://www.theguardian.com/world/2025/dec/16/gulf-clan-colombia-us-terrorist-organization
2025-12-17 08:37:20,653 - INFO - [The Guardian] Attempt 1/1: Trying with 'requests_browser' strategy...
2025-12-17 08:37:20,684 - INFO - [BBC] Success with 'requests_browser'. Found content (849 words).
2025-12-17 08:37:20,722 - INFO - [The Guardian] Success with 'requests_browser'. Found content (488 words).
2025-12-17 08:37:20,770 - INFO - Duplicate article skipped: Susie Wiles: Trump's chief of staff hits back at Vanity Fair 'hit piece' from BBC
2025-12-17 08:37:20,805 - INFO - Duplicate article skipped: US designates Colombia’s biggest drug cartel Gulf Clan as terrorist organization | Colombia | The Guardian from The Guardian
2025-12-17 08:37:21,299 - INFO - [BBC] Article: https://www.bbc.com/news/articles/crk78y7k8ezo?at_medium=RSS&at_campaign=rss
2025-12-17 08:37:21,299 - INFO - [BBC] Attempt 1/1: Trying with 'requests_browser' strategy...
2025-12-17 08:37:21,344 - INFO - [BBC] Success with 'requests_browser'. Found content (710 words).
2025-12-17 08:37:21,432 - INFO - Duplicate article skipped: EU waters down plans to end new petrol and diesel car sales by 2035 from BBC
2025-12-17 08:37:21,731 - INFO - [The Guardian] Article: https://www.theguardian.com/world/2025/dec/16/hay-festival-maria-corina-machado
2025-12-17 08:37:21,732 - INFO - [The Guardian] Attempt 1/1: Trying with 'requests_browser' strategy...
2025-12-17 08:37:21,772 - INFO - [The Guardian] Success with 'requests_browser'. Found content (615 words).
2025-12-17 08:37:21,844 - INFO - Duplicate article skipped: At least three authors withdraw from Hay festival in protest at Machado invite | María Corina Machado | The Guardian from The Guardian
2025-12-17 08:37:22,235 - INFO - [BBC] Article: https://www.bbc.com/news/articles/c75veyzz2g2o?at_medium=RSS&at_campaign=rss
2025-12-17 08:37:22,235 - INFO - [BBC] Attempt 1/1: Trying with 'requests_browser' strategy...
2025-12-17 08:37:22,299 - INFO - [BBC] Success with 'requests_browser'. Found content (540 words).
2025-12-17 08:37:22,401 - INFO - Duplicate article skipped: Sudan conflict: RSF trying to cover up mass killings in el-Fasher, Yale University researchers say from BBC
2025-12-17 08:37:23,100 - INFO - [The Guardian] Article: https://www.theguardian.com/world/2025/dec/16/mark-carney-british-spellings-canada
2025-12-17 08:37:23,101 - INFO - [The Guardian] Attempt 1/1: Trying with 'requests_browser' strategy...
2025-12-17 08:37:23,181 - INFO - [The Guardian] Success with 'requests_browser'. Found content (476 words).
2025-12-17 08:37:23,287 - INFO - Duplicate article skipped: Mark Carney criticised for using British spellings in Canadian documents | Mark Carney | The Guardian from The Guardian
2025-12-17 08:37:24,441 - INFO - [The Hindu] Page content loaded.
2025-12-17 08:37:24,616 - INFO - [The Hindu] Success with 'selenium_browser'. Found content (301 words).
2025-12-17 08:37:24,799 - INFO - Saved article: Hyderabad man’s involvement in Australia shooting 'insult' to India: Telangana BJP chief - The Hindu from The Hindu
2025-12-17 08:37:25,323 - INFO - [The Hindu] Article: https://www.thehindu.com/news/national/delhi-chennai-fog-flight-cancellations-december-17-2025/article70406376.ece
2025-12-17 08:37:25,323 - INFO - [The Hindu] Attempt 1/1: Trying with 'selenium_browser' strategy...
2025-12-17 08:37:28,997 - INFO - [The Hindu] Page content loaded.
2025-12-17 08:37:29,229 - INFO - [The Hindu] Success with 'selenium_browser'. Found content (357 words).
2025-12-17 08:37:29,540 - INFO - Saved article: 10 flights cancelled at Delhi’s IGI Airport due to low visibility - The Hindu from The Hindu
2025-12-17 08:37:30,504 - INFO - [The Hindu] Article: https://www.thehindu.com/news/national/supreme-court-asks-centre-scba-to-suggest-measures-to-prevent-incidents-like-attack-on-cji/article70406496.ece
2025-12-17 08:37:30,504 - INFO - [The Hindu] Attempt 1/1: Trying with 'selenium_browser' strategy...
2025-12-17 08:37:35,381 - INFO - [The Hindu] Page content loaded.
2025-12-17 08:37:35,688 - INFO - [The Hindu] Success with 'selenium_browser'. Found content (407 words).
2025-12-17 08:37:35,995 - INFO - Saved article: Supreme Court asks Centre, SCBA to suggest measures to prevent incidents like attack on CJI - The Hindu from The Hindu
2025-12-17 08:37:37,005 - INFO - [The Hindu] Article: https://www.thehindu.com/news/national/kerala/two-youths-killed-in-motorcycle-accident-near-kozhikode-beach-in-kerala/article70406107.ece
2025-12-17 08:37:37,005 - INFO - [The Hindu] Attempt 1/1: Trying with 'selenium_browser' strategy...
2025-12-17 08:37:39,234 - INFO - [The Hindu] Page content loaded.
2025-12-17 08:37:39,286 - INFO - [The Hindu] Success with 'selenium_browser'. Found content (109 words).
2025-12-17 08:37:39,369 - INFO - Saved article: Two youths killed in motorcycle accident near Kozhikode beach in Kerala - The Hindu from The Hindu
2025-12-17 08:37:40,519 - INFO - [The Hindu] Article: https://www.thehindu.com/news/national/bihar/bihar-officials-struggle-to-recover-10000-wrongly-credited-to-men-under-women-only-scheme/article70406465.ece
2025-12-17 08:37:40,519 - INFO - [The Hindu] Attempt 1/1: Trying with 'selenium_browser' strategy...
2025-12-17 08:37:41,449 - INFO - [The Hindu] Page content loaded.
2025-12-17 08:37:41,507 - INFO - [The Hindu] Success with 'selenium_browser'. Found content (402 words).
2025-12-17 08:37:41,574 - INFO - Saved article: Bihar officials struggle to recover ₹10,000 wrongly credited to men under women-only scheme - The Hindu from The Hindu
2025-12-17 08:37:42,128 - INFO - [The Hindu] Article: https://www.thehindu.com/news/national/maharashtra/prithviraj-chavan-refuses-to-apologise-on-op-sindoor-remarks-says-constitution-gives-him-right-to-ask-questions/article70406517.ece
2025-12-17 08:37:42,128 - INFO - [The Hindu] Attempt 1/1: Trying with 'selenium_browser' strategy...
2025-12-17 08:37:42,919 - INFO - [The Hindu] Page content loaded.
2025-12-17 08:37:43,137 - INFO - [The Hindu] Success with 'selenium_browser'. Found content (291 words).
2025-12-17 08:37:43,222 - INFO - Saved article: Prithviraj Chavan refuses to apologise on Op. Sindoor remarks, says ‘Constitution gives him right to ask questions’ - The Hindu from The Hindu
2025-12-17 08:37:44,602 - INFO - [The Hindu] Article: https://www.thehindu.com/news/national/india-ethiopia-natural-partners-in-regional-peace-security-connectivity-pm-modi/article70406448.ece
2025-12-17 08:37:44,602 - INFO - [The Hindu] Attempt 1/1: Trying with 'selenium_browser' strategy...
2025-12-17 08:37:45,396 - INFO - [The Hindu] Page content loaded.
2025-12-17 08:37:45,541 - INFO - [The Hindu] Success with 'selenium_browser'. Found content (178 words).
2025-12-17 08:37:45,624 - INFO - Saved article: India, Ethiopia natural partners in regional peace, security, connectivity: PM Modi - The Hindu from The Hindu
2025-12-17 08:37:46,278 - INFO - [The Hindu] Article: https://www.thehindu.com/news/cities/Mangalore/elephant-task-force-in-dakshina-kannada-will-be-functional-in-a-week-forest-minister/article70406382.ece
2025-12-17 08:37:46,278 - INFO - [The Hindu] Attempt 1/1: Trying with 'selenium_browser' strategy...
2025-12-17 08:37:48,787 - INFO - [The Hindu] Page content loaded.
2025-12-17 08:37:48,858 - INFO - [The Hindu] Success with 'selenium_browser'. Found content (301 words).
2025-12-17 08:37:48,927 - INFO - Saved article: Elephant task force in Dakshina Kannada will be functional in a week: Forest Minister - The Hindu from The Hindu
2025-12-17 08:37:50,149 - INFO - [The Hindu] Article: https://www.thehindu.com/news/national/jharkhand/five-trampled-to-death-by-wild-elephants-in-jharkhand/article70406193.ece
2025-12-17 08:37:50,149 - INFO - [The Hindu] Attempt 1/1: Trying with 'selenium_browser' strategy...
2025-12-17 08:37:50,928 - INFO - [The Hindu] Page content loaded.
2025-12-17 08:37:51,080 - INFO - [The Hindu] Success with 'selenium_browser'. Found content (191 words).
2025-12-17 08:37:51,139 - INFO - Saved article: Five trampled to death by wild elephants in Jharkhand - The Hindu from The Hindu
2025-12-17 08:37:52,327 - INFO - [The Hindu] Article: https://www.thehindu.com/business/Economy/global-trade-getting-weaponised-through-tariffs-nirmala-sitharaman/article70406337.ece
2025-12-17 08:37:52,327 - INFO - [The Hindu] Attempt 1/1: Trying with 'selenium_browser' strategy...
2025-12-17 08:37:53,726 - INFO - [The Hindu] Page content loaded.
2025-12-17 08:37:54,701 - INFO - [The Hindu] Success with 'selenium_browser'. Found content (279 words).
2025-12-17 08:37:54,777 - INFO - Saved article: Global trade getting weaponised through tariffs: Nirmala Sitharaman - The Hindu from The Hindu
2025-12-17 08:37:56,224 - INFO - [The Hindu] (Thread) Finished. Attempting to shut down its Selenium driver.
2025-12-17 08:37:56,408 - INFO - [The Hindu] (Thread) driver.quit() successful.
2025-12-17 08:39:20,650 - ERROR - [Times of India] Request failed for strategy 'selenium_browser' on URL https://timesofindia.indiatimes.com/world/middle-east/jeddah-university-2026-postgraduate-admissions-programs-fees-and-how-to-apply/articleshow/126032632.cms: HTTPConnectionPool(host='localhost', port=48595): Read timed out. (read timeout=120)
2025-12-17 08:39:20,650 - ERROR - [Times of India] All scrape strategies failed for https://timesofindia.indiatimes.com/world/middle-east/jeddah-university-2026-postgraduate-admissions-programs-fees-and-how-to-apply/articleshow/126032632.cms. Falling back to RSS description.
2025-12-17 08:39:20,652 - INFO - Saved article: Jeddah University 2026 Postgraduate Admissions: Programs, fees and how to apply from Times of India
2025-12-17 08:39:21,186 - INFO - [Times of India] Article: https://timesofindia.indiatimes.com/world/middle-east/uae-dubai-uses-drones-to-clean-traffic-signals-in-rta-pilot-project/articleshow/126032144.cms
2025-12-17 08:39:21,186 - INFO - [Times of India] Attempt 1/1: Trying with 'selenium_browser' strategy...
2025-12-17 08:41:21,240 - ERROR - [Times of India] Request failed for strategy 'selenium_browser' on URL https://timesofindia.indiatimes.com/world/middle-east/uae-dubai-uses-drones-to-clean-traffic-signals-in-rta-pilot-project/articleshow/126032144.cms: HTTPConnectionPool(host='localhost', port=48595): Read timed out. (read timeout=120)
2025-12-17 08:41:21,240 - ERROR - [Times of India] All scrape strategies failed for https://timesofindia.indiatimes.com/world/middle-east/uae-dubai-uses-drones-to-clean-traffic-signals-in-rta-pilot-project/articleshow/126032144.cms. Falling back to RSS description.
2025-12-17 08:41:21,241 - INFO - Duplicate article skipped: UAE: Dubai uses drones to clean traffic signals in RTA pilot project from Times of India
2025-12-17 08:41:21,915 - INFO - [Times of India] Article: https://timesofindia.indiatimes.com/world/middle-east/saudi-arabia-hit-by-4-3-magnitude-earthquake-as-region-records-fourth-tremor-in-2025/articleshow/126031842.cms
2025-12-17 08:41:21,915 - INFO - [Times of India] Attempt 1/1: Trying with 'selenium_browser' strategy...
2025-12-17 08:42:12,499 - CRITICAL - --- TIMEOUT: 1 scrape jobs did not complete in 300s. ---
2025-12-17 08:42:12,499 - ERROR - A thread has timed out and will be abandoned.
2025-12-17 08:42:12,499 - INFO - Shutting down thread pool (wait=False)...
2025-12-17 08:42:12,499 - INFO - Scraped: 0 The Guardian, 10 The Hindu, 2 BBC, 1 Timed_Out_Jobs articles. (Total saved: 12)
2025-12-17 08:42:12,499 - INFO - --- Scraping job finished ---
2025-12-17 08:42:12,499 - INFO - --- Scraper service stopped and database connection closed. ---
2025-12-17 08:42:12,500 - INFO - --- Main thread finished. Forcing process exit to kill zombie threads. ---
