2025-12-07 04:36:13,916 - INFO - Initializing database connection at: news_articles.db
2025-12-07 04:36:13,916 - INFO - --- Scraper service started (CI Mode: Run Once) ---
2025-12-07 04:36:13,916 - INFO - --- Starting new scraping job (Parallel Mode) ---
2025-12-07 04:36:13,916 - INFO - Creating new robust session with 3 retries on 5xx/connection/read errors.
2025-12-07 04:36:13,917 - INFO - Proxy is DISABLED.
2025-12-07 04:36:13,917 - INFO - Starting scrape for BBC RSS feed: http://feeds.bbci.co.uk/news/world/rss.xml
2025-12-07 04:36:13,917 - INFO - [Times of India] (Thread) requires Selenium. Initializing driver...
2025-12-07 04:36:13,917 - INFO - Initializing headless Selenium Chrome driver (using SeleniumManager)...
2025-12-07 04:36:13,918 - INFO - Starting scrape for The Guardian RSS feed: https://www.theguardian.com/world/rss
2025-12-07 04:36:13,918 - INFO - [The Hindu] (Thread) requires Selenium. Initializing driver...
2025-12-07 04:36:13,918 - INFO - Initializing headless Selenium Chrome driver (using SeleniumManager)...
2025-12-07 04:36:13,918 - INFO - Submitted 4 jobs to thread pool. Waiting up to 300s for completion...
2025-12-07 04:36:14,000 - INFO - Found 45 articles in The Guardian RSS feed. Processing up to 10.
2025-12-07 04:36:14,000 - INFO - [The Guardian] Article: https://www.theguardian.com/world/2025/dec/06/gunmen-kill-pretoria-south-african-hostel
2025-12-07 04:36:14,000 - INFO - [The Guardian] Attempt 1/1: Trying with 'requests_browser' strategy...
2025-12-07 04:36:14,030 - INFO - [The Guardian] Success with 'requests_browser'. Found content (285 words).
2025-12-07 04:36:14,064 - INFO - Duplicate article skipped: Gunmen kill at least 12 people including three-year-old in hostel in South Africa | South Africa | The Guardian from The Guardian
2025-12-07 04:36:14,357 - INFO - Found 32 articles in BBC RSS feed. Processing up to 10.
2025-12-07 04:36:14,358 - INFO - [BBC] Article: https://www.bbc.com/news/articles/cz680jx511no?at_medium=RSS&at_campaign=rss
2025-12-07 04:36:14,358 - INFO - [BBC] Attempt 1/1: Trying with 'requests_browser' strategy...
2025-12-07 04:36:14,637 - INFO - [BBC] Success with 'requests_browser'. Found content (526 words).
2025-12-07 04:36:14,671 - INFO - Duplicate article skipped: Zelensky signals progress in talks with US to secure peace plan from BBC
2025-12-07 04:36:15,157 - INFO - [The Guardian] Article: https://www.theguardian.com/world/2025/dec/05/people-flee-dr-congo-fighting-one-day-after-peace-deal-signed-in-washington
2025-12-07 04:36:15,158 - INFO - [The Guardian] Attempt 1/1: Trying with 'requests_browser' strategy...
2025-12-07 04:36:15,289 - INFO - [The Guardian] Success with 'requests_browser'. Found content (411 words).
2025-12-07 04:36:15,330 - INFO - Duplicate article skipped: People flee DR Congo fighting one day after peace deal signed in Washington | Democratic Republic of the Congo | The Guardian from The Guardian
2025-12-07 04:36:16,024 - INFO - [BBC] Article: https://www.bbc.com/news/articles/cpd61d0jl6no?at_medium=RSS&at_campaign=rss
2025-12-07 04:36:16,024 - INFO - [BBC] Attempt 1/1: Trying with 'requests_browser' strategy...
2025-12-07 04:36:16,049 - INFO - [BBC] Success with 'requests_browser'. Found content (341 words).
2025-12-07 04:36:16,083 - INFO - Duplicate article skipped: Deadly attack on kindergarten reported in Sudan from BBC
2025-12-07 04:36:16,248 - INFO - [The Guardian] Article: https://www.theguardian.com/global-development/2025/dec/05/rsf-massacres-sudanese-city-el-fasher-slaughterhouse-satellite-images
2025-12-07 04:36:16,248 - INFO - [The Guardian] Attempt 1/1: Trying with 'requests_browser' strategy...
2025-12-07 04:36:16,272 - INFO - [The Guardian] Success with 'requests_browser'. Found content (684 words).
2025-12-07 04:36:16,309 - INFO - Duplicate article skipped: RSF massacres left Sudanese city ‘a slaughterhouse’, satellite images show | Global development | The Guardian from The Guardian
2025-12-07 04:36:16,919 - INFO - [BBC] Article: https://www.bbc.com/news/videos/cr4de0x2xqvo?at_medium=RSS&at_campaign=rss
2025-12-07 04:36:16,920 - INFO - [BBC] Attempt 1/1: Trying with 'requests_browser' strategy...
2025-12-07 04:36:17,379 - INFO - [The Guardian] Article: https://www.theguardian.com/environment/2025/dec/05/african-penguins-starve-to-death-south-africa-sardine-population-aoe
2025-12-07 04:36:17,379 - INFO - [The Guardian] Attempt 1/1: Trying with 'requests_browser' strategy...
2025-12-07 04:36:17,404 - INFO - [The Guardian] Success with 'requests_browser'. Found content (530 words).
2025-12-07 04:36:17,441 - INFO - Duplicate article skipped: 60,000 African penguins starved to death after sardine numbers collapsed – study | Birds | The Guardian from The Guardian
2025-12-07 04:36:17,979 - INFO - [BBC] Success with 'requests_browser'. Found content (92 words).
2025-12-07 04:36:18,022 - INFO - Duplicate article skipped: Australia wildfire rips through homes from BBC
2025-12-07 04:36:18,202 - INFO - [The Guardian] Article: https://www.theguardian.com/world/2025/dec/05/us-sanctions-sudan-army-rsf-ceasefire
2025-12-07 04:36:18,202 - INFO - [The Guardian] Attempt 1/1: Trying with 'requests_browser' strategy...
2025-12-07 04:36:18,235 - INFO - [The Guardian] Success with 'requests_browser'. Found content (849 words).
2025-12-07 04:36:18,286 - INFO - Duplicate article skipped: US considers wider sanctions on Sudanese army and RSF as ceasefire efforts falter | Sudan | The Guardian from The Guardian
2025-12-07 04:36:19,094 - INFO - [BBC] Article: https://www.bbc.com/news/articles/c3e0z97qn3eo?at_medium=RSS&at_campaign=rss
2025-12-07 04:36:19,094 - INFO - [BBC] Attempt 1/1: Trying with 'requests_browser' strategy...
2025-12-07 04:36:19,124 - INFO - [BBC] Success with 'requests_browser'. Found content (429 words).
2025-12-07 04:36:19,160 - INFO - Duplicate article skipped: Iran arrests marathon organisers over women not wearing hijab from BBC
2025-12-07 04:36:19,772 - INFO - [The Guardian] Article: https://www.theguardian.com/world/2025/dec/06/venezuela-oil-trump-maduro
2025-12-07 04:36:19,772 - INFO - [The Guardian] Attempt 1/1: Trying with 'requests_browser' strategy...
2025-12-07 04:36:19,818 - INFO - [The Guardian] Success with 'requests_browser'. Found content (863 words).
2025-12-07 04:36:19,853 - INFO - Duplicate article skipped: Maduro says the real reason for Trump’s Venezuela fixation is oil – is he right? | Venezuela | The Guardian from The Guardian
2025-12-07 04:36:20,114 - INFO - [BBC] Article: https://www.bbc.com/news/articles/cr7l4n89lr1o?at_medium=RSS&at_campaign=rss
2025-12-07 04:36:20,114 - INFO - [BBC] Attempt 1/1: Trying with 'requests_browser' strategy...
2025-12-07 04:36:20,788 - INFO - [BBC] Success with 'requests_browser'. Found content (436 words).
2025-12-07 04:36:20,820 - INFO - Duplicate article skipped: National Park Service removes free entry on Martin Luther King Jr Day and Juneteenth from BBC
2025-12-07 04:36:20,945 - INFO - [The Guardian] Article: https://www.theguardian.com/us-news/2025/dec/05/us-airstrike-survivors-clung-to-boat-wreckage-for-an-hour-before-second-deadly-attack-video-shows
2025-12-07 04:36:20,945 - INFO - [The Guardian] Attempt 1/1: Trying with 'requests_browser' strategy...
2025-12-07 04:36:20,974 - INFO - [The Guardian] Success with 'requests_browser'. Found content (1016 words).
2025-12-07 04:36:21,018 - INFO - Duplicate article skipped: US airstrike survivors clung to boat wreckage for an hour before second deadly attack, video shows | US military | The Guardian from The Guardian
2025-12-07 04:36:21,751 - INFO - [BBC] Article: https://www.bbc.com/news/articles/cwyvkrkl2jlo?at_medium=RSS&at_campaign=rss
2025-12-07 04:36:21,751 - INFO - [BBC] Attempt 1/1: Trying with 'requests_browser' strategy...
2025-12-07 04:36:21,808 - INFO - [BBC] Success with 'requests_browser'. Found content (275 words).
2025-12-07 04:36:21,842 - INFO - Duplicate article skipped: At least 11 killed in South Africa mass shooting from BBC
2025-12-07 04:36:22,235 - INFO - [The Guardian] Article: https://www.theguardian.com/us-news/2025/dec/05/neo-nazi-base-leader-on-terrorism-arrest
2025-12-07 04:36:22,235 - INFO - [The Guardian] Attempt 1/1: Trying with 'requests_browser' strategy...
2025-12-07 04:36:22,360 - INFO - [The Guardian] Success with 'requests_browser'. Found content (1072 words).
2025-12-07 04:36:22,400 - INFO - Duplicate article skipped: US leader of global neo-Nazi terrorist group signals retribution for arrests | Far right (US) | The Guardian from The Guardian
2025-12-07 04:36:22,442 - INFO - [BBC] Article: https://www.bbc.com/news/articles/ce86z84e947o?at_medium=RSS&at_campaign=rss
2025-12-07 04:36:22,442 - INFO - [BBC] Attempt 1/1: Trying with 'requests_browser' strategy...
2025-12-07 04:36:22,995 - INFO - [BBC] Success with 'requests_browser'. Found content (897 words).
2025-12-07 04:36:23,031 - INFO - Duplicate article skipped: Bethlehem Christmas tree lights up for first time since start of Gaza war from BBC
2025-12-07 04:36:23,158 - INFO - Selenium driver initialized successfully.
2025-12-07 04:36:23,158 - INFO - Starting scrape for The Hindu RSS feed: https://www.thehindu.com/news/national/feeder/default.rss
2025-12-07 04:36:23,159 - INFO - Selenium driver initialized successfully.
2025-12-07 04:36:23,159 - INFO - Starting scrape for Times of India RSS feed: https://timesofindia.indiatimes.com/rssfeeds/296589292.cms
2025-12-07 04:36:23,242 - INFO - Found 20 articles in Times of India RSS feed. Processing up to 10.
2025-12-07 04:36:23,242 - INFO - [Times of India] Article: https://timesofindia.indiatimes.com/world/us/reviewing-it-right-now-hegseth-noncommittal-on-releasing-video-of-sept-2-strike-that-killed-survivors-on-alleged-drug-boat/articleshow/125812912.cms
2025-12-07 04:36:23,242 - INFO - [Times of India] Attempt 1/1: Trying with 'selenium_browser' strategy...
2025-12-07 04:36:23,365 - INFO - Found 100 articles in The Hindu RSS feed. Processing up to 10.
2025-12-07 04:36:23,365 - INFO - [The Hindu] Article: https://www.thehindu.com/news/national/uttar-pradesh/college-teacher-on-sir-duty-in-ups-ghaziabad-dies/article70368108.ece
2025-12-07 04:36:23,365 - INFO - [The Hindu] Attempt 1/1: Trying with 'selenium_browser' strategy...
2025-12-07 04:36:23,625 - INFO - [The Guardian] Article: https://www.theguardian.com/politics/audio/2025/dec/05/donald-trump-about-to-invade-venezuela-podcast
2025-12-07 04:36:23,625 - INFO - [The Guardian] Attempt 1/1: Trying with 'requests_browser' strategy...
2025-12-07 04:36:23,658 - WARNING - [The Guardian] FAILED with 'requests_browser' (content was too short: 72 words).
2025-12-07 04:36:23,658 - ERROR - [The Guardian] All scrape strategies failed for https://www.theguardian.com/politics/audio/2025/dec/05/donald-trump-about-to-invade-venezuela-podcast. Falling back to RSS description.
2025-12-07 04:36:23,659 - INFO - Duplicate article skipped: “This is war”: Is Trump about to invade Venezuela? – podcast from The Guardian
2025-12-07 04:36:24,450 - INFO - [BBC] Article: https://www.bbc.com/news/articles/cdj82d0nd4eo?at_medium=RSS&at_campaign=rss
2025-12-07 04:36:24,450 - INFO - [BBC] Attempt 1/1: Trying with 'requests_browser' strategy...
2025-12-07 04:36:24,480 - INFO - [BBC] Success with 'requests_browser'. Found content (690 words).
2025-12-07 04:36:24,548 - INFO - Duplicate article skipped: India: Staff and tourists among 25 killed in Goa nightclub fire from BBC
2025-12-07 04:36:24,605 - INFO - [The Guardian] Article: https://www.theguardian.com/us-news/2025/dec/04/pentagon-boat-strike-pacific
2025-12-07 04:36:24,605 - INFO - [The Guardian] Attempt 1/1: Trying with 'requests_browser' strategy...
2025-12-07 04:36:24,748 - INFO - [The Guardian] Success with 'requests_browser'. Found content (637 words).
2025-12-07 04:36:24,815 - INFO - Duplicate article skipped: Pentagon announces it has killed four men in another boat strike in Pacific | US military | The Guardian from The Guardian
2025-12-07 04:36:25,794 - INFO - [BBC] Article: https://www.bbc.com/news/videos/czdg0598ry0o?at_medium=RSS&at_campaign=rss
2025-12-07 04:36:25,795 - INFO - [BBC] Attempt 1/1: Trying with 'requests_browser' strategy...
2025-12-07 04:36:26,339 - INFO - [BBC] Success with 'requests_browser'. Found content (202 words).
2025-12-07 04:36:26,447 - INFO - Duplicate article skipped: Olympic flame arrives in Rome ahead of Winter Olympics from BBC
2025-12-07 04:36:27,124 - INFO - [The Hindu] Page content loaded.
2025-12-07 04:36:27,238 - INFO - [The Hindu] Success with 'selenium_browser'. Found content (214 words).
2025-12-07 04:36:27,387 - INFO - Saved article: College teacher on SIR duty in U.P.’s Ghaziabad dies - The Hindu from The Hindu
2025-12-07 04:36:27,617 - INFO - [BBC] Article: https://www.bbc.com/news/articles/c0q5lejppeno?at_medium=RSS&at_campaign=rss
2025-12-07 04:36:27,617 - INFO - [BBC] Attempt 1/1: Trying with 'requests_browser' strategy...
2025-12-07 04:36:27,734 - INFO - [BBC] Success with 'requests_browser'. Found content (386 words).
2025-12-07 04:36:27,843 - INFO - Duplicate article skipped: National Guardsman 'slowly healing' after being shot in Washington DC from BBC
2025-12-07 04:36:27,995 - INFO - [The Hindu] Article: https://www.thehindu.com/news/national/goa/goa-nightclub-tragedy-fire-erupted-on-dance-floor-says-eyewitness/article70368065.ece
2025-12-07 04:36:27,995 - INFO - [The Hindu] Attempt 1/1: Trying with 'selenium_browser' strategy...
2025-12-07 04:36:30,664 - INFO - [The Hindu] Page content loaded.
2025-12-07 04:36:30,839 - INFO - [The Hindu] Success with 'selenium_browser'. Found content (645 words).
2025-12-07 04:36:30,983 - INFO - Saved article: Goa nightclub tragedy: Fire erupted on dance floor, says eyewitness - The Hindu from The Hindu
2025-12-07 04:36:31,942 - INFO - [The Hindu] Article: https://www.thehindu.com/news/cities/Hyderabad/indigo-flight-disruptions-hyderabad-airport-rgia-december-7/article70368057.ece
2025-12-07 04:36:31,942 - INFO - [The Hindu] Attempt 1/1: Trying with 'selenium_browser' strategy...
2025-12-07 04:36:33,290 - INFO - [Times of India] Page content loaded.
2025-12-07 04:36:33,895 - INFO - [Times of India] Success with 'selenium_browser'. Found content (497 words).
2025-12-07 04:36:34,095 - INFO - Saved article: ‘Reviewing it right now’: Hegseth noncommittal on releasing video of sept 2 strike that killed survivors on alleged drug boat - The Times of India from Times of India
2025-12-07 04:36:34,696 - INFO - [Times of India] Article: https://timesofindia.indiatimes.com/world/us/trump-renews-filibuster-fight-gop-senators-push-back-in-election-year-thune-faces-leadership-test/articleshow/125812614.cms
2025-12-07 04:36:34,696 - INFO - [Times of India] Attempt 1/1: Trying with 'selenium_browser' strategy...
2025-12-07 04:36:36,012 - INFO - [The Hindu] Page content loaded.
2025-12-07 04:36:36,197 - INFO - [The Hindu] Success with 'selenium_browser'. Found content (335 words).
2025-12-07 04:36:36,338 - INFO - Saved article: IndiGo flight disruptions: Hyderabad airport sees 115 cancellations on Dec. 7, taking five-day total over 500 - The Hindu from The Hindu
2025-12-07 04:36:37,013 - INFO - [The Hindu] Article: https://www.thehindu.com/news/national/goa/goa-nightclub-fire-pm-modi-speaks-to-cm-sawant-announces-2-lakh-ex-gratia-to-kin-of-23-dead/article70368060.ece
2025-12-07 04:36:37,013 - INFO - [The Hindu] Attempt 1/1: Trying with 'selenium_browser' strategy...
2025-12-07 04:36:39,305 - INFO - [Times of India] Page content loaded.
2025-12-07 04:36:40,376 - INFO - [Times of India] Success with 'selenium_browser'. Found content (587 words).
2025-12-07 04:36:40,467 - INFO - Saved article: Trump renews filibuster fight: GOP Senators push back in election year; Thune faces leadership test - The Times of India from Times of India
2025-12-07 04:36:41,350 - INFO - [Times of India] Article: https://timesofindia.indiatimes.com/world/us/chernobyl-shield-damaged-in-drone-strike-iaea-flags-loss-of-confinement-capability-ukraine-blames-russia/articleshow/125812742.cms
2025-12-07 04:36:41,350 - INFO - [Times of India] Attempt 1/1: Trying with 'selenium_browser' strategy...
2025-12-07 04:36:42,187 - INFO - [Times of India] Page content loaded.
2025-12-07 04:36:42,375 - INFO - [Times of India] Success with 'selenium_browser'. Found content (321 words).
2025-12-07 04:36:42,467 - INFO - Saved article: Chernobyl shield damaged in drone strike: IAEA flags loss of confinement capability; Ukraine blames Russia - The Times of India from Times of India
2025-12-07 04:36:43,923 - INFO - [Times of India] Article: https://timesofindia.indiatimes.com/world/us/i-want-my-husband-home-green-card-holder-allan-dabrio-marrero-misses-mail-detained-by-ice/articleshow/125812459.cms
2025-12-07 04:36:43,923 - INFO - [Times of India] Attempt 1/1: Trying with 'selenium_browser' strategy...
2025-12-07 04:36:44,653 - INFO - [Times of India] Page content loaded.
2025-12-07 04:36:44,833 - INFO - [Times of India] Success with 'selenium_browser'. Found content (533 words).
2025-12-07 04:36:44,925 - INFO - Saved article: ‘I want my husband home’: Green card holder ​Allan Dabrio Marrero misses mail; detained by ICE - The Times of India from Times of India
2025-12-07 04:36:45,842 - INFO - [Times of India] Article: https://timesofindia.indiatimes.com/world/us/18-million-under-winter-alerts-heavy-snow-subzero-cold-sweep-us/articleshow/125812456.cms
2025-12-07 04:36:45,842 - INFO - [Times of India] Attempt 1/1: Trying with 'selenium_browser' strategy...
2025-12-07 04:38:37,064 - ERROR - [The Hindu] Request failed for strategy 'selenium_browser' on URL https://www.thehindu.com/news/national/goa/goa-nightclub-fire-pm-modi-speaks-to-cm-sawant-announces-2-lakh-ex-gratia-to-kin-of-23-dead/article70368060.ece: HTTPConnectionPool(host='localhost', port=37589): Read timed out. (read timeout=120)
2025-12-07 04:38:37,064 - ERROR - [The Hindu] All scrape strategies failed for https://www.thehindu.com/news/national/goa/goa-nightclub-fire-pm-modi-speaks-to-cm-sawant-announces-2-lakh-ex-gratia-to-kin-of-23-dead/article70368060.ece. Falling back to RSS description.
2025-12-07 04:38:37,066 - INFO - Saved article: Goa nightclub fire: PM Modi speaks to CM Sawant, announces ₹2 lakh ex-gratia to kin of 23 dead from The Hindu
2025-12-07 04:38:37,596 - INFO - [The Hindu] Article: https://www.thehindu.com/news/cities/mumbai/theres-something-in-the-mumbai-air/article70361311.ece
2025-12-07 04:38:37,597 - INFO - [The Hindu] Attempt 1/1: Trying with 'selenium_browser' strategy...
2025-12-07 04:38:45,933 - ERROR - [Times of India] Request failed for strategy 'selenium_browser' on URL https://timesofindia.indiatimes.com/world/us/18-million-under-winter-alerts-heavy-snow-subzero-cold-sweep-us/articleshow/125812456.cms: HTTPConnectionPool(host='localhost', port=42989): Read timed out. (read timeout=120)
2025-12-07 04:38:45,933 - ERROR - [Times of India] All scrape strategies failed for https://timesofindia.indiatimes.com/world/us/18-million-under-winter-alerts-heavy-snow-subzero-cold-sweep-us/articleshow/125812456.cms. Falling back to RSS description.
2025-12-07 04:38:45,935 - INFO - Saved article: 18 million under winter alerts: Heavy snow, subzero cold sweep US from Times of India
2025-12-07 04:38:46,774 - INFO - [Times of India] Article: https://timesofindia.indiatimes.com/world/us-streamers/tim-pool-reports-shooting-at-his-house-as-podcast-stirs-storm-over-erika-kirk-divorce-and-charlie-kirk-gay-talk/articleshow/125810153.cms
2025-12-07 04:38:46,774 - INFO - [Times of India] Attempt 1/1: Trying with 'selenium_browser' strategy...
2025-12-07 04:40:37,689 - ERROR - [The Hindu] Request failed for strategy 'selenium_browser' on URL https://www.thehindu.com/news/cities/mumbai/theres-something-in-the-mumbai-air/article70361311.ece: HTTPConnectionPool(host='localhost', port=37589): Read timed out. (read timeout=120)
2025-12-07 04:40:37,689 - ERROR - [The Hindu] All scrape strategies failed for https://www.thehindu.com/news/cities/mumbai/theres-something-in-the-mumbai-air/article70361311.ece. Falling back to RSS description.
2025-12-07 04:40:37,691 - INFO - Saved article: There’s something in the Mumbai air from The Hindu
2025-12-07 04:40:39,132 - INFO - [The Hindu] Article: https://www.thehindu.com/news/national/goa/goa-club-cylinder-blast-midnight-blaze-arpora-village-pramod-sawant-live-updates/article70368040.ece
2025-12-07 04:40:39,133 - INFO - [The Hindu] Attempt 1/1: Trying with 'selenium_browser' strategy...
2025-12-07 04:40:46,875 - ERROR - [Times of India] Request failed for strategy 'selenium_browser' on URL https://timesofindia.indiatimes.com/world/us-streamers/tim-pool-reports-shooting-at-his-house-as-podcast-stirs-storm-over-erika-kirk-divorce-and-charlie-kirk-gay-talk/articleshow/125810153.cms: HTTPConnectionPool(host='localhost', port=42989): Read timed out. (read timeout=120)
2025-12-07 04:40:46,876 - ERROR - [Times of India] All scrape strategies failed for https://timesofindia.indiatimes.com/world/us-streamers/tim-pool-reports-shooting-at-his-house-as-podcast-stirs-storm-over-erika-kirk-divorce-and-charlie-kirk-gay-talk/articleshow/125810153.cms. Falling back to RSS description.
2025-12-07 04:40:46,878 - INFO - Saved article: Tim Pool reports shooting at his house as podcast stirs storm over Erika Kirk divorce and Charlie Kirk gay talk from Times of India
2025-12-07 04:40:47,636 - INFO - [Times of India] Article: https://timesofindia.indiatimes.com/world/us-streamers/why-did-john-cena-warn-ishowspeed-against-switching-careers-even-after-praising-his-wwe-potential/articleshow/125812227.cms
2025-12-07 04:40:47,636 - INFO - [Times of India] Attempt 1/1: Trying with 'selenium_browser' strategy...
2025-12-07 04:41:13,918 - CRITICAL - --- TIMEOUT: 2 scrape jobs did not complete in 300s. ---
2025-12-07 04:41:13,919 - ERROR - A thread has timed out and will be abandoned.
2025-12-07 04:41:13,919 - ERROR - A thread has timed out and will be abandoned.
2025-12-07 04:41:13,919 - INFO - Shutting down thread pool (wait=False)...
2025-12-07 04:41:13,919 - INFO - Scraped: 0 The Guardian, 0 BBC, 2 Timed_Out_Jobs articles. (Total saved: 0)
2025-12-07 04:41:13,919 - INFO - --- Scraping job finished ---
2025-12-07 04:41:13,919 - INFO - --- Scraper service stopped and database connection closed. ---
2025-12-07 04:41:13,919 - INFO - --- Main thread finished. Forcing process exit to kill zombie threads. ---
