2026-02-01 18:43:37,170 - INFO - Initializing database connection at: news_articles.db
2026-02-01 18:43:37,170 - INFO - --- Scraper service started (CI Mode: Run Once) ---
2026-02-01 18:43:37,170 - INFO - --- Starting new scraping job (Parallel Mode) ---
2026-02-01 18:43:37,170 - INFO - Creating new robust session with 3 retries on 5xx/connection/read errors.
2026-02-01 18:43:37,170 - INFO - Proxy is DISABLED.
2026-02-01 18:43:37,171 - INFO - Starting scrape for BBC RSS feed: http://feeds.bbci.co.uk/news/world/rss.xml
2026-02-01 18:43:37,171 - INFO - [Times of India] (Thread) requires Selenium. Initializing driver...
2026-02-01 18:43:37,171 - INFO - Initializing headless Selenium Chrome driver (using SeleniumManager)...
2026-02-01 18:43:37,171 - INFO - Starting scrape for The Guardian RSS feed: https://www.theguardian.com/world/rss
2026-02-01 18:43:37,172 - INFO - [The Hindu] (Thread) requires Selenium. Initializing driver...
2026-02-01 18:43:37,172 - INFO - Initializing headless Selenium Chrome driver (using SeleniumManager)...
2026-02-01 18:43:37,173 - INFO - Submitted 4 jobs to thread pool. Waiting up to 300s for completion...
2026-02-01 18:43:37,264 - INFO - Found 45 articles in The Guardian RSS feed. Processing up to 10.
2026-02-01 18:43:37,264 - INFO - [The Guardian] Article: https://www.theguardian.com/world/2026/jan/30/more-than-200-killed-in-coltan-mine-collapse-in-eastern-drc-officials-say
2026-02-01 18:43:37,264 - INFO - [The Guardian] Attempt 1/1: Trying with 'requests_browser' strategy...
2026-02-01 18:43:37,287 - INFO - [The Guardian] Success with 'requests_browser'. Found content (306 words).
2026-02-01 18:43:37,323 - INFO - Duplicate article skipped: More than 200 killed in coltan mine collapse in eastern DRC, officials say | Democratic Republic of the Congo | The Guardian from The Guardian
2026-02-01 18:43:37,608 - INFO - Found 42 articles in BBC RSS feed. Processing up to 10.
2026-02-01 18:43:37,608 - INFO - [BBC] Article: https://www.bbc.com/news/articles/cdre7g2je63o?at_medium=RSS&at_campaign=rss
2026-02-01 18:43:37,608 - INFO - [BBC] Attempt 1/1: Trying with 'requests_browser' strategy...
2026-02-01 18:43:37,760 - INFO - [BBC] Success with 'requests_browser'. Found content (354 words).
2026-02-01 18:43:37,796 - INFO - Duplicate article skipped: Twelve miners killed by Russian strike in Ukraine, energy company says from BBC
2026-02-01 18:43:38,177 - INFO - [The Guardian] Article: https://www.theguardian.com/world/2026/jan/30/niger-airport-airbase-attack-islamic-state
2026-02-01 18:43:38,177 - INFO - [The Guardian] Attempt 1/1: Trying with 'requests_browser' strategy...
2026-02-01 18:43:38,203 - INFO - [The Guardian] Success with 'requests_browser'. Found content (455 words).
2026-02-01 18:43:38,244 - INFO - Duplicate article skipped: Islamic State claims attack on international airport and airbase in Niger | Niger | The Guardian from The Guardian
2026-02-01 18:43:39,067 - INFO - [BBC] Article: https://www.bbc.com/news/articles/cn82elvzpz7o?at_medium=RSS&at_campaign=rss
2026-02-01 18:43:39,067 - INFO - [BBC] Attempt 1/1: Trying with 'requests_browser' strategy...
2026-02-01 18:43:39,109 - INFO - [BBC] Success with 'requests_browser'. Found content (802 words).
2026-02-01 18:43:39,147 - INFO - Duplicate article skipped: Jeffrey Epstein sent $75,000 to Lord Mandelson linked accounts, documents appear to show from BBC
2026-02-01 18:43:39,422 - INFO - [The Guardian] Article: https://www.theguardian.com/world/2026/jan/30/south-africa-expels-israel-diplomat-insults-president
2026-02-01 18:43:39,422 - INFO - [The Guardian] Attempt 1/1: Trying with 'requests_browser' strategy...
2026-02-01 18:43:39,452 - INFO - [The Guardian] Success with 'requests_browser'. Found content (628 words).
2026-02-01 18:43:39,491 - INFO - Duplicate article skipped: South Africa expels top Israeli diplomat over ‘insulting attacks’ on president | South Africa | The Guardian from The Guardian
2026-02-01 18:43:40,190 - INFO - [BBC] Article: https://www.bbc.com/news/articles/cwynzw7jd4go?at_medium=RSS&at_campaign=rss
2026-02-01 18:43:40,190 - INFO - [BBC] Attempt 1/1: Trying with 'requests_browser' strategy...
2026-02-01 18:43:40,219 - INFO - [The Guardian] Article: https://www.theguardian.com/world/2026/jan/29/gunfire-blasts-heard-airport-niamey-niger-planes-hit-reports
2026-02-01 18:43:40,219 - INFO - [The Guardian] Attempt 1/1: Trying with 'requests_browser' strategy...
2026-02-01 18:43:40,225 - INFO - [BBC] Success with 'requests_browser'. Found content (690 words).
2026-02-01 18:43:40,269 - INFO - Saved article: Five-year-old boy and father detained by ICE return to Minnesota from BBC
2026-02-01 18:43:40,683 - INFO - [The Guardian] Success with 'requests_browser'. Found content (778 words).
2026-02-01 18:43:40,719 - INFO - Duplicate article skipped: Niger’s military ruler vows retaliation after gunfire and explosions heard in capital | Niger | The Guardian from The Guardian
2026-02-01 18:43:41,516 - INFO - [The Guardian] Article: https://www.theguardian.com/world/2026/jan/26/hundreds-feared-dead-after-attempting-to-cross-mediterranean-amid-cyclone-harry
2026-02-01 18:43:41,516 - INFO - [The Guardian] Attempt 1/1: Trying with 'requests_browser' strategy...
2026-02-01 18:43:41,575 - INFO - [BBC] Article: https://www.bbc.com/news/articles/cx20z5nv9jxo?at_medium=RSS&at_campaign=rss
2026-02-01 18:43:41,575 - INFO - [BBC] Attempt 1/1: Trying with 'requests_browser' strategy...
2026-02-01 18:43:41,606 - INFO - [BBC] Success with 'requests_browser'. Found content (582 words).
2026-02-01 18:43:41,641 - INFO - Duplicate article skipped: Iran's supreme leader warns of regional war if US attacks from BBC
2026-02-01 18:43:41,674 - INFO - [The Guardian] Success with 'requests_browser'. Found content (388 words).
2026-02-01 18:43:41,714 - INFO - Duplicate article skipped: Hundreds feared dead in attempt to cross Mediterranean during cyclone | Italy | The Guardian from The Guardian
2026-02-01 18:43:42,926 - INFO - [BBC] Article: https://www.bbc.com/news/articles/cvg1ymmkpkro?at_medium=RSS&at_campaign=rss
2026-02-01 18:43:42,926 - INFO - [BBC] Attempt 1/1: Trying with 'requests_browser' strategy...
2026-02-01 18:43:42,957 - INFO - [BBC] Success with 'requests_browser'. Found content (560 words).
2026-02-01 18:43:43,023 - INFO - Duplicate article skipped: Israel to ban MSF from working in Gaza over refusal to provide staff list from BBC
2026-02-01 18:43:43,080 - INFO - [The Guardian] Article: https://www.theguardian.com/us-news/2026/feb/01/mexico-moves-to-combat-pollution-following-guardian-investigations
2026-02-01 18:43:43,080 - INFO - [The Guardian] Attempt 1/1: Trying with 'requests_browser' strategy...
2026-02-01 18:43:43,106 - INFO - [The Guardian] Success with 'requests_browser'. Found content (1213 words).
2026-02-01 18:43:43,145 - INFO - Saved article: Mexico moves to combat pollution following Guardian investigations | America's toxic trade | The Guardian from The Guardian
2026-02-01 18:43:44,208 - INFO - [The Guardian] Article: https://www.theguardian.com/world/2026/feb/01/cuba-fuel-shortage-trump-tariffs
2026-02-01 18:43:44,208 - INFO - [The Guardian] Attempt 1/1: Trying with 'requests_browser' strategy...
2026-02-01 18:43:44,234 - INFO - [The Guardian] Success with 'requests_browser'. Found content (977 words).
2026-02-01 18:43:44,240 - INFO - [BBC] Article: https://www.bbc.com/news/articles/c0lxr1ne52ro?at_medium=RSS&at_campaign=rss
2026-02-01 18:43:44,240 - INFO - [BBC] Attempt 1/1: Trying with 'requests_browser' strategy...
2026-02-01 18:43:44,279 - INFO - Selenium driver initialized successfully.
2026-02-01 18:43:44,279 - INFO - Starting scrape for Times of India RSS feed: https://timesofindia.indiatimes.com/rssfeeds/296589292.cms
2026-02-01 18:43:44,281 - INFO - Duplicate article skipped: Cuba on the brink as Trump turns up the pressure: ‘There is going to be a real blockade’ | Cuba | The Guardian from The Guardian
2026-02-01 18:43:44,282 - INFO - Selenium driver initialized successfully.
2026-02-01 18:43:44,282 - INFO - Starting scrape for The Hindu RSS feed: https://www.thehindu.com/news/national/feeder/default.rss
2026-02-01 18:43:44,304 - INFO - [BBC] Success with 'requests_browser'. Found content (347 words).
2026-02-01 18:43:44,338 - INFO - Duplicate article skipped: Teenager dies from Swiss bar fire injuries, bringing death toll to 41 from BBC
2026-02-01 18:43:44,391 - INFO - Found 100 articles in The Hindu RSS feed. Processing up to 10.
2026-02-01 18:43:44,391 - INFO - [The Hindu] Article: https://www.thehindu.com/news/national/karnataka/national-fibre-scheme-to-integrate-various-schemes-for-natural-and-man-made-fibres-under-textiles-ministry/article70579977.ece
2026-02-01 18:43:44,391 - INFO - [The Hindu] Attempt 1/1: Trying with 'selenium_browser' strategy...
2026-02-01 18:43:44,511 - INFO - Found 20 articles in Times of India RSS feed. Processing up to 10.
2026-02-01 18:43:44,511 - INFO - [Times of India] Article: https://timesofindia.indiatimes.com/etimes/trending/dismissed-as-piles-fit-31-year-old-warns-against-silent-cancer-symptoms-after-big-ominous-tumour-found/articleshow/127843084.cms
2026-02-01 18:43:44,511 - INFO - [Times of India] Attempt 1/1: Trying with 'selenium_browser' strategy...
2026-02-01 18:43:45,173 - INFO - [The Guardian] Article: https://www.theguardian.com/world/2026/feb/01/costa-rica-polls-fears-authoritarian-turn-laura-fernandez
2026-02-01 18:43:45,173 - INFO - [The Guardian] Attempt 1/1: Trying with 'requests_browser' strategy...
2026-02-01 18:43:45,234 - INFO - [The Guardian] Success with 'requests_browser'. Found content (663 words).
2026-02-01 18:43:45,320 - INFO - Duplicate article skipped: Costa Rica heads to polls amid fears of authoritarian turn | Costa Rica | The Guardian from The Guardian
2026-02-01 18:43:45,530 - INFO - [BBC] Article: https://www.bbc.com/news/articles/cgqedv5elzpo?at_medium=RSS&at_campaign=rss
2026-02-01 18:43:45,530 - INFO - [BBC] Attempt 1/1: Trying with 'requests_browser' strategy...
2026-02-01 18:43:46,040 - INFO - [The Guardian] Article: https://www.theguardian.com/world/2026/jan/30/mexico-sheinbaum-trump-tariffs-cuba-oil-crisis
2026-02-01 18:43:46,040 - INFO - [The Guardian] Attempt 1/1: Trying with 'requests_browser' strategy...
2026-02-01 18:43:46,068 - INFO - [The Guardian] Success with 'requests_browser'. Found content (561 words).
2026-02-01 18:43:46,118 - INFO - Duplicate article skipped: Mexico president says Trump tariffs on Cuba’s oil suppliers could trigger humanitarian crisis | Cuba | The Guardian from The Guardian
2026-02-01 18:43:46,609 - INFO - [BBC] Success with 'requests_browser'. Found content (364 words).
2026-02-01 18:43:46,715 - INFO - Saved article: Venezuela releases human rights advocate Javier Tarazona from BBC
2026-02-01 18:43:47,250 - INFO - [The Guardian] Article: https://www.theguardian.com/world/2026/jan/30/court-ends-hong-kong-china-panama-canal-contracts
2026-02-01 18:43:47,250 - INFO - [The Guardian] Attempt 1/1: Trying with 'requests_browser' strategy...
2026-02-01 18:43:47,368 - INFO - [The Guardian] Success with 'requests_browser'. Found content (465 words).
2026-02-01 18:43:47,446 - INFO - [BBC] Article: https://www.bbc.com/news/articles/cd9e4xw8vqqo?at_medium=RSS&at_campaign=rss
2026-02-01 18:43:47,446 - INFO - [BBC] Attempt 1/1: Trying with 'requests_browser' strategy...
2026-02-01 18:43:47,479 - INFO - Duplicate article skipped: Panama supreme court cancels Hong Kong company’s canal contracts | Panama canal | The Guardian from The Guardian
2026-02-01 18:43:47,540 - INFO - [BBC] Success with 'requests_browser'. Found content (474 words).
2026-02-01 18:43:47,687 - INFO - Duplicate article skipped: French tech giant Capgemini to sell US subsidiary working for ICE from BBC
2026-02-01 18:43:49,171 - INFO - [BBC] Article: https://www.bbc.com/news/articles/c77k0nlvx3yo?at_medium=RSS&at_campaign=rss
2026-02-01 18:43:49,171 - INFO - [BBC] Attempt 1/1: Trying with 'requests_browser' strategy...
2026-02-01 18:43:49,403 - INFO - [BBC] Success with 'requests_browser'. Found content (599 words).
2026-02-01 18:43:49,706 - INFO - Duplicate article skipped: Ifunanya Nwangene: Aspiring Nigerian singer dies after snakebite in Abuja from BBC
2026-02-01 18:43:49,886 - INFO - [The Hindu] Page content loaded.
2026-02-01 18:43:49,979 - INFO - [The Hindu] Success with 'selenium_browser'. Found content (306 words).
2026-02-01 18:43:50,069 - INFO - Saved article: National Fibre scheme to integrate various schemes for natural and man-made fibres under Textiles Ministry - The Hindu from The Hindu
2026-02-01 18:43:50,839 - INFO - [BBC] Article: https://www.bbc.com/news/articles/cn42nedxqyqo?at_medium=RSS&at_campaign=rss
2026-02-01 18:43:50,839 - INFO - [BBC] Attempt 1/1: Trying with 'requests_browser' strategy...
2026-02-01 18:43:50,963 - INFO - [BBC] Success with 'requests_browser'. Found content (420 words).
2026-02-01 18:43:51,104 - INFO - Duplicate article skipped: Deadly gun and bomb attacks hit Pakistan's Balochistan province from BBC
2026-02-01 18:43:51,314 - INFO - [The Hindu] Article: https://www.thehindu.com/news/national/manipur/nearing-one-year-of-presidents-rule-in-manipur-bjp-mlas-and-alliance-partners-called-to-delhi-for-meeting/article70580078.ece
2026-02-01 18:43:51,314 - INFO - [The Hindu] Attempt 1/1: Trying with 'selenium_browser' strategy...
2026-02-01 18:43:54,198 - INFO - [The Hindu] Page content loaded.
2026-02-01 18:43:54,338 - INFO - [The Hindu] Success with 'selenium_browser'. Found content (518 words).
2026-02-01 18:43:54,782 - INFO - Saved article: Nearing one year of President’s Rule in Manipur, BJP MLAs and alliance partners called to Delhi for meeting - The Hindu from The Hindu
2026-02-01 18:43:55,984 - INFO - [The Hindu] Article: https://www.thehindu.com/news/national/tamil-nadu/state-highways-dept-commences-work-on-bridge-across-palar-river/article70578014.ece
2026-02-01 18:43:55,984 - INFO - [The Hindu] Attempt 1/1: Trying with 'selenium_browser' strategy...
2026-02-01 18:43:58,913 - INFO - [The Hindu] Page content loaded.
2026-02-01 18:43:59,036 - INFO - [The Hindu] Success with 'selenium_browser'. Found content (343 words).
2026-02-01 18:43:59,258 - INFO - Saved article: State Highways Dept. commences work on bridge across Palar river - The Hindu from The Hindu
2026-02-01 18:44:00,186 - INFO - [The Hindu] Article: https://www.thehindu.com/business/budget/budget-2026-moots-several-proposals-to-rejuvenate-indigenous-shipping/article70578875.ece
2026-02-01 18:44:00,187 - INFO - [The Hindu] Attempt 1/1: Trying with 'selenium_browser' strategy...
2026-02-01 18:44:01,674 - INFO - [The Hindu] Page content loaded.
2026-02-01 18:44:01,717 - INFO - [The Hindu] Success with 'selenium_browser'. Found content (540 words).
2026-02-01 18:44:02,690 - INFO - Saved article: Budget 2026 moots several proposals to rejuvenate indigenous shipping - The Hindu from The Hindu
2026-02-01 18:44:03,870 - INFO - [The Hindu] Article: https://www.thehindu.com/news/national/kerala/resist-efforts-to-revive-unscientific-practices-kerala-cm/article70579798.ece
2026-02-01 18:44:03,870 - INFO - [The Hindu] Attempt 1/1: Trying with 'selenium_browser' strategy...
2026-02-01 18:44:05,062 - INFO - [The Hindu] Page content loaded.
2026-02-01 18:44:05,106 - INFO - [The Hindu] Success with 'selenium_browser'. Found content (257 words).
2026-02-01 18:44:05,162 - INFO - Saved article: Resist efforts to revive unscientific practices: Kerala CM - The Hindu from The Hindu
2026-02-01 18:44:06,379 - INFO - [The Hindu] Article: https://www.thehindu.com/business/budget/budget-2026-marginal-hike-in-allocations-for-social-justice-dept-tribal-affairs-ministry/article70579432.ece
2026-02-01 18:44:06,379 - INFO - [The Hindu] Attempt 1/1: Trying with 'selenium_browser' strategy...
2026-02-01 18:44:10,343 - INFO - [The Hindu] Page content loaded.
2026-02-01 18:44:10,389 - INFO - [The Hindu] Success with 'selenium_browser'. Found content (308 words).
2026-02-01 18:44:10,478 - INFO - Saved article: Budget 2026: Marginal hike in allocations for Social Justice Dept., Tribal Affairs Ministry - The Hindu from The Hindu
2026-02-01 18:44:11,354 - INFO - [The Hindu] Article: https://www.thehindu.com/business/budget/union-budget-2026-allocation-for-labour-ministry-intact-budget-ignored-unemployment-say-trade-unions/article70579559.ece
2026-02-01 18:44:11,355 - INFO - [The Hindu] Attempt 1/1: Trying with 'selenium_browser' strategy...
2026-02-01 18:44:12,906 - INFO - [The Hindu] Page content loaded.
2026-02-01 18:44:12,949 - INFO - [The Hindu] Success with 'selenium_browser'. Found content (493 words).
2026-02-01 18:44:13,004 - INFO - Saved article: Budget 2026: Allocation for Labour Ministry intact; Budget ignored unemployment, say trade unions - The Hindu from The Hindu
2026-02-01 18:44:13,791 - INFO - [The Hindu] Article: https://www.thehindu.com/news/national/kerala/kerala-for-all-conclave-state-told-to-cater-to-neuro-inclusive-travel/article70579613.ece
2026-02-01 18:44:13,791 - INFO - [The Hindu] Attempt 1/1: Trying with 'selenium_browser' strategy...
2026-02-01 18:44:15,165 - INFO - [The Hindu] Page content loaded.
2026-02-01 18:44:15,210 - INFO - [The Hindu] Success with 'selenium_browser'. Found content (260 words).
2026-02-01 18:44:15,265 - INFO - Saved article: Kerala for All conclave: State told to cater to neuro-inclusive travel - The Hindu from The Hindu
2026-02-01 18:44:15,999 - INFO - [The Hindu] Article: https://www.thehindu.com/news/national/uttarakhand/two-men-who-opposed-harassment-of-muslim-shopkeeper-booked-in-uttarakhand/article70579252.ece
2026-02-01 18:44:15,999 - INFO - [The Hindu] Attempt 1/1: Trying with 'selenium_browser' strategy...
2026-02-01 18:44:17,687 - INFO - [The Hindu] Page content loaded.
2026-02-01 18:44:17,727 - INFO - [The Hindu] Success with 'selenium_browser'. Found content (738 words).
2026-02-01 18:44:17,779 - INFO - Saved article: Two men who opposed harassment of Muslim shopkeeper booked in Uttarakhand - The Hindu from The Hindu
2026-02-01 18:44:19,201 - INFO - [The Hindu] Article: https://www.thehindu.com/news/national/telangana/union-budget-continuation-of-injustice-to-telangana-say-brs-leaders-ktr-harish-rao/article70579937.ece
2026-02-01 18:44:19,201 - INFO - [The Hindu] Attempt 1/1: Trying with 'selenium_browser' strategy...
2026-02-01 18:44:20,255 - INFO - [The Hindu] Page content loaded.
2026-02-01 18:44:20,298 - INFO - [The Hindu] Success with 'selenium_browser'. Found content (415 words).
2026-02-01 18:44:20,351 - INFO - Saved article: Union Budget continuation of injustice to Telangana, say BRS leaders KTR, Harish Rao - The Hindu from The Hindu
2026-02-01 18:44:21,492 - INFO - [The Hindu] (Thread) Finished. Attempting to shut down its Selenium driver.
2026-02-01 18:44:21,649 - INFO - [The Hindu] (Thread) driver.quit() successful.
2026-02-01 18:44:44,540 - ERROR - [Times of India] Request failed for strategy 'selenium_browser' on URL https://timesofindia.indiatimes.com/etimes/trending/dismissed-as-piles-fit-31-year-old-warns-against-silent-cancer-symptoms-after-big-ominous-tumour-found/articleshow/127843084.cms: Message: timeout: Timed out receiving message from renderer: 59.725
  (Session info: chrome=144.0.7559.96)
Stacktrace:
#0 0x55604f54fafa <unknown>
#1 0x55604ef6960f <unknown>
#2 0x55604ef50d11 <unknown>
#3 0x55604ef50936 <unknown>
#4 0x55604ef4e44b <unknown>
#5 0x55604ef4edcf <unknown>
#6 0x55604ef5e2e0 <unknown>
#7 0x55604ef782b7 <unknown>
#8 0x55604ef7f4bb <unknown>
#9 0x55604ef4f539 <unknown>
#10 0x55604ef7804c <unknown>
#11 0x55604f0079a3 <unknown>
#12 0x55604efb0842 <unknown>
#13 0x55604efb1631 <unknown>
#14 0x55604f515689 <unknown>
#15 0x55604f518581 <unknown>
#16 0x55604f501ca9 <unknown>
#17 0x55604f51913e <unknown>
#18 0x55604f4e83a0 <unknown>
#19 0x55604f53cfc8 <unknown>
#20 0x55604f53d19b <unknown>
#21 0x55604f54ee68 <unknown>
#22 0x7f9e82c9caa4 <unknown>
#23 0x7f9e82d29c6c <unknown>

2026-02-01 18:44:44,540 - ERROR - [Times of India] All scrape strategies failed for https://timesofindia.indiatimes.com/etimes/trending/dismissed-as-piles-fit-31-year-old-warns-against-silent-cancer-symptoms-after-big-ominous-tumour-found/articleshow/127843084.cms. Falling back to RSS description.
2026-02-01 18:44:44,544 - INFO - Saved article: Dismissed as piles: Fit 31-year-old warns against ‘silent’ cancer symptoms after ‘big, ominous’ tumour found from Times of India
2026-02-01 18:44:45,699 - INFO - [Times of India] Article: https://timesofindia.indiatimes.com/world/uk/prince-andrews-ex-wife-sarah-ferguson-told-epstein-just-marry-me-after-he-was-released-from-jail/articleshow/127843847.cms
2026-02-01 18:44:45,699 - INFO - [Times of India] Attempt 1/1: Trying with 'selenium_browser' strategy...
2026-02-01 18:44:46,508 - INFO - [Times of India] Page content loaded.
2026-02-01 18:44:46,644 - INFO - [Times of India] Success with 'selenium_browser'. Found content (572 words).
2026-02-01 18:44:46,707 - INFO - Duplicate article skipped: Prince Andrew’s ex-wife Sarah Ferguson told Epstein ‘just marry me’ after he was released from jail | World News - The Times of India from Times of India
2026-02-01 18:44:47,609 - INFO - [Times of India] Article: https://timesofindia.indiatimes.com/world/middle-east/dubai-crown-prince-sheikh-hamdan-unveils-dh500m-umm-suqeim-beach-makeover/articleshow/127842496.cms
2026-02-01 18:44:47,610 - INFO - [Times of India] Attempt 1/1: Trying with 'selenium_browser' strategy...
2026-02-01 18:44:49,041 - INFO - [Times of India] Page content loaded.
2026-02-01 18:44:49,173 - INFO - [Times of India] Success with 'selenium_browser'. Found content (470 words).
2026-02-01 18:44:49,329 - INFO - Duplicate article skipped: Dubai Crown Prince Sheikh Hamdan unveils Dh500m Umm Suqeim Beach makeover | World News - The Times of India from Times of India
2026-02-01 18:44:49,937 - INFO - [Times of India] Article: https://timesofindia.indiatimes.com/business/if-you-bought-just-1-of-bitcoin-when-it-launched-17-years-ago-how-rich-would-you-be-today/articleshow/127841336.cms
2026-02-01 18:44:49,938 - INFO - [Times of India] Attempt 1/1: Trying with 'selenium_browser' strategy...
2026-02-01 18:44:50,945 - INFO - [Times of India] Page content loaded.
2026-02-01 18:44:51,083 - INFO - [Times of India] Success with 'selenium_browser'. Found content (736 words).
2026-02-01 18:44:51,144 - INFO - Duplicate article skipped: If you bought just $1 of Bitcoin when it launched 17 years ago, how rich would you be today? | Business - The Times of India from Times of India
2026-02-01 18:44:52,186 - INFO - [Times of India] Article: https://timesofindia.indiatimes.com/world/middle-east/should-uae-expats-remit-now-weak-indian-pakistani-rupee-and-filipino-peso-offer-big-gains-against-dirham/articleshow/127841840.cms
2026-02-01 18:44:52,186 - INFO - [Times of India] Attempt 1/1: Trying with 'selenium_browser' strategy...
2026-02-01 18:44:53,113 - INFO - [Times of India] Page content loaded.
2026-02-01 18:44:53,251 - INFO - [Times of India] Success with 'selenium_browser'. Found content (1000 words).
2026-02-01 18:44:53,309 - INFO - Duplicate article skipped: Should UAE expats remit now? Weak rupee and peso offer big gains against Dirham - The Times of India from Times of India
2026-02-01 18:44:54,240 - INFO - [Times of India] Article: https://timesofindia.indiatimes.com/world/us/a-morning-commute-a-shattered-family-new-york-officers-death-renews-call-against-drunk-driving/articleshow/127842767.cms
2026-02-01 18:44:54,240 - INFO - [Times of India] Attempt 1/1: Trying with 'selenium_browser' strategy...
2026-02-01 18:44:55,295 - INFO - [Times of India] Page content loaded.
2026-02-01 18:44:55,424 - INFO - [Times of India] Success with 'selenium_browser'. Found content (479 words).
2026-02-01 18:44:55,520 - INFO - Duplicate article skipped: A morning commute, a shattered family: New York officer’s death renews call against drunk driving - The Times of India from Times of India
2026-02-01 18:44:56,460 - INFO - [Times of India] Article: https://timesofindia.indiatimes.com/world/europe/russia-ukraine-war-fresh-round-of-trilateral-peace-talks-rescheduled-as-zelenskyy-announces-new-dates-amid-territorial-deadlock/articleshow/127842640.cms
2026-02-01 18:44:56,460 - INFO - [Times of India] Attempt 1/1: Trying with 'selenium_browser' strategy...
2026-02-01 18:44:57,603 - INFO - [Times of India] Page content loaded.
2026-02-01 18:44:57,750 - INFO - [Times of India] Success with 'selenium_browser'. Found content (484 words).
2026-02-01 18:44:57,821 - INFO - Duplicate article skipped: Russia-Ukraine war: Fresh round of trilateral peace talks rescheduled; Zelenskyy announces new dates amid territorial deadlock - The Times of India from Times of India
2026-02-01 18:44:59,005 - INFO - [Times of India] Article: https://timesofindia.indiatimes.com/world/us/from-trump-is-cool-to-cutting-ties-us-boxer-ryan-garcia-quits-maga-camp-over-epstein-links/articleshow/127841582.cms
2026-02-01 18:44:59,005 - INFO - [Times of India] Attempt 1/1: Trying with 'selenium_browser' strategy...
2026-02-01 18:45:00,427 - INFO - [Times of India] Page content loaded.
2026-02-01 18:45:00,546 - INFO - [Times of India] Success with 'selenium_browser'. Found content (129 words).
2026-02-01 18:45:00,568 - INFO - Duplicate article skipped: From ‘Trump is cool’ to cutting ties: US boxer Ryan Garcia quits MAGA camp over Epstein links - The Times of India from Times of India
2026-02-01 18:45:01,125 - INFO - [Times of India] Article: https://timesofindia.indiatimes.com/world/middle-east/tax-revolution-in-the-uae-e-invoicing-will-change-how-you-get-paid-no-more-manual-vat-fixes/articleshow/127840838.cms
2026-02-01 18:45:01,125 - INFO - [Times of India] Attempt 1/1: Trying with 'selenium_browser' strategy...
2026-02-01 18:45:01,877 - INFO - [Times of India] Page content loaded.
2026-02-01 18:45:02,033 - INFO - [Times of India] Success with 'selenium_browser'. Found content (964 words).
2026-02-01 18:45:02,114 - INFO - Duplicate article skipped: Tax revolution in the UAE: E-invoicing will change how you get paid, no more manual VAT fixes - The Times of India from Times of India
2026-02-01 18:45:03,496 - INFO - [Times of India] Article: https://timesofindia.indiatimes.com/world/middle-east/bahrain-successfully-completes-nationwide-emergency-alert-system-test/articleshow/127839819.cms
2026-02-01 18:45:03,497 - INFO - [Times of India] Attempt 1/1: Trying with 'selenium_browser' strategy...
2026-02-01 18:45:04,769 - INFO - [Times of India] Page content loaded.
2026-02-01 18:45:04,950 - INFO - [Times of India] Success with 'selenium_browser'. Found content (266 words).
2026-02-01 18:45:05,020 - INFO - Duplicate article skipped: Bahrain successfully completes nationwide emergency alert system test | World News - The Times of India from Times of India
2026-02-01 18:45:05,820 - INFO - [Times of India] (Thread) Finished. Attempting to shut down its Selenium driver.
2026-02-01 18:45:05,986 - INFO - [Times of India] (Thread) driver.quit() successful.
2026-02-01 18:45:05,986 - INFO - Shutting down thread pool (wait=False)...
2026-02-01 18:45:05,986 - INFO - Scraped: 1 The Guardian, 1 Times of India, 2 BBC, 10 The Hindu articles. (Total saved: 14)
2026-02-01 18:45:05,986 - INFO - --- Scraping job finished ---
2026-02-01 18:45:05,991 - INFO - --- Scraper service stopped and database connection closed. ---
2026-02-01 18:45:05,991 - INFO - --- Main thread finished. Forcing process exit to kill zombie threads. ---
