2025-12-28 04:49:44,237 - INFO - Initializing database connection at: news_articles.db
2025-12-28 04:49:44,237 - INFO - --- Scraper service started (CI Mode: Run Once) ---
2025-12-28 04:49:44,237 - INFO - --- Starting new scraping job (Parallel Mode) ---
2025-12-28 04:49:44,237 - INFO - Creating new robust session with 3 retries on 5xx/connection/read errors.
2025-12-28 04:49:44,237 - INFO - Proxy is DISABLED.
2025-12-28 04:49:44,238 - INFO - Starting scrape for BBC RSS feed: http://feeds.bbci.co.uk/news/world/rss.xml
2025-12-28 04:49:44,238 - INFO - [Times of India] (Thread) requires Selenium. Initializing driver...
2025-12-28 04:49:44,238 - INFO - Initializing headless Selenium Chrome driver (using SeleniumManager)...
2025-12-28 04:49:44,239 - INFO - Starting scrape for The Guardian RSS feed: https://www.theguardian.com/world/rss
2025-12-28 04:49:44,239 - INFO - [The Hindu] (Thread) requires Selenium. Initializing driver...
2025-12-28 04:49:44,239 - INFO - Initializing headless Selenium Chrome driver (using SeleniumManager)...
2025-12-28 04:49:44,240 - INFO - Submitted 4 jobs to thread pool. Waiting up to 300s for completion...
2025-12-28 04:49:44,522 - INFO - Found 45 articles in The Guardian RSS feed. Processing up to 10.
2025-12-28 04:49:44,523 - INFO - [The Guardian] Article: https://www.theguardian.com/world/2025/dec/27/guinea-junta-leader-mamady-doumbouya-frontrunner-president-election
2025-12-28 04:49:44,523 - INFO - [The Guardian] Attempt 1/1: Trying with 'requests_browser' strategy...
2025-12-28 04:49:44,569 - INFO - [The Guardian] Success with 'requests_browser'. Found content (681 words).
2025-12-28 04:49:44,609 - INFO - Duplicate article skipped: Opposition anger as Guinea’s junta leader is frontrunner to be elected president | Guinea | The Guardian from The Guardian
2025-12-28 04:49:44,626 - INFO - Found 27 articles in BBC RSS feed. Processing up to 10.
2025-12-28 04:49:44,626 - INFO - [BBC] Article: https://www.bbc.com/news/articles/c1dzvpg1341o?at_medium=RSS&at_campaign=rss
2025-12-28 04:49:44,626 - INFO - [BBC] Attempt 1/1: Trying with 'requests_browser' strategy...
2025-12-28 04:49:44,818 - INFO - [BBC] Success with 'requests_browser'. Found content (711 words).
2025-12-28 04:49:44,854 - INFO - Duplicate article skipped: Attack on Kyiv shows 'Russia doesn't want peace', Zelensky says from BBC
2025-12-28 04:49:45,668 - INFO - [The Guardian] Article: https://www.theguardian.com/world/2025/dec/26/israel-first-country-to-recognise-somaliland-sovereign-state
2025-12-28 04:49:45,668 - INFO - [The Guardian] Attempt 1/1: Trying with 'requests_browser' strategy...
2025-12-28 04:49:45,717 - INFO - [The Guardian] Success with 'requests_browser'. Found content (760 words).
2025-12-28 04:49:45,751 - INFO - Duplicate article skipped: Israel becomes first country to recognise Somaliland as sovereign state | Somaliland | The Guardian from The Guardian
2025-12-28 04:49:45,833 - INFO - [BBC] Article: https://www.bbc.com/news/articles/c0q5je8048xo?at_medium=RSS&at_campaign=rss
2025-12-28 04:49:45,833 - INFO - [BBC] Attempt 1/1: Trying with 'requests_browser' strategy...
2025-12-28 04:49:45,875 - INFO - [BBC] Success with 'requests_browser'. Found content (597 words).
2025-12-28 04:49:45,910 - INFO - Duplicate article skipped: Thailand-Cambodia ceasefire begins after weeks of deadly clashes from BBC
2025-12-28 04:49:46,801 - INFO - [The Guardian] Article: https://www.theguardian.com/world/2025/dec/26/british-egyptian-activist-alaa-abd-el-fattah-arrives-in-uk-after-travel-ban-lifted
2025-12-28 04:49:46,801 - INFO - [The Guardian] Attempt 1/1: Trying with 'requests_browser' strategy...
2025-12-28 04:49:46,841 - INFO - [The Guardian] Success with 'requests_browser'. Found content (667 words).
2025-12-28 04:49:46,884 - INFO - Duplicate article skipped: British-Egyptian activist Alaa Abd el-Fattah arrives in UK after travel ban lifted | Egypt | The Guardian from The Guardian
2025-12-28 04:49:47,319 - INFO - [BBC] Article: https://www.bbc.com/news/articles/c0je0l55zq3o?at_medium=RSS&at_campaign=rss
2025-12-28 04:49:47,320 - INFO - [BBC] Attempt 1/1: Trying with 'requests_browser' strategy...
2025-12-28 04:49:47,360 - INFO - [BBC] Success with 'requests_browser'. Found content (247 words).
2025-12-28 04:49:47,399 - INFO - Duplicate article skipped: New York snowstorm sparks travel chaos from BBC
2025-12-28 04:49:48,134 - INFO - [BBC] Article: https://www.bbc.com/news/articles/cqxq59np394o?at_medium=RSS&at_campaign=rss
2025-12-28 04:49:48,134 - INFO - [BBC] Attempt 1/1: Trying with 'requests_browser' strategy...
2025-12-28 04:49:48,172 - INFO - [BBC] Success with 'requests_browser'. Found content (278 words).
2025-12-28 04:49:48,207 - INFO - Duplicate article skipped: Nine arrested in Italy for allegedly raising millions for Hamas from BBC
2025-12-28 04:49:48,288 - INFO - [The Guardian] Article: https://www.theguardian.com/us-news/2025/dec/26/trump-supporters-nigeria-airstrikes
2025-12-28 04:49:48,288 - INFO - [The Guardian] Attempt 1/1: Trying with 'requests_browser' strategy...
2025-12-28 04:49:48,331 - INFO - [The Guardian] Success with 'requests_browser'. Found content (853 words).
2025-12-28 04:49:48,378 - INFO - Duplicate article skipped: Trump supporters hail US strikes in Nigeria as ‘amazing Christmas present’ | Republicans | The Guardian from The Guardian
2025-12-28 04:49:49,115 - INFO - [BBC] Article: https://www.bbc.com/news/articles/cwyxller1j5o?at_medium=RSS&at_campaign=rss
2025-12-28 04:49:49,116 - INFO - [BBC] Attempt 1/1: Trying with 'requests_browser' strategy...
2025-12-28 04:49:49,174 - INFO - [BBC] Success with 'requests_browser'. Found content (1476 words).
2025-12-28 04:49:49,215 - INFO - Duplicate article skipped: Myanmar election: Fear and intimidation ahead of vote held by military rulers from BBC
2025-12-28 04:49:49,373 - INFO - [The Guardian] Article: https://www.theguardian.com/us-news/live/2025/dec/26/us-nigeria-strikes-militants-donald-trump-zelenskyy-ukraine-epstein-us-politics-latest-news-updates
2025-12-28 04:49:49,373 - INFO - [The Guardian] Attempt 1/1: Trying with 'requests_browser' strategy...
2025-12-28 04:49:49,614 - INFO - [The Guardian] Success with 'requests_browser'. Found content (3124 words).
2025-12-28 04:49:49,693 - INFO - Duplicate article skipped: Nigeria provided US with intelligence for strikes on Islamist militants, says foreign minister – as it happened | US politics | The Guardian from The Guardian
2025-12-28 04:49:50,169 - INFO - [BBC] Article: https://www.bbc.com/news/articles/cj69j8l918do?at_medium=RSS&at_campaign=rss
2025-12-28 04:49:50,170 - INFO - [BBC] Attempt 1/1: Trying with 'requests_browser' strategy...
2025-12-28 04:49:50,223 - INFO - [BBC] Success with 'requests_browser'. Found content (758 words).
2025-12-28 04:49:50,263 - INFO - Duplicate article skipped: US launches strikes against Islamic State in Nigeria from BBC
2025-12-28 04:49:50,937 - INFO - [BBC] Article: https://www.bbc.com/news/articles/c23ejnge95jo?at_medium=RSS&at_campaign=rss
2025-12-28 04:49:50,938 - INFO - [BBC] Attempt 1/1: Trying with 'requests_browser' strategy...
2025-12-28 04:49:50,976 - INFO - [BBC] Success with 'requests_browser'. Found content (329 words).
2025-12-28 04:49:51,011 - INFO - Duplicate article skipped: Four hikers found dead after avalanche in central Greece from BBC
2025-12-28 04:49:51,160 - INFO - Selenium driver initialized successfully.
2025-12-28 04:49:51,160 - INFO - Starting scrape for Times of India RSS feed: https://timesofindia.indiatimes.com/rssfeeds/296589292.cms
2025-12-28 04:49:51,161 - INFO - Selenium driver initialized successfully.
2025-12-28 04:49:51,161 - INFO - Starting scrape for The Hindu RSS feed: https://www.thehindu.com/news/national/feeder/default.rss
2025-12-28 04:49:51,186 - INFO - [The Guardian] Article: https://www.theguardian.com/world/2025/dec/26/venezuela-political-prisoner-release
2025-12-28 04:49:51,186 - INFO - [The Guardian] Attempt 1/1: Trying with 'requests_browser' strategy...
2025-12-28 04:49:51,221 - INFO - [The Guardian] Success with 'requests_browser'. Found content (540 words).
2025-12-28 04:49:51,257 - INFO - Duplicate article skipped: Venezuela says it released 99 people detained for 2024 election protests | Venezuela | The Guardian from The Guardian
2025-12-28 04:49:51,347 - INFO - Found 20 articles in Times of India RSS feed. Processing up to 10.
2025-12-28 04:49:51,347 - INFO - [Times of India] Article: https://timesofindia.indiatimes.com/world/us-streamers/faze-clan-situation-explained-creator-exits-financial-disputes-and-new-group-rumors/articleshow/126208939.cms
2025-12-28 04:49:51,347 - INFO - [Times of India] Attempt 1/1: Trying with 'selenium_browser' strategy...
2025-12-28 04:49:51,403 - INFO - Found 100 articles in The Hindu RSS feed. Processing up to 10.
2025-12-28 04:49:51,403 - INFO - [The Hindu] Article: https://www.thehindu.com/news/national/uttar-pradesh/nine-up-men-stranded-in-kyrgyzstan-after-job-fraud-return-to-pilibhit/article70445587.ece
2025-12-28 04:49:51,403 - INFO - [The Hindu] Attempt 1/1: Trying with 'selenium_browser' strategy...
2025-12-28 04:49:52,166 - INFO - [BBC] Article: https://www.bbc.com/news/articles/c157e9dddwwo?at_medium=RSS&at_campaign=rss
2025-12-28 04:49:52,166 - INFO - [BBC] Attempt 1/1: Trying with 'requests_browser' strategy...
2025-12-28 04:49:52,227 - INFO - [BBC] Success with 'requests_browser'. Found content (289 words).
2025-12-28 04:49:52,295 - INFO - Duplicate article skipped: Two dead in 50-vehicle pile up on Japan highway from BBC
2025-12-28 04:49:52,371 - INFO - [The Guardian] Article: https://www.theguardian.com/world/2025/dec/26/weather-tracker-deep-freeze-canada-us-records-warmest-christmas
2025-12-28 04:49:52,372 - INFO - [The Guardian] Attempt 1/1: Trying with 'requests_browser' strategy...
2025-12-28 04:49:52,432 - INFO - [The Guardian] Success with 'requests_browser'. Found content (361 words).
2025-12-28 04:49:52,489 - INFO - Duplicate article skipped: Weather tracker: Deep freeze grips Canada as US records warmest Christmas | Canada | The Guardian from The Guardian
2025-12-28 04:49:53,510 - INFO - [BBC] Article: https://www.bbc.com/news/articles/c9d9znp22pyo?at_medium=RSS&at_campaign=rss
2025-12-28 04:49:53,510 - INFO - [BBC] Attempt 1/1: Trying with 'requests_browser' strategy...
2025-12-28 04:49:53,637 - INFO - [The Guardian] Article: https://www.theguardian.com/environment/2025/dec/25/they-are-scared-of-us-now-how-one-tropical-forest-turned-the-tide-on-loggers
2025-12-28 04:49:53,637 - INFO - [The Guardian] Attempt 1/1: Trying with 'requests_browser' strategy...
2025-12-28 04:49:53,694 - INFO - [BBC] Success with 'requests_browser'. Found content (396 words).
2025-12-28 04:49:53,875 - INFO - [The Guardian] Success with 'requests_browser'. Found content (1079 words).
2025-12-28 04:49:53,875 - INFO - Duplicate article skipped: Two killed in suspected Palestinian ramming and knife attack in Israel from BBC
2025-12-28 04:49:53,951 - INFO - [The Hindu] Page content loaded.
2025-12-28 04:49:53,985 - INFO - Duplicate article skipped: ‘They’re scared of us now’: how co-investment in a tropical forest saw off loggers | Panama | The Guardian from The Guardian
2025-12-28 04:49:54,106 - INFO - [The Hindu] Success with 'selenium_browser'. Found content (405 words).
2025-12-28 04:49:54,282 - INFO - Saved article: Nine UP men stranded in Kyrgyzstan after job fraud return to Pilibhit - The Hindu from The Hindu
2025-12-28 04:49:54,592 - INFO - [The Guardian] Article: https://www.theguardian.com/world/2025/dec/25/cape-froward-new-national-park-patagonia-chile
2025-12-28 04:49:54,592 - INFO - [The Guardian] Attempt 1/1: Trying with 'requests_browser' strategy...
2025-12-28 04:49:54,672 - INFO - [The Guardian] Success with 'requests_browser'. Found content (939 words).
2025-12-28 04:49:54,709 - INFO - [BBC] Article: https://www.bbc.com/news/articles/cx25387dj8no?at_medium=RSS&at_campaign=rss
2025-12-28 04:49:54,710 - INFO - [BBC] Attempt 1/1: Trying with 'requests_browser' strategy...
2025-12-28 04:49:54,846 - INFO - Duplicate article skipped: ‘It’s the wildest place I have walked’: new national park will join up Chile’s 2,800km wildlife corridor | Chile | The Guardian from The Guardian
2025-12-28 04:49:54,881 - INFO - [BBC] Success with 'requests_browser'. Found content (386 words).
2025-12-28 04:49:54,990 - INFO - Duplicate article skipped: Homs: Deadly explosion during Friday prayers inside Syrian mosque from BBC
2025-12-28 04:49:55,461 - INFO - [The Guardian] Article: https://www.theguardian.com/world/2025/dec/24/honduras-nasry-tito-asfura-declared-president-donald-trump-backed
2025-12-28 04:49:55,462 - INFO - [The Guardian] Attempt 1/1: Trying with 'requests_browser' strategy...
2025-12-28 04:49:55,556 - INFO - [The Hindu] Article: https://www.thehindu.com/news/national/himachal-pradesh/pilot-killed-in-paragliding-accident-in-himachals-bir-billing/article70445574.ece
2025-12-28 04:49:55,556 - INFO - [The Hindu] Attempt 1/1: Trying with 'selenium_browser' strategy...
2025-12-28 04:49:55,593 - INFO - [The Guardian] Success with 'requests_browser'. Found content (577 words).
2025-12-28 04:49:55,723 - INFO - Duplicate article skipped: Trump-backed candidate Asfura declared new president of Honduras | Honduras | The Guardian from The Guardian
2025-12-28 04:49:57,973 - INFO - [The Hindu] Page content loaded.
2025-12-28 04:49:58,548 - INFO - [The Hindu] Success with 'selenium_browser'. Found content (282 words).
2025-12-28 04:49:58,854 - INFO - Saved article: Pilot killed in paragliding accident in Himachal’s Bir Billing - The Hindu from The Hindu
2025-12-28 04:49:59,843 - INFO - [The Hindu] Article: https://www.thehindu.com/news/national/chhattisgarh/coal-mine-protest-turns-violent-in-chhattisgarhs-raigarh-several-cops-injured-vehicles-torched/article70445562.ece
2025-12-28 04:49:59,844 - INFO - [The Hindu] Attempt 1/1: Trying with 'selenium_browser' strategy...
2025-12-28 04:50:07,339 - INFO - [The Hindu] Page content loaded.
2025-12-28 04:50:08,261 - INFO - [The Hindu] Success with 'selenium_browser'. Found content (722 words).
2025-12-28 04:50:08,591 - INFO - Saved article: Coal mine protest turns violent in Chhattisgarh's Raigarh; several cops injured, vehicles torched - The Hindu from The Hindu
2025-12-28 04:50:09,764 - INFO - [The Hindu] Article: https://www.thehindu.com/news/national/had-insightful-discussions-on-governance-reforms-at-chief-secretaries-meeting-pm-modi/article70445471.ece
2025-12-28 04:50:09,765 - INFO - [The Hindu] Attempt 1/1: Trying with 'selenium_browser' strategy...
2025-12-28 04:50:15,152 - INFO - [The Hindu] Page content loaded.
2025-12-28 04:50:15,233 - INFO - [The Hindu] Success with 'selenium_browser'. Found content (345 words).
2025-12-28 04:50:15,323 - INFO - Duplicate article skipped: Had insightful discussions on governance, reforms at Chief Secretaries’ meeting: PM Modi - The Hindu from The Hindu
2025-12-28 04:50:16,033 - INFO - [The Hindu] Article: https://www.thehindu.com/news/national/uttarakhand/gangster-dies-of-gunshot-wounds-in-uttarakhand-family-alleges-police-connivance-to-grab-property/article70445462.ece
2025-12-28 04:50:16,033 - INFO - [The Hindu] Attempt 1/1: Trying with 'selenium_browser' strategy...
2025-12-28 04:50:17,081 - INFO - [The Hindu] Page content loaded.
2025-12-28 04:50:17,229 - INFO - [The Hindu] Success with 'selenium_browser'. Found content (513 words).
2025-12-28 04:50:17,300 - INFO - Duplicate article skipped: Gangster dies of gunshot wounds in Uttarakhand; family alleges police connivance to grab property - The Hindu from The Hindu
2025-12-28 04:50:17,973 - INFO - [The Hindu] Article: https://www.thehindu.com/news/national/tamil-nadu/chennai-scores-well-in-terms-of-housing-sales/article70443697.ece
2025-12-28 04:50:17,973 - INFO - [The Hindu] Attempt 1/1: Trying with 'selenium_browser' strategy...
2025-12-28 04:50:19,007 - INFO - [The Hindu] Page content loaded.
2025-12-28 04:50:19,096 - INFO - [The Hindu] Success with 'selenium_browser'. Found content (465 words).
2025-12-28 04:50:19,225 - INFO - Duplicate article skipped: Chennai scores well in terms of housing sales - The Hindu from The Hindu
2025-12-28 04:50:20,433 - INFO - [The Hindu] Article: https://www.thehindu.com/news/national/tamil-nadu/degrees-of-disillusionment-in-tamil-nadu-government-colleges-universities/article70443227.ece
2025-12-28 04:50:20,433 - INFO - [The Hindu] Attempt 1/1: Trying with 'selenium_browser' strategy...
2025-12-28 04:50:21,591 - INFO - [The Hindu] Page content loaded.
2025-12-28 04:50:21,715 - INFO - [The Hindu] Success with 'selenium_browser'. Found content (1797 words).
2025-12-28 04:50:21,796 - INFO - Duplicate article skipped: Degrees of disillusionment in Tamil Nadu’s government colleges, universities - The Hindu from The Hindu
2025-12-28 04:50:23,160 - INFO - [The Hindu] Article: https://www.thehindu.com/news/national/odisha/the-new-world-of-surrendered-left-wing-extremists/article70443557.ece
2025-12-28 04:50:23,161 - INFO - [The Hindu] Attempt 1/1: Trying with 'selenium_browser' strategy...
2025-12-28 04:50:24,017 - INFO - [The Hindu] Page content loaded.
2025-12-28 04:50:24,115 - INFO - [The Hindu] Success with 'selenium_browser'. Found content (2132 words).
2025-12-28 04:50:24,193 - INFO - Duplicate article skipped: The new world of surrendered left-wing extremists - The Hindu from The Hindu
2025-12-28 04:50:25,589 - INFO - [The Hindu] Article: https://www.thehindu.com/sci-tech/health/is-the-health-for-all-campaign-on-track-explained/article70443198.ece
2025-12-28 04:50:25,589 - INFO - [The Hindu] Attempt 1/1: Trying with 'selenium_browser' strategy...
2025-12-28 04:50:26,516 - INFO - [The Hindu] Page content loaded.
2025-12-28 04:50:26,625 - INFO - [The Hindu] Success with 'selenium_browser'. Found content (943 words).
2025-12-28 04:50:26,735 - INFO - Duplicate article skipped: Is the ‘health for all’ campaign on track?: Explained - The Hindu from The Hindu
2025-12-28 04:50:27,811 - INFO - [The Hindu] Article: https://www.thehindu.com/news/cities/chennai/fssai-tightens-testing-norms-for-packaged-water-drops-bis-mandate/article70443444.ece
2025-12-28 04:50:27,812 - INFO - [The Hindu] Attempt 1/1: Trying with 'selenium_browser' strategy...
2025-12-28 04:50:28,721 - INFO - [The Hindu] Page content loaded.
2025-12-28 04:50:28,999 - INFO - [The Hindu] Success with 'selenium_browser'. Found content (409 words).
2025-12-28 04:50:29,101 - INFO - Duplicate article skipped: FSSAI tightens testing norms for packaged water, drops BIS mandate - The Hindu from The Hindu
2025-12-28 04:50:29,632 - INFO - [The Hindu] (Thread) Finished. Attempting to shut down its Selenium driver.
2025-12-28 04:50:29,777 - INFO - [The Hindu] (Thread) driver.quit() successful.
2025-12-28 04:51:51,362 - ERROR - [Times of India] Request failed for strategy 'selenium_browser' on URL https://timesofindia.indiatimes.com/world/us-streamers/faze-clan-situation-explained-creator-exits-financial-disputes-and-new-group-rumors/articleshow/126208939.cms: HTTPConnectionPool(host='localhost', port=55403): Read timed out. (read timeout=120)
2025-12-28 04:51:51,362 - ERROR - [Times of India] All scrape strategies failed for https://timesofindia.indiatimes.com/world/us-streamers/faze-clan-situation-explained-creator-exits-financial-disputes-and-new-group-rumors/articleshow/126208939.cms. Falling back to RSS description.
2025-12-28 04:51:51,364 - INFO - Saved article: FaZe Clan situation explained: Creator exits, financial disputes, and new group rumors from Times of India
2025-12-28 04:51:52,611 - INFO - [Times of India] Article: https://timesofindia.indiatimes.com/world/us-streamers/influencer-melissa-mae-carlton-announces-heartbreaking-death-of-daughter-molly-after-losing-daughter-abigail/articleshow/126211062.cms
2025-12-28 04:51:52,612 - INFO - [Times of India] Attempt 1/1: Trying with 'selenium_browser' strategy...
2025-12-28 04:53:52,690 - ERROR - [Times of India] Request failed for strategy 'selenium_browser' on URL https://timesofindia.indiatimes.com/world/us-streamers/influencer-melissa-mae-carlton-announces-heartbreaking-death-of-daughter-molly-after-losing-daughter-abigail/articleshow/126211062.cms: HTTPConnectionPool(host='localhost', port=55403): Read timed out. (read timeout=120)
2025-12-28 04:53:52,690 - ERROR - [Times of India] All scrape strategies failed for https://timesofindia.indiatimes.com/world/us-streamers/influencer-melissa-mae-carlton-announces-heartbreaking-death-of-daughter-molly-after-losing-daughter-abigail/articleshow/126211062.cms. Falling back to RSS description.
2025-12-28 04:53:52,692 - INFO - Saved article: Influencer Melissa Mae Carlton announces heartbreaking death of daughter Molly after losing daughter Abigail from Times of India
2025-12-28 04:53:53,904 - INFO - [Times of India] Article: https://timesofindia.indiatimes.com/world/us-streamers/kai-cenat-confirms-split-with-gigi-alayah-as-emotional-post-signals-end-of-their-relationship/articleshow/126210989.cms
2025-12-28 04:53:53,904 - INFO - [Times of India] Attempt 1/1: Trying with 'selenium_browser' strategy...
2025-12-28 04:54:44,241 - CRITICAL - --- TIMEOUT: 1 scrape jobs did not complete in 300s. ---
2025-12-28 04:54:44,241 - ERROR - A thread has timed out and will be abandoned.
2025-12-28 04:54:44,241 - INFO - Shutting down thread pool (wait=False)...
2025-12-28 04:54:44,241 - INFO - Scraped: 3 The Hindu, 0 BBC, 0 The Guardian, 1 Timed_Out_Jobs articles. (Total saved: 3)
2025-12-28 04:54:44,241 - INFO - --- Scraping job finished ---
2025-12-28 04:54:44,241 - INFO - --- Scraper service stopped and database connection closed. ---
2025-12-28 04:54:44,241 - INFO - --- Main thread finished. Forcing process exit to kill zombie threads. ---
