2025-12-28 12:51:40,288 - INFO - Initializing database connection at: news_articles.db
2025-12-28 12:51:40,289 - INFO - --- Scraper service started (CI Mode: Run Once) ---
2025-12-28 12:51:40,289 - INFO - --- Starting new scraping job (Parallel Mode) ---
2025-12-28 12:51:40,289 - INFO - Creating new robust session with 3 retries on 5xx/connection/read errors.
2025-12-28 12:51:40,289 - INFO - Proxy is DISABLED.
2025-12-28 12:51:40,289 - INFO - Starting scrape for BBC RSS feed: http://feeds.bbci.co.uk/news/world/rss.xml
2025-12-28 12:51:40,290 - INFO - [Times of India] (Thread) requires Selenium. Initializing driver...
2025-12-28 12:51:40,290 - INFO - Initializing headless Selenium Chrome driver (using SeleniumManager)...
2025-12-28 12:51:40,290 - INFO - Starting scrape for The Guardian RSS feed: https://www.theguardian.com/world/rss
2025-12-28 12:51:40,291 - INFO - [The Hindu] (Thread) requires Selenium. Initializing driver...
2025-12-28 12:51:40,291 - INFO - Initializing headless Selenium Chrome driver (using SeleniumManager)...
2025-12-28 12:51:40,292 - INFO - Submitted 4 jobs to thread pool. Waiting up to 300s for completion...
2025-12-28 12:51:40,394 - INFO - Found 45 articles in The Guardian RSS feed. Processing up to 10.
2025-12-28 12:51:40,394 - INFO - [The Guardian] Article: https://www.theguardian.com/world/2025/dec/28/central-african-republic-goes-to-polls-as-president-seeks-third-term
2025-12-28 12:51:40,394 - INFO - [The Guardian] Attempt 1/1: Trying with 'requests_browser' strategy...
2025-12-28 12:51:40,424 - INFO - [The Guardian] Success with 'requests_browser'. Found content (637 words).
2025-12-28 12:51:40,460 - INFO - Duplicate article skipped: Central African Republic goes to polls as president seeks third term | Central African Republic | The Guardian from The Guardian
2025-12-28 12:51:40,523 - INFO - Found 43 articles in BBC RSS feed. Processing up to 10.
2025-12-28 12:51:40,523 - INFO - [BBC] Article: https://www.bbc.com/news/articles/c888rzkd0dzo?at_medium=RSS&at_campaign=rss
2025-12-28 12:51:40,523 - INFO - [BBC] Attempt 1/1: Trying with 'requests_browser' strategy...
2025-12-28 12:51:40,826 - INFO - [BBC] Success with 'requests_browser'. Found content (1546 words).
2025-12-28 12:51:40,869 - INFO - Duplicate article skipped: Brigitte Bardot: The blonde bombshell who revolutionised French cinema from BBC
2025-12-28 12:51:41,000 - INFO - [The Guardian] Article: https://www.theguardian.com/world/2025/dec/27/guinea-junta-leader-mamady-doumbouya-frontrunner-president-election
2025-12-28 12:51:41,000 - INFO - [The Guardian] Attempt 1/1: Trying with 'requests_browser' strategy...
2025-12-28 12:51:41,027 - INFO - [The Guardian] Success with 'requests_browser'. Found content (681 words).
2025-12-28 12:51:41,063 - INFO - Duplicate article skipped: Opposition anger as Guinea’s junta leader is frontrunner to be elected president | Guinea | The Guardian from The Guardian
2025-12-28 12:51:42,015 - INFO - [BBC] Article: https://www.bbc.com/news/articles/cy7vly6gm76o?at_medium=RSS&at_campaign=rss
2025-12-28 12:51:42,015 - INFO - [BBC] Attempt 1/1: Trying with 'requests_browser' strategy...
2025-12-28 12:51:42,052 - INFO - [BBC] Success with 'requests_browser'. Found content (968 words).
2025-12-28 12:51:42,090 - INFO - Duplicate article skipped: Polls close on first day of Myanmar's widely criticised 'sham' election from BBC
2025-12-28 12:51:42,267 - INFO - [The Guardian] Article: https://www.theguardian.com/world/2025/dec/26/israel-first-country-to-recognise-somaliland-sovereign-state
2025-12-28 12:51:42,267 - INFO - [The Guardian] Attempt 1/1: Trying with 'requests_browser' strategy...
2025-12-28 12:51:42,294 - INFO - [The Guardian] Success with 'requests_browser'. Found content (760 words).
2025-12-28 12:51:42,330 - INFO - Duplicate article skipped: Israel becomes first country to recognise Somaliland as sovereign state | Somaliland | The Guardian from The Guardian
2025-12-28 12:51:42,950 - INFO - [BBC] Article: https://www.bbc.com/news/articles/c1dzvpg1341o?at_medium=RSS&at_campaign=rss
2025-12-28 12:51:42,950 - INFO - [BBC] Attempt 1/1: Trying with 'requests_browser' strategy...
2025-12-28 12:51:42,983 - INFO - [BBC] Success with 'requests_browser'. Found content (742 words).
2025-12-28 12:51:43,021 - INFO - Duplicate article skipped: Zelensky says Russia 'doesn't want peace', ahead of Florida meeting with Trump from BBC
2025-12-28 12:51:43,294 - INFO - [The Guardian] Article: https://www.theguardian.com/world/2025/dec/26/british-egyptian-activist-alaa-abd-el-fattah-arrives-in-uk-after-travel-ban-lifted
2025-12-28 12:51:43,295 - INFO - [The Guardian] Attempt 1/1: Trying with 'requests_browser' strategy...
2025-12-28 12:51:43,327 - INFO - [The Guardian] Success with 'requests_browser'. Found content (667 words).
2025-12-28 12:51:43,370 - INFO - Duplicate article skipped: British-Egyptian activist Alaa Abd el-Fattah arrives in UK after travel ban lifted | Egypt | The Guardian from The Guardian
2025-12-28 12:51:44,252 - INFO - [BBC] Article: https://www.bbc.com/news/articles/cdj817m37rgo?at_medium=RSS&at_campaign=rss
2025-12-28 12:51:44,252 - INFO - [BBC] Attempt 1/1: Trying with 'requests_browser' strategy...
2025-12-28 12:51:44,281 - INFO - [BBC] Success with 'requests_browser'. Found content (344 words).
2025-12-28 12:51:44,315 - INFO - Duplicate article skipped: Storm Johannes: Two killed in Sweden as major storm sweeps Nordic countries from BBC
2025-12-28 12:51:44,725 - INFO - [The Guardian] Article: https://www.theguardian.com/us-news/2025/dec/26/trump-supporters-nigeria-airstrikes
2025-12-28 12:51:44,726 - INFO - [The Guardian] Attempt 1/1: Trying with 'requests_browser' strategy...
2025-12-28 12:51:44,757 - INFO - [The Guardian] Success with 'requests_browser'. Found content (853 words).
2025-12-28 12:51:44,801 - INFO - Duplicate article skipped: Trump supporters hail US strikes in Nigeria as ‘amazing Christmas present’ | Republicans | The Guardian from The Guardian
2025-12-28 12:51:45,031 - INFO - [BBC] Article: https://www.bbc.com/news/articles/c3v1g227p4xo?at_medium=RSS&at_campaign=rss
2025-12-28 12:51:45,032 - INFO - [BBC] Attempt 1/1: Trying with 'requests_browser' strategy...
2025-12-28 12:51:45,083 - INFO - [BBC] Success with 'requests_browser'. Found content (312 words).
2025-12-28 12:51:45,127 - INFO - Saved article: Executions in Iran more than double in 2025, IHR report says from BBC
2025-12-28 12:51:45,407 - INFO - [The Guardian] Article: https://www.theguardian.com/world/2025/dec/26/venezuela-political-prisoner-release
2025-12-28 12:51:45,408 - INFO - [The Guardian] Attempt 1/1: Trying with 'requests_browser' strategy...
2025-12-28 12:51:45,437 - INFO - [The Guardian] Success with 'requests_browser'. Found content (540 words).
2025-12-28 12:51:45,473 - INFO - Duplicate article skipped: Venezuela says it released 99 people detained for 2024 election protests | Venezuela | The Guardian from The Guardian
2025-12-28 12:51:46,357 - INFO - [BBC] Article: https://www.bbc.com/news/videos/cz7n4px7e41o?at_medium=RSS&at_campaign=rss
2025-12-28 12:51:46,357 - INFO - [BBC] Attempt 1/1: Trying with 'requests_browser' strategy...
2025-12-28 12:51:46,388 - INFO - [The Guardian] Article: https://www.theguardian.com/world/2025/dec/26/weather-tracker-deep-freeze-canada-us-records-warmest-christmas
2025-12-28 12:51:46,388 - INFO - [The Guardian] Attempt 1/1: Trying with 'requests_browser' strategy...
2025-12-28 12:51:46,417 - INFO - [BBC] Success with 'requests_browser'. Found content (86 words).
2025-12-28 12:51:46,470 - INFO - Duplicate article skipped: Snow-capped Mount Etna erupts as skiers glide down slopes from BBC
2025-12-28 12:51:46,474 - INFO - [The Guardian] Success with 'requests_browser'. Found content (361 words).
2025-12-28 12:51:46,515 - INFO - Duplicate article skipped: Weather tracker: Deep freeze grips Canada as US records warmest Christmas | Canada | The Guardian from The Guardian
2025-12-28 12:51:47,368 - INFO - Selenium driver initialized successfully.
2025-12-28 12:51:47,369 - INFO - Starting scrape for The Hindu RSS feed: https://www.thehindu.com/news/national/feeder/default.rss
2025-12-28 12:51:47,370 - INFO - Selenium driver initialized successfully.
2025-12-28 12:51:47,370 - INFO - Starting scrape for Times of India RSS feed: https://timesofindia.indiatimes.com/rssfeeds/296589292.cms
2025-12-28 12:51:47,461 - INFO - Found 20 articles in Times of India RSS feed. Processing up to 10.
2025-12-28 12:51:47,461 - INFO - [Times of India] Article: https://timesofindia.indiatimes.com/world/europe/if-kyiv-doesnt-want-peace-putins-big-warning-ahead-of-zelenskyy-trump-meet-threatens-military-action-on-ukraine/articleshow/126215302.cms
2025-12-28 12:51:47,461 - INFO - [Times of India] Attempt 1/1: Trying with 'selenium_browser' strategy...
2025-12-28 12:51:47,577 - INFO - [The Guardian] Article: https://www.theguardian.com/environment/2025/dec/25/they-are-scared-of-us-now-how-one-tropical-forest-turned-the-tide-on-loggers
2025-12-28 12:51:47,577 - INFO - [The Guardian] Attempt 1/1: Trying with 'requests_browser' strategy...
2025-12-28 12:51:47,606 - INFO - Found 100 articles in The Hindu RSS feed. Processing up to 10.
2025-12-28 12:51:47,606 - INFO - [The Hindu] Article: https://www.thehindu.com/business/Industry/akum-pharmas-finance-chief-rajkumar-bafna-resigns-citing-pollution-in-delhi/article70446189.ece
2025-12-28 12:51:47,607 - INFO - [The Hindu] Attempt 1/1: Trying with 'selenium_browser' strategy...
2025-12-28 12:51:47,612 - INFO - [BBC] Article: https://www.bbc.com/news/articles/cde61jz5653o?at_medium=RSS&at_campaign=rss
2025-12-28 12:51:47,612 - INFO - [BBC] Attempt 1/1: Trying with 'requests_browser' strategy...
2025-12-28 12:51:47,636 - INFO - [The Guardian] Success with 'requests_browser'. Found content (1079 words).
2025-12-28 12:51:47,694 - INFO - Duplicate article skipped: ‘They’re scared of us now’: how co-investment in a tropical forest saw off loggers | Panama | The Guardian from The Guardian
2025-12-28 12:51:47,699 - INFO - [BBC] Success with 'requests_browser'. Found content (487 words).
2025-12-28 12:51:47,745 - INFO - Saved article: Iranian cinema giant, Bahram Beyzai, dies aged 87 from BBC
2025-12-28 12:51:48,641 - INFO - [BBC] Article: https://www.bbc.com/news/articles/cd9z1k4g40jo?at_medium=RSS&at_campaign=rss
2025-12-28 12:51:48,642 - INFO - [BBC] Attempt 1/1: Trying with 'requests_browser' strategy...
2025-12-28 12:51:48,702 - INFO - [BBC] Success with 'requests_browser'. Found content (403 words).
2025-12-28 12:51:48,775 - INFO - Duplicate article skipped: Cruise ship hits reef on first trip since leaving passenger on island from BBC
2025-12-28 12:51:48,844 - INFO - [The Guardian] Article: https://www.theguardian.com/world/2025/dec/25/cape-froward-new-national-park-patagonia-chile
2025-12-28 12:51:48,844 - INFO - [The Guardian] Attempt 1/1: Trying with 'requests_browser' strategy...
2025-12-28 12:51:48,890 - INFO - [The Guardian] Success with 'requests_browser'. Found content (939 words).
2025-12-28 12:51:48,975 - INFO - Duplicate article skipped: ‘It’s the wildest place I have walked’: new national park will join up Chile’s 2,800km wildlife corridor | Chile | The Guardian from The Guardian
2025-12-28 12:51:49,744 - INFO - [The Guardian] Article: https://www.theguardian.com/world/2025/dec/24/honduras-nasry-tito-asfura-declared-president-donald-trump-backed
2025-12-28 12:51:49,744 - INFO - [The Guardian] Attempt 1/1: Trying with 'requests_browser' strategy...
2025-12-28 12:51:49,954 - INFO - [The Guardian] Success with 'requests_browser'. Found content (577 words).
2025-12-28 12:51:50,109 - INFO - Duplicate article skipped: Trump-backed candidate Asfura declared new president of Honduras | Honduras | The Guardian from The Guardian
2025-12-28 12:51:50,267 - INFO - [BBC] Article: https://www.bbc.com/news/articles/c93wjn1y72vo?at_medium=RSS&at_campaign=rss
2025-12-28 12:51:50,267 - INFO - [BBC] Attempt 1/1: Trying with 'requests_browser' strategy...
2025-12-28 12:51:50,391 - INFO - [BBC] Success with 'requests_browser'. Found content (977 words).
2025-12-28 12:51:50,557 - INFO - Saved article: Fearing deportation, Hondurans in the US send more cash home than ever before from BBC
2025-12-28 12:51:51,252 - INFO - [BBC] Article: https://www.bbc.com/news/articles/cpvd90k2zn4o?at_medium=RSS&at_campaign=rss
2025-12-28 12:51:51,253 - INFO - [BBC] Attempt 1/1: Trying with 'requests_browser' strategy...
2025-12-28 12:51:51,353 - INFO - [The Hindu] Page content loaded.
2025-12-28 12:51:51,371 - INFO - [BBC] Success with 'requests_browser'. Found content (272 words).
2025-12-28 12:51:51,493 - INFO - Duplicate article skipped: Annette Dionne: Last of Canada's Dionne quintuplets dies aged 91 from BBC
2025-12-28 12:51:52,960 - INFO - [The Hindu] Success with 'selenium_browser'. Found content (318 words).
2025-12-28 12:51:53,216 - INFO - Saved article: Akum Pharma’s Finance chief Rajkumar Bafna resigns citing pollution in Delhi - The Hindu from The Hindu
2025-12-28 12:51:54,541 - INFO - [The Hindu] Article: https://www.thehindu.com/news/national/andhra-pradesh/congress-will-regain-strength-says-vizianagaram-dcc-president/article70446152.ece
2025-12-28 12:51:54,541 - INFO - [The Hindu] Attempt 1/1: Trying with 'selenium_browser' strategy...
2025-12-28 12:51:58,362 - INFO - [The Hindu] Page content loaded.
2025-12-28 12:51:58,610 - INFO - [The Hindu] Success with 'selenium_browser'. Found content (137 words).
2025-12-28 12:51:59,068 - INFO - Saved article: Congress will regain strength, says Vizianagaram DCC president - The Hindu from The Hindu
2025-12-28 12:51:59,781 - INFO - [The Hindu] Article: https://www.thehindu.com/news/national/tamil-nadu/leaders-across-parties-pay-tribute-to-vijayakanth-on-second-death-anniversary/article70446105.ece
2025-12-28 12:51:59,781 - INFO - [The Hindu] Attempt 1/1: Trying with 'selenium_browser' strategy...
2025-12-28 12:52:04,023 - INFO - [The Hindu] Page content loaded.
2025-12-28 12:52:04,097 - INFO - [The Hindu] Success with 'selenium_browser'. Found content (218 words).
2025-12-28 12:52:04,186 - INFO - Saved article: Leaders across parties pay tribute to Vijayakanth on second death anniversary - The Hindu from The Hindu
2025-12-28 12:52:05,254 - INFO - [The Hindu] Article: https://www.thehindu.com/news/national/kerala/congress-scrambles-to-give-political-cover-to-mattathur-grama-panchayat-ward-members-who-voted-for-bjp/article70446153.ece
2025-12-28 12:52:05,254 - INFO - [The Hindu] Attempt 1/1: Trying with 'selenium_browser' strategy...
2025-12-28 12:52:07,169 - INFO - [The Hindu] Page content loaded.
2025-12-28 12:52:07,250 - INFO - [The Hindu] Success with 'selenium_browser'. Found content (363 words).
2025-12-28 12:52:07,316 - INFO - Saved article: Congress scrambles to give political cover to Mattathur Grama Panchayat ward members who ‘voted for BJP’ - The Hindu from The Hindu
2025-12-28 12:52:07,940 - INFO - [The Hindu] Article: https://www.thehindu.com/news/national/tamil-nadu/tncc-manifesto-committee-to-be-announced-soon-says-selvaperunthagai/article70446072.ece
2025-12-28 12:52:07,940 - INFO - [The Hindu] Attempt 1/1: Trying with 'selenium_browser' strategy...
2025-12-28 12:52:09,985 - INFO - [The Hindu] Page content loaded.
2025-12-28 12:52:10,077 - INFO - [The Hindu] Success with 'selenium_browser'. Found content (103 words).
2025-12-28 12:52:10,163 - INFO - Saved article: TNCC manifesto committee to be announced soon, says Selvaperunthagai - The Hindu from The Hindu
2025-12-28 12:52:11,571 - INFO - [The Hindu] Article: https://www.thehindu.com/news/national/tamil-nadu/more-than-442-lakh-apply-for-inclusion-in-electoral-rolls-as-of-december-27-in-tamil-nadu/article70446157.ece
2025-12-28 12:52:11,571 - INFO - [The Hindu] Attempt 1/1: Trying with 'selenium_browser' strategy...
2025-12-28 12:52:13,924 - INFO - [The Hindu] Page content loaded.
2025-12-28 12:52:14,207 - INFO - [The Hindu] Success with 'selenium_browser'. Found content (271 words).
2025-12-28 12:52:14,277 - INFO - Saved article: More than 4.42 lakh apply for inclusion in electoral rolls as of December 27 in Tamil Nadu - The Hindu from The Hindu
2025-12-28 12:52:15,439 - INFO - [The Hindu] Article: https://www.thehindu.com/news/national/telangana/bjp-seeks-longer-assembly-session-to-discuss-telangana-farmers-issues-governance-concerns/article70446006.ece
2025-12-28 12:52:15,439 - INFO - [The Hindu] Attempt 1/1: Trying with 'selenium_browser' strategy...
2025-12-28 12:52:17,676 - INFO - [The Hindu] Page content loaded.
2025-12-28 12:52:18,258 - INFO - [The Hindu] Success with 'selenium_browser'. Found content (266 words).
2025-12-28 12:52:18,354 - INFO - Saved article: BJP seeks longer Assembly session to discuss Telangana farmers’ issues, governance concerns - The Hindu from The Hindu
2025-12-28 12:52:19,506 - INFO - [The Hindu] Article: https://www.thehindu.com/news/national/kerala/kerala-state-electricity-board-nod-for-647841-crore-plan-outlay-for-2026-27/article70446004.ece
2025-12-28 12:52:19,506 - INFO - [The Hindu] Attempt 1/1: Trying with 'selenium_browser' strategy...
2025-12-28 12:52:21,871 - INFO - [The Hindu] Page content loaded.
2025-12-28 12:52:22,054 - INFO - [The Hindu] Success with 'selenium_browser'. Found content (305 words).
2025-12-28 12:52:22,153 - INFO - Saved article: Kerala State Electricity Board nod for ₹6,478.41 crore plan outlay for 2026-27 - The Hindu from The Hindu
2025-12-28 12:52:22,835 - INFO - [The Hindu] Article: https://www.thehindu.com/news/national/tamil-nadu/nagapattinams-deltaic-coast-caught-in-silky-crisis-with-sinking-shores/article70443921.ece
2025-12-28 12:52:22,835 - INFO - [The Hindu] Attempt 1/1: Trying with 'selenium_browser' strategy...
2025-12-28 12:52:24,894 - INFO - [The Hindu] Page content loaded.
2025-12-28 12:52:25,359 - INFO - [The Hindu] Success with 'selenium_browser'. Found content (597 words).
2025-12-28 12:52:25,450 - INFO - Saved article: Nagapattinam’s deltaic coast caught in ‘silky crisis’ with sinking shores - The Hindu from The Hindu
2025-12-28 12:52:26,483 - INFO - [The Hindu] Article: https://www.thehindu.com/news/national/west-bengal/tmc-slams-ec-for-forcing-elderly-people-pwds-to-turn-up-at-sir-hearing-camps/article70446108.ece
2025-12-28 12:52:26,483 - INFO - [The Hindu] Attempt 1/1: Trying with 'selenium_browser' strategy...
2025-12-28 12:52:28,403 - INFO - [The Hindu] Page content loaded.
2025-12-28 12:52:28,715 - INFO - [The Hindu] Success with 'selenium_browser'. Found content (296 words).
2025-12-28 12:52:28,789 - INFO - Saved article: TMC slams EC for 'forcing' elderly people, PWDs to turn up at SIR hearing camps - The Hindu from The Hindu
2025-12-28 12:52:30,040 - INFO - [The Hindu] (Thread) Finished. Attempting to shut down its Selenium driver.
2025-12-28 12:52:30,213 - INFO - [The Hindu] (Thread) driver.quit() successful.
2025-12-28 12:52:47,476 - ERROR - [Times of India] Request failed for strategy 'selenium_browser' on URL https://timesofindia.indiatimes.com/world/europe/if-kyiv-doesnt-want-peace-putins-big-warning-ahead-of-zelenskyy-trump-meet-threatens-military-action-on-ukraine/articleshow/126215302.cms: Message: timeout: Timed out receiving message from renderer: 59.930
  (Session info: chrome=143.0.7499.109)
Stacktrace:
#0 0x5605ab53519a <unknown>
#1 0x5605aafb2c4b <unknown>
#2 0x5605aaf9acf3 <unknown>
#3 0x5605aaf9a9d6 <unknown>
#4 0x5605aaf98897 <unknown>
#5 0x5605aaf991af <unknown>
#6 0x5605aafa7970 <unknown>
#7 0x5605aafc1017 <unknown>
#8 0x5605aafc76cb <unknown>
#9 0x5605aaf998d8 <unknown>
#10 0x5605aafc0dc3 <unknown>
#11 0x5605ab04ff60 <unknown>
#12 0x5605aaff6c42 <unknown>
#13 0x5605aaff78f1 <unknown>
#14 0x5605ab4fdf39 <unknown>
#15 0x5605ab500e7d <unknown>
#16 0x5605ab4e6c81 <unknown>
#17 0x5605ab501a5b <unknown>
#18 0x5605ab4cda50 <unknown>
#19 0x5605ab522aa8 <unknown>
#20 0x5605ab522c79 <unknown>
#21 0x5605ab5344f3 <unknown>
#22 0x7fc96649caa4 <unknown>
#23 0x7fc966529c6c <unknown>

2025-12-28 12:52:47,477 - ERROR - [Times of India] All scrape strategies failed for https://timesofindia.indiatimes.com/world/europe/if-kyiv-doesnt-want-peace-putins-big-warning-ahead-of-zelenskyy-trump-meet-threatens-military-action-on-ukraine/articleshow/126215302.cms. Falling back to RSS description.
2025-12-28 12:52:47,479 - INFO - Saved article: 'If Kyiv doesn't want peace …': Putin's big warning ahead of Zelenskyy-Trump meet; threatens military action on Ukraine from Times of India
2025-12-28 12:52:48,913 - INFO - [Times of India] Article: https://timesofindia.indiatimes.com/world/middle-east/dont-want-iran-to-stand-on-its-feet-pezeshkian-says-country-is-facing-full-fledged-war-with-west-israel-vows-decisive-response/articleshow/126214967.cms
2025-12-28 12:52:48,913 - INFO - [Times of India] Attempt 1/1: Trying with 'selenium_browser' strategy...
2025-12-28 12:52:49,856 - INFO - [Times of India] Page content loaded.
2025-12-28 12:52:49,978 - INFO - [Times of India] Success with 'selenium_browser'. Found content (313 words).
2025-12-28 12:52:50,111 - INFO - Saved article: ‘Don't want Iran to stand on its feet’: Pezeshkian says country is facing ‘full-fledged war’ with West, Israel; vows decisive response - The Times of India from Times of India
2025-12-28 12:52:50,619 - INFO - [Times of India] Article: https://timesofindia.indiatimes.com/world/uk/wrongfully-dismissed-faced-discrimination-indian-man-wins-case-against-kfc-outlet-superior-in-uk-to-get-70k-compensation/articleshow/126214576.cms
2025-12-28 12:52:50,619 - INFO - [Times of India] Attempt 1/1: Trying with 'selenium_browser' strategy...
2025-12-28 12:52:51,457 - INFO - [Times of India] Page content loaded.
2025-12-28 12:52:51,630 - INFO - [Times of India] Success with 'selenium_browser'. Found content (369 words).
2025-12-28 12:52:51,693 - INFO - Saved article: ‘Wrongfully dismissed, faced discrimination’: Indian man wins case against KFC outlet superior in UK; to get £70k compensation - The Times of India from Times of India
2025-12-28 12:52:52,326 - INFO - [Times of India] Article: https://timesofindia.indiatimes.com/world/middle-east/kuwait-introduces-new-e-services-to-simplify-visa-and-residency-transfers-for-expats/articleshow/126214567.cms
2025-12-28 12:52:52,326 - INFO - [Times of India] Attempt 1/1: Trying with 'selenium_browser' strategy...
2025-12-28 12:52:53,103 - INFO - [Times of India] Page content loaded.
2025-12-28 12:52:53,225 - INFO - [Times of India] Success with 'selenium_browser'. Found content (555 words).
2025-12-28 12:52:53,299 - INFO - Saved article: Kuwait introduces new e-services to simplify visa and residency transfers for expats | World News - The Times of India from Times of India
2025-12-28 12:52:54,320 - INFO - [Times of India] Article: https://timesofindia.indiatimes.com/world/middle-east/uae-lottery-announces-dh30-million-draw-results-winning-numbers-released/articleshow/126214104.cms
2025-12-28 12:52:54,320 - INFO - [Times of India] Attempt 1/1: Trying with 'selenium_browser' strategy...
2025-12-28 12:52:56,758 - INFO - [Times of India] Page content loaded.
2025-12-28 12:52:56,954 - INFO - [Times of India] Success with 'selenium_browser'. Found content (349 words).
2025-12-28 12:52:57,083 - INFO - Duplicate article skipped: UAE Lottery announces Dh30 million draw results; winning numbers released | World News - The Times of India from Times of India
2025-12-28 12:52:57,968 - INFO - [Times of India] Article: https://timesofindia.indiatimes.com/world/middle-east/watch-viral-video-italian-woman-surprises-dubai-delivery-agent-with-500-aed-christmas-tip/articleshow/126213813.cms
2025-12-28 12:52:57,968 - INFO - [Times of India] Attempt 1/1: Trying with 'selenium_browser' strategy...
2025-12-28 12:52:58,921 - INFO - [Times of India] Page content loaded.
2025-12-28 12:52:59,022 - INFO - [Times of India] Success with 'selenium_browser'. Found content (446 words).
2025-12-28 12:52:59,088 - INFO - Duplicate article skipped: Watch viral video: Italian woman surprises Dubai delivery agent with 500 AED Christmas tip | World News - The Times of India from Times of India
2025-12-28 12:53:00,316 - INFO - [Times of India] Article: https://timesofindia.indiatimes.com/world/pakistan/was-advised-to-take-shelter-in-bunker-pakistan-president-asif-ali-zardaris-massive-op-sindoor-admission-watch/articleshow/126213594.cms
2025-12-28 12:53:00,316 - INFO - [Times of India] Attempt 1/1: Trying with 'selenium_browser' strategy...
2025-12-28 12:53:01,206 - INFO - [Times of India] Page content loaded.
2025-12-28 12:53:01,362 - INFO - [Times of India] Success with 'selenium_browser'. Found content (361 words).
2025-12-28 12:53:01,413 - INFO - Duplicate article skipped: 'Was advised to take shelter in bunker': Pakistan President Asif Ali Zardari's big Op Sindoor admission - watch - The Times of India from Times of India
2025-12-28 12:53:02,562 - INFO - [Times of India] Article: https://timesofindia.indiatimes.com/science/with-days-left-on-baba-vangas-2025-alien-prediction-scientists-explain-what-first-contact-would-look-like/articleshow/126207752.cms
2025-12-28 12:53:02,562 - INFO - [Times of India] Attempt 1/1: Trying with 'selenium_browser' strategy...
2025-12-28 12:53:03,261 - INFO - [Times of India] Page content loaded.
2025-12-28 12:53:03,397 - INFO - [Times of India] Success with 'selenium_browser'. Found content (766 words).
2025-12-28 12:53:03,440 - INFO - Duplicate article skipped: With days left on Baba Vanga’s 2025 alien prediction, scientists explain what first contact would look like | - The Times of India from Times of India
2025-12-28 12:53:04,671 - INFO - [Times of India] Article: https://timesofindia.indiatimes.com/world/middle-east/flying-india-to-the-uae-two-new-airline-launch-could-make-tickets-cheaper/articleshow/126212860.cms
2025-12-28 12:53:04,671 - INFO - [Times of India] Attempt 1/1: Trying with 'selenium_browser' strategy...
2025-12-28 12:53:05,509 - INFO - [Times of India] Page content loaded.
2025-12-28 12:53:05,641 - INFO - [Times of India] Success with 'selenium_browser'. Found content (850 words).
2025-12-28 12:53:05,713 - INFO - Duplicate article skipped: Flying India to the UAE? Two new airline launch could make tickets cheaper | World News - The Times of India from Times of India
2025-12-28 12:53:06,552 - INFO - [Times of India] Article: https://timesofindia.indiatimes.com/world/middle-east/what-will-change-in-the-uae-from-january-2026-new-rules-every-resident-must-know-to-avoid-fines/articleshow/126212645.cms
2025-12-28 12:53:06,552 - INFO - [Times of India] Attempt 1/1: Trying with 'selenium_browser' strategy...
2025-12-28 12:53:07,308 - INFO - [Times of India] Page content loaded.
2025-12-28 12:53:07,437 - INFO - [Times of India] Success with 'selenium_browser'. Found content (880 words).
2025-12-28 12:53:07,492 - INFO - Duplicate article skipped: What will change in the UAE From January 2026? New rules every resident must know to avoid fines | World News - The Times of India from Times of India
2025-12-28 12:53:08,132 - INFO - [Times of India] (Thread) Finished. Attempting to shut down its Selenium driver.
2025-12-28 12:53:08,475 - INFO - [Times of India] (Thread) driver.quit() successful.
2025-12-28 12:53:08,475 - INFO - Shutting down thread pool (wait=False)...
2025-12-28 12:53:08,475 - INFO - Scraped: 10 The Hindu, 4 Times of India, 3 BBC, 0 The Guardian articles. (Total saved: 17)
2025-12-28 12:53:08,475 - INFO - --- Scraping job finished ---
2025-12-28 12:53:08,481 - INFO - --- Scraper service stopped and database connection closed. ---
2025-12-28 12:53:08,481 - INFO - --- Main thread finished. Forcing process exit to kill zombie threads. ---
