2026-02-06 10:49:41,010 - INFO - Initializing database connection at: news_articles.db
2026-02-06 10:49:41,010 - INFO - --- Scraper service started (CI Mode: Run Once) ---
2026-02-06 10:49:41,010 - INFO - --- Starting new scraping job (Parallel Mode) ---
2026-02-06 10:49:41,010 - INFO - Creating new robust session with 3 retries on 5xx/connection/read errors.
2026-02-06 10:49:41,010 - INFO - Proxy is DISABLED.
2026-02-06 10:49:41,010 - INFO - Starting scrape for BBC RSS feed: http://feeds.bbci.co.uk/news/world/rss.xml
2026-02-06 10:49:41,011 - INFO - [Times of India] (Thread) requires Selenium. Initializing driver...
2026-02-06 10:49:41,011 - INFO - Initializing headless Selenium Chrome driver (using SeleniumManager)...
2026-02-06 10:49:41,011 - INFO - Starting scrape for The Guardian RSS feed: https://www.theguardian.com/world/rss
2026-02-06 10:49:41,012 - INFO - [The Hindu] (Thread) requires Selenium. Initializing driver...
2026-02-06 10:49:41,013 - INFO - Initializing headless Selenium Chrome driver (using SeleniumManager)...
2026-02-06 10:49:41,013 - INFO - Submitted 4 jobs to thread pool. Waiting up to 300s for completion...
2026-02-06 10:49:41,081 - INFO - Found 45 articles in The Guardian RSS feed. Processing up to 10.
2026-02-06 10:49:41,081 - INFO - [The Guardian] Article: https://www.theguardian.com/world/2026/feb/05/nigeria-sends-troops-to-villages-attacked-by-jihadist-fighters
2026-02-06 10:49:41,081 - INFO - [The Guardian] Attempt 1/1: Trying with 'requests_browser' strategy...
2026-02-06 10:49:41,193 - INFO - [The Guardian] Success with 'requests_browser'. Found content (663 words).
2026-02-06 10:49:41,224 - INFO - Duplicate article skipped: ‘They killed my sons’: chief of Nigerian village where jihadists massacred hundreds recounts night of terror | Nigeria | The Guardian from The Guardian
2026-02-06 10:49:41,437 - INFO - Found 26 articles in BBC RSS feed. Processing up to 10.
2026-02-06 10:49:41,438 - INFO - [BBC] Article: https://www.bbc.com/news/articles/cr57g1y8286o?at_medium=RSS&at_campaign=rss
2026-02-06 10:49:41,438 - INFO - [BBC] Attempt 1/1: Trying with 'requests_browser' strategy...
2026-02-06 10:49:41,732 - INFO - [BBC] Success with 'requests_browser'. Found content (888 words).
2026-02-06 10:49:41,767 - INFO - Duplicate article skipped: US and Iran talks to begin as fears of direct conflict continue from BBC
2026-02-06 10:49:41,937 - INFO - [The Guardian] Article: https://www.theguardian.com/world/2026/feb/04/gunmen-west-nigeria-attack-red-cross
2026-02-06 10:49:41,937 - INFO - [The Guardian] Attempt 1/1: Trying with 'requests_browser' strategy...
2026-02-06 10:49:42,053 - INFO - [The Guardian] Success with 'requests_browser'. Found content (881 words).
2026-02-06 10:49:42,088 - INFO - Duplicate article skipped: Gunmen kill more than 160 people in attacks on two west Nigeria villages | Nigeria | The Guardian from The Guardian
2026-02-06 10:49:42,678 - INFO - [BBC] Article: https://www.bbc.com/news/articles/c3686nzexp3o?at_medium=RSS&at_campaign=rss
2026-02-06 10:49:42,678 - INFO - [BBC] Attempt 1/1: Trying with 'requests_browser' strategy...
2026-02-06 10:49:42,708 - INFO - [BBC] Success with 'requests_browser'. Found content (422 words).
2026-02-06 10:49:42,741 - INFO - Saved article: Russian general Alexeyev shot several times in Moscow attack from BBC
2026-02-06 10:49:43,186 - INFO - [The Guardian] Article: https://www.theguardian.com/world/2026/feb/04/uganda-opposition-leader-bobi-wine-in-hiding-muhoozi-kainerugaba-feud
2026-02-06 10:49:43,186 - INFO - [The Guardian] Attempt 1/1: Trying with 'requests_browser' strategy...
2026-02-06 10:49:43,296 - INFO - [The Guardian] Success with 'requests_browser'. Found content (873 words).
2026-02-06 10:49:43,329 - INFO - Duplicate article skipped: Ugandan opposition leader still in hiding as feud with president’s son escalates | Uganda | The Guardian from The Guardian
2026-02-06 10:49:43,704 - INFO - [BBC] Article: https://www.bbc.com/news/articles/c62rexy9y3no?at_medium=RSS&at_campaign=rss
2026-02-06 10:49:43,704 - INFO - [BBC] Attempt 1/1: Trying with 'requests_browser' strategy...
2026-02-06 10:49:43,753 - INFO - [BBC] Success with 'requests_browser'. Found content (1517 words).
2026-02-06 10:49:43,791 - INFO - Duplicate article skipped: We had sex in a Chinese hotel, then found we had been broadcast to thousands from BBC
2026-02-06 10:49:44,711 - INFO - [The Guardian] Article: https://www.theguardian.com/global-development/2026/feb/04/death-of-nigerian-singer-highlights-crisis-of-preventable-snakebite-fatalities
2026-02-06 10:49:44,712 - INFO - [The Guardian] Attempt 1/1: Trying with 'requests_browser' strategy...
2026-02-06 10:49:44,823 - INFO - [BBC] Article: https://www.bbc.com/news/articles/c0r4lrly44xo?at_medium=RSS&at_campaign=rss
2026-02-06 10:49:44,824 - INFO - [BBC] Attempt 1/1: Trying with 'requests_browser' strategy...
2026-02-06 10:49:44,856 - INFO - [BBC] Success with 'requests_browser'. Found content (772 words).
2026-02-06 10:49:44,891 - INFO - Duplicate article skipped: Canada and France to open Greenland consulates after Trump demands from BBC
2026-02-06 10:49:45,041 - INFO - [The Guardian] Success with 'requests_browser'. Found content (734 words).
2026-02-06 10:49:45,074 - INFO - Duplicate article skipped: Death of Nigerian singer after snakebite highlights crisis of ‘preventable’ fatalities | Global development | The Guardian from The Guardian
2026-02-06 10:49:45,456 - INFO - [BBC] Article: https://www.bbc.com/news/articles/c5yd14r2mgno?at_medium=RSS&at_campaign=rss
2026-02-06 10:49:45,456 - INFO - [BBC] Attempt 1/1: Trying with 'requests_browser' strategy...
2026-02-06 10:49:45,488 - INFO - [BBC] Success with 'requests_browser'. Found content (672 words).
2026-02-06 10:49:45,544 - INFO - Duplicate article skipped: Trump endorses Japan's Takaichi before snap election from BBC
2026-02-06 10:49:46,338 - INFO - [The Guardian] Article: https://www.theguardian.com/global-development/2026/feb/04/trump-us-china-russia-democratic-recession-peril-human-rights-watch
2026-02-06 10:49:46,338 - INFO - [The Guardian] Attempt 1/1: Trying with 'requests_browser' strategy...
2026-02-06 10:49:46,452 - INFO - [The Guardian] Success with 'requests_browser'. Found content (763 words).
2026-02-06 10:49:46,486 - INFO - Duplicate article skipped: Trump-led abuses amid ‘democratic recession’ put human rights in peril, HRW report says | Human rights | The Guardian from The Guardian
2026-02-06 10:49:46,894 - INFO - [BBC] Article: https://www.bbc.com/news/articles/c2e18wvrx9xo?at_medium=RSS&at_campaign=rss
2026-02-06 10:49:46,894 - INFO - [BBC] Attempt 1/1: Trying with 'requests_browser' strategy...
2026-02-06 10:49:46,931 - INFO - [BBC] Success with 'requests_browser'. Found content (767 words).
2026-02-06 10:49:46,968 - INFO - Duplicate article skipped: US police believe Savannah Guthrie's missing mother is 'still out there' from BBC
2026-02-06 10:49:47,061 - INFO - [The Guardian] Article: https://www.theguardian.com/world/2026/feb/05/trump-cuba-us-talks
2026-02-06 10:49:47,061 - INFO - [The Guardian] Attempt 1/1: Trying with 'requests_browser' strategy...
2026-02-06 10:49:47,084 - INFO - [The Guardian] Success with 'requests_browser'. Found content (529 words).
2026-02-06 10:49:47,122 - INFO - Duplicate article skipped: Cuba open to talks with US ‘without pressure’ after months of Trump threats | Cuba | The Guardian from The Guardian
2026-02-06 10:49:48,002 - INFO - [The Guardian] Article: https://www.theguardian.com/world/2026/feb/05/toronto-police-organized-crime-canada
2026-02-06 10:49:48,002 - INFO - [The Guardian] Attempt 1/1: Trying with 'requests_browser' strategy...
2026-02-06 10:49:48,023 - INFO - [The Guardian] Success with 'requests_browser'. Found content (622 words).
2026-02-06 10:49:48,055 - INFO - Duplicate article skipped: Eight current and former Toronto police arrested in organized crime inquiry | Canada | The Guardian from The Guardian
2026-02-06 10:49:48,343 - INFO - [BBC] Article: https://www.bbc.com/news/articles/cly3ygj7189o?at_medium=RSS&at_campaign=rss
2026-02-06 10:49:48,343 - INFO - [BBC] Attempt 1/1: Trying with 'requests_browser' strategy...
2026-02-06 10:49:48,372 - INFO - [BBC] Success with 'requests_browser'. Found content (441 words).
2026-02-06 10:49:48,406 - INFO - Saved article: Pandora to switch from silver to platinum over price surge from BBC
2026-02-06 10:49:49,043 - INFO - [BBC] Article: https://www.bbc.com/news/articles/c150e144we3o?at_medium=RSS&at_campaign=rss
2026-02-06 10:49:49,043 - INFO - [BBC] Attempt 1/1: Trying with 'requests_browser' strategy...
2026-02-06 10:49:49,074 - INFO - [BBC] Success with 'requests_browser'. Found content (653 words).
2026-02-06 10:49:49,098 - INFO - [The Guardian] Article: https://www.theguardian.com/world/2026/feb/05/nicolas-maduro-alex-saab-caracas-venezuela
2026-02-06 10:49:49,103 - INFO - [The Guardian] Attempt 1/1: Trying with 'requests_browser' strategy...
2026-02-06 10:49:49,113 - INFO - Saved article: Amazon shares fall as it joins Big Tech AI spending spree from BBC
2026-02-06 10:49:49,217 - INFO - [The Guardian] Success with 'requests_browser'. Found content (586 words).
2026-02-06 10:49:49,248 - INFO - Duplicate article skipped: Maduro’s alleged frontman Alex Saab reportedly detained in Caracas | Venezuela | The Guardian from The Guardian
2026-02-06 10:49:49,937 - INFO - [BBC] Article: https://www.bbc.com/news/articles/cy8y6w2nl0qo?at_medium=RSS&at_campaign=rss
2026-02-06 10:49:49,937 - INFO - [BBC] Attempt 1/1: Trying with 'requests_browser' strategy...
2026-02-06 10:49:49,966 - INFO - [BBC] Success with 'requests_browser'. Found content (322 words).
2026-02-06 10:49:49,999 - INFO - Duplicate article skipped: Norway investigates former PM Jagland over alleged Epstein links from BBC
2026-02-06 10:49:50,371 - INFO - [The Guardian] Article: https://www.theguardian.com/world/2026/feb/05/el-helicoide-delcy-rodriguez-venezuela
2026-02-06 10:49:50,371 - INFO - [The Guardian] Attempt 1/1: Trying with 'requests_browser' strategy...
2026-02-06 10:49:50,485 - INFO - [The Guardian] Success with 'requests_browser'. Found content (944 words).
2026-02-06 10:49:50,519 - INFO - Duplicate article skipped: Venezuela plan to turn notorious prison into cultural centre scrubs past horrors, critics say | Venezuela | The Guardian from The Guardian
2026-02-06 10:49:51,050 - INFO - [BBC] Article: https://www.bbc.com/news/articles/c62np09q7l1o?at_medium=RSS&at_campaign=rss
2026-02-06 10:49:51,050 - INFO - [BBC] Attempt 1/1: Trying with 'requests_browser' strategy...
2026-02-06 10:49:51,081 - INFO - [BBC] Success with 'requests_browser'. Found content (435 words).
2026-02-06 10:49:51,116 - INFO - Duplicate article skipped: Russia and Ukraine exchange prisoners as peace talks end without breakthrough from BBC
2026-02-06 10:49:51,299 - INFO - Selenium driver initialized successfully.
2026-02-06 10:49:51,300 - INFO - Selenium driver initialized successfully.
2026-02-06 10:49:51,300 - INFO - Starting scrape for Times of India RSS feed: https://timesofindia.indiatimes.com/rssfeeds/296589292.cms
2026-02-06 10:49:51,300 - INFO - Starting scrape for The Hindu RSS feed: https://www.thehindu.com/news/national/feeder/default.rss
2026-02-06 10:49:51,491 - INFO - Found 100 articles in The Hindu RSS feed. Processing up to 10.
2026-02-06 10:49:51,491 - INFO - [The Hindu] Article: https://www.thehindu.com/news/national/supreme-court-gives-telangana-speaker-more-time-to-decide-anti-defection-pleas-against-brs-mlas-who-shifted-allegiance/article70599426.ece
2026-02-06 10:49:51,491 - INFO - [The Hindu] Attempt 1/1: Trying with 'selenium_browser' strategy...
2026-02-06 10:49:51,632 - INFO - Found 20 articles in Times of India RSS feed. Processing up to 10.
2026-02-06 10:49:51,632 - INFO - [Times of India] Article: https://timesofindia.indiatimes.com/world/south-asia/bangladesh-crisis-sound-grenades-tear-gas-used-on-protesters-near-yunus-residence/articleshow/127983220.cms
2026-02-06 10:49:51,632 - INFO - [Times of India] Attempt 1/1: Trying with 'selenium_browser' strategy...
2026-02-06 10:49:51,650 - INFO - [The Guardian] Article: https://www.theguardian.com/news/audio/2026/feb/04/the-people-betting-on-catastrophic-world-events-podcast
2026-02-06 10:49:51,650 - INFO - [The Guardian] Attempt 1/1: Trying with 'requests_browser' strategy...
2026-02-06 10:49:51,782 - INFO - [The Guardian] Success with 'requests_browser'. Found content (320 words).
2026-02-06 10:49:51,834 - INFO - Duplicate article skipped: The people betting on catastrophic world events – podcast | Business | The Guardian from The Guardian
2026-02-06 10:49:55,941 - INFO - [The Hindu] Page content loaded.
2026-02-06 10:49:56,728 - INFO - [The Hindu] Success with 'selenium_browser'. Found content (323 words).
2026-02-06 10:49:57,342 - INFO - Saved article: Supreme Court gives Telangana Speaker more time to decide anti-defection pleas against BRS MLAs who shifted allegiance - The Hindu from The Hindu
2026-02-06 10:49:58,062 - INFO - [The Hindu] Article: https://www.thehindu.com/news/national/tamil-nadu/tn-cm-stalin-inaugurates-upgraded-headquarters-hospitals-labs-samathuvapurams/article70599402.ece
2026-02-06 10:49:58,062 - INFO - [The Hindu] Attempt 1/1: Trying with 'selenium_browser' strategy...
2026-02-06 10:50:00,953 - INFO - [The Hindu] Page content loaded.
2026-02-06 10:50:01,211 - INFO - [The Hindu] Success with 'selenium_browser'. Found content (286 words).
2026-02-06 10:50:01,398 - INFO - Saved article: T.N. CM Stalin inaugurates upgraded headquarters hospitals, labs, Samathuvapurams - The Hindu from The Hindu
2026-02-06 10:50:02,528 - INFO - [The Hindu] Article: https://www.thehindu.com/news/national/gujarat/gas-leak-at-cynax-metachem-factory-in-vapi-gujarat/article70599614.ece
2026-02-06 10:50:02,528 - INFO - [The Hindu] Attempt 1/1: Trying with 'selenium_browser' strategy...
2026-02-06 10:50:05,670 - INFO - [The Hindu] Page content loaded.
2026-02-06 10:50:05,967 - INFO - [The Hindu] Success with 'selenium_browser'. Found content (137 words).
2026-02-06 10:50:06,097 - INFO - Saved article: Four hospitalised after gas leak at factory in Gujarat’s Vapi - The Hindu from The Hindu
2026-02-06 10:50:06,750 - INFO - [The Hindu] Article: https://www.thehindu.com/news/cities/chennai/working-womens-forum-hosts-un-side-event-on-grassroots-womens-cooperatives/article70597197.ece
2026-02-06 10:50:06,751 - INFO - [The Hindu] Attempt 1/1: Trying with 'selenium_browser' strategy...
2026-02-06 10:50:09,585 - INFO - [The Hindu] Page content loaded.
2026-02-06 10:50:09,895 - INFO - [The Hindu] Success with 'selenium_browser'. Found content (231 words).
2026-02-06 10:50:10,034 - INFO - Saved article: Working Women’s Forum hosts U.N. side event on grassroots women’s cooperatives - The Hindu from The Hindu
2026-02-06 10:50:11,447 - INFO - [The Hindu] Article: https://www.thehindu.com/news/cities/Hyderabad/hyderabad-airport-issues-advisory-as-app-based-cabs-may-not-be-available-on-february-7-due-to-pan-india-strike/article70599518.ece
2026-02-06 10:50:11,447 - INFO - [The Hindu] Attempt 1/1: Trying with 'selenium_browser' strategy...
2026-02-06 10:50:16,354 - INFO - [The Hindu] Page content loaded.
2026-02-06 10:50:16,426 - INFO - [The Hindu] Success with 'selenium_browser'. Found content (183 words).
2026-02-06 10:50:16,550 - INFO - Saved article: Hyderabad airport issues advisory as app-based cabs go on pan-India strike - The Hindu from The Hindu
2026-02-06 10:50:17,431 - INFO - [The Hindu] Article: https://www.thehindu.com/news/national/karnataka/kalaburagi-not-prepared-for-water-shortage-in-summer-due-to-mismanagement-by-civic-body-alleges-opposition/article70596459.ece
2026-02-06 10:50:17,431 - INFO - [The Hindu] Attempt 1/1: Trying with 'selenium_browser' strategy...
2026-02-06 10:50:18,327 - INFO - [The Hindu] Page content loaded.
2026-02-06 10:50:18,404 - INFO - [The Hindu] Success with 'selenium_browser'. Found content (331 words).
2026-02-06 10:50:18,503 - INFO - Saved article: Kalaburagi not prepared for water shortage in summer due to mismanagement by civic body: Opposition - The Hindu from The Hindu
2026-02-06 10:50:19,138 - INFO - [The Hindu] Article: https://www.thehindu.com/news/national/rajasthan/rajasthan-sri-ganganagar-murder-woman-lover-husband-police/article70599559.ece
2026-02-06 10:50:19,138 - INFO - [The Hindu] Attempt 1/1: Trying with 'selenium_browser' strategy...
2026-02-06 10:50:19,926 - INFO - [The Hindu] Page content loaded.
2026-02-06 10:50:19,974 - INFO - [The Hindu] Success with 'selenium_browser'. Found content (477 words).
2026-02-06 10:50:20,046 - INFO - Saved article: Woman, her lover among four arrested for husband’s murder in Rajasthan's Sri Ganganagar - The Hindu from The Hindu
2026-02-06 10:50:20,593 - INFO - [The Hindu] Article: https://www.thehindu.com/news/national/indias-imports-from-china-dip-in-multiple-sectors-in-2024-25-jitin-prasada/article70599516.ece
2026-02-06 10:50:20,593 - INFO - [The Hindu] Attempt 1/1: Trying with 'selenium_browser' strategy...
2026-02-06 10:50:21,598 - INFO - [The Hindu] Page content loaded.
2026-02-06 10:50:21,663 - INFO - [The Hindu] Success with 'selenium_browser'. Found content (183 words).
2026-02-06 10:50:21,752 - INFO - Saved article: India's imports from China dip in multiple sectors in 2024-25: Jitin Prasada - The Hindu from The Hindu
2026-02-06 10:50:22,557 - INFO - [The Hindu] Article: https://www.thehindu.com/news/national/assam/congress-launches-save-land-save-race-rally-in-poll-bound-assam/article70599406.ece
2026-02-06 10:50:22,558 - INFO - [The Hindu] Attempt 1/1: Trying with 'selenium_browser' strategy...
2026-02-06 10:50:24,763 - INFO - [The Hindu] Page content loaded.
2026-02-06 10:50:24,825 - INFO - [The Hindu] Success with 'selenium_browser'. Found content (428 words).
2026-02-06 10:50:24,899 - INFO - Saved article: Congress launches ‘save land, save race’ rally in poll-bound Assam - The Hindu from The Hindu
2026-02-06 10:50:26,014 - INFO - [The Hindu] Article: https://www.thehindu.com/news/national/telangana/development-of-one-telangana-tourism-project-under-prashad-scheme-completed-three-ongoing/article70599050.ece
2026-02-06 10:50:26,014 - INFO - [The Hindu] Attempt 1/1: Trying with 'selenium_browser' strategy...
2026-02-06 10:50:26,612 - INFO - [The Hindu] Page content loaded.
2026-02-06 10:50:26,782 - INFO - [The Hindu] Success with 'selenium_browser'. Found content (248 words).
2026-02-06 10:50:26,858 - INFO - Saved article: Development of one Telangana tourism project under PRASHAD scheme completed; three ongoing - The Hindu from The Hindu
2026-02-06 10:50:27,975 - INFO - [The Hindu] (Thread) Finished. Attempting to shut down its Selenium driver.
2026-02-06 10:50:28,097 - INFO - [The Hindu] (Thread) driver.quit() successful.
2026-02-06 10:50:32,418 - INFO - [Times of India] Page content loaded.
2026-02-06 10:50:32,647 - INFO - [Times of India] Success with 'selenium_browser'. Found content (635 words).
2026-02-06 10:50:32,773 - INFO - Saved article: Bangladesh crisis: Sound grenades & tear gas used on protesters near Yunus residence - The Times of India from Times of India
2026-02-06 10:50:33,971 - INFO - [Times of India] Article: https://timesofindia.indiatimes.com/world/us/donald-trump-posts-ai-video-depicting-barack-and-michelle-obama-as-monkeys-democrats-condemn-post-as-racist/articleshow/127980734.cms
2026-02-06 10:50:33,971 - INFO - [Times of India] Attempt 1/1: Trying with 'selenium_browser' strategy...
2026-02-06 10:50:37,338 - INFO - [Times of India] Page content loaded.
2026-02-06 10:50:37,532 - INFO - [Times of India] Success with 'selenium_browser'. Found content (269 words).
2026-02-06 10:50:37,598 - INFO - Saved article: Donald Trump posts AI video depicting Barack and Michelle Obama as monkeys; Democrats condemn post as racist - The Times of India from Times of India
2026-02-06 10:50:38,707 - INFO - [Times of India] Article: https://timesofindia.indiatimes.com/world/middle-east/readiness-to-defend-against-any-adventurism-by-us-irans-massive-warning-ahead-of-oman-talks/articleshow/127978474.cms
2026-02-06 10:50:38,708 - INFO - [Times of India] Attempt 1/1: Trying with 'selenium_browser' strategy...
2026-02-06 10:50:40,219 - INFO - [Times of India] Page content loaded.
2026-02-06 10:50:40,352 - INFO - [Times of India] Success with 'selenium_browser'. Found content (412 words).
2026-02-06 10:50:40,428 - INFO - Saved article: 'Readiness to defend against any adventurism by US': Iran's massive warning ahead of Oman talks - The Times of India from Times of India
2026-02-06 10:50:41,898 - INFO - [Times of India] Article: https://timesofindia.indiatimes.com/world/middle-east/dubai-sharjah-to-see-rain-as-temperatures-hold-at-24c-authorities-issue-advisory/articleshow/127975163.cms
2026-02-06 10:50:41,899 - INFO - [Times of India] Attempt 1/1: Trying with 'selenium_browser' strategy...
2026-02-06 10:50:42,809 - INFO - [Times of India] Page content loaded.
2026-02-06 10:50:42,981 - INFO - [Times of India] Success with 'selenium_browser'. Found content (496 words).
2026-02-06 10:50:43,025 - INFO - Duplicate article skipped: Dubai, Sharjah to see rain as temperatures hold at 24°C; authorities issue advisory | World News - The Times of India from Times of India
2026-02-06 10:50:43,847 - INFO - [Times of India] Article: https://timesofindia.indiatimes.com/world/middle-east/saudi-arabia-revokes-licences-of-74-private-schools-over-safety-and-regulatory-violations/articleshow/127974280.cms
2026-02-06 10:50:43,847 - INFO - [Times of India] Attempt 1/1: Trying with 'selenium_browser' strategy...
2026-02-06 10:50:44,401 - INFO - [Times of India] Page content loaded.
2026-02-06 10:50:44,544 - INFO - [Times of India] Success with 'selenium_browser'. Found content (347 words).
2026-02-06 10:50:44,601 - INFO - Duplicate article skipped: Saudi Arabia revokes licences of 74 private schools over safety and regulatory violations | World News - The Times of India from Times of India
2026-02-06 10:50:45,851 - INFO - [Times of India] Article: https://timesofindia.indiatimes.com/world/middle-east/dubai-traffic-alert-today-major-road-closures-announced-for-uae-tour-women-2026/articleshow/127972828.cms
2026-02-06 10:50:45,851 - INFO - [Times of India] Attempt 1/1: Trying with 'selenium_browser' strategy...
2026-02-06 10:50:46,450 - INFO - [Times of India] Page content loaded.
2026-02-06 10:50:46,633 - INFO - [Times of India] Success with 'selenium_browser'. Found content (428 words).
2026-02-06 10:50:46,687 - INFO - Duplicate article skipped: Dubai traffic alert today: Major road closures announced for UAE Tour Women 2026 | World News - The Times of India from Times of India
2026-02-06 10:50:47,564 - INFO - [Times of India] Article: https://timesofindia.indiatimes.com/world/us/16-billion-funding-freeze-trump-wanted-ny-airport-station-named-after-him-says-report/articleshow/127971187.cms
2026-02-06 10:50:47,564 - INFO - [Times of India] Attempt 1/1: Trying with 'selenium_browser' strategy...
2026-02-06 10:50:48,561 - INFO - [Times of India] Page content loaded.
2026-02-06 10:50:48,706 - INFO - [Times of India] Success with 'selenium_browser'. Found content (336 words).
2026-02-06 10:50:48,756 - INFO - Duplicate article skipped: $16 billion funding freeze: Trump wanted NY airport, station named after him, says report - The Times of India from Times of India
2026-02-06 10:50:49,546 - INFO - [Times of India] Article: https://timesofindia.indiatimes.com/world/middle-east/uae-sheikh-hamdan-inaugurates-driverless-rt6-taxi-operations-in-dubai/articleshow/127971112.cms
2026-02-06 10:50:49,546 - INFO - [Times of India] Attempt 1/1: Trying with 'selenium_browser' strategy...
2026-02-06 10:50:50,143 - INFO - [Times of India] Page content loaded.
2026-02-06 10:50:50,323 - INFO - [Times of India] Success with 'selenium_browser'. Found content (384 words).
2026-02-06 10:50:50,368 - INFO - Duplicate article skipped: UAE: Sheikh Hamdan inaugurates driverless RT6 taxi operations in Dubai | World News - The Times of India from Times of India
2026-02-06 10:50:50,891 - INFO - [Times of India] Article: https://timesofindia.indiatimes.com/world/middle-east/saudi-arabia-ministry-of-hajj-and-umrah-to-begin-issuing-hajj-2026-visas-from-sunday/articleshow/127969514.cms
2026-02-06 10:50:50,891 - INFO - [Times of India] Attempt 1/1: Trying with 'selenium_browser' strategy...
2026-02-06 10:50:51,377 - INFO - [Times of India] Page content loaded.
2026-02-06 10:50:51,584 - INFO - [Times of India] Success with 'selenium_browser'. Found content (406 words).
2026-02-06 10:50:51,629 - INFO - Duplicate article skipped: Saudi Arabia: Ministry of Hajj and Umrah to begin issuing Hajj 2026 visas from Sunday | World News - The Times of India from Times of India
2026-02-06 10:50:53,063 - INFO - [Times of India] Article: https://timesofindia.indiatimes.com/science/why-science-says-ghosts-do-not-exist-the-real-reasons-behind-a-most-human-belief/articleshow/127881692.cms
2026-02-06 10:50:53,063 - INFO - [Times of India] Attempt 1/1: Trying with 'selenium_browser' strategy...
2026-02-06 10:50:53,610 - INFO - [Times of India] Page content loaded.
2026-02-06 10:50:53,793 - INFO - [Times of India] Success with 'selenium_browser'. Found content (1162 words).
2026-02-06 10:50:53,864 - INFO - Duplicate article skipped: Why science says ghosts do not exist: The real reasons behind a most human belief | - The Times of India from Times of India
2026-02-06 10:50:55,225 - INFO - [Times of India] (Thread) Finished. Attempting to shut down its Selenium driver.
2026-02-06 10:50:55,353 - INFO - [Times of India] (Thread) driver.quit() successful.
2026-02-06 10:50:55,353 - INFO - Shutting down thread pool (wait=False)...
2026-02-06 10:50:55,353 - INFO - Scraped: 3 Times of India, 0 The Guardian, 3 BBC, 10 The Hindu articles. (Total saved: 16)
2026-02-06 10:50:55,353 - INFO - --- Scraping job finished ---
2026-02-06 10:50:55,359 - INFO - --- Scraper service stopped and database connection closed. ---
2026-02-06 10:50:55,359 - INFO - --- Main thread finished. Forcing process exit to kill zombie threads. ---
