2025-12-26 08:35:06,485 - INFO - Initializing database connection at: news_articles.db
2025-12-26 08:35:06,485 - INFO - --- Scraper service started (CI Mode: Run Once) ---
2025-12-26 08:35:06,485 - INFO - --- Starting new scraping job (Parallel Mode) ---
2025-12-26 08:35:06,485 - INFO - Creating new robust session with 3 retries on 5xx/connection/read errors.
2025-12-26 08:35:06,486 - INFO - Proxy is DISABLED.
2025-12-26 08:35:06,486 - INFO - Starting scrape for BBC RSS feed: http://feeds.bbci.co.uk/news/world/rss.xml
2025-12-26 08:35:06,486 - INFO - [Times of India] (Thread) requires Selenium. Initializing driver...
2025-12-26 08:35:06,486 - INFO - Initializing headless Selenium Chrome driver (using SeleniumManager)...
2025-12-26 08:35:06,489 - INFO - Starting scrape for The Guardian RSS feed: https://www.theguardian.com/world/rss
2025-12-26 08:35:06,490 - INFO - [The Hindu] (Thread) requires Selenium. Initializing driver...
2025-12-26 08:35:06,490 - INFO - Initializing headless Selenium Chrome driver (using SeleniumManager)...
2025-12-26 08:35:06,490 - INFO - Submitted 4 jobs to thread pool. Waiting up to 300s for completion...
2025-12-26 08:35:06,654 - INFO - Found 45 articles in The Guardian RSS feed. Processing up to 10.
2025-12-26 08:35:06,654 - INFO - [The Guardian] Article: https://www.theguardian.com/us-news/2025/dec/25/us-carries-out-airstrikes-against-islamic-state-terrorist-scum-in-nigeria-trump-says
2025-12-26 08:35:06,654 - INFO - [The Guardian] Attempt 1/1: Trying with 'requests_browser' strategy...
2025-12-26 08:35:06,690 - INFO - [The Guardian] Success with 'requests_browser'. Found content (652 words).
2025-12-26 08:35:06,727 - INFO - Duplicate article skipped: US carries out strikes on Nigeria targeting Islamic State militants, Trump says | Trump administration | The Guardian from The Guardian
2025-12-26 08:35:06,764 - INFO - Found 27 articles in BBC RSS feed. Processing up to 10.
2025-12-26 08:35:06,765 - INFO - [BBC] Article: https://www.bbc.com/news/articles/cj69j8l918do?at_medium=RSS&at_campaign=rss
2025-12-26 08:35:06,765 - INFO - [BBC] Attempt 1/1: Trying with 'requests_browser' strategy...
2025-12-26 08:35:06,901 - INFO - [BBC] Success with 'requests_browser'. Found content (698 words).
2025-12-26 08:35:06,948 - INFO - Duplicate article skipped: US launches 'powerful strikes' against Islamic State in Nigeria, says Trump from BBC
2025-12-26 08:35:07,921 - INFO - Selenium driver initialized successfully.
2025-12-26 08:35:07,921 - INFO - Starting scrape for Times of India RSS feed: https://timesofindia.indiatimes.com/rssfeeds/296589292.cms
2025-12-26 08:35:07,923 - INFO - Selenium driver initialized successfully.
2025-12-26 08:35:07,923 - INFO - Starting scrape for The Hindu RSS feed: https://www.thehindu.com/news/national/feeder/default.rss
2025-12-26 08:35:08,119 - INFO - [The Guardian] Article: https://www.theguardian.com/world/2025/dec/25/displaced-islamic-state-insurgency-mozambique
2025-12-26 08:35:08,119 - INFO - [The Guardian] Attempt 1/1: Trying with 'requests_browser' strategy...
2025-12-26 08:35:08,142 - INFO - [BBC] Article: https://www.bbc.com/news/articles/c4g413yz9g5o?at_medium=RSS&at_campaign=rss
2025-12-26 08:35:08,143 - INFO - [BBC] Attempt 1/1: Trying with 'requests_browser' strategy...
2025-12-26 08:35:08,187 - INFO - Found 20 articles in Times of India RSS feed. Processing up to 10.
2025-12-26 08:35:08,189 - INFO - [Times of India] Article: https://timesofindia.indiatimes.com/world/middle-east/saudi-arabia-man-jumps-off-grand-mosque-in-makkah-in-apparent-suicide-attempt/articleshow/126185716.cms
2025-12-26 08:35:08,189 - INFO - [Times of India] Attempt 1/1: Trying with 'selenium_browser' strategy...
2025-12-26 08:35:08,211 - INFO - Found 100 articles in The Hindu RSS feed. Processing up to 10.
2025-12-26 08:35:08,211 - INFO - [The Hindu] Article: https://www.thehindu.com/news/cities/kozhikode/attack-on-gatekeeper-thikkodi-native-nabbed/article70439123.ece
2025-12-26 08:35:08,211 - INFO - [The Hindu] Attempt 1/1: Trying with 'selenium_browser' strategy...
2025-12-26 08:35:08,213 - INFO - [The Guardian] Success with 'requests_browser'. Found content (767 words).
2025-12-26 08:35:08,274 - INFO - Duplicate article skipped: Hundreds of thousands newly displaced as Islamic State insurgency expands in Mozambique | Mozambique | The Guardian from The Guardian
2025-12-26 08:35:08,288 - INFO - [BBC] Success with 'requests_browser'. Found content (656 words).
2025-12-26 08:35:08,330 - INFO - Duplicate article skipped: Zelensky hails 'new ideas' on peace after talk with US envoys from BBC
2025-12-26 08:35:09,629 - INFO - [The Guardian] Article: https://www.theguardian.com/world/2025/dec/24/algeria-passes-law-declaring-french-colonisation-crime
2025-12-26 08:35:09,630 - INFO - [The Guardian] Attempt 1/1: Trying with 'requests_browser' strategy...
2025-12-26 08:35:09,682 - INFO - [BBC] Article: https://www.bbc.com/news/articles/c1lr3p7n87yo?at_medium=RSS&at_campaign=rss
2025-12-26 08:35:09,683 - INFO - [BBC] Attempt 1/1: Trying with 'requests_browser' strategy...
2025-12-26 08:35:09,805 - INFO - [BBC] Success with 'requests_browser'. Found content (403 words).
2025-12-26 08:35:09,914 - INFO - Duplicate article skipped: Heavy rain storms in California leave three dead from BBC
2025-12-26 08:35:10,017 - INFO - [The Guardian] Success with 'requests_browser'. Found content (334 words).
2025-12-26 08:35:10,223 - INFO - Duplicate article skipped: Algeria passes law declaring French colonisation a crime | Algeria | The Guardian from The Guardian
2025-12-26 08:35:10,937 - INFO - [The Guardian] Article: https://www.theguardian.com/world/2025/dec/23/libyas-army-chief-dies-in-plane-crash-in-turkey
2025-12-26 08:35:10,937 - INFO - [The Guardian] Attempt 1/1: Trying with 'requests_browser' strategy...
2025-12-26 08:35:11,063 - INFO - [The Guardian] Success with 'requests_browser'. Found content (414 words).
2025-12-26 08:35:11,230 - INFO - Duplicate article skipped: Libya’s army chief dies in plane crash in Turkey | Libya | The Guardian from The Guardian
2025-12-26 08:35:11,400 - INFO - [BBC] Article: https://www.bbc.com/news/articles/ckgzwqjpzp4o?at_medium=RSS&at_campaign=rss
2025-12-26 08:35:11,400 - INFO - [BBC] Attempt 1/1: Trying with 'requests_browser' strategy...
2025-12-26 08:35:11,578 - INFO - [BBC] Success with 'requests_browser'. Found content (994 words).
2025-12-26 08:35:11,783 - INFO - [The Hindu] Page content loaded.
2025-12-26 08:35:11,855 - INFO - Duplicate article skipped: Sumatra floods: Indonesians raise white flags as anger grows over slow flood aid from BBC
2025-12-26 08:35:12,248 - INFO - [The Guardian] Article: https://www.theguardian.com/world/2025/dec/22/freed-nigerian-schoolchildren-set-to-be-reunited-with-families
2025-12-26 08:35:12,248 - INFO - [The Guardian] Attempt 1/1: Trying with 'requests_browser' strategy...
2025-12-26 08:35:12,355 - INFO - [The Guardian] Success with 'requests_browser'. Found content (365 words).
2025-12-26 08:35:12,504 - INFO - [BBC] Article: https://www.bbc.com/news/articles/cm21728nwxlo?at_medium=RSS&at_campaign=rss
2025-12-26 08:35:12,504 - INFO - [BBC] Attempt 1/1: Trying with 'requests_browser' strategy...
2025-12-26 08:35:12,591 - INFO - Duplicate article skipped: Freed Nigerian schoolchildren to be reunited with families | Nigeria | The Guardian from The Guardian
2025-12-26 08:35:12,644 - INFO - [BBC] Success with 'requests_browser'. Found content (400 words).
2025-12-26 08:35:12,753 - INFO - Duplicate article skipped: Pope Leo urges 'courage' to end Ukraine war in first Christmas address from BBC
2025-12-26 08:35:12,851 - INFO - [The Hindu] Success with 'selenium_browser'. Found content (179 words).
2025-12-26 08:35:12,991 - INFO - Saved article: Attack on gatekeeper: Thikkodi native nabbed - The Hindu from The Hindu
2025-12-26 08:35:13,371 - INFO - [The Guardian] Article: https://www.theguardian.com/environment/2025/dec/25/they-are-scared-of-us-now-how-one-tropical-forest-turned-the-tide-on-loggers
2025-12-26 08:35:13,371 - INFO - [The Guardian] Attempt 1/1: Trying with 'requests_browser' strategy...
2025-12-26 08:35:13,495 - INFO - [The Guardian] Success with 'requests_browser'. Found content (1079 words).
2025-12-26 08:35:13,667 - INFO - Duplicate article skipped: ‘They’re scared of us now’: how co-investment in a tropical forest saw off loggers | Panama | The Guardian from The Guardian
2025-12-26 08:35:14,242 - INFO - [BBC] Article: https://www.bbc.com/news/articles/cn98w93l8plo?at_medium=RSS&at_campaign=rss
2025-12-26 08:35:14,242 - INFO - [BBC] Attempt 1/1: Trying with 'requests_browser' strategy...
2025-12-26 08:35:14,371 - INFO - [BBC] Success with 'requests_browser'. Found content (256 words).
2025-12-26 08:35:14,397 - INFO - [The Guardian] Article: https://www.theguardian.com/world/2025/dec/25/cape-froward-new-national-park-patagonia-chile
2025-12-26 08:35:14,397 - INFO - [The Guardian] Attempt 1/1: Trying with 'requests_browser' strategy...
2025-12-26 08:35:14,400 - INFO - [The Hindu] Article: https://www.thehindu.com/news/national/congress-pays-tribute-to-former-pm-manmohan-singh-on-death-anniversary/article70439206.ece
2025-12-26 08:35:14,400 - INFO - [The Hindu] Attempt 1/1: Trying with 'selenium_browser' strategy...
2025-12-26 08:35:14,583 - INFO - Duplicate article skipped: Turkey arrests 115 IS suspects 'planning New Year's attacks' from BBC
2025-12-26 08:35:14,592 - INFO - [The Guardian] Success with 'requests_browser'. Found content (939 words).
2025-12-26 08:35:14,756 - INFO - Duplicate article skipped: ‘It’s the wildest place I have walked’: new national park will join up Chile’s 2,800km wildlife corridor | Chile | The Guardian from The Guardian
2025-12-26 08:35:15,109 - INFO - [BBC] Article: https://www.bbc.com/news/articles/c898zxyznxpo?at_medium=RSS&at_campaign=rss
2025-12-26 08:35:15,110 - INFO - [BBC] Attempt 1/1: Trying with 'requests_browser' strategy...
2025-12-26 08:35:15,298 - INFO - [The Guardian] Article: https://www.theguardian.com/world/2025/dec/24/honduras-nasry-tito-asfura-declared-president-donald-trump-backed
2025-12-26 08:35:15,298 - INFO - [The Guardian] Attempt 1/1: Trying with 'requests_browser' strategy...
2025-12-26 08:35:15,399 - INFO - [BBC] Success with 'requests_browser'. Found content (403 words).
2025-12-26 08:35:15,677 - INFO - [The Guardian] Success with 'requests_browser'. Found content (577 words).
2025-12-26 08:35:15,790 - INFO - Duplicate article skipped: Brazil ex-president Bolsonaro's surgery for hernia 'successful' from BBC
2025-12-26 08:35:16,048 - INFO - Duplicate article skipped: Trump-backed candidate Asfura declared new president of Honduras | Honduras | The Guardian from The Guardian
2025-12-26 08:35:16,410 - INFO - [BBC] Article: https://www.bbc.com/news/articles/c33mx6j5jrvo?at_medium=RSS&at_campaign=rss
2025-12-26 08:35:16,410 - INFO - [BBC] Attempt 1/1: Trying with 'requests_browser' strategy...
2025-12-26 08:35:16,533 - INFO - [BBC] Success with 'requests_browser'. Found content (395 words).
2025-12-26 08:35:16,700 - INFO - Saved article: US judge blocks detention of British social media campaigner from BBC
2025-12-26 08:35:16,745 - INFO - [The Guardian] Article: https://www.theguardian.com/media/2025/dec/23/60-minutes-cecot-appears-online
2025-12-26 08:35:16,748 - INFO - [The Guardian] Attempt 1/1: Trying with 'requests_browser' strategy...
2025-12-26 08:35:16,835 - INFO - [The Guardian] Success with 'requests_browser'. Found content (1062 words).
2025-12-26 08:35:16,943 - INFO - Duplicate article skipped: 60 Minutes episode on brutal El Salvador prison, pulled from air by CBS, appears online | CBS | The Guardian from The Guardian
2025-12-26 08:35:18,014 - INFO - [BBC] Article: https://www.bbc.com/news/articles/crk733k1k1eo?at_medium=RSS&at_campaign=rss
2025-12-26 08:35:18,014 - INFO - [BBC] Attempt 1/1: Trying with 'requests_browser' strategy...
2025-12-26 08:35:18,101 - INFO - [BBC] Success with 'requests_browser'. Found content (223 words).
2025-12-26 08:35:18,206 - INFO - Duplicate article skipped: Front-runner to be Bangladesh PM returns after 17 years in exile from BBC
2025-12-26 08:35:18,297 - INFO - [The Guardian] Article: https://www.theguardian.com/world/2025/dec/23/brazil-jair-bolsonaro-eduardo-havaianas-television-ad-fernanda-torres
2025-12-26 08:35:18,298 - INFO - [The Guardian] Attempt 1/1: Trying with 'requests_browser' strategy...
2025-12-26 08:35:18,440 - INFO - [The Guardian] Success with 'requests_browser'. Found content (381 words).
2025-12-26 08:35:18,596 - INFO - Duplicate article skipped: Bolsonaro supporters ‘cancel’ Havaianas flip-flop brand over television ad | Brazil | The Guardian from The Guardian
2025-12-26 08:35:19,401 - INFO - [BBC] Article: https://www.bbc.com/news/articles/c14vdpyj1vjo?at_medium=RSS&at_campaign=rss
2025-12-26 08:35:19,401 - INFO - [BBC] Attempt 1/1: Trying with 'requests_browser' strategy...
2025-12-26 08:35:19,550 - INFO - [BBC] Success with 'requests_browser'. Found content (439 words).
2025-12-26 08:35:19,650 - INFO - Duplicate article skipped: Algeria's parliament approves law declaring France's colonisation a crime from BBC
2025-12-26 08:35:20,729 - INFO - [The Hindu] Page content loaded.
2025-12-26 08:35:21,068 - INFO - [The Hindu] Success with 'selenium_browser'. Found content (323 words).
2025-12-26 08:35:21,449 - INFO - Saved article: Congress pays tribute to former PM Manmohan Singh on death anniversary - The Hindu from The Hindu
2025-12-26 08:35:22,397 - INFO - [The Hindu] Article: https://www.thehindu.com/news/national/kerala/congress-councillor-alleges-mayoral-post-sold-for-cash-in-thrissur/article70439023.ece
2025-12-26 08:35:22,397 - INFO - [The Hindu] Attempt 1/1: Trying with 'selenium_browser' strategy...
2025-12-26 08:35:25,077 - INFO - [The Hindu] Page content loaded.
2025-12-26 08:35:25,390 - INFO - [The Hindu] Success with 'selenium_browser'. Found content (246 words).
2025-12-26 08:35:25,646 - INFO - Saved article: Congress Councillor alleges Mayoral post sold for cash in Thrissur - The Hindu from The Hindu
2025-12-26 08:35:26,509 - INFO - [The Hindu] Article: https://www.thehindu.com/news/national/telangana/gloom-pervades-kagaznagar-as-four-local-residents-killed-in-maharashtra-road-accident/article70437511.ece
2025-12-26 08:35:26,510 - INFO - [The Hindu] Attempt 1/1: Trying with 'selenium_browser' strategy...
2025-12-26 08:35:31,214 - INFO - [The Hindu] Page content loaded.
2025-12-26 08:35:31,414 - INFO - [The Hindu] Success with 'selenium_browser'. Found content (183 words).
2025-12-26 08:35:31,610 - INFO - Saved article: Gloom pervades Kagaznagar as four local residents killed in Maharashtra road accident - The Hindu from The Hindu
2025-12-26 08:35:32,685 - INFO - [The Hindu] Article: https://www.thehindu.com/news/national/karnataka/foundation-stone-laid-for-museum-dedicated-to-former-karnataka-cm-n-dharam-singh/article70438986.ece
2025-12-26 08:35:32,688 - INFO - [The Hindu] Attempt 1/1: Trying with 'selenium_browser' strategy...
2025-12-26 08:35:34,816 - INFO - [The Hindu] Page content loaded.
2025-12-26 08:35:34,924 - INFO - [The Hindu] Success with 'selenium_browser'. Found content (167 words).
2025-12-26 08:35:35,022 - INFO - Saved article: Foundation stone laid for museum dedicated to former Karnataka CM N. Dharam Singh - The Hindu from The Hindu
2025-12-26 08:35:36,215 - INFO - [The Hindu] Article: https://www.thehindu.com/news/national/kerala/theft-at-sabarimala-sannidhanam-one-arrested/article70436825.ece
2025-12-26 08:35:36,216 - INFO - [The Hindu] Attempt 1/1: Trying with 'selenium_browser' strategy...
2025-12-26 08:35:37,080 - INFO - [The Hindu] Page content loaded.
2025-12-26 08:35:37,234 - INFO - [The Hindu] Success with 'selenium_browser'. Found content (267 words).
2025-12-26 08:35:37,318 - INFO - Saved article: Theft at Sabarimala Sannidhanam, one arrested - The Hindu from The Hindu
2025-12-26 08:35:38,352 - INFO - [The Hindu] Article: https://www.thehindu.com/news/national/telangana/telangana-hc-sets-aside-karimnagar-collectors-order-over-kothapally-lands/article70437564.ece
2025-12-26 08:35:38,352 - INFO - [The Hindu] Attempt 1/1: Trying with 'selenium_browser' strategy...
2025-12-26 08:35:39,098 - INFO - [The Hindu] Page content loaded.
2025-12-26 08:35:39,174 - INFO - [The Hindu] Success with 'selenium_browser'. Found content (205 words).
2025-12-26 08:35:39,267 - INFO - Saved article: Telangana HC sets aside Karimnagar Collector’s order over Kothapally lands - The Hindu from The Hindu
2025-12-26 08:35:40,498 - INFO - [The Hindu] Article: https://www.thehindu.com/news/national/karnataka/bjp-stages-protest-against-hate-speech-bill-in-kalaburagi/article70438989.ece
2025-12-26 08:35:40,499 - INFO - [The Hindu] Attempt 1/1: Trying with 'selenium_browser' strategy...
2025-12-26 08:35:41,449 - INFO - [The Hindu] Page content loaded.
2025-12-26 08:35:41,530 - INFO - [The Hindu] Success with 'selenium_browser'. Found content (243 words).
2025-12-26 08:35:41,674 - INFO - Saved article: BJP stages protest against hate speech Bill in Kalaburagi - The Hindu from The Hindu
2025-12-26 08:35:42,989 - INFO - [The Hindu] Article: https://www.thehindu.com/news/national/west-bengal/two-bjp-workers-killed-in-north-bengal-six-people-arrested-including-trinamool-boothpresident/article70439020.ece
2025-12-26 08:35:42,989 - INFO - [The Hindu] Attempt 1/1: Trying with 'selenium_browser' strategy...
2025-12-26 08:35:43,762 - INFO - [The Hindu] Page content loaded.
2025-12-26 08:35:43,860 - INFO - [The Hindu] Success with 'selenium_browser'. Found content (287 words).
2025-12-26 08:35:43,961 - INFO - Saved article: Two BJP workers killed in north Bengal; six people arrested, including Trinamool Booth president - The Hindu from The Hindu
2025-12-26 08:35:44,870 - INFO - [The Hindu] Article: https://www.thehindu.com/news/national/odisha/naveen-patnaik-hails-security-personnel-for-killing-six-maoists-in-odisha/article70439108.ece
2025-12-26 08:35:44,870 - INFO - [The Hindu] Attempt 1/1: Trying with 'selenium_browser' strategy...
2025-12-26 08:35:46,119 - INFO - [The Hindu] Page content loaded.
2025-12-26 08:35:46,182 - INFO - [The Hindu] Success with 'selenium_browser'. Found content (284 words).
2025-12-26 08:35:46,254 - INFO - Saved article: Naveen Patnaik hails security personnel for killing six Maoists in Odisha - The Hindu from The Hindu
2025-12-26 08:35:47,626 - INFO - [The Hindu] (Thread) Finished. Attempting to shut down its Selenium driver.
2025-12-26 08:35:47,752 - INFO - [The Hindu] (Thread) driver.quit() successful.
2025-12-26 08:37:08,292 - ERROR - [Times of India] Request failed for strategy 'selenium_browser' on URL https://timesofindia.indiatimes.com/world/middle-east/saudi-arabia-man-jumps-off-grand-mosque-in-makkah-in-apparent-suicide-attempt/articleshow/126185716.cms: HTTPConnectionPool(host='localhost', port=38637): Read timed out. (read timeout=120)
2025-12-26 08:37:08,292 - ERROR - [Times of India] All scrape strategies failed for https://timesofindia.indiatimes.com/world/middle-east/saudi-arabia-man-jumps-off-grand-mosque-in-makkah-in-apparent-suicide-attempt/articleshow/126185716.cms. Falling back to RSS description.
2025-12-26 08:37:08,294 - INFO - Saved article: Saudi Arabia: Man jumps off Grand Mosque in Makkah in apparent suicide attempt from Times of India
2025-12-26 08:37:09,642 - INFO - [Times of India] Article: https://timesofindia.indiatimes.com/world/us/merry-christmas-to-all-us-releases-footage-of-strikes-against-isis-in-nigeria-watch/articleshow/126181153.cms
2025-12-26 08:37:09,642 - INFO - [Times of India] Attempt 1/1: Trying with 'selenium_browser' strategy...
2025-12-26 08:39:09,714 - ERROR - [Times of India] Request failed for strategy 'selenium_browser' on URL https://timesofindia.indiatimes.com/world/us/merry-christmas-to-all-us-releases-footage-of-strikes-against-isis-in-nigeria-watch/articleshow/126181153.cms: HTTPConnectionPool(host='localhost', port=38637): Read timed out. (read timeout=120)
2025-12-26 08:39:09,714 - ERROR - [Times of India] All scrape strategies failed for https://timesofindia.indiatimes.com/world/us/merry-christmas-to-all-us-releases-footage-of-strikes-against-isis-in-nigeria-watch/articleshow/126181153.cms. Falling back to RSS description.
2025-12-26 08:39:09,716 - INFO - Saved article: 'Merry Christmas to all': US releases footage of strikes against ISIS in Nigeria — watch from Times of India
2025-12-26 08:39:10,352 - INFO - [Times of India] Article: https://timesofindia.indiatimes.com/world/middle-east/saudi-halal-centre-unveils-new-halal-mark-with-esg-standards/articleshow/126184489.cms
2025-12-26 08:39:10,352 - INFO - [Times of India] Attempt 1/1: Trying with 'selenium_browser' strategy...
2025-12-26 08:40:06,490 - CRITICAL - --- TIMEOUT: 1 scrape jobs did not complete in 300s. ---
2025-12-26 08:40:06,490 - ERROR - A thread has timed out and will be abandoned.
2025-12-26 08:40:06,490 - INFO - Shutting down thread pool (wait=False)...
2025-12-26 08:40:06,491 - INFO - Scraped: 1 BBC, 10 The Hindu, 0 The Guardian, 1 Timed_Out_Jobs articles. (Total saved: 11)
2025-12-26 08:40:06,491 - INFO - --- Scraping job finished ---
2025-12-26 08:40:06,491 - INFO - --- Scraper service stopped and database connection closed. ---
2025-12-26 08:40:06,491 - INFO - --- Main thread finished. Forcing process exit to kill zombie threads. ---
