2026-01-22 04:53:53,761 - INFO - Initializing database connection at: news_articles.db
2026-01-22 04:53:53,761 - INFO - --- Scraper service started (CI Mode: Run Once) ---
2026-01-22 04:53:53,761 - INFO - --- Starting new scraping job (Parallel Mode) ---
2026-01-22 04:53:53,761 - INFO - Creating new robust session with 3 retries on 5xx/connection/read errors.
2026-01-22 04:53:53,761 - INFO - Proxy is DISABLED.
2026-01-22 04:53:53,762 - INFO - Starting scrape for BBC RSS feed: http://feeds.bbci.co.uk/news/world/rss.xml
2026-01-22 04:53:53,762 - INFO - [Times of India] (Thread) requires Selenium. Initializing driver...
2026-01-22 04:53:53,762 - INFO - Initializing headless Selenium Chrome driver (using SeleniumManager)...
2026-01-22 04:53:53,763 - INFO - Starting scrape for The Guardian RSS feed: https://www.theguardian.com/world/rss
2026-01-22 04:53:53,763 - INFO - [The Hindu] (Thread) requires Selenium. Initializing driver...
2026-01-22 04:53:53,763 - INFO - Initializing headless Selenium Chrome driver (using SeleniumManager)...
2026-01-22 04:53:53,763 - INFO - Submitted 4 jobs to thread pool. Waiting up to 300s for completion...
2026-01-22 04:53:53,914 - INFO - Found 45 articles in The Guardian RSS feed. Processing up to 10.
2026-01-22 04:53:53,915 - INFO - [The Guardian] Article: https://www.theguardian.com/us-news/2026/jan/20/us-diplomats-urged-to-remind-african-leaders-of-us-generosity-despite-usaid-closing
2026-01-22 04:53:53,915 - INFO - [The Guardian] Attempt 1/1: Trying with 'requests_browser' strategy...
2026-01-22 04:53:53,927 - INFO - Found 50 articles in BBC RSS feed. Processing up to 10.
2026-01-22 04:53:53,927 - INFO - [BBC] Article: https://www.bbc.com/news/articles/cgezx40r7d7o?at_medium=RSS&at_campaign=rss
2026-01-22 04:53:53,927 - INFO - [BBC] Attempt 1/1: Trying with 'requests_browser' strategy...
2026-01-22 04:53:53,966 - INFO - [The Guardian] Success with 'requests_browser'. Found content (797 words).
2026-01-22 04:53:54,008 - INFO - Duplicate article skipped: Head of US Africa bureau urges staff to highlight US ‘generosity’ despite aid cuts | US foreign policy | The Guardian from The Guardian
2026-01-22 04:53:54,156 - INFO - [BBC] Success with 'requests_browser'. Found content (992 words).
2026-01-22 04:53:54,202 - INFO - Duplicate article skipped: Trump says 'framework of a future deal' discussed on Greenland as he drops tariffs threat from BBC
2026-01-22 04:53:54,890 - INFO - [BBC] Article: https://www.bbc.com/news/articles/cd9ez1nj3n3o?at_medium=RSS&at_campaign=rss
2026-01-22 04:53:54,890 - INFO - [BBC] Attempt 1/1: Trying with 'requests_browser' strategy...
2026-01-22 04:53:54,941 - INFO - [The Guardian] Article: https://www.theguardian.com/global-development/2026/jan/19/brazen-political-influence-rich-laid-bare-wealth-billionaires-inequality-poverty-instability-oxfam
2026-01-22 04:53:54,941 - INFO - [The Guardian] Attempt 1/1: Trying with 'requests_browser' strategy...
2026-01-22 04:53:54,947 - INFO - [BBC] Success with 'requests_browser'. Found content (781 words).
2026-01-22 04:53:54,985 - INFO - Duplicate article skipped: Trump's jibes are wearing thin for many of Europe's leaders from BBC
2026-01-22 04:53:55,084 - INFO - [The Guardian] Success with 'requests_browser'. Found content (639 words).
2026-01-22 04:53:55,122 - INFO - Duplicate article skipped: ‘Brazen’ political influence of rich laid bare as wealth of billionaires reaches $18.3tn, says Oxfam | Global development | The Guardian from The Guardian
2026-01-22 04:53:55,803 - INFO - [BBC] Article: https://www.bbc.com/news/articles/c4gwp2me3gzo?at_medium=RSS&at_campaign=rss
2026-01-22 04:53:55,803 - INFO - [BBC] Attempt 1/1: Trying with 'requests_browser' strategy...
2026-01-22 04:53:55,855 - INFO - [BBC] Success with 'requests_browser'. Found content (996 words).
2026-01-22 04:53:55,893 - INFO - Duplicate article skipped: EU suspends approval of US trade deal from BBC
2026-01-22 04:53:55,963 - INFO - [The Guardian] Article: https://www.theguardian.com/world/2026/jan/18/ugandas-president-calls-opponents-terrorists-in-victory-speech
2026-01-22 04:53:55,963 - INFO - [The Guardian] Attempt 1/1: Trying with 'requests_browser' strategy...
2026-01-22 04:53:56,144 - INFO - [The Guardian] Success with 'requests_browser'. Found content (533 words).
2026-01-22 04:53:56,195 - INFO - Duplicate article skipped: Uganda’s president calls opponents 'terrorists' in victory speech | Uganda | The Guardian from The Guardian
2026-01-22 04:53:57,202 - INFO - [BBC] Article: https://www.bbc.com/news/articles/cz0pnjv1zy5o?at_medium=RSS&at_campaign=rss
2026-01-22 04:53:57,203 - INFO - [BBC] Attempt 1/1: Trying with 'requests_browser' strategy...
2026-01-22 04:53:57,252 - INFO - [BBC] Success with 'requests_browser'. Found content (692 words).
2026-01-22 04:53:57,289 - INFO - Duplicate article skipped: Austria's biggest spy trial for decades puts ex-intelligence officer in the dock from BBC
2026-01-22 04:53:57,544 - INFO - [The Guardian] Article: https://www.theguardian.com/world/2026/jan/17/yoweri-museveni-wins-ugandan-election-as-opponent-condemns-fake-result
2026-01-22 04:53:57,544 - INFO - [The Guardian] Attempt 1/1: Trying with 'requests_browser' strategy...
2026-01-22 04:53:57,697 - INFO - [The Guardian] Success with 'requests_browser'. Found content (462 words).
2026-01-22 04:53:57,741 - INFO - Duplicate article skipped: Yoweri Museveni wins Ugandan election as opponent condemns ‘fake result’ | Uganda | The Guardian from The Guardian
2026-01-22 04:53:58,063 - INFO - [BBC] Article: https://www.bbc.com/news/articles/cn8jek4vv8ko?at_medium=RSS&at_campaign=rss
2026-01-22 04:53:58,063 - INFO - [BBC] Attempt 1/1: Trying with 'requests_browser' strategy...
2026-01-22 04:53:58,119 - INFO - [BBC] Success with 'requests_browser'. Found content (744 words).
2026-01-22 04:53:58,180 - INFO - Duplicate article skipped: Seven more countries agree to join Trump's Board of Peace from BBC
2026-01-22 04:53:58,844 - INFO - [BBC] Article: https://www.bbc.com/news/articles/c98pnzp50nqo?at_medium=RSS&at_campaign=rss
2026-01-22 04:53:58,844 - INFO - [BBC] Attempt 1/1: Trying with 'requests_browser' strategy...
2026-01-22 04:53:58,891 - INFO - [BBC] Success with 'requests_browser'. Found content (586 words).
2026-01-22 04:53:58,927 - INFO - Duplicate article skipped: Israeli strike in Gaza kills three journalists, first responders say from BBC
2026-01-22 04:53:58,937 - INFO - [The Guardian] Article: https://www.theguardian.com/uk-news/2026/jan/17/afcon-little-morocco-london-confidence-high
2026-01-22 04:53:58,938 - INFO - [The Guardian] Attempt 1/1: Trying with 'requests_browser' strategy...
2026-01-22 04:53:59,086 - INFO - [The Guardian] Success with 'requests_browser'. Found content (686 words).
2026-01-22 04:53:59,122 - INFO - Duplicate article skipped: Confidence runs high in London’s Little Morocco as Afcon glory beckons | London | The Guardian from The Guardian
2026-01-22 04:53:59,706 - INFO - [BBC] Article: https://www.bbc.com/news/articles/czx1pnlzer5o?at_medium=RSS&at_campaign=rss
2026-01-22 04:53:59,707 - INFO - [BBC] Attempt 1/1: Trying with 'requests_browser' strategy...
2026-01-22 04:53:59,749 - INFO - [BBC] Success with 'requests_browser'. Found content (1095 words).
2026-01-22 04:53:59,780 - INFO - Duplicate article skipped: Oldest cave painting could rewrite origins of human creativity from BBC
2026-01-22 04:54:00,093 - INFO - [The Guardian] Article: https://www.theguardian.com/world/2026/jan/21/sheinbaum-mexican-cartel-trump
2026-01-22 04:54:00,093 - INFO - [The Guardian] Attempt 1/1: Trying with 'requests_browser' strategy...
2026-01-22 04:54:00,132 - INFO - [The Guardian] Success with 'requests_browser'. Found content (627 words).
2026-01-22 04:54:00,168 - INFO - Duplicate article skipped: Sheinbaum defends transfer of Mexican cartel members amid efforts to appease Trump | Claudia Sheinbaum | The Guardian from The Guardian
2026-01-22 04:54:00,740 - INFO - [BBC] Article: https://www.bbc.com/news/articles/cx20pwqkgp9o?at_medium=RSS&at_campaign=rss
2026-01-22 04:54:00,740 - INFO - [BBC] Attempt 1/1: Trying with 'requests_browser' strategy...
2026-01-22 04:54:00,786 - INFO - [BBC] Success with 'requests_browser'. Found content (534 words).
2026-01-22 04:54:00,834 - INFO - Duplicate article skipped: US to transfer Islamic State prisoners from Syria to Iraq from BBC
2026-01-22 04:54:01,312 - INFO - [The Guardian] Article: https://www.theguardian.com/us-news/2026/jan/21/trump-canada-mark-carney
2026-01-22 04:54:01,312 - INFO - [The Guardian] Attempt 1/1: Trying with 'requests_browser' strategy...
2026-01-22 04:54:01,352 - INFO - [The Guardian] Success with 'requests_browser'. Found content (565 words).
2026-01-22 04:54:01,389 - INFO - Duplicate article skipped: Trump says Canada should be grateful for ‘freebies’ it gets from the US | Donald Trump | The Guardian from The Guardian
2026-01-22 04:54:01,645 - INFO - Selenium driver initialized successfully.
2026-01-22 04:54:01,645 - INFO - Selenium driver initialized successfully.
2026-01-22 04:54:01,645 - INFO - Starting scrape for The Hindu RSS feed: https://www.thehindu.com/news/national/feeder/default.rss
2026-01-22 04:54:01,645 - INFO - Starting scrape for Times of India RSS feed: https://timesofindia.indiatimes.com/rssfeeds/296589292.cms
2026-01-22 04:54:01,885 - INFO - Found 100 articles in The Hindu RSS feed. Processing up to 10.
2026-01-22 04:54:01,885 - INFO - [The Hindu] Article: https://www.thehindu.com/news/national/kerala/kerala-prisoners-wage-hike-draws-fire-government-defends-move/article70534648.ece
2026-01-22 04:54:01,885 - INFO - [The Hindu] Attempt 1/1: Trying with 'selenium_browser' strategy...
2026-01-22 04:54:01,990 - INFO - [BBC] Article: https://www.bbc.com/news/articles/cr7jlylp5keo?at_medium=RSS&at_campaign=rss
2026-01-22 04:54:01,990 - INFO - [BBC] Attempt 1/1: Trying with 'requests_browser' strategy...
2026-01-22 04:54:02,035 - INFO - [BBC] Success with 'requests_browser'. Found content (503 words).
2026-01-22 04:54:02,073 - INFO - Duplicate article skipped: Ghislaine Maxwell to testify before Congress in Epstein probe from BBC
2026-01-22 04:54:02,178 - INFO - [The Guardian] Article: https://www.theguardian.com/world/2026/jan/21/chile-abortion-opponent-gender-equality-minister
2026-01-22 04:54:02,178 - INFO - [The Guardian] Attempt 1/1: Trying with 'requests_browser' strategy...
2026-01-22 04:54:02,220 - INFO - [The Guardian] Success with 'requests_browser'. Found content (521 words).
2026-01-22 04:54:02,259 - INFO - Duplicate article skipped: Chile’s president-elect names staunch abortion opponent as gender equality minister | Chile | The Guardian from The Guardian
2026-01-22 04:54:02,358 - INFO - Found 20 articles in Times of India RSS feed. Processing up to 10.
2026-01-22 04:54:02,358 - INFO - [Times of India] Article: https://timesofindia.indiatimes.com/world/rest-of-world/nobody-rescued-yet-several-feared-missing-in-landslip-at-new-zealand-campsite-minister-calls-it-war-zone/articleshow/127086142.cms
2026-01-22 04:54:02,358 - INFO - [Times of India] Attempt 1/1: Trying with 'selenium_browser' strategy...
2026-01-22 04:54:02,919 - INFO - [The Guardian] Article: https://www.theguardian.com/us-news/2026/jan/20/catholic-cardinals-trump-foreign-policy
2026-01-22 04:54:02,919 - INFO - [The Guardian] Attempt 1/1: Trying with 'requests_browser' strategy...
2026-01-22 04:54:02,963 - INFO - [The Guardian] Success with 'requests_browser'. Found content (741 words).
2026-01-22 04:54:03,015 - INFO - Duplicate article skipped: Catholic cardinals warn US foreign policy under Trump risks global suffering | Trump administration | The Guardian from The Guardian
2026-01-22 04:54:03,176 - INFO - [BBC] Article: https://www.bbc.com/news/articles/cly3dm37m7no?at_medium=RSS&at_campaign=rss
2026-01-22 04:54:03,176 - INFO - [BBC] Attempt 1/1: Trying with 'requests_browser' strategy...
2026-01-22 04:54:03,256 - INFO - [BBC] Success with 'requests_browser'. Found content (677 words).
2026-01-22 04:54:03,316 - INFO - Duplicate article skipped: Israel postpones demolition of Palestinian children's football pitch in Bethlehem from BBC
2026-01-22 04:54:04,008 - INFO - [The Guardian] Article: https://www.theguardian.com/world/2026/jan/20/colombia-ex-paramilitary-leader-salvatore-mancuso-jailed-crimes-against-indigenous-groups
2026-01-22 04:54:04,008 - INFO - [The Guardian] Attempt 1/1: Trying with 'requests_browser' strategy...
2026-01-22 04:54:04,078 - INFO - [The Guardian] Success with 'requests_browser'. Found content (428 words).
2026-01-22 04:54:04,153 - INFO - Duplicate article skipped: Colombian ex-paramilitary leader jailed for crimes against Indigenous groups | Colombia | The Guardian from The Guardian
2026-01-22 04:54:11,435 - INFO - [The Hindu] Page content loaded.
2026-01-22 04:54:11,824 - INFO - [The Hindu] Success with 'selenium_browser'. Found content (394 words).
2026-01-22 04:54:12,088 - INFO - Saved article: Kerala prisoners’ wage hike draws fire; government defends move - The Hindu from The Hindu
2026-01-22 04:54:13,579 - INFO - [The Hindu] Article: https://www.thehindu.com/shorts/watch-icc-rejects-bangladesh-request-t20-world-cup-matches-to-stay-in-india/article70536472.ece
2026-01-22 04:54:13,579 - INFO - [The Hindu] Attempt 1/1: Trying with 'selenium_browser' strategy...
2026-01-22 04:54:24,818 - WARNING - [The Hindu] Page timed out (10s). No <p> tags found. Proceeding anyway.
2026-01-22 04:54:25,000 - WARNING - [The Hindu] FAILED with 'selenium_browser' (content was too short: 53 words).
2026-01-22 04:54:25,000 - ERROR - [The Hindu] All scrape strategies failed for https://www.thehindu.com/shorts/watch-icc-rejects-bangladesh-request-t20-world-cup-matches-to-stay-in-india/article70536472.ece. Falling back to RSS description.
2026-01-22 04:54:25,002 - INFO - Saved article: Watch: ICC rejects Bangladesh request, T20 World Cup matches to stay in India from The Hindu
2026-01-22 04:54:25,915 - INFO - [The Hindu] Article: https://www.thehindu.com/news/national/first-made-in-india-c-295-aircraft-expected-to-roll-out-of-factory-before-september-jaishankar/article70536379.ece
2026-01-22 04:54:25,915 - INFO - [The Hindu] Attempt 1/1: Trying with 'selenium_browser' strategy...
2026-01-22 04:54:26,768 - INFO - [The Hindu] Page content loaded.
2026-01-22 04:54:26,935 - INFO - [The Hindu] Success with 'selenium_browser'. Found content (543 words).
2026-01-22 04:54:27,015 - INFO - Saved article: First ‘Made in India’ C-295 aircraft expected to roll out of factory before September: Jaishankar - The Hindu from The Hindu
2026-01-22 04:54:27,702 - INFO - [The Hindu] Article: https://www.thehindu.com/news/national/karnataka/bengaluru-fortis-hospital-performs-combined-robotic-heart-bypass-and-prostate-cancer-surgery-in-a-single-operative-session/article70533971.ece
2026-01-22 04:54:27,702 - INFO - [The Hindu] Attempt 1/1: Trying with 'selenium_browser' strategy...
2026-01-22 04:54:28,967 - INFO - [The Hindu] Page content loaded.
2026-01-22 04:54:29,029 - INFO - [The Hindu] Success with 'selenium_browser'. Found content (459 words).
2026-01-22 04:54:29,115 - INFO - Saved article: Bengaluru hospital performs combined robotic heart bypass and prostate cancer surgery in a single session - The Hindu from The Hindu
2026-01-22 04:54:30,334 - INFO - [The Hindu] Article: https://www.thehindu.com/shorts/watch-india-will-become-the-worlds-third-largest-economy-vaishnaw-at-davos/article70536411.ece
2026-01-22 04:54:30,334 - INFO - [The Hindu] Attempt 1/1: Trying with 'selenium_browser' strategy...
2026-01-22 04:54:41,189 - WARNING - [The Hindu] Page timed out (10s). No <p> tags found. Proceeding anyway.
2026-01-22 04:54:41,213 - WARNING - [The Hindu] FAILED with 'selenium_browser' (content was too short: 48 words).
2026-01-22 04:54:41,213 - ERROR - [The Hindu] All scrape strategies failed for https://www.thehindu.com/shorts/watch-india-will-become-the-worlds-third-largest-economy-vaishnaw-at-davos/article70536411.ece. Falling back to RSS description.
2026-01-22 04:54:41,215 - INFO - Saved article: Watch: India will become the world’s third-largest economy: Vaishnaw at Davos from The Hindu
2026-01-22 04:54:42,543 - INFO - [The Hindu] Article: https://www.thehindu.com/news/international/india-stopped-buying-oil-from-russia-claims-us-treasury-secretary/article70536380.ece
2026-01-22 04:54:42,543 - INFO - [The Hindu] Attempt 1/1: Trying with 'selenium_browser' strategy...
2026-01-22 04:54:43,144 - INFO - [The Hindu] Page content loaded.
2026-01-22 04:54:43,221 - INFO - [The Hindu] Success with 'selenium_browser'. Found content (308 words).
2026-01-22 04:54:43,318 - INFO - Saved article: India ‘stopped’ buying oil from Russia, claims U.S. Treasury Secretary - The Hindu from The Hindu
2026-01-22 04:54:44,324 - INFO - [The Hindu] Article: https://www.thehindu.com/news/national/west-bengal/essential-to-forge-alliance-with-left-congress-at-the-earliest-to-defeat-trinamool-bjp-says-nawshad-siddique/article70534796.ece
2026-01-22 04:54:44,324 - INFO - [The Hindu] Attempt 1/1: Trying with 'selenium_browser' strategy...
2026-01-22 04:54:45,375 - INFO - [The Hindu] Page content loaded.
2026-01-22 04:54:45,511 - INFO - [The Hindu] Success with 'selenium_browser'. Found content (299 words).
2026-01-22 04:54:45,667 - INFO - Saved article: Essential to forge alliance with Left, Congress at the earliest to defeat Trinamool, BJP, says Nawshad Siddique - The Hindu from The Hindu
2026-01-22 04:54:46,693 - INFO - [The Hindu] Article: https://www.thehindu.com/news/national/should-corruption-charges-need-prior-sanction-explained/article70534988.ece
2026-01-22 04:54:46,693 - INFO - [The Hindu] Attempt 1/1: Trying with 'selenium_browser' strategy...
2026-01-22 04:54:48,093 - INFO - [The Hindu] Page content loaded.
2026-01-22 04:54:48,179 - INFO - [The Hindu] Success with 'selenium_browser'. Found content (821 words).
2026-01-22 04:54:48,263 - INFO - Saved article: Should corruption charges need prior sanction? | Explained - The Hindu from The Hindu
2026-01-22 04:54:49,382 - INFO - [The Hindu] Article: https://www.thehindu.com/news/national/a-fight-over-figures-the-constitutional-debate-over-numerals/article70534584.ece
2026-01-22 04:54:49,382 - INFO - [The Hindu] Attempt 1/1: Trying with 'selenium_browser' strategy...
2026-01-22 04:54:51,524 - INFO - [The Hindu] Page content loaded.
2026-01-22 04:54:51,573 - INFO - [The Hindu] Success with 'selenium_browser'. Found content (1076 words).
2026-01-22 04:54:51,662 - INFO - Saved article: A fight over figures: the constitutional debate over numerals - The Hindu from The Hindu
2026-01-22 04:54:52,889 - INFO - [The Hindu] Article: https://www.thehindu.com/news/national/andhra-pradesh/andhra-pradesh-nandyal-bus-caught-fire/article70536296.ece
2026-01-22 04:54:52,889 - INFO - [The Hindu] Attempt 1/1: Trying with 'selenium_browser' strategy...
2026-01-22 04:54:54,261 - INFO - [The Hindu] Page content loaded.
2026-01-22 04:54:54,316 - INFO - [The Hindu] Success with 'selenium_browser'. Found content (249 words).
2026-01-22 04:54:54,400 - INFO - Saved article: Three charred to death in bus accident in Nandyal district - The Hindu from The Hindu
2026-01-22 04:54:55,096 - INFO - [The Hindu] (Thread) Finished. Attempting to shut down its Selenium driver.
2026-01-22 04:54:55,280 - INFO - [The Hindu] (Thread) driver.quit() successful.
2026-01-22 04:56:02,414 - ERROR - [Times of India] Request failed for strategy 'selenium_browser' on URL https://timesofindia.indiatimes.com/world/rest-of-world/nobody-rescued-yet-several-feared-missing-in-landslip-at-new-zealand-campsite-minister-calls-it-war-zone/articleshow/127086142.cms: HTTPConnectionPool(host='localhost', port=44623): Read timed out. (read timeout=120)
2026-01-22 04:56:02,414 - ERROR - [Times of India] All scrape strategies failed for https://timesofindia.indiatimes.com/world/rest-of-world/nobody-rescued-yet-several-feared-missing-in-landslip-at-new-zealand-campsite-minister-calls-it-war-zone/articleshow/127086142.cms. Falling back to RSS description.
2026-01-22 04:56:02,416 - INFO - Saved article: ‘Nobody rescued yet’: Several feared missing in landslip at New Zealand campsite; minister calls it ‘war-zone’ from Times of India
2026-01-22 04:56:03,076 - INFO - [Times of India] Article: https://timesofindia.indiatimes.com/world/us/texas-ag-candidates-anti-indian-post-backfires-as-community-note-flags-pakistani-scammer-among-his-top-donors/articleshow/127081309.cms
2026-01-22 04:56:03,076 - INFO - [Times of India] Attempt 1/1: Trying with 'selenium_browser' strategy...
2026-01-22 04:58:03,162 - ERROR - [Times of India] Request failed for strategy 'selenium_browser' on URL https://timesofindia.indiatimes.com/world/us/texas-ag-candidates-anti-indian-post-backfires-as-community-note-flags-pakistani-scammer-among-his-top-donors/articleshow/127081309.cms: HTTPConnectionPool(host='localhost', port=44623): Read timed out. (read timeout=120)
2026-01-22 04:58:03,163 - ERROR - [Times of India] All scrape strategies failed for https://timesofindia.indiatimes.com/world/us/texas-ag-candidates-anti-indian-post-backfires-as-community-note-flags-pakistani-scammer-among-his-top-donors/articleshow/127081309.cms. Falling back to RSS description.
2026-01-22 04:58:03,163 - INFO - Duplicate article skipped: Texas AG candidate’s anti-Indian post backfires as community note flags Pakistani scammer among his top donors from Times of India
2026-01-22 04:58:04,639 - INFO - [Times of India] Article: https://timesofindia.indiatimes.com/world/us-streamers/viral-video-captures-ishowspeed-bodyguards-in-terrifying-close-call-as-moving-car-squeezes-through-senegal-street/articleshow/127070989.cms
2026-01-22 04:58:04,639 - INFO - [Times of India] Attempt 1/1: Trying with 'selenium_browser' strategy...
2026-01-22 04:58:53,764 - CRITICAL - --- TIMEOUT: 1 scrape jobs did not complete in 300s. ---
2026-01-22 04:58:53,764 - ERROR - A thread has timed out and will be abandoned.
2026-01-22 04:58:53,764 - INFO - Shutting down thread pool (wait=False)...
2026-01-22 04:58:53,764 - INFO - Scraped: 0 BBC, 0 The Guardian, 10 The Hindu, 1 Timed_Out_Jobs articles. (Total saved: 10)
2026-01-22 04:58:53,764 - INFO - --- Scraping job finished ---
2026-01-22 04:58:53,764 - INFO - --- Scraper service stopped and database connection closed. ---
2026-01-22 04:58:53,764 - INFO - --- Main thread finished. Forcing process exit to kill zombie threads. ---
