2026-02-12 08:56:32,936 - INFO - Initializing database connection at: news_articles.db
2026-02-12 08:56:32,936 - INFO - --- Scraper service started (CI Mode: Run Once) ---
2026-02-12 08:56:32,936 - INFO - --- Starting new scraping job (Parallel Mode) ---
2026-02-12 08:56:32,936 - INFO - Creating new robust session with 3 retries on 5xx/connection/read errors.
2026-02-12 08:56:32,936 - INFO - Proxy is DISABLED.
2026-02-12 08:56:32,937 - INFO - Starting scrape for BBC RSS feed: http://feeds.bbci.co.uk/news/world/rss.xml
2026-02-12 08:56:32,937 - INFO - [Times of India] (Thread) requires Selenium. Initializing driver...
2026-02-12 08:56:32,937 - INFO - Initializing headless Selenium Chrome driver (using SeleniumManager)...
2026-02-12 08:56:32,937 - INFO - Starting scrape for The Guardian RSS feed: https://www.theguardian.com/world/rss
2026-02-12 08:56:32,941 - INFO - [The Hindu] (Thread) requires Selenium. Initializing driver...
2026-02-12 08:56:32,941 - INFO - Initializing headless Selenium Chrome driver (using SeleniumManager)...
2026-02-12 08:56:32,942 - INFO - Submitted 4 jobs to thread pool. Waiting up to 300s for completion...
2026-02-12 08:56:33,109 - INFO - Found 45 articles in The Guardian RSS feed. Processing up to 10.
2026-02-12 08:56:33,109 - INFO - [The Guardian] Article: https://www.theguardian.com/world/2026/feb/09/deaths-migrant-boat-capsizes-mediterranean-libya
2026-02-12 08:56:33,109 - INFO - [The Guardian] Attempt 1/1: Trying with 'requests_browser' strategy...
2026-02-12 08:56:33,222 - INFO - [The Guardian] Success with 'requests_browser'. Found content (367 words).
2026-02-12 08:56:33,267 - INFO - Duplicate article skipped: 53 people dead or missing after migrant boat capsizes in Mediterranean | Migration | The Guardian from The Guardian
2026-02-12 08:56:33,327 - INFO - Found 34 articles in BBC RSS feed. Processing up to 10.
2026-02-12 08:56:33,327 - INFO - [BBC] Article: https://www.bbc.com/news/articles/ce8w95knp55o?at_medium=RSS&at_campaign=rss
2026-02-12 08:56:33,327 - INFO - [BBC] Attempt 1/1: Trying with 'requests_browser' strategy...
2026-02-12 08:56:33,738 - INFO - [BBC] Success with 'requests_browser'. Found content (507 words).
2026-02-12 08:56:33,776 - INFO - Duplicate article skipped: Police identify 18-year-old as suspect in Tumbler Ridge shooting from BBC
2026-02-12 08:56:34,135 - INFO - [The Guardian] Article: https://www.theguardian.com/music/2026/feb/09/ebo-taylor-ghanaian-highlife-pioneer-dies-age-90
2026-02-12 08:56:34,135 - INFO - [The Guardian] Attempt 1/1: Trying with 'requests_browser' strategy...
2026-02-12 08:56:34,163 - INFO - [The Guardian] Success with 'requests_browser'. Found content (915 words).
2026-02-12 08:56:34,197 - INFO - Duplicate article skipped: Ebo Taylor, Ghanaian highlife pioneer and guitarist, dies age 90 | Music | The Guardian from The Guardian
2026-02-12 08:56:34,638 - INFO - [BBC] Article: https://www.bbc.com/news/articles/cddn078mnn5o?at_medium=RSS&at_campaign=rss
2026-02-12 08:56:34,638 - INFO - [BBC] Attempt 1/1: Trying with 'requests_browser' strategy...
2026-02-12 08:56:34,684 - INFO - [BBC] Success with 'requests_browser'. Found content (1029 words).
2026-02-12 08:56:34,721 - INFO - Duplicate article skipped: 'It was terrifying': Tumbler Ridge's tight-knit community in shock after shooting from BBC
2026-02-12 08:56:35,667 - INFO - [The Guardian] Article: https://www.theguardian.com/environment/2026/feb/09/weather-tracker-spain-and-portugal-hit-by-third-fatal-storm
2026-02-12 08:56:35,667 - INFO - [The Guardian] Attempt 1/1: Trying with 'requests_browser' strategy...
2026-02-12 08:56:35,702 - INFO - [The Guardian] Success with 'requests_browser'. Found content (391 words).
2026-02-12 08:56:35,745 - INFO - Duplicate article skipped: Weather tracker: Spain and Portugal hit by third deadly storm in two weeks | Flooding | The Guardian from The Guardian
2026-02-12 08:56:35,771 - INFO - [BBC] Article: https://www.bbc.com/news/articles/cdjm33kwxx4o?at_medium=RSS&at_campaign=rss
2026-02-12 08:56:35,772 - INFO - [BBC] Attempt 1/1: Trying with 'requests_browser' strategy...
2026-02-12 08:56:35,817 - INFO - [BBC] Success with 'requests_browser'. Found content (1147 words).
2026-02-12 08:56:35,856 - INFO - Duplicate article skipped: Lyse Doucet: In Tehran, rallies for Iran's revolution overshadowed by discontent and defiance from BBC
2026-02-12 08:56:36,563 - INFO - [BBC] Article: https://www.bbc.com/news/articles/cg5n7064p9eo?at_medium=RSS&at_campaign=rss
2026-02-12 08:56:36,563 - INFO - [BBC] Attempt 1/1: Trying with 'requests_browser' strategy...
2026-02-12 08:56:36,602 - INFO - [BBC] Success with 'requests_browser'. Found content (530 words).
2026-02-12 08:56:36,614 - INFO - [The Guardian] Article: https://www.theguardian.com/world/2026/feb/07/sudan-rsf-drone-attack-rahad-kills-displaced-people
2026-02-12 08:56:36,614 - INFO - [The Guardian] Attempt 1/1: Trying with 'requests_browser' strategy...
2026-02-12 08:56:36,642 - INFO - Duplicate article skipped: Xi Jinping: Chinese leader makes rare reference to recent military purge from BBC
2026-02-12 08:56:36,663 - INFO - [The Guardian] Success with 'requests_browser'. Found content (817 words).
2026-02-12 08:56:36,706 - INFO - Duplicate article skipped: RSF drone attack kills 24 people fleeing fighting in central Sudan, says doctors group | Sudan | The Guardian from The Guardian
2026-02-12 08:56:37,267 - INFO - [The Guardian] Article: https://www.theguardian.com/global-development/2026/feb/07/businesses-close-protest-malawi-tax-changes-electronic-invoicing-system
2026-02-12 08:56:37,267 - INFO - [The Guardian] Attempt 1/1: Trying with 'requests_browser' strategy...
2026-02-12 08:56:37,295 - INFO - [The Guardian] Success with 'requests_browser'. Found content (591 words).
2026-02-12 08:56:37,351 - INFO - Duplicate article skipped: Thousands of Malawi businesses close in protest over tax changes | Global development | The Guardian from The Guardian
2026-02-12 08:56:37,773 - INFO - [BBC] Article: https://www.bbc.com/news/articles/clygd10pg5lo?at_medium=RSS&at_campaign=rss
2026-02-12 08:56:37,773 - INFO - [BBC] Attempt 1/1: Trying with 'requests_browser' strategy...
2026-02-12 08:56:37,813 - INFO - [BBC] Success with 'requests_browser'. Found content (387 words).
2026-02-12 08:56:37,861 - INFO - Duplicate article skipped: Russia moves to block WhatsApp in messaging app crackdown from BBC
2026-02-12 08:56:38,476 - INFO - [The Guardian] Article: https://www.theguardian.com/world/2026/feb/11/tumbler-ridge-canada-shooting-school-mark-carney
2026-02-12 08:56:38,476 - INFO - [The Guardian] Attempt 1/1: Trying with 'requests_browser' strategy...
2026-02-12 08:56:38,504 - INFO - [The Guardian] Success with 'requests_browser'. Found content (1290 words).
2026-02-12 08:56:38,539 - INFO - Duplicate article skipped: Canadian police identify suspect in school massacre that left nine dead | Tumbler Ridge school shooting | The Guardian from The Guardian
2026-02-12 08:56:39,301 - INFO - [BBC] Article: https://www.bbc.com/news/articles/cewz2yr47dvo?at_medium=RSS&at_campaign=rss
2026-02-12 08:56:39,301 - INFO - [BBC] Attempt 1/1: Trying with 'requests_browser' strategy...
2026-02-12 08:56:39,347 - INFO - [BBC] Success with 'requests_browser'. Found content (945 words).
2026-02-12 08:56:39,388 - INFO - [The Guardian] Article: https://www.theguardian.com/us-news/2026/feb/11/us-house-vote-trump-canada-tariffs
2026-02-12 08:56:39,388 - INFO - [The Guardian] Attempt 1/1: Trying with 'requests_browser' strategy...
2026-02-12 08:56:39,392 - INFO - Duplicate article skipped: Dawson's Creek stars lead tributes to James Van Der Beek from BBC
2026-02-12 08:56:39,416 - INFO - [The Guardian] Success with 'requests_browser'. Found content (1011 words).
2026-02-12 08:56:39,450 - INFO - Duplicate article skipped: US House backs bid to block Canada tariffs in rebuke of Trump | Trump tariffs | The Guardian from The Guardian
2026-02-12 08:56:40,338 - INFO - Selenium driver initialized successfully.
2026-02-12 08:56:40,338 - INFO - Starting scrape for The Hindu RSS feed: https://www.thehindu.com/news/national/feeder/default.rss
2026-02-12 08:56:40,339 - INFO - Selenium driver initialized successfully.
2026-02-12 08:56:40,340 - INFO - Starting scrape for Times of India RSS feed: https://timesofindia.indiatimes.com/rssfeeds/296589292.cms
2026-02-12 08:56:40,469 - INFO - Found 100 articles in The Hindu RSS feed. Processing up to 10.
2026-02-12 08:56:40,469 - INFO - [The Hindu] Article: https://www.thehindu.com/news/national/karnataka/consultative-meet-of-badanavalu-satyagrahis-in-mysuru-on-february-14-to-highlight-demand-to-strengthen-rural-economy/article70623198.ece
2026-02-12 08:56:40,469 - INFO - [The Hindu] Attempt 1/1: Trying with 'selenium_browser' strategy...
2026-02-12 08:56:40,472 - INFO - Found 20 articles in Times of India RSS feed. Processing up to 10.
2026-02-12 08:56:40,472 - INFO - [Times of India] Article: https://timesofindia.indiatimes.com/world/middle-east/saudi-arabias-oil-giant-saudi-aramco-crosses-70-localisation-milestone-280-billion-boost-to-gdp-global-firms-rush-in-as-iktva-creates-over-200000-jobs/articleshow/128244788.cms
2026-02-12 08:56:40,472 - INFO - [Times of India] Attempt 1/1: Trying with 'selenium_browser' strategy...
2026-02-12 08:56:40,497 - INFO - [The Guardian] Article: https://www.theguardian.com/world/live/2026/feb/11/tumbler-ridge-school-shooting-live-updates-number-dead-suspect-deceased
2026-02-12 08:56:40,497 - INFO - [The Guardian] Attempt 1/1: Trying with 'requests_browser' strategy...
2026-02-12 08:56:40,654 - INFO - [BBC] Article: https://www.bbc.com/news/articles/c931zzzep0eo?at_medium=RSS&at_campaign=rss
2026-02-12 08:56:40,654 - INFO - [BBC] Attempt 1/1: Trying with 'requests_browser' strategy...
2026-02-12 08:56:40,785 - INFO - [The Guardian] Success with 'requests_browser'. Found content (1810 words).
2026-02-12 08:56:40,913 - INFO - Duplicate article skipped: Tumbler Ridge school shooting: police identify suspect in Canada attack as 18-year-old local resident – as it happened | Tumbler Ridge school shooting | The Guardian from The Guardian
2026-02-12 08:56:40,930 - INFO - [BBC] Success with 'requests_browser'. Found content (437 words).
2026-02-12 08:56:40,985 - INFO - Duplicate article skipped: Cyclone Gezani kills at least 31 as it tears through Madagascar's port of Toamasina from BBC
2026-02-12 08:56:41,719 - INFO - [BBC] Article: https://www.bbc.com/news/articles/c05vzjp7v3do?at_medium=RSS&at_campaign=rss
2026-02-12 08:56:41,719 - INFO - [BBC] Attempt 1/1: Trying with 'requests_browser' strategy...
2026-02-12 08:56:41,792 - INFO - [BBC] Success with 'requests_browser'. Found content (696 words).
2026-02-12 08:56:41,955 - INFO - Duplicate article skipped: Mother of fire disaster victims speaks to Swiss bar owners at hearing from BBC
2026-02-12 08:56:42,065 - INFO - [The Guardian] Article: https://www.theguardian.com/world/2026/feb/11/canada-school-shooting-ten-dead-including-suspect-in-attack-on-tumbler-ridge-secondary-school-and-residence-police-say
2026-02-12 08:56:42,065 - INFO - [The Guardian] Attempt 1/1: Trying with 'requests_browser' strategy...
2026-02-12 08:56:42,198 - INFO - [The Guardian] Success with 'requests_browser'. Found content (946 words).
2026-02-12 08:56:42,317 - INFO - Duplicate article skipped: Canada shooting: Nine dead including suspect in attack on Tumbler Ridge high school, police say | Tumbler Ridge school shooting | The Guardian from The Guardian
2026-02-12 08:56:43,342 - INFO - [BBC] Article: https://www.bbc.com/news/articles/clyz2142e77o?at_medium=RSS&at_campaign=rss
2026-02-12 08:56:43,342 - INFO - [BBC] Attempt 1/1: Trying with 'requests_browser' strategy...
2026-02-12 08:56:43,440 - INFO - [BBC] Success with 'requests_browser'. Found content (452 words).
2026-02-12 08:56:43,550 - INFO - Duplicate article skipped: US House votes to overturn Trump's tariffs on Canada from BBC
2026-02-12 08:56:43,690 - INFO - [The Guardian] Article: https://www.theguardian.com/world/2026/feb/11/mexican-cartel-drones-el-paso
2026-02-12 08:56:43,690 - INFO - [The Guardian] Attempt 1/1: Trying with 'requests_browser' strategy...
2026-02-12 08:56:43,765 - INFO - [The Guardian] Success with 'requests_browser'. Found content (731 words).
2026-02-12 08:56:43,862 - INFO - Duplicate article skipped: Alleged drones in El Paso airspace cast spotlight on Mexican cartels’ growing arsenals | Mexico | The Guardian from The Guardian
2026-02-12 08:56:44,409 - INFO - [The Hindu] Page content loaded.
2026-02-12 08:56:44,583 - INFO - [The Hindu] Success with 'selenium_browser'. Found content (216 words).
2026-02-12 08:56:44,804 - INFO - Saved article: Badanavalu Satyagrahis to meet in Mysuru on Feb 14 to highlight demand to strengthen rural economy - The Hindu from The Hindu
2026-02-12 08:56:45,030 - INFO - [BBC] Article: https://www.bbc.com/news/articles/cj32mj3xzd1o?at_medium=RSS&at_campaign=rss
2026-02-12 08:56:45,030 - INFO - [BBC] Attempt 1/1: Trying with 'requests_browser' strategy...
2026-02-12 08:56:45,157 - INFO - [BBC] Success with 'requests_browser'. Found content (410 words).
2026-02-12 08:56:45,308 - INFO - Duplicate article skipped: Bud Cort, star of cult classic Harold and Maude, dies aged 77 from BBC
2026-02-12 08:56:45,480 - INFO - [The Hindu] Article: https://www.thehindu.com/news/national/joint-parliamentary-panel-gets-time-till-monsoon-session-to-submit-report-on-bill-to-replace-ugc/article70623252.ece
2026-02-12 08:56:45,480 - INFO - [The Hindu] Attempt 1/1: Trying with 'selenium_browser' strategy...
2026-02-12 08:56:47,741 - INFO - [The Hindu] Page content loaded.
2026-02-12 08:56:47,892 - INFO - [The Hindu] Success with 'selenium_browser'. Found content (491 words).
2026-02-12 08:56:48,012 - INFO - Saved article: Joint parliamentary panel gets time till Monsoon Session to submit report on Bill to replace UGC - The Hindu from The Hindu
2026-02-12 08:56:48,382 - INFO - [Times of India] Page content loaded.
2026-02-12 08:56:48,973 - INFO - [Times of India] Success with 'selenium_browser'. Found content (927 words).
2026-02-12 08:56:49,267 - INFO - [The Hindu] Article: https://www.thehindu.com/news/national/kerala/kerala-police-intensify-d-dad-drive-to-tackle-digital-addiction-among-children/article70623144.ece
2026-02-12 08:56:49,267 - INFO - [The Hindu] Attempt 1/1: Trying with 'selenium_browser' strategy...
2026-02-12 08:56:49,450 - INFO - Saved article: Saudi Arabia's oil giant Saudi Aramco crosses 70% localisation milestone, $280 billion boost to GDP: Global firms rush in as iktva creates over 200,000 jobs - The Times of India from Times of India
2026-02-12 08:56:50,527 - INFO - [Times of India] Article: https://timesofindia.indiatimes.com/world/south-asia/bangladesh-elections-bnp-leader-dies-at-polling-station-after-allegedly-being-pushed-hit-head-on-tree/articleshow/128246913.cms
2026-02-12 08:56:50,527 - INFO - [Times of India] Attempt 1/1: Trying with 'selenium_browser' strategy...
2026-02-12 08:56:51,786 - INFO - [The Hindu] Page content loaded.
2026-02-12 08:56:51,869 - INFO - [The Hindu] Success with 'selenium_browser'. Found content (299 words).
2026-02-12 08:56:51,953 - INFO - Saved article: Kerala Police to intensify ‘D-Dad’ drive to tackle digital addiction among children - The Hindu from The Hindu
2026-02-12 08:56:52,911 - INFO - [The Hindu] Article: https://www.thehindu.com/news/national/vijay-mallya-bombay-high-court-fugitive-economic-offenders-fugitive-tag/article70623215.ece
2026-02-12 08:56:52,911 - INFO - [The Hindu] Attempt 1/1: Trying with 'selenium_browser' strategy...
2026-02-12 08:56:56,433 - INFO - [The Hindu] Page content loaded.
2026-02-12 08:56:56,535 - INFO - [The Hindu] Success with 'selenium_browser'. Found content (527 words).
2026-02-12 08:56:56,677 - INFO - Saved article: Will not hear plea against fugitive tag if Vijay Mallya does not return to India, warns Bombay HC - The Hindu from The Hindu
2026-02-12 08:56:57,700 - INFO - [The Hindu] Article: https://www.thehindu.com/news/national/kerala/gang-rape-at-thiruvalla-spa-not-linked-to-any-quotation-say-kerala-police/article70623006.ece
2026-02-12 08:56:57,700 - INFO - [The Hindu] Attempt 1/1: Trying with 'selenium_browser' strategy...
2026-02-12 08:57:07,130 - INFO - [The Hindu] Page content loaded.
2026-02-12 08:57:07,387 - INFO - [The Hindu] Success with 'selenium_browser'. Found content (337 words).
2026-02-12 08:57:07,614 - INFO - Saved article: Gang rape at Thiruvalla spa not linked to any quotation, say Kerala Police - The Hindu from The Hindu
2026-02-12 08:57:08,532 - INFO - [The Hindu] Article: https://www.thehindu.com/news/cities/Hyderabad/prohibitory-orders-imposed-around-counting-centres-in-malkajgiri-and-cyberabad/article70623027.ece
2026-02-12 08:57:08,532 - INFO - [The Hindu] Attempt 1/1: Trying with 'selenium_browser' strategy...
2026-02-12 08:57:09,728 - INFO - [Times of India] Page content loaded.
2026-02-12 08:57:10,041 - INFO - [Times of India] Success with 'selenium_browser'. Found content (357 words).
2026-02-12 08:57:10,433 - INFO - Saved article: Bangladesh elections: BNP leader dies at polling station after allegedly being pushed; hit head on tree - The Times of India from Times of India
2026-02-12 08:57:11,216 - INFO - [Times of India] Article: https://timesofindia.indiatimes.com/science/nasas-spherex-mission-observes-interstellar-comet-3i/atlas-brightening-in-a-surprising-solar-outburst/articleshow/128241511.cms
2026-02-12 08:57:11,216 - INFO - [Times of India] Attempt 1/1: Trying with 'selenium_browser' strategy...
2026-02-12 08:57:11,542 - INFO - [The Hindu] Page content loaded.
2026-02-12 08:57:12,037 - INFO - [The Hindu] Success with 'selenium_browser'. Found content (329 words).
2026-02-12 08:57:12,143 - INFO - Saved article: Prohibitory orders imposed around counting centres in Malkajgiri and Cyberabad - The Hindu from The Hindu
2026-02-12 08:57:12,217 - INFO - [Times of India] Page content loaded.
2026-02-12 08:57:12,352 - INFO - [Times of India] Success with 'selenium_browser'. Found content (321 words).
2026-02-12 08:57:12,403 - INFO - Saved article: NASA's SPHEREx mission observes interstellar comet 3I/ATLAS brightening in a surprising solar outburst | - The Times of India from Times of India
2026-02-12 08:57:12,756 - INFO - [The Hindu] Article: https://www.thehindu.com/news/national/kerala/forest-fire-rages-unchecked-in-konnakkad-kommadi-area-of-keralas-kasaragod-efforts-on-to-protect-habitations/article70623044.ece
2026-02-12 08:57:12,756 - INFO - [The Hindu] Attempt 1/1: Trying with 'selenium_browser' strategy...
2026-02-12 08:57:12,989 - INFO - [Times of India] Article: https://timesofindia.indiatimes.com/world/middle-east/indian-expat-wins-1-million-dubai-duty-free-jackpot-days-after-79th-birthday/articleshow/128243394.cms
2026-02-12 08:57:12,989 - INFO - [Times of India] Attempt 1/1: Trying with 'selenium_browser' strategy...
2026-02-12 08:57:14,106 - INFO - [Times of India] Page content loaded.
2026-02-12 08:57:14,447 - INFO - [Times of India] Success with 'selenium_browser'. Found content (574 words).
2026-02-12 08:57:14,584 - INFO - Saved article: Indian expat wins $1 million Dubai duty free jackpot days after 79th birthday | World News - The Times of India from Times of India
2026-02-12 08:57:15,564 - INFO - [Times of India] Article: https://timesofindia.indiatimes.com/world/middle-east/sharjah-retro-festival-2026-biggest-90s-inspired-nostalgic-celebration-of-pop-culture-kickstarts-in-uae-emirate-with-music-movies-and-more/articleshow/128234403.cms
2026-02-12 08:57:15,566 - INFO - [Times of India] Attempt 1/1: Trying with 'selenium_browser' strategy...
2026-02-12 08:57:18,787 - INFO - [Times of India] Page content loaded.
2026-02-12 08:57:19,016 - INFO - [Times of India] Success with 'selenium_browser'. Found content (787 words).
2026-02-12 08:57:19,128 - INFO - Saved article: Sharjah retro festival 2026: Biggest 90s-inspired nostalgic celebration of pop culture kickstarts in UAE emirate with music, movies and more - The Times of India from Times of India
2026-02-12 08:57:20,461 - INFO - [Times of India] Article: https://timesofindia.indiatimes.com/science/nasa-proceeds-for-launch-with-spacex-crew-12-after-weather-delay/articleshow/128242750.cms
2026-02-12 08:57:20,461 - INFO - [Times of India] Attempt 1/1: Trying with 'selenium_browser' strategy...
2026-02-12 08:57:21,606 - INFO - [Times of India] Page content loaded.
2026-02-12 08:57:21,690 - INFO - [Times of India] Success with 'selenium_browser'. Found content (465 words).
2026-02-12 08:57:21,752 - INFO - Saved article: NASA proceeds for launch with SpaceX Crew-12 after weather delay | - The Times of India from Times of India
2026-02-12 08:57:22,835 - INFO - [Times of India] Article: https://timesofindia.indiatimes.com/world/middle-east/uae-schools-ban-sugary-food-fizzy-drinks-lunchbox-guidelines-snacks-rules-parents-and-students-should-know/articleshow/128234352.cms
2026-02-12 08:57:22,835 - INFO - [Times of India] Attempt 1/1: Trying with 'selenium_browser' strategy...
2026-02-12 08:57:23,875 - INFO - [Times of India] Page content loaded.
2026-02-12 08:57:24,032 - INFO - [Times of India] Success with 'selenium_browser'. Found content (800 words).
2026-02-12 08:57:24,120 - INFO - Saved article: UAE schools ban sugary food, fizzy drinks: Lunchbox guidelines, snacks rules parents and students should know - The Times of India from Times of India
2026-02-12 08:57:25,537 - INFO - [Times of India] Article: https://timesofindia.indiatimes.com/world/middle-east/oman-officially-confirms-ramadan-2026-to-begin-on-february-19/articleshow/128240721.cms
2026-02-12 08:57:25,537 - INFO - [Times of India] Attempt 1/1: Trying with 'selenium_browser' strategy...
2026-02-12 08:57:26,678 - INFO - [Times of India] Page content loaded.
2026-02-12 08:57:26,829 - INFO - [Times of India] Success with 'selenium_browser'. Found content (551 words).
2026-02-12 08:57:26,892 - INFO - Duplicate article skipped: Oman officially confirms Ramadan 2026 to begin on February 19 | World News - The Times of India from Times of India
2026-02-12 08:57:27,724 - INFO - [Times of India] Article: https://timesofindia.indiatimes.com/science/the-indian-ocean-is-becoming-less-salty-scientists-say-the-consequences-could-be-massive/articleshow/128237303.cms
2026-02-12 08:57:27,725 - INFO - [Times of India] Attempt 1/1: Trying with 'selenium_browser' strategy...
2026-02-12 08:57:28,466 - INFO - [Times of India] Page content loaded.
2026-02-12 08:57:28,572 - INFO - [Times of India] Success with 'selenium_browser'. Found content (428 words).
2026-02-12 08:57:28,623 - INFO - Duplicate article skipped: The Indian Ocean is becoming ‘less salty’: Scientists say the consequences could be massive | - The Times of India from Times of India
2026-02-12 08:57:29,438 - INFO - [Times of India] Article: https://timesofindia.indiatimes.com/science/nasa-hubble-space-telescope-captures-rare-view-of-dying-star-1000-light-years-away-in-the-egg-nebula/articleshow/128240601.cms
2026-02-12 08:57:29,438 - INFO - [Times of India] Attempt 1/1: Trying with 'selenium_browser' strategy...
2026-02-12 08:57:30,214 - INFO - [Times of India] Page content loaded.
2026-02-12 08:57:30,314 - INFO - [Times of India] Success with 'selenium_browser'. Found content (364 words).
2026-02-12 08:57:30,361 - INFO - Duplicate article skipped: NASA Hubble Space Telescope captures rare view of dying star 1,000 light-years away in the Egg Nebula | - The Times of India from Times of India
2026-02-12 08:57:31,320 - INFO - [Times of India] (Thread) Finished. Attempting to shut down its Selenium driver.
2026-02-12 08:57:31,555 - INFO - [Times of India] (Thread) driver.quit() successful.
2026-02-12 08:58:12,770 - ERROR - [The Hindu] Request failed for strategy 'selenium_browser' on URL https://www.thehindu.com/news/national/kerala/forest-fire-rages-unchecked-in-konnakkad-kommadi-area-of-keralas-kasaragod-efforts-on-to-protect-habitations/article70623044.ece: Message: timeout: Timed out receiving message from renderer: 59.960
  (Session info: chrome=144.0.7559.109)
Stacktrace:
#0 0x55ad33be74ba <unknown>
#1 0x55ad33650492 <unknown>
#2 0x55ad33637b47 <unknown>
#3 0x55ad33637756 <unknown>
#4 0x55ad33635271 <unknown>
#5 0x55ad33635bff <unknown>
#6 0x55ad33645150 <unknown>
#7 0x55ad3365f147 <unknown>
#8 0x55ad3366634b <unknown>
#9 0x55ad33636369 <unknown>
#10 0x55ad3365eeda <unknown>
#11 0x55ad336eea78 <unknown>
#12 0x55ad336976a2 <unknown>
#13 0x55ad33698491 <unknown>
#14 0x55ad33bad479 <unknown>
#15 0x55ad33bb0391 <unknown>
#16 0x55ad33b99a89 <unknown>
#17 0x55ad33bb0f4e <unknown>
#18 0x55ad33b80070 <unknown>
#19 0x55ad33bd4ca8 <unknown>
#20 0x55ad33bd4e78 <unknown>
#21 0x55ad33be6828 <unknown>
#22 0x7f5f92e9caa4 <unknown>
#23 0x7f5f92f29c6c <unknown>

2026-02-12 08:58:12,770 - ERROR - [The Hindu] All scrape strategies failed for https://www.thehindu.com/news/national/kerala/forest-fire-rages-unchecked-in-konnakkad-kommadi-area-of-keralas-kasaragod-efforts-on-to-protect-habitations/article70623044.ece. Falling back to RSS description.
2026-02-12 08:58:12,772 - INFO - Saved article: Forest fire rages unchecked in Konnakkad-Kommadi area of Kerala’s Kasaragod; efforts on to protect habitations from The Hindu
2026-02-12 08:58:13,556 - INFO - [The Hindu] Article: https://www.thehindu.com/news/national/supreme-court-refuses-to-entertain-jairam-rameshs-plea-on-retrospective-environmental-clearances/article70623140.ece
2026-02-12 08:58:13,556 - INFO - [The Hindu] Attempt 1/1: Trying with 'selenium_browser' strategy...
2026-02-12 08:58:15,525 - INFO - [The Hindu] Page content loaded.
2026-02-12 08:58:15,580 - INFO - [The Hindu] Success with 'selenium_browser'. Found content (455 words).
2026-02-12 08:58:15,736 - INFO - Saved article: Supreme Court refuses to entertain Jairam Ramesh's plea on retrospective environmental clearances - The Hindu from The Hindu
2026-02-12 08:58:16,268 - INFO - [The Hindu] Article: https://www.thehindu.com/news/national/tamil-nadu/ms-dhoni-to-pay-10-lakh-for-transcribing-translating-documents-in-ipl-betting-scam-defamation-case-at-madras-high-court/article70622992.ece
2026-02-12 08:58:16,268 - INFO - [The Hindu] Attempt 1/1: Trying with 'selenium_browser' strategy...
2026-02-12 08:58:16,945 - INFO - [The Hindu] Page content loaded.
2026-02-12 08:58:17,155 - INFO - [The Hindu] Success with 'selenium_browser'. Found content (491 words).
2026-02-12 08:58:17,242 - INFO - Saved article: MS Dhoni to pay ₹10 lakh for transcribing, translating documents in IPL betting scam defamation case at Madras High Court - The Hindu from The Hindu
2026-02-12 08:58:18,018 - INFO - [The Hindu] Article: https://www.thehindu.com/news/national/you-cant-denigrate-section-of-society-by-such-title-supreme-court-raps-neeraj-pandey-on-ghooskhor-pandat/article70623114.ece
2026-02-12 08:58:18,018 - INFO - [The Hindu] Attempt 1/1: Trying with 'selenium_browser' strategy...
2026-02-12 08:58:24,973 - INFO - [The Hindu] Page content loaded.
2026-02-12 08:58:25,039 - INFO - [The Hindu] Success with 'selenium_browser'. Found content (316 words).
2026-02-12 08:58:25,105 - INFO - Saved article: You can't denigrate section of society by such title: Supreme Court raps Neeraj Pandey on 'Ghooskhor Pandat' - The Hindu from The Hindu
2026-02-12 08:58:26,202 - INFO - [The Hindu] (Thread) Finished. Attempting to shut down its Selenium driver.
2026-02-12 08:58:26,347 - INFO - [The Hindu] (Thread) driver.quit() successful.
2026-02-12 08:58:26,347 - INFO - Shutting down thread pool (wait=False)...
2026-02-12 08:58:26,347 - INFO - Scraped: 0 BBC, 10 The Hindu, 0 The Guardian, 7 Times of India articles. (Total saved: 17)
2026-02-12 08:58:26,347 - INFO - --- Scraping job finished ---
2026-02-12 08:58:26,352 - INFO - --- Scraper service stopped and database connection closed. ---
2026-02-12 08:58:26,352 - INFO - --- Main thread finished. Forcing process exit to kill zombie threads. ---
