2026-03-03 10:50:37,207 - INFO - Initializing database connection at: news_articles.db
2026-03-03 10:50:37,207 - INFO - --- Scraper service started (CI Mode: Run Once) ---
2026-03-03 10:50:37,207 - INFO - --- Starting new scraping job (Parallel Mode) ---
2026-03-03 10:50:37,207 - INFO - Creating new robust session with 3 retries on 5xx/connection/read errors.
2026-03-03 10:50:37,208 - INFO - Proxy is DISABLED.
2026-03-03 10:50:37,208 - INFO - Starting scrape for BBC RSS feed: http://feeds.bbci.co.uk/news/world/rss.xml
2026-03-03 10:50:37,208 - INFO - [Times of India] (Thread) requires Selenium. Initializing driver...
2026-03-03 10:50:37,208 - INFO - Initializing headless Selenium Chrome driver (using SeleniumManager)...
2026-03-03 10:50:37,209 - INFO - Starting scrape for The Guardian RSS feed: https://www.theguardian.com/world/rss
2026-03-03 10:50:37,210 - INFO - [The Hindu] (Thread) requires Selenium. Initializing driver...
2026-03-03 10:50:37,210 - INFO - Initializing headless Selenium Chrome driver (using SeleniumManager)...
2026-03-03 10:50:37,210 - INFO - Submitted 4 jobs to thread pool. Waiting up to 300s for completion...
2026-03-03 10:50:37,287 - INFO - Found 31 articles in BBC RSS feed. Processing up to 10.
2026-03-03 10:50:37,288 - INFO - [BBC] Article: https://www.bbc.com/news/articles/c4gq33ynl07o?at_medium=RSS&at_campaign=rss
2026-03-03 10:50:37,288 - INFO - [BBC] Attempt 1/1: Trying with 'requests_browser' strategy...
2026-03-03 10:50:37,310 - INFO - Found 45 articles in The Guardian RSS feed. Processing up to 10.
2026-03-03 10:50:37,310 - INFO - [The Guardian] Article: https://www.theguardian.com/world/2026/feb/27/ghana-men-killed-fight-russia-ukraine
2026-03-03 10:50:37,310 - INFO - [The Guardian] Attempt 1/1: Trying with 'requests_browser' strategy...
2026-03-03 10:50:37,494 - INFO - [The Guardian] Success with 'requests_browser'. Found content (401 words).
2026-03-03 10:50:37,550 - INFO - Duplicate article skipped: Ghana says at least 55 of its people killed after Russia ‘lured’ them to fight Ukraine | Ukraine | The Guardian from The Guardian
2026-03-03 10:50:37,588 - INFO - [BBC] Success with 'requests_browser'. Found content (301 words).
2026-03-03 10:50:37,644 - INFO - Saved article: Six US soldiers killed in Iranian strike on Kuwait base from BBC
2026-03-03 10:50:38,817 - INFO - [BBC] Article: https://www.bbc.com/news/articles/cx2jyv3jp01o?at_medium=RSS&at_campaign=rss
2026-03-03 10:50:38,817 - INFO - [BBC] Attempt 1/1: Trying with 'requests_browser' strategy...
2026-03-03 10:50:38,845 - INFO - [BBC] Success with 'requests_browser'. Found content (425 words).
2026-03-03 10:50:38,881 - INFO - Duplicate article skipped: 'The house was shaking': Iranians describe impact of US-Israel attacks from BBC
2026-03-03 10:50:38,940 - INFO - [The Guardian] Article: https://www.theguardian.com/global-development/2026/feb/27/rising-anger-over-lop-sided-immoral-us-health-funding-pacts-africa-countries
2026-03-03 10:50:38,940 - INFO - [The Guardian] Attempt 1/1: Trying with 'requests_browser' strategy...
2026-03-03 10:50:39,417 - INFO - [The Guardian] Success with 'requests_browser'. Found content (1145 words).
2026-03-03 10:50:39,454 - INFO - Duplicate article skipped: Rising anger over ‘lop-sided’ and ‘immoral’ US health funding pacts with African countries | Global development | The Guardian from The Guardian
2026-03-03 10:50:39,917 - INFO - [BBC] Article: https://www.bbc.com/news/articles/cj4zlnezrl7o?at_medium=RSS&at_campaign=rss
2026-03-03 10:50:39,917 - INFO - [BBC] Attempt 1/1: Trying with 'requests_browser' strategy...
2026-03-03 10:50:39,949 - INFO - [BBC] Success with 'requests_browser'. Found content (556 words).
2026-03-03 10:50:39,986 - INFO - Duplicate article skipped: France to boost nuclear arsenal and extend deterrence to European allies from BBC
2026-03-03 10:50:40,819 - INFO - [BBC] Article: https://www.bbc.com/news/articles/cx24gl7jrgno?at_medium=RSS&at_campaign=rss
2026-03-03 10:50:40,819 - INFO - [BBC] Attempt 1/1: Trying with 'requests_browser' strategy...
2026-03-03 10:50:40,853 - INFO - [BBC] Success with 'requests_browser'. Found content (813 words).
2026-03-03 10:50:40,894 - INFO - Duplicate article skipped: India and Canada reset ties with 'landmark' nuclear energy deal from BBC
2026-03-03 10:50:40,894 - INFO - [The Guardian] Article: https://www.theguardian.com/global-development/2026/feb/26/women-arrested-uganda-kissing-public-lgbtq-laws
2026-03-03 10:50:40,894 - INFO - [The Guardian] Attempt 1/1: Trying with 'requests_browser' strategy...
2026-03-03 10:50:40,915 - INFO - [The Guardian] Success with 'requests_browser'. Found content (645 words).
2026-03-03 10:50:40,954 - INFO - Duplicate article skipped: Two women arrested in Uganda for allegedly kissing in public could face life sentence | Global development | The Guardian from The Guardian
2026-03-03 10:50:42,061 - INFO - [BBC] Article: https://www.bbc.com/news/articles/c0mgkvy4wr8o?at_medium=RSS&at_campaign=rss
2026-03-03 10:50:42,061 - INFO - [BBC] Attempt 1/1: Trying with 'requests_browser' strategy...
2026-03-03 10:50:42,099 - INFO - [BBC] Success with 'requests_browser'. Found content (641 words).
2026-03-03 10:50:42,140 - INFO - Duplicate article skipped: South Sudan attack in Ruweng kills at least 169 people from BBC
2026-03-03 10:50:42,167 - INFO - [The Guardian] Article: https://www.theguardian.com/world/2026/feb/26/recent-mediterranean-storms-tragedies-spain-portugal-morocco
2026-03-03 10:50:42,167 - INFO - [The Guardian] Attempt 1/1: Trying with 'requests_browser' strategy...
2026-03-03 10:50:42,197 - INFO - [The Guardian] Success with 'requests_browser'. Found content (991 words).
2026-03-03 10:50:42,248 - INFO - Duplicate article skipped: ‘A devastating force’: how recent storms turned to tragedies across the western Mediterranean | Extreme weather | The Guardian from The Guardian
2026-03-03 10:50:43,036 - INFO - [The Guardian] Article: https://www.theguardian.com/global-development/2026/feb/25/zambia-us-health-aid-deal-exploitation-mining-concessions-data-sharing-targets
2026-03-03 10:50:43,036 - INFO - [The Guardian] Attempt 1/1: Trying with 'requests_browser' strategy...
2026-03-03 10:50:43,060 - INFO - [The Guardian] Success with 'requests_browser'. Found content (1111 words).
2026-03-03 10:50:43,127 - INFO - Duplicate article skipped: US accused of ‘shameless exploitation’ over proposed Zambian health aid deal | Global health | The Guardian from The Guardian
2026-03-03 10:50:43,138 - INFO - [BBC] Article: https://www.bbc.com/news/articles/c1kgln0yg3po?at_medium=RSS&at_campaign=rss
2026-03-03 10:50:43,138 - INFO - [BBC] Attempt 1/1: Trying with 'requests_browser' strategy...
2026-03-03 10:50:43,170 - INFO - [BBC] Success with 'requests_browser'. Found content (517 words).
2026-03-03 10:50:43,208 - INFO - Duplicate article skipped: Rembrandt's Vision of Zacharias in the Temple rediscovered after 65 years from BBC
2026-03-03 10:50:44,340 - INFO - [The Guardian] Article: https://www.theguardian.com/world/2026/feb/28/miami-exiled-cubans-speedboat-shootout
2026-03-03 10:50:44,341 - INFO - [The Guardian] Attempt 1/1: Trying with 'requests_browser' strategy...
2026-03-03 10:50:44,500 - INFO - Selenium driver initialized successfully.
2026-03-03 10:50:44,500 - INFO - Starting scrape for Times of India RSS feed: https://timesofindia.indiatimes.com/rssfeeds/296589292.cms
2026-03-03 10:50:44,501 - INFO - Selenium driver initialized successfully.
2026-03-03 10:50:44,501 - INFO - Starting scrape for The Hindu RSS feed: https://www.thehindu.com/news/national/feeder/default.rss
2026-03-03 10:50:44,569 - INFO - [The Guardian] Success with 'requests_browser'. Found content (1105 words).
2026-03-03 10:50:44,621 - INFO - Duplicate article skipped: ‘Adventurism has had its day’: speedboat shootout leaves Miami’s exiled Cubans bewildered | Cuba | The Guardian from The Guardian
2026-03-03 10:50:44,635 - INFO - Found 20 articles in Times of India RSS feed. Processing up to 10.
2026-03-03 10:50:44,637 - INFO - [Times of India] Article: https://timesofindia.indiatimes.com/world/middle-east/us-israel-iran-war-news-live-udates-conflict-attack-middle-east-state-dubai-qatar-airways-of-emergency-explosions-tehran-gulf-countries-netanyahu-trump-us-ali-khamenei/liveblog/128959227.cms
2026-03-03 10:50:44,637 - INFO - [Times of India] Attempt 1/1: Trying with 'selenium_browser' strategy...
2026-03-03 10:50:44,653 - INFO - Found 100 articles in The Hindu RSS feed. Processing up to 10.
2026-03-03 10:50:44,653 - INFO - [The Hindu] Article: https://www.thehindu.com/news/national/mandatory-biometrics-update-uidai-finishes-12-crore-biometric-captures-at-schools/article70698793.ece
2026-03-03 10:50:44,653 - INFO - [The Hindu] Attempt 1/1: Trying with 'selenium_browser' strategy...
2026-03-03 10:50:44,699 - INFO - [BBC] Article: https://www.bbc.com/news/articles/cr5lz0vgy52o?at_medium=RSS&at_campaign=rss
2026-03-03 10:50:44,699 - INFO - [BBC] Attempt 1/1: Trying with 'requests_browser' strategy...
2026-03-03 10:50:44,745 - INFO - [BBC] Success with 'requests_browser'. Found content (769 words).
2026-03-03 10:50:44,790 - INFO - Saved article: Gas and oil prices soar and shares tumble as crucial shipping lane threatened from BBC
2026-03-03 10:50:45,559 - INFO - [BBC] Article: https://www.bbc.com/news/articles/c8r137lkj5zo?at_medium=RSS&at_campaign=rss
2026-03-03 10:50:45,559 - INFO - [BBC] Attempt 1/1: Trying with 'requests_browser' strategy...
2026-03-03 10:50:45,657 - INFO - [BBC] Success with 'requests_browser'. Found content (1009 words).
2026-03-03 10:50:45,717 - INFO - Duplicate article skipped: Balen Shah: Rap star hopes to unseat former PM Oli in Nepal's Gen Z election from BBC
2026-03-03 10:50:45,917 - INFO - [The Guardian] Article: https://www.theguardian.com/world/2026/feb/28/at-least-15-killed-as-cash-laden-military-cargo-plane-crashes-in-bolivia
2026-03-03 10:50:45,918 - INFO - [The Guardian] Attempt 1/1: Trying with 'requests_browser' strategy...
2026-03-03 10:50:46,134 - INFO - [The Guardian] Success with 'requests_browser'. Found content (428 words).
2026-03-03 10:50:46,211 - INFO - Duplicate article skipped: At least 20 killed as cash-laden military cargo plane crashes in Bolivia | Bolivia | The Guardian from The Guardian
2026-03-03 10:50:46,756 - INFO - [BBC] Article: https://www.bbc.com/news/articles/c05v0ln6nq3o?at_medium=RSS&at_campaign=rss
2026-03-03 10:50:46,757 - INFO - [BBC] Attempt 1/1: Trying with 'requests_browser' strategy...
2026-03-03 10:50:46,982 - INFO - [BBC] Success with 'requests_browser'. Found content (734 words).
2026-03-03 10:50:47,168 - INFO - Duplicate article skipped: Saturday Night Live criticised by charity for 'hurtful' Tourette's sketch from BBC
2026-03-03 10:50:47,294 - INFO - [The Guardian] Article: https://www.theguardian.com/us-news/2026/feb/27/trump-cuba-regime-change
2026-03-03 10:50:47,294 - INFO - [The Guardian] Attempt 1/1: Trying with 'requests_browser' strategy...
2026-03-03 10:50:47,360 - INFO - [The Guardian] Success with 'requests_browser'. Found content (708 words).
2026-03-03 10:50:47,484 - INFO - Duplicate article skipped: Trump suggests US could carry out ‘friendly takeover’ of Cuba | Donald Trump | The Guardian from The Guardian
2026-03-03 10:50:48,116 - INFO - [BBC] Article: https://www.bbc.com/news/articles/cgjznzgly0po?at_medium=RSS&at_campaign=rss
2026-03-03 10:50:48,119 - INFO - [BBC] Attempt 1/1: Trying with 'requests_browser' strategy...
2026-03-03 10:50:48,267 - INFO - [The Guardian] Article: https://www.theguardian.com/us-news/2026/feb/27/cbp-border-drone-military-democrats
2026-03-03 10:50:48,267 - INFO - [The Guardian] Attempt 1/1: Trying with 'requests_browser' strategy...
2026-03-03 10:50:48,377 - INFO - [BBC] Success with 'requests_browser'. Found content (903 words).
2026-03-03 10:50:48,456 - INFO - [The Guardian] Success with 'requests_browser'. Found content (503 words).
2026-03-03 10:50:48,743 - INFO - Duplicate article skipped: Three victims identified in deadly Texas bar shooting FBI says could have terrorism links from BBC
2026-03-03 10:50:48,745 - INFO - Duplicate article skipped: Democrats outraged at US military’s downing of CBP drone near Mexico border | US military | The Guardian from The Guardian
2026-03-03 10:50:49,283 - INFO - [The Hindu] Page content loaded.
2026-03-03 10:50:49,594 - INFO - [The Guardian] Article: https://www.theguardian.com/world/2026/feb/27/argentina-labor-law-overhaul
2026-03-03 10:50:49,594 - INFO - [The Guardian] Attempt 1/1: Trying with 'requests_browser' strategy...
2026-03-03 10:50:50,200 - INFO - [The Guardian] Success with 'requests_browser'. Found content (639 words).
2026-03-03 10:50:50,353 - INFO - Duplicate article skipped: ‘More exploitation, fewer rights’: Argentina braces for sweeping overhaul of labor laws | Argentina | The Guardian from The Guardian
2026-03-03 10:50:52,632 - INFO - [The Hindu] Success with 'selenium_browser'. Found content (249 words).
2026-03-03 10:50:52,953 - INFO - Saved article: Mandatory biometrics update: UIDAI finishes 1.2 crore biometric captures at schools - The Hindu from The Hindu
2026-03-03 10:50:53,861 - INFO - [The Hindu] Article: https://www.thehindu.com/news/national/defence-ministry-signs-worth-5083-crore-for-acquisition-of-6-advanced-light-helicopters/article70699034.ece
2026-03-03 10:50:53,861 - INFO - [The Hindu] Attempt 1/1: Trying with 'selenium_browser' strategy...
2026-03-03 10:51:10,861 - INFO - [The Hindu] Page content loaded.
2026-03-03 10:51:11,200 - INFO - [The Hindu] Success with 'selenium_browser'. Found content (296 words).
2026-03-03 10:51:11,356 - INFO - Saved article: Defence Ministry signs worth ₹5,083 crore for acquisition of 6 Advanced Light Helicopters - The Hindu from The Hindu
2026-03-03 10:51:12,020 - INFO - [The Hindu] Article: https://www.thehindu.com/news/national/andhra-pradesh/ap-tourism-launches-driver-cum-guide-training-with-rapido-in-vijayawada/article70698624.ece
2026-03-03 10:51:12,021 - INFO - [The Hindu] Attempt 1/1: Trying with 'selenium_browser' strategy...
2026-03-03 10:51:14,275 - INFO - [The Hindu] Page content loaded.
2026-03-03 10:51:14,644 - INFO - [The Hindu] Success with 'selenium_browser'. Found content (308 words).
2026-03-03 10:51:14,891 - INFO - Saved article: A.P. Tourism launches ‘Driver-Cum-Guide’ training with Rapido in Vijayawada - The Hindu from The Hindu
2026-03-03 10:51:15,882 - INFO - [The Hindu] Article: https://www.thehindu.com/news/national/andhra-pradesh/mp-kesineni-sivanath-assures-support-for-development-of-nemali-venu-gopala-swamy-temple/article70698596.ece
2026-03-03 10:51:15,883 - INFO - [The Hindu] Attempt 1/1: Trying with 'selenium_browser' strategy...
2026-03-03 10:51:19,434 - INFO - [The Hindu] Page content loaded.
2026-03-03 10:51:19,728 - INFO - [The Hindu] Success with 'selenium_browser'. Found content (230 words).
2026-03-03 10:51:19,954 - INFO - Saved article: MP Kesineni Sivanath assures support for development of Nemali Venu Gopala Swamy Temple - The Hindu from The Hindu
2026-03-03 10:51:21,005 - INFO - [The Hindu] Article: https://www.thehindu.com/news/national/telangana/cardinal-poola-anthony-underscores-need-to-spread-message-of-peace-to-end-global-conflicts/article70696759.ece
2026-03-03 10:51:21,005 - INFO - [The Hindu] Attempt 1/1: Trying with 'selenium_browser' strategy...
2026-03-03 10:51:22,516 - INFO - [The Hindu] Page content loaded.
2026-03-03 10:51:22,586 - INFO - [The Hindu] Success with 'selenium_browser'. Found content (113 words).
2026-03-03 10:51:22,665 - INFO - Saved article: Cardinal Poola Anthony underscores need to spread message of peace to end global conflicts - The Hindu from The Hindu
2026-03-03 10:51:23,814 - INFO - [The Hindu] Article: https://www.thehindu.com/news/international/indian-embassy-in-tehran-issues-fresh-advisory-urges-nationals-in-iran-to-remain-indoors/article70698909.ece
2026-03-03 10:51:23,815 - INFO - [The Hindu] Attempt 1/1: Trying with 'selenium_browser' strategy...
2026-03-03 10:51:25,365 - INFO - [The Hindu] Page content loaded.
2026-03-03 10:51:25,412 - INFO - [The Hindu] Success with 'selenium_browser'. Found content (123 words).
2026-03-03 10:51:25,467 - INFO - Saved article: Indian Embassy in Tehran issues fresh advisory, urges nationals in Iran to ‘remain indoors’ - The Hindu from The Hindu
2026-03-03 10:51:26,124 - INFO - [The Hindu] Article: https://www.thehindu.com/news/national/west-asia-conflict-over-250-flights-cancelled-at-four-airports/article70698942.ece
2026-03-03 10:51:26,125 - INFO - [The Hindu] Attempt 1/1: Trying with 'selenium_browser' strategy...
2026-03-03 10:51:27,469 - INFO - [The Hindu] Page content loaded.
2026-03-03 10:51:27,514 - INFO - [The Hindu] Success with 'selenium_browser'. Found content (211 words).
2026-03-03 10:51:27,608 - INFO - Saved article: West Asia conflict: Over 250 flights cancelled at four airports - The Hindu from The Hindu
2026-03-03 10:51:28,676 - INFO - [The Hindu] Article: https://www.thehindu.com/news/national/telangana/kishan-reddy-seeks-white-paper-on-telanganas-finances-says-centre-gave-nearly-12-lakh-crore-in-12-years/article70698609.ece
2026-03-03 10:51:28,677 - INFO - [The Hindu] Attempt 1/1: Trying with 'selenium_browser' strategy...
2026-03-03 10:51:30,196 - INFO - [The Hindu] Page content loaded.
2026-03-03 10:51:30,241 - INFO - [The Hindu] Success with 'selenium_browser'. Found content (472 words).
2026-03-03 10:51:30,332 - INFO - Saved article: Kishan Reddy seeks ‘White Paper’ on Telangana’s finances, says Centre gave nearly ₹12 lakh crore in 12 years - The Hindu from The Hindu
2026-03-03 10:51:31,183 - INFO - [The Hindu] Article: https://www.thehindu.com/news/national/karnataka/school-based-assessment-saarthi-launched-in-mysuru-to-identify-hearing-disorders/article70698870.ece
2026-03-03 10:51:31,183 - INFO - [The Hindu] Attempt 1/1: Trying with 'selenium_browser' strategy...
2026-03-03 10:51:32,359 - INFO - [The Hindu] Page content loaded.
2026-03-03 10:51:32,450 - INFO - [The Hindu] Success with 'selenium_browser'. Found content (469 words).
2026-03-03 10:51:32,509 - INFO - Saved article: School-based assessment launched in Mysuru to identify hearing disorders - The Hindu from The Hindu
2026-03-03 10:51:33,388 - INFO - [The Hindu] Article: https://www.thehindu.com/news/national/andhra-pradesh/rising-input-costs-cheap-imports-squeezing-farmers-livelihoods-ysrcps-nagi-reddy/article70698486.ece
2026-03-03 10:51:33,389 - INFO - [The Hindu] Attempt 1/1: Trying with 'selenium_browser' strategy...
2026-03-03 10:51:35,009 - INFO - [The Hindu] Page content loaded.
2026-03-03 10:51:35,054 - INFO - [The Hindu] Success with 'selenium_browser'. Found content (318 words).
2026-03-03 10:51:35,155 - INFO - Saved article: Rising input costs, cheap imports squeezing farmers’ livelihoods: YSRCP’s Nagi Reddy - The Hindu from The Hindu
2026-03-03 10:51:36,376 - INFO - [The Hindu] (Thread) Finished. Attempting to shut down its Selenium driver.
2026-03-03 10:51:36,567 - INFO - [The Hindu] (Thread) driver.quit() successful.
2026-03-03 10:51:44,683 - ERROR - [Times of India] Request failed for strategy 'selenium_browser' on URL https://timesofindia.indiatimes.com/world/middle-east/us-israel-iran-war-news-live-udates-conflict-attack-middle-east-state-dubai-qatar-airways-of-emergency-explosions-tehran-gulf-countries-netanyahu-trump-us-ali-khamenei/liveblog/128959227.cms: Message: timeout: Timed out receiving message from renderer: 59.764
  (Session info: chrome=145.0.7632.116)
Stacktrace:
#0 0x5610bc8afb6a <unknown>
#1 0x5610bc2c2a32 <unknown>
#2 0x5610bc2aa007 <unknown>
#3 0x5610bc2a9c16 <unknown>
#4 0x5610bc2a7731 <unknown>
#5 0x5610bc2a80bf <unknown>
#6 0x5610bc2b7560 <unknown>
#7 0x5610bc2d1707 <unknown>
#8 0x5610bc2d88db <unknown>
#9 0x5610bc2a8829 <unknown>
#10 0x5610bc2d149c <unknown>
#11 0x5610bc3606e1 <unknown>
#12 0x5610bc309c0f <unknown>
#13 0x5610bc30a9d1 <unknown>
#14 0x5610bc8746b9 <unknown>
#15 0x5610bc8775c1 <unknown>
#16 0x5610bc860e29 <unknown>
#17 0x5610bc87817e <unknown>
#18 0x5610bc8474b0 <unknown>
#19 0x5610bc89c578 <unknown>
#20 0x5610bc89c74b <unknown>
#21 0x5610bc8ae1a3 <unknown>
#22 0x7f23f549caa4 <unknown>
#23 0x7f23f5529c6c <unknown>

2026-03-03 10:51:44,683 - ERROR - [Times of India] All scrape strategies failed for https://timesofindia.indiatimes.com/world/middle-east/us-israel-iran-war-news-live-udates-conflict-attack-middle-east-state-dubai-qatar-airways-of-emergency-explosions-tehran-gulf-countries-netanyahu-trump-us-ali-khamenei/liveblog/128959227.cms. Falling back to RSS description.
2026-03-03 10:51:44,684 - INFO - Duplicate article skipped: US-Israel-Iran War Live Updates: Iran launches 'massive missile' strike at US airbase in Bahrain; Israel bombs Beirut from Times of India
2026-03-03 10:51:45,531 - INFO - [Times of India] Article: https://timesofindia.indiatimes.com/world/middle-east/how-irans-strikes-are-putting-dubais-safe-haven-reputation-under-strain/articleshow/128963171.cms
2026-03-03 10:51:45,531 - INFO - [Times of India] Attempt 1/1: Trying with 'selenium_browser' strategy...
2026-03-03 10:51:46,647 - INFO - [Times of India] Page content loaded.
2026-03-03 10:51:46,783 - INFO - [Times of India] Success with 'selenium_browser'. Found content (1461 words).
2026-03-03 10:51:46,916 - INFO - Saved article: How Iran's strikes are putting Dubai's 'safe-haven' reputation under strain - The Times of India from Times of India
2026-03-03 10:51:48,328 - INFO - [Times of India] Article: https://timesofindia.indiatimes.com/science/total-lunar-eclipse-2026-witness-the-moon-turning-red-this-holi-know-when-and-where-it-will-be-visible-in-india/articleshow/128813730.cms
2026-03-03 10:51:48,328 - INFO - [Times of India] Attempt 1/1: Trying with 'selenium_browser' strategy...
2026-03-03 10:51:49,849 - INFO - [Times of India] Page content loaded.
2026-03-03 10:51:49,974 - INFO - [Times of India] Success with 'selenium_browser'. Found content (572 words).
2026-03-03 10:51:50,044 - INFO - Saved article: Total Lunar Eclipse Time and Visibility: Total lunar eclipse 2026: Witness the moon turning red ; know when and where it will be visible in India | - The Times of India from Times of India
2026-03-03 10:51:50,898 - INFO - [Times of India] Article: https://timesofindia.indiatimes.com/science/total-lunar-eclipse-on-march-3-why-the-moon-turns-red-during-totality-and-the-science-behind-the-blood-moon/articleshow/128962142.cms
2026-03-03 10:51:50,899 - INFO - [Times of India] Attempt 1/1: Trying with 'selenium_browser' strategy...
2026-03-03 10:51:51,724 - INFO - [Times of India] Page content loaded.
2026-03-03 10:51:51,839 - INFO - [Times of India] Success with 'selenium_browser'. Found content (1017 words).
2026-03-03 10:51:51,888 - INFO - Duplicate article skipped: Total lunar eclipse on March 3: Why the Moon turns red during totality and the science behind the Blood Moon | - The Times of India from Times of India
2026-03-03 10:51:53,325 - INFO - [Times of India] Article: https://timesofindia.indiatimes.com/world/middle-east/uae-cracks-down-on-illegal-fireworks-dh100000-fine-and-one-year-jail-for-violator/articleshow/128962189.cms
2026-03-03 10:51:53,325 - INFO - [Times of India] Attempt 1/1: Trying with 'selenium_browser' strategy...
2026-03-03 10:51:54,913 - INFO - [Times of India] Page content loaded.
2026-03-03 10:51:55,044 - INFO - [Times of India] Success with 'selenium_browser'. Found content (443 words).
2026-03-03 10:51:55,104 - INFO - Duplicate article skipped: Uae Fireworks Laws: UAE cracks down on illegal fireworks: Dh100,000 fine and one-year jail for violator | World News - The Times of India from Times of India
2026-03-03 10:51:56,458 - INFO - [Times of India] Article: https://timesofindia.indiatimes.com/world/middle-east/saudi-arabia-king-salman-orders-full-hospitality-for-stranded-gcc-citizens-2500-hotel-rooms-allocated-in-makkah/articleshow/128961865.cms
2026-03-03 10:51:56,458 - INFO - [Times of India] Attempt 1/1: Trying with 'selenium_browser' strategy...
2026-03-03 10:51:57,332 - INFO - [Times of India] Page content loaded.
2026-03-03 10:51:57,539 - INFO - [Times of India] Success with 'selenium_browser'. Found content (238 words).
2026-03-03 10:51:57,608 - INFO - Duplicate article skipped: Saudi Arabia: King Salman orders full hospitality for stranded GCC citizens; 2,500 hotel rooms allocated in Makkah | World News - The Times of India from Times of India
2026-03-03 10:51:58,616 - INFO - [Times of India] Article: https://timesofindia.indiatimes.com/world/middle-east/cbse-postpones-march-2-56-board-exams-in-middle-east-new-dates-awaited/articleshow/128962052.cms
2026-03-03 10:51:58,616 - INFO - [Times of India] Attempt 1/1: Trying with 'selenium_browser' strategy...
2026-03-03 10:51:59,623 - INFO - [Times of India] Page content loaded.
2026-03-03 10:51:59,749 - INFO - [Times of India] Success with 'selenium_browser'. Found content (586 words).
2026-03-03 10:51:59,814 - INFO - Duplicate article skipped: Cbse Board Exam Postponement: CBSE postpones March 2, 5–6 board exams in Middle East; New dates awaited | World News - The Times of India from Times of India
2026-03-03 10:52:00,732 - INFO - [Times of India] Article: https://timesofindia.indiatimes.com/world/us/who-was-savitha-shan-indian-origin-honours-student-killed-in-austin-shooting/articleshow/128960091.cms
2026-03-03 10:52:00,732 - INFO - [Times of India] Attempt 1/1: Trying with 'selenium_browser' strategy...
2026-03-03 10:52:01,849 - INFO - [Times of India] Page content loaded.
2026-03-03 10:52:01,999 - INFO - [Times of India] Success with 'selenium_browser'. Found content (330 words).
2026-03-03 10:52:02,085 - INFO - Duplicate article skipped: Who was Savitha Shan? Indian-origin honours student killed in Austin shooting | World News - The Times of India from Times of India
2026-03-03 10:52:02,753 - INFO - [Times of India] Article: https://timesofindia.indiatimes.com/world/middle-east/from-gaza-to-minab-iran-shares-image-of-hundreds-of-graves-being-dug-after-160-dead-in-school-strike/articleshow/128959258.cms
2026-03-03 10:52:02,753 - INFO - [Times of India] Attempt 1/1: Trying with 'selenium_browser' strategy...
2026-03-03 10:52:03,873 - INFO - [Times of India] Page content loaded.
2026-03-03 10:52:04,077 - INFO - [Times of India] Success with 'selenium_browser'. Found content (542 words).
2026-03-03 10:52:04,134 - INFO - Duplicate article skipped: Us Israel School Strike: ‘From Gaza to Minab’: Iran shares image of hundreds of graves being dug after 160 dead in school strike - The Times of India from Times of India
2026-03-03 10:52:05,136 - INFO - [Times of India] Article: https://timesofindia.indiatimes.com/world/pakistan/us-marines-opened-fire-on-protesters-who-stormed-karachi-consulate-report/articleshow/128958509.cms
2026-03-03 10:52:05,136 - INFO - [Times of India] Attempt 1/1: Trying with 'selenium_browser' strategy...
2026-03-03 10:52:05,839 - INFO - [Times of India] Page content loaded.
2026-03-03 10:52:05,969 - INFO - [Times of India] Success with 'selenium_browser'. Found content (517 words).
2026-03-03 10:52:06,031 - INFO - Duplicate article skipped: Karachi Protest: US Marines opened fire on protesters who stormed Karachi consulate: Report - The Times of India from Times of India
2026-03-03 10:52:06,701 - INFO - [Times of India] (Thread) Finished. Attempting to shut down its Selenium driver.
2026-03-03 10:52:07,068 - INFO - [Times of India] (Thread) driver.quit() successful.
2026-03-03 10:52:07,069 - INFO - Shutting down thread pool (wait=False)...
2026-03-03 10:52:07,069 - INFO - Scraped: 2 BBC, 10 The Hindu, 2 Times of India, 0 The Guardian articles. (Total saved: 14)
2026-03-03 10:52:07,069 - INFO - --- Scraping job finished ---
2026-03-03 10:52:07,080 - INFO - --- Scraper service stopped and database connection closed. ---
2026-03-03 10:52:07,080 - INFO - --- Main thread finished. Forcing process exit to kill zombie threads. ---
