2025-12-18 14:28:32,119 - INFO - Initializing database connection at: news_articles.db
2025-12-18 14:28:32,119 - INFO - --- Scraper service started (CI Mode: Run Once) ---
2025-12-18 14:28:32,119 - INFO - --- Starting new scraping job (Parallel Mode) ---
2025-12-18 14:28:32,119 - INFO - Creating new robust session with 3 retries on 5xx/connection/read errors.
2025-12-18 14:28:32,119 - INFO - Proxy is DISABLED.
2025-12-18 14:28:32,120 - INFO - Starting scrape for BBC RSS feed: http://feeds.bbci.co.uk/news/world/rss.xml
2025-12-18 14:28:32,120 - INFO - [Times of India] (Thread) requires Selenium. Initializing driver...
2025-12-18 14:28:32,120 - INFO - Initializing headless Selenium Chrome driver (using SeleniumManager)...
2025-12-18 14:28:32,120 - INFO - Starting scrape for The Guardian RSS feed: https://www.theguardian.com/world/rss
2025-12-18 14:28:32,121 - INFO - [The Hindu] (Thread) requires Selenium. Initializing driver...
2025-12-18 14:28:32,121 - INFO - Initializing headless Selenium Chrome driver (using SeleniumManager)...
2025-12-18 14:28:32,121 - INFO - Submitted 4 jobs to thread pool. Waiting up to 300s for completion...
2025-12-18 14:28:32,281 - INFO - Found 45 articles in The Guardian RSS feed. Processing up to 10.
2025-12-18 14:28:32,281 - INFO - [The Guardian] Article: https://www.theguardian.com/global-development/2025/dec/18/morocco-genz212-protests-police-mass-arrests-beatings-detentions-rights
2025-12-18 14:28:32,281 - INFO - [The Guardian] Attempt 1/1: Trying with 'requests_browser' strategy...
2025-12-18 14:28:32,315 - INFO - [The Guardian] Success with 'requests_browser'. Found content (772 words).
2025-12-18 14:28:32,354 - INFO - Duplicate article skipped: Morocco accused of ‘horrific’ abuse of detained gen Z protesters | Morocco | The Guardian from The Guardian
2025-12-18 14:28:32,532 - INFO - Found 27 articles in BBC RSS feed. Processing up to 10.
2025-12-18 14:28:32,532 - INFO - [BBC] Article: https://www.bbc.com/news/articles/c9vjlj1ezpgo?at_medium=RSS&at_campaign=rss
2025-12-18 14:28:32,532 - INFO - [BBC] Attempt 1/1: Trying with 'requests_browser' strategy...
2025-12-18 14:28:32,661 - INFO - [BBC] Success with 'requests_browser'. Found content (1196 words).
2025-12-18 14:28:32,698 - INFO - Duplicate article skipped: Zelensky gives stark warning as EU leaders start crunch talks on Russia's frozen assets from BBC
2025-12-18 14:28:33,774 - INFO - [The Guardian] Article: https://www.theguardian.com/world/2025/dec/16/five-key-moments-in-the-assault-on-the-rights-of-women-and-girls-in-2025
2025-12-18 14:28:33,774 - INFO - [The Guardian] Attempt 1/1: Trying with 'requests_browser' strategy...
2025-12-18 14:28:33,822 - INFO - [BBC] Article: https://www.bbc.com/news/articles/c2epv08xwz7o?at_medium=RSS&at_campaign=rss
2025-12-18 14:28:33,822 - INFO - [BBC] Attempt 1/1: Trying with 'requests_browser' strategy...
2025-12-18 14:28:33,845 - INFO - [BBC] Success with 'requests_browser'. Found content (746 words).
2025-12-18 14:28:33,875 - INFO - Duplicate article skipped: French 'Doctor Death' who poisoned patients jailed for life from BBC
2025-12-18 14:28:33,969 - INFO - [The Guardian] Success with 'requests_browser'. Found content (914 words).
2025-12-18 14:28:34,007 - INFO - Duplicate article skipped: Five key moments in the assault on the rights of women and girls in 2025 | Anti-rights movement | The Guardian from The Guardian
2025-12-18 14:28:34,513 - INFO - [The Guardian] Article: https://www.theguardian.com/world/2025/dec/16/south-africa-russia-men-tricked-fighting-ukraine
2025-12-18 14:28:34,513 - INFO - [The Guardian] Attempt 1/1: Trying with 'requests_browser' strategy...
2025-12-18 14:28:34,578 - INFO - [BBC] Article: https://www.bbc.com/news/articles/cd0krr3jrkjo?at_medium=RSS&at_campaign=rss
2025-12-18 14:28:34,578 - INFO - [BBC] Attempt 1/1: Trying with 'requests_browser' strategy...
2025-12-18 14:28:34,607 - INFO - [BBC] Success with 'requests_browser'. Found content (873 words).
2025-12-18 14:28:34,646 - INFO - Duplicate article skipped: Bondi Beach shooting: 'Maybe she's an angel now' says aunt of 10-year-old victim from BBC
2025-12-18 14:28:34,673 - INFO - [The Guardian] Success with 'requests_browser'. Found content (503 words).
2025-12-18 14:28:34,709 - INFO - Duplicate article skipped: South Africa in talks with Russia over men ‘tricked’ into fighting in Ukraine | South Africa | The Guardian from The Guardian
2025-12-18 14:28:35,604 - INFO - [The Guardian] Article: https://www.theguardian.com/world/2025/dec/16/libya-national-museum-reopens
2025-12-18 14:28:35,604 - INFO - [The Guardian] Attempt 1/1: Trying with 'requests_browser' strategy...
2025-12-18 14:28:35,627 - INFO - [The Guardian] Success with 'requests_browser'. Found content (1229 words).
2025-12-18 14:28:35,665 - INFO - Duplicate article skipped: Libya looks to its past to build a new future as national museum reopens | Libya | The Guardian from The Guardian
2025-12-18 14:28:35,992 - INFO - [BBC] Article: https://www.bbc.com/news/articles/cgmneem1e89o?at_medium=RSS&at_campaign=rss
2025-12-18 14:28:35,992 - INFO - [BBC] Attempt 1/1: Trying with 'requests_browser' strategy...
2025-12-18 14:28:36,016 - INFO - [BBC] Success with 'requests_browser'. Found content (720 words).
2025-12-18 14:28:36,052 - INFO - Duplicate article skipped: Anthony Albanese announces hate speech crackdown after Bondi shooting from BBC
2025-12-18 14:28:36,277 - INFO - [The Guardian] Article: https://www.theguardian.com/education/2025/dec/14/ghana-students-uk-universities-face-deportion-funding-crisis
2025-12-18 14:28:36,277 - INFO - [The Guardian] Attempt 1/1: Trying with 'requests_browser' strategy...
2025-12-18 14:28:36,607 - INFO - [BBC] Article: https://www.bbc.com/news/articles/c8e9j84008jo?at_medium=RSS&at_campaign=rss
2025-12-18 14:28:36,607 - INFO - [BBC] Attempt 1/1: Trying with 'requests_browser' strategy...
2025-12-18 14:28:36,637 - INFO - [BBC] Success with 'requests_browser'. Found content (768 words).
2025-12-18 14:28:36,673 - INFO - Duplicate article skipped: Trump announces $1,776 'warrior dividend' payments for troops from BBC
2025-12-18 14:28:36,732 - INFO - [The Guardian] Success with 'requests_browser'. Found content (604 words).
2025-12-18 14:28:36,789 - INFO - Duplicate article skipped: Ghanaian students at UK universities face deportation amid funding crisis | International students | The Guardian from The Guardian
2025-12-18 14:28:37,518 - INFO - [The Guardian] Article: https://www.theguardian.com/world/2025/dec/18/brazilian-congress-passes-bill-cut-jair-bolsonaro-prison-term
2025-12-18 14:28:37,518 - INFO - [The Guardian] Attempt 1/1: Trying with 'requests_browser' strategy...
2025-12-18 14:28:37,546 - INFO - [The Guardian] Success with 'requests_browser'. Found content (432 words).
2025-12-18 14:28:37,596 - INFO - Saved article: Brazilian congress passes bill to cut Jair Bolsonaro’s 27-year prison term | Jair Bolsonaro | The Guardian from The Guardian
2025-12-18 14:28:37,799 - INFO - [BBC] Article: https://www.bbc.com/news/articles/ce86j7n6d3do?at_medium=RSS&at_campaign=rss
2025-12-18 14:28:37,799 - INFO - [BBC] Attempt 1/1: Trying with 'requests_browser' strategy...
2025-12-18 14:28:37,824 - INFO - [BBC] Success with 'requests_browser'. Found content (595 words).
2025-12-18 14:28:37,860 - INFO - Saved article: Peter Arnett, Pulitzer-winning war reporter, dies aged 91 from BBC
2025-12-18 14:28:38,665 - INFO - [The Guardian] Article: https://www.theguardian.com/world/2025/dec/18/canada-immigration-population-analysis
2025-12-18 14:28:38,665 - INFO - [The Guardian] Attempt 1/1: Trying with 'requests_browser' strategy...
2025-12-18 14:28:38,689 - INFO - [The Guardian] Success with 'requests_browser'. Found content (1042 words).
2025-12-18 14:28:38,729 - INFO - Saved article: Canada’s population drop reflects souring of attitudes to immigration | Canada | The Guardian from The Guardian
2025-12-18 14:28:39,187 - INFO - [BBC] Article: https://www.bbc.com/news/articles/czxgrl4937yo?at_medium=RSS&at_campaign=rss
2025-12-18 14:28:39,188 - INFO - [BBC] Attempt 1/1: Trying with 'requests_browser' strategy...
2025-12-18 14:28:39,212 - INFO - [BBC] Success with 'requests_browser'. Found content (421 words).
2025-12-18 14:28:39,248 - INFO - Saved article: Thailand bombs near Poipet casino hub on Cambodian border from BBC
2025-12-18 14:28:39,456 - INFO - [The Guardian] Article: https://www.theguardian.com/us-news/2025/dec/17/military-strike-pacific-hegseth
2025-12-18 14:28:39,457 - INFO - [The Guardian] Attempt 1/1: Trying with 'requests_browser' strategy...
2025-12-18 14:28:39,479 - INFO - [The Guardian] Success with 'requests_browser'. Found content (520 words).
2025-12-18 14:28:39,515 - INFO - Duplicate article skipped: US strike on alleged drug boat in Pacific kills four, as Trump accuses Venezuela of taking ‘our oil’ | US news | The Guardian from The Guardian
2025-12-18 14:28:40,124 - INFO - [The Guardian] Article: https://www.theguardian.com/world/2025/dec/17/canada-population-drop-international-students
2025-12-18 14:28:40,124 - INFO - [The Guardian] Attempt 1/1: Trying with 'requests_browser' strategy...
2025-12-18 14:28:40,284 - INFO - [The Guardian] Success with 'requests_browser'. Found content (493 words).
2025-12-18 14:28:40,318 - INFO - Duplicate article skipped: Canada sees large drop in population amid international students crackdown | Canada | The Guardian from The Guardian
2025-12-18 14:28:40,567 - INFO - [BBC] Article: https://www.bbc.com/news/articles/cx239pp7gl7o?at_medium=RSS&at_campaign=rss
2025-12-18 14:28:40,567 - INFO - [BBC] Attempt 1/1: Trying with 'requests_browser' strategy...
2025-12-18 14:28:40,595 - INFO - [BBC] Success with 'requests_browser'. Found content (693 words).
2025-12-18 14:28:40,634 - INFO - Duplicate article skipped: Rob Reiner's family breaks silence as Nick faces court on murder charges from BBC
2025-12-18 14:28:41,141 - INFO - [BBC] Article: https://www.bbc.com/news/articles/cvgj0p5yl92o?at_medium=RSS&at_campaign=rss
2025-12-18 14:28:41,141 - INFO - [BBC] Attempt 1/1: Trying with 'requests_browser' strategy...
2025-12-18 14:28:41,165 - INFO - [BBC] Success with 'requests_browser'. Found content (545 words).
2025-12-18 14:28:41,197 - INFO - Duplicate article skipped: Dan Bongino stepping down as FBI deputy director from BBC
2025-12-18 14:28:41,567 - INFO - [The Guardian] Article: https://www.theguardian.com/world/2025/dec/17/canada-polar-bear-adopts-new-cub
2025-12-18 14:28:41,567 - INFO - [The Guardian] Attempt 1/1: Trying with 'requests_browser' strategy...
2025-12-18 14:28:41,727 - INFO - [The Guardian] Success with 'requests_browser'. Found content (520 words).
2025-12-18 14:28:41,762 - INFO - Duplicate article skipped: Scientists log rare case of female polar bear adopting cub: ‘They’re really good moms’ | Canada | The Guardian from The Guardian
2025-12-18 14:28:41,826 - INFO - [BBC] Article: https://www.bbc.com/news/articles/c74xvp00wj3o?at_medium=RSS&at_campaign=rss
2025-12-18 14:28:41,826 - INFO - [BBC] Attempt 1/1: Trying with 'requests_browser' strategy...
2025-12-18 14:28:41,851 - INFO - [BBC] Success with 'requests_browser'. Found content (296 words).
2025-12-18 14:28:41,887 - INFO - Duplicate article skipped: Nigeria Foreign Minister Yusuf Tuggar apologises over Burkina Faso military flight from BBC
2025-12-18 14:28:44,202 - INFO - Selenium driver initialized successfully.
2025-12-18 14:28:44,202 - INFO - Starting scrape for The Hindu RSS feed: https://www.thehindu.com/news/national/feeder/default.rss
2025-12-18 14:28:44,203 - INFO - Selenium driver initialized successfully.
2025-12-18 14:28:44,203 - INFO - Starting scrape for Times of India RSS feed: https://timesofindia.indiatimes.com/rssfeeds/296589292.cms
2025-12-18 14:28:44,294 - INFO - Found 20 articles in Times of India RSS feed. Processing up to 10.
2025-12-18 14:28:44,295 - INFO - [Times of India] Article: https://timesofindia.indiatimes.com/world/us/aoc-says-she-would-stomp-jd-vance-in-2028-presidential-race-as-poll-shows-her-narrowly-ahead/articleshow/126059390.cms
2025-12-18 14:28:44,295 - INFO - [Times of India] Attempt 1/1: Trying with 'selenium_browser' strategy...
2025-12-18 14:28:44,556 - INFO - Found 100 articles in The Hindu RSS feed. Processing up to 10.
2025-12-18 14:28:44,556 - INFO - [The Hindu] Article: https://www.thehindu.com/news/national/telangana/work-honestly-and-take-decisions-with-courage-bhatti-advises-ais-officers/article70411909.ece
2025-12-18 14:28:44,556 - INFO - [The Hindu] Attempt 1/1: Trying with 'selenium_browser' strategy...
2025-12-18 14:29:44,583 - ERROR - [The Hindu] Request failed for strategy 'selenium_browser' on URL https://www.thehindu.com/news/national/telangana/work-honestly-and-take-decisions-with-courage-bhatti-advises-ais-officers/article70411909.ece: Message: timeout: Timed out receiving message from renderer: 59.031
  (Session info: chrome=143.0.7499.109)
Stacktrace:
#0 0x55beda1cf19a <unknown>
#1 0x55bed9c4cc4b <unknown>
#2 0x55bed9c34cf3 <unknown>
#3 0x55bed9c349d6 <unknown>
#4 0x55bed9c32897 <unknown>
#5 0x55bed9c331af <unknown>
#6 0x55bed9c41970 <unknown>
#7 0x55bed9c5b017 <unknown>
#8 0x55bed9c616cb <unknown>
#9 0x55bed9c338d8 <unknown>
#10 0x55bed9c5adc3 <unknown>
#11 0x55bed9ce9f60 <unknown>
#12 0x55bed9c90c42 <unknown>
#13 0x55bed9c918f1 <unknown>
#14 0x55beda197f39 <unknown>
#15 0x55beda19ae7d <unknown>
#16 0x55beda180c81 <unknown>
#17 0x55beda19ba5b <unknown>
#18 0x55beda167a50 <unknown>
#19 0x55beda1bcaa8 <unknown>
#20 0x55beda1bcc79 <unknown>
#21 0x55beda1ce4f3 <unknown>
#22 0x7f78b0e9caa4 <unknown>
#23 0x7f78b0f29c6c <unknown>

2025-12-18 14:29:44,583 - ERROR - [The Hindu] All scrape strategies failed for https://www.thehindu.com/news/national/telangana/work-honestly-and-take-decisions-with-courage-bhatti-advises-ais-officers/article70411909.ece. Falling back to RSS description.
2025-12-18 14:29:44,585 - INFO - Saved article: Work honestly and take decisions with courage, Bhatti advises AIS officers from The Hindu
2025-12-18 14:29:45,483 - INFO - [The Hindu] Article: https://www.thehindu.com/news/national/karnataka/stress-on-collective-responsibility-to-prevent-trafficking-in-women-and-children/article70411705.ece
2025-12-18 14:29:45,483 - INFO - [The Hindu] Attempt 1/1: Trying with 'selenium_browser' strategy...
2025-12-18 14:29:47,510 - INFO - [The Hindu] Page content loaded.
2025-12-18 14:29:47,621 - INFO - [The Hindu] Success with 'selenium_browser'. Found content (460 words).
2025-12-18 14:29:47,832 - INFO - Saved article: Stress on collective responsibility to prevent trafficking in women and children - The Hindu from The Hindu
2025-12-18 14:29:48,790 - INFO - [The Hindu] Article: https://www.thehindu.com/news/national/karnataka/12-cases-booked-against-pakistan-zindabad-slogan-shouting-in-30-months/article70410979.ece
2025-12-18 14:29:48,790 - INFO - [The Hindu] Attempt 1/1: Trying with 'selenium_browser' strategy...
2025-12-18 14:29:49,600 - INFO - [The Hindu] Page content loaded.
2025-12-18 14:29:49,671 - INFO - [The Hindu] Success with 'selenium_browser'. Found content (134 words).
2025-12-18 14:29:49,753 - INFO - Saved article: 12 cases booked against ‘Pakistan Zindabad’ slogan shouting in 30 months - The Hindu from The Hindu
2025-12-18 14:29:50,863 - INFO - [The Hindu] Article: https://www.thehindu.com/news/national/andhra-pradesh/expert-seeks-inclusion-of-indian-knowledge-system-in-school-curriculum/article70410591.ece
2025-12-18 14:29:50,863 - INFO - [The Hindu] Attempt 1/1: Trying with 'selenium_browser' strategy...
2025-12-18 14:29:51,636 - INFO - [The Hindu] Page content loaded.
2025-12-18 14:29:51,876 - INFO - [The Hindu] Success with 'selenium_browser'. Found content (143 words).
2025-12-18 14:29:51,983 - INFO - Saved article: Expert seeks inclusion of Indian Knowledge System in school curriculum - The Hindu from The Hindu
2025-12-18 14:29:53,415 - INFO - [The Hindu] Article: https://www.thehindu.com/news/national/telangana/snist-students-excel-at-smart-india-hackathon/article70411494.ece
2025-12-18 14:29:53,415 - INFO - [The Hindu] Attempt 1/1: Trying with 'selenium_browser' strategy...
2025-12-18 14:29:54,156 - INFO - [The Hindu] Page content loaded.
2025-12-18 14:29:54,197 - INFO - [The Hindu] Success with 'selenium_browser'. Found content (185 words).
2025-12-18 14:29:54,276 - INFO - Saved article: SNIST students excel at Smart India Hackathon - The Hindu from The Hindu
2025-12-18 14:29:55,541 - INFO - [The Hindu] Article: https://www.thehindu.com/news/cities/Hyderabad/hoax-bomb-threat-to-nampally-criminal-court-triggers-security-checks/article70412116.ece
2025-12-18 14:29:55,541 - INFO - [The Hindu] Attempt 1/1: Trying with 'selenium_browser' strategy...
2025-12-18 14:29:56,623 - INFO - [The Hindu] Page content loaded.
2025-12-18 14:29:56,665 - INFO - [The Hindu] Success with 'selenium_browser'. Found content (144 words).
2025-12-18 14:29:56,715 - INFO - Saved article: Hoax bomb threat to Nampally Criminal Court triggers security checks - The Hindu from The Hindu
2025-12-18 14:29:57,610 - INFO - [The Hindu] Article: https://www.thehindu.com/news/national/kerala/income-soars-to-210-crore-at-sabarimala/article70411954.ece
2025-12-18 14:29:57,610 - INFO - [The Hindu] Attempt 1/1: Trying with 'selenium_browser' strategy...
2025-12-18 14:29:58,405 - INFO - [The Hindu] Page content loaded.
2025-12-18 14:29:58,449 - INFO - [The Hindu] Success with 'selenium_browser'. Found content (473 words).
2025-12-18 14:29:58,514 - INFO - Saved article: Income soars to ₹210 crore at Sabarimala - The Hindu from The Hindu
2025-12-18 14:29:59,974 - INFO - [The Hindu] Article: https://www.thehindu.com/news/national/kerala/r-ramakumar-chosen-as-calicut-varsity-senate-nominee-for-v-c-search-panel/article70411758.ece
2025-12-18 14:29:59,975 - INFO - [The Hindu] Attempt 1/1: Trying with 'selenium_browser' strategy...
2025-12-18 14:30:00,854 - INFO - [The Hindu] Page content loaded.
2025-12-18 14:30:00,899 - INFO - [The Hindu] Success with 'selenium_browser'. Found content (267 words).
2025-12-18 14:30:00,953 - INFO - Saved article: R. Ramakumar chosen as Calicut varsity senate nominee for V-C search panel - The Hindu from The Hindu
2025-12-18 14:30:01,454 - INFO - [The Hindu] Article: https://www.thehindu.com/news/cities/Hyderabad/hyderabad-cp-calls-for-zero-delay-response-at-tri-commissionerate-meet/article70408096.ece
2025-12-18 14:30:01,454 - INFO - [The Hindu] Attempt 1/1: Trying with 'selenium_browser' strategy...
2025-12-18 14:30:02,055 - INFO - [The Hindu] Page content loaded.
2025-12-18 14:30:02,101 - INFO - [The Hindu] Success with 'selenium_browser'. Found content (315 words).
2025-12-18 14:30:02,183 - INFO - Saved article: Hyderabad CP calls for zero-delay response at tri-commissionerate meet - The Hindu from The Hindu
2025-12-18 14:30:02,913 - INFO - [The Hindu] Article: https://www.thehindu.com/news/national/karnataka/kkcci-seeks-restoration-of-flights-industrial-revival-in-meetings-with-kharge-kumaraswamy/article70411656.ece
2025-12-18 14:30:02,913 - INFO - [The Hindu] Attempt 1/1: Trying with 'selenium_browser' strategy...
2025-12-18 14:30:03,691 - INFO - [The Hindu] Page content loaded.
2025-12-18 14:30:03,774 - INFO - [The Hindu] Success with 'selenium_browser'. Found content (295 words).
2025-12-18 14:30:03,883 - INFO - Saved article: KKCCI seeks restoration of flights, industrial revival in meetings with Kharge, Kumaraswamy - The Hindu from The Hindu
2025-12-18 14:30:04,744 - INFO - [The Hindu] (Thread) Finished. Attempting to shut down its Selenium driver.
2025-12-18 14:30:04,898 - INFO - [The Hindu] (Thread) driver.quit() successful.
2025-12-18 14:30:44,310 - ERROR - [Times of India] Request failed for strategy 'selenium_browser' on URL https://timesofindia.indiatimes.com/world/us/aoc-says-she-would-stomp-jd-vance-in-2028-presidential-race-as-poll-shows-her-narrowly-ahead/articleshow/126059390.cms: HTTPConnectionPool(host='localhost', port=40233): Read timed out. (read timeout=120)
2025-12-18 14:30:44,310 - ERROR - [Times of India] All scrape strategies failed for https://timesofindia.indiatimes.com/world/us/aoc-says-she-would-stomp-jd-vance-in-2028-presidential-race-as-poll-shows-her-narrowly-ahead/articleshow/126059390.cms. Falling back to RSS description.
2025-12-18 14:30:44,312 - INFO - Saved article: AOC says she would ‘stomp’ JD Vance in 2028 presidential race as poll shows her narrowly ahead from Times of India
2025-12-18 14:30:44,835 - INFO - [Times of India] Article: https://timesofindia.indiatimes.com/world/us/bill-clinton-took-epstein-ghislaine-to-moroccan-kings-2002-wedding-as-his-plus-twos-claims-report/articleshow/126059286.cms
2025-12-18 14:30:44,835 - INFO - [Times of India] Attempt 1/1: Trying with 'selenium_browser' strategy...
2025-12-18 14:32:44,886 - ERROR - [Times of India] Request failed for strategy 'selenium_browser' on URL https://timesofindia.indiatimes.com/world/us/bill-clinton-took-epstein-ghislaine-to-moroccan-kings-2002-wedding-as-his-plus-twos-claims-report/articleshow/126059286.cms: HTTPConnectionPool(host='localhost', port=40233): Read timed out. (read timeout=120)
2025-12-18 14:32:44,886 - ERROR - [Times of India] All scrape strategies failed for https://timesofindia.indiatimes.com/world/us/bill-clinton-took-epstein-ghislaine-to-moroccan-kings-2002-wedding-as-his-plus-twos-claims-report/articleshow/126059286.cms. Falling back to RSS description.
2025-12-18 14:32:44,888 - INFO - Saved article: Bill Clinton took Epstein, Ghislaine to Moroccan King's 2002 wedding as his plus twos from Times of India
2025-12-18 14:32:46,209 - INFO - [Times of India] Article: https://timesofindia.indiatimes.com/world/us/sleepy-joe-divisive-obama-donald-trump-turns-presidential-hall-of-fame-display-into-permament-reply-thread/articleshow/126059162.cms
2025-12-18 14:32:46,210 - INFO - [Times of India] Attempt 1/1: Trying with 'selenium_browser' strategy...
2025-12-18 14:33:32,122 - CRITICAL - --- TIMEOUT: 1 scrape jobs did not complete in 300s. ---
2025-12-18 14:33:32,122 - ERROR - A thread has timed out and will be abandoned.
2025-12-18 14:33:32,122 - INFO - Shutting down thread pool (wait=False)...
2025-12-18 14:33:32,122 - INFO - Scraped: 2 The Guardian, 2 BBC, 10 The Hindu, 1 Timed_Out_Jobs articles. (Total saved: 14)
2025-12-18 14:33:32,122 - INFO - --- Scraping job finished ---
2025-12-18 14:33:32,122 - INFO - --- Scraper service stopped and database connection closed. ---
2025-12-18 14:33:32,122 - INFO - --- Main thread finished. Forcing process exit to kill zombie threads. ---
