2025-12-05 18:34:53,938 - INFO - Initializing database connection at: news_articles.db
2025-12-05 18:34:53,939 - INFO - --- Scraper service started (CI Mode: Run Once) ---
2025-12-05 18:34:53,939 - INFO - --- Starting new scraping job (Parallel Mode) ---
2025-12-05 18:34:53,939 - INFO - Creating new robust session with 3 retries on 5xx/connection/read errors.
2025-12-05 18:34:53,939 - INFO - Proxy is DISABLED.
2025-12-05 18:34:53,939 - INFO - Starting scrape for BBC RSS feed: http://feeds.bbci.co.uk/news/world/rss.xml
2025-12-05 18:34:53,940 - INFO - [Times of India] (Thread) requires Selenium. Initializing driver...
2025-12-05 18:34:53,940 - INFO - Initializing headless Selenium Chrome driver (using SeleniumManager)...
2025-12-05 18:34:53,940 - INFO - Starting scrape for The Guardian RSS feed: https://www.theguardian.com/world/rss
2025-12-05 18:34:53,940 - INFO - [The Hindu] (Thread) requires Selenium. Initializing driver...
2025-12-05 18:34:53,941 - INFO - Initializing headless Selenium Chrome driver (using SeleniumManager)...
2025-12-05 18:34:53,941 - INFO - Submitted 4 jobs to thread pool. Waiting up to 300s for completion...
2025-12-05 18:34:54,185 - INFO - Found 45 articles in The Guardian RSS feed. Processing up to 10.
2025-12-05 18:34:54,185 - INFO - [The Guardian] Article: https://www.theguardian.com/global-development/2025/dec/05/rsf-massacres-sudanese-city-el-fasher-slaughterhouse-satellite-images
2025-12-05 18:34:54,185 - INFO - [The Guardian] Attempt 1/1: Trying with 'requests_browser' strategy...
2025-12-05 18:34:54,216 - INFO - Found 39 articles in BBC RSS feed. Processing up to 10.
2025-12-05 18:34:54,216 - INFO - [BBC] Article: https://www.bbc.com/news/articles/c4g482m3yyzo?at_medium=RSS&at_campaign=rss
2025-12-05 18:34:54,216 - INFO - [BBC] Attempt 1/1: Trying with 'requests_browser' strategy...
2025-12-05 18:34:54,228 - INFO - [The Guardian] Success with 'requests_browser'. Found content (684 words).
2025-12-05 18:34:54,268 - INFO - Duplicate article skipped: RSF massacres left Sudanese city ‘a slaughterhouse’, satellite images show | Global development | The Guardian from The Guardian
2025-12-05 18:34:54,408 - INFO - [BBC] Success with 'requests_browser'. Found content (690 words).
2025-12-05 18:34:54,445 - INFO - Duplicate article skipped: Putin in India: Russia ready to provide 'uninterrupted' fuel supplies from BBC
2025-12-05 18:34:54,969 - INFO - [The Guardian] Article: https://www.theguardian.com/environment/2025/dec/05/african-penguins-starve-to-death-south-africa-sardine-population-aoe
2025-12-05 18:34:54,969 - INFO - [The Guardian] Attempt 1/1: Trying with 'requests_browser' strategy...
2025-12-05 18:34:54,998 - INFO - [The Guardian] Success with 'requests_browser'. Found content (530 words).
2025-12-05 18:34:55,034 - INFO - Duplicate article skipped: 60,000 African penguins starved to death after sardine numbers collapsed – study | Birds | The Guardian from The Guardian
2025-12-05 18:34:55,602 - INFO - [The Guardian] Article: https://www.theguardian.com/world/2025/dec/05/us-sanctions-sudan-army-rsf-ceasefire
2025-12-05 18:34:55,602 - INFO - [The Guardian] Attempt 1/1: Trying with 'requests_browser' strategy...
2025-12-05 18:34:55,642 - INFO - [The Guardian] Success with 'requests_browser'. Found content (849 words).
2025-12-05 18:34:55,661 - INFO - [BBC] Article: https://www.bbc.com/news/articles/ckg9drg8pg1o?at_medium=RSS&at_campaign=rss
2025-12-05 18:34:55,661 - INFO - [BBC] Attempt 1/1: Trying with 'requests_browser' strategy...
2025-12-05 18:34:55,710 - INFO - Duplicate article skipped: US considers wider sanctions on Sudanese army and RSF as ceasefire efforts falter | Sudan | The Guardian from The Guardian
2025-12-05 18:34:55,732 - INFO - [BBC] Success with 'requests_browser'. Found content (692 words).
2025-12-05 18:34:55,771 - INFO - Duplicate article skipped: Germany votes to bring in voluntary military service programme for 18-year-olds from BBC
2025-12-05 18:34:56,871 - INFO - [BBC] Article: https://www.bbc.com/news/articles/cx2500jkd41o?at_medium=RSS&at_campaign=rss
2025-12-05 18:34:56,871 - INFO - [BBC] Attempt 1/1: Trying with 'requests_browser' strategy...
2025-12-05 18:34:56,943 - INFO - [The Guardian] Article: https://www.theguardian.com/world/2025/dec/04/us-eu-critical-minerals-project-drc-report-lobito-corridor
2025-12-05 18:34:56,943 - INFO - [The Guardian] Attempt 1/1: Trying with 'requests_browser' strategy...
2025-12-05 18:34:57,097 - INFO - [The Guardian] Success with 'requests_browser'. Found content (813 words).
2025-12-05 18:34:57,135 - INFO - Duplicate article skipped: US and EU critical minerals project could displace thousands in DRC – report | Democratic Republic of the Congo | The Guardian from The Guardian
2025-12-05 18:34:57,160 - INFO - [BBC] Success with 'requests_browser'. Found content (558 words).
2025-12-05 18:34:57,199 - INFO - Duplicate article skipped: Eritreans, including Olympian Zeragaber Gebrehiwot, freed after 18 years in jail without trial from BBC
2025-12-05 18:34:57,828 - INFO - [BBC] Article: https://www.bbc.com/news/articles/ce91x2jm5pjo?at_medium=RSS&at_campaign=rss
2025-12-05 18:34:57,829 - INFO - [BBC] Attempt 1/1: Trying with 'requests_browser' strategy...
2025-12-05 18:34:57,867 - INFO - [BBC] Success with 'requests_browser'. Found content (896 words).
2025-12-05 18:34:57,904 - INFO - Duplicate article skipped: Netflix to buy Warner Bros film and streaming businesses for $72bn from BBC
2025-12-05 18:34:57,991 - INFO - [The Guardian] Article: https://www.theguardian.com/global-development/2025/dec/04/aid-cuts-africa-uganda-stops-refugee-status-eritreans-somalis-ethiopians
2025-12-05 18:34:57,991 - INFO - [The Guardian] Attempt 1/1: Trying with 'requests_browser' strategy...
2025-12-05 18:34:58,020 - INFO - [The Guardian] Success with 'requests_browser'. Found content (620 words).
2025-12-05 18:34:58,057 - INFO - Duplicate article skipped: Uganda stops granting refugee status for Eritreans, Somalis and Ethiopians | Global development | The Guardian from The Guardian
2025-12-05 18:34:58,908 - INFO - [The Guardian] Article: https://www.theguardian.com/us-news/2025/dec/05/us-airstrike-survivors-clung-to-boat-wreckage-for-an-hour-before-second-deadly-attack-video-shows
2025-12-05 18:34:58,908 - INFO - [The Guardian] Attempt 1/1: Trying with 'requests_browser' strategy...
2025-12-05 18:34:58,977 - INFO - [The Guardian] Success with 'requests_browser'. Found content (1016 words).
2025-12-05 18:34:59,023 - INFO - Duplicate article skipped: US airstrike survivors clung to boat wreckage for an hour before second deadly attack, video shows | US military | The Guardian from The Guardian
2025-12-05 18:34:59,036 - INFO - [BBC] Article: https://www.bbc.com/news/articles/cjrjn88jqn4o?at_medium=RSS&at_campaign=rss
2025-12-05 18:34:59,037 - INFO - [BBC] Attempt 1/1: Trying with 'requests_browser' strategy...
2025-12-05 18:34:59,096 - INFO - [BBC] Success with 'requests_browser'. Found content (1231 words).
2025-12-05 18:34:59,136 - INFO - Duplicate article skipped: Trump hosts signing of peace deal between leaders of DR Congo and Rwanda from BBC
2025-12-05 18:34:59,785 - INFO - [The Guardian] Article: https://www.theguardian.com/us-news/2025/dec/05/neo-nazi-base-leader-on-terrorism-arrest
2025-12-05 18:34:59,786 - INFO - [The Guardian] Attempt 1/1: Trying with 'requests_browser' strategy...
2025-12-05 18:34:59,816 - INFO - [The Guardian] Success with 'requests_browser'. Found content (1072 words).
2025-12-05 18:34:59,854 - INFO - Duplicate article skipped: US leader of global neo-Nazi terrorist group signals retribution for arrests | Far right (US) | The Guardian from The Guardian
2025-12-05 18:35:00,411 - INFO - [The Guardian] Article: https://www.theguardian.com/politics/audio/2025/dec/05/donald-trump-about-to-invade-venezuela-podcast
2025-12-05 18:35:00,411 - INFO - [The Guardian] Attempt 1/1: Trying with 'requests_browser' strategy...
2025-12-05 18:35:00,572 - WARNING - [The Guardian] FAILED with 'requests_browser' (content was too short: 72 words).
2025-12-05 18:35:00,572 - ERROR - [The Guardian] All scrape strategies failed for https://www.theguardian.com/politics/audio/2025/dec/05/donald-trump-about-to-invade-venezuela-podcast. Falling back to RSS description.
2025-12-05 18:35:00,573 - INFO - Duplicate article skipped: “This is war”: Is Trump about to invade Venezuela? – podcast from The Guardian
2025-12-05 18:35:00,610 - INFO - [BBC] Article: https://www.bbc.com/news/articles/cd6x2ppjv4go?at_medium=RSS&at_campaign=rss
2025-12-05 18:35:00,610 - INFO - [BBC] Attempt 1/1: Trying with 'requests_browser' strategy...
2025-12-05 18:35:00,916 - INFO - [BBC] Success with 'requests_browser'. Found content (1035 words).
2025-12-05 18:35:00,942 - INFO - Selenium driver initialized successfully.
2025-12-05 18:35:00,948 - INFO - Starting scrape for Times of India RSS feed: https://timesofindia.indiatimes.com/rssfeeds/296589292.cms
2025-12-05 18:35:00,960 - INFO - Selenium driver initialized successfully.
2025-12-05 18:35:00,960 - INFO - Starting scrape for The Hindu RSS feed: https://www.thehindu.com/news/national/feeder/default.rss
2025-12-05 18:35:00,960 - INFO - Duplicate article skipped: Hong Kong fire: Arrest over petition stirs public debate from BBC
2025-12-05 18:35:01,128 - INFO - Found 100 articles in The Hindu RSS feed. Processing up to 10.
2025-12-05 18:35:01,129 - INFO - [The Hindu] Article: https://www.thehindu.com/news/national/karnataka/surprise-inspections-reveal-widespread-corruption-rule-violations-in-bengalurus-education-department-offices/article70363303.ece
2025-12-05 18:35:01,129 - INFO - [The Hindu] Attempt 1/1: Trying with 'selenium_browser' strategy...
2025-12-05 18:35:01,344 - INFO - Found 20 articles in Times of India RSS feed. Processing up to 10.
2025-12-05 18:35:01,344 - INFO - [Times of India] Article: https://timesofindia.indiatimes.com/world/us/damaged-so-many-lives-indian-origin-doctor-oumair-aejaz-in-michigan-sentenced-to-over-35-years-for-secretly-filming-women-children-wife-made-1st-complaint/articleshow/125794166.cms
2025-12-05 18:35:01,344 - INFO - [Times of India] Attempt 1/1: Trying with 'selenium_browser' strategy...
2025-12-05 18:35:01,762 - INFO - [The Guardian] Article: https://www.theguardian.com/us-news/2025/dec/04/pentagon-boat-strike-pacific
2025-12-05 18:35:01,762 - INFO - [The Guardian] Attempt 1/1: Trying with 'requests_browser' strategy...
2025-12-05 18:35:01,802 - INFO - [The Guardian] Success with 'requests_browser'. Found content (637 words).
2025-12-05 18:35:01,859 - INFO - Duplicate article skipped: Pentagon announces it has killed four men in another boat strike in Pacific | US military | The Guardian from The Guardian
2025-12-05 18:35:02,222 - INFO - [BBC] Article: https://www.bbc.com/news/articles/c30j7q6qjp9o?at_medium=RSS&at_campaign=rss
2025-12-05 18:35:02,222 - INFO - [BBC] Attempt 1/1: Trying with 'requests_browser' strategy...
2025-12-05 18:35:02,407 - INFO - [BBC] Success with 'requests_browser'. Found content (795 words).
2025-12-05 18:35:02,448 - INFO - [The Guardian] Article: https://www.theguardian.com/us-news/2025/dec/04/video-second-boat-strike-military-caribbean
2025-12-05 18:35:02,453 - INFO - [The Guardian] Attempt 1/1: Trying with 'requests_browser' strategy...
2025-12-05 18:35:02,457 - INFO - Duplicate article skipped: Namibia loses bid to overturn ban on rhino horn trade at Cites conference in Samarkand from BBC
2025-12-05 18:35:02,646 - INFO - [The Guardian] Success with 'requests_browser'. Found content (1287 words).
2025-12-05 18:35:02,733 - INFO - Duplicate article skipped: Experts urge release of boat strike video as US admiral denies ‘kill them all’ order | US military | The Guardian from The Guardian
2025-12-05 18:35:03,725 - INFO - [BBC] Article: https://www.bbc.com/news/articles/clyz18z1gk0o?at_medium=RSS&at_campaign=rss
2025-12-05 18:35:03,726 - INFO - [BBC] Attempt 1/1: Trying with 'requests_browser' strategy...
2025-12-05 18:35:03,895 - INFO - [BBC] Success with 'requests_browser'. Found content (466 words).
2025-12-05 18:35:04,050 - INFO - Duplicate article skipped: IndiGO: Travel chaos worsens in India with hundreds of flights cancelled from BBC
2025-12-05 18:35:05,387 - INFO - [BBC] Article: https://www.bbc.com/news/articles/c8xdvg2ydddo?at_medium=RSS&at_campaign=rss
2025-12-05 18:35:05,388 - INFO - [BBC] Attempt 1/1: Trying with 'requests_browser' strategy...
2025-12-05 18:35:05,767 - INFO - [BBC] Success with 'requests_browser'. Found content (697 words).
2025-12-05 18:35:05,918 - INFO - Duplicate article skipped: Tanzania election: Western embassies press for release of bodies of poll violence from BBC
2025-12-05 18:35:06,635 - INFO - [BBC] Article: https://www.bbc.com/news/articles/cj4qedglzpwo?at_medium=RSS&at_campaign=rss
2025-12-05 18:35:06,635 - INFO - [BBC] Attempt 1/1: Trying with 'requests_browser' strategy...
2025-12-05 18:35:06,822 - INFO - [BBC] Success with 'requests_browser'. Found content (276 words).
2025-12-05 18:35:06,880 - INFO - Duplicate article skipped: New Zealand police recovers $19k Fabergé egg swallowed by suspected thief from BBC
2025-12-05 18:35:10,268 - INFO - [The Hindu] Page content loaded.
2025-12-05 18:35:10,598 - INFO - [The Hindu] Success with 'selenium_browser'. Found content (438 words).
2025-12-05 18:35:10,794 - INFO - Saved article: Surprise inspections reveal widespread corruption, rule violations in Bengaluru’s Education Department offices - The Hindu from The Hindu
2025-12-05 18:35:11,864 - INFO - [The Hindu] Article: https://www.thehindu.com/news/national/indigo-cancels-1000-flights-gets-exemption-on-night-duty-limits-for-pilots/article70363246.ece
2025-12-05 18:35:11,864 - INFO - [The Hindu] Attempt 1/1: Trying with 'selenium_browser' strategy...
2025-12-05 18:37:01,439 - ERROR - [Times of India] Request failed for strategy 'selenium_browser' on URL https://timesofindia.indiatimes.com/world/us/damaged-so-many-lives-indian-origin-doctor-oumair-aejaz-in-michigan-sentenced-to-over-35-years-for-secretly-filming-women-children-wife-made-1st-complaint/articleshow/125794166.cms: HTTPConnectionPool(host='localhost', port=36067): Read timed out. (read timeout=120)
2025-12-05 18:37:01,439 - ERROR - [Times of India] All scrape strategies failed for https://timesofindia.indiatimes.com/world/us/damaged-so-many-lives-indian-origin-doctor-oumair-aejaz-in-michigan-sentenced-to-over-35-years-for-secretly-filming-women-children-wife-made-1st-complaint/articleshow/125794166.cms. Falling back to RSS description.
2025-12-05 18:37:01,443 - INFO - Saved article: 'Damaged so many lives': Indian-origin doctor Oumair Aejaz in Michigan sentenced to over 35 years for secretly filming women, children; wife made 1st complaint from Times of India
2025-12-05 18:37:02,242 - INFO - [Times of India] Article: https://timesofindia.indiatimes.com/world/us-streamers/i-will-be-naming-candace-owens-alleges-tpusa-leaders-betrayed-charlie-kirk-before-deadly-shooting-and-vows-to-show-evidence/articleshow/125728624.cms
2025-12-05 18:37:02,242 - INFO - [Times of India] Attempt 1/1: Trying with 'selenium_browser' strategy...
2025-12-05 18:37:11,965 - ERROR - [The Hindu] Request failed for strategy 'selenium_browser' on URL https://www.thehindu.com/news/national/indigo-cancels-1000-flights-gets-exemption-on-night-duty-limits-for-pilots/article70363246.ece: HTTPConnectionPool(host='localhost', port=60729): Read timed out. (read timeout=120)
2025-12-05 18:37:11,966 - ERROR - [The Hindu] All scrape strategies failed for https://www.thehindu.com/news/national/indigo-cancels-1000-flights-gets-exemption-on-night-duty-limits-for-pilots/article70363246.ece. Falling back to RSS description.
2025-12-05 18:37:11,968 - INFO - Saved article: IndiGo cancels 1,000 flights, gets exemption on night duty limits for pilots from The Hindu
2025-12-05 18:37:13,095 - INFO - [The Hindu] Article: https://www.thehindu.com/news/national/telangana/telangana-rising-summit-purely-an-economic-event-says-cm/article70363214.ece
2025-12-05 18:37:13,095 - INFO - [The Hindu] Attempt 1/1: Trying with 'selenium_browser' strategy...
2025-12-05 18:39:02,312 - ERROR - [Times of India] Request failed for strategy 'selenium_browser' on URL https://timesofindia.indiatimes.com/world/us-streamers/i-will-be-naming-candace-owens-alleges-tpusa-leaders-betrayed-charlie-kirk-before-deadly-shooting-and-vows-to-show-evidence/articleshow/125728624.cms: HTTPConnectionPool(host='localhost', port=36067): Read timed out. (read timeout=120)
2025-12-05 18:39:02,312 - ERROR - [Times of India] All scrape strategies failed for https://timesofindia.indiatimes.com/world/us-streamers/i-will-be-naming-candace-owens-alleges-tpusa-leaders-betrayed-charlie-kirk-before-deadly-shooting-and-vows-to-show-evidence/articleshow/125728624.cms. Falling back to RSS description.
2025-12-05 18:39:02,313 - INFO - Duplicate article skipped: Candace Owens alleges TPUSA leaders betrayed Charlie Kirk before deadly shooting and vows to show evidence from Times of India
2025-12-05 18:39:02,921 - INFO - [Times of India] Article: https://timesofindia.indiatimes.com/world/us-streamers/ksi-drops-a-major-india-announcement-with-carryminati-joining-him-for-try-not-to-laugh-irl-in-mumbai/articleshow/125793905.cms
2025-12-05 18:39:02,921 - INFO - [Times of India] Attempt 1/1: Trying with 'selenium_browser' strategy...
2025-12-05 18:39:13,197 - ERROR - [The Hindu] Request failed for strategy 'selenium_browser' on URL https://www.thehindu.com/news/national/telangana/telangana-rising-summit-purely-an-economic-event-says-cm/article70363214.ece: HTTPConnectionPool(host='localhost', port=60729): Read timed out. (read timeout=120)
2025-12-05 18:39:13,197 - ERROR - [The Hindu] All scrape strategies failed for https://www.thehindu.com/news/national/telangana/telangana-rising-summit-purely-an-economic-event-says-cm/article70363214.ece. Falling back to RSS description.
2025-12-05 18:39:13,199 - INFO - Saved article: Telangana Rising summit purely an economic event, says CM from The Hindu
2025-12-05 18:39:14,279 - INFO - [The Hindu] Article: https://www.thehindu.com/news/national/karnataka/bengaluru-police-launch-suo-moto-probe-into-aryan-khans-hand-gesture-at-a-city-event/article70363195.ece
2025-12-05 18:39:14,279 - INFO - [The Hindu] Attempt 1/1: Trying with 'selenium_browser' strategy...
2025-12-05 18:39:53,942 - CRITICAL - --- TIMEOUT: 2 scrape jobs did not complete in 300s. ---
2025-12-05 18:39:53,942 - ERROR - A thread has timed out and will be abandoned.
2025-12-05 18:39:53,942 - ERROR - A thread has timed out and will be abandoned.
2025-12-05 18:39:53,942 - INFO - Shutting down thread pool (wait=False)...
2025-12-05 18:39:53,942 - INFO - Scraped: 0 The Guardian, 0 BBC, 2 Timed_Out_Jobs articles. (Total saved: 0)
2025-12-05 18:39:53,942 - INFO - --- Scraping job finished ---
2025-12-05 18:39:53,942 - INFO - --- Scraper service stopped and database connection closed. ---
2025-12-05 18:39:53,942 - INFO - --- Main thread finished. Forcing process exit to kill zombie threads. ---
