2025-12-24 18:37:31,042 - INFO - Initializing database connection at: news_articles.db
2025-12-24 18:37:31,042 - INFO - --- Scraper service started (CI Mode: Run Once) ---
2025-12-24 18:37:31,042 - INFO - --- Starting new scraping job (Parallel Mode) ---
2025-12-24 18:37:31,042 - INFO - Creating new robust session with 3 retries on 5xx/connection/read errors.
2025-12-24 18:37:31,042 - INFO - Proxy is DISABLED.
2025-12-24 18:37:31,043 - INFO - Starting scrape for BBC RSS feed: http://feeds.bbci.co.uk/news/world/rss.xml
2025-12-24 18:37:31,043 - INFO - [Times of India] (Thread) requires Selenium. Initializing driver...
2025-12-24 18:37:31,043 - INFO - Initializing headless Selenium Chrome driver (using SeleniumManager)...
2025-12-24 18:37:31,043 - INFO - Starting scrape for The Guardian RSS feed: https://www.theguardian.com/world/rss
2025-12-24 18:37:31,044 - INFO - [The Hindu] (Thread) requires Selenium. Initializing driver...
2025-12-24 18:37:31,044 - INFO - Submitted 4 jobs to thread pool. Waiting up to 300s for completion...
2025-12-24 18:37:31,044 - INFO - Initializing headless Selenium Chrome driver (using SeleniumManager)...
2025-12-24 18:37:31,130 - INFO - Found 45 articles in The Guardian RSS feed. Processing up to 10.
2025-12-24 18:37:31,130 - INFO - [The Guardian] Article: https://www.theguardian.com/world/2025/dec/24/algeria-passes-law-declaring-french-colonisation-crime
2025-12-24 18:37:31,130 - INFO - [The Guardian] Attempt 1/1: Trying with 'requests_browser' strategy...
2025-12-24 18:37:31,162 - INFO - [The Guardian] Success with 'requests_browser'. Found content (334 words).
2025-12-24 18:37:31,206 - INFO - Duplicate article skipped: Algeria passes law declaring French colonisation a crime | Algeria | The Guardian from The Guardian
2025-12-24 18:37:31,526 - INFO - Found 22 articles in BBC RSS feed. Processing up to 10.
2025-12-24 18:37:31,526 - INFO - [BBC] Article: https://www.bbc.com/news/articles/c9d9wg2pwl1o?at_medium=RSS&at_campaign=rss
2025-12-24 18:37:31,526 - INFO - [BBC] Attempt 1/1: Trying with 'requests_browser' strategy...
2025-12-24 18:37:31,867 - INFO - [BBC] Success with 'requests_browser'. Found content (936 words).
2025-12-24 18:37:31,902 - INFO - Duplicate article skipped: Zelensky moves towards demilitarised zones in latest peace plan for Ukraine from BBC
2025-12-24 18:37:31,961 - INFO - [The Guardian] Article: https://www.theguardian.com/world/2025/dec/23/libyas-army-chief-dies-in-plane-crash-in-turkey
2025-12-24 18:37:31,961 - INFO - [The Guardian] Attempt 1/1: Trying with 'requests_browser' strategy...
2025-12-24 18:37:32,122 - INFO - [The Guardian] Success with 'requests_browser'. Found content (414 words).
2025-12-24 18:37:32,158 - INFO - Duplicate article skipped: Libya’s army chief dies in plane crash in Turkey | Libya | The Guardian from The Guardian
2025-12-24 18:37:33,019 - INFO - [The Guardian] Article: https://www.theguardian.com/world/2025/dec/22/freed-nigerian-schoolchildren-set-to-be-reunited-with-families
2025-12-24 18:37:33,019 - INFO - [The Guardian] Attempt 1/1: Trying with 'requests_browser' strategy...
2025-12-24 18:37:33,173 - INFO - [The Guardian] Success with 'requests_browser'. Found content (365 words).
2025-12-24 18:37:33,206 - INFO - Duplicate article skipped: Freed Nigerian schoolchildren to be reunited with families | Nigeria | The Guardian from The Guardian
2025-12-24 18:37:33,342 - INFO - [BBC] Article: https://www.bbc.com/news/articles/cz68z3wn1e3o?at_medium=RSS&at_campaign=rss
2025-12-24 18:37:33,342 - INFO - [BBC] Attempt 1/1: Trying with 'requests_browser' strategy...
2025-12-24 18:37:33,369 - INFO - [BBC] Success with 'requests_browser'. Found content (381 words).
2025-12-24 18:37:33,403 - INFO - Duplicate article skipped: Russia: Two police officers killed in explosion in Moscow from BBC
2025-12-24 18:37:33,977 - INFO - [The Guardian] Article: https://www.theguardian.com/world/2025/dec/21/more-kidnapped-schoolchildren-freed-in-nigeria
2025-12-24 18:37:33,977 - INFO - [The Guardian] Attempt 1/1: Trying with 'requests_browser' strategy...
2025-12-24 18:37:34,025 - INFO - [BBC] Article: https://www.bbc.com/news/articles/cd749gqgg11o?at_medium=RSS&at_campaign=rss
2025-12-24 18:37:34,025 - INFO - [BBC] Attempt 1/1: Trying with 'requests_browser' strategy...
2025-12-24 18:37:34,051 - INFO - [BBC] Success with 'requests_browser'. Found content (506 words).
2025-12-24 18:37:34,086 - INFO - Duplicate article skipped: Venezuela accuses US of 'extortion' over seizure of oil tankers from BBC
2025-12-24 18:37:34,131 - INFO - [The Guardian] Success with 'requests_browser'. Found content (382 words).
2025-12-24 18:37:34,164 - INFO - Duplicate article skipped: Another 130 kidnapped schoolchildren released in Nigeria | Nigeria | The Guardian from The Guardian
2025-12-24 18:37:34,915 - INFO - [BBC] Article: https://www.bbc.com/news/articles/c5yj4yvx80do?at_medium=RSS&at_campaign=rss
2025-12-24 18:37:34,915 - INFO - [BBC] Attempt 1/1: Trying with 'requests_browser' strategy...
2025-12-24 18:37:34,953 - INFO - [BBC] Success with 'requests_browser'. Found content (1755 words).
2025-12-24 18:37:34,995 - INFO - Duplicate article skipped: Epstein files takeaways: Possible co-conspirators, fake video and Trump trips from BBC
2025-12-24 18:37:34,995 - INFO - [The Guardian] Article: https://www.theguardian.com/uk-news/2025/dec/21/manchester-museum-uncover-hidden-histories-africa-hub
2025-12-24 18:37:34,995 - INFO - [The Guardian] Attempt 1/1: Trying with 'requests_browser' strategy...
2025-12-24 18:37:35,157 - INFO - [The Guardian] Success with 'requests_browser'. Found content (543 words).
2025-12-24 18:37:35,204 - INFO - Duplicate article skipped: Manchester Museum seeks help to uncover hidden histories of African collection | Manchester | The Guardian from The Guardian
2025-12-24 18:37:36,156 - INFO - [BBC] Article: https://www.bbc.com/news/articles/c14vdpyj1vjo?at_medium=RSS&at_campaign=rss
2025-12-24 18:37:36,156 - INFO - [BBC] Attempt 1/1: Trying with 'requests_browser' strategy...
2025-12-24 18:37:36,185 - INFO - [BBC] Success with 'requests_browser'. Found content (439 words).
2025-12-24 18:37:36,254 - INFO - Saved article: Algeria's parliament approves law declaring France's colonisation a crime from BBC
2025-12-24 18:37:36,701 - INFO - [The Guardian] Article: https://www.theguardian.com/media/2025/dec/23/60-minutes-cecot-appears-online
2025-12-24 18:37:36,701 - INFO - [The Guardian] Attempt 1/1: Trying with 'requests_browser' strategy...
2025-12-24 18:37:36,725 - INFO - [The Guardian] Success with 'requests_browser'. Found content (1062 words).
2025-12-24 18:37:36,760 - INFO - Duplicate article skipped: 60 Minutes episode on brutal El Salvador prison, pulled from air by CBS, appears online | CBS | The Guardian from The Guardian
2025-12-24 18:37:37,535 - INFO - [BBC] Article: https://www.bbc.com/news/articles/cp39kngz008o?at_medium=RSS&at_campaign=rss
2025-12-24 18:37:37,535 - INFO - [BBC] Attempt 1/1: Trying with 'requests_browser' strategy...
2025-12-24 18:37:37,560 - INFO - [BBC] Success with 'requests_browser'. Found content (714 words).
2025-12-24 18:37:37,596 - INFO - Duplicate article skipped: UK social media campaigners among five denied US visas from BBC
2025-12-24 18:37:38,178 - INFO - [The Guardian] Article: https://www.theguardian.com/world/2025/dec/23/brazil-jair-bolsonaro-eduardo-havaianas-television-ad-fernanda-torres
2025-12-24 18:37:38,178 - INFO - [The Guardian] Attempt 1/1: Trying with 'requests_browser' strategy...
2025-12-24 18:37:38,343 - INFO - [The Guardian] Success with 'requests_browser'. Found content (381 words).
2025-12-24 18:37:38,386 - INFO - Duplicate article skipped: Bolsonaro supporters ‘cancel’ Havaianas flip-flop brand over television ad | Brazil | The Guardian from The Guardian
2025-12-24 18:37:38,582 - INFO - [BBC] Article: https://www.bbc.com/news/articles/ce3wry1529wo?at_medium=RSS&at_campaign=rss
2025-12-24 18:37:38,582 - INFO - [BBC] Attempt 1/1: Trying with 'requests_browser' strategy...
2025-12-24 18:37:38,607 - INFO - [BBC] Success with 'requests_browser'. Found content (419 words).
2025-12-24 18:37:38,640 - INFO - Duplicate article skipped: Two dead after Pennsylvania nursing home explosions from BBC
2025-12-24 18:37:39,327 - INFO - [The Guardian] Article: https://www.theguardian.com/world/2025/dec/23/canada-bill-refugees
2025-12-24 18:37:39,327 - INFO - [The Guardian] Attempt 1/1: Trying with 'requests_browser' strategy...
2025-12-24 18:37:39,514 - INFO - [The Guardian] Success with 'requests_browser'. Found content (696 words).
2025-12-24 18:37:39,548 - INFO - Duplicate article skipped: Canada bill targeting refugees feared to signal new era of US-style border policy | Canada | The Guardian from The Guardian
2025-12-24 18:37:39,601 - INFO - [BBC] Article: https://www.bbc.com/news/articles/c8dy3mvye62o?at_medium=RSS&at_campaign=rss
2025-12-24 18:37:39,601 - INFO - [BBC] Attempt 1/1: Trying with 'requests_browser' strategy...
2025-12-24 18:37:39,625 - INFO - [BBC] Success with 'requests_browser'. Found content (336 words).
2025-12-24 18:37:39,659 - INFO - Duplicate article skipped: Brazil's Supreme Court allows Bolsonaro to leave prison for surgery from BBC
2025-12-24 18:37:40,301 - INFO - [The Guardian] Article: https://www.theguardian.com/us-news/2025/dec/23/us-trump-administration-signs-security-deals-across-latin-america
2025-12-24 18:37:40,302 - INFO - [The Guardian] Attempt 1/1: Trying with 'requests_browser' strategy...
2025-12-24 18:37:40,486 - INFO - [The Guardian] Success with 'requests_browser'. Found content (809 words).
2025-12-24 18:37:40,533 - INFO - Duplicate article skipped: ‘Gunboat diplomacy on steroids’: US signs security deals across Latin America | US military | The Guardian from The Guardian
2025-12-24 18:37:41,145 - INFO - [The Guardian] Article: https://www.theguardian.com/world/2025/dec/23/russia-china-support-venezuela-trump-pressure-maduro
2025-12-24 18:37:41,145 - INFO - [The Guardian] Attempt 1/1: Trying with 'requests_browser' strategy...
2025-12-24 18:37:41,146 - INFO - [BBC] Article: https://www.bbc.com/news/articles/cyvgzyepdqno?at_medium=RSS&at_campaign=rss
2025-12-24 18:37:41,146 - INFO - [BBC] Attempt 1/1: Trying with 'requests_browser' strategy...
2025-12-24 18:37:41,176 - INFO - [The Guardian] Success with 'requests_browser'. Found content (600 words).
2025-12-24 18:37:41,215 - INFO - Duplicate article skipped: Russia and China pledge support for Venezuela as Trump ratchets up pressure on Maduro | Venezuela | The Guardian from The Guardian
2025-12-24 18:37:41,219 - INFO - [BBC] Success with 'requests_browser'. Found content (360 words).
2025-12-24 18:37:41,254 - INFO - Duplicate article skipped: Libya's army chief killed in air crash in Turkey from BBC
2025-12-24 18:37:41,797 - INFO - [BBC] Article: https://www.bbc.com/news/articles/cgke51rzpvro?at_medium=RSS&at_campaign=rss
2025-12-24 18:37:41,797 - INFO - [BBC] Attempt 1/1: Trying with 'requests_browser' strategy...
2025-12-24 18:37:41,821 - INFO - [BBC] Success with 'requests_browser'. Found content (399 words).
2025-12-24 18:37:41,857 - INFO - Duplicate article skipped: Australia to deport British man charged with displaying Nazi symbols from BBC
2025-12-24 18:37:44,101 - INFO - Selenium driver initialized successfully.
2025-12-24 18:37:44,101 - INFO - Starting scrape for Times of India RSS feed: https://timesofindia.indiatimes.com/rssfeeds/296589292.cms
2025-12-24 18:37:44,102 - INFO - Selenium driver initialized successfully.
2025-12-24 18:37:44,102 - INFO - Starting scrape for The Hindu RSS feed: https://www.thehindu.com/news/national/feeder/default.rss
2025-12-24 18:37:44,228 - INFO - Found 20 articles in Times of India RSS feed. Processing up to 10.
2025-12-24 18:37:44,228 - INFO - [Times of India] Article: https://timesofindia.indiatimes.com/world/us/epstein-files-fallout-did-white-house-steps-in-to-control-doj-messaging-heres-what-we-know-about-report/articleshow/126164144.cms
2025-12-24 18:37:44,228 - INFO - [Times of India] Attempt 1/1: Trying with 'selenium_browser' strategy...
2025-12-24 18:37:44,236 - INFO - Found 100 articles in The Hindu RSS feed. Processing up to 10.
2025-12-24 18:37:44,237 - INFO - [The Hindu] Article: https://www.thehindu.com/news/national/tamil-nadu/thick-mist-in-vellore-and-nearby-districts-puts-motorists-on-arterial-stretches-at-risk/article70433919.ece
2025-12-24 18:37:44,237 - INFO - [The Hindu] Attempt 1/1: Trying with 'selenium_browser' strategy...
2025-12-24 18:37:46,459 - INFO - [The Hindu] Page content loaded.
2025-12-24 18:37:47,074 - INFO - [The Hindu] Success with 'selenium_browser'. Found content (401 words).
2025-12-24 18:37:47,263 - INFO - Saved article: Thick mist in Vellore and nearby districts puts motorists on arterial stretches at risk - The Hindu from The Hindu
2025-12-24 18:37:48,171 - INFO - [The Hindu] Article: https://www.thehindu.com/news/national/tamil-nadu/consul-general-meets-vit-chancellor/article70433891.ece
2025-12-24 18:37:48,171 - INFO - [The Hindu] Attempt 1/1: Trying with 'selenium_browser' strategy...
2025-12-24 18:37:49,637 - INFO - [The Hindu] Page content loaded.
2025-12-24 18:37:49,934 - INFO - [The Hindu] Success with 'selenium_browser'. Found content (117 words).
2025-12-24 18:37:50,197 - INFO - Saved article: Consul General meets VIT Chancellor - The Hindu from The Hindu
2025-12-24 18:37:51,025 - INFO - [The Hindu] Article: https://www.thehindu.com/news/national/tamil-nadu/9-killed-as-government-bus-collides-with-suvs-at-ezhuthur-on-tiruchi-chennai-national-highway/article70434869.ece
2025-12-24 18:37:51,025 - INFO - [The Hindu] Attempt 1/1: Trying with 'selenium_browser' strategy...
2025-12-24 18:37:58,379 - INFO - [The Hindu] Page content loaded.
2025-12-24 18:37:59,718 - INFO - [The Hindu] Success with 'selenium_browser'. Found content (122 words).
2025-12-24 18:37:59,974 - INFO - Saved article: 9 killed as government bus collides with SUVs at Ezhuthur on Tiruchi-Chennai National Highway - The Hindu from The Hindu
2025-12-24 18:38:00,919 - INFO - [The Hindu] Article: https://www.thehindu.com/news/national/karnataka/govt-hasnt-procured-books-for-libraries-for-four-years-now-local-bodies-owe-department-52683-crore-collected-as-library-cess/article70429954.ece
2025-12-24 18:38:00,919 - INFO - [The Hindu] Attempt 1/1: Trying with 'selenium_browser' strategy...
2025-12-24 18:38:03,811 - INFO - [The Hindu] Page content loaded.
2025-12-24 18:38:03,969 - INFO - [The Hindu] Success with 'selenium_browser'. Found content (488 words).
2025-12-24 18:38:04,049 - INFO - Saved article: Govt hasn’t procured books for libraries for four years now, local bodies owe department ₹526.83 crore collected as library cess - The Hindu from The Hindu
2025-12-24 18:38:04,717 - INFO - [The Hindu] Article: https://www.thehindu.com/news/national/appeal-to-national-leaders-to-stop-former-bjp-mla-sengars-bail-unnao-rape-survivor/article70434656.ece
2025-12-24 18:38:04,717 - INFO - [The Hindu] Attempt 1/1: Trying with 'selenium_browser' strategy...
2025-12-24 18:38:05,691 - INFO - [The Hindu] Page content loaded.
2025-12-24 18:38:05,856 - INFO - [The Hindu] Success with 'selenium_browser'. Found content (642 words).
2025-12-24 18:38:05,953 - INFO - Saved article: Appeal to national leaders to stop former BJP MLA Sengar’s bail: Unnao rape survivor - The Hindu from The Hindu
2025-12-24 18:38:06,730 - INFO - [The Hindu] Article: https://www.thehindu.com/news/national/karnataka/cat-2025-one-candidate-from-karnataka-secures-100-percentile/article70434098.ece
2025-12-24 18:38:06,730 - INFO - [The Hindu] Attempt 1/1: Trying with 'selenium_browser' strategy...
2025-12-24 18:38:07,777 - INFO - [The Hindu] Page content loaded.
2025-12-24 18:38:07,855 - INFO - [The Hindu] Success with 'selenium_browser'. Found content (145 words).
2025-12-24 18:38:07,948 - INFO - Saved article: CAT-2025: One candidate from Karnataka secures 100 percentile - The Hindu from The Hindu
2025-12-24 18:38:09,131 - INFO - [The Hindu] Article: https://www.thehindu.com/news/national/west-bengal/bjp-accuses-bengal-police-of-using-excessive-force-on-protesters/article70434804.ece
2025-12-24 18:38:09,131 - INFO - [The Hindu] Attempt 1/1: Trying with 'selenium_browser' strategy...
2025-12-24 18:38:10,094 - INFO - [The Hindu] Page content loaded.
2025-12-24 18:38:10,167 - INFO - [The Hindu] Success with 'selenium_browser'. Found content (168 words).
2025-12-24 18:38:10,258 - INFO - Saved article: BJP accuses Bengal police of using excessive force on protesters - The Hindu from The Hindu
2025-12-24 18:38:11,260 - INFO - [The Hindu] Article: https://www.thehindu.com/news/national/karnataka/surprise-inspection-leads-to-seizure-of-prohibited-items-at-parappana-agrahara/article70434650.ece
2025-12-24 18:38:11,261 - INFO - [The Hindu] Attempt 1/1: Trying with 'selenium_browser' strategy...
2025-12-24 18:38:12,178 - INFO - [The Hindu] Page content loaded.
2025-12-24 18:38:12,252 - INFO - [The Hindu] Success with 'selenium_browser'. Found content (221 words).
2025-12-24 18:38:12,331 - INFO - Saved article: Surprise inspection leads to seizure of prohibited items at Parappana Agrahara - The Hindu from The Hindu
2025-12-24 18:38:13,263 - INFO - [The Hindu] Article: https://www.thehindu.com/news/national/west-bengal/protests-held-at-land-ports-along-bangladesh-border-in-west-bengal/article70434550.ece
2025-12-24 18:38:13,263 - INFO - [The Hindu] Attempt 1/1: Trying with 'selenium_browser' strategy...
2025-12-24 18:38:14,219 - INFO - [The Hindu] Page content loaded.
2025-12-24 18:38:14,309 - INFO - [The Hindu] Success with 'selenium_browser'. Found content (561 words).
2025-12-24 18:38:14,415 - INFO - Saved article: Protests held at land ports along Bangladesh border in West Bengal - The Hindu from The Hindu
2025-12-24 18:38:15,884 - INFO - [The Hindu] Article: https://www.thehindu.com/news/national/karnataka/karnataka-high-court-quashes-notification-of-land-for-bmic-project-for-not-awarding-compensation-from-past-17-years/article70433996.ece
2025-12-24 18:38:15,884 - INFO - [The Hindu] Attempt 1/1: Trying with 'selenium_browser' strategy...
2025-12-24 18:38:16,896 - INFO - [The Hindu] Page content loaded.
2025-12-24 18:38:16,979 - INFO - [The Hindu] Success with 'selenium_browser'. Found content (458 words).
2025-12-24 18:38:17,100 - INFO - Saved article: Karnataka High Court quashes notification of land for BMIC project for not awarding compensation from past 17 years - The Hindu from The Hindu
2025-12-24 18:38:17,944 - INFO - [The Hindu] (Thread) Finished. Attempting to shut down its Selenium driver.
2025-12-24 18:38:18,103 - INFO - [The Hindu] (Thread) driver.quit() successful.
2025-12-24 18:39:44,303 - ERROR - [Times of India] Request failed for strategy 'selenium_browser' on URL https://timesofindia.indiatimes.com/world/us/epstein-files-fallout-did-white-house-steps-in-to-control-doj-messaging-heres-what-we-know-about-report/articleshow/126164144.cms: HTTPConnectionPool(host='localhost', port=48981): Read timed out. (read timeout=120)
2025-12-24 18:39:44,303 - ERROR - [Times of India] All scrape strategies failed for https://timesofindia.indiatimes.com/world/us/epstein-files-fallout-did-white-house-steps-in-to-control-doj-messaging-heres-what-we-know-about-report/articleshow/126164144.cms. Falling back to RSS description.
2025-12-24 18:39:44,305 - INFO - Saved article: Epstein files fallout: Did White House steps in to control DOJ messaging — Here's what we know about report from Times of India
2025-12-24 18:39:45,219 - INFO - [Times of India] Article: https://timesofindia.indiatimes.com/world/us/amid-h-1b-row-and-vetting-delays-indian-applicant-reveals-sudden-visa-reversal-from-refused-to-approved/articleshow/126163611.cms
2025-12-24 18:39:45,219 - INFO - [Times of India] Attempt 1/1: Trying with 'selenium_browser' strategy...
2025-12-24 18:41:45,224 - ERROR - [Times of India] Request failed for strategy 'selenium_browser' on URL https://timesofindia.indiatimes.com/world/us/amid-h-1b-row-and-vetting-delays-indian-applicant-reveals-sudden-visa-reversal-from-refused-to-approved/articleshow/126163611.cms: HTTPConnectionPool(host='localhost', port=48981): Read timed out. (read timeout=120)
2025-12-24 18:41:45,224 - ERROR - [Times of India] All scrape strategies failed for https://timesofindia.indiatimes.com/world/us/amid-h-1b-row-and-vetting-delays-indian-applicant-reveals-sudden-visa-reversal-from-refused-to-approved/articleshow/126163611.cms. Falling back to RSS description.
2025-12-24 18:41:45,226 - INFO - Saved article: Amid H-1B row and vetting delays, Indian applicant reveals sudden visa reversal from ‘refused’ to ‘approved’ from Times of India
2025-12-24 18:41:46,711 - INFO - [Times of India] Article: https://timesofindia.indiatimes.com/world/us/this-woman-ran-for-president-kamala-harriss-dating-advice-sparks-debate-online/articleshow/126162965.cms
2025-12-24 18:41:46,711 - INFO - [Times of India] Attempt 1/1: Trying with 'selenium_browser' strategy...
2025-12-24 18:42:31,045 - CRITICAL - --- TIMEOUT: 1 scrape jobs did not complete in 300s. ---
2025-12-24 18:42:31,045 - ERROR - A thread has timed out and will be abandoned.
2025-12-24 18:42:31,045 - INFO - Shutting down thread pool (wait=False)...
2025-12-24 18:42:31,045 - INFO - Scraped: 10 The Hindu, 0 The Guardian, 1 BBC, 1 Timed_Out_Jobs articles. (Total saved: 11)
2025-12-24 18:42:31,045 - INFO - --- Scraping job finished ---
2025-12-24 18:42:31,045 - INFO - --- Scraper service stopped and database connection closed. ---
2025-12-24 18:42:31,045 - INFO - --- Main thread finished. Forcing process exit to kill zombie threads. ---
