2026-02-12 14:54:11,298 - INFO - Initializing database connection at: news_articles.db
2026-02-12 14:54:11,298 - INFO - --- Scraper service started (CI Mode: Run Once) ---
2026-02-12 14:54:11,298 - INFO - --- Starting new scraping job (Parallel Mode) ---
2026-02-12 14:54:11,298 - INFO - Creating new robust session with 3 retries on 5xx/connection/read errors.
2026-02-12 14:54:11,299 - INFO - Proxy is DISABLED.
2026-02-12 14:54:11,299 - INFO - Starting scrape for BBC RSS feed: http://feeds.bbci.co.uk/news/world/rss.xml
2026-02-12 14:54:11,299 - INFO - [Times of India] (Thread) requires Selenium. Initializing driver...
2026-02-12 14:54:11,299 - INFO - Initializing headless Selenium Chrome driver (using SeleniumManager)...
2026-02-12 14:54:11,300 - INFO - Starting scrape for The Guardian RSS feed: https://www.theguardian.com/world/rss
2026-02-12 14:54:11,300 - INFO - [The Hindu] (Thread) requires Selenium. Initializing driver...
2026-02-12 14:54:11,300 - INFO - Initializing headless Selenium Chrome driver (using SeleniumManager)...
2026-02-12 14:54:11,301 - INFO - Submitted 4 jobs to thread pool. Waiting up to 300s for completion...
2026-02-12 14:54:11,404 - INFO - Found 38 articles in BBC RSS feed. Processing up to 10.
2026-02-12 14:54:11,404 - INFO - [BBC] Article: https://www.bbc.com/news/articles/c2lr9w29zwyo?at_medium=RSS&at_campaign=rss
2026-02-12 14:54:11,405 - INFO - [BBC] Attempt 1/1: Trying with 'requests_browser' strategy...
2026-02-12 14:54:11,414 - INFO - Found 45 articles in The Guardian RSS feed. Processing up to 10.
2026-02-12 14:54:11,414 - INFO - [The Guardian] Article: https://www.theguardian.com/world/2026/feb/09/deaths-migrant-boat-capsizes-mediterranean-libya
2026-02-12 14:54:11,414 - INFO - [The Guardian] Attempt 1/1: Trying with 'requests_browser' strategy...
2026-02-12 14:54:11,550 - INFO - [BBC] Success with 'requests_browser'. Found content (214 words).
2026-02-12 14:54:11,594 - INFO - Saved article: Minneapolis immigration enforcement operation to 'conclude', officials say from BBC
2026-02-12 14:54:11,613 - INFO - [The Guardian] Success with 'requests_browser'. Found content (367 words).
2026-02-12 14:54:11,664 - INFO - Duplicate article skipped: 53 people dead or missing after migrant boat capsizes in Mediterranean | Migration | The Guardian from The Guardian
2026-02-12 14:54:12,337 - INFO - [BBC] Article: https://www.bbc.com/news/articles/cn0e1g7kwglo?at_medium=RSS&at_campaign=rss
2026-02-12 14:54:12,337 - INFO - [BBC] Attempt 1/1: Trying with 'requests_browser' strategy...
2026-02-12 14:54:12,371 - INFO - [BBC] Success with 'requests_browser'. Found content (747 words).
2026-02-12 14:54:12,410 - INFO - Duplicate article skipped: Kim Ju Ae: North Korea leader Kim Jong Un chooses daughter as heir, Seoul says from BBC
2026-02-12 14:54:12,512 - INFO - [The Guardian] Article: https://www.theguardian.com/music/2026/feb/09/ebo-taylor-ghanaian-highlife-pioneer-dies-age-90
2026-02-12 14:54:12,512 - INFO - [The Guardian] Attempt 1/1: Trying with 'requests_browser' strategy...
2026-02-12 14:54:12,686 - INFO - [The Guardian] Success with 'requests_browser'. Found content (915 words).
2026-02-12 14:54:12,721 - INFO - Duplicate article skipped: Ebo Taylor, Ghanaian highlife pioneer and guitarist, dies age 90 | Music | The Guardian from The Guardian
2026-02-12 14:54:13,453 - INFO - [The Guardian] Article: https://www.theguardian.com/environment/2026/feb/09/weather-tracker-spain-and-portugal-hit-by-third-fatal-storm
2026-02-12 14:54:13,453 - INFO - [The Guardian] Attempt 1/1: Trying with 'requests_browser' strategy...
2026-02-12 14:54:13,479 - INFO - [The Guardian] Success with 'requests_browser'. Found content (391 words).
2026-02-12 14:54:13,522 - INFO - Duplicate article skipped: Weather tracker: Spain and Portugal hit by third deadly storm in two weeks | Flooding | The Guardian from The Guardian
2026-02-12 14:54:13,522 - INFO - [BBC] Article: https://www.bbc.com/news/articles/cy7jdmvn3l0o?at_medium=RSS&at_campaign=rss
2026-02-12 14:54:13,522 - INFO - [BBC] Attempt 1/1: Trying with 'requests_browser' strategy...
2026-02-12 14:54:13,710 - INFO - [BBC] Success with 'requests_browser'. Found content (726 words).
2026-02-12 14:54:13,751 - INFO - Duplicate article skipped: Bangladesh election: Polls close in first vote since Gen Z protests ousted former PM Sheikh Hasina from BBC
2026-02-12 14:54:14,761 - INFO - [The Guardian] Article: https://www.theguardian.com/world/2026/feb/07/sudan-rsf-drone-attack-rahad-kills-displaced-people
2026-02-12 14:54:14,761 - INFO - [The Guardian] Attempt 1/1: Trying with 'requests_browser' strategy...
2026-02-12 14:54:14,819 - INFO - [BBC] Article: https://www.bbc.com/news/articles/ce8w95knp55o?at_medium=RSS&at_campaign=rss
2026-02-12 14:54:14,819 - INFO - [BBC] Attempt 1/1: Trying with 'requests_browser' strategy...
2026-02-12 14:54:14,854 - INFO - [BBC] Success with 'requests_browser'. Found content (592 words).
2026-02-12 14:54:14,895 - INFO - Duplicate article skipped: Police identify 18-year-old as suspect in Tumbler Ridge shootings from BBC
2026-02-12 14:54:14,951 - INFO - [The Guardian] Success with 'requests_browser'. Found content (817 words).
2026-02-12 14:54:14,996 - INFO - Duplicate article skipped: RSF drone attack kills 24 people fleeing fighting in central Sudan, says doctors group | Sudan | The Guardian from The Guardian
2026-02-12 14:54:15,669 - INFO - [The Guardian] Article: https://www.theguardian.com/global-development/2026/feb/07/businesses-close-protest-malawi-tax-changes-electronic-invoicing-system
2026-02-12 14:54:15,669 - INFO - [The Guardian] Attempt 1/1: Trying with 'requests_browser' strategy...
2026-02-12 14:54:15,829 - INFO - [The Guardian] Success with 'requests_browser'. Found content (591 words).
2026-02-12 14:54:15,887 - INFO - Duplicate article skipped: Thousands of Malawi businesses close in protest over tax changes | Global development | The Guardian from The Guardian
2026-02-12 14:54:16,222 - INFO - [BBC] Article: https://www.bbc.com/news/articles/cq6ql2n917zo?at_medium=RSS&at_campaign=rss
2026-02-12 14:54:16,222 - INFO - [BBC] Attempt 1/1: Trying with 'requests_browser' strategy...
2026-02-12 14:54:16,260 - INFO - [BBC] Success with 'requests_browser'. Found content (919 words).
2026-02-12 14:54:16,301 - INFO - Duplicate article skipped: Four takeaways from Pam Bondi's fiery Epstein testimony from BBC
2026-02-12 14:54:16,812 - INFO - [The Guardian] Article: https://www.theguardian.com/world/2026/feb/12/barbados-mia-mottley-power-third-election-victory
2026-02-12 14:54:16,812 - INFO - [The Guardian] Attempt 1/1: Trying with 'requests_browser' strategy...
2026-02-12 14:54:16,983 - INFO - [The Guardian] Success with 'requests_browser'. Found content (231 words).
2026-02-12 14:54:17,018 - INFO - Duplicate article skipped: Barbados PM Mia Mottley sweeps back into power in third election victory | Barbados | The Guardian from The Guardian
2026-02-12 14:54:17,021 - INFO - [BBC] Article: https://www.bbc.com/news/articles/clygd10pg5lo?at_medium=RSS&at_campaign=rss
2026-02-12 14:54:17,021 - INFO - [BBC] Attempt 1/1: Trying with 'requests_browser' strategy...
2026-02-12 14:54:17,053 - INFO - [BBC] Success with 'requests_browser'. Found content (668 words).
2026-02-12 14:54:17,090 - INFO - Duplicate article skipped: Russia orders block on WhatsApp in messaging app crackdown from BBC
2026-02-12 14:54:17,613 - INFO - [The Guardian] Article: https://www.theguardian.com/world/2026/feb/11/tumbler-ridge-canada-shooting-school-mark-carney
2026-02-12 14:54:17,614 - INFO - [The Guardian] Attempt 1/1: Trying with 'requests_browser' strategy...
2026-02-12 14:54:17,639 - INFO - [The Guardian] Success with 'requests_browser'. Found content (1290 words).
2026-02-12 14:54:17,675 - INFO - Duplicate article skipped: Canadian police identify suspect in school massacre that left nine dead | Tumbler Ridge school shooting | The Guardian from The Guardian
2026-02-12 14:54:18,277 - INFO - [BBC] Article: https://www.bbc.com/news/articles/c931zzzep0eo?at_medium=RSS&at_campaign=rss
2026-02-12 14:54:18,277 - INFO - [BBC] Attempt 1/1: Trying with 'requests_browser' strategy...
2026-02-12 14:54:18,315 - INFO - [BBC] Success with 'requests_browser'. Found content (659 words).
2026-02-12 14:54:18,357 - INFO - Duplicate article skipped: Cyclone Gezani: Toamasina in ruins as storm rips through Madagascar and on towards Mozambique from BBC
2026-02-12 14:54:19,104 - INFO - [The Guardian] Article: https://www.theguardian.com/us-news/2026/feb/11/us-house-vote-trump-canada-tariffs
2026-02-12 14:54:19,104 - INFO - [The Guardian] Attempt 1/1: Trying with 'requests_browser' strategy...
2026-02-12 14:54:19,127 - INFO - [The Guardian] Success with 'requests_browser'. Found content (1011 words).
2026-02-12 14:54:19,170 - INFO - Duplicate article skipped: US House backs bid to block Canada tariffs in rebuke of Trump | Trump tariffs | The Guardian from The Guardian
2026-02-12 14:54:19,687 - INFO - [BBC] Article: https://www.bbc.com/news/articles/cewz2yr47dvo?at_medium=RSS&at_campaign=rss
2026-02-12 14:54:19,687 - INFO - [BBC] Attempt 1/1: Trying with 'requests_browser' strategy...
2026-02-12 14:54:19,728 - INFO - [BBC] Success with 'requests_browser'. Found content (1084 words).
2026-02-12 14:54:19,772 - INFO - Duplicate article skipped: James Van Der Beek: Dawson's Creek stars Katie Holmes and Busy Philipps lead tributes from BBC
2026-02-12 14:54:20,005 - INFO - [The Guardian] Article: https://www.theguardian.com/world/live/2026/feb/11/tumbler-ridge-school-shooting-live-updates-number-dead-suspect-deceased
2026-02-12 14:54:20,006 - INFO - [The Guardian] Attempt 1/1: Trying with 'requests_browser' strategy...
2026-02-12 14:54:20,100 - INFO - Selenium driver initialized successfully.
2026-02-12 14:54:20,100 - INFO - Starting scrape for The Hindu RSS feed: https://www.thehindu.com/news/national/feeder/default.rss
2026-02-12 14:54:20,101 - INFO - Selenium driver initialized successfully.
2026-02-12 14:54:20,101 - INFO - Starting scrape for Times of India RSS feed: https://timesofindia.indiatimes.com/rssfeeds/296589292.cms
2026-02-12 14:54:20,246 - INFO - [The Guardian] Success with 'requests_browser'. Found content (1810 words).
2026-02-12 14:54:20,307 - INFO - Found 20 articles in Times of India RSS feed. Processing up to 10.
2026-02-12 14:54:20,307 - INFO - [Times of India] Article: https://timesofindia.indiatimes.com/world/us/marimar-martinez-shooting-bodycam-video-shows-moments-before-chicago-border-patrol-agent-opened-fire-texts-reveal-5-shots-7-holes-message/articleshow/128261670.cms
2026-02-12 14:54:20,307 - INFO - [Times of India] Attempt 1/1: Trying with 'selenium_browser' strategy...
2026-02-12 14:54:20,371 - INFO - Duplicate article skipped: Tumbler Ridge school shooting: police identify suspect in Canada attack as 18-year-old local resident – as it happened | Tumbler Ridge school shooting | The Guardian from The Guardian
2026-02-12 14:54:20,380 - INFO - Found 100 articles in The Hindu RSS feed. Processing up to 10.
2026-02-12 14:54:20,381 - INFO - [The Hindu] Article: https://www.thehindu.com/news/national/karnataka/bonded-labourers-including-six-children-rescued-from-brick-kiln-in-bagalkot/article70624698.ece
2026-02-12 14:54:20,381 - INFO - [The Hindu] Attempt 1/1: Trying with 'selenium_browser' strategy...
2026-02-12 14:54:20,899 - INFO - [BBC] Article: https://www.bbc.com/news/articles/c62090j5qqjo?at_medium=RSS&at_campaign=rss
2026-02-12 14:54:20,899 - INFO - [BBC] Attempt 1/1: Trying with 'requests_browser' strategy...
2026-02-12 14:54:20,933 - INFO - [BBC] Success with 'requests_browser'. Found content (253 words).
2026-02-12 14:54:20,984 - INFO - Saved article: Two US Navy ships collide near South America from BBC
2026-02-12 14:54:21,430 - INFO - [The Guardian] Article: https://www.theguardian.com/world/2026/feb/11/canada-school-shooting-ten-dead-including-suspect-in-attack-on-tumbler-ridge-secondary-school-and-residence-police-say
2026-02-12 14:54:21,431 - INFO - [The Guardian] Attempt 1/1: Trying with 'requests_browser' strategy...
2026-02-12 14:54:21,627 - INFO - [The Guardian] Success with 'requests_browser'. Found content (946 words).
2026-02-12 14:54:21,667 - INFO - [BBC] Article: https://www.bbc.com/news/articles/cp851zp41m5o?at_medium=RSS&at_campaign=rss
2026-02-12 14:54:21,667 - INFO - [BBC] Attempt 1/1: Trying with 'requests_browser' strategy...
2026-02-12 14:54:21,695 - INFO - Duplicate article skipped: Canada shooting: Nine dead including suspect in attack on Tumbler Ridge high school, police say | Tumbler Ridge school shooting | The Guardian from The Guardian
2026-02-12 14:54:21,753 - INFO - [BBC] Success with 'requests_browser'. Found content (364 words).
2026-02-12 14:54:21,894 - INFO - Duplicate article skipped: Sudan boat tragedy: At least 21 die after boat sinks on River Nile from BBC
2026-02-12 14:55:20,331 - ERROR - [Times of India] Request failed for strategy 'selenium_browser' on URL https://timesofindia.indiatimes.com/world/us/marimar-martinez-shooting-bodycam-video-shows-moments-before-chicago-border-patrol-agent-opened-fire-texts-reveal-5-shots-7-holes-message/articleshow/128261670.cms: Message: timeout: Timed out receiving message from renderer: 59.922
  (Session info: chrome=144.0.7559.109)
Stacktrace:
#0 0x563c761944ba <unknown>
#1 0x563c75bfd492 <unknown>
#2 0x563c75be4b47 <unknown>
#3 0x563c75be4756 <unknown>
#4 0x563c75be2271 <unknown>
#5 0x563c75be2bff <unknown>
#6 0x563c75bf2150 <unknown>
#7 0x563c75c0c147 <unknown>
#8 0x563c75c1334b <unknown>
#9 0x563c75be3369 <unknown>
#10 0x563c75c0beda <unknown>
#11 0x563c75c9ba78 <unknown>
#12 0x563c75c446a2 <unknown>
#13 0x563c75c45491 <unknown>
#14 0x563c7615a479 <unknown>
#15 0x563c7615d391 <unknown>
#16 0x563c76146a89 <unknown>
#17 0x563c7615df4e <unknown>
#18 0x563c7612d070 <unknown>
#19 0x563c76181ca8 <unknown>
#20 0x563c76181e78 <unknown>
#21 0x563c76193828 <unknown>
#22 0x7fe10aa9caa4 <unknown>
#23 0x7fe10ab29c6c <unknown>

2026-02-12 14:55:20,331 - ERROR - [Times of India] All scrape strategies failed for https://timesofindia.indiatimes.com/world/us/marimar-martinez-shooting-bodycam-video-shows-moments-before-chicago-border-patrol-agent-opened-fire-texts-reveal-5-shots-7-holes-message/articleshow/128261670.cms. Falling back to RSS description.
2026-02-12 14:55:20,336 - INFO - Saved article: Marimar Martinez shooting: Bodycam video shows moments before Chicago Border Patrol agent opened fire; texts reveal ‘5 shots, 7 holes’ message from Times of India
2026-02-12 14:55:20,402 - ERROR - [The Hindu] Request failed for strategy 'selenium_browser' on URL https://www.thehindu.com/news/national/karnataka/bonded-labourers-including-six-children-rescued-from-brick-kiln-in-bagalkot/article70624698.ece: Message: timeout: Timed out receiving message from renderer: 59.886
  (Session info: chrome=144.0.7559.109)
Stacktrace:
#0 0x5607aa36a4ba <unknown>
#1 0x5607a9dd3492 <unknown>
#2 0x5607a9dbab47 <unknown>
#3 0x5607a9dba756 <unknown>
#4 0x5607a9db8271 <unknown>
#5 0x5607a9db8bff <unknown>
#6 0x5607a9dc8150 <unknown>
#7 0x5607a9de2147 <unknown>
#8 0x5607a9de934b <unknown>
#9 0x5607a9db9369 <unknown>
#10 0x5607a9de1eda <unknown>
#11 0x5607a9e71a78 <unknown>
#12 0x5607a9e1a6a2 <unknown>
#13 0x5607a9e1b491 <unknown>
#14 0x5607aa330479 <unknown>
#15 0x5607aa333391 <unknown>
#16 0x5607aa31ca89 <unknown>
#17 0x5607aa333f4e <unknown>
#18 0x5607aa303070 <unknown>
#19 0x5607aa357ca8 <unknown>
#20 0x5607aa357e78 <unknown>
#21 0x5607aa369828 <unknown>
#22 0x7faba4a9caa4 <unknown>
#23 0x7faba4b29c6c <unknown>

2026-02-12 14:55:20,402 - ERROR - [The Hindu] All scrape strategies failed for https://www.thehindu.com/news/national/karnataka/bonded-labourers-including-six-children-rescued-from-brick-kiln-in-bagalkot/article70624698.ece. Falling back to RSS description.
2026-02-12 14:55:20,406 - INFO - Saved article: Bonded labourers, including six children, rescued from brick kiln in Bagalkot from The Hindu
2026-02-12 14:55:21,285 - INFO - [Times of India] Article: https://timesofindia.indiatimes.com/world/us/hindu-americans-condemn-us-comedians-antihindu-speech-in-indian-attire-in-texas-circus-of-hatred/articleshow/128262113.cms
2026-02-12 14:55:21,285 - INFO - [Times of India] Attempt 1/1: Trying with 'selenium_browser' strategy...
2026-02-12 14:55:21,415 - INFO - [The Hindu] Article: https://www.thehindu.com/news/national/kerala/dot-recovered-85-lakh-stolen-mobiles-director-general/article70623789.ece
2026-02-12 14:55:21,415 - INFO - [The Hindu] Attempt 1/1: Trying with 'selenium_browser' strategy...
2026-02-12 14:55:31,912 - INFO - [The Hindu] Page content loaded.
2026-02-12 14:55:32,064 - INFO - [The Hindu] Success with 'selenium_browser'. Found content (356 words).
2026-02-12 14:55:32,223 - INFO - Saved article: DoT recovered 8.5 lakh stolen mobiles: Director-General - The Hindu from The Hindu
2026-02-12 14:55:33,399 - INFO - [The Hindu] Article: https://www.thehindu.com/news/national/karnataka/protest-march-in-shivamogga-opposing-sharavathi-pumped-storage-project/article70624722.ece
2026-02-12 14:55:33,399 - INFO - [The Hindu] Attempt 1/1: Trying with 'selenium_browser' strategy...
2026-02-12 14:55:34,130 - INFO - [The Hindu] Page content loaded.
2026-02-12 14:55:34,179 - INFO - [The Hindu] Success with 'selenium_browser'. Found content (207 words).
2026-02-12 14:55:34,247 - INFO - Saved article: Protest march in Shivamogga opposing Sharavathi Pumped Storage Project - The Hindu from The Hindu
2026-02-12 14:55:35,140 - INFO - [The Hindu] Article: https://www.thehindu.com/news/national/andhra-pradesh/forest-dept-steps-up-efforts-to-prevent-fires-plastic-pollution-along-srisailam-trekking-route/article70624122.ece
2026-02-12 14:55:35,141 - INFO - [The Hindu] Attempt 1/1: Trying with 'selenium_browser' strategy...
2026-02-12 14:55:36,030 - INFO - [The Hindu] Page content loaded.
2026-02-12 14:55:36,073 - INFO - [The Hindu] Success with 'selenium_browser'. Found content (472 words).
2026-02-12 14:55:36,153 - INFO - Saved article: Forest Dept. steps up efforts to prevent fires, plastic pollution along Srisailam trekking route - The Hindu from The Hindu
2026-02-12 14:55:37,051 - INFO - [The Hindu] Article: https://www.thehindu.com/news/national/kerala/vanished-lives-kerala-sees-a-surge-in-missing-person-cases/article70620947.ece
2026-02-12 14:55:37,053 - INFO - [The Hindu] Attempt 1/1: Trying with 'selenium_browser' strategy...
2026-02-12 14:55:38,111 - INFO - [The Hindu] Page content loaded.
2026-02-12 14:55:38,160 - INFO - [The Hindu] Success with 'selenium_browser'. Found content (1450 words).
2026-02-12 14:55:38,215 - INFO - Saved article: Vanished lives: Kerala sees a surge in missing person cases - The Hindu from The Hindu
2026-02-12 14:55:38,976 - INFO - [The Hindu] Article: https://www.thehindu.com/news/national/telangana/cm-wants-centre-to-take-up-krishna-vikarabad-railway-line/article70624632.ece
2026-02-12 14:55:38,976 - INFO - [The Hindu] Attempt 1/1: Trying with 'selenium_browser' strategy...
2026-02-12 14:55:40,215 - INFO - [The Hindu] Page content loaded.
2026-02-12 14:55:40,256 - INFO - [The Hindu] Success with 'selenium_browser'. Found content (307 words).
2026-02-12 14:55:40,310 - INFO - Saved article: CM wants Centre to take up Krishna - Vikarabad railway line - The Hindu from The Hindu
2026-02-12 14:55:40,940 - INFO - [The Hindu] Article: https://www.thehindu.com/news/national/kerala/munnar-witnesses-extreme-temperature-fluctuations/article70624187.ece
2026-02-12 14:55:40,940 - INFO - [The Hindu] Attempt 1/1: Trying with 'selenium_browser' strategy...
2026-02-12 14:55:47,873 - INFO - [The Hindu] Page content loaded.
2026-02-12 14:55:48,007 - INFO - [The Hindu] Success with 'selenium_browser'. Found content (344 words).
2026-02-12 14:55:48,121 - INFO - Saved article: Munnar witnesses extreme temperature fluctuations - The Hindu from The Hindu
2026-02-12 14:55:49,191 - INFO - [The Hindu] Article: https://www.thehindu.com/news/national/andhra-pradesh/tech-fests-bring-out-hidden-talent-of-students-says-centurion-university-vc/article70623950.ece
2026-02-12 14:55:49,191 - INFO - [The Hindu] Attempt 1/1: Trying with 'selenium_browser' strategy...
2026-02-12 14:55:49,903 - INFO - [The Hindu] Page content loaded.
2026-02-12 14:55:49,980 - INFO - [The Hindu] Success with 'selenium_browser'. Found content (108 words).
2026-02-12 14:55:50,092 - INFO - Saved article: Tech fests bring out hidden talent of students, says Centurion University VC - The Hindu from The Hindu
2026-02-12 14:55:50,995 - INFO - [The Hindu] Article: https://www.thehindu.com/news/national/andhra-pradesh/hall-tickets-for-intermediate-exams-to-be-released-on-february-13/article70624653.ece
2026-02-12 14:55:50,995 - INFO - [The Hindu] Attempt 1/1: Trying with 'selenium_browser' strategy...
2026-02-12 14:55:51,673 - INFO - [Times of India] Page content loaded.
2026-02-12 14:55:51,990 - INFO - [Times of India] Success with 'selenium_browser'. Found content (360 words).
2026-02-12 14:55:52,070 - INFO - [The Hindu] Page content loaded.
2026-02-12 14:55:52,097 - INFO - Saved article: Hindu Americans condemn US comedian’s ‘anti‑Hindu’ speech in Indian attire in Texas: 'Circus of hatred' - The Times of India from Times of India
2026-02-12 14:55:52,146 - INFO - [The Hindu] Success with 'selenium_browser'. Found content (276 words).
2026-02-12 14:55:52,327 - INFO - Saved article: Hall tickets for Intermediate exams to be released on February 13 - The Hindu from The Hindu
2026-02-12 14:55:52,985 - INFO - [Times of India] Article: https://timesofindia.indiatimes.com/world/rest-of-world/we-are-not-hiding-it-canada-police-draw-flak-for-protecting-shooter-jesse-van-rootselaars-gender/articleshow/128261874.cms
2026-02-12 14:55:52,985 - INFO - [Times of India] Attempt 1/1: Trying with 'selenium_browser' strategy...
2026-02-12 14:55:53,535 - INFO - [The Hindu] Article: https://www.thehindu.com/news/national/karnataka/bjp-links-karnataka-legislators-foreign-trip-to-leadership-tussle-and-urges-speaker-to-stop-it/article70624165.ece
2026-02-12 14:55:53,535 - INFO - [The Hindu] Attempt 1/1: Trying with 'selenium_browser' strategy...
2026-02-12 14:55:53,916 - INFO - [Times of India] Page content loaded.
2026-02-12 14:55:54,245 - INFO - [Times of India] Success with 'selenium_browser'. Found content (428 words).
2026-02-12 14:55:54,350 - INFO - Saved article: 'We are not hiding it': Canada police draw flak for protecting shooter Jesse Van Rootselaar's gender - The Times of India from Times of India
2026-02-12 14:55:54,948 - INFO - [Times of India] Article: https://timesofindia.indiatimes.com/world/uk/manchester-united-co-owner-jim-ratcliffe-says-sorry-after-his-colonised-by-immigrants-remark-sparks-backlash/articleshow/128259166.cms
2026-02-12 14:55:54,948 - INFO - [Times of India] Attempt 1/1: Trying with 'selenium_browser' strategy...
2026-02-12 14:55:55,038 - INFO - [The Hindu] Page content loaded.
2026-02-12 14:55:55,301 - INFO - [The Hindu] Success with 'selenium_browser'. Found content (309 words).
2026-02-12 14:55:55,457 - INFO - Saved article: BJP links Karnataka legislators’ foreign trip to leadership tussle and urges Speaker to stop it - The Hindu from The Hindu
2026-02-12 14:55:56,254 - INFO - [The Hindu] (Thread) Finished. Attempting to shut down its Selenium driver.
2026-02-12 14:55:56,543 - INFO - [The Hindu] (Thread) driver.quit() successful.
2026-02-12 14:55:56,550 - INFO - [Times of India] Page content loaded.
2026-02-12 14:55:56,678 - INFO - [Times of India] Success with 'selenium_browser'. Found content (446 words).
2026-02-12 14:55:56,753 - INFO - Saved article: Manchester United co-owner Jim Ratcliffe says 'sorry' after his ‘colonised by immigrants’ remark sparks backlash - The Times of India from Times of India
2026-02-12 14:55:58,162 - INFO - [Times of India] Article: https://timesofindia.indiatimes.com/world/us/who-is-saritha-komatireddy-republicans-pick-indian-american-lawyer-to-run-against-letitia-james-for-new-york-attorney-general/articleshow/128258084.cms
2026-02-12 14:55:58,162 - INFO - [Times of India] Attempt 1/1: Trying with 'selenium_browser' strategy...
2026-02-12 14:55:58,978 - INFO - [Times of India] Page content loaded.
2026-02-12 14:55:59,099 - INFO - [Times of India] Success with 'selenium_browser'. Found content (454 words).
2026-02-12 14:55:59,160 - INFO - Saved article: Who is Saritha Komatireddy? Republicans pick Indian-American lawyer to run against Letitia James for New York attorney general - The Times of India from Times of India
2026-02-12 14:56:00,375 - INFO - [Times of India] Article: https://timesofindia.indiatimes.com/world/us/cognizant-infosys-employed-highest-number-of-h-1bs-in-texas-since-2020-claims-report-amid-major-crackdown/articleshow/128259569.cms
2026-02-12 14:56:00,375 - INFO - [Times of India] Attempt 1/1: Trying with 'selenium_browser' strategy...
2026-02-12 14:56:01,580 - INFO - [Times of India] Page content loaded.
2026-02-12 14:56:01,717 - INFO - [Times of India] Success with 'selenium_browser'. Found content (376 words).
2026-02-12 14:56:01,783 - INFO - Duplicate article skipped: Cognizant, Infosys employed highest number of H-1Bs in Texas since 2020, claims report amid major crackdown - The Times of India from Times of India
2026-02-12 14:56:02,304 - INFO - [Times of India] Article: https://timesofindia.indiatimes.com/world/rest-of-world/killed-own-mother-who-called-out-trans-hate-canada-shooter-jesse-van-rootselaar-was-born-male-transitioned-six-years-ago/articleshow/128256174.cms
2026-02-12 14:56:02,304 - INFO - [Times of India] Attempt 1/1: Trying with 'selenium_browser' strategy...
2026-02-12 14:56:03,235 - INFO - [Times of India] Page content loaded.
2026-02-12 14:56:03,358 - INFO - [Times of India] Success with 'selenium_browser'. Found content (422 words).
2026-02-12 14:56:03,421 - INFO - Duplicate article skipped: Killed own mother who called out trans hate: Canada shooter Jesse Van Rootselaar was born male, transitioned six years ago - The Times of India from Times of India
2026-02-12 14:56:04,059 - INFO - [Times of India] Article: https://timesofindia.indiatimes.com/world/us/america-wants-ai-girlfriends-china-wants-ai-boyfriends-heres-why/articleshow/128257570.cms
2026-02-12 14:56:04,059 - INFO - [Times of India] Attempt 1/1: Trying with 'selenium_browser' strategy...
2026-02-12 14:56:04,613 - INFO - [Times of India] Page content loaded.
2026-02-12 14:56:04,763 - INFO - [Times of India] Success with 'selenium_browser'. Found content (1047 words).
2026-02-12 14:56:04,831 - INFO - Duplicate article skipped: America wants AI girlfriends, China wants AI boyfriends - here's why | World News - The Times of India from Times of India
2026-02-12 14:56:05,451 - INFO - [Times of India] Article: https://timesofindia.indiatimes.com/world/rest-of-world/avoid-non-essential-travel-canada-uk-australia-ask-citizens-not-to-visit-cuba-owing-to-critical-fuel-shortage/articleshow/128257976.cms
2026-02-12 14:56:05,451 - INFO - [Times of India] Attempt 1/1: Trying with 'selenium_browser' strategy...
2026-02-12 14:56:06,140 - INFO - [Times of India] Page content loaded.
2026-02-12 14:56:06,350 - INFO - [Times of India] Success with 'selenium_browser'. Found content (472 words).
2026-02-12 14:56:06,409 - INFO - Duplicate article skipped: 'Avoid non-essential travel': Canada, UK, Australia ask citizens not to visit Cuba owing to critical fuel shortage - The Times of India from Times of India
2026-02-12 14:56:07,308 - INFO - [Times of India] Article: https://timesofindia.indiatimes.com/world/middle-east/dubai-brings-self-driving-ai-cars-to-streets-baidu-ubers-apollo-go-goes-live-in-uae-emirate/articleshow/128249697.cms
2026-02-12 14:56:07,308 - INFO - [Times of India] Attempt 1/1: Trying with 'selenium_browser' strategy...
2026-02-12 14:56:08,212 - INFO - [Times of India] Page content loaded.
2026-02-12 14:56:08,409 - INFO - [Times of India] Success with 'selenium_browser'. Found content (769 words).
2026-02-12 14:56:08,492 - INFO - Duplicate article skipped: Dubai brings self-driving AI cars to streets: Baidu, Uber’s Apollo Go goes live in UAE emirate - The Times of India from Times of India
2026-02-12 14:56:09,604 - INFO - [Times of India] (Thread) Finished. Attempting to shut down its Selenium driver.
2026-02-12 14:56:09,847 - INFO - [Times of India] (Thread) driver.quit() successful.
2026-02-12 14:56:09,847 - INFO - Shutting down thread pool (wait=False)...
2026-02-12 14:56:09,847 - INFO - Scraped: 0 The Guardian, 5 Times of India, 10 The Hindu, 2 BBC articles. (Total saved: 17)
2026-02-12 14:56:09,847 - INFO - --- Scraping job finished ---
2026-02-12 14:56:09,853 - INFO - --- Scraper service stopped and database connection closed. ---
2026-02-12 14:56:09,853 - INFO - --- Main thread finished. Forcing process exit to kill zombie threads. ---
