2026-02-26 19:01:03,374 - INFO - Initializing database connection at: news_articles.db
2026-02-26 19:01:03,375 - INFO - --- Scraper service started (CI Mode: Run Once) ---
2026-02-26 19:01:03,375 - INFO - --- Starting new scraping job (Parallel Mode) ---
2026-02-26 19:01:03,375 - INFO - Creating new robust session with 3 retries on 5xx/connection/read errors.
2026-02-26 19:01:03,376 - INFO - Proxy is DISABLED.
2026-02-26 19:01:03,376 - INFO - Starting scrape for BBC RSS feed: http://feeds.bbci.co.uk/news/world/rss.xml
2026-02-26 19:01:03,377 - INFO - [Times of India] (Thread) requires Selenium. Initializing driver...
2026-02-26 19:01:03,377 - INFO - Initializing headless Selenium Chrome driver (using SeleniumManager)...
2026-02-26 19:01:03,379 - INFO - Starting scrape for The Guardian RSS feed: https://www.theguardian.com/world/rss
2026-02-26 19:01:03,380 - INFO - [The Hindu] (Thread) requires Selenium. Initializing driver...
2026-02-26 19:01:03,380 - INFO - Initializing headless Selenium Chrome driver (using SeleniumManager)...
2026-02-26 19:01:03,381 - INFO - Submitted 4 jobs to thread pool. Waiting up to 300s for completion...
2026-02-26 19:01:03,670 - INFO - Found 45 articles in The Guardian RSS feed. Processing up to 10.
2026-02-26 19:01:03,670 - INFO - [The Guardian] Article: https://www.theguardian.com/global-development/2026/feb/26/women-arrested-uganda-kissing-public-lgbtq-laws
2026-02-26 19:01:03,670 - INFO - [The Guardian] Attempt 1/1: Trying with 'requests_browser' strategy...
2026-02-26 19:01:03,698 - INFO - Found 30 articles in BBC RSS feed. Processing up to 10.
2026-02-26 19:01:03,699 - INFO - [BBC] Article: https://www.bbc.com/news/articles/ckg3e63jwj8o?at_medium=RSS&at_campaign=rss
2026-02-26 19:01:03,699 - INFO - [BBC] Attempt 1/1: Trying with 'requests_browser' strategy...
2026-02-26 19:01:03,715 - INFO - [The Guardian] Success with 'requests_browser'. Found content (645 words).
2026-02-26 19:01:03,748 - INFO - Duplicate article skipped: Two women arrested in Uganda for allegedly kissing in public could face life sentence | Global development | The Guardian from The Guardian
2026-02-26 19:01:04,025 - INFO - [BBC] Success with 'requests_browser'. Found content (437 words).
2026-02-26 19:01:04,059 - INFO - Duplicate article skipped: Danish PM calls snap election with Greenland issue centre-stage from BBC
2026-02-26 19:01:05,070 - INFO - [The Guardian] Article: https://www.theguardian.com/world/2026/feb/26/recent-mediterranean-storms-tragedies-spain-portugal-morocco
2026-02-26 19:01:05,070 - INFO - [The Guardian] Attempt 1/1: Trying with 'requests_browser' strategy...
2026-02-26 19:01:05,114 - INFO - [The Guardian] Success with 'requests_browser'. Found content (991 words).
2026-02-26 19:01:05,157 - INFO - Duplicate article skipped: ‘A devastating force’: how recent storms turned to tragedies across the western Mediterranean | Extreme weather | The Guardian from The Guardian
2026-02-26 19:01:05,258 - INFO - [BBC] Article: https://www.bbc.com/news/articles/cvg1vd95nl9o?at_medium=RSS&at_campaign=rss
2026-02-26 19:01:05,258 - INFO - [BBC] Attempt 1/1: Trying with 'requests_browser' strategy...
2026-02-26 19:01:05,307 - INFO - [BBC] Success with 'requests_browser'. Found content (1100 words).
2026-02-26 19:01:05,346 - INFO - Duplicate article skipped: US and Iran hold talks seen as crucial to prevent conflict from BBC
2026-02-26 19:01:06,030 - INFO - [BBC] Article: https://www.bbc.com/news/articles/cj6dx4886rpo?at_medium=RSS&at_campaign=rss
2026-02-26 19:01:06,030 - INFO - [BBC] Attempt 1/1: Trying with 'requests_browser' strategy...
2026-02-26 19:01:06,072 - INFO - [BBC] Success with 'requests_browser'. Found content (534 words).
2026-02-26 19:01:06,106 - INFO - Duplicate article skipped: Greece Predator scandal: Four convicted over spyware affair that shook Greece from BBC
2026-02-26 19:01:06,341 - INFO - [The Guardian] Article: https://www.theguardian.com/global-development/2026/feb/25/zambia-us-health-aid-deal-exploitation-mining-concessions-data-sharing-targets
2026-02-26 19:01:06,341 - INFO - [The Guardian] Attempt 1/1: Trying with 'requests_browser' strategy...
2026-02-26 19:01:06,376 - INFO - [The Guardian] Success with 'requests_browser'. Found content (1111 words).
2026-02-26 19:01:06,423 - INFO - Duplicate article skipped: US accused of ‘shameless exploitation’ over proposed Zambian health aid deal | Global health | The Guardian from The Guardian
2026-02-26 19:01:06,610 - INFO - [BBC] Article: https://www.bbc.com/news/articles/cpqwv9vvzx9o?at_medium=RSS&at_campaign=rss
2026-02-26 19:01:06,610 - INFO - [BBC] Attempt 1/1: Trying with 'requests_browser' strategy...
2026-02-26 19:01:06,662 - INFO - [BBC] Success with 'requests_browser'. Found content (1520 words).
2026-02-26 19:01:06,701 - INFO - Duplicate article skipped: Israeli soldiers shot a Palestinian boy and stood around as he bled to death, video shows from BBC
2026-02-26 19:01:07,412 - INFO - [BBC] Article: https://www.bbc.com/news/articles/c24drvj8yl2o?at_medium=RSS&at_campaign=rss
2026-02-26 19:01:07,412 - INFO - [BBC] Attempt 1/1: Trying with 'requests_browser' strategy...
2026-02-26 19:01:07,456 - INFO - [BBC] Success with 'requests_browser'. Found content (723 words).
2026-02-26 19:01:07,492 - INFO - Duplicate article skipped: Cuba says group shot on US-registered speedboat planned 'armed infiltration' from BBC
2026-02-26 19:01:07,835 - INFO - [The Guardian] Article: https://www.theguardian.com/uk-news/2026/feb/24/royal-artillery-access-looted-asante-treasure-ghana
2026-02-26 19:01:07,835 - INFO - [The Guardian] Attempt 1/1: Trying with 'requests_browser' strategy...
2026-02-26 19:01:07,871 - INFO - [The Guardian] Success with 'requests_browser'. Found content (770 words).
2026-02-26 19:01:07,910 - INFO - Duplicate article skipped: Royal Artillery under fire after denying access to looted Asante treasure | Military | The Guardian from The Guardian
2026-02-26 19:01:08,844 - INFO - [BBC] Article: https://www.bbc.com/news/articles/cr5lq9ll15jo?at_medium=RSS&at_campaign=rss
2026-02-26 19:01:08,845 - INFO - [BBC] Attempt 1/1: Trying with 'requests_browser' strategy...
2026-02-26 19:01:08,907 - INFO - [BBC] Success with 'requests_browser'. Found content (396 words).
2026-02-26 19:01:08,939 - INFO - Duplicate article skipped: World Economic Forum boss Borge Brende quits after review of Jeffrey Epstein links from BBC
2026-02-26 19:01:08,990 - INFO - [The Guardian] Article: https://www.theguardian.com/world/2026/feb/23/robert-mugabe-son-bellarmine-mugabe-charged-with-crimes
2026-02-26 19:01:08,990 - INFO - [The Guardian] Attempt 1/1: Trying with 'requests_browser' strategy...
2026-02-26 19:01:09,159 - INFO - [The Guardian] Success with 'requests_browser'. Found content (504 words).
2026-02-26 19:01:09,197 - INFO - Duplicate article skipped: Robert Mugabe’s son charged with attempted murder over Johannesburg shooting | Zimbabwe | The Guardian from The Guardian
2026-02-26 19:01:10,163 - INFO - [BBC] Article: https://www.bbc.com/news/videos/cg4g271vdxko?at_medium=RSS&at_campaign=rss
2026-02-26 19:01:10,163 - INFO - [BBC] Attempt 1/1: Trying with 'requests_browser' strategy...
2026-02-26 19:01:10,221 - INFO - [BBC] Success with 'requests_browser'. Found content (129 words).
2026-02-26 19:01:10,267 - INFO - Duplicate article skipped: Moment cooling tower is demolished at German power plant from BBC
2026-02-26 19:01:10,380 - INFO - [The Guardian] Article: https://www.theguardian.com/world/2026/feb/25/cuba-says-border-guards-killed-four-gunmen-on-us-registered-speedboat
2026-02-26 19:01:10,380 - INFO - [The Guardian] Attempt 1/1: Trying with 'requests_browser' strategy...
2026-02-26 19:01:10,419 - INFO - [The Guardian] Success with 'requests_browser'. Found content (1199 words).
2026-02-26 19:01:10,462 - INFO - Duplicate article skipped: Cuba says it killed heavily armed exiles who attacked from US-registered speedboat | Cuba | The Guardian from The Guardian
2026-02-26 19:01:11,029 - INFO - [BBC] Article: https://www.bbc.com/news/articles/c4gq7vdld80o?at_medium=RSS&at_campaign=rss
2026-02-26 19:01:11,030 - INFO - [BBC] Attempt 1/1: Trying with 'requests_browser' strategy...
2026-02-26 19:01:11,067 - INFO - [BBC] Success with 'requests_browser'. Found content (379 words).
2026-02-26 19:01:11,099 - INFO - Duplicate article skipped: At least 10 FBI staffers connected to Trump investigations fired from BBC
2026-02-26 19:01:11,498 - INFO - [The Guardian] Article: https://www.theguardian.com/world/2026/feb/25/brazil-politician-brothers-convicted-murder
2026-02-26 19:01:11,498 - INFO - [The Guardian] Attempt 1/1: Trying with 'requests_browser' strategy...
2026-02-26 19:01:11,530 - INFO - [The Guardian] Success with 'requests_browser'. Found content (880 words).
2026-02-26 19:01:11,562 - INFO - Duplicate article skipped: Brazilian politician brothers convicted of ordering murder of Rio city councillor | Brazil | The Guardian from The Guardian
2026-02-26 19:01:11,876 - INFO - [BBC] Article: https://www.bbc.com/news/articles/clyg10ek7r7o?at_medium=RSS&at_campaign=rss
2026-02-26 19:01:11,877 - INFO - [BBC] Attempt 1/1: Trying with 'requests_browser' strategy...
2026-02-26 19:01:11,916 - INFO - [BBC] Success with 'requests_browser'. Found content (350 words).
2026-02-26 19:01:11,947 - INFO - Duplicate article skipped: AfD hails court injunction on 'extremist' label as victory from BBC
2026-02-26 19:01:12,632 - INFO - [BBC] Article: https://www.bbc.com/news/articles/cg7ed4rp7x5o?at_medium=RSS&at_campaign=rss
2026-02-26 19:01:12,632 - INFO - [BBC] Attempt 1/1: Trying with 'requests_browser' strategy...
2026-02-26 19:01:12,673 - INFO - [BBC] Success with 'requests_browser'. Found content (565 words).
2026-02-26 19:01:12,707 - INFO - Duplicate article skipped: Russia says it has handed over 1,000 Ukrainian soldiers' bodies from BBC
2026-02-26 19:01:12,948 - INFO - [The Guardian] Article: https://www.theguardian.com/world/2026/feb/25/caricom-summit-2026-caribbean-leaders-us-military-strikes
2026-02-26 19:01:12,948 - INFO - [The Guardian] Attempt 1/1: Trying with 'requests_browser' strategy...
2026-02-26 19:01:13,118 - INFO - [The Guardian] Success with 'requests_browser'. Found content (544 words).
2026-02-26 19:01:13,150 - INFO - Duplicate article skipped: Caribbean leaders call for ‘de-escalation and dialogue’ amid US oil embargo on Cuba | Americas | The Guardian from The Guardian
2026-02-26 19:01:13,272 - INFO - Selenium driver initialized successfully.
2026-02-26 19:01:13,272 - INFO - Starting scrape for Times of India RSS feed: https://timesofindia.indiatimes.com/rssfeeds/296589292.cms
2026-02-26 19:01:13,273 - INFO - Selenium driver initialized successfully.
2026-02-26 19:01:13,273 - INFO - Starting scrape for The Hindu RSS feed: https://www.thehindu.com/news/national/feeder/default.rss
2026-02-26 19:01:13,582 - INFO - Found 20 articles in Times of India RSS feed. Processing up to 10.
2026-02-26 19:01:13,582 - INFO - [Times of India] Article: https://timesofindia.indiatimes.com/world/us/washington-square-park-attack-nypd-arrests-man-after-mamdani-downplayed-incident-as-snowball-fight/articleshow/128823340.cms
2026-02-26 19:01:13,582 - INFO - [Times of India] Attempt 1/1: Trying with 'selenium_browser' strategy...
2026-02-26 19:01:13,951 - INFO - [The Guardian] Article: https://www.theguardian.com/world/2026/feb/24/floods-landslides-brazil-kill-after-record-rainfall
2026-02-26 19:01:13,951 - INFO - [The Guardian] Attempt 1/1: Trying with 'requests_browser' strategy...
2026-02-26 19:01:14,120 - INFO - [The Guardian] Success with 'requests_browser'. Found content (554 words).
2026-02-26 19:01:14,152 - INFO - Duplicate article skipped: Floods and landslides in Brazil kill at least 30 after record rainfall | Brazil | The Guardian from The Guardian
2026-02-26 19:01:14,168 - INFO - Found 100 articles in The Hindu RSS feed. Processing up to 10.
2026-02-26 19:01:14,168 - INFO - [The Hindu] Article: https://www.thehindu.com/news/national/kerala/new-super-speciality-block-at-ernakulam-mch-to-be-inaugurated-on-march-3/article70681083.ece
2026-02-26 19:01:14,168 - INFO - [The Hindu] Attempt 1/1: Trying with 'selenium_browser' strategy...
2026-02-26 19:01:14,701 - INFO - [The Guardian] Article: https://www.theguardian.com/world/2026/feb/24/brazil-supreme-court-trial-rio-marielle-franco-murder
2026-02-26 19:01:14,701 - INFO - [The Guardian] Attempt 1/1: Trying with 'requests_browser' strategy...
2026-02-26 19:01:14,869 - INFO - [The Guardian] Success with 'requests_browser'. Found content (417 words).
2026-02-26 19:01:14,919 - INFO - Duplicate article skipped: Brazilian politicians accused of ordering murder of Rio councillor go on trial | Brazil | The Guardian from The Guardian
2026-02-26 19:01:18,896 - INFO - [The Hindu] Page content loaded.
2026-02-26 19:01:18,980 - INFO - [The Hindu] Success with 'selenium_browser'. Found content (146 words).
2026-02-26 19:01:19,304 - INFO - Saved article: New super-speciality block at Ernakulam MCH to be inaugurated on March 3 - The Hindu from The Hindu
2026-02-26 19:01:20,457 - INFO - [The Hindu] Article: https://www.thehindu.com/news/national/kerala/withholding-pension-of-retired-employee-illegal-rules-kshrc/article70681121.ece
2026-02-26 19:01:20,459 - INFO - [The Hindu] Attempt 1/1: Trying with 'selenium_browser' strategy...
2026-02-26 19:01:24,520 - INFO - [The Hindu] Page content loaded.
2026-02-26 19:01:24,599 - INFO - [The Hindu] Success with 'selenium_browser'. Found content (198 words).
2026-02-26 19:01:24,790 - INFO - Saved article: Withholding pension of retired employee illegal, rules KSHRC - The Hindu from The Hindu
2026-02-26 19:01:25,482 - INFO - [The Hindu] Article: https://www.thehindu.com/news/national/tamil-nadu/dmktrying-to-confuse-the-minorities-about-alliance-says-edappadikpalaniswami/article70680797.ece
2026-02-26 19:01:25,482 - INFO - [The Hindu] Attempt 1/1: Trying with 'selenium_browser' strategy...
2026-02-26 19:01:28,037 - INFO - [The Hindu] Page content loaded.
2026-02-26 19:01:28,419 - INFO - [The Hindu] Success with 'selenium_browser'. Found content (374 words).
2026-02-26 19:01:28,537 - INFO - Saved article: DMK trying to confuse the minorities about alliance, says Edappadi K. Palaniswami - The Hindu from The Hindu
2026-02-26 19:01:29,726 - INFO - [The Hindu] Article: https://www.thehindu.com/news/national/kerala/case-registered-against-r-sreelekha-under-pocso-for-revealing-rape-survivors-identity/article70681166.ece
2026-02-26 19:01:29,726 - INFO - [The Hindu] Attempt 1/1: Trying with 'selenium_browser' strategy...
2026-02-26 19:02:13,591 - ERROR - [Times of India] Request failed for strategy 'selenium_browser' on URL https://timesofindia.indiatimes.com/world/us/washington-square-park-attack-nypd-arrests-man-after-mamdani-downplayed-incident-as-snowball-fight/articleshow/128823340.cms: Message: timeout: Timed out receiving message from renderer: 59.912
  (Session info: chrome=145.0.7632.116)
Stacktrace:
#0 0x562660901b6a <unknown>
#1 0x562660314a32 <unknown>
#2 0x5626602fc007 <unknown>
#3 0x5626602fbc16 <unknown>
#4 0x5626602f9731 <unknown>
#5 0x5626602fa0bf <unknown>
#6 0x562660309560 <unknown>
#7 0x562660323707 <unknown>
#8 0x56266032a8db <unknown>
#9 0x5626602fa829 <unknown>
#10 0x56266032349c <unknown>
#11 0x5626603b26e1 <unknown>
#12 0x56266035bc0f <unknown>
#13 0x56266035c9d1 <unknown>
#14 0x5626608c66b9 <unknown>
#15 0x5626608c95c1 <unknown>
#16 0x5626608b2e29 <unknown>
#17 0x5626608ca17e <unknown>
#18 0x5626608994b0 <unknown>
#19 0x5626608ee578 <unknown>
#20 0x5626608ee74b <unknown>
#21 0x5626609001a3 <unknown>
#22 0x7fa3eb89caa4 <unknown>
#23 0x7fa3eb929c6c <unknown>

2026-02-26 19:02:13,591 - ERROR - [Times of India] All scrape strategies failed for https://timesofindia.indiatimes.com/world/us/washington-square-park-attack-nypd-arrests-man-after-mamdani-downplayed-incident-as-snowball-fight/articleshow/128823340.cms. Falling back to RSS description.
2026-02-26 19:02:13,593 - INFO - Saved article: Washington Square Park attack: NYPD arrests man after Mamdani downplayed incident as ‘snowball fight’ from Times of India
2026-02-26 19:02:14,130 - INFO - [Times of India] Article: https://timesofindia.indiatimes.com/world/us/74-million-gold-scam-malani-jewelers-in-texas-raided-by-a-team-of-20-swat-officers-13-employees-detained/articleshow/128822384.cms
2026-02-26 19:02:14,130 - INFO - [Times of India] Attempt 1/1: Trying with 'selenium_browser' strategy...
2026-02-26 19:02:16,251 - INFO - [Times of India] Page content loaded.
2026-02-26 19:02:16,562 - INFO - [Times of India] Success with 'selenium_browser'. Found content (290 words).
2026-02-26 19:02:16,643 - INFO - Saved article: $74 million gold scam: Malani Jewelers in Texas raided by a team of 20 SWAT officers, 13 employees detained - The Times of India from Times of India
2026-02-26 19:02:17,283 - INFO - [Times of India] Article: https://timesofindia.indiatimes.com/world/us-streamers/candace-owens-challenges-erika-kirks-single-mother-claim-in-bride-of-charlie-series-and-questions-role-of-her-stepfather/articleshow/128822118.cms
2026-02-26 19:02:17,283 - INFO - [Times of India] Attempt 1/1: Trying with 'selenium_browser' strategy...
2026-02-26 19:02:18,533 - INFO - [Times of India] Page content loaded.
2026-02-26 19:02:18,661 - INFO - [Times of India] Success with 'selenium_browser'. Found content (443 words).
2026-02-26 19:02:18,715 - INFO - Saved article: Candace Owens challenges Erika Kirk’s single mother claim in Bride of Charlie series and questions role of her stepfather - The Times of India from Times of India
2026-02-26 19:02:19,835 - INFO - [Times of India] Article: https://timesofindia.indiatimes.com/world/us/indian-origin-neha-gupta-charged-with-murdering-daughter-in-florida-called-911-and-said-she-tried-to-save-her/articleshow/128820995.cms
2026-02-26 19:02:19,836 - INFO - [Times of India] Attempt 1/1: Trying with 'selenium_browser' strategy...
2026-02-26 19:02:21,113 - INFO - [Times of India] Page content loaded.
2026-02-26 19:02:21,234 - INFO - [Times of India] Success with 'selenium_browser'. Found content (414 words).
2026-02-26 19:02:21,311 - INFO - Saved article: Indian-origin Neha Gupta charged with murdering daughter in Florida called 911 and said she ‘tried to save her’ - The Times of India from Times of India
2026-02-26 19:02:22,182 - INFO - [Times of India] Article: https://timesofindia.indiatimes.com/world/south-asia/heavy-clashes-afghanistan-says-it-has-launched-retaliatory-strikes-after-pakistani-air-raids/articleshow/128820625.cms
2026-02-26 19:02:22,182 - INFO - [Times of India] Attempt 1/1: Trying with 'selenium_browser' strategy...
2026-02-26 19:02:23,306 - INFO - [Times of India] Page content loaded.
2026-02-26 19:02:23,440 - INFO - [Times of India] Success with 'selenium_browser'. Found content (783 words).
2026-02-26 19:02:23,518 - INFO - Saved article: Afghanistan Pakistan Border Clashes: '15 outposts captured, 40 Pak soldiers killed': Afghan Taliban launches big offensive - The Times of India from Times of India
2026-02-26 19:02:24,934 - INFO - [Times of India] Article: https://timesofindia.indiatimes.com/world/rest-of-world/no-country-will-ever-have-a-pass-anita-anand-on-whether-indian-gangs-are-behind-extortion-threats-in-canada/articleshow/128819269.cms
2026-02-26 19:02:24,934 - INFO - [Times of India] Attempt 1/1: Trying with 'selenium_browser' strategy...
2026-02-26 19:02:26,197 - INFO - [Times of India] Page content loaded.
2026-02-26 19:02:26,314 - INFO - [Times of India] Success with 'selenium_browser'. Found content (352 words).
2026-02-26 19:02:26,361 - INFO - Duplicate article skipped: 'No country will ever have a pass': Anita Anand on whether Indian gangs are behind extortion threats in Canada - The Times of India from Times of India
2026-02-26 19:02:27,824 - INFO - [Times of India] Article: https://timesofindia.indiatimes.com/world/us/foreign-truck-driver-seen-speeding-wrong-way-on-missouri-highway-for-miles-couldnt-read-basic-road-signs/articleshow/128818785.cms
2026-02-26 19:02:27,824 - INFO - [Times of India] Attempt 1/1: Trying with 'selenium_browser' strategy...
2026-02-26 19:02:29,321 - INFO - [Times of India] Page content loaded.
2026-02-26 19:02:29,472 - INFO - [Times of India] Success with 'selenium_browser'. Found content (330 words).
2026-02-26 19:02:29,550 - INFO - Duplicate article skipped: ‘Foreign truck driver’ seen speeding wrong way on Missouri highway for miles: 'Couldn't read basic road signs' - The Times of India from Times of India
2026-02-26 19:02:29,748 - ERROR - [The Hindu] Request failed for strategy 'selenium_browser' on URL https://www.thehindu.com/news/national/kerala/case-registered-against-r-sreelekha-under-pocso-for-revealing-rape-survivors-identity/article70681166.ece: Message: timeout: Timed out receiving message from renderer: 59.950
  (Session info: chrome=145.0.7632.116)
Stacktrace:
#0 0x55d42a212b6a <unknown>
#1 0x55d429c25a32 <unknown>
#2 0x55d429c0d007 <unknown>
#3 0x55d429c0cc16 <unknown>
#4 0x55d429c0a731 <unknown>
#5 0x55d429c0b0bf <unknown>
#6 0x55d429c1a560 <unknown>
#7 0x55d429c34707 <unknown>
#8 0x55d429c3b8db <unknown>
#9 0x55d429c0b829 <unknown>
#10 0x55d429c3449c <unknown>
#11 0x55d429cc36e1 <unknown>
#12 0x55d429c6cc0f <unknown>
#13 0x55d429c6d9d1 <unknown>
#14 0x55d42a1d76b9 <unknown>
#15 0x55d42a1da5c1 <unknown>
#16 0x55d42a1c3e29 <unknown>
#17 0x55d42a1db17e <unknown>
#18 0x55d42a1aa4b0 <unknown>
#19 0x55d42a1ff578 <unknown>
#20 0x55d42a1ff74b <unknown>
#21 0x55d42a2111a3 <unknown>
#22 0x7f51fb09caa4 <unknown>
#23 0x7f51fb129c6c <unknown>

2026-02-26 19:02:29,748 - ERROR - [The Hindu] All scrape strategies failed for https://www.thehindu.com/news/national/kerala/case-registered-against-r-sreelekha-under-pocso-for-revealing-rape-survivors-identity/article70681166.ece. Falling back to RSS description.
2026-02-26 19:02:29,751 - INFO - Saved article: Case registered against R. Sreelekha under POCSO for revealing rape survivors’ identity from The Hindu
2026-02-26 19:02:30,302 - INFO - [The Hindu] Article: https://www.thehindu.com/news/cities/Visakhapatnam/rinl-pays-tribute-to-former-cmd-j-mehra/article70680575.ece
2026-02-26 19:02:30,302 - INFO - [The Hindu] Attempt 1/1: Trying with 'selenium_browser' strategy...
2026-02-26 19:02:30,307 - INFO - [Times of India] Article: https://timesofindia.indiatimes.com/world/us/how-us-students-are-bypassing-a-25-phone-lock-pouch-with-magnets-rocks-and-scissors/articleshow/128818950.cms
2026-02-26 19:02:30,307 - INFO - [Times of India] Attempt 1/1: Trying with 'selenium_browser' strategy...
2026-02-26 19:02:31,461 - INFO - [Times of India] Page content loaded.
2026-02-26 19:02:31,715 - INFO - [Times of India] Success with 'selenium_browser'. Found content (473 words).
2026-02-26 19:02:31,816 - INFO - Duplicate article skipped: How US students are bypassing a $25 phone-lock pouch with magnets, rocks and scissors | World News - The Times of India from Times of India
2026-02-26 19:02:33,250 - INFO - [Times of India] Article: https://timesofindia.indiatimes.com/world/us/harvard-math-professor-martin-nowak-who-got-6-5-million-from-epstein-put-on-leave-amid-probe/articleshow/128817694.cms
2026-02-26 19:02:33,250 - INFO - [Times of India] Attempt 1/1: Trying with 'selenium_browser' strategy...
2026-02-26 19:02:44,719 - WARNING - [Times of India] Page timed out (10s). No <p> tags found. Proceeding anyway.
2026-02-26 19:02:44,924 - INFO - [Times of India] Success with 'selenium_browser'. Found content (658 words).
2026-02-26 19:02:45,018 - INFO - Duplicate article skipped: Harvard Math professor Martin Nowak who got $6.5 million from Epstein put on leave amid probe - The Times of India from Times of India
2026-02-26 19:02:45,578 - INFO - [The Hindu] Page content loaded.
2026-02-26 19:02:45,673 - INFO - [The Hindu] Success with 'selenium_browser'. Found content (116 words).
2026-02-26 19:02:45,735 - INFO - Saved article: RINL Pays Tribute to Former CMD J Mehra - The Hindu from The Hindu
2026-02-26 19:02:46,364 - INFO - [Times of India] Article: https://timesofindia.indiatimes.com/world/us/row-over-indian-student-subleasing-texas-apartment-to-sister-for-1000-in-viral-phone-recording-stop-the-invasion/articleshow/128817100.cms
2026-02-26 19:02:46,364 - INFO - [Times of India] Attempt 1/1: Trying with 'selenium_browser' strategy...
2026-02-26 19:02:46,948 - INFO - [Times of India] Page content loaded.
2026-02-26 19:02:47,084 - INFO - [Times of India] Success with 'selenium_browser'. Found content (433 words).
2026-02-26 19:02:47,123 - INFO - [The Hindu] Article: https://www.thehindu.com/news/national/karnataka/family-courts-cant-be-liberal-in-giving-adjournments-only-because-litigant-is-a-woman-karnataka-high-court/article70679779.ece
2026-02-26 19:02:47,123 - INFO - [The Hindu] Attempt 1/1: Trying with 'selenium_browser' strategy...
2026-02-26 19:02:47,157 - INFO - Duplicate article skipped: Row over Indian student subleasing Texas apartment to sister for $1,000 in viral phone recording: ‘Stop the invasion’ - The Times of India from Times of India
2026-02-26 19:02:48,174 - INFO - [The Hindu] Page content loaded.
2026-02-26 19:02:48,391 - INFO - [Times of India] (Thread) Finished. Attempting to shut down its Selenium driver.
2026-02-26 19:02:48,399 - INFO - [The Hindu] Success with 'selenium_browser'. Found content (296 words).
2026-02-26 19:02:48,623 - INFO - Saved article: Family courts can’t be liberal in giving adjournments only because litigant is a woman: Karnataka High Court - The Hindu from The Hindu
2026-02-26 19:02:48,718 - INFO - [Times of India] (Thread) driver.quit() successful.
2026-02-26 19:02:49,485 - INFO - [The Hindu] Article: https://www.thehindu.com/news/national/karnataka/activists-flag-concern-over-karnatakas-proposed-right-to-health-bill/article70679824.ece
2026-02-26 19:02:49,485 - INFO - [The Hindu] Attempt 1/1: Trying with 'selenium_browser' strategy...
2026-02-26 19:02:50,414 - INFO - [The Hindu] Page content loaded.
2026-02-26 19:02:50,473 - INFO - [The Hindu] Success with 'selenium_browser'. Found content (563 words).
2026-02-26 19:02:50,548 - INFO - Saved article: Activists flag concern over Karnataka’s proposed Right to Health Bill - The Hindu from The Hindu
2026-02-26 19:02:51,623 - INFO - [The Hindu] Article: https://www.thehindu.com/news/national/tamil-nadu/eci-reviews-preparedness-for-the-coming-assembly-election-in-tamil-nadu/article70680832.ece
2026-02-26 19:02:51,623 - INFO - [The Hindu] Attempt 1/1: Trying with 'selenium_browser' strategy...
2026-02-26 19:02:52,500 - INFO - [The Hindu] Page content loaded.
2026-02-26 19:02:52,551 - INFO - [The Hindu] Success with 'selenium_browser'. Found content (671 words).
2026-02-26 19:02:52,621 - INFO - Saved article: ECI reviews preparedness for the coming Assembly election in Tamil Nadu - The Hindu from The Hindu
2026-02-26 19:02:53,681 - INFO - [The Hindu] Article: https://www.thehindu.com/news/cities/Hyderabad/telangana-aims-to-emerge-as-global-logistics-hub-by-2047-sridhar-babu/article70680431.ece
2026-02-26 19:02:53,681 - INFO - [The Hindu] Attempt 1/1: Trying with 'selenium_browser' strategy...
2026-02-26 19:02:56,164 - INFO - [The Hindu] Page content loaded.
2026-02-26 19:02:56,204 - INFO - [The Hindu] Success with 'selenium_browser'. Found content (286 words).
2026-02-26 19:02:56,251 - INFO - Saved article: Telangana aims to emerge as global logistics hub by 2047: Sridhar Babu - The Hindu from The Hindu
2026-02-26 19:02:57,489 - INFO - [The Hindu] Article: https://www.thehindu.com/news/national/develop-protocol-for-filling-vacancies-in-open-correctional-institutions-supreme-court-tells-states/article70681023.ece
2026-02-26 19:02:57,489 - INFO - [The Hindu] Attempt 1/1: Trying with 'selenium_browser' strategy...
2026-02-26 19:02:58,240 - INFO - [The Hindu] Page content loaded.
2026-02-26 19:02:58,288 - INFO - [The Hindu] Success with 'selenium_browser'. Found content (308 words).
2026-02-26 19:02:58,345 - INFO - Saved article: Develop protocol for filling vacancies in open correctional institutions, Supreme Court tells States - The Hindu from The Hindu
2026-02-26 19:02:59,146 - INFO - [The Hindu] (Thread) Finished. Attempting to shut down its Selenium driver.
2026-02-26 19:02:59,246 - INFO - [The Hindu] (Thread) driver.quit() successful.
2026-02-26 19:02:59,246 - INFO - Shutting down thread pool (wait=False)...
2026-02-26 19:02:59,246 - INFO - Scraped: 10 The Hindu, 0 BBC, 0 The Guardian, 5 Times of India articles. (Total saved: 15)
2026-02-26 19:02:59,246 - INFO - --- Scraping job finished ---
2026-02-26 19:02:59,251 - INFO - --- Scraper service stopped and database connection closed. ---
2026-02-26 19:02:59,251 - INFO - --- Main thread finished. Forcing process exit to kill zombie threads. ---
