2026-01-05 02:23:37,542 - INFO - Initializing database connection at: news_articles.db
2026-01-05 02:23:37,543 - INFO - --- Scraper service started (CI Mode: Run Once) ---
2026-01-05 02:23:37,543 - INFO - --- Starting new scraping job (Parallel Mode) ---
2026-01-05 02:23:37,543 - INFO - Creating new robust session with 3 retries on 5xx/connection/read errors.
2026-01-05 02:23:37,543 - INFO - Proxy is DISABLED.
2026-01-05 02:23:37,543 - INFO - Starting scrape for BBC RSS feed: http://feeds.bbci.co.uk/news/world/rss.xml
2026-01-05 02:23:37,544 - INFO - [Times of India] (Thread) requires Selenium. Initializing driver...
2026-01-05 02:23:37,544 - INFO - Initializing headless Selenium Chrome driver (using SeleniumManager)...
2026-01-05 02:23:37,544 - INFO - Starting scrape for The Guardian RSS feed: https://www.theguardian.com/world/rss
2026-01-05 02:23:37,545 - INFO - [The Hindu] (Thread) requires Selenium. Initializing driver...
2026-01-05 02:23:37,545 - INFO - Initializing headless Selenium Chrome driver (using SeleniumManager)...
2026-01-05 02:23:37,545 - INFO - Submitted 4 jobs to thread pool. Waiting up to 300s for completion...
2026-01-05 02:23:37,634 - INFO - Found 24 articles in BBC RSS feed. Processing up to 10.
2026-01-05 02:23:37,635 - INFO - [BBC] Article: https://www.bbc.com/news/articles/c5y45nyz124o?at_medium=RSS&at_campaign=rss
2026-01-05 02:23:37,635 - INFO - [BBC] Attempt 1/1: Trying with 'requests_browser' strategy...
2026-01-05 02:23:37,643 - INFO - Found 45 articles in The Guardian RSS feed. Processing up to 10.
2026-01-05 02:23:37,644 - INFO - [The Guardian] Article: https://www.theguardian.com/world/2026/jan/02/anthony-joshuas-driver-charged-with-dangerous-driving-after-fatal-crash-in-nigeria
2026-01-05 02:23:37,644 - INFO - [The Guardian] Attempt 1/1: Trying with 'requests_browser' strategy...
2026-01-05 02:23:37,790 - INFO - [BBC] Success with 'requests_browser'. Found content (1478 words).
2026-01-05 02:23:37,832 - INFO - Duplicate article skipped: Trump's Maduro raid could set precedent for authoritarian powers across globe from BBC
2026-01-05 02:23:37,849 - INFO - [The Guardian] Success with 'requests_browser'. Found content (346 words).
2026-01-05 02:23:37,881 - INFO - Duplicate article skipped: Anthony Joshua’s driver charged with dangerous driving after fatal crash in Nigeria | Anthony Joshua | The Guardian from The Guardian
2026-01-05 02:23:38,852 - INFO - [BBC] Article: https://www.bbc.com/news/articles/c5yvxnlw1pzo?at_medium=RSS&at_campaign=rss
2026-01-05 02:23:38,852 - INFO - [BBC] Attempt 1/1: Trying with 'requests_browser' strategy...
2026-01-05 02:23:38,895 - INFO - [BBC] Success with 'requests_browser'. Found content (666 words).
2026-01-05 02:23:38,936 - INFO - Duplicate article skipped: From Caracas 'fort' to New York court: Maduro's capture in pictures and maps from BBC
2026-01-05 02:23:39,099 - INFO - [The Guardian] Article: https://www.theguardian.com/science/2026/jan/01/cremation-pyre-in-africa-thought-to-be-worlds-oldest-containing-adult-remains
2026-01-05 02:23:39,099 - INFO - [The Guardian] Attempt 1/1: Trying with 'requests_browser' strategy...
2026-01-05 02:23:39,127 - INFO - [The Guardian] Success with 'requests_browser'. Found content (653 words).
2026-01-05 02:23:39,161 - INFO - Duplicate article skipped: Cremation pyre in Africa thought to be world’s oldest containing adult remains | Anthropology | The Guardian from The Guardian
2026-01-05 02:23:40,303 - INFO - [The Guardian] Article: https://www.theguardian.com/global-development/2026/jan/01/us-aid-cuts-conditions-un-humanitarian-pledge-ocha
2026-01-05 02:23:40,303 - INFO - [The Guardian] Attempt 1/1: Trying with 'requests_browser' strategy...
2026-01-05 02:23:40,333 - INFO - [BBC] Article: https://www.bbc.com/news/articles/c3vel0xvlvgo?at_medium=RSS&at_campaign=rss
2026-01-05 02:23:40,333 - INFO - [BBC] Attempt 1/1: Trying with 'requests_browser' strategy...
2026-01-05 02:23:40,360 - INFO - [BBC] Success with 'requests_browser'. Found content (539 words).
2026-01-05 02:23:40,394 - INFO - Duplicate article skipped: Crans-Montana: Police identify all 40 victims of Swiss bar fire from BBC
2026-01-05 02:23:40,508 - INFO - [The Guardian] Success with 'requests_browser'. Found content (631 words).
2026-01-05 02:23:40,544 - INFO - Duplicate article skipped: US ‘adapt, shrink or die’ terms for $2bn aid pot will mean UN bowing down to Washington, say experts | Aid | The Guardian from The Guardian
2026-01-05 02:23:40,936 - INFO - [BBC] Article: https://www.bbc.com/news/articles/c4g0zg974v1o?at_medium=RSS&at_campaign=rss
2026-01-05 02:23:40,936 - INFO - [BBC] Attempt 1/1: Trying with 'requests_browser' strategy...
2026-01-05 02:23:40,963 - INFO - [BBC] Success with 'requests_browser'. Found content (426 words).
2026-01-05 02:23:40,999 - INFO - Duplicate article skipped: Danish PM tells Trump to stop 'threats' against Greenland from BBC
2026-01-05 02:23:41,090 - INFO - [The Guardian] Article: https://www.theguardian.com/world/2025/dec/31/guinea-junta-chief-mamady-doumbouya-elected-president-after-opposition-boycott
2026-01-05 02:23:41,090 - INFO - [The Guardian] Attempt 1/1: Trying with 'requests_browser' strategy...
2026-01-05 02:23:41,292 - INFO - [The Guardian] Success with 'requests_browser'. Found content (399 words).
2026-01-05 02:23:41,327 - INFO - Duplicate article skipped: Guinea’s junta chief elected president after opposition boycott | Guinea | The Guardian from The Guardian
2026-01-05 02:23:41,698 - INFO - [BBC] Article: https://www.bbc.com/news/articles/c70lw9x581no?at_medium=RSS&at_campaign=rss
2026-01-05 02:23:41,698 - INFO - [BBC] Attempt 1/1: Trying with 'requests_browser' strategy...
2026-01-05 02:23:41,725 - INFO - [BBC] Success with 'requests_browser'. Found content (823 words).
2026-01-05 02:23:41,772 - INFO - Saved article: South Korea's Lee Jae Myung to meet China's Xi from BBC
2026-01-05 02:23:42,631 - INFO - [The Guardian] Article: https://www.theguardian.com/world/2025/dec/30/saudi-arabia-uae-tension-future-yemen-boiling-point
2026-01-05 02:23:42,631 - INFO - [The Guardian] Attempt 1/1: Trying with 'requests_browser' strategy...
2026-01-05 02:23:42,661 - INFO - [The Guardian] Success with 'requests_browser'. Found content (932 words).
2026-01-05 02:23:42,714 - INFO - [BBC] Article: https://www.bbc.com/news/articles/c78v984ywgeo?at_medium=RSS&at_campaign=rss
2026-01-05 02:23:42,714 - INFO - [BBC] Attempt 1/1: Trying with 'requests_browser' strategy...
2026-01-05 02:23:42,731 - INFO - Duplicate article skipped: Tensions between Saudis and Emiratis over future of Yemen reach boiling point | Yemen | The Guardian from The Guardian
2026-01-05 02:23:42,749 - INFO - [BBC] Success with 'requests_browser'. Found content (352 words).
2026-01-05 02:23:42,786 - INFO - Saved article: Berlin power cut: Activist group says it was behind fire that cut electricity supply from BBC
2026-01-05 02:23:43,279 - INFO - [The Guardian] Article: https://www.theguardian.com/world/live/2026/jan/04/nicolas-maduro-jailed-us-attack-venezuela-donald-trump-reaction-latest-news-updates-live
2026-01-05 02:23:43,279 - INFO - [The Guardian] Attempt 1/1: Trying with 'requests_browser' strategy...
2026-01-05 02:23:43,714 - INFO - [The Guardian] Success with 'requests_browser'. Found content (2084 words).
2026-01-05 02:23:43,821 - INFO - Duplicate article skipped: Trump threatens Colombia with military action as he reiterates that the US is ‘in charge’ in Venezuela – live | Venezuela | The Guardian from The Guardian
2026-01-05 02:23:44,160 - INFO - [BBC] Article: https://www.bbc.com/news/articles/czx1rpxzyx9o?at_medium=RSS&at_campaign=rss
2026-01-05 02:23:44,160 - INFO - [BBC] Attempt 1/1: Trying with 'requests_browser' strategy...
2026-01-05 02:23:44,194 - INFO - [BBC] Success with 'requests_browser'. Found content (839 words).
2026-01-05 02:23:44,235 - INFO - Duplicate article skipped: World leaders react to US capture of Venezuelan leader Nicolás Maduro from BBC
2026-01-05 02:23:44,610 - INFO - [The Guardian] Article: https://www.theguardian.com/film/2026/jan/05/evangeline-lilly-brain-damage-beach-fall
2026-01-05 02:23:44,610 - INFO - [The Guardian] Attempt 1/1: Trying with 'requests_browser' strategy...
2026-01-05 02:23:44,644 - INFO - [The Guardian] Success with 'requests_browser'. Found content (481 words).
2026-01-05 02:23:44,680 - INFO - Saved article: Evangeline Lilly reveals she has brain damage after hitting her head in fall | Movies | The Guardian from The Guardian
2026-01-05 02:23:45,337 - INFO - [BBC] Article: https://www.bbc.com/news/articles/ckgl7k91nl8o?at_medium=RSS&at_campaign=rss
2026-01-05 02:23:45,337 - INFO - [BBC] Attempt 1/1: Trying with 'requests_browser' strategy...
2026-01-05 02:23:45,370 - INFO - [BBC] Success with 'requests_browser'. Found content (815 words).
2026-01-05 02:23:45,408 - INFO - Duplicate article skipped: Who is Cilia Flores, Venezuela's first lady captured by the US? from BBC
2026-01-05 02:23:46,032 - INFO - [The Guardian] Article: https://www.theguardian.com/us-news/2026/jan/04/kristi-noem-venezuela-leader-tps-refugee
2026-01-05 02:23:46,032 - INFO - [The Guardian] Attempt 1/1: Trying with 'requests_browser' strategy...
2026-01-05 02:23:46,059 - INFO - [The Guardian] Success with 'requests_browser'. Found content (385 words).
2026-01-05 02:23:46,095 - INFO - Duplicate article skipped: Venezuelans under TPS can apply for refugee status, Kristi Noem says | Trump administration | The Guardian from The Guardian
2026-01-05 02:23:46,527 - INFO - [BBC] Article: https://www.bbc.com/news/articles/c0r4nwy7k48o?at_medium=RSS&at_campaign=rss
2026-01-05 02:23:46,527 - INFO - [BBC] Attempt 1/1: Trying with 'requests_browser' strategy...
2026-01-05 02:23:46,556 - INFO - [BBC] Success with 'requests_browser'. Found content (407 words).
2026-01-05 02:23:46,594 - INFO - Duplicate article skipped: Niger state: At least 30 killed in Kasuwan-Daji village attack in Nigeria from BBC
2026-01-05 02:23:47,006 - INFO - [The Guardian] Article: https://www.theguardian.com/world/2026/jan/04/venezuela-trump-protests-us-cities
2026-01-05 02:23:47,006 - INFO - [The Guardian] Attempt 1/1: Trying with 'requests_browser' strategy...
2026-01-05 02:23:47,029 - INFO - [The Guardian] Success with 'requests_browser'. Found content (491 words).
2026-01-05 02:23:47,072 - INFO - Duplicate article skipped: Protests erupt in US cities over Trump’s military intervention in Venezuela | Venezuela | The Guardian from The Guardian
2026-01-05 02:23:47,128 - INFO - [BBC] Article: https://www.bbc.com/news/articles/cgezjlzwz1do?at_medium=RSS&at_campaign=rss
2026-01-05 02:23:47,128 - INFO - [BBC] Attempt 1/1: Trying with 'requests_browser' strategy...
2026-01-05 02:23:47,157 - INFO - [BBC] Success with 'requests_browser'. Found content (559 words).
2026-01-05 02:23:47,194 - INFO - Duplicate article skipped: Greece: Thousands stranded across Europe as air space disrupted from BBC
2026-01-05 02:23:47,581 - INFO - [The Guardian] Article: https://www.theguardian.com/world/2026/jan/04/us-running-venezuela-now-seems-less-likely-but-second-intervention-possible
2026-01-05 02:23:47,581 - INFO - [The Guardian] Attempt 1/1: Trying with 'requests_browser' strategy...
2026-01-05 02:23:47,610 - INFO - [The Guardian] Success with 'requests_browser'. Found content (1521 words).
2026-01-05 02:23:47,651 - INFO - Duplicate article skipped: Donald Trump warns of ‘big price to pay’ if Caracas fails to toe line | Venezuela | The Guardian from The Guardian
2026-01-05 02:23:47,776 - INFO - Selenium driver initialized successfully.
2026-01-05 02:23:47,776 - INFO - Starting scrape for Times of India RSS feed: https://timesofindia.indiatimes.com/rssfeeds/296589292.cms
2026-01-05 02:23:47,778 - INFO - Selenium driver initialized successfully.
2026-01-05 02:23:47,778 - INFO - Starting scrape for The Hindu RSS feed: https://www.thehindu.com/news/national/feeder/default.rss
2026-01-05 02:23:47,838 - INFO - Found 20 articles in Times of India RSS feed. Processing up to 10.
2026-01-05 02:23:47,838 - INFO - [Times of India] Article: https://timesofindia.indiatimes.com/world/us/if-they-dont-behave-is-second-strike-on-venezuela-off-the-table-trumps-fresh-warning/articleshow/126342582.cms
2026-01-05 02:23:47,838 - INFO - [Times of India] Attempt 1/1: Trying with 'selenium_browser' strategy...
2026-01-05 02:23:47,882 - INFO - Found 100 articles in The Hindu RSS feed. Processing up to 10.
2026-01-05 02:23:47,882 - INFO - [The Hindu] Article: https://www.thehindu.com/news/national/punjab/punjab-aap-leader-shot-dead-while-attending-marriage-in-amritsar/article70472775.ece
2026-01-05 02:23:47,882 - INFO - [The Hindu] Attempt 1/1: Trying with 'selenium_browser' strategy...
2026-01-05 02:23:50,414 - INFO - [The Hindu] Page content loaded.
2026-01-05 02:23:50,581 - INFO - [The Hindu] Success with 'selenium_browser'. Found content (119 words).
2026-01-05 02:23:50,889 - INFO - Saved article: Punjab: AAP leader shot dead while attending marriage in Amritsar - The Hindu from The Hindu
2026-01-05 02:23:51,945 - INFO - [The Hindu] Article: https://www.thehindu.com/news/national/madhya-pradesh/indore-water-contamination-20-new-diarrhoea-cases-detected-during-screening-142-in-hospitals/article70472774.ece
2026-01-05 02:23:51,947 - INFO - [The Hindu] Attempt 1/1: Trying with 'selenium_browser' strategy...
2026-01-05 02:23:54,110 - INFO - [The Hindu] Page content loaded.
2026-01-05 02:23:54,339 - INFO - [The Hindu] Success with 'selenium_browser'. Found content (1000 words).
2026-01-05 02:23:54,640 - INFO - Saved article: Indore water contamination: 20 new diarrhoea cases detected during screening; 142 in hospitals - The Hindu from The Hindu
2026-01-05 02:23:55,266 - INFO - [The Hindu] Article: https://www.thehindu.com/news/cities/chennai/many-participate-in-pallankuzhi-contest-in-mylapore/article70471722.ece
2026-01-05 02:23:55,266 - INFO - [The Hindu] Attempt 1/1: Trying with 'selenium_browser' strategy...
2026-01-05 02:23:57,372 - INFO - [The Hindu] Page content loaded.
2026-01-05 02:23:57,799 - INFO - [The Hindu] Success with 'selenium_browser'. Found content (348 words).
2026-01-05 02:23:57,973 - INFO - Duplicate article skipped: Many participate in pallankuzhi contest in Mylapore - The Hindu from The Hindu
2026-01-05 02:23:58,580 - INFO - [The Hindu] Article: https://www.thehindu.com/news/international/trumps-list-of-nations-whose-immigrants-receive-welfare-in-us-does-not-mention-india/article70472123.ece
2026-01-05 02:23:58,580 - INFO - [The Hindu] Attempt 1/1: Trying with 'selenium_browser' strategy...
2026-01-05 02:24:06,791 - INFO - [The Hindu] Page content loaded.
2026-01-05 02:24:06,855 - INFO - [The Hindu] Success with 'selenium_browser'. Found content (263 words).
2026-01-05 02:24:06,923 - INFO - Saved article: Trump’s list of nations whose immigrants receive welfare in U.S. does not mention India - The Hindu from The Hindu
2026-01-05 02:24:07,707 - INFO - [The Hindu] Article: https://www.thehindu.com/news/national/tamil-nadu/vck-to-give-more-responsibilities-to-women-and-youth/article70471114.ece
2026-01-05 02:24:07,707 - INFO - [The Hindu] Attempt 1/1: Trying with 'selenium_browser' strategy...
2026-01-05 02:24:47,864 - ERROR - [Times of India] Request failed for strategy 'selenium_browser' on URL https://timesofindia.indiatimes.com/world/us/if-they-dont-behave-is-second-strike-on-venezuela-off-the-table-trumps-fresh-warning/articleshow/126342582.cms: Message: timeout: Timed out receiving message from renderer: 59.741
  (Session info: chrome=143.0.7499.109)
Stacktrace:
#0 0x5618ca9c819a <unknown>
#1 0x5618ca445c4b <unknown>
#2 0x5618ca42dcf3 <unknown>
#3 0x5618ca42d9d6 <unknown>
#4 0x5618ca42b897 <unknown>
#5 0x5618ca42c1af <unknown>
#6 0x5618ca43a970 <unknown>
#7 0x5618ca454017 <unknown>
#8 0x5618ca45a6cb <unknown>
#9 0x5618ca42c8d8 <unknown>
#10 0x5618ca453dc3 <unknown>
#11 0x5618ca4e2f60 <unknown>
#12 0x5618ca489c42 <unknown>
#13 0x5618ca48a8f1 <unknown>
#14 0x5618ca990f39 <unknown>
#15 0x5618ca993e7d <unknown>
#16 0x5618ca979c81 <unknown>
#17 0x5618ca994a5b <unknown>
#18 0x5618ca960a50 <unknown>
#19 0x5618ca9b5aa8 <unknown>
#20 0x5618ca9b5c79 <unknown>
#21 0x5618ca9c74f3 <unknown>
#22 0x7f715949caa4 <unknown>
#23 0x7f7159529c6c <unknown>

2026-01-05 02:24:47,864 - ERROR - [Times of India] All scrape strategies failed for https://timesofindia.indiatimes.com/world/us/if-they-dont-behave-is-second-strike-on-venezuela-off-the-table-trumps-fresh-warning/articleshow/126342582.cms. Falling back to RSS description.
2026-01-05 02:24:47,867 - INFO - Saved article: 'If they don't behave': Is second strike on Venezuela off the table? Trump's fresh warning from Times of India
2026-01-05 02:24:48,842 - INFO - [Times of India] Article: https://timesofindia.indiatimes.com/world/us/nikitha-godishala-murder-us-set-to-issue-red-notice-for-accused-ex-boyfriend-arjun-sharma-who-fled-to-india/articleshow/126342534.cms
2026-01-05 02:24:48,842 - INFO - [Times of India] Attempt 1/1: Trying with 'selenium_browser' strategy...
2026-01-05 02:24:49,981 - INFO - [Times of India] Page content loaded.
2026-01-05 02:24:50,117 - INFO - [Times of India] Success with 'selenium_browser'. Found content (396 words).
2026-01-05 02:24:50,216 - INFO - Saved article: Nikitha Godishala murder: US set to issue 'Red Notice' for accused ex-boyfriend Arjun Sharma who fled to India - The Times of India from Times of India
2026-01-05 02:24:50,995 - INFO - [Times of India] Article: https://timesofindia.indiatimes.com/world/us/h-1b-row-one-in-three-immigrants-cancel-travel-over-fear-of-ice-monitoring-survey-finds/articleshow/126342489.cms
2026-01-05 02:24:50,995 - INFO - [Times of India] Attempt 1/1: Trying with 'selenium_browser' strategy...
2026-01-05 02:24:51,821 - INFO - [Times of India] Page content loaded.
2026-01-05 02:24:51,951 - INFO - [Times of India] Success with 'selenium_browser'. Found content (387 words).
2026-01-05 02:24:52,015 - INFO - Saved article: H-1B row: One in three immigrants cancel travel over fear of ICE monitoring, survey finds - The Times of India from Times of India
2026-01-05 02:24:53,185 - INFO - [Times of India] Article: https://timesofindia.indiatimes.com/world/us/right-wing-influencer-weighs-in-on-indians-earning-highest-pay-in-germany-how-can-a-group-be-so-beneficial-while-/articleshow/126342365.cms
2026-01-05 02:24:53,185 - INFO - [Times of India] Attempt 1/1: Trying with 'selenium_browser' strategy...
2026-01-05 02:24:54,150 - INFO - [Times of India] Page content loaded.
2026-01-05 02:24:54,325 - INFO - [Times of India] Success with 'selenium_browser'. Found content (385 words).
2026-01-05 02:24:54,385 - INFO - Saved article: Right-wing influencer weighs in on Indians earning highest pay in Germany: 'How can a group be so beneficial while...' - The Times of India from Times of India
2026-01-05 02:24:54,977 - INFO - [Times of India] Article: https://timesofindia.indiatimes.com/etimes/trending/meet-vinod-khosla-indian-american-billionaire-who-predicts-ai-will-replace-80-of-doctors/articleshow/126342134.cms
2026-01-05 02:24:54,977 - INFO - [Times of India] Attempt 1/1: Trying with 'selenium_browser' strategy...
2026-01-05 02:24:56,071 - INFO - [Times of India] Page content loaded.
2026-01-05 02:24:56,172 - INFO - [Times of India] Success with 'selenium_browser'. Found content (380 words).
2026-01-05 02:24:56,237 - INFO - Saved article: Meet Vinod Khosla: Indian-American billionaire who predicts AI will replace 80% of doctors - The Times of India from Times of India
2026-01-05 02:24:57,673 - INFO - [Times of India] Article: https://timesofindia.indiatimes.com/world/us/dhs-says-venezuelans-can-now-apply-for-refugee-status-in-us-following-maduros-ouster-600000-face-deportation-risk/articleshow/126342109.cms
2026-01-05 02:24:57,673 - INFO - [Times of India] Attempt 1/1: Trying with 'selenium_browser' strategy...
2026-01-05 02:24:58,832 - INFO - [Times of India] Page content loaded.
2026-01-05 02:24:58,948 - INFO - [Times of India] Success with 'selenium_browser'. Found content (376 words).
2026-01-05 02:24:59,012 - INFO - Saved article: DHS says Venezuelans can now apply for refugee status in US following Maduro’s ouster, 600,000 face deportation risk - The Times of India from Times of India
2026-01-05 02:25:00,039 - INFO - [Times of India] Article: https://timesofindia.indiatimes.com/world/us/trump-shares-list-of-120-countries-whose-immigrants-receive-welfare-in-us-why-was-india-excluded/articleshow/126340688.cms
2026-01-05 02:25:00,039 - INFO - [Times of India] Attempt 1/1: Trying with 'selenium_browser' strategy...
2026-01-05 02:25:00,868 - INFO - [Times of India] Page content loaded.
2026-01-05 02:25:00,989 - INFO - [Times of India] Success with 'selenium_browser'. Found content (402 words).
2026-01-05 02:25:01,051 - INFO - Saved article: Trump shares list of 120 countries whose immigrants receive welfare in US — why was India excluded? - The Times of India from Times of India
2026-01-05 02:25:01,726 - INFO - [Times of India] Article: https://timesofindia.indiatimes.com/world/rest-of-world/before-nicolas-maduro-it-was-manuel-noriega/articleshow/126340838.cms
2026-01-05 02:25:01,726 - INFO - [Times of India] Attempt 1/1: Trying with 'selenium_browser' strategy...
2026-01-05 02:25:02,771 - INFO - [Times of India] Page content loaded.
2026-01-05 02:25:02,932 - INFO - [Times of India] Success with 'selenium_browser'. Found content (183 words).
2026-01-05 02:25:03,003 - INFO - Saved article: Before Nicolas Maduro, it was Manuel Noriega - The Times of India from Times of India
2026-01-05 02:25:03,873 - INFO - [Times of India] Article: https://timesofindia.indiatimes.com/world/us/venezuela-has-worlds-largest-oil-reserve-but-output-just-1-of-total/articleshow/126340355.cms
2026-01-05 02:25:03,873 - INFO - [Times of India] Attempt 1/1: Trying with 'selenium_browser' strategy...
2026-01-05 02:25:05,532 - INFO - [Times of India] Page content loaded.
2026-01-05 02:25:05,669 - INFO - [Times of India] Success with 'selenium_browser'. Found content (444 words).
2026-01-05 02:25:05,757 - INFO - Saved article: Venezuela has world's largest oil reserve, but output just 1% of total - The Times of India from Times of India
2026-01-05 02:25:06,363 - INFO - [Times of India] Article: https://timesofindia.indiatimes.com/world/us/been-mayor-for-72-hours-maga-ally-slams-mamdani-for-calling-trump-regarding-maduros-capture/articleshow/126340062.cms
2026-01-05 02:25:06,363 - INFO - [Times of India] Attempt 1/1: Trying with 'selenium_browser' strategy...
2026-01-05 02:25:07,643 - INFO - [Times of India] Page content loaded.
2026-01-05 02:25:07,813 - INFO - [Times of India] Success with 'selenium_browser'. Found content (343 words).
2026-01-05 02:25:07,872 - INFO - Duplicate article skipped: 'Been mayor for 72 hours': MAGA ally slams Mamdani for calling Trump regarding Maduro's capture - The Times of India from Times of India
2026-01-05 02:25:08,448 - INFO - [Times of India] (Thread) Finished. Attempting to shut down its Selenium driver.
2026-01-05 02:25:08,791 - INFO - [Times of India] (Thread) driver.quit() successful.
2026-01-05 02:26:07,803 - ERROR - [The Hindu] Request failed for strategy 'selenium_browser' on URL https://www.thehindu.com/news/national/tamil-nadu/vck-to-give-more-responsibilities-to-women-and-youth/article70471114.ece: HTTPConnectionPool(host='localhost', port=51989): Read timed out. (read timeout=120)
2026-01-05 02:26:07,803 - ERROR - [The Hindu] All scrape strategies failed for https://www.thehindu.com/news/national/tamil-nadu/vck-to-give-more-responsibilities-to-women-and-youth/article70471114.ece. Falling back to RSS description.
2026-01-05 02:26:07,803 - INFO - Duplicate article skipped: VCK to give more responsibilities to women and youth from The Hindu
2026-01-05 02:26:09,288 - INFO - [The Hindu] Article: https://www.thehindu.com/news/national/centre-relaxes-norms-for-start-ups-to-avail-funds-from-dsir/article70471860.ece
2026-01-05 02:26:09,288 - INFO - [The Hindu] Attempt 1/1: Trying with 'selenium_browser' strategy...
2026-01-05 02:28:09,384 - ERROR - [The Hindu] Request failed for strategy 'selenium_browser' on URL https://www.thehindu.com/news/national/centre-relaxes-norms-for-start-ups-to-avail-funds-from-dsir/article70471860.ece: HTTPConnectionPool(host='localhost', port=51989): Read timed out. (read timeout=120)
2026-01-05 02:28:09,384 - ERROR - [The Hindu] All scrape strategies failed for https://www.thehindu.com/news/national/centre-relaxes-norms-for-start-ups-to-avail-funds-from-dsir/article70471860.ece. Falling back to RSS description.
2026-01-05 02:28:09,384 - INFO - Duplicate article skipped: Centre relaxes norms for start-ups to avail funds from DSIR from The Hindu
2026-01-05 02:28:09,915 - INFO - [The Hindu] Article: https://www.thehindu.com/news/national/west-bengal/west-bengal-child-marriage-free-villages-murshidabad/article70463245.ece
2026-01-05 02:28:09,915 - INFO - [The Hindu] Attempt 1/1: Trying with 'selenium_browser' strategy...
2026-01-05 02:28:37,546 - CRITICAL - --- TIMEOUT: 1 scrape jobs did not complete in 300s. ---
2026-01-05 02:28:37,546 - ERROR - A thread has timed out and will be abandoned.
2026-01-05 02:28:37,546 - INFO - Shutting down thread pool (wait=False)...
2026-01-05 02:28:37,546 - INFO - Scraped: 2 BBC, 1 The Guardian, 9 Times of India, 1 Timed_Out_Jobs articles. (Total saved: 12)
2026-01-05 02:28:37,546 - INFO - --- Scraping job finished ---
2026-01-05 02:28:37,546 - INFO - --- Scraper service stopped and database connection closed. ---
2026-01-05 02:28:37,546 - INFO - --- Main thread finished. Forcing process exit to kill zombie threads. ---
