2026-01-18 08:34:00,101 - INFO - Initializing database connection at: news_articles.db
2026-01-18 08:34:00,101 - INFO - --- Scraper service started (CI Mode: Run Once) ---
2026-01-18 08:34:00,101 - INFO - --- Starting new scraping job (Parallel Mode) ---
2026-01-18 08:34:00,101 - INFO - Creating new robust session with 3 retries on 5xx/connection/read errors.
2026-01-18 08:34:00,101 - INFO - Proxy is DISABLED.
2026-01-18 08:34:00,102 - INFO - Starting scrape for BBC RSS feed: http://feeds.bbci.co.uk/news/world/rss.xml
2026-01-18 08:34:00,102 - INFO - [Times of India] (Thread) requires Selenium. Initializing driver...
2026-01-18 08:34:00,102 - INFO - Initializing headless Selenium Chrome driver (using SeleniumManager)...
2026-01-18 08:34:00,102 - INFO - Starting scrape for The Guardian RSS feed: https://www.theguardian.com/world/rss
2026-01-18 08:34:00,103 - INFO - [The Hindu] (Thread) requires Selenium. Initializing driver...
2026-01-18 08:34:00,103 - INFO - Initializing headless Selenium Chrome driver (using SeleniumManager)...
2026-01-18 08:34:00,103 - INFO - Submitted 4 jobs to thread pool. Waiting up to 300s for completion...
2026-01-18 08:34:00,368 - INFO - Found 45 articles in The Guardian RSS feed. Processing up to 10.
2026-01-18 08:34:00,369 - INFO - [The Guardian] Article: https://www.theguardian.com/world/2026/jan/17/yoweri-museveni-wins-ugandan-election-as-opponent-condemns-fake-result
2026-01-18 08:34:00,369 - INFO - [The Guardian] Attempt 1/1: Trying with 'requests_browser' strategy...
2026-01-18 08:34:00,406 - INFO - [The Guardian] Success with 'requests_browser'. Found content (462 words).
2026-01-18 08:34:00,443 - INFO - Duplicate article skipped: Yoweri Museveni wins Ugandan election as opponent condemns ‘fake result’ | Uganda | The Guardian from The Guardian
2026-01-18 08:34:00,518 - INFO - Found 37 articles in BBC RSS feed. Processing up to 10.
2026-01-18 08:34:00,518 - INFO - [BBC] Article: https://www.bbc.com/news/articles/cy4qjwk9n2no?at_medium=RSS&at_campaign=rss
2026-01-18 08:34:00,518 - INFO - [BBC] Attempt 1/1: Trying with 'requests_browser' strategy...
2026-01-18 08:34:00,820 - INFO - [BBC] Success with 'requests_browser'. Found content (1211 words).
2026-01-18 08:34:00,861 - INFO - Duplicate article skipped: Trump tariff threat over Greenland 'unacceptable', European leaders say from BBC
2026-01-18 08:34:01,785 - INFO - [The Guardian] Article: https://www.theguardian.com/uk-news/2026/jan/17/afcon-little-morocco-london-confidence-high
2026-01-18 08:34:01,785 - INFO - [The Guardian] Attempt 1/1: Trying with 'requests_browser' strategy...
2026-01-18 08:34:01,820 - INFO - [The Guardian] Success with 'requests_browser'. Found content (686 words).
2026-01-18 08:34:01,858 - INFO - Duplicate article skipped: Confidence runs high in London’s Little Morocco as Afcon glory beckons | London | The Guardian from The Guardian
2026-01-18 08:34:02,314 - INFO - [BBC] Article: https://www.bbc.com/news/articles/cly148lvyevo?at_medium=RSS&at_campaign=rss
2026-01-18 08:34:02,315 - INFO - [BBC] Attempt 1/1: Trying with 'requests_browser' strategy...
2026-01-18 08:34:02,363 - INFO - [BBC] Success with 'requests_browser'. Found content (940 words).
2026-01-18 08:34:02,402 - INFO - Duplicate article skipped: Artemis II: Nasa's mega Moon rocket arrives at launch pad from BBC
2026-01-18 08:34:02,419 - INFO - [The Guardian] Article: https://www.theguardian.com/environment/2026/jan/17/twin-baby-mountain-gorilla-virunga-drc-survival-conservation-aoe
2026-01-18 08:34:02,419 - INFO - [The Guardian] Attempt 1/1: Trying with 'requests_browser' strategy...
2026-01-18 08:34:02,452 - INFO - [The Guardian] Success with 'requests_browser'. Found content (601 words).
2026-01-18 08:34:02,488 - INFO - Duplicate article skipped: Rare twins born in DRC raise cautious hope for endangered mountain gorillas | Endangered species | The Guardian from The Guardian
2026-01-18 08:34:03,433 - INFO - [The Guardian] Article: https://www.theguardian.com/world/2026/jan/16/uganda-election-early-results-show-museveni-in-lead-as-violence-reported
2026-01-18 08:34:03,433 - INFO - [The Guardian] Attempt 1/1: Trying with 'requests_browser' strategy...
2026-01-18 08:34:03,474 - INFO - [The Guardian] Success with 'requests_browser'. Found content (674 words).
2026-01-18 08:34:03,525 - INFO - Duplicate article skipped: Uganda’s opposition leader ‘taken by army’ as Museveni nears re-election | Uganda | The Guardian from The Guardian
2026-01-18 08:34:03,834 - INFO - [BBC] Article: https://www.bbc.com/news/articles/c74v0pxg2nvo?at_medium=RSS&at_campaign=rss
2026-01-18 08:34:03,834 - INFO - [BBC] Attempt 1/1: Trying with 'requests_browser' strategy...
2026-01-18 08:34:03,873 - INFO - [BBC] Success with 'requests_browser'. Found content (268 words).
2026-01-18 08:34:03,924 - INFO - Saved article: Around 1,500 soldiers on standby for deployment to Minneapolis, reports say from BBC
2026-01-18 08:34:04,421 - INFO - [The Guardian] Article: https://www.theguardian.com/us-news/2026/jan/15/hepatitis-b-vaccines-study-africa-cancel
2026-01-18 08:34:04,421 - INFO - [The Guardian] Attempt 1/1: Trying with 'requests_browser' strategy...
2026-01-18 08:34:04,456 - INFO - [The Guardian] Success with 'requests_browser'. Found content (1391 words).
2026-01-18 08:34:04,495 - INFO - Duplicate article skipped: Controversial US study on hepatitis B vaccines in Africa is cancelled | Vaccines and immunisation | The Guardian from The Guardian
2026-01-18 08:34:05,044 - INFO - [The Guardian] Article: https://www.theguardian.com/us-news/2026/jan/16/trump-administration-mistake-college-student-detained
2026-01-18 08:34:05,044 - INFO - [The Guardian] Attempt 1/1: Trying with 'requests_browser' strategy...
2026-01-18 08:34:05,084 - INFO - [The Guardian] Success with 'requests_browser'. Found content (758 words).
2026-01-18 08:34:05,122 - INFO - Duplicate article skipped: Trump administration says deporting college student trying to surprise family was a ‘mistake’ | US immigration | The Guardian from The Guardian
2026-01-18 08:34:05,128 - INFO - [BBC] Article: https://www.bbc.com/news/articles/ckglee733wno?at_medium=RSS&at_campaign=rss
2026-01-18 08:34:05,128 - INFO - [BBC] Attempt 1/1: Trying with 'requests_browser' strategy...
2026-01-18 08:34:05,169 - INFO - [BBC] Success with 'requests_browser'. Found content (477 words).
2026-01-18 08:34:05,229 - INFO - Duplicate article skipped: Iran's supreme leader acknowledges thousands killed during recent protests from BBC
2026-01-18 08:34:05,866 - INFO - [The Guardian] Article: https://www.theguardian.com/world/2026/jan/16/cia-chief-visits-maduro-successor-as-machado-vows-to-become-venezuelas-president
2026-01-18 08:34:05,866 - INFO - [The Guardian] Attempt 1/1: Trying with 'requests_browser' strategy...
2026-01-18 08:34:05,903 - INFO - [The Guardian] Success with 'requests_browser'. Found content (906 words).
2026-01-18 08:34:05,951 - INFO - Duplicate article skipped: CIA chief visits Maduro successor as Machado vows to become Venezuela’s president | Venezuela | The Guardian from The Guardian
2026-01-18 08:34:06,213 - INFO - Selenium driver initialized successfully.
2026-01-18 08:34:06,213 - INFO - Starting scrape for The Hindu RSS feed: https://www.thehindu.com/news/national/feeder/default.rss
2026-01-18 08:34:06,214 - INFO - Selenium driver initialized successfully.
2026-01-18 08:34:06,214 - INFO - Starting scrape for Times of India RSS feed: https://timesofindia.indiatimes.com/rssfeeds/296589292.cms
2026-01-18 08:34:06,357 - INFO - Found 20 articles in Times of India RSS feed. Processing up to 10.
2026-01-18 08:34:06,358 - INFO - [Times of India] Article: https://timesofindia.indiatimes.com/life-style/home-garden/millennial-grey-is-officially-dead-google-searches-reveal-hottest-home-decor-trends-of-2026/articleshow/126638589.cms
2026-01-18 08:34:06,358 - INFO - [Times of India] Attempt 1/1: Trying with 'selenium_browser' strategy...
2026-01-18 08:34:06,389 - INFO - Found 100 articles in The Hindu RSS feed. Processing up to 10.
2026-01-18 08:34:06,389 - INFO - [The Hindu] Article: https://www.thehindu.com/news/national/uttar-pradesh/greater-noida-software-engineer-death-fog-overspeeding-protests/article70521569.ece
2026-01-18 08:34:06,389 - INFO - [The Hindu] Attempt 1/1: Trying with 'selenium_browser' strategy...
2026-01-18 08:34:06,477 - INFO - [BBC] Article: https://www.bbc.com/news/articles/c620nq38y6po?at_medium=RSS&at_campaign=rss
2026-01-18 08:34:06,477 - INFO - [BBC] Attempt 1/1: Trying with 'requests_browser' strategy...
2026-01-18 08:34:06,522 - INFO - [BBC] Success with 'requests_browser'. Found content (1240 words).
2026-01-18 08:34:06,576 - INFO - Saved article: Gangland killing at a funeral shocks idyllic French island from BBC
2026-01-18 08:34:06,794 - INFO - [The Guardian] Article: https://www.theguardian.com/world/2026/jan/16/brazil-jair-bolsonaro-reduce-sentence-reading-books
2026-01-18 08:34:06,794 - INFO - [The Guardian] Attempt 1/1: Trying with 'requests_browser' strategy...
2026-01-18 08:34:06,847 - INFO - [The Guardian] Success with 'requests_browser'. Found content (406 words).
2026-01-18 08:34:06,911 - INFO - Duplicate article skipped: Brazil’s Bolsonaro finds novel way to reduce 27-year sentence: reading books | Jair Bolsonaro | The Guardian from The Guardian
2026-01-18 08:34:07,162 - INFO - [BBC] Article: https://www.bbc.com/news/articles/c07xvv9r422o?at_medium=RSS&at_campaign=rss
2026-01-18 08:34:07,162 - INFO - [BBC] Attempt 1/1: Trying with 'requests_browser' strategy...
2026-01-18 08:34:07,254 - INFO - [BBC] Success with 'requests_browser'. Found content (939 words).
2026-01-18 08:34:07,348 - INFO - Duplicate article skipped: Big names on Trump's Gaza peace panel face huge challenges from BBC
2026-01-18 08:34:07,708 - INFO - [The Guardian] Article: https://www.theguardian.com/world/2026/jan/16/china-canada-partnership-new-global-realities-carney-xi-jinping
2026-01-18 08:34:07,708 - INFO - [The Guardian] Attempt 1/1: Trying with 'requests_browser' strategy...
2026-01-18 08:34:07,766 - INFO - [The Guardian] Success with 'requests_browser'. Found content (608 words).
2026-01-18 08:34:07,850 - INFO - Duplicate article skipped: Canada PM hails strategic partnership with China to adapt to ‘new global realities’ | Canada | The Guardian from The Guardian
2026-01-18 08:34:08,102 - INFO - [BBC] Article: https://www.bbc.com/news/articles/c2lgxxrxd52o?at_medium=RSS&at_campaign=rss
2026-01-18 08:34:08,102 - INFO - [BBC] Attempt 1/1: Trying with 'requests_browser' strategy...
2026-01-18 08:34:08,253 - INFO - [BBC] Success with 'requests_browser'. Found content (575 words).
2026-01-18 08:34:08,573 - INFO - Duplicate article skipped: Uganda election result: Yoweri Museveni beats Bobi Wine to extend 40-year rule from BBC
2026-01-18 08:34:09,044 - INFO - [The Guardian] Article: https://www.theguardian.com/world/2026/jan/16/julio-iglesias-denies-sexual-abuse-claims-of-two-former-female-employees
2026-01-18 08:34:09,045 - INFO - [The Guardian] Attempt 1/1: Trying with 'requests_browser' strategy...
2026-01-18 08:34:09,115 - INFO - [The Guardian] Success with 'requests_browser'. Found content (505 words).
2026-01-18 08:34:09,217 - INFO - Duplicate article skipped: Julio Iglesias denies sexual abuse claims of two former female employees | Spain | The Guardian from The Guardian
2026-01-18 08:34:09,292 - INFO - [BBC] Article: https://www.bbc.com/news/articles/czejykzg77po?at_medium=RSS&at_campaign=rss
2026-01-18 08:34:09,292 - INFO - [BBC] Attempt 1/1: Trying with 'requests_browser' strategy...
2026-01-18 08:34:09,397 - INFO - [BBC] Success with 'requests_browser'. Found content (1847 words).
2026-01-18 08:34:09,483 - INFO - Saved article: Swiss nightclub fire: What to know about 'flashover fire' dangers from BBC
2026-01-18 08:34:10,536 - INFO - [BBC] Article: https://www.bbc.com/news/articles/c5y5le7yl7po?at_medium=RSS&at_campaign=rss
2026-01-18 08:34:10,536 - INFO - [BBC] Attempt 1/1: Trying with 'requests_browser' strategy...
2026-01-18 08:34:10,755 - INFO - [BBC] Success with 'requests_browser'. Found content (1233 words).
2026-01-18 08:34:10,891 - INFO - Saved article: IShowSpeed: YouTube star touches hearts in Africa during first tour from BBC
2026-01-18 08:34:11,730 - INFO - [BBC] Article: https://www.bbc.com/news/articles/ce3k279e53eo?at_medium=RSS&at_campaign=rss
2026-01-18 08:34:11,730 - INFO - [BBC] Attempt 1/1: Trying with 'requests_browser' strategy...
2026-01-18 08:34:11,979 - INFO - [BBC] Success with 'requests_browser'. Found content (489 words).
2026-01-18 08:34:12,169 - INFO - Duplicate article skipped: Syrian army moves into east Aleppo after Kurdish forces withdraw from BBC
2026-01-18 08:34:16,100 - INFO - [The Hindu] Page content loaded.
2026-01-18 08:34:16,525 - INFO - [The Hindu] Success with 'selenium_browser'. Found content (310 words).
2026-01-18 08:34:16,907 - INFO - Saved article: Man dies after car plunges into water-filled pit in Greater Noida; initial probe says ‘fog, overspeeding’ led to incident - The Hindu from The Hindu
2026-01-18 08:34:18,283 - INFO - [The Hindu] Article: https://www.thehindu.com/news/national/bomb-threat-in-delhi-bagdogra-indigo-flight-forces-emergency-landing-in-lucknow/article70521553.ece
2026-01-18 08:34:18,283 - INFO - [The Hindu] Attempt 1/1: Trying with 'selenium_browser' strategy...
2026-01-18 08:36:06,456 - ERROR - [Times of India] Request failed for strategy 'selenium_browser' on URL https://timesofindia.indiatimes.com/life-style/home-garden/millennial-grey-is-officially-dead-google-searches-reveal-hottest-home-decor-trends-of-2026/articleshow/126638589.cms: HTTPConnectionPool(host='localhost', port=57963): Read timed out. (read timeout=120)
2026-01-18 08:36:06,457 - ERROR - [Times of India] All scrape strategies failed for https://timesofindia.indiatimes.com/life-style/home-garden/millennial-grey-is-officially-dead-google-searches-reveal-hottest-home-decor-trends-of-2026/articleshow/126638589.cms. Falling back to RSS description.
2026-01-18 08:36:06,459 - INFO - Saved article: Millennial grey is officially dead: Google searches reveal hottest home decor trends of 2026 from Times of India
2026-01-18 08:36:07,344 - INFO - [Times of India] Article: https://timesofindia.indiatimes.com/world/middle-east/uae-issues-weather-alert-after-temperatures-fall-to-18c/articleshow/126638173.cms
2026-01-18 08:36:07,345 - INFO - [Times of India] Attempt 1/1: Trying with 'selenium_browser' strategy...
2026-01-18 08:36:18,350 - ERROR - [The Hindu] Request failed for strategy 'selenium_browser' on URL https://www.thehindu.com/news/national/bomb-threat-in-delhi-bagdogra-indigo-flight-forces-emergency-landing-in-lucknow/article70521553.ece: HTTPConnectionPool(host='localhost', port=52377): Read timed out. (read timeout=120)
2026-01-18 08:36:18,351 - ERROR - [The Hindu] All scrape strategies failed for https://www.thehindu.com/news/national/bomb-threat-in-delhi-bagdogra-indigo-flight-forces-emergency-landing-in-lucknow/article70521553.ece. Falling back to RSS description.
2026-01-18 08:36:18,353 - INFO - Saved article: Bomb threat in Delhi-Bagdogra IndiGo flight forces emergency landing in Lucknow from The Hindu
2026-01-18 08:36:19,225 - INFO - [The Hindu] Article: https://www.thehindu.com/news/national/maharashtra/amravati-civic-polls-22-bjp-candidates-claim-navneet-rana-campaigned-against-party/article70521539.ece
2026-01-18 08:36:19,226 - INFO - [The Hindu] Attempt 1/1: Trying with 'selenium_browser' strategy...
2026-01-18 08:38:07,363 - ERROR - [Times of India] Request failed for strategy 'selenium_browser' on URL https://timesofindia.indiatimes.com/world/middle-east/uae-issues-weather-alert-after-temperatures-fall-to-18c/articleshow/126638173.cms: HTTPConnectionPool(host='localhost', port=57963): Read timed out. (read timeout=120)
2026-01-18 08:38:07,363 - ERROR - [Times of India] All scrape strategies failed for https://timesofindia.indiatimes.com/world/middle-east/uae-issues-weather-alert-after-temperatures-fall-to-18c/articleshow/126638173.cms. Falling back to RSS description.
2026-01-18 08:38:07,364 - INFO - Duplicate article skipped: UAE issues weather alert after temperatures fall to 18°C from Times of India
2026-01-18 08:38:08,058 - INFO - [Times of India] Article: https://timesofindia.indiatimes.com/world/middle-east/saudi-arabia-bans-use-of-allahs-name-on-disposable-packaging-and-bags/articleshow/126637724.cms
2026-01-18 08:38:08,059 - INFO - [Times of India] Attempt 1/1: Trying with 'selenium_browser' strategy...
2026-01-18 08:38:19,326 - ERROR - [The Hindu] Request failed for strategy 'selenium_browser' on URL https://www.thehindu.com/news/national/maharashtra/amravati-civic-polls-22-bjp-candidates-claim-navneet-rana-campaigned-against-party/article70521539.ece: HTTPConnectionPool(host='localhost', port=52377): Read timed out. (read timeout=120)
2026-01-18 08:38:19,327 - ERROR - [The Hindu] All scrape strategies failed for https://www.thehindu.com/news/national/maharashtra/amravati-civic-polls-22-bjp-candidates-claim-navneet-rana-campaigned-against-party/article70521539.ece. Falling back to RSS description.
2026-01-18 08:38:19,328 - INFO - Saved article: Amravati civic polls: 22 BJP candidates claim Navneet Rana campaigned against party from The Hindu
2026-01-18 08:38:19,939 - INFO - [The Hindu] Article: https://www.thehindu.com/lit-for-life/a-sense-of-helplessness-prevailing-in-kashmir-now-as-dulat/article70509898.ece
2026-01-18 08:38:19,939 - INFO - [The Hindu] Attempt 1/1: Trying with 'selenium_browser' strategy...
2026-01-18 08:39:00,104 - CRITICAL - --- TIMEOUT: 2 scrape jobs did not complete in 300s. ---
2026-01-18 08:39:00,104 - ERROR - A thread has timed out and will be abandoned.
2026-01-18 08:39:00,104 - ERROR - A thread has timed out and will be abandoned.
2026-01-18 08:39:00,104 - INFO - Shutting down thread pool (wait=False)...
2026-01-18 08:39:00,105 - INFO - Scraped: 0 The Guardian, 4 BBC, 2 Timed_Out_Jobs articles. (Total saved: 4)
2026-01-18 08:39:00,105 - INFO - --- Scraping job finished ---
2026-01-18 08:39:00,105 - INFO - --- Scraper service stopped and database connection closed. ---
2026-01-18 08:39:00,105 - INFO - --- Main thread finished. Forcing process exit to kill zombie threads. ---
