2026-01-19 06:48:39,699 - INFO - Initializing database connection at: news_articles.db
2026-01-19 06:48:39,700 - INFO - --- Scraper service started (CI Mode: Run Once) ---
2026-01-19 06:48:39,700 - INFO - --- Starting new scraping job (Parallel Mode) ---
2026-01-19 06:48:39,700 - INFO - Creating new robust session with 3 retries on 5xx/connection/read errors.
2026-01-19 06:48:39,700 - INFO - Proxy is DISABLED.
2026-01-19 06:48:39,700 - INFO - Starting scrape for BBC RSS feed: http://feeds.bbci.co.uk/news/world/rss.xml
2026-01-19 06:48:39,701 - INFO - [Times of India] (Thread) requires Selenium. Initializing driver...
2026-01-19 06:48:39,701 - INFO - Initializing headless Selenium Chrome driver (using SeleniumManager)...
2026-01-19 06:48:39,701 - INFO - Starting scrape for The Guardian RSS feed: https://www.theguardian.com/world/rss
2026-01-19 06:48:39,702 - INFO - [The Hindu] (Thread) requires Selenium. Initializing driver...
2026-01-19 06:48:39,702 - INFO - Initializing headless Selenium Chrome driver (using SeleniumManager)...
2026-01-19 06:48:39,702 - INFO - Submitted 4 jobs to thread pool. Waiting up to 300s for completion...
2026-01-19 06:48:39,912 - INFO - Found 33 articles in BBC RSS feed. Processing up to 10.
2026-01-19 06:48:39,913 - INFO - [BBC] Article: https://www.bbc.com/news/articles/cedw6ylpynyo?at_medium=RSS&at_campaign=rss
2026-01-19 06:48:39,913 - INFO - [BBC] Attempt 1/1: Trying with 'requests_browser' strategy...
2026-01-19 06:48:39,920 - INFO - Found 45 articles in The Guardian RSS feed. Processing up to 10.
2026-01-19 06:48:39,920 - INFO - [The Guardian] Article: https://www.theguardian.com/global-development/2026/jan/19/brazen-political-influence-rich-laid-bare-wealth-billionaires-inequality-poverty-instability-oxfam
2026-01-19 06:48:39,920 - INFO - [The Guardian] Attempt 1/1: Trying with 'requests_browser' strategy...
2026-01-19 06:48:39,971 - INFO - [The Guardian] Success with 'requests_browser'. Found content (639 words).
2026-01-19 06:48:40,012 - INFO - Duplicate article skipped: ‘Brazen’ political influence of rich laid bare as wealth of billionaires reaches $18.3tn, says Oxfam | Global development | The Guardian from The Guardian
2026-01-19 06:48:40,235 - INFO - [BBC] Success with 'requests_browser'. Found content (784 words).
2026-01-19 06:48:40,269 - INFO - Duplicate article skipped: At least 21 killed in Spain after crash involving high-speed trains from BBC
2026-01-19 06:48:40,625 - INFO - [The Guardian] Article: https://www.theguardian.com/world/2026/jan/18/ugandas-president-calls-opponents-terrorists-in-victory-speech
2026-01-19 06:48:40,626 - INFO - [The Guardian] Attempt 1/1: Trying with 'requests_browser' strategy...
2026-01-19 06:48:40,746 - INFO - [The Guardian] Success with 'requests_browser'. Found content (533 words).
2026-01-19 06:48:40,789 - INFO - Duplicate article skipped: Uganda’s president calls opponents 'terrorists' in victory speech | Uganda | The Guardian from The Guardian
2026-01-19 06:48:41,446 - INFO - [BBC] Article: https://www.bbc.com/news/articles/c4g0zx0llpzo?at_medium=RSS&at_campaign=rss
2026-01-19 06:48:41,446 - INFO - [BBC] Attempt 1/1: Trying with 'requests_browser' strategy...
2026-01-19 06:48:41,493 - INFO - [BBC] Success with 'requests_browser'. Found content (842 words).
2026-01-19 06:48:41,537 - INFO - Saved article: US believes its power matters more than international law, UN chief António Guterres tells BBC from BBC
2026-01-19 06:48:42,188 - INFO - [The Guardian] Article: https://www.theguardian.com/world/2026/jan/17/yoweri-museveni-wins-ugandan-election-as-opponent-condemns-fake-result
2026-01-19 06:48:42,188 - INFO - [The Guardian] Attempt 1/1: Trying with 'requests_browser' strategy...
2026-01-19 06:48:42,224 - INFO - [The Guardian] Success with 'requests_browser'. Found content (462 words).
2026-01-19 06:48:42,268 - INFO - Duplicate article skipped: Yoweri Museveni wins Ugandan election as opponent condemns ‘fake result’ | Uganda | The Guardian from The Guardian
2026-01-19 06:48:42,791 - INFO - [The Guardian] Article: https://www.theguardian.com/uk-news/2026/jan/17/afcon-little-morocco-london-confidence-high
2026-01-19 06:48:42,792 - INFO - [The Guardian] Attempt 1/1: Trying with 'requests_browser' strategy...
2026-01-19 06:48:42,902 - INFO - [BBC] Article: https://www.bbc.com/news/articles/ceqz0llpnyqo?at_medium=RSS&at_campaign=rss
2026-01-19 06:48:42,903 - INFO - [BBC] Attempt 1/1: Trying with 'requests_browser' strategy...
2026-01-19 06:48:42,908 - INFO - [The Guardian] Success with 'requests_browser'. Found content (686 words).
2026-01-19 06:48:42,946 - INFO - Duplicate article skipped: Confidence runs high in London’s Little Morocco as Afcon glory beckons | London | The Guardian from The Guardian
2026-01-19 06:48:42,974 - INFO - [BBC] Success with 'requests_browser'. Found content (1033 words).
2026-01-19 06:48:43,015 - INFO - Duplicate article skipped: 'Europe won't be blackmailed,' Danish PM says in wake of Trump Greenland threats from BBC
2026-01-19 06:48:43,790 - INFO - [BBC] Article: https://www.bbc.com/news/articles/c4gwk37ewvwo?at_medium=RSS&at_campaign=rss
2026-01-19 06:48:43,791 - INFO - [BBC] Attempt 1/1: Trying with 'requests_browser' strategy...
2026-01-19 06:48:43,833 - INFO - [BBC] Success with 'requests_browser'. Found content (479 words).
2026-01-19 06:48:43,875 - INFO - Duplicate article skipped: Syria, SDF agree ceasefire and integration deal from BBC
2026-01-19 06:48:44,083 - INFO - [The Guardian] Article: https://www.theguardian.com/environment/2026/jan/17/twin-baby-mountain-gorilla-virunga-drc-survival-conservation-aoe
2026-01-19 06:48:44,083 - INFO - [The Guardian] Attempt 1/1: Trying with 'requests_browser' strategy...
2026-01-19 06:48:44,344 - INFO - [The Guardian] Success with 'requests_browser'. Found content (601 words).
2026-01-19 06:48:44,379 - INFO - Duplicate article skipped: Rare twins born in DRC raise cautious hope for endangered mountain gorillas | Endangered species | The Guardian from The Guardian
2026-01-19 06:48:45,108 - INFO - [The Guardian] Article: https://www.theguardian.com/world/2026/jan/18/chile-president-declares-state-of-catastrophe-as-wildfires-kill
2026-01-19 06:48:45,108 - INFO - [The Guardian] Attempt 1/1: Trying with 'requests_browser' strategy...
2026-01-19 06:48:45,109 - INFO - [BBC] Article: https://www.bbc.com/news/articles/cd0y453yd90o?at_medium=RSS&at_campaign=rss
2026-01-19 06:48:45,109 - INFO - [BBC] Attempt 1/1: Trying with 'requests_browser' strategy...
2026-01-19 06:48:45,144 - INFO - [The Guardian] Success with 'requests_browser'. Found content (475 words).
2026-01-19 06:48:45,212 - INFO - Duplicate article skipped: Chilean president declares state of catastrophe as wildfires kill at least 18 | Chile | The Guardian from The Guardian
2026-01-19 06:48:45,228 - INFO - [BBC] Success with 'requests_browser'. Found content (654 words).
2026-01-19 06:48:45,266 - INFO - Duplicate article skipped: Israel pushes back on Trump's picks for executives on Gaza 'Board of Peace' from BBC
2026-01-19 06:48:45,793 - INFO - [BBC] Article: https://www.bbc.com/news/articles/c5y2pg28lgjo?at_medium=RSS&at_campaign=rss
2026-01-19 06:48:45,793 - INFO - [BBC] Attempt 1/1: Trying with 'requests_browser' strategy...
2026-01-19 06:48:45,830 - INFO - [BBC] Success with 'requests_browser'. Found content (188 words).
2026-01-19 06:48:45,867 - INFO - Duplicate article skipped: China: Factory explosion in Inner Mongolia province kills two, injures 84 from BBC
2026-01-19 06:48:45,983 - INFO - [The Guardian] Article: https://www.theguardian.com/us-news/2026/jan/16/trump-administration-mistake-college-student-detained
2026-01-19 06:48:45,983 - INFO - [The Guardian] Attempt 1/1: Trying with 'requests_browser' strategy...
2026-01-19 06:48:46,253 - INFO - [The Guardian] Success with 'requests_browser'. Found content (758 words).
2026-01-19 06:48:46,294 - INFO - Duplicate article skipped: Trump administration says deporting college student trying to surprise family was a ‘mistake’ | US immigration | The Guardian from The Guardian
2026-01-19 06:48:46,766 - INFO - [BBC] Article: https://www.bbc.com/news/articles/cz7ypw4rjrzo?at_medium=RSS&at_campaign=rss
2026-01-19 06:48:46,766 - INFO - [BBC] Attempt 1/1: Trying with 'requests_browser' strategy...
2026-01-19 06:48:46,803 - INFO - [BBC] Success with 'requests_browser'. Found content (283 words).
2026-01-19 06:48:46,841 - INFO - Duplicate article skipped: Chile declares 'state of catastrophe' as wildfires leave at least 18 dead from BBC
2026-01-19 06:48:47,128 - INFO - Selenium driver initialized successfully.
2026-01-19 06:48:47,128 - INFO - Selenium driver initialized successfully.
2026-01-19 06:48:47,128 - INFO - Starting scrape for The Hindu RSS feed: https://www.thehindu.com/news/national/feeder/default.rss
2026-01-19 06:48:47,128 - INFO - Starting scrape for Times of India RSS feed: https://timesofindia.indiatimes.com/rssfeeds/296589292.cms
2026-01-19 06:48:47,243 - INFO - Found 20 articles in Times of India RSS feed. Processing up to 10.
2026-01-19 06:48:47,243 - INFO - [Times of India] Article: https://timesofindia.indiatimes.com/world/middle-east/dubai-new-school-transport-policy-eligible-schools-pooled-suvs-and-what-parents-will-pay/articleshow/126670105.cms
2026-01-19 06:48:47,243 - INFO - [Times of India] Attempt 1/1: Trying with 'selenium_browser' strategy...
2026-01-19 06:48:47,320 - INFO - Found 100 articles in The Hindu RSS feed. Processing up to 10.
2026-01-19 06:48:47,320 - INFO - [The Hindu] Article: https://www.thehindu.com/news/national/supreme-court-junks-plea-challenging-imposition-of-5-lakh-cost-on-pil-petitioner-in-2023/article70524528.ece
2026-01-19 06:48:47,320 - INFO - [The Hindu] Attempt 1/1: Trying with 'selenium_browser' strategy...
2026-01-19 06:48:47,428 - INFO - [The Guardian] Article: https://www.theguardian.com/world/2026/jan/16/cia-chief-visits-maduro-successor-as-machado-vows-to-become-venezuelas-president
2026-01-19 06:48:47,428 - INFO - [The Guardian] Attempt 1/1: Trying with 'requests_browser' strategy...
2026-01-19 06:48:47,475 - INFO - [The Guardian] Success with 'requests_browser'. Found content (906 words).
2026-01-19 06:48:47,553 - INFO - Duplicate article skipped: CIA chief visits Maduro successor as Machado vows to become Venezuela’s president | Venezuela | The Guardian from The Guardian
2026-01-19 06:48:48,103 - INFO - [BBC] Article: https://www.bbc.com/news/articles/c74v0pxg2nvo?at_medium=RSS&at_campaign=rss
2026-01-19 06:48:48,103 - INFO - [BBC] Attempt 1/1: Trying with 'requests_browser' strategy...
2026-01-19 06:48:48,152 - INFO - [BBC] Success with 'requests_browser'. Found content (473 words).
2026-01-19 06:48:48,214 - INFO - Duplicate article skipped: Around 1,500 soldiers on standby for deployment to Minneapolis, reports say from BBC
2026-01-19 06:48:48,889 - INFO - [The Guardian] Article: https://www.theguardian.com/world/2026/jan/16/brazil-jair-bolsonaro-reduce-sentence-reading-books
2026-01-19 06:48:48,889 - INFO - [The Guardian] Attempt 1/1: Trying with 'requests_browser' strategy...
2026-01-19 06:48:49,030 - INFO - [The Guardian] Success with 'requests_browser'. Found content (406 words).
2026-01-19 06:48:49,136 - INFO - Duplicate article skipped: Brazil’s Bolsonaro finds novel way to reduce 27-year sentence: reading books | Jair Bolsonaro | The Guardian from The Guardian
2026-01-19 06:48:49,205 - INFO - [BBC] Article: https://www.bbc.com/news/articles/cg5gegrdq3go?at_medium=RSS&at_campaign=rss
2026-01-19 06:48:49,205 - INFO - [BBC] Attempt 1/1: Trying with 'requests_browser' strategy...
2026-01-19 06:48:49,352 - INFO - [BBC] Success with 'requests_browser'. Found content (1182 words).
2026-01-19 06:48:49,470 - INFO - Duplicate article skipped: Fears Iran's internet shutdown could lead to 'extreme digital isolation' from BBC
2026-01-19 06:48:50,178 - INFO - [The Guardian] Article: https://www.theguardian.com/world/2026/jan/16/china-canada-partnership-new-global-realities-carney-xi-jinping
2026-01-19 06:48:50,178 - INFO - [The Guardian] Attempt 1/1: Trying with 'requests_browser' strategy...
2026-01-19 06:48:50,403 - INFO - [The Guardian] Success with 'requests_browser'. Found content (608 words).
2026-01-19 06:48:50,473 - INFO - [BBC] Article: https://www.bbc.com/news/articles/c150pg5dvp2o?at_medium=RSS&at_campaign=rss
2026-01-19 06:48:50,473 - INFO - [BBC] Attempt 1/1: Trying with 'requests_browser' strategy...
2026-01-19 06:48:50,637 - INFO - Duplicate article skipped: Canada PM hails strategic partnership with China to adapt to ‘new global realities’ | Canada | The Guardian from The Guardian
2026-01-19 06:48:50,674 - INFO - [BBC] Success with 'requests_browser'. Found content (420 words).
2026-01-19 06:48:50,756 - INFO - Duplicate article skipped: Fourteen dead, dozens missing in massive Pakistan mall fire from BBC
2026-01-19 06:48:52,803 - INFO - [The Hindu] Page content loaded.
2026-01-19 06:48:53,057 - INFO - [The Hindu] Success with 'selenium_browser'. Found content (407 words).
2026-01-19 06:48:53,242 - INFO - Saved article: Supreme Court junks plea challenging imposition of ₹5 lakh cost on PIL petitioner in 2023 - The Hindu from The Hindu
2026-01-19 06:48:54,376 - INFO - [The Hindu] Article: https://www.thehindu.com/news/national/kerala/leopard-kills-pet-dog-in-keralas-kasaragod-triggering-panic-in-local-community/article70524487.ece
2026-01-19 06:48:54,377 - INFO - [The Hindu] Attempt 1/1: Trying with 'selenium_browser' strategy...
2026-01-19 06:48:58,552 - INFO - [The Hindu] Page content loaded.
2026-01-19 06:48:58,802 - INFO - [The Hindu] Success with 'selenium_browser'. Found content (154 words).
2026-01-19 06:48:59,028 - INFO - Saved article: Leopard kills pet dog in Kerala’s Kasaragod, triggering panic in local community - The Hindu from The Hindu
2026-01-19 06:49:00,090 - INFO - [The Hindu] Article: https://www.thehindu.com/news/national/chilly-conditions-grip-many-places-in-punjab-haryana-slight-respite-in-kashmir-rajasthan/article70524481.ece
2026-01-19 06:49:00,090 - INFO - [The Hindu] Attempt 1/1: Trying with 'selenium_browser' strategy...
2026-01-19 06:49:06,187 - INFO - [The Hindu] Page content loaded.
2026-01-19 06:49:06,320 - INFO - [The Hindu] Success with 'selenium_browser'. Found content (458 words).
2026-01-19 06:49:06,527 - INFO - Saved article: Chilly conditions grip many places in Punjab, Haryana; slight respite in Kashmir, Rajasthan - The Hindu from The Hindu
2026-01-19 06:49:07,326 - INFO - [The Hindu] Article: https://www.thehindu.com/news/national/karnataka/kannada-marathi-and-urdu-associations-to-unite-against-kps-schools-in-karnataka/article70522504.ece
2026-01-19 06:49:07,326 - INFO - [The Hindu] Attempt 1/1: Trying with 'selenium_browser' strategy...
2026-01-19 06:50:47,269 - ERROR - [Times of India] Request failed for strategy 'selenium_browser' on URL https://timesofindia.indiatimes.com/world/middle-east/dubai-new-school-transport-policy-eligible-schools-pooled-suvs-and-what-parents-will-pay/articleshow/126670105.cms: HTTPConnectionPool(host='localhost', port=52717): Read timed out. (read timeout=120)
2026-01-19 06:50:47,269 - ERROR - [Times of India] All scrape strategies failed for https://timesofindia.indiatimes.com/world/middle-east/dubai-new-school-transport-policy-eligible-schools-pooled-suvs-and-what-parents-will-pay/articleshow/126670105.cms. Falling back to RSS description.
2026-01-19 06:50:47,271 - INFO - Saved article: Dubai new school transport policy: Eligible schools, pooled SUVs and what parents will pay? from Times of India
2026-01-19 06:50:48,499 - INFO - [Times of India] Article: https://timesofindia.indiatimes.com/world/us/lara-trumps-golfing-with-grandpa-photos-reveal-a-gentle-side-of-donald-trump-that-social-media-cant-stop-talking-about/articleshow/126669235.cms
2026-01-19 06:50:48,499 - INFO - [Times of India] Attempt 1/1: Trying with 'selenium_browser' strategy...
2026-01-19 06:51:07,392 - ERROR - [The Hindu] Request failed for strategy 'selenium_browser' on URL https://www.thehindu.com/news/national/karnataka/kannada-marathi-and-urdu-associations-to-unite-against-kps-schools-in-karnataka/article70522504.ece: HTTPConnectionPool(host='localhost', port=45091): Read timed out. (read timeout=120)
2026-01-19 06:51:07,392 - ERROR - [The Hindu] All scrape strategies failed for https://www.thehindu.com/news/national/karnataka/kannada-marathi-and-urdu-associations-to-unite-against-kps-schools-in-karnataka/article70522504.ece. Falling back to RSS description.
2026-01-19 06:51:07,394 - INFO - Saved article: Kannada, Marathi and Urdu associations to unite against KPS schools in Karnataka from The Hindu
2026-01-19 06:51:07,903 - INFO - [The Hindu] Article: https://www.thehindu.com/news/national/telangana/congress-appoints-ministers-as-parliamentary-constituency-in-charges-for-telangana-municipal-elections-2026/article70524392.ece
2026-01-19 06:51:07,903 - INFO - [The Hindu] Attempt 1/1: Trying with 'selenium_browser' strategy...
2026-01-19 06:52:48,596 - ERROR - [Times of India] Request failed for strategy 'selenium_browser' on URL https://timesofindia.indiatimes.com/world/us/lara-trumps-golfing-with-grandpa-photos-reveal-a-gentle-side-of-donald-trump-that-social-media-cant-stop-talking-about/articleshow/126669235.cms: HTTPConnectionPool(host='localhost', port=52717): Read timed out. (read timeout=120)
2026-01-19 06:52:48,596 - ERROR - [Times of India] All scrape strategies failed for https://timesofindia.indiatimes.com/world/us/lara-trumps-golfing-with-grandpa-photos-reveal-a-gentle-side-of-donald-trump-that-social-media-cant-stop-talking-about/articleshow/126669235.cms. Falling back to RSS description.
2026-01-19 06:52:48,598 - INFO - Saved article: Lara Trump’s ‘Golfing with Grandpa’ photos reveal a gentle side of Donald Trump that social media can’t stop talking about from Times of India
2026-01-19 06:52:49,884 - INFO - [Times of India] Article: https://timesofindia.indiatimes.com/world/us/mob-or-mistake-5-minneapolis-tech-workers-targeted-at-lunch-over-ice-rumours-watch-viral-video-inside/articleshow/126668245.cms
2026-01-19 06:52:49,884 - INFO - [Times of India] Attempt 1/1: Trying with 'selenium_browser' strategy...
2026-01-19 06:53:07,965 - ERROR - [The Hindu] Request failed for strategy 'selenium_browser' on URL https://www.thehindu.com/news/national/telangana/congress-appoints-ministers-as-parliamentary-constituency-in-charges-for-telangana-municipal-elections-2026/article70524392.ece: HTTPConnectionPool(host='localhost', port=45091): Read timed out. (read timeout=120)
2026-01-19 06:53:07,965 - ERROR - [The Hindu] All scrape strategies failed for https://www.thehindu.com/news/national/telangana/congress-appoints-ministers-as-parliamentary-constituency-in-charges-for-telangana-municipal-elections-2026/article70524392.ece. Falling back to RSS description.
2026-01-19 06:53:07,966 - INFO - Saved article: Congress appoints Ministers as Parliamentary constituency in-charges for Telangana Municipal elections 2026 from The Hindu
2026-01-19 06:53:08,978 - INFO - [The Hindu] Article: https://www.thehindu.com/news/national/karur-stampede-case-vijay-second-round-of-questioning-cbi-january-19-2026/article70524446.ece
2026-01-19 06:53:08,978 - INFO - [The Hindu] Attempt 1/1: Trying with 'selenium_browser' strategy...
2026-01-19 06:53:39,702 - CRITICAL - --- TIMEOUT: 2 scrape jobs did not complete in 300s. ---
2026-01-19 06:53:39,702 - ERROR - A thread has timed out and will be abandoned.
2026-01-19 06:53:39,702 - ERROR - A thread has timed out and will be abandoned.
2026-01-19 06:53:39,702 - INFO - Shutting down thread pool (wait=False)...
2026-01-19 06:53:39,702 - INFO - Scraped: 0 The Guardian, 1 BBC, 2 Timed_Out_Jobs articles. (Total saved: 1)
2026-01-19 06:53:39,702 - INFO - --- Scraping job finished ---
2026-01-19 06:53:39,702 - INFO - --- Scraper service stopped and database connection closed. ---
2026-01-19 06:53:39,703 - INFO - --- Main thread finished. Forcing process exit to kill zombie threads. ---
