2026-01-18 12:51:36,625 - INFO - Initializing database connection at: news_articles.db
2026-01-18 12:51:36,625 - INFO - --- Scraper service started (CI Mode: Run Once) ---
2026-01-18 12:51:36,625 - INFO - --- Starting new scraping job (Parallel Mode) ---
2026-01-18 12:51:36,625 - INFO - Creating new robust session with 3 retries on 5xx/connection/read errors.
2026-01-18 12:51:36,625 - INFO - Proxy is DISABLED.
2026-01-18 12:51:36,626 - INFO - Starting scrape for BBC RSS feed: http://feeds.bbci.co.uk/news/world/rss.xml
2026-01-18 12:51:36,626 - INFO - [Times of India] (Thread) requires Selenium. Initializing driver...
2026-01-18 12:51:36,626 - INFO - Initializing headless Selenium Chrome driver (using SeleniumManager)...
2026-01-18 12:51:36,627 - INFO - Starting scrape for The Guardian RSS feed: https://www.theguardian.com/world/rss
2026-01-18 12:51:36,628 - INFO - [The Hindu] (Thread) requires Selenium. Initializing driver...
2026-01-18 12:51:36,628 - INFO - Submitted 4 jobs to thread pool. Waiting up to 300s for completion...
2026-01-18 12:51:36,628 - INFO - Initializing headless Selenium Chrome driver (using SeleniumManager)...
2026-01-18 12:51:36,910 - INFO - Found 45 articles in The Guardian RSS feed. Processing up to 10.
2026-01-18 12:51:36,910 - INFO - [The Guardian] Article: https://www.theguardian.com/world/2026/jan/17/yoweri-museveni-wins-ugandan-election-as-opponent-condemns-fake-result
2026-01-18 12:51:36,910 - INFO - [The Guardian] Attempt 1/1: Trying with 'requests_browser' strategy...
2026-01-18 12:51:36,947 - INFO - [The Guardian] Success with 'requests_browser'. Found content (462 words).
2026-01-18 12:51:36,983 - INFO - Duplicate article skipped: Yoweri Museveni wins Ugandan election as opponent condemns ‘fake result’ | Uganda | The Guardian from The Guardian
2026-01-18 12:51:37,059 - INFO - Found 38 articles in BBC RSS feed. Processing up to 10.
2026-01-18 12:51:37,059 - INFO - [BBC] Article: https://www.bbc.com/news/articles/cy4qjwk9n2no?at_medium=RSS&at_campaign=rss
2026-01-18 12:51:37,059 - INFO - [BBC] Attempt 1/1: Trying with 'requests_browser' strategy...
2026-01-18 12:51:37,289 - INFO - [BBC] Success with 'requests_browser'. Found content (1211 words).
2026-01-18 12:51:37,331 - INFO - Duplicate article skipped: Trump tariff threat over Greenland 'unacceptable', European leaders say from BBC
2026-01-18 12:51:37,633 - INFO - [The Guardian] Article: https://www.theguardian.com/uk-news/2026/jan/17/afcon-little-morocco-london-confidence-high
2026-01-18 12:51:37,633 - INFO - [The Guardian] Attempt 1/1: Trying with 'requests_browser' strategy...
2026-01-18 12:51:37,665 - INFO - [The Guardian] Success with 'requests_browser'. Found content (686 words).
2026-01-18 12:51:37,703 - INFO - Duplicate article skipped: Confidence runs high in London’s Little Morocco as Afcon glory beckons | London | The Guardian from The Guardian
2026-01-18 12:51:38,392 - INFO - [BBC] Article: https://www.bbc.com/news/articles/cly148lvyevo?at_medium=RSS&at_campaign=rss
2026-01-18 12:51:38,392 - INFO - [BBC] Attempt 1/1: Trying with 'requests_browser' strategy...
2026-01-18 12:51:38,430 - INFO - [BBC] Success with 'requests_browser'. Found content (940 words).
2026-01-18 12:51:38,470 - INFO - Duplicate article skipped: Artemis II: Nasa's mega Moon rocket arrives at launch pad from BBC
2026-01-18 12:51:38,588 - INFO - [The Guardian] Article: https://www.theguardian.com/environment/2026/jan/17/twin-baby-mountain-gorilla-virunga-drc-survival-conservation-aoe
2026-01-18 12:51:38,588 - INFO - [The Guardian] Attempt 1/1: Trying with 'requests_browser' strategy...
2026-01-18 12:51:38,621 - INFO - [The Guardian] Success with 'requests_browser'. Found content (601 words).
2026-01-18 12:51:38,656 - INFO - Duplicate article skipped: Rare twins born in DRC raise cautious hope for endangered mountain gorillas | Endangered species | The Guardian from The Guardian
2026-01-18 12:51:39,248 - INFO - [BBC] Article: https://www.bbc.com/news/articles/c74v0pxg2nvo?at_medium=RSS&at_campaign=rss
2026-01-18 12:51:39,249 - INFO - [BBC] Attempt 1/1: Trying with 'requests_browser' strategy...
2026-01-18 12:51:39,278 - INFO - [BBC] Success with 'requests_browser'. Found content (296 words).
2026-01-18 12:51:39,314 - INFO - Duplicate article skipped: Around 1,500 soldiers on standby for deployment to Minneapolis, reports say from BBC
2026-01-18 12:51:39,951 - INFO - [BBC] Article: https://www.bbc.com/news/articles/cg5gegrdq3go?at_medium=RSS&at_campaign=rss
2026-01-18 12:51:39,951 - INFO - [BBC] Attempt 1/1: Trying with 'requests_browser' strategy...
2026-01-18 12:51:39,991 - INFO - [BBC] Success with 'requests_browser'. Found content (1182 words).
2026-01-18 12:51:40,030 - INFO - Duplicate article skipped: Fears Iran's internet shutdown could lead to 'extreme digital isolation' from BBC
2026-01-18 12:51:40,060 - INFO - [The Guardian] Article: https://www.theguardian.com/world/2026/jan/16/uganda-election-early-results-show-museveni-in-lead-as-violence-reported
2026-01-18 12:51:40,061 - INFO - [The Guardian] Attempt 1/1: Trying with 'requests_browser' strategy...
2026-01-18 12:51:40,189 - INFO - [The Guardian] Success with 'requests_browser'. Found content (674 words).
2026-01-18 12:51:40,235 - INFO - Duplicate article skipped: Uganda’s opposition leader ‘taken by army’ as Museveni nears re-election | Uganda | The Guardian from The Guardian
2026-01-18 12:51:40,645 - INFO - [BBC] Article: https://www.bbc.com/news/articles/c620nq38y6po?at_medium=RSS&at_campaign=rss
2026-01-18 12:51:40,645 - INFO - [BBC] Attempt 1/1: Trying with 'requests_browser' strategy...
2026-01-18 12:51:40,687 - INFO - [BBC] Success with 'requests_browser'. Found content (1240 words).
2026-01-18 12:51:40,752 - INFO - Duplicate article skipped: Gangland killing at a funeral shocks idyllic French island from BBC
2026-01-18 12:51:41,020 - INFO - [The Guardian] Article: https://www.theguardian.com/us-news/2026/jan/15/hepatitis-b-vaccines-study-africa-cancel
2026-01-18 12:51:41,020 - INFO - [The Guardian] Attempt 1/1: Trying with 'requests_browser' strategy...
2026-01-18 12:51:41,053 - INFO - [The Guardian] Success with 'requests_browser'. Found content (1391 words).
2026-01-18 12:51:41,088 - INFO - Duplicate article skipped: Controversial US study on hepatitis B vaccines in Africa is cancelled | Vaccines and immunisation | The Guardian from The Guardian
2026-01-18 12:51:41,462 - INFO - [BBC] Article: https://www.bbc.com/news/articles/c2lgxxrxd52o?at_medium=RSS&at_campaign=rss
2026-01-18 12:51:41,462 - INFO - [BBC] Attempt 1/1: Trying with 'requests_browser' strategy...
2026-01-18 12:51:41,502 - INFO - [BBC] Success with 'requests_browser'. Found content (575 words).
2026-01-18 12:51:41,540 - INFO - Duplicate article skipped: Uganda election result: Yoweri Museveni beats Bobi Wine to extend 40-year rule from BBC
2026-01-18 12:51:41,795 - INFO - [The Guardian] Article: https://www.theguardian.com/us-news/2026/jan/16/trump-administration-mistake-college-student-detained
2026-01-18 12:51:41,796 - INFO - [The Guardian] Attempt 1/1: Trying with 'requests_browser' strategy...
2026-01-18 12:51:41,826 - INFO - [The Guardian] Success with 'requests_browser'. Found content (758 words).
2026-01-18 12:51:41,862 - INFO - Duplicate article skipped: Trump administration says deporting college student trying to surprise family was a ‘mistake’ | US immigration | The Guardian from The Guardian
2026-01-18 12:51:42,375 - INFO - [The Guardian] Article: https://www.theguardian.com/world/2026/jan/16/cia-chief-visits-maduro-successor-as-machado-vows-to-become-venezuelas-president
2026-01-18 12:51:42,376 - INFO - [The Guardian] Attempt 1/1: Trying with 'requests_browser' strategy...
2026-01-18 12:51:42,413 - INFO - [The Guardian] Success with 'requests_browser'. Found content (906 words).
2026-01-18 12:51:42,462 - INFO - Duplicate article skipped: CIA chief visits Maduro successor as Machado vows to become Venezuela’s president | Venezuela | The Guardian from The Guardian
2026-01-18 12:51:42,854 - INFO - [BBC] Article: https://www.bbc.com/news/articles/c3r1v7gqdp8o?at_medium=RSS&at_campaign=rss
2026-01-18 12:51:42,855 - INFO - [BBC] Attempt 1/1: Trying with 'requests_browser' strategy...
2026-01-18 12:51:42,879 - INFO - [BBC] Success with 'requests_browser'. Found content (259 words).
2026-01-18 12:51:42,909 - INFO - Duplicate article skipped: Five die in Austrian avalanches, rescuers say from BBC
2026-01-18 12:51:43,435 - INFO - [The Guardian] Article: https://www.theguardian.com/world/2026/jan/16/brazil-jair-bolsonaro-reduce-sentence-reading-books
2026-01-18 12:51:43,435 - INFO - [The Guardian] Attempt 1/1: Trying with 'requests_browser' strategy...
2026-01-18 12:51:43,469 - INFO - [The Guardian] Success with 'requests_browser'. Found content (406 words).
2026-01-18 12:51:43,478 - INFO - [BBC] Article: https://www.bbc.com/news/articles/czejykzg77po?at_medium=RSS&at_campaign=rss
2026-01-18 12:51:43,484 - INFO - [BBC] Attempt 1/1: Trying with 'requests_browser' strategy...
2026-01-18 12:51:43,513 - INFO - Duplicate article skipped: Brazil’s Bolsonaro finds novel way to reduce 27-year sentence: reading books | Jair Bolsonaro | The Guardian from The Guardian
2026-01-18 12:51:43,543 - INFO - [BBC] Success with 'requests_browser'. Found content (1847 words).
2026-01-18 12:51:43,583 - INFO - Duplicate article skipped: Swiss bar fire: Survivors recall 2003 US 'flashover' blaze with striking parallels from BBC
2026-01-18 12:51:44,130 - INFO - [The Guardian] Article: https://www.theguardian.com/world/2026/jan/16/china-canada-partnership-new-global-realities-carney-xi-jinping
2026-01-18 12:51:44,130 - INFO - [The Guardian] Attempt 1/1: Trying with 'requests_browser' strategy...
2026-01-18 12:51:44,169 - INFO - [The Guardian] Success with 'requests_browser'. Found content (608 words).
2026-01-18 12:51:44,217 - INFO - Duplicate article skipped: Canada PM hails strategic partnership with China to adapt to ‘new global realities’ | Canada | The Guardian from The Guardian
2026-01-18 12:51:44,818 - INFO - [The Guardian] Article: https://www.theguardian.com/world/2026/jan/16/julio-iglesias-denies-sexual-abuse-claims-of-two-former-female-employees
2026-01-18 12:51:44,818 - INFO - [The Guardian] Attempt 1/1: Trying with 'requests_browser' strategy...
2026-01-18 12:51:44,851 - INFO - [BBC] Article: https://www.bbc.com/news/articles/c07xvv9r422o?at_medium=RSS&at_campaign=rss
2026-01-18 12:51:44,851 - INFO - [BBC] Attempt 1/1: Trying with 'requests_browser' strategy...
2026-01-18 12:51:44,888 - INFO - [BBC] Success with 'requests_browser'. Found content (939 words).
2026-01-18 12:51:44,928 - INFO - Duplicate article skipped: Big names on Trump's Gaza peace panel face huge challenges from BBC
2026-01-18 12:51:44,944 - INFO - [The Guardian] Success with 'requests_browser'. Found content (505 words).
2026-01-18 12:51:44,978 - INFO - Duplicate article skipped: Julio Iglesias denies sexual abuse claims of two former female employees | Spain | The Guardian from The Guardian
2026-01-18 12:51:45,915 - INFO - [BBC] Article: https://www.bbc.com/news/articles/c5y5le7yl7po?at_medium=RSS&at_campaign=rss
2026-01-18 12:51:45,915 - INFO - [BBC] Attempt 1/1: Trying with 'requests_browser' strategy...
2026-01-18 12:51:45,970 - INFO - [BBC] Success with 'requests_browser'. Found content (1233 words).
2026-01-18 12:51:46,019 - INFO - Duplicate article skipped: IShowSpeed: YouTube star touches hearts in Africa during first tour from BBC
2026-01-18 12:51:46,584 - INFO - Selenium driver initialized successfully.
2026-01-18 12:51:46,584 - INFO - Starting scrape for The Hindu RSS feed: https://www.thehindu.com/news/national/feeder/default.rss
2026-01-18 12:51:46,585 - INFO - Selenium driver initialized successfully.
2026-01-18 12:51:46,586 - INFO - Starting scrape for Times of India RSS feed: https://timesofindia.indiatimes.com/rssfeeds/296589292.cms
2026-01-18 12:51:46,692 - INFO - Found 100 articles in The Hindu RSS feed. Processing up to 10.
2026-01-18 12:51:46,692 - INFO - [The Hindu] Article: https://www.thehindu.com/news/national/how-long-will-modi-government-live-in-denial-asks-congress-citing-world-banks-air-pollution-report/article70522026.ece
2026-01-18 12:51:46,692 - INFO - [The Hindu] Attempt 1/1: Trying with 'selenium_browser' strategy...
2026-01-18 12:51:46,758 - INFO - Found 20 articles in Times of India RSS feed. Processing up to 10.
2026-01-18 12:51:46,758 - INFO - [Times of India] Article: https://timesofindia.indiatimes.com/world/us/do-not-see-us-as-americans-indian-origin-political-consultant-reacts-to-ice-agents-racially-profiling-asking-where-asian-people-live/articleshow/126643148.cms
2026-01-18 12:51:46,758 - INFO - [Times of India] Attempt 1/1: Trying with 'selenium_browser' strategy...
2026-01-18 12:51:50,340 - INFO - [The Hindu] Page content loaded.
2026-01-18 12:51:50,548 - INFO - [The Hindu] Success with 'selenium_browser'. Found content (454 words).
2026-01-18 12:51:50,963 - INFO - Saved article: How long will Modi government live in denial, asks Congress citing World Bank's air pollution report - The Hindu from The Hindu
2026-01-18 12:51:52,349 - INFO - [The Hindu] Article: https://www.thehindu.com/news/national/karnataka/technology-driven-policing-helps-bengaluru-police-reunite-missing-children-with-families-in-record-time/article70521407.ece
2026-01-18 12:51:52,349 - INFO - [The Hindu] Attempt 1/1: Trying with 'selenium_browser' strategy...
2026-01-18 12:51:54,792 - INFO - [The Hindu] Page content loaded.
2026-01-18 12:51:54,957 - INFO - [The Hindu] Success with 'selenium_browser'. Found content (428 words).
2026-01-18 12:51:55,194 - INFO - Saved article: Technology-driven policing helps Bengaluru Police reunite missing children with families in record time - The Hindu from The Hindu
2026-01-18 12:51:56,098 - INFO - [The Hindu] Article: https://www.thehindu.com/news/national/kerala/kerala-sir-ec-should-ensure-that-all-eligible-citizens-find-a-place-in-electoral-roll-says-sathyan-mokeri/article70521923.ece
2026-01-18 12:51:56,098 - INFO - [The Hindu] Attempt 1/1: Trying with 'selenium_browser' strategy...
2026-01-18 12:51:57,146 - INFO - [Times of India] Page content loaded.
2026-01-18 12:51:57,375 - INFO - [Times of India] Success with 'selenium_browser'. Found content (388 words).
2026-01-18 12:51:57,508 - INFO - Saved article: ‘Do not see us as Americans’: Indian-origin political consultant reacts to ICE agents racially profiling, asking where ‘Asian people live’ - The Times of India from Times of India
2026-01-18 12:51:57,678 - INFO - [The Hindu] Page content loaded.
2026-01-18 12:51:57,753 - INFO - [The Hindu] Success with 'selenium_browser'. Found content (209 words).
2026-01-18 12:51:57,860 - INFO - Saved article: Kerala SIR: EC should ensure that all eligible citizens find a place in electoral roll, says Sathyan Mokeri - The Hindu from The Hindu
2026-01-18 12:51:58,939 - INFO - [Times of India] Article: https://timesofindia.indiatimes.com/world/middle-east/dubai-raises-minimum-wages-what-new-uae-salary-rule-means-for-workers-and-employers/articleshow/126641415.cms
2026-01-18 12:51:58,939 - INFO - [Times of India] Attempt 1/1: Trying with 'selenium_browser' strategy...
2026-01-18 12:51:59,033 - INFO - [The Hindu] Article: https://www.thehindu.com/news/national/karnataka/parappana-agrahara-police-book-two-convicts-for-assault-on-assistant-jailer/article70521833.ece
2026-01-18 12:51:59,033 - INFO - [The Hindu] Attempt 1/1: Trying with 'selenium_browser' strategy...
2026-01-18 12:52:00,830 - INFO - [The Hindu] Page content loaded.
2026-01-18 12:52:01,120 - INFO - [The Hindu] Success with 'selenium_browser'. Found content (316 words).
2026-01-18 12:52:01,161 - INFO - [Times of India] Page content loaded.
2026-01-18 12:52:01,270 - INFO - Saved article: Parappana Agrahara police book two convicts for assault on assistant jailer - The Hindu from The Hindu
2026-01-18 12:52:01,748 - INFO - [Times of India] Success with 'selenium_browser'. Found content (789 words).
2026-01-18 12:52:01,996 - INFO - [The Hindu] Article: https://www.thehindu.com/news/national/kerala/sec-annules-vice-presidents-election-in-kottangal-grama-panchayat-in-pathanamthitta/article70521893.ece
2026-01-18 12:52:01,996 - INFO - [The Hindu] Attempt 1/1: Trying with 'selenium_browser' strategy...
2026-01-18 12:52:02,005 - INFO - Saved article: Dubai raises minimum wages: What new UAE salary rule means for workers and employers - The Times of India from Times of India
2026-01-18 12:52:03,234 - INFO - [Times of India] Article: https://timesofindia.indiatimes.com/world/us/why-are-americans-paying-for-ai-in-india-trump-aide-peter-navarros-fresh-tirade-after-maharaja-tariffs-what-he-said/articleshow/126641414.cms
2026-01-18 12:52:03,234 - INFO - [Times of India] Attempt 1/1: Trying with 'selenium_browser' strategy...
2026-01-18 12:52:05,548 - INFO - [The Hindu] Page content loaded.
2026-01-18 12:52:05,806 - INFO - [The Hindu] Success with 'selenium_browser'. Found content (337 words).
2026-01-18 12:52:06,012 - INFO - Saved article: SEC annules vice-president’s election in Kottangal grama panchayat in Pathanamthitta - The Hindu from The Hindu
2026-01-18 12:52:07,363 - INFO - [The Hindu] Article: https://www.thehindu.com/news/national/kerala/amid-criticism-by-vellappally-natesan-and-sukumaran-nair-kerala-opposition-leader-vd-satheesan-says-he-is-against-bid-to-cause-communal-rift-not-leaders/article70521874.ece
2026-01-18 12:52:07,363 - INFO - [The Hindu] Attempt 1/1: Trying with 'selenium_browser' strategy...
2026-01-18 12:52:08,469 - INFO - [Times of India] Page content loaded.
2026-01-18 12:52:08,637 - INFO - [Times of India] Success with 'selenium_browser'. Found content (403 words).
2026-01-18 12:52:08,749 - INFO - Saved article: 'Why are Americans paying for AI in India?': Trump aide Peter Navarro's fresh tirade after 'Maharaja tariffs'; what he said - The Times of India from Times of India
2026-01-18 12:52:09,285 - INFO - [The Hindu] Page content loaded.
2026-01-18 12:52:09,387 - INFO - [The Hindu] Success with 'selenium_browser'. Found content (412 words).
2026-01-18 12:52:09,572 - INFO - Saved article: Amid criticism by Vellappally Natesan and Sukumaran Nair, Kerala Opposition leader V.D. Satheesan says he is against bid to cause communal rift, not leaders - The Hindu from The Hindu
2026-01-18 12:52:09,778 - INFO - [Times of India] Article: https://timesofindia.indiatimes.com/world/uk/feels-like-a-muslim-city-reform-uk-mayoral-candidate-suggests-burqa-stop-and-search-in-london-faces-backlash/articleshow/126637227.cms
2026-01-18 12:52:09,778 - INFO - [Times of India] Attempt 1/1: Trying with 'selenium_browser' strategy...
2026-01-18 12:52:10,516 - INFO - [The Hindu] Article: https://www.thehindu.com/news/national/tamil-nadu/bids-invited-for-construction-of-international-bird-centre-in-villupuram/article70521651.ece
2026-01-18 12:52:10,516 - INFO - [The Hindu] Attempt 1/1: Trying with 'selenium_browser' strategy...
2026-01-18 12:52:12,666 - INFO - [The Hindu] Page content loaded.
2026-01-18 12:52:12,822 - INFO - [The Hindu] Success with 'selenium_browser'. Found content (646 words).
2026-01-18 12:52:12,873 - INFO - [Times of India] Page content loaded.
2026-01-18 12:52:13,073 - INFO - Saved article: Bids invited for construction of International Bird Centre in Villupuram - The Hindu from The Hindu
2026-01-18 12:52:13,184 - INFO - [Times of India] Success with 'selenium_browser'. Found content (623 words).
2026-01-18 12:52:13,549 - INFO - Saved article: ‘Feels like a Muslim city’: Reform UK mayoral candidate suggests burqa stop-and-search in London; faces backlash - The Times of India from Times of India
2026-01-18 12:52:14,101 - INFO - [The Hindu] Article: https://www.thehindu.com/news/national/nitin-gadkari-advantage-vidarbha-expo-press-conference-generational-change-in-leadership/article70521859.ece
2026-01-18 12:52:14,101 - INFO - [The Hindu] Attempt 1/1: Trying with 'selenium_browser' strategy...
2026-01-18 12:52:14,472 - INFO - [Times of India] Article: https://timesofindia.indiatimes.com/world/middle-east/burj-khalifas-competitor-dubai-creek-tower-is-rising-again-emaar-to-reignite-uaes-forgotten-mega-skyscraper-with-new-tender-in-3-months/articleshow/126640816.cms
2026-01-18 12:52:14,473 - INFO - [Times of India] Attempt 1/1: Trying with 'selenium_browser' strategy...
2026-01-18 12:52:18,948 - INFO - [Times of India] Page content loaded.
2026-01-18 12:52:19,171 - INFO - [Times of India] Success with 'selenium_browser'. Found content (156 words).
2026-01-18 12:52:19,222 - INFO - Duplicate article skipped: Burj Khalifa's competitor Dubai Creek Tower is rising again: Emaar to reignite UAE's forgotten mega skyscraper with new tender in 3 months - The Times of India from Times of India
2026-01-18 12:52:19,384 - INFO - [The Hindu] Page content loaded.
2026-01-18 12:52:19,454 - INFO - [The Hindu] Success with 'selenium_browser'. Found content (253 words).
2026-01-18 12:52:19,526 - INFO - Saved article: Old generation should step aside when things start running smoothly: Gadkari - The Hindu from The Hindu
2026-01-18 12:52:19,996 - INFO - [Times of India] Article: https://timesofindia.indiatimes.com/life-style/beauty/winter-skincare-routine-dermatologist-tips-to-combat-dryness-barrier-damage-dehydration/articleshow/126639597.cms
2026-01-18 12:52:19,996 - INFO - [Times of India] Attempt 1/1: Trying with 'selenium_browser' strategy...
2026-01-18 12:52:20,804 - INFO - [The Hindu] Article: https://www.thehindu.com/news/national/haryana/two-dead-in-multi-vehicle-pileup-amid-dense-fog-in-nuh/article70521865.ece
2026-01-18 12:52:20,804 - INFO - [The Hindu] Attempt 1/1: Trying with 'selenium_browser' strategy...
2026-01-18 12:52:21,881 - INFO - [Times of India] Page content loaded.
2026-01-18 12:52:22,061 - INFO - [Times of India] Success with 'selenium_browser'. Found content (1478 words).
2026-01-18 12:52:22,194 - INFO - Saved article: Winter skincare routine: Dermatologist tips to combat dryness, barrier damage, dehydration - The Times of India from Times of India
2026-01-18 12:52:23,145 - INFO - [Times of India] Article: https://timesofindia.indiatimes.com/world/middle-east/kuwait-to-test-emergency-alert-sirens-across-nation-tomorrow/articleshow/126640192.cms
2026-01-18 12:52:23,145 - INFO - [Times of India] Attempt 1/1: Trying with 'selenium_browser' strategy...
2026-01-18 12:52:24,277 - INFO - [Times of India] Page content loaded.
2026-01-18 12:52:24,441 - INFO - [Times of India] Success with 'selenium_browser'. Found content (116 words).
2026-01-18 12:52:24,504 - INFO - Duplicate article skipped: Kuwait to test emergency alert sirens across nation tomorrow | World News - The Times of India from Times of India
2026-01-18 12:52:25,991 - INFO - [Times of India] Article: https://timesofindia.indiatimes.com/life-style/home-garden/millennial-grey-is-officially-dead-google-searches-reveal-hottest-home-decor-trends-of-2026/articleshow/126638589.cms
2026-01-18 12:52:25,991 - INFO - [Times of India] Attempt 1/1: Trying with 'selenium_browser' strategy...
2026-01-18 12:52:27,138 - INFO - [Times of India] Page content loaded.
2026-01-18 12:52:27,247 - INFO - [Times of India] Success with 'selenium_browser'. Found content (915 words).
2026-01-18 12:52:27,323 - INFO - Duplicate article skipped: Millennial grey is officially dead: Google searches reveal hottest home decor trends of 2026 - The Times of India from Times of India
2026-01-18 12:52:27,773 - INFO - [The Hindu] Page content loaded.
2026-01-18 12:52:27,863 - INFO - [The Hindu] Success with 'selenium_browser'. Found content (225 words).
2026-01-18 12:52:27,958 - INFO - Saved article: Two dead in multi-vehicle pileup amid dense fog in Nuh - The Hindu from The Hindu
2026-01-18 12:52:28,778 - INFO - [Times of India] Article: https://timesofindia.indiatimes.com/world/middle-east/uae-issues-weather-alert-after-temperatures-fall-to-18c/articleshow/126638173.cms
2026-01-18 12:52:28,778 - INFO - [Times of India] Attempt 1/1: Trying with 'selenium_browser' strategy...
2026-01-18 12:52:28,983 - INFO - [The Hindu] Article: https://www.thehindu.com/news/national/kerala/microscopic-crustacean-discovered-in-kavaratti-established-as-a-new-genus-and-species-say-researchers/article70521769.ece
2026-01-18 12:52:28,983 - INFO - [The Hindu] Attempt 1/1: Trying with 'selenium_browser' strategy...
2026-01-18 12:52:30,332 - INFO - [Times of India] Page content loaded.
2026-01-18 12:52:30,685 - INFO - [Times of India] Success with 'selenium_browser'. Found content (385 words).
2026-01-18 12:52:30,833 - INFO - Duplicate article skipped: UAE issues weather alert after temperatures fall to 18°C | World News - The Times of India from Times of India
2026-01-18 12:52:31,765 - INFO - [Times of India] Article: https://timesofindia.indiatimes.com/world/middle-east/saudi-arabia-bans-use-of-allahs-name-on-disposable-packaging-and-bags/articleshow/126637724.cms
2026-01-18 12:52:31,765 - INFO - [Times of India] Attempt 1/1: Trying with 'selenium_browser' strategy...
2026-01-18 12:52:32,194 - INFO - [The Hindu] Page content loaded.
2026-01-18 12:52:32,328 - INFO - [The Hindu] Success with 'selenium_browser'. Found content (412 words).
2026-01-18 12:52:32,478 - INFO - Saved article: Microscopic crustacean discovered in Kavaratti established as a new genus and species, say researchers - The Hindu from The Hindu
2026-01-18 12:52:33,208 - INFO - [Times of India] Page content loaded.
2026-01-18 12:52:33,379 - INFO - [Times of India] Success with 'selenium_browser'. Found content (342 words).
2026-01-18 12:52:33,491 - INFO - Duplicate article skipped: Saudi Arabia bans use of Allah’s name on disposable packaging and bags | World News - The Times of India from Times of India
2026-01-18 12:52:33,822 - INFO - [The Hindu] (Thread) Finished. Attempting to shut down its Selenium driver.
2026-01-18 12:52:34,006 - INFO - [The Hindu] (Thread) driver.quit() successful.
2026-01-18 12:52:34,556 - INFO - [Times of India] (Thread) Finished. Attempting to shut down its Selenium driver.
2026-01-18 12:52:34,828 - INFO - [Times of India] (Thread) driver.quit() successful.
2026-01-18 12:52:34,828 - INFO - Shutting down thread pool (wait=False)...
2026-01-18 12:52:34,828 - INFO - Scraped: 5 Times of India, 0 BBC, 10 The Hindu, 0 The Guardian articles. (Total saved: 15)
2026-01-18 12:52:34,828 - INFO - --- Scraping job finished ---
2026-01-18 12:52:34,835 - INFO - --- Scraper service stopped and database connection closed. ---
2026-01-18 12:52:34,835 - INFO - --- Main thread finished. Forcing process exit to kill zombie threads. ---
