2025-11-16 10:23:52,002 - INFO - Initializing database connection at: news_articles.db
2025-11-16 10:23:52,002 - INFO - --- Scraper service started (CI Mode: Run Once) ---
2025-11-16 10:23:52,003 - INFO - --- Starting new scraping job (Parallel Mode) ---
2025-11-16 10:23:52,003 - INFO - Creating new robust session with 3 retries on 5xx/connection/read errors.
2025-11-16 10:23:52,003 - INFO - Proxy is DISABLED.
2025-11-16 10:23:52,003 - INFO - Starting scrape for BBC RSS feed: http://feeds.bbci.co.uk/news/world/rss.xml
2025-11-16 10:23:52,003 - INFO - [Times of India] (Thread) requires Selenium. Initializing driver...
2025-11-16 10:23:52,003 - INFO - Initializing headless Selenium Chrome driver (using SeleniumManager)...
2025-11-16 10:23:52,004 - INFO - Starting scrape for The Guardian RSS feed: https://www.theguardian.com/world/rss
2025-11-16 10:23:52,004 - INFO - [The Hindu] (Thread) requires Selenium. Initializing driver...
2025-11-16 10:23:52,005 - INFO - Initializing headless Selenium Chrome driver (using SeleniumManager)...
2025-11-16 10:23:52,005 - INFO - Submitted 4 jobs to thread pool. Waiting up to 300s for completion...
2025-11-16 10:23:52,210 - INFO - Found 45 articles in The Guardian RSS feed. Processing up to 10.
2025-11-16 10:23:52,210 - INFO - [The Guardian] Article: https://www.theguardian.com/world/2025/nov/15/ethiopia-confirms-outbreak-of-deadly-marburg-virus
2025-11-16 10:23:52,210 - INFO - [The Guardian] Attempt 1/1: Trying with 'requests_browser' strategy...
2025-11-16 10:23:52,244 - INFO - [The Guardian] Success with 'requests_browser'. Found content (279 words).
2025-11-16 10:23:52,279 - INFO - Duplicate article skipped: Ethiopia confirms outbreak of deadly Marburg virus | Ethiopia | The Guardian from The Guardian
2025-11-16 10:23:52,373 - INFO - Found 26 articles in BBC RSS feed. Processing up to 10.
2025-11-16 10:23:52,373 - INFO - [BBC] Article: https://www.bbc.com/news/articles/c9wv4dx05q5o?at_medium=RSS&at_campaign=rss
2025-11-16 10:23:52,373 - INFO - [BBC] Attempt 1/1: Trying with 'requests_browser' strategy...
2025-11-16 10:23:52,548 - INFO - [BBC] Success with 'requests_browser'. Found content (716 words).
2025-11-16 10:23:52,644 - INFO - Duplicate article skipped: Trump targets ally Marjorie Taylor Greene ahead of Epstein files vote from BBC
2025-11-16 10:23:52,950 - INFO - [The Guardian] Article: https://www.theguardian.com/australia-news/2025/nov/16/australia-dubai-international-airshow-defence-weapons-arms-fair-sudan-uae
2025-11-16 10:23:52,951 - INFO - [The Guardian] Attempt 1/1: Trying with 'requests_browser' strategy...
2025-11-16 10:23:53,117 - INFO - [The Guardian] Success with 'requests_browser'. Found content (1164 words).
2025-11-16 10:23:53,166 - INFO - Duplicate article skipped: Australia is selling arms at a weapons fair in Dubai. Are they destined to be used in Sudan atrocities? | Australia news | The Guardian from The Guardian
2025-11-16 10:23:53,764 - INFO - [BBC] Article: https://www.bbc.com/news/articles/cn8vm30rr78o?at_medium=RSS&at_campaign=rss
2025-11-16 10:23:53,764 - INFO - [BBC] Attempt 1/1: Trying with 'requests_browser' strategy...
2025-11-16 10:23:53,784 - INFO - [The Guardian] Article: https://www.theguardian.com/global-development/2025/nov/15/health-uk-cut-global-fund-aids-tuberculosis-tb-malaria-africa
2025-11-16 10:23:53,784 - INFO - [The Guardian] Attempt 1/1: Trying with 'requests_browser' strategy...
2025-11-16 10:23:53,815 - INFO - [BBC] Success with 'requests_browser'. Found content (410 words).
2025-11-16 10:23:53,896 - INFO - Duplicate article skipped: Thousands protest against government in Mexico City as clashes leave 120 injured from BBC
2025-11-16 10:23:53,909 - INFO - [The Guardian] Success with 'requests_browser'. Found content (681 words).
2025-11-16 10:23:54,000 - INFO - Duplicate article skipped: UK warned that 15% cut to health fund will force ‘impossible choices’ on Africa | Global Fund to Fight Aids, Tuberculosis and Malaria | The Guardian from The Guardian
2025-11-16 10:23:54,010 - INFO - Selenium driver initialized successfully.
2025-11-16 10:23:54,011 - INFO - Starting scrape for Times of India RSS feed: https://timesofindia.indiatimes.com/rssfeeds/296589292.cms
2025-11-16 10:23:54,011 - INFO - Selenium driver initialized successfully.
2025-11-16 10:23:54,012 - INFO - Starting scrape for The Hindu RSS feed: https://www.thehindu.com/news/national/feeder/default.rss
2025-11-16 10:23:54,157 - INFO - Found 100 articles in The Hindu RSS feed. Processing up to 10.
2025-11-16 10:23:54,158 - INFO - [The Hindu] Article: https://www.thehindu.com/news/national/karnataka/sugar-mills-agree-to-pay-2950-per-tonne-within-14-days-says-priyank-kharge/article70286796.ece
2025-11-16 10:23:54,158 - INFO - [The Hindu] Attempt 1/1: Trying with 'selenium_browser' strategy...
2025-11-16 10:23:54,354 - INFO - Found 20 articles in Times of India RSS feed. Processing up to 10.
2025-11-16 10:23:54,354 - INFO - [Times of India] Article: https://timesofindia.indiatimes.com/world/middle-east/uae-sharjahs-khalid-bin-sultan-city-sells-400-homes-in-phase-1-of-1500-home-sustainable-development/articleshow/125362034.cms
2025-11-16 10:23:54,354 - INFO - [Times of India] Attempt 1/1: Trying with 'selenium_browser' strategy...
2025-11-16 10:23:55,080 - INFO - [BBC] Article: https://www.bbc.com/news/articles/c891jp9j79do?at_medium=RSS&at_campaign=rss
2025-11-16 10:23:55,080 - INFO - [BBC] Attempt 1/1: Trying with 'requests_browser' strategy...
2025-11-16 10:23:55,129 - INFO - [BBC] Success with 'requests_browser'. Found content (895 words).
2025-11-16 10:23:55,186 - INFO - Duplicate article skipped: Trump says he will sue BBC for at least $1bn over Panorama edit from BBC
2025-11-16 10:23:55,486 - INFO - [The Guardian] Article: https://www.theguardian.com/world/2025/nov/14/anger-south-africa-plane-palestinians-held-12-hours
2025-11-16 10:23:55,486 - INFO - [The Guardian] Attempt 1/1: Trying with 'requests_browser' strategy...
2025-11-16 10:23:55,767 - INFO - [The Hindu] Page content loaded.
2025-11-16 10:23:55,845 - INFO - [The Hindu] Success with 'selenium_browser'. Found content (593 words).
2025-11-16 10:23:56,062 - INFO - [The Guardian] Success with 'requests_browser'. Found content (620 words).
2025-11-16 10:23:56,069 - INFO - Saved article: Sugar mills agree to pay ₹2,950 per tonne within 14 days, says Priyank Kharge - The Hindu from The Hindu
2025-11-16 10:23:56,146 - INFO - Duplicate article skipped: South Africa to investigate ‘mysterious’ arrival of 153 Palestinians on plane | South Africa | The Guardian from The Guardian
2025-11-16 10:23:56,486 - INFO - [BBC] Article: https://www.bbc.com/news/articles/cy40z22qqwwo?at_medium=RSS&at_campaign=rss
2025-11-16 10:23:56,486 - INFO - [BBC] Attempt 1/1: Trying with 'requests_browser' strategy...
2025-11-16 10:23:56,669 - INFO - [BBC] Success with 'requests_browser'. Found content (732 words).
2025-11-16 10:23:56,922 - INFO - [The Guardian] Article: https://www.theguardian.com/world/2025/nov/14/british-egyptian-activist-alaa-abd-el-fattah-stopped-from-flying-to-uk-says-family
2025-11-16 10:23:56,922 - INFO - [The Guardian] Attempt 1/1: Trying with 'requests_browser' strategy...
2025-11-16 10:23:57,043 - INFO - Duplicate article skipped: COP30: Thousands march outside COP30 summit in call for action from BBC
2025-11-16 10:23:57,231 - INFO - [The Guardian] Success with 'requests_browser'. Found content (456 words).
2025-11-16 10:23:57,377 - INFO - Duplicate article skipped: British-Egyptian activist stopped from flying to UK, says family | Egypt | The Guardian from The Guardian
2025-11-16 10:23:57,400 - INFO - [The Hindu] Article: https://www.thehindu.com/news/national/punjab/rss-leaders-son-dead-in-punjabs-ferozpur/article70286533.ece
2025-11-16 10:23:57,400 - INFO - [The Hindu] Attempt 1/1: Trying with 'selenium_browser' strategy...
2025-11-16 10:23:57,900 - INFO - [The Guardian] Article: https://www.theguardian.com/world/2025/nov/16/caribbean-reparations-crc-uk-visit-britain-colonial-legacy
2025-11-16 10:23:57,900 - INFO - [The Guardian] Attempt 1/1: Trying with 'requests_browser' strategy...
2025-11-16 10:23:58,023 - INFO - [The Guardian] Success with 'requests_browser'. Found content (667 words).
2025-11-16 10:23:58,144 - INFO - Saved article: Caribbean reparations leaders in ‘historic’ first UK visit to press for justice | Reparations and reparative justice | The Guardian from The Guardian
2025-11-16 10:23:58,256 - INFO - [BBC] Article: https://www.bbc.com/news/articles/c8x1k0x2k2lo?at_medium=RSS&at_campaign=rss
2025-11-16 10:23:58,261 - INFO - [BBC] Attempt 1/1: Trying with 'requests_browser' strategy...
2025-11-16 10:23:58,361 - INFO - [BBC] Success with 'requests_browser'. Found content (327 words).
2025-11-16 10:23:58,438 - INFO - Duplicate article skipped: Thirteen injured after demolition derby car hits crowd in Australia from BBC
2025-11-16 10:23:58,661 - INFO - [The Guardian] Article: https://www.theguardian.com/world/2025/nov/16/gen-z-protests-against-mexico-president-turn-violent-amid-anger-over-mayors-death
2025-11-16 10:23:58,661 - INFO - [The Guardian] Attempt 1/1: Trying with 'requests_browser' strategy...
2025-11-16 10:23:58,750 - INFO - [The Guardian] Success with 'requests_browser'. Found content (361 words).
2025-11-16 10:23:58,836 - INFO - Duplicate article skipped: Gen Z protests against Mexico president turn violent amid anger over mayor’s death | Mexico | The Guardian from The Guardian
2025-11-16 10:23:59,126 - INFO - [BBC] Article: https://www.bbc.com/news/articles/cvgwyyd8l58o?at_medium=RSS&at_campaign=rss
2025-11-16 10:23:59,126 - INFO - [BBC] Attempt 1/1: Trying with 'requests_browser' strategy...
2025-11-16 10:23:59,214 - INFO - [BBC] Success with 'requests_browser'. Found content (418 words).
2025-11-16 10:23:59,398 - INFO - [The Guardian] Article: https://www.theguardian.com/environment/2025/nov/15/indigenous-lands-must-be-recognised-as-part-of-climate-policy-says-brazilian-minister
2025-11-16 10:23:59,399 - INFO - [The Guardian] Attempt 1/1: Trying with 'requests_browser' strategy...
2025-11-16 10:23:59,407 - INFO - Duplicate article skipped: Zelensky vows energy sector overhaul after $100m corruption scandal from BBC
2025-11-16 10:23:59,577 - INFO - [The Guardian] Success with 'requests_browser'. Found content (777 words).
2025-11-16 10:23:59,741 - INFO - Duplicate article skipped: Indigenous lands must be recognised as part of climate policy, says Brazilian minister | Cop30 | The Guardian from The Guardian
2025-11-16 10:24:00,197 - INFO - [The Hindu] Page content loaded.
2025-11-16 10:24:00,295 - INFO - [BBC] Article: https://www.bbc.com/news/articles/cdxr5drrpqxo?at_medium=RSS&at_campaign=rss
2025-11-16 10:24:00,296 - INFO - [BBC] Attempt 1/1: Trying with 'requests_browser' strategy...
2025-11-16 10:24:00,469 - INFO - [BBC] Success with 'requests_browser'. Found content (580 words).
2025-11-16 10:24:00,728 - INFO - Duplicate article skipped: Pope Leo welcomes cinema stars to the Vatican from BBC
2025-11-16 10:24:00,733 - INFO - [The Hindu] Success with 'selenium_browser'. Found content (282 words).
2025-11-16 10:24:00,917 - INFO - [The Guardian] Article: https://www.theguardian.com/environment/2025/nov/14/protesters-blockade-cop30-summit-over-plight-of-indigenous-peoples
2025-11-16 10:24:00,917 - INFO - [The Guardian] Attempt 1/1: Trying with 'requests_browser' strategy...
2025-11-16 10:24:01,025 - INFO - Saved article: RSS leader's son dead in Punjab's Ferozpur - The Hindu from The Hindu
2025-11-16 10:24:01,192 - INFO - [The Guardian] Success with 'requests_browser'. Found content (976 words).
2025-11-16 10:24:01,304 - INFO - [BBC] Article: https://www.bbc.com/news/articles/cnvel2gvqeqo?at_medium=RSS&at_campaign=rss
2025-11-16 10:24:01,304 - INFO - [BBC] Attempt 1/1: Trying with 'requests_browser' strategy...
2025-11-16 10:24:01,495 - INFO - [BBC] Success with 'requests_browser'. Found content (320 words).
2025-11-16 10:24:01,579 - INFO - Duplicate article skipped: Protesters blockade Cop30 summit over plight of Indigenous peoples | Cop30 | The Guardian from The Guardian
2025-11-16 10:24:01,661 - INFO - Duplicate article skipped: Kashmir blast: Nine killed in accidental explosion at police station in Indian-administered Kashmir, officials say from BBC
2025-11-16 10:24:02,267 - INFO - [The Guardian] Article: https://www.theguardian.com/world/2025/nov/14/mark-carney-nation-building-canada
2025-11-16 10:24:02,267 - INFO - [The Guardian] Attempt 1/1: Trying with 'requests_browser' strategy...
2025-11-16 10:24:02,375 - INFO - [The Guardian] Success with 'requests_browser'. Found content (745 words).
2025-11-16 10:24:02,528 - INFO - [The Hindu] Article: https://www.thehindu.com/news/national/karnataka/another-blackbuck-death-at-belagavi-zoo/article70286670.ece
2025-11-16 10:24:02,529 - INFO - [The Hindu] Attempt 1/1: Trying with 'selenium_browser' strategy...
2025-11-16 10:24:02,622 - INFO - Duplicate article skipped: Carney’s ‘nation-building’ programme misses mark to be truly transformative for Canada | Canada | The Guardian from The Guardian
2025-11-16 10:24:02,835 - INFO - [BBC] Article: https://www.bbc.com/news/articles/cdjr4xw83eko?at_medium=RSS&at_campaign=rss
2025-11-16 10:24:02,835 - INFO - [BBC] Attempt 1/1: Trying with 'requests_browser' strategy...
2025-11-16 10:24:02,964 - INFO - [BBC] Success with 'requests_browser'. Found content (676 words).
2025-11-16 10:24:03,091 - INFO - Duplicate article skipped: Trump rolls back tariffs on dozens of food products from BBC
2025-11-16 10:24:04,071 - INFO - [BBC] Article: https://www.bbc.com/news/articles/cn09n94qg92o?at_medium=RSS&at_campaign=rss
2025-11-16 10:24:04,071 - INFO - [BBC] Attempt 1/1: Trying with 'requests_browser' strategy...
2025-11-16 10:24:04,240 - INFO - [BBC] Success with 'requests_browser'. Found content (1253 words).
2025-11-16 10:24:04,352 - INFO - Duplicate article skipped: Epstein files: Who else was mentioned? from BBC
2025-11-16 10:24:05,878 - INFO - [The Hindu] Page content loaded.
2025-11-16 10:24:06,114 - INFO - [The Hindu] Success with 'selenium_browser'. Found content (162 words).
2025-11-16 10:24:06,479 - INFO - Saved article: Another blackbuck death at Belagavi zoo - The Hindu from The Hindu
2025-11-16 10:24:07,087 - INFO - [The Hindu] Article: https://www.thehindu.com/news/national/cji-gavai-backs-exclusion-of-creamy-layer-in-reservation-to-scheduled-castes/article70286763.ece
2025-11-16 10:24:07,087 - INFO - [The Hindu] Attempt 1/1: Trying with 'selenium_browser' strategy...
2025-11-16 10:24:09,068 - INFO - [The Hindu] Page content loaded.
2025-11-16 10:24:09,412 - INFO - [The Hindu] Success with 'selenium_browser'. Found content (271 words).
2025-11-16 10:24:09,573 - INFO - Saved article: CJI Gavai backs exclusion of creamy layer in reservation to scheduled castes - The Hindu from The Hindu
2025-11-16 10:24:10,433 - INFO - [The Hindu] Article: https://www.thehindu.com/news/national/karnataka/better-if-party-high-command-clarifies-on-leadership-confusion-in-karnataka-says-satish-jarkiholi/article70286715.ece
2025-11-16 10:24:10,433 - INFO - [The Hindu] Attempt 1/1: Trying with 'selenium_browser' strategy...
2025-11-16 10:24:12,335 - INFO - [The Hindu] Page content loaded.
2025-11-16 10:24:12,392 - INFO - [The Hindu] Success with 'selenium_browser'. Found content (313 words).
2025-11-16 10:24:12,477 - INFO - Saved article: Better if party high command clarifies on leadership confusion in Karnataka, says Minister Satish Jarkiholi - The Hindu from The Hindu
2025-11-16 10:24:13,789 - INFO - [The Hindu] Article: https://www.thehindu.com/news/cities/mumbai/congresss-vote-theft-claims-without-proof-will-lead-to-more-poll-defeats-fadnavis/article70286744.ece
2025-11-16 10:24:13,789 - INFO - [The Hindu] Attempt 1/1: Trying with 'selenium_browser' strategy...
2025-11-16 10:24:14,844 - INFO - [The Hindu] Page content loaded.
2025-11-16 10:24:14,905 - INFO - [The Hindu] Success with 'selenium_browser'. Found content (475 words).
2025-11-16 10:24:14,986 - INFO - Saved article: Congress’s 'vote theft' claims without proof will lead to more poll defeats: Fadnavis - The Hindu from The Hindu
2025-11-16 10:24:15,635 - INFO - [The Hindu] Article: https://www.thehindu.com/elections/bihar-assembly/bihar-cm-nitish-kumar-likely-to-submit-resignation-on-november-17/article70286714.ece
2025-11-16 10:24:15,635 - INFO - [The Hindu] Attempt 1/1: Trying with 'selenium_browser' strategy...
2025-11-16 10:24:22,986 - INFO - [The Hindu] Page content loaded.
2025-11-16 10:24:23,041 - INFO - [The Hindu] Success with 'selenium_browser'. Found content (203 words).
2025-11-16 10:24:23,148 - INFO - Saved article: Bihar CM Nitish Kumar likely to submit resignation on November 17 - The Hindu from The Hindu
2025-11-16 10:24:24,283 - INFO - [The Hindu] Article: https://www.thehindu.com/news/national/amit-shah-to-chair-northern-zonal-council-meeting-in-faridabad-on-november-17/article70286638.ece
2025-11-16 10:24:24,284 - INFO - [The Hindu] Attempt 1/1: Trying with 'selenium_browser' strategy...
2025-11-16 10:24:25,904 - INFO - [The Hindu] Page content loaded.
2025-11-16 10:24:25,958 - INFO - [The Hindu] Success with 'selenium_browser'. Found content (452 words).
2025-11-16 10:24:26,051 - INFO - Saved article: Amit Shah to chair Northern Zonal Council meeting in Faridabad on November 17 - The Hindu from The Hindu
2025-11-16 10:24:26,782 - INFO - [The Hindu] Article: https://www.thehindu.com/news/national/karnataka/cpi-to-stage-nationwide-protest-on-november-18-against-rising-atrocities/article70284995.ece
2025-11-16 10:24:26,782 - INFO - [The Hindu] Attempt 1/1: Trying with 'selenium_browser' strategy...
2025-11-16 10:24:28,802 - INFO - [The Hindu] Page content loaded.
2025-11-16 10:24:28,848 - INFO - [The Hindu] Success with 'selenium_browser'. Found content (194 words).
2025-11-16 10:24:28,903 - INFO - Duplicate article skipped: CPI to stage nationwide protest on November 18 against rising atrocities - The Hindu from The Hindu
2025-11-16 10:24:29,601 - INFO - [The Hindu] Article: https://www.thehindu.com/elections/bihar-assembly/rohini-acharya-again-hit-out-at-tejaswis-close-aides-alleging-they-made-her-an-orphan/article70286626.ece
2025-11-16 10:24:29,601 - INFO - [The Hindu] Attempt 1/1: Trying with 'selenium_browser' strategy...
2025-11-16 10:24:30,469 - INFO - [The Hindu] Page content loaded.
2025-11-16 10:24:30,517 - INFO - [The Hindu] Success with 'selenium_browser'. Found content (563 words).
2025-11-16 10:24:30,593 - INFO - Duplicate article skipped: Rohini Acharya again hits out at Tejaswi’s close aides alleging they made her an orphan - The Hindu from The Hindu
2025-11-16 10:24:31,256 - INFO - [The Hindu] (Thread) Finished. Attempting to shut down its Selenium driver.
2025-11-16 10:24:31,411 - INFO - [The Hindu] (Thread) driver.quit() successful.
2025-11-16 10:25:54,443 - ERROR - [Times of India] Request failed for strategy 'selenium_browser' on URL https://timesofindia.indiatimes.com/world/middle-east/uae-sharjahs-khalid-bin-sultan-city-sells-400-homes-in-phase-1-of-1500-home-sustainable-development/articleshow/125362034.cms: HTTPConnectionPool(host='localhost', port=60147): Read timed out. (read timeout=120)
2025-11-16 10:25:54,443 - ERROR - [Times of India] All scrape strategies failed for https://timesofindia.indiatimes.com/world/middle-east/uae-sharjahs-khalid-bin-sultan-city-sells-400-homes-in-phase-1-of-1500-home-sustainable-development/articleshow/125362034.cms. Falling back to RSS description.
2025-11-16 10:25:54,448 - INFO - Saved article: UAE: Sharjah’s Khalid Bin Sultan City sells 400+ homes in phase 1 of 1,500 home sustainable development from Times of India
2025-11-16 10:25:55,884 - INFO - [Times of India] Article: https://timesofindia.indiatimes.com/world/europe/france-secures-release-of-french-chilean-national-held-in-venezuela/articleshow/125362397.cms
2025-11-16 10:25:55,884 - INFO - [Times of India] Attempt 1/1: Trying with 'selenium_browser' strategy...
2025-11-16 10:27:55,921 - ERROR - [Times of India] Request failed for strategy 'selenium_browser' on URL https://timesofindia.indiatimes.com/world/europe/france-secures-release-of-french-chilean-national-held-in-venezuela/articleshow/125362397.cms: HTTPConnectionPool(host='localhost', port=60147): Read timed out. (read timeout=120)
2025-11-16 10:27:55,921 - ERROR - [Times of India] All scrape strategies failed for https://timesofindia.indiatimes.com/world/europe/france-secures-release-of-french-chilean-national-held-in-venezuela/articleshow/125362397.cms. Falling back to RSS description.
2025-11-16 10:27:55,923 - INFO - Saved article: France secures release of French-Chilean national held in Venezuela from Times of India
2025-11-16 10:27:56,935 - INFO - [Times of India] Article: https://timesofindia.indiatimes.com/world/middle-east/dubai-traffic-alert-accident-on-sheikh-zayed-road-causes-morning-delays-dubai-police-urge-caution/articleshow/125360972.cms
2025-11-16 10:27:56,935 - INFO - [Times of India] Attempt 1/1: Trying with 'selenium_browser' strategy...
2025-11-16 10:28:52,005 - CRITICAL - --- TIMEOUT: 1 scrape jobs did not complete in 300s. ---
2025-11-16 10:28:52,005 - ERROR - A thread has timed out and will be abandoned.
2025-11-16 10:28:52,005 - INFO - Shutting down thread pool (wait=False)...
2025-11-16 10:28:52,005 - INFO - Scraped: 1 The Guardian, 0 BBC, 8 The Hindu, 1 Timed_Out_Jobs articles. (Total saved: 9)
2025-11-16 10:28:52,005 - INFO - --- Scraping job finished ---
2025-11-16 10:28:52,005 - INFO - --- Scraper service stopped and database connection closed. ---
2025-11-16 10:28:52,005 - INFO - --- Main thread finished. Forcing process exit to kill zombie threads. ---
