2026-02-14 14:33:58,605 - INFO - Initializing database connection at: news_articles.db
2026-02-14 14:33:58,605 - INFO - --- Scraper service started (CI Mode: Run Once) ---
2026-02-14 14:33:58,605 - INFO - --- Starting new scraping job (Parallel Mode) ---
2026-02-14 14:33:58,605 - INFO - Creating new robust session with 3 retries on 5xx/connection/read errors.
2026-02-14 14:33:58,605 - INFO - Proxy is DISABLED.
2026-02-14 14:33:58,605 - INFO - Starting scrape for BBC RSS feed: http://feeds.bbci.co.uk/news/world/rss.xml
2026-02-14 14:33:58,606 - INFO - [Times of India] (Thread) requires Selenium. Initializing driver...
2026-02-14 14:33:58,606 - INFO - Initializing headless Selenium Chrome driver (using SeleniumManager)...
2026-02-14 14:33:58,606 - INFO - Starting scrape for The Guardian RSS feed: https://www.theguardian.com/world/rss
2026-02-14 14:33:58,607 - INFO - [The Hindu] (Thread) requires Selenium. Initializing driver...
2026-02-14 14:33:58,607 - INFO - Initializing headless Selenium Chrome driver (using SeleniumManager)...
2026-02-14 14:33:58,607 - INFO - Submitted 4 jobs to thread pool. Waiting up to 300s for completion...
2026-02-14 14:33:58,738 - INFO - Found 45 articles in The Guardian RSS feed. Processing up to 10.
2026-02-14 14:33:58,738 - INFO - [The Guardian] Article: https://www.theguardian.com/world/2026/feb/09/deaths-migrant-boat-capsizes-mediterranean-libya
2026-02-14 14:33:58,738 - INFO - [The Guardian] Attempt 1/1: Trying with 'requests_browser' strategy...
2026-02-14 14:33:58,779 - INFO - [The Guardian] Success with 'requests_browser'. Found content (367 words).
2026-02-14 14:33:58,824 - INFO - Duplicate article skipped: 53 people dead or missing after migrant boat capsizes in Mediterranean | Migration | The Guardian from The Guardian
2026-02-14 14:33:58,908 - INFO - Found 26 articles in BBC RSS feed. Processing up to 10.
2026-02-14 14:33:58,908 - INFO - [BBC] Article: https://www.bbc.com/news/articles/c9q5l22ryy4o?at_medium=RSS&at_campaign=rss
2026-02-14 14:33:58,908 - INFO - [BBC] Attempt 1/1: Trying with 'requests_browser' strategy...
2026-02-14 14:33:59,044 - INFO - [BBC] Success with 'requests_browser'. Found content (2640 words).
2026-02-14 14:33:59,093 - INFO - Duplicate article skipped: French rape survivor Gisèle Pelicot: I need to have answers from BBC
2026-02-14 14:33:59,836 - INFO - [BBC] Article: https://www.bbc.com/news/articles/cly8j19rql7o?at_medium=RSS&at_campaign=rss
2026-02-14 14:33:59,836 - INFO - [BBC] Attempt 1/1: Trying with 'requests_browser' strategy...
2026-02-14 14:33:59,868 - INFO - [BBC] Success with 'requests_browser'. Found content (417 words).
2026-02-14 14:33:59,902 - INFO - Duplicate article skipped: Police activity under way near Nancy Guthrie's home from BBC
2026-02-14 14:34:00,287 - INFO - [The Guardian] Article: https://www.theguardian.com/music/2026/feb/09/ebo-taylor-ghanaian-highlife-pioneer-dies-age-90
2026-02-14 14:34:00,287 - INFO - [The Guardian] Attempt 1/1: Trying with 'requests_browser' strategy...
2026-02-14 14:34:00,319 - INFO - [The Guardian] Success with 'requests_browser'. Found content (915 words).
2026-02-14 14:34:00,362 - INFO - Duplicate article skipped: Ebo Taylor, Ghanaian highlife pioneer and guitarist, dies age 90 | Music | The Guardian from The Guardian
2026-02-14 14:34:01,251 - INFO - [BBC] Article: https://www.bbc.com/news/articles/cn0ex5d4g6xo?at_medium=RSS&at_campaign=rss
2026-02-14 14:34:01,251 - INFO - [BBC] Attempt 1/1: Trying with 'requests_browser' strategy...
2026-02-14 14:34:01,291 - INFO - [BBC] Success with 'requests_browser'. Found content (1036 words).
2026-02-14 14:34:01,333 - INFO - Duplicate article skipped: Bangladesh election: Can new leader bring change after landslide win? from BBC
2026-02-14 14:34:01,704 - INFO - [The Guardian] Article: https://www.theguardian.com/environment/2026/feb/09/weather-tracker-spain-and-portugal-hit-by-third-fatal-storm
2026-02-14 14:34:01,704 - INFO - [The Guardian] Attempt 1/1: Trying with 'requests_browser' strategy...
2026-02-14 14:34:01,819 - INFO - [The Guardian] Success with 'requests_browser'. Found content (391 words).
2026-02-14 14:34:01,864 - INFO - Duplicate article skipped: Weather tracker: Spain and Portugal hit by third deadly storm in two weeks | Flooding | The Guardian from The Guardian
2026-02-14 14:34:02,598 - INFO - [BBC] Article: https://www.bbc.com/news/articles/cwy8dw5zk7yo?at_medium=RSS&at_campaign=rss
2026-02-14 14:34:02,598 - INFO - [BBC] Attempt 1/1: Trying with 'requests_browser' strategy...
2026-02-14 14:34:02,632 - INFO - [BBC] Success with 'requests_browser'. Found content (560 words).
2026-02-14 14:34:02,672 - INFO - Duplicate article skipped: Partial US government shutdown could mean airport delays, travel groups say from BBC
2026-02-14 14:34:02,926 - INFO - [The Guardian] Article: https://www.theguardian.com/world/2026/feb/07/sudan-rsf-drone-attack-rahad-kills-displaced-people
2026-02-14 14:34:02,926 - INFO - [The Guardian] Attempt 1/1: Trying with 'requests_browser' strategy...
2026-02-14 14:34:02,955 - INFO - [The Guardian] Success with 'requests_browser'. Found content (817 words).
2026-02-14 14:34:02,999 - INFO - Duplicate article skipped: RSF drone attack kills 24 people fleeing fighting in central Sudan, says doctors group | Sudan | The Guardian from The Guardian
2026-02-14 14:34:03,893 - INFO - [BBC] Article: https://www.bbc.com/news/articles/cde4kdr2z6do?at_medium=RSS&at_campaign=rss
2026-02-14 14:34:03,893 - INFO - [BBC] Attempt 1/1: Trying with 'requests_browser' strategy...
2026-02-14 14:34:03,932 - INFO - [BBC] Success with 'requests_browser'. Found content (1007 words).
2026-02-14 14:34:03,993 - INFO - Duplicate article skipped: 'Canadians are with you', Carney says at Tumbler Ridge shooting vigil from BBC
2026-02-14 14:34:04,173 - INFO - [The Guardian] Article: https://www.theguardian.com/global-development/2026/feb/07/businesses-close-protest-malawi-tax-changes-electronic-invoicing-system
2026-02-14 14:34:04,173 - INFO - [The Guardian] Attempt 1/1: Trying with 'requests_browser' strategy...
2026-02-14 14:34:04,283 - INFO - [The Guardian] Success with 'requests_browser'. Found content (591 words).
2026-02-14 14:34:04,316 - INFO - Duplicate article skipped: Thousands of Malawi businesses close in protest over tax changes | Global development | The Guardian from The Guardian
2026-02-14 14:34:04,823 - INFO - [BBC] Article: https://www.bbc.com/news/articles/crl4ne5er5zo?at_medium=RSS&at_campaign=rss
2026-02-14 14:34:04,824 - INFO - [BBC] Attempt 1/1: Trying with 'requests_browser' strategy...
2026-02-14 14:34:04,865 - INFO - [BBC] Success with 'requests_browser'. Found content (1120 words).
2026-02-14 14:34:04,912 - INFO - Duplicate article skipped: 'We are not protected' says Hebron mayor, as Israel expands control of West Bank from BBC
2026-02-14 14:34:05,257 - INFO - [The Guardian] Article: https://www.theguardian.com/us-news/2026/feb/14/venezuelan-illegally-deported-return-fears
2026-02-14 14:34:05,257 - INFO - [The Guardian] Attempt 1/1: Trying with 'requests_browser' strategy...
2026-02-14 14:34:05,283 - INFO - [The Guardian] Success with 'requests_browser'. Found content (1169 words).
2026-02-14 14:34:05,321 - INFO - Duplicate article skipped: Venezuelan deportee welcomes chance of US return but fears repeat of ordeal | US immigration | The Guardian from The Guardian
2026-02-14 14:34:05,726 - INFO - [BBC] Article: https://www.bbc.com/news/articles/cge89x7re74o?at_medium=RSS&at_campaign=rss
2026-02-14 14:34:05,726 - INFO - [BBC] Attempt 1/1: Trying with 'requests_browser' strategy...
2026-02-14 14:34:05,755 - INFO - [BBC] Success with 'requests_browser'. Found content (403 words).
2026-02-14 14:34:05,791 - INFO - Duplicate article skipped: Cuba oil refinery fire hits as fuel crisis deepens from BBC
2026-02-14 14:34:06,235 - INFO - [The Guardian] Article: https://www.theguardian.com/world/2026/feb/14/mark-carney-joins-hands-with-canada-opposition-leader-as-he-pays-tribute-to-school-shooting-victims
2026-02-14 14:34:06,235 - INFO - [The Guardian] Attempt 1/1: Trying with 'requests_browser' strategy...
2026-02-14 14:34:06,257 - INFO - [The Guardian] Success with 'requests_browser'. Found content (674 words).
2026-02-14 14:34:06,291 - INFO - Duplicate article skipped: Mark Carney joins hands with Canada opposition leader as he pays tribute to school shooting victims | Tumbler Ridge school shooting | The Guardian from The Guardian
2026-02-14 14:34:06,538 - INFO - [BBC] Article: https://www.bbc.com/news/articles/cy0dn4e1njjo?at_medium=RSS&at_campaign=rss
2026-02-14 14:34:06,539 - INFO - [BBC] Attempt 1/1: Trying with 'requests_browser' strategy...
2026-02-14 14:34:06,573 - INFO - [BBC] Success with 'requests_browser'. Found content (471 words).
2026-02-14 14:34:06,626 - INFO - Saved article: Casey Wasserman to sell talent agency after Epstein fallout - reports from BBC
2026-02-14 14:34:07,219 - INFO - [The Guardian] Article: https://www.theguardian.com/world/2026/feb/13/tumbler-ridge-school-shooting-canada-unity-grief
2026-02-14 14:34:07,219 - INFO - [The Guardian] Attempt 1/1: Trying with 'requests_browser' strategy...
2026-02-14 14:34:07,333 - INFO - [The Guardian] Success with 'requests_browser'. Found content (1001 words).
2026-02-14 14:34:07,372 - INFO - Duplicate article skipped: ‘What word is there for this?’ Tumbler Ridge reaches for unity in storm of grief | Canada | The Guardian from The Guardian
2026-02-14 14:34:07,636 - INFO - Selenium driver initialized successfully.
2026-02-14 14:34:07,636 - INFO - Starting scrape for The Hindu RSS feed: https://www.thehindu.com/news/national/feeder/default.rss
2026-02-14 14:34:07,637 - INFO - Selenium driver initialized successfully.
2026-02-14 14:34:07,637 - INFO - Starting scrape for Times of India RSS feed: https://timesofindia.indiatimes.com/rssfeeds/296589292.cms
2026-02-14 14:34:07,726 - INFO - Found 20 articles in Times of India RSS feed. Processing up to 10.
2026-02-14 14:34:07,726 - INFO - [Times of India] Article: https://timesofindia.indiatimes.com/world/south-asia/pm-modi-should-be-invited-bnps-diplomatic-tone-ahead-of-tarique-rahmans-swearing-in/articleshow/128350757.cms
2026-02-14 14:34:07,726 - INFO - [Times of India] Attempt 1/1: Trying with 'selenium_browser' strategy...
2026-02-14 14:34:08,082 - INFO - [BBC] Article: https://www.bbc.com/news/articles/c8758xv4eqeo?at_medium=RSS&at_campaign=rss
2026-02-14 14:34:08,082 - INFO - [BBC] Attempt 1/1: Trying with 'requests_browser' strategy...
2026-02-14 14:34:08,144 - INFO - Found 100 articles in The Hindu RSS feed. Processing up to 10.
2026-02-14 14:34:08,145 - INFO - [The Hindu] Article: https://www.thehindu.com/news/national/karnataka/1000-days-of-congress-government-kpcc-leader-claims-government-earned-peoples-trust/article70632608.ece
2026-02-14 14:34:08,145 - INFO - [The Hindu] Attempt 1/1: Trying with 'selenium_browser' strategy...
2026-02-14 14:34:08,154 - INFO - [BBC] Success with 'requests_browser'. Found content (504 words).
2026-02-14 14:34:08,202 - INFO - Duplicate article skipped: Orban rival Magyar accuses opponents of planning blackmail ahead of Hungarian election from BBC
2026-02-14 14:34:08,305 - INFO - [The Guardian] Article: https://www.theguardian.com/world/2026/feb/13/haiti-winter-olympics-ski-uniform-redesigned-ioc-guidelines
2026-02-14 14:34:08,305 - INFO - [The Guardian] Attempt 1/1: Trying with 'requests_browser' strategy...
2026-02-14 14:34:08,354 - INFO - [The Guardian] Success with 'requests_browser'. Found content (704 words).
2026-02-14 14:34:08,412 - INFO - Duplicate article skipped: Haiti’s Winter Olympics kit redesigned at last minute to fit IOC guidelines | Haiti | The Guardian from The Guardian
2026-02-14 14:34:08,945 - INFO - [BBC] Article: https://www.bbc.com/news/articles/cd03ee39945o?at_medium=RSS&at_campaign=rss
2026-02-14 14:34:08,945 - INFO - [BBC] Attempt 1/1: Trying with 'requests_browser' strategy...
2026-02-14 14:34:09,076 - INFO - [BBC] Success with 'requests_browser'. Found content (1245 words).
2026-02-14 14:34:09,149 - INFO - Duplicate article skipped: Six possible outcomes of Trump's climate policy change from BBC
2026-02-14 14:34:09,334 - INFO - [The Guardian] Article: https://www.theguardian.com/world/2026/feb/13/canada-school-deaths-suspect-created-shooting-simulator-roblox
2026-02-14 14:34:09,334 - INFO - [The Guardian] Attempt 1/1: Trying with 'requests_browser' strategy...
2026-02-14 14:34:09,381 - INFO - [The Guardian] Success with 'requests_browser'. Found content (430 words).
2026-02-14 14:34:09,467 - INFO - Duplicate article skipped: Canada school deaths suspect created shooting simulator on gaming platform | Tumbler Ridge school shooting | The Guardian from The Guardian
2026-02-14 14:34:12,245 - INFO - [The Hindu] Page content loaded.
2026-02-14 14:34:12,437 - INFO - [The Hindu] Success with 'selenium_browser'. Found content (187 words).
2026-02-14 14:34:12,704 - INFO - Saved article: 1,000 days of Congress government: KPCC leader claims government earned people’s trust - The Hindu from The Hindu
2026-02-14 14:34:13,529 - INFO - [The Hindu] Article: https://www.thehindu.com/news/cities/Hyderabad/the-hindu-impactjoint-review-of-road-widening-work-to-decongest-roads-in-madhapur/article70632224.ece
2026-02-14 14:34:13,530 - INFO - [The Hindu] Attempt 1/1: Trying with 'selenium_browser' strategy...
2026-02-14 14:34:15,314 - INFO - [The Hindu] Page content loaded.
2026-02-14 14:34:15,412 - INFO - [The Hindu] Success with 'selenium_browser'. Found content (247 words).
2026-02-14 14:34:15,546 - INFO - Saved article: The Hindu Impact/Joint review of road-widening work to decongest roads in Madhapur - The Hindu from The Hindu
2026-02-14 14:34:16,369 - INFO - [The Hindu] Article: https://www.thehindu.com/news/national/kerala/national-highway-protection-council-stages-protest-at-adimaly-seeking-resumption-of-nh-work/article70632412.ece
2026-02-14 14:34:16,369 - INFO - [The Hindu] Attempt 1/1: Trying with 'selenium_browser' strategy...
2026-02-14 14:34:17,604 - INFO - [The Hindu] Page content loaded.
2026-02-14 14:34:17,714 - INFO - [The Hindu] Success with 'selenium_browser'. Found content (299 words).
2026-02-14 14:34:17,849 - INFO - Saved article: National Highway Protection Council stages protest at Adimaly seeking resumption of NH work - The Hindu from The Hindu
2026-02-14 14:34:18,682 - INFO - [The Hindu] Article: https://www.thehindu.com/news/national/karnataka/bengaluru-based-research-instituteworking-on-ai-tool-to-improve-spacecraft-hygiene/article70624656.ece
2026-02-14 14:34:18,682 - INFO - [The Hindu] Attempt 1/1: Trying with 'selenium_browser' strategy...
2026-02-14 14:34:20,200 - INFO - [Times of India] Page content loaded.
2026-02-14 14:34:20,634 - INFO - [Times of India] Success with 'selenium_browser'. Found content (492 words).
2026-02-14 14:34:20,824 - INFO - [The Hindu] Page content loaded.
2026-02-14 14:34:20,897 - INFO - Saved article: 'PM Modi should be invited': BNP's diplomatic tone ahead of Tarique Rahman's swearing-in - The Times of India from Times of India
2026-02-14 14:34:20,942 - INFO - [The Hindu] Success with 'selenium_browser'. Found content (341 words).
2026-02-14 14:34:21,062 - INFO - Saved article: Bengaluru-based research institute working on AI tool to improve spacecraft hygiene - The Hindu from The Hindu
2026-02-14 14:34:21,497 - INFO - [Times of India] Article: https://timesofindia.indiatimes.com/world/china/plotting-to-split-china-through-taiwan-beijing-warns-us-interference-could-lead-to-confrontation/articleshow/128349137.cms
2026-02-14 14:34:21,497 - INFO - [Times of India] Attempt 1/1: Trying with 'selenium_browser' strategy...
2026-02-14 14:34:21,578 - INFO - [The Hindu] Article: https://www.thehindu.com/news/national/andhra-pradesh/n-balasubramanyam-appointed-vice-chairman-and-managing-director-of-apsrtc/article70632483.ece
2026-02-14 14:34:21,579 - INFO - [The Hindu] Attempt 1/1: Trying with 'selenium_browser' strategy...
2026-02-14 14:34:23,503 - INFO - [The Hindu] Page content loaded.
2026-02-14 14:34:23,756 - WARNING - [The Hindu] FAILED with 'selenium_browser' (content was too short: 70 words).
2026-02-14 14:34:23,756 - ERROR - [The Hindu] All scrape strategies failed for https://www.thehindu.com/news/national/andhra-pradesh/n-balasubramanyam-appointed-vice-chairman-and-managing-director-of-apsrtc/article70632483.ece. Falling back to RSS description.
2026-02-14 14:34:23,761 - INFO - Saved article: N. Balasubramanyam appointed Vice-Chairman and Managing Director of APSRTC from The Hindu
2026-02-14 14:34:23,814 - INFO - [Times of India] Page content loaded.
2026-02-14 14:34:24,285 - INFO - [Times of India] Success with 'selenium_browser'. Found content (272 words).
2026-02-14 14:34:24,596 - INFO - Saved article: 'Plotting to split China through Taiwan': Beijing warns US interference could lead to confrontation - The Times of India from Times of India
2026-02-14 14:34:25,127 - INFO - [The Hindu] Article: https://www.thehindu.com/news/national/kerala/kottayam-mch-gets-new-facilities-worth-283-crore/article70632164.ece
2026-02-14 14:34:25,128 - INFO - [The Hindu] Attempt 1/1: Trying with 'selenium_browser' strategy...
2026-02-14 14:34:25,336 - INFO - [Times of India] Article: https://timesofindia.indiatimes.com/world/us/you-captured-my-heart-white-house-releases-valentines-day-cards-featuring-nicols-maduro-greenland-and-more/articleshow/128347951.cms
2026-02-14 14:34:25,336 - INFO - [Times of India] Attempt 1/1: Trying with 'selenium_browser' strategy...
2026-02-14 14:34:32,306 - INFO - [The Hindu] Page content loaded.
2026-02-14 14:34:32,628 - INFO - [The Hindu] Success with 'selenium_browser'. Found content (269 words).
2026-02-14 14:34:32,762 - INFO - Saved article: Kottayam MCH gets new facilities worth ₹283 crore - The Hindu from The Hindu
2026-02-14 14:34:34,151 - INFO - [The Hindu] Article: https://www.thehindu.com/news/national/andhra-pradesh/school-education-gets-highest-allocations-of-32308-crore-in-ap-budget/article70632159.ece
2026-02-14 14:34:34,152 - INFO - [The Hindu] Attempt 1/1: Trying with 'selenium_browser' strategy...
2026-02-14 14:34:36,070 - INFO - [The Hindu] Page content loaded.
2026-02-14 14:34:36,429 - INFO - [The Hindu] Success with 'selenium_browser'. Found content (412 words).
2026-02-14 14:34:36,581 - INFO - Saved article: School Education gets highest allocations of ₹32,308 crore in A.P. Budget - The Hindu from The Hindu
2026-02-14 14:34:37,444 - INFO - [The Hindu] Article: https://www.thehindu.com/news/national/karnataka/status-of-minister-to-legislators-party-workers-to-burden-karnataka-exchequer/article70632237.ece
2026-02-14 14:34:37,445 - INFO - [The Hindu] Attempt 1/1: Trying with 'selenium_browser' strategy...
2026-02-14 14:34:37,838 - INFO - [Times of India] Page content loaded.
2026-02-14 14:34:38,112 - INFO - [Times of India] Success with 'selenium_browser'. Found content (337 words).
2026-02-14 14:34:38,378 - INFO - Saved article: 'You captured my heart': White House releases Valentine’s Day cards featuring Nicolás Maduro, Greenland and more - The Times of India from Times of India
2026-02-14 14:34:39,278 - INFO - [The Hindu] Page content loaded.
2026-02-14 14:34:39,530 - INFO - [Times of India] Article: https://timesofindia.indiatimes.com/world/middle-east/uae-astronomers-issue-safety-warning-ahead-of-ramadan-moon-sighting-on-february-17/articleshow/128345863.cms
2026-02-14 14:34:39,530 - INFO - [Times of India] Attempt 1/1: Trying with 'selenium_browser' strategy...
2026-02-14 14:34:40,013 - INFO - [The Hindu] Success with 'selenium_browser'. Found content (451 words).
2026-02-14 14:34:40,174 - INFO - Saved article: Status of Minister to legislators, party workers to burden Karnataka exchequer - The Hindu from The Hindu
2026-02-14 14:34:40,876 - INFO - [The Hindu] Article: https://www.thehindu.com/news/national/kerala/kiifb-sanctions-7321-crore-for-connolly-canal-development/article70632522.ece
2026-02-14 14:34:40,876 - INFO - [The Hindu] Attempt 1/1: Trying with 'selenium_browser' strategy...
2026-02-14 14:34:42,775 - INFO - [The Hindu] Page content loaded.
2026-02-14 14:34:42,977 - INFO - [The Hindu] Success with 'selenium_browser'. Found content (228 words).
2026-02-14 14:34:43,099 - INFO - Saved article: KIIFB sanctions ₹73.21 crore for Connolly Canal development - The Hindu from The Hindu
2026-02-14 14:34:44,517 - INFO - [The Hindu] Article: https://www.thehindu.com/sci-tech/energy-and-environment/indus-basin-water-flows-rose-while-ganga-declined-since-1980-study-shows/article70632322.ece
2026-02-14 14:34:44,518 - INFO - [The Hindu] Attempt 1/1: Trying with 'selenium_browser' strategy...
2026-02-14 14:34:45,018 - INFO - [Times of India] Page content loaded.
2026-02-14 14:34:45,267 - INFO - [Times of India] Success with 'selenium_browser'. Found content (821 words).
2026-02-14 14:34:45,362 - INFO - Duplicate article skipped: UAE astronomers issue safety warning ahead of Ramadan moon sighting on February 17 | World News - The Times of India from Times of India
2026-02-14 14:34:46,813 - INFO - [Times of India] Article: https://timesofindia.indiatimes.com/world/south-asia/we-must-remain-united-bnp-chief-tarique-rahmans-1st-address-after-bangladesh-win/articleshow/128343900.cms
2026-02-14 14:34:46,813 - INFO - [Times of India] Attempt 1/1: Trying with 'selenium_browser' strategy...
2026-02-14 14:34:49,838 - INFO - [The Hindu] Page content loaded.
2026-02-14 14:34:49,964 - INFO - [The Hindu] Success with 'selenium_browser'. Found content (730 words).
2026-02-14 14:34:50,059 - INFO - Saved article: Indus basin water flows rose while Ganga declined since 1980, study shows - The Hindu from The Hindu
2026-02-14 14:34:50,093 - INFO - [Times of India] Page content loaded.
2026-02-14 14:34:50,262 - INFO - [Times of India] Success with 'selenium_browser'. Found content (448 words).
2026-02-14 14:34:50,458 - INFO - Duplicate article skipped: ‘We must remain united’: BNP chief Tarique Rahman’s 1st address after Bangladesh win - The Times of India from Times of India
2026-02-14 14:34:51,445 - INFO - [The Hindu] (Thread) Finished. Attempting to shut down its Selenium driver.
2026-02-14 14:34:51,684 - INFO - [The Hindu] (Thread) driver.quit() successful.
2026-02-14 14:34:51,815 - INFO - [Times of India] Article: https://timesofindia.indiatimes.com/world/us/russia-ukraine-war-marco-rubio-questions-moscows-intent-to-end-conflict-ahead-of-geneva-talks-seeks-stronger-europe-ties/articleshow/128342222.cms
2026-02-14 14:34:51,815 - INFO - [Times of India] Attempt 1/1: Trying with 'selenium_browser' strategy...
2026-02-14 14:34:52,693 - INFO - [Times of India] Page content loaded.
2026-02-14 14:34:52,835 - INFO - [Times of India] Success with 'selenium_browser'. Found content (405 words).
2026-02-14 14:34:52,891 - INFO - Duplicate article skipped: Russia-Ukraine war: Marco Rubio questions Moscow's intent to end conflict ahead of Geneva talks; seeks stronger Europe ties - The Times of India from Times of India
2026-02-14 14:34:54,207 - INFO - [Times of India] Article: https://timesofindia.indiatimes.com/world/south-asia/hindu-extremism-and-big-remark-on-india-ties-by-adviser-of-bnp-chairman-tarique-rahman-after-bangladesh-win/articleshow/128342632.cms
2026-02-14 14:34:54,207 - INFO - [Times of India] Attempt 1/1: Trying with 'selenium_browser' strategy...
2026-02-14 14:35:54,229 - ERROR - [Times of India] Request failed for strategy 'selenium_browser' on URL https://timesofindia.indiatimes.com/world/south-asia/hindu-extremism-and-big-remark-on-india-ties-by-adviser-of-bnp-chairman-tarique-rahman-after-bangladesh-win/articleshow/128342632.cms: Message: timeout: Timed out receiving message from renderer: 59.853
  (Session info: chrome=144.0.7559.132)
Stacktrace:
#0 0x5635ce07ea4a <unknown>
#1 0x5635cda976a2 <unknown>
#2 0x5635cda7ed87 <unknown>
#3 0x5635cda7e996 <unknown>
#4 0x5635cda7c4a1 <unknown>
#5 0x5635cda7ce2f <unknown>
#6 0x5635cda8c360 <unknown>
#7 0x5635cdaa6357 <unknown>
#8 0x5635cdaad56b <unknown>
#9 0x5635cda7d599 <unknown>
#10 0x5635cdaa60ec <unknown>
#11 0x5635cdb35b68 <unknown>
#12 0x5635cdade8b2 <unknown>
#13 0x5635cdadf6a1 <unknown>
#14 0x5635ce0448a9 <unknown>
#15 0x5635ce0477b1 <unknown>
#16 0x5635ce030ea9 <unknown>
#17 0x5635ce04836e <unknown>
#18 0x5635ce017410 <unknown>
#19 0x5635ce06c0c8 <unknown>
#20 0x5635ce06c29b <unknown>
#21 0x5635ce07ddb8 <unknown>
#22 0x7f7b7ec9caa4 <unknown>
#23 0x7f7b7ed29c6c <unknown>

2026-02-14 14:35:54,229 - ERROR - [Times of India] All scrape strategies failed for https://timesofindia.indiatimes.com/world/south-asia/hindu-extremism-and-big-remark-on-india-ties-by-adviser-of-bnp-chairman-tarique-rahman-after-bangladesh-win/articleshow/128342632.cms. Falling back to RSS description.
2026-02-14 14:35:54,230 - INFO - Duplicate article skipped: 'Hindu extremism and ... ': Big remark on India ties by adviser of BNP chairman Tarique Rahman after Bangladesh win from Times of India
2026-02-14 14:35:54,743 - INFO - [Times of India] Article: https://timesofindia.indiatimes.com/world/middle-east/gold-bars-at-saudi-wedding-what-looked-like-24-carat-gifts-was-something-else/articleshow/128339022.cms
2026-02-14 14:35:54,743 - INFO - [Times of India] Attempt 1/1: Trying with 'selenium_browser' strategy...
2026-02-14 14:35:55,731 - INFO - [Times of India] Page content loaded.
2026-02-14 14:35:55,880 - INFO - [Times of India] Success with 'selenium_browser'. Found content (379 words).
2026-02-14 14:35:55,942 - INFO - Duplicate article skipped: ‘Gold Bars’ at Saudi wedding? What looked like 24-carat gifts was something else | World News - The Times of India from Times of India
2026-02-14 14:35:56,570 - INFO - [Times of India] Article: https://timesofindia.indiatimes.com/world/middle-east/sharjah-ruler-acts-on-public-pleas-restores-salary-and-approves-dh300000-education-aid/articleshow/128337290.cms
2026-02-14 14:35:56,571 - INFO - [Times of India] Attempt 1/1: Trying with 'selenium_browser' strategy...
2026-02-14 14:35:57,039 - INFO - [Times of India] Page content loaded.
2026-02-14 14:35:57,232 - INFO - [Times of India] Success with 'selenium_browser'. Found content (436 words).
2026-02-14 14:35:57,320 - INFO - Duplicate article skipped: Sharjah Ruler acts on public pleas, restores salary and approves Dh300,000 education aid | World News - The Times of India from Times of India
2026-02-14 14:35:58,679 - INFO - [Times of India] Article: https://timesofindia.indiatimes.com/world/rest-of-world/8000-year-old-indus-valley-civilisation-could-be-older-than-the-first-egyptian-pharaohs/articleshow/128337748.cms
2026-02-14 14:35:58,679 - INFO - [Times of India] Attempt 1/1: Trying with 'selenium_browser' strategy...
2026-02-14 14:35:59,351 - INFO - [Times of India] Page content loaded.
2026-02-14 14:35:59,604 - INFO - [Times of India] Success with 'selenium_browser'. Found content (553 words).
2026-02-14 14:35:59,655 - INFO - Duplicate article skipped: 8000-year-old Indus Valley Civilisation could be older than the first Egyptian pharaohs | World News - The Times of India from Times of India
2026-02-14 14:36:00,864 - INFO - [Times of India] (Thread) Finished. Attempting to shut down its Selenium driver.
2026-02-14 14:36:01,065 - INFO - [Times of India] (Thread) driver.quit() successful.
2026-02-14 14:36:01,065 - INFO - Shutting down thread pool (wait=False)...
2026-02-14 14:36:01,065 - INFO - Scraped: 10 The Hindu, 1 BBC, 0 The Guardian, 3 Times of India articles. (Total saved: 14)
2026-02-14 14:36:01,065 - INFO - --- Scraping job finished ---
2026-02-14 14:36:01,071 - INFO - --- Scraper service stopped and database connection closed. ---
2026-02-14 14:36:01,071 - INFO - --- Main thread finished. Forcing process exit to kill zombie threads. ---
