2026-01-25 20:30:55,500 - INFO - Initializing database connection at: news_articles.db
2026-01-25 20:30:55,500 - INFO - --- Scraper service started (CI Mode: Run Once) ---
2026-01-25 20:30:55,500 - INFO - --- Starting new scraping job (Parallel Mode) ---
2026-01-25 20:30:55,500 - INFO - Creating new robust session with 3 retries on 5xx/connection/read errors.
2026-01-25 20:30:55,500 - INFO - Proxy is DISABLED.
2026-01-25 20:30:55,500 - INFO - Starting scrape for BBC RSS feed: http://feeds.bbci.co.uk/news/world/rss.xml
2026-01-25 20:30:55,501 - INFO - [Times of India] (Thread) requires Selenium. Initializing driver...
2026-01-25 20:30:55,501 - INFO - Initializing headless Selenium Chrome driver (using SeleniumManager)...
2026-01-25 20:30:55,501 - INFO - Starting scrape for The Guardian RSS feed: https://www.theguardian.com/world/rss
2026-01-25 20:30:55,502 - INFO - [The Hindu] (Thread) requires Selenium. Initializing driver...
2026-01-25 20:30:55,502 - INFO - Initializing headless Selenium Chrome driver (using SeleniumManager)...
2026-01-25 20:30:55,502 - INFO - Submitted 4 jobs to thread pool. Waiting up to 300s for completion...
2026-01-25 20:30:55,625 - INFO - Found 45 articles in The Guardian RSS feed. Processing up to 10.
2026-01-25 20:30:55,625 - INFO - [The Guardian] Article: https://www.theguardian.com/world/2026/jan/23/guinea-bissau-hepatitis-b-vaccine-study
2026-01-25 20:30:55,625 - INFO - [The Guardian] Attempt 1/1: Trying with 'requests_browser' strategy...
2026-01-25 20:30:55,712 - INFO - Found 27 articles in BBC RSS feed. Processing up to 10.
2026-01-25 20:30:55,712 - INFO - [BBC] Article: https://www.bbc.com/news/articles/c62r4g590wqo?at_medium=RSS&at_campaign=rss
2026-01-25 20:30:55,712 - INFO - [BBC] Attempt 1/1: Trying with 'requests_browser' strategy...
2026-01-25 20:30:55,795 - INFO - [The Guardian] Success with 'requests_browser'. Found content (1061 words).
2026-01-25 20:30:55,832 - INFO - Duplicate article skipped: ‘It’s the sovereignty of the country’: Guinea-Bissau says US vaccine study suspended | Guinea-Bissau | The Guardian from The Guardian
2026-01-25 20:30:55,864 - INFO - [BBC] Success with 'requests_browser'. Found content (813 words).
2026-01-25 20:30:55,908 - INFO - Duplicate article skipped: Who was Alex Pretti, the intensive care nurse shot dead in Minneapolis? from BBC
2026-01-25 20:30:56,562 - INFO - [The Guardian] Article: https://www.theguardian.com/global-development/2026/jan/22/actionaid-rethink-child-sponsorship-decolonise-funding
2026-01-25 20:30:56,562 - INFO - [The Guardian] Attempt 1/1: Trying with 'requests_browser' strategy...
2026-01-25 20:30:56,645 - INFO - [The Guardian] Success with 'requests_browser'. Found content (688 words).
2026-01-25 20:30:56,679 - INFO - Duplicate article skipped: ActionAid to rethink child sponsorship as part of plan to ‘decolonise’ its work | Global development | The Guardian from The Guardian
2026-01-25 20:30:56,828 - INFO - [BBC] Article: https://www.bbc.com/news/articles/c62vke5dly2o?at_medium=RSS&at_campaign=rss
2026-01-25 20:30:56,829 - INFO - [BBC] Attempt 1/1: Trying with 'requests_browser' strategy...
2026-01-25 20:30:56,874 - INFO - [BBC] Success with 'requests_browser'. Found content (321 words).
2026-01-25 20:30:56,919 - INFO - Duplicate article skipped: Captain of suspected Russian shadow tanker into French custody from BBC
2026-01-25 20:30:57,642 - INFO - [The Guardian] Article: https://www.theguardian.com/us-news/2026/jan/20/us-diplomats-urged-to-remind-african-leaders-of-us-generosity-despite-usaid-closing
2026-01-25 20:30:57,642 - INFO - [The Guardian] Attempt 1/1: Trying with 'requests_browser' strategy...
2026-01-25 20:30:57,668 - INFO - [The Guardian] Success with 'requests_browser'. Found content (797 words).
2026-01-25 20:30:57,705 - INFO - Duplicate article skipped: Head of US Africa bureau urges staff to highlight US ‘generosity’ despite aid cuts | US foreign policy | The Guardian from The Guardian
2026-01-25 20:30:58,140 - INFO - [BBC] Article: https://www.bbc.com/news/articles/cx2l6wg0p8eo?at_medium=RSS&at_campaign=rss
2026-01-25 20:30:58,140 - INFO - [BBC] Attempt 1/1: Trying with 'requests_browser' strategy...
2026-01-25 20:30:58,170 - INFO - [BBC] Success with 'requests_browser'. Found content (604 words).
2026-01-25 20:30:58,205 - INFO - Duplicate article skipped: Party backed by generals set for landslide in 'sham' Myanmar election from BBC
2026-01-25 20:30:58,769 - INFO - [The Guardian] Article: https://www.theguardian.com/global-development/2026/jan/19/brazen-political-influence-rich-laid-bare-wealth-billionaires-inequality-poverty-instability-oxfam
2026-01-25 20:30:58,770 - INFO - [The Guardian] Attempt 1/1: Trying with 'requests_browser' strategy...
2026-01-25 20:30:58,802 - INFO - [The Guardian] Success with 'requests_browser'. Found content (639 words).
2026-01-25 20:30:58,837 - INFO - Duplicate article skipped: ‘Brazen’ political influence of rich laid bare as wealth of billionaires reaches $18.3tn, says Oxfam | Global development | The Guardian from The Guardian
2026-01-25 20:30:59,386 - INFO - [BBC] Article: https://www.bbc.com/news/articles/c4nnp4d064do?at_medium=RSS&at_campaign=rss
2026-01-25 20:30:59,386 - INFO - [BBC] Attempt 1/1: Trying with 'requests_browser' strategy...
2026-01-25 20:30:59,413 - INFO - [The Guardian] Article: https://www.theguardian.com/world/2026/jan/18/ugandas-president-calls-opponents-terrorists-in-victory-speech
2026-01-25 20:30:59,414 - INFO - [The Guardian] Attempt 1/1: Trying with 'requests_browser' strategy...
2026-01-25 20:30:59,422 - INFO - [BBC] Success with 'requests_browser'. Found content (972 words).
2026-01-25 20:30:59,463 - INFO - Duplicate article skipped: Sir Mark Tully, the BBC's 'voice of India', dies aged 90 from BBC
2026-01-25 20:30:59,584 - INFO - [The Guardian] Success with 'requests_browser'. Found content (533 words).
2026-01-25 20:30:59,626 - INFO - Duplicate article skipped: Uganda’s president calls opponents 'terrorists' in victory speech | Uganda | The Guardian from The Guardian
2026-01-25 20:31:00,291 - INFO - [The Guardian] Article: https://www.theguardian.com/us-news/2026/jan/24/trump-canada-tariff-threat-venezuela-oil
2026-01-25 20:31:00,291 - INFO - [The Guardian] Attempt 1/1: Trying with 'requests_browser' strategy...
2026-01-25 20:31:00,316 - INFO - [The Guardian] Success with 'requests_browser'. Found content (578 words).
2026-01-25 20:31:00,381 - INFO - Duplicate article skipped: Trump threatens Canada with 100% tariff over possible deal with China | US foreign policy | The Guardian from The Guardian
2026-01-25 20:31:00,733 - INFO - [BBC] Article: https://www.bbc.com/news/articles/clymr3pz2kxo?at_medium=RSS&at_campaign=rss
2026-01-25 20:31:00,733 - INFO - [BBC] Attempt 1/1: Trying with 'requests_browser' strategy...
2026-01-25 20:31:00,756 - INFO - [BBC] Success with 'requests_browser'. Found content (344 words).
2026-01-25 20:31:00,787 - INFO - Duplicate article skipped: Venezuela frees dozens of political prisoners, human rights group says from BBC
2026-01-25 20:31:01,390 - INFO - [BBC] Article: https://www.bbc.com/news/articles/c4gl0njzxjdo?at_medium=RSS&at_campaign=rss
2026-01-25 20:31:01,391 - INFO - [BBC] Attempt 1/1: Trying with 'requests_browser' strategy...
2026-01-25 20:31:01,423 - INFO - [BBC] Success with 'requests_browser'. Found content (342 words).
2026-01-25 20:31:01,441 - INFO - [The Guardian] Article: https://www.theguardian.com/world/2026/jan/23/spanish-prosecutors-drop-julio-iglesias-complaint
2026-01-25 20:31:01,446 - INFO - [The Guardian] Attempt 1/1: Trying with 'requests_browser' strategy...
2026-01-25 20:31:01,466 - INFO - Duplicate article skipped: Alex Honnold completes live Netflix free solo climb of Taipei 101 without safety gear from BBC
2026-01-25 20:31:01,480 - INFO - [The Guardian] Success with 'requests_browser'. Found content (423 words).
2026-01-25 20:31:01,513 - INFO - Duplicate article skipped: Spanish prosecutors drop sexual assault complaint against Julio Iglesias | Spain | The Guardian from The Guardian
2026-01-25 20:31:02,342 - INFO - [The Guardian] Article: https://www.theguardian.com/world/2026/jan/23/ryan-wedding-arrested
2026-01-25 20:31:02,342 - INFO - [The Guardian] Attempt 1/1: Trying with 'requests_browser' strategy...
2026-01-25 20:31:02,369 - INFO - [The Guardian] Success with 'requests_browser'. Found content (877 words).
2026-01-25 20:31:02,409 - INFO - Duplicate article skipped: Canadian Olympic snowboarder turned alleged cocaine kingpin in US custody | Canada | The Guardian from The Guardian
2026-01-25 20:31:02,606 - INFO - [BBC] Article: https://www.bbc.com/sport/cycling/articles/cgez09jl05wo?at_medium=RSS&at_campaign=rss
2026-01-25 20:31:02,606 - INFO - [BBC] Attempt 1/1: Trying with 'requests_browser' strategy...
2026-01-25 20:31:02,636 - INFO - [BBC] Success with 'requests_browser'. Found content (397 words).
2026-01-25 20:31:02,679 - INFO - Saved article: Tour Down Under 2026: Jay Vine wins despite crash with kangaroo - BBC Sport from BBC
2026-01-25 20:31:02,790 - INFO - Selenium driver initialized successfully.
2026-01-25 20:31:02,790 - INFO - Starting scrape for Times of India RSS feed: https://timesofindia.indiatimes.com/rssfeeds/296589292.cms
2026-01-25 20:31:02,791 - INFO - Selenium driver initialized successfully.
2026-01-25 20:31:02,791 - INFO - Starting scrape for The Hindu RSS feed: https://www.thehindu.com/news/national/feeder/default.rss
2026-01-25 20:31:02,879 - INFO - Found 100 articles in The Hindu RSS feed. Processing up to 10.
2026-01-25 20:31:02,880 - INFO - [The Hindu] Article: https://www.thehindu.com/news/national/kerala/councillors-to-stage-stir-demanding-steps-to-decongest-vyttila-junction/article70550519.ece
2026-01-25 20:31:02,880 - INFO - [The Hindu] Attempt 1/1: Trying with 'selenium_browser' strategy...
2026-01-25 20:31:02,898 - INFO - Found 20 articles in Times of India RSS feed. Processing up to 10.
2026-01-25 20:31:02,898 - INFO - [Times of India] Article: https://timesofindia.indiatimes.com/world/us/wake-up-call-for-america-obamas-condemn-killing-of-alex-pretti-accuse-trump-of-assault-on-us-values/articleshow/127498132.cms
2026-01-25 20:31:02,898 - INFO - [Times of India] Attempt 1/1: Trying with 'selenium_browser' strategy...
2026-01-25 20:31:02,928 - INFO - [The Guardian] Article: https://www.theguardian.com/world/2026/jan/23/venezuela-leaked-video-delcy-rodriguez-maduro
2026-01-25 20:31:02,928 - INFO - [The Guardian] Attempt 1/1: Trying with 'requests_browser' strategy...
2026-01-25 20:31:02,962 - INFO - [The Guardian] Success with 'requests_browser'. Found content (925 words).
2026-01-25 20:31:02,997 - INFO - Duplicate article skipped: Leaked video shows Venezuela regime’s desperate struggle to control message | Venezuela | The Guardian from The Guardian
2026-01-25 20:31:03,591 - INFO - [BBC] Article: https://www.bbc.com/news/articles/c3edwx37pd9o?at_medium=RSS&at_campaign=rss
2026-01-25 20:31:03,591 - INFO - [BBC] Attempt 1/1: Trying with 'requests_browser' strategy...
2026-01-25 20:31:03,634 - INFO - [BBC] Success with 'requests_browser'. Found content (951 words).
2026-01-25 20:31:03,676 - INFO - Duplicate article skipped: Trump says UK soldiers in Afghanistan 'among greatest of all warriors' from BBC
2026-01-25 20:31:03,824 - INFO - [The Guardian] Article: https://www.theguardian.com/us-news/2026/jan/22/trump-withdraws-invitation-canada
2026-01-25 20:31:03,824 - INFO - [The Guardian] Attempt 1/1: Trying with 'requests_browser' strategy...
2026-01-25 20:31:03,867 - INFO - [The Guardian] Success with 'requests_browser'. Found content (466 words).
2026-01-25 20:31:03,915 - INFO - Duplicate article skipped: Trump withdraws invitation for Canada to join his global ‘board of peace’ | Donald Trump | The Guardian from The Guardian
2026-01-25 20:31:04,535 - INFO - [BBC] Article: https://www.bbc.com/news/articles/cy4qww3w72lo?at_medium=RSS&at_campaign=rss
2026-01-25 20:31:04,535 - INFO - [BBC] Attempt 1/1: Trying with 'requests_browser' strategy...
2026-01-25 20:31:04,581 - INFO - [BBC] Success with 'requests_browser'. Found content (402 words).
2026-01-25 20:31:04,636 - INFO - Duplicate article skipped: Trump threatens Canada with 100% tariffs if it 'makes a deal with China' from BBC
2026-01-25 20:31:05,428 - INFO - [BBC] Article: https://www.bbc.com/news/articles/czx11kw42jeo?at_medium=RSS&at_campaign=rss
2026-01-25 20:31:05,428 - INFO - [BBC] Attempt 1/1: Trying with 'requests_browser' strategy...
2026-01-25 20:31:05,551 - INFO - [BBC] Success with 'requests_browser'. Found content (911 words).
2026-01-25 20:31:05,682 - INFO - Duplicate article skipped: Troye Sivan: Cosmetic doctor sorry for upsetting singer in video from BBC
2026-01-25 20:31:12,332 - INFO - [The Hindu] Page content loaded.
2026-01-25 20:31:12,587 - INFO - [The Hindu] Success with 'selenium_browser'. Found content (482 words).
2026-01-25 20:31:12,723 - INFO - Saved article: Councillors to stage stir demanding steps to decongest Vyttila Junction - The Hindu from The Hindu
2026-01-25 20:31:13,384 - INFO - [The Hindu] Article: https://www.thehindu.com/news/national/jammu-kashmir-kishtwar-terrorists-encounter-january-26-2026/article70550890.ece
2026-01-25 20:31:13,384 - INFO - [The Hindu] Attempt 1/1: Trying with 'selenium_browser' strategy...
2026-01-25 20:32:02,914 - ERROR - [Times of India] Request failed for strategy 'selenium_browser' on URL https://timesofindia.indiatimes.com/world/us/wake-up-call-for-america-obamas-condemn-killing-of-alex-pretti-accuse-trump-of-assault-on-us-values/articleshow/127498132.cms: Message: timeout: Timed out receiving message from renderer: 59.956
  (Session info: chrome=144.0.7559.59)
Stacktrace:
#0 0x55db06357c3a <unknown>
#1 0x55db05d71969 <unknown>
#2 0x55db05d59201 <unknown>
#3 0x55db05d58e26 <unknown>
#4 0x55db05d5694b <unknown>
#5 0x55db05d572cf <unknown>
#6 0x55db05d66700 <unknown>
#7 0x55db05d806f7 <unknown>
#8 0x55db05d8797b <unknown>
#9 0x55db05d57a39 <unknown>
#10 0x55db05d8048a <unknown>
#11 0x55db05e0fd98 <unknown>
#12 0x55db05db8be2 <unknown>
#13 0x55db05db9991 <unknown>
#14 0x55db0631da99 <unknown>
#15 0x55db063209b1 <unknown>
#16 0x55db0630a0a9 <unknown>
#17 0x55db0632156e <unknown>
#18 0x55db062f05e0 <unknown>
#19 0x55db06345358 <unknown>
#20 0x55db06345528 <unknown>
#21 0x55db06356fa8 <unknown>
#22 0x7f672de9caa4 <unknown>
#23 0x7f672df29c6c <unknown>

2026-01-25 20:32:02,914 - ERROR - [Times of India] All scrape strategies failed for https://timesofindia.indiatimes.com/world/us/wake-up-call-for-america-obamas-condemn-killing-of-alex-pretti-accuse-trump-of-assault-on-us-values/articleshow/127498132.cms. Falling back to RSS description.
2026-01-25 20:32:02,915 - INFO - Saved article: ‘Wake-up call for America’: Obamas condemn killing of Alex Pretti, accuse Trump of assault on US values from Times of India
2026-01-25 20:32:03,701 - INFO - [Times of India] Article: https://timesofindia.indiatimes.com/world/us-streamers/ishowspeeds-africa-tour-moment-turns-tense-after-on-camera-attack-in-ivory-coast/articleshow/127498573.cms
2026-01-25 20:32:03,702 - INFO - [Times of India] Attempt 1/1: Trying with 'selenium_browser' strategy...
2026-01-25 20:32:07,293 - INFO - [Times of India] Page content loaded.
2026-01-25 20:32:07,637 - INFO - [Times of India] Success with 'selenium_browser'. Found content (429 words).
2026-01-25 20:32:07,844 - INFO - Saved article: IShowSpeed’s Africa tour moment turns tense after on-camera attack in Ivory Coast - The Times of India from Times of India
2026-01-25 20:32:09,217 - INFO - [Times of India] Article: https://timesofindia.indiatimes.com/etimes/trending/how-alex-honnold-climbed-a-500-metre-tower-without-safety-gear-inside-his-fearless-brain/articleshow/127496115.cms
2026-01-25 20:32:09,217 - INFO - [Times of India] Attempt 1/1: Trying with 'selenium_browser' strategy...
2026-01-25 20:32:11,292 - INFO - [Times of India] Page content loaded.
2026-01-25 20:32:11,392 - INFO - [Times of India] Success with 'selenium_browser'. Found content (212 words).
2026-01-25 20:32:11,427 - INFO - Saved article: How Alex Honnold climbed a 500-metre tower without safety gear — Inside his fearless brain - The Times of India from Times of India
2026-01-25 20:32:12,422 - INFO - [Times of India] Article: https://timesofindia.indiatimes.com/world/us/twitter-brained-megyn-kelly-slammed-online-for-sarcastic-take-on-ice-shooting-of-alex-pretti/articleshow/127481093.cms
2026-01-25 20:32:12,422 - INFO - [Times of India] Attempt 1/1: Trying with 'selenium_browser' strategy...
2026-01-25 20:32:13,429 - ERROR - [The Hindu] Request failed for strategy 'selenium_browser' on URL https://www.thehindu.com/news/national/jammu-kashmir-kishtwar-terrorists-encounter-january-26-2026/article70550890.ece: Message: timeout: Timed out receiving message from renderer: 59.946
  (Session info: chrome=144.0.7559.59)
Stacktrace:
#0 0x556e33ee8c3a <unknown>
#1 0x556e33902969 <unknown>
#2 0x556e338ea201 <unknown>
#3 0x556e338e9e26 <unknown>
#4 0x556e338e794b <unknown>
#5 0x556e338e82cf <unknown>
#6 0x556e338f7700 <unknown>
#7 0x556e339116f7 <unknown>
#8 0x556e3391897b <unknown>
#9 0x556e338e8a39 <unknown>
#10 0x556e3391148a <unknown>
#11 0x556e339a0d98 <unknown>
#12 0x556e33949be2 <unknown>
#13 0x556e3394a991 <unknown>
#14 0x556e33eaea99 <unknown>
#15 0x556e33eb19b1 <unknown>
#16 0x556e33e9b0a9 <unknown>
#17 0x556e33eb256e <unknown>
#18 0x556e33e815e0 <unknown>
#19 0x556e33ed6358 <unknown>
#20 0x556e33ed6528 <unknown>
#21 0x556e33ee7fa8 <unknown>
#22 0x7f92da89caa4 <unknown>
#23 0x7f92da929c6c <unknown>

2026-01-25 20:32:13,429 - ERROR - [The Hindu] All scrape strategies failed for https://www.thehindu.com/news/national/jammu-kashmir-kishtwar-terrorists-encounter-january-26-2026/article70550890.ece. Falling back to RSS description.
2026-01-25 20:32:13,437 - INFO - Saved article: Fresh encounter breaks out between security forces, terrorists in Jammu and Kashmir’s Kishtwar from The Hindu
2026-01-25 20:32:13,720 - INFO - [Times of India] Page content loaded.
2026-01-25 20:32:13,791 - INFO - [Times of India] Success with 'selenium_browser'. Found content (217 words).
2026-01-25 20:32:13,820 - INFO - Saved article: 'Twitter-brained': Megyn Kelly slammed online for sarcastic take on ICE shooting of Alex Pretti | World News - The Times of India from Times of India
2026-01-25 20:32:14,922 - INFO - [The Hindu] Article: https://www.thehindu.com/news/national/jharkhand/shibu-soren-is-and-will-forever-remain-bharat-ratna-jharkhand-cm-on-padma-bhushan-to-father/article70550847.ece
2026-01-25 20:32:14,922 - INFO - [The Hindu] Attempt 1/1: Trying with 'selenium_browser' strategy...
2026-01-25 20:32:15,092 - INFO - [Times of India] Article: https://timesofindia.indiatimes.com/world/us-streamers/respect-the-rhythm-of-the-wild-kenyan-guide-opens-up-on-cultural-clashes-during-ishowspeeds-maasai-mara-visit/articleshow/127448526.cms
2026-01-25 20:32:15,092 - INFO - [Times of India] Attempt 1/1: Trying with 'selenium_browser' strategy...
2026-01-25 20:32:17,571 - INFO - [Times of India] Page content loaded.
2026-01-25 20:32:18,003 - INFO - [Times of India] Success with 'selenium_browser'. Found content (352 words).
2026-01-25 20:32:18,133 - INFO - Saved article: “Respect the rhythm of the wild”: Kenyan guide opens up on cultural clashes during IShowSpeed’s Maasai Mara visit - The Times of India from Times of India
2026-01-25 20:32:18,800 - INFO - [The Hindu] Page content loaded.
2026-01-25 20:32:18,954 - INFO - [The Hindu] Success with 'selenium_browser'. Found content (857 words).
2026-01-25 20:32:19,076 - INFO - Saved article: Shibu Soren is and will forever remain 'Bharat Ratna': Jharkhand CM on Padma Bhushan to father - The Hindu from The Hindu
2026-01-25 20:32:19,357 - INFO - [Times of India] Article: https://timesofindia.indiatimes.com/world/us-streamers/so-uncomfortable-candace-owens-claims-to-have-internal-tpusa-zoom-call-after-charlie-kirks-death/articleshow/127447970.cms
2026-01-25 20:32:19,357 - INFO - [Times of India] Attempt 1/1: Trying with 'selenium_browser' strategy...
2026-01-25 20:32:20,425 - INFO - [The Hindu] Article: https://www.thehindu.com/news/cities/chennai/sections-of-east-coast-road-from-akkarai-to-mamallapuram-to-be-relaid-by-tnrdc/article70550521.ece
2026-01-25 20:32:20,425 - INFO - [The Hindu] Attempt 1/1: Trying with 'selenium_browser' strategy...
2026-01-25 20:32:21,102 - INFO - [Times of India] Page content loaded.
2026-01-25 20:32:21,348 - INFO - [Times of India] Success with 'selenium_browser'. Found content (364 words).
2026-01-25 20:32:21,385 - INFO - [The Hindu] Page content loaded.
2026-01-25 20:32:21,428 - INFO - Saved article: “So uncomfortable”: Candace Owens claims to have internal TPUSA Zoom call after Charlie Kirk’s death - The Times of India from Times of India
2026-01-25 20:32:21,668 - INFO - [The Hindu] Success with 'selenium_browser'. Found content (402 words).
2026-01-25 20:32:21,794 - INFO - Saved article: Sections of East Coast Road from Akkarai to Mamallapuram to be relaid by TNRDC - The Hindu from The Hindu
2026-01-25 20:32:22,503 - INFO - [The Hindu] Article: https://www.thehindu.com/news/national/tamil-nadu/chief-minister-to-inaugurate-88-houses-for-sri-lankan-tamils-in-tirupattur-next-week/article70549338.ece
2026-01-25 20:32:22,503 - INFO - [The Hindu] Attempt 1/1: Trying with 'selenium_browser' strategy...
2026-01-25 20:32:22,545 - INFO - [Times of India] Article: https://timesofindia.indiatimes.com/etimes/trending/us-man-responds-to-his-own-wanted-poster-flirts-with-police-online-for-days-before-surrendering/articleshow/127493366.cms
2026-01-25 20:32:22,546 - INFO - [Times of India] Attempt 1/1: Trying with 'selenium_browser' strategy...
2026-01-25 20:32:24,530 - INFO - [The Hindu] Page content loaded.
2026-01-25 20:32:24,971 - INFO - [The Hindu] Success with 'selenium_browser'. Found content (425 words).
2026-01-25 20:32:25,151 - INFO - Saved article: Chief Minister to inaugurate 88 houses for Sri Lankan Tamils in Tirupattur next week - The Hindu from The Hindu
2026-01-25 20:32:25,354 - INFO - [Times of India] Page content loaded.
2026-01-25 20:32:25,624 - INFO - [Times of India] Success with 'selenium_browser'. Found content (591 words).
2026-01-25 20:32:25,786 - INFO - Saved article: US man responds to his own wanted poster, 'flirts' with police online for days before surrendering | - The Times of India from Times of India
2026-01-25 20:32:26,323 - INFO - [The Hindu] Article: https://www.thehindu.com/news/national/tamil-nadu/mathematics-competition-for-school-students-held-at-vit-in-vellore/article70546570.ece
2026-01-25 20:32:26,323 - INFO - [The Hindu] Attempt 1/1: Trying with 'selenium_browser' strategy...
2026-01-25 20:32:26,647 - INFO - [Times of India] Article: https://timesofindia.indiatimes.com/world/us/chinas-top-general-accused-of-leaking-nuclear-secrets-to-us-in-exchange-for-official-promotions-report/articleshow/127493568.cms
2026-01-25 20:32:26,647 - INFO - [Times of India] Attempt 1/1: Trying with 'selenium_browser' strategy...
2026-01-25 20:32:28,139 - INFO - [The Hindu] Page content loaded.
2026-01-25 20:32:28,225 - INFO - [The Hindu] Success with 'selenium_browser'. Found content (162 words).
2026-01-25 20:32:28,363 - INFO - Saved article: Mathematics competition for school students held at VIT in Vellore - The Hindu from The Hindu
2026-01-25 20:32:28,597 - INFO - [Times of India] Page content loaded.
2026-01-25 20:32:28,895 - INFO - [Times of India] Success with 'selenium_browser'. Found content (265 words).
2026-01-25 20:32:29,091 - INFO - Duplicate article skipped: China’s top general accused of leaking nuclear secrets to US in exchange for official promotions: Report - The Times of India from Times of India
2026-01-25 20:32:29,513 - INFO - [The Hindu] Article: https://www.thehindu.com/news/national/tamil-nadu/no-space-for-hindi-then-now-or-ever-says-stalin/article70549378.ece
2026-01-25 20:32:29,513 - INFO - [The Hindu] Attempt 1/1: Trying with 'selenium_browser' strategy...
2026-01-25 20:32:30,240 - INFO - [Times of India] Article: https://timesofindia.indiatimes.com/world/us/explained-the-snl-joke-about-usha-vance-being-jd-vances-beard/articleshow/127493951.cms
2026-01-25 20:32:30,240 - INFO - [Times of India] Attempt 1/1: Trying with 'selenium_browser' strategy...
2026-01-25 20:32:32,050 - INFO - [The Hindu] Page content loaded.
2026-01-25 20:32:32,425 - INFO - [The Hindu] Success with 'selenium_browser'. Found content (368 words).
2026-01-25 20:32:32,747 - INFO - Saved article: No space for Hindi then, now, or ever, says Stalin - The Hindu from The Hindu
2026-01-25 20:32:32,830 - INFO - [Times of India] Page content loaded.
2026-01-25 20:32:33,042 - INFO - [Times of India] Success with 'selenium_browser'. Found content (726 words).
2026-01-25 20:32:33,279 - INFO - Duplicate article skipped: Explained: The SNL joke about Usha Vance being JD Vance's 'beard' - The Times of India from Times of India
2026-01-25 20:32:34,021 - INFO - [The Hindu] Article: https://www.thehindu.com/news/national/tamil-nadu/minister-lays-foundation-for-bypass-in-tiruvallur-town/article70546394.ece
2026-01-25 20:32:34,021 - INFO - [The Hindu] Attempt 1/1: Trying with 'selenium_browser' strategy...
2026-01-25 20:32:34,167 - INFO - [Times of India] Article: https://timesofindia.indiatimes.com/world/us/winter-storm-sweeps-us-over-800k-people-left-without-power-amid-cold-and-snowfall/articleshow/127486471.cms
2026-01-25 20:32:34,167 - INFO - [Times of India] Attempt 1/1: Trying with 'selenium_browser' strategy...
2026-01-25 20:32:35,577 - INFO - [The Hindu] Page content loaded.
2026-01-25 20:32:35,625 - INFO - [The Hindu] Success with 'selenium_browser'. Found content (232 words).
2026-01-25 20:32:35,715 - INFO - Saved article: Minister lays foundation for bypass in Tiruvallur town - The Hindu from The Hindu
2026-01-25 20:32:36,096 - INFO - [Times of India] Page content loaded.
2026-01-25 20:32:36,265 - INFO - [Times of India] Success with 'selenium_browser'. Found content (530 words).
2026-01-25 20:32:36,349 - INFO - Duplicate article skipped: Winter storm sweeps US: Over 800k people left without power amid cold and snowfall - The Times of India from Times of India
2026-01-25 20:32:36,495 - INFO - [The Hindu] Article: https://www.thehindu.com/news/cities/chennai/work-to-construct-fob-at-velachery-begins/article70550653.ece
2026-01-25 20:32:36,495 - INFO - [The Hindu] Attempt 1/1: Trying with 'selenium_browser' strategy...
2026-01-25 20:32:37,645 - INFO - [Times of India] (Thread) Finished. Attempting to shut down its Selenium driver.
2026-01-25 20:32:38,042 - INFO - [Times of India] (Thread) driver.quit() successful.
2026-01-25 20:32:38,371 - INFO - [The Hindu] Page content loaded.
2026-01-25 20:32:38,475 - INFO - [The Hindu] Success with 'selenium_browser'. Found content (278 words).
2026-01-25 20:32:38,559 - INFO - Saved article: Work to construct FOB at Velachery begins - The Hindu from The Hindu
2026-01-25 20:32:39,945 - INFO - [The Hindu] Article: https://www.thehindu.com/news/national/tamil-nadu/over-3000-police-personnel-deployed-for-republic-day-celebrations-in-vellore-nearby-districts/article70549343.ece
2026-01-25 20:32:39,945 - INFO - [The Hindu] Attempt 1/1: Trying with 'selenium_browser' strategy...
2026-01-25 20:32:41,384 - INFO - [The Hindu] Page content loaded.
2026-01-25 20:32:41,484 - INFO - [The Hindu] Success with 'selenium_browser'. Found content (272 words).
2026-01-25 20:32:41,569 - INFO - Saved article: Over 3,000 police personnel deployed for Republic Day celebrations in Vellore, nearby districts - The Hindu from The Hindu
2026-01-25 20:32:42,920 - INFO - [The Hindu] (Thread) Finished. Attempting to shut down its Selenium driver.
2026-01-25 20:32:43,137 - INFO - [The Hindu] (Thread) driver.quit() successful.
2026-01-25 20:32:43,137 - INFO - Shutting down thread pool (wait=False)...
2026-01-25 20:32:43,137 - INFO - Scraped: 1 BBC, 10 The Hindu, 7 Times of India, 0 The Guardian articles. (Total saved: 18)
2026-01-25 20:32:43,137 - INFO - --- Scraping job finished ---
2026-01-25 20:32:43,143 - INFO - --- Scraper service stopped and database connection closed. ---
2026-01-25 20:32:43,143 - INFO - --- Main thread finished. Forcing process exit to kill zombie threads. ---
