2025-12-22 12:54:19,397 - INFO - Initializing database connection at: news_articles.db
2025-12-22 12:54:19,397 - INFO - --- Scraper service started (CI Mode: Run Once) ---
2025-12-22 12:54:19,397 - INFO - --- Starting new scraping job (Parallel Mode) ---
2025-12-22 12:54:19,397 - INFO - Creating new robust session with 3 retries on 5xx/connection/read errors.
2025-12-22 12:54:19,398 - INFO - Proxy is DISABLED.
2025-12-22 12:54:19,398 - INFO - Starting scrape for BBC RSS feed: http://feeds.bbci.co.uk/news/world/rss.xml
2025-12-22 12:54:19,398 - INFO - [Times of India] (Thread) requires Selenium. Initializing driver...
2025-12-22 12:54:19,398 - INFO - Initializing headless Selenium Chrome driver (using SeleniumManager)...
2025-12-22 12:54:19,399 - INFO - Starting scrape for The Guardian RSS feed: https://www.theguardian.com/world/rss
2025-12-22 12:54:19,399 - INFO - [The Hindu] (Thread) requires Selenium. Initializing driver...
2025-12-22 12:54:19,399 - INFO - Initializing headless Selenium Chrome driver (using SeleniumManager)...
2025-12-22 12:54:19,399 - INFO - Submitted 4 jobs to thread pool. Waiting up to 300s for completion...
2025-12-22 12:54:19,521 - INFO - Found 45 articles in The Guardian RSS feed. Processing up to 10.
2025-12-22 12:54:19,521 - INFO - [The Guardian] Article: https://www.theguardian.com/world/2025/dec/22/freed-nigerian-schoolchildren-set-to-be-reunited-with-families
2025-12-22 12:54:19,521 - INFO - [The Guardian] Attempt 1/1: Trying with 'requests_browser' strategy...
2025-12-22 12:54:19,627 - INFO - [The Guardian] Success with 'requests_browser'. Found content (366 words).
2025-12-22 12:54:19,670 - INFO - Saved article: Freed Nigerian schoolchildren to be reunited with families | Nigeria | The Guardian from The Guardian
2025-12-22 12:54:19,863 - INFO - Found 29 articles in BBC RSS feed. Processing up to 10.
2025-12-22 12:54:19,863 - INFO - [BBC] Article: https://www.bbc.com/news/articles/ce86l95gx5po?at_medium=RSS&at_campaign=rss
2025-12-22 12:54:19,863 - INFO - [BBC] Attempt 1/1: Trying with 'requests_browser' strategy...
2025-12-22 12:54:20,059 - INFO - [BBC] Success with 'requests_browser'. Found content (919 words).
2025-12-22 12:54:20,097 - INFO - Duplicate article skipped: Bondi gunmen 'meticulously' planned attack for months, police allege from BBC
2025-12-22 12:54:20,637 - INFO - [The Guardian] Article: https://www.theguardian.com/world/2025/dec/21/more-kidnapped-schoolchildren-freed-in-nigeria
2025-12-22 12:54:20,637 - INFO - [The Guardian] Attempt 1/1: Trying with 'requests_browser' strategy...
2025-12-22 12:54:20,663 - INFO - [The Guardian] Success with 'requests_browser'. Found content (382 words).
2025-12-22 12:54:20,694 - INFO - [BBC] Article: https://www.bbc.com/news/articles/c8jwn9wznx1o?at_medium=RSS&at_campaign=rss
2025-12-22 12:54:20,697 - INFO - [BBC] Attempt 1/1: Trying with 'requests_browser' strategy...
2025-12-22 12:54:20,698 - INFO - Duplicate article skipped: Another 130 kidnapped schoolchildren released in Nigeria | Nigeria | The Guardian from The Guardian
2025-12-22 12:54:20,722 - INFO - [BBC] Success with 'requests_browser'. Found content (313 words).
2025-12-22 12:54:20,753 - INFO - Duplicate article skipped: Russian general killed by car bomb in Moscow, officials say from BBC
2025-12-22 12:54:21,482 - INFO - [The Guardian] Article: https://www.theguardian.com/uk-news/2025/dec/21/manchester-museum-uncover-hidden-histories-africa-hub
2025-12-22 12:54:21,482 - INFO - [The Guardian] Attempt 1/1: Trying with 'requests_browser' strategy...
2025-12-22 12:54:21,504 - INFO - [The Guardian] Success with 'requests_browser'. Found content (543 words).
2025-12-22 12:54:21,541 - INFO - Duplicate article skipped: Manchester Museum seeks help to uncover hidden histories of African collection | Manchester | The Guardian from The Guardian
2025-12-22 12:54:21,545 - INFO - [BBC] Article: https://www.bbc.com/news/articles/cdd5j9jdvy9o?at_medium=RSS&at_campaign=rss
2025-12-22 12:54:21,545 - INFO - [BBC] Attempt 1/1: Trying with 'requests_browser' strategy...
2025-12-22 12:54:21,572 - INFO - [BBC] Success with 'requests_browser'. Found content (661 words).
2025-12-22 12:54:21,610 - INFO - Saved article: US lawmakers threaten Pam Bondi with contempt action over unreleased Epstein material from BBC
2025-12-22 12:54:22,552 - INFO - [BBC] Article: https://www.bbc.com/news/articles/cn5lnzlvqg2o?at_medium=RSS&at_campaign=rss
2025-12-22 12:54:22,552 - INFO - [BBC] Attempt 1/1: Trying with 'requests_browser' strategy...
2025-12-22 12:54:22,576 - INFO - [BBC] Success with 'requests_browser'. Found content (529 words).
2025-12-22 12:54:22,612 - INFO - Duplicate article skipped: US and Ukraine call Miami talks productive despite no breakthrough from BBC
2025-12-22 12:54:22,630 - INFO - [The Guardian] Article: https://www.theguardian.com/global-development/2025/dec/21/sweden-and-germany-slash-aid-budgets-to-focus-on-ukraine-and-defence-spending
2025-12-22 12:54:22,630 - INFO - [The Guardian] Attempt 1/1: Trying with 'requests_browser' strategy...
2025-12-22 12:54:22,661 - INFO - [The Guardian] Success with 'requests_browser'. Found content (721 words).
2025-12-22 12:54:22,697 - INFO - Duplicate article skipped: Sweden and Germany slash aid budgets to focus on Ukraine and defence spending | Global development | The Guardian from The Guardian
2025-12-22 12:54:23,400 - INFO - [BBC] Article: https://www.bbc.com/news/articles/c5ydej888n9o?at_medium=RSS&at_campaign=rss
2025-12-22 12:54:23,400 - INFO - [BBC] Attempt 1/1: Trying with 'requests_browser' strategy...
2025-12-22 12:54:23,428 - INFO - [BBC] Success with 'requests_browser'. Found content (653 words).
2025-12-22 12:54:23,465 - INFO - Duplicate article skipped: Thailand, Cambodia agree to talks in bid to end deadly conflict - minister from BBC
2025-12-22 12:54:23,931 - INFO - [The Guardian] Article: https://www.theguardian.com/world/2025/dec/21/gunmen-johannesburg-township-in-south-africas-second-mass-shooting-within-weeks
2025-12-22 12:54:23,931 - INFO - [The Guardian] Attempt 1/1: Trying with 'requests_browser' strategy...
2025-12-22 12:54:23,953 - INFO - [The Guardian] Success with 'requests_browser'. Found content (473 words).
2025-12-22 12:54:24,005 - INFO - [BBC] Article: https://www.bbc.com/news/articles/cd74ldr2zryo?at_medium=RSS&at_campaign=rss
2025-12-22 12:54:24,010 - INFO - [BBC] Attempt 1/1: Trying with 'requests_browser' strategy...
2025-12-22 12:54:24,016 - INFO - Saved article: Gunmen kill nine in Johannesburg township in South Africa’s second mass shooting this month | South Africa | The Guardian from The Guardian
2025-12-22 12:54:24,038 - INFO - [BBC] Success with 'requests_browser'. Found content (524 words).
2025-12-22 12:54:24,075 - INFO - Saved article: Gold price climbs above $4,400 to hit record high from BBC
2025-12-22 12:54:24,573 - INFO - [The Guardian] Article: https://www.theguardian.com/media/2025/dec/22/cbs-news-delays-60-minutes-segment-featuring-investigation-into-cecot-megaprison
2025-12-22 12:54:24,573 - INFO - [The Guardian] Attempt 1/1: Trying with 'requests_browser' strategy...
2025-12-22 12:54:24,598 - INFO - [The Guardian] Success with 'requests_browser'. Found content (713 words).
2025-12-22 12:54:24,633 - INFO - Duplicate article skipped: CBS News delays 60 Minutes segment featuring investigation into El Salvador’s Cecot megaprison | CBS | The Guardian from The Guardian
2025-12-22 12:54:24,852 - INFO - [BBC] Article: https://www.bbc.com/news/articles/cjrjpdz33vxo?at_medium=RSS&at_campaign=rss
2025-12-22 12:54:24,852 - INFO - [BBC] Attempt 1/1: Trying with 'requests_browser' strategy...
2025-12-22 12:54:24,878 - INFO - [BBC] Success with 'requests_browser'. Found content (1328 words).
2025-12-22 12:54:24,913 - INFO - Duplicate article skipped: In rebel-held Myanmar, civilians flee junta airstrikes and a forced election from BBC
2025-12-22 12:54:25,357 - INFO - [The Guardian] Article: https://www.theguardian.com/world/2025/dec/22/man-jailed-1335-years-el-salvador-sentences-ms-13-gang-members
2025-12-22 12:54:25,357 - INFO - [The Guardian] Attempt 1/1: Trying with 'requests_browser' strategy...
2025-12-22 12:54:25,380 - INFO - [The Guardian] Success with 'requests_browser'. Found content (273 words).
2025-12-22 12:54:25,417 - INFO - Duplicate article skipped: Man jailed for 1,335 years as El Salvador sentences almost 250 MS-13 gang members | El Salvador | The Guardian from The Guardian
2025-12-22 12:54:26,094 - INFO - [The Guardian] Article: https://www.theguardian.com/us-news/2025/dec/21/coast-guard-pursuing-oil-tanker-venezuela-coast
2025-12-22 12:54:26,095 - INFO - [The Guardian] Attempt 1/1: Trying with 'requests_browser' strategy...
2025-12-22 12:54:26,118 - INFO - [The Guardian] Success with 'requests_browser'. Found content (651 words).
2025-12-22 12:54:26,131 - INFO - [BBC] Article: https://www.bbc.com/news/articles/c99722j4lkgo?at_medium=RSS&at_campaign=rss
2025-12-22 12:54:26,131 - INFO - [BBC] Attempt 1/1: Trying with 'requests_browser' strategy...
2025-12-22 12:54:26,159 - INFO - Saved article: US Coast Guard pursuing another oil tanker off coast of Venezuela | Trump administration | The Guardian from The Guardian
2025-12-22 12:54:26,179 - INFO - [BBC] Success with 'requests_browser'. Found content (606 words).
2025-12-22 12:54:26,214 - INFO - Duplicate article skipped: US reportedly pursuing third oil tanker linked to Venezuela from BBC
2025-12-22 12:54:26,970 - INFO - [BBC] Article: https://www.bbc.com/news/articles/c3d03943zg8o?at_medium=RSS&at_campaign=rss
2025-12-22 12:54:26,970 - INFO - [BBC] Attempt 1/1: Trying with 'requests_browser' strategy...
2025-12-22 12:54:27,000 - INFO - [BBC] Success with 'requests_browser'. Found content (597 words).
2025-12-22 12:54:27,022 - INFO - [The Guardian] Article: https://www.theguardian.com/us-news/2025/dec/20/us-second-merchant-vessel-venezuela
2025-12-22 12:54:27,022 - INFO - [The Guardian] Attempt 1/1: Trying with 'requests_browser' strategy...
2025-12-22 12:54:27,049 - INFO - Duplicate article skipped: Nigeria Papiri kidnapping: All pupils kidnapped from Catholic school now free - officials from BBC
2025-12-22 12:54:27,066 - INFO - [The Guardian] Success with 'requests_browser'. Found content (911 words).
2025-12-22 12:54:27,110 - INFO - Duplicate article skipped: US intercepts second merchant vessel off coast of Venezuela in international waters | US military | The Guardian from The Guardian
2025-12-22 12:54:27,675 - INFO - [BBC] Article: https://www.bbc.com/news/articles/cj9ydj7y0vvo?at_medium=RSS&at_campaign=rss
2025-12-22 12:54:27,675 - INFO - [BBC] Attempt 1/1: Trying with 'requests_browser' strategy...
2025-12-22 12:54:27,701 - INFO - [BBC] Success with 'requests_browser'. Found content (895 words).
2025-12-22 12:54:27,739 - INFO - Saved article: Australian move to fast-track new gun and protest laws draws criticism from BBC
2025-12-22 12:54:28,034 - INFO - Selenium driver initialized successfully.
2025-12-22 12:54:28,034 - INFO - Starting scrape for The Hindu RSS feed: https://www.thehindu.com/news/national/feeder/default.rss
2025-12-22 12:54:28,035 - INFO - Selenium driver initialized successfully.
2025-12-22 12:54:28,035 - INFO - Starting scrape for Times of India RSS feed: https://timesofindia.indiatimes.com/rssfeeds/296589292.cms
2025-12-22 12:54:28,137 - INFO - Found 20 articles in Times of India RSS feed. Processing up to 10.
2025-12-22 12:54:28,138 - INFO - [Times of India] Article: https://timesofindia.indiatimes.com/world/us/my-father-came-to-us-in-60s-i-was-born-in-dc-omar-fateh-hits-back-at-jd-vances-mayor-of-mogadishu-jibe/articleshow/126121734.cms
2025-12-22 12:54:28,138 - INFO - [Times of India] Attempt 1/1: Trying with 'selenium_browser' strategy...
2025-12-22 12:54:28,162 - INFO - Found 100 articles in The Hindu RSS feed. Processing up to 10.
2025-12-22 12:54:28,162 - INFO - [The Hindu] Article: https://www.thehindu.com/business/Industry/expecting-bilateral-trade-with-new-zealand-to-double-in-five-years-with-fta-piyush-goyal/article70425818.ece
2025-12-22 12:54:28,162 - INFO - [The Hindu] Attempt 1/1: Trying with 'selenium_browser' strategy...
2025-12-22 12:54:28,196 - INFO - [The Guardian] Article: https://www.theguardian.com/us-news/2025/dec/19/trump-venezuela-war
2025-12-22 12:54:28,196 - INFO - [The Guardian] Attempt 1/1: Trying with 'requests_browser' strategy...
2025-12-22 12:54:28,220 - INFO - [The Guardian] Success with 'requests_browser'. Found content (817 words).
2025-12-22 12:54:28,257 - INFO - Duplicate article skipped: Trump and top aides refuse to rule out war with Venezuela | US foreign policy | The Guardian from The Guardian
2025-12-22 12:54:35,155 - INFO - [The Hindu] Page content loaded.
2025-12-22 12:54:35,678 - INFO - [The Hindu] Success with 'selenium_browser'. Found content (419 words).
2025-12-22 12:54:36,382 - INFO - Saved article: Expecting bilateral trade with New Zealand to double in five years with FTA: Piyush Goyal - The Hindu from The Hindu
2025-12-22 12:54:37,783 - INFO - [The Hindu] Article: https://www.thehindu.com/news/national/assam/assam-on-high-alert-fresh-unrest-in-bangladesh/article70425742.ece
2025-12-22 12:54:37,783 - INFO - [The Hindu] Attempt 1/1: Trying with 'selenium_browser' strategy...
2025-12-22 12:54:39,648 - INFO - [Times of India] Page content loaded.
2025-12-22 12:54:39,962 - INFO - [Times of India] Success with 'selenium_browser'. Found content (295 words).
2025-12-22 12:54:40,216 - INFO - Saved article: ‘My father came to US in 60s, I was born in DC’: Omar Fateh hits back at JD Vance’s ‘mayor of Mogadishu’ jibe - The Times of India from Times of India
2025-12-22 12:54:40,230 - INFO - [The Hindu] Page content loaded.
2025-12-22 12:54:40,425 - INFO - [The Hindu] Success with 'selenium_browser'. Found content (266 words).
2025-12-22 12:54:40,501 - INFO - Saved article: Assam is on high alert after fresh unrest in Bangladesh, Himanta Biswa Sarma flags security concern - The Hindu from The Hindu
2025-12-22 12:54:41,260 - INFO - [The Hindu] Article: https://www.thehindu.com/news/national/gujarat/surat-court-stays-jain-girls-diksha-after-father-moves-plea/article70425800.ece
2025-12-22 12:54:41,260 - INFO - [The Hindu] Attempt 1/1: Trying with 'selenium_browser' strategy...
2025-12-22 12:54:41,601 - INFO - [Times of India] Article: https://timesofindia.indiatimes.com/world/middle-east/saudi-arabia-permits-private-schools-to-build-on-campus-student-residential-facilities/articleshow/126120268.cms
2025-12-22 12:54:41,601 - INFO - [Times of India] Attempt 1/1: Trying with 'selenium_browser' strategy...
2025-12-22 12:54:44,993 - INFO - [Times of India] Page content loaded.
2025-12-22 12:54:45,501 - INFO - [Times of India] Success with 'selenium_browser'. Found content (392 words).
2025-12-22 12:54:45,588 - INFO - Saved article: Saudi Arabia permits private schools to build on campus student residential facilities | World News - The Times of India from Times of India
2025-12-22 12:54:46,166 - INFO - [Times of India] Article: https://timesofindia.indiatimes.com/world/middle-east/uae-k-pop-icons-chung-ha-and-shinee-onew-to-perform-free-dubai-concert-next-month/articleshow/126119469.cms
2025-12-22 12:54:46,166 - INFO - [Times of India] Attempt 1/1: Trying with 'selenium_browser' strategy...
2025-12-22 12:54:47,322 - INFO - [The Hindu] Page content loaded.
2025-12-22 12:54:47,398 - INFO - [The Hindu] Success with 'selenium_browser'. Found content (425 words).
2025-12-22 12:54:47,523 - INFO - Saved article: Surat court stays Jain girl’s ‘diksha’ after father moves plea - The Hindu from The Hindu
2025-12-22 12:54:48,127 - INFO - [The Hindu] Article: https://www.thehindu.com/news/cities/chennai/how-tamil-sci-fi-writers-are-bringing-science-closer-to-children/article70403543.ece
2025-12-22 12:54:48,127 - INFO - [The Hindu] Attempt 1/1: Trying with 'selenium_browser' strategy...
2025-12-22 12:54:49,199 - INFO - [Times of India] Page content loaded.
2025-12-22 12:54:49,393 - INFO - [Times of India] Success with 'selenium_browser'. Found content (447 words).
2025-12-22 12:54:49,470 - INFO - Saved article: UAE: K-pop icons Chung Ha and SHINee Onew to perform free Dubai concert next month | World News - The Times of India from Times of India
2025-12-22 12:54:49,750 - INFO - [The Hindu] Page content loaded.
2025-12-22 12:54:49,802 - INFO - [The Hindu] Success with 'selenium_browser'. Found content (489 words).
2025-12-22 12:54:49,869 - INFO - Saved article: How Tamil sci-fi writers are bringing science closer to children - The Hindu from The Hindu
2025-12-22 12:54:50,021 - INFO - [Times of India] Article: https://timesofindia.indiatimes.com/world/pakistan/saudi-arabia-honours-asim-munir-pakistan-army-chief-conferred-king-abdulaziz-medal-of-excellence-defence-ties-in-focus/articleshow/126119051.cms
2025-12-22 12:54:50,021 - INFO - [Times of India] Attempt 1/1: Trying with 'selenium_browser' strategy...
2025-12-22 12:54:50,833 - INFO - [The Hindu] Article: https://www.thehindu.com/news/national/kerala/cpi-accuses-ec-of-advantaging-the-bjp-by-deleting-secular-votes-en-masse-in-key-assembly-constituencies/article70425801.ece
2025-12-22 12:54:50,833 - INFO - [The Hindu] Attempt 1/1: Trying with 'selenium_browser' strategy...
2025-12-22 12:54:51,524 - INFO - [Times of India] Page content loaded.
2025-12-22 12:54:51,759 - INFO - [Times of India] Success with 'selenium_browser'. Found content (272 words).
2025-12-22 12:54:51,889 - INFO - Duplicate article skipped: Saudi Arabia honours Asim Munir: Pakistan army chief conferred King Abdulaziz Medal of Excellence; defence ties in focus - The Times of India from Times of India
2025-12-22 12:54:53,357 - INFO - [Times of India] Article: https://timesofindia.indiatimes.com/world/pakistan/watch-asim-munir-says-he-felt-divine-intervention-during-operation-sindoor-asks-afghanistan-to-choose-between-pakistan-and-ttp/articleshow/126115813.cms
2025-12-22 12:54:53,357 - INFO - [Times of India] Attempt 1/1: Trying with 'selenium_browser' strategy...
2025-12-22 12:54:55,904 - INFO - [The Hindu] Page content loaded.
2025-12-22 12:54:56,177 - INFO - [The Hindu] Success with 'selenium_browser'. Found content (356 words).
2025-12-22 12:54:56,478 - INFO - Saved article: CPI accuses EC of advantaging the BJP by deleting secular votes en masse in key Assembly constituencies in Kerala - The Hindu from The Hindu
2025-12-22 12:54:57,505 - INFO - [The Hindu] Article: https://www.thehindu.com/news/national/goa/goa-nightclub-fire-police-remand-of-luthra-siblings-extended-by-five-days/article70425814.ece
2025-12-22 12:54:57,505 - INFO - [The Hindu] Attempt 1/1: Trying with 'selenium_browser' strategy...
2025-12-22 12:54:58,663 - INFO - [Times of India] Page content loaded.
2025-12-22 12:54:59,033 - INFO - [Times of India] Success with 'selenium_browser'. Found content (314 words).
2025-12-22 12:54:59,143 - INFO - Duplicate article skipped: Watch: Asim Munir says he felt 'divine intervention' during Operation Sindoor; asks Afghanistan to choose between Pakistan and TTP - The Times of India from Times of India
2025-12-22 12:54:59,271 - INFO - [The Hindu] Page content loaded.
2025-12-22 12:54:59,340 - INFO - [The Hindu] Success with 'selenium_browser'. Found content (177 words).
2025-12-22 12:54:59,521 - INFO - Saved article: Goa nightclub fire: Police remand of Luthra siblings extended by five days - The Hindu from The Hindu
2025-12-22 12:55:00,280 - INFO - [Times of India] Article: https://timesofindia.indiatimes.com/world/middle-east/can-you-qualify-for-a-uae-golden-visa-by-buying-real-estate-with-crypto/articleshow/126116052.cms
2025-12-22 12:55:00,281 - INFO - [Times of India] Attempt 1/1: Trying with 'selenium_browser' strategy...
2025-12-22 12:55:00,321 - INFO - [The Hindu] Article: https://www.thehindu.com/news/cities/Hyderabad/communal-harmony-comes-to-fore-as-inter-faith-residents-join-hands-to-celebrate-semi-christmas/article70425773.ece
2025-12-22 12:55:00,321 - INFO - [The Hindu] Attempt 1/1: Trying with 'selenium_browser' strategy...
2025-12-22 12:55:02,931 - INFO - [The Hindu] Page content loaded.
2025-12-22 12:55:03,228 - INFO - [The Hindu] Success with 'selenium_browser'. Found content (414 words).
2025-12-22 12:55:03,409 - INFO - Saved article: Communal harmony comes to fore as inter faith residents join hands to celebrate Semi-Christmas - The Hindu from The Hindu
2025-12-22 12:55:04,117 - INFO - [Times of India] Page content loaded.
2025-12-22 12:55:04,297 - INFO - [The Hindu] Article: https://www.thehindu.com/news/national/kerala/santa-stars-and-sparkling-trees-drive-sales-in-broadway-while-garments-left-in-the-cold-this-christmas/article70425273.ece
2025-12-22 12:55:04,297 - INFO - [The Hindu] Attempt 1/1: Trying with 'selenium_browser' strategy...
2025-12-22 12:55:04,389 - INFO - [Times of India] Success with 'selenium_browser'. Found content (1649 words).
2025-12-22 12:55:04,566 - INFO - Saved article: Can you qualify for a UAE Golden Visa by buying real estate with crypto? | World News - The Times of India from Times of India
2025-12-22 12:55:05,367 - INFO - [The Hindu] Page content loaded.
2025-12-22 12:55:05,643 - INFO - [Times of India] Article: https://timesofindia.indiatimes.com/world/middle-east/oman-launches-first-polymer-one-rial-banknote-circulation-starts-from-january-2026/articleshow/126117275.cms
2025-12-22 12:55:05,643 - INFO - [Times of India] Attempt 1/1: Trying with 'selenium_browser' strategy...
2025-12-22 12:55:05,979 - INFO - [The Hindu] Success with 'selenium_browser'. Found content (494 words).
2025-12-22 12:55:06,084 - INFO - Saved article: Santa, stars and sparkling trees drive sales in Broadway while garments left in the cold this Christmas - The Hindu from The Hindu
2025-12-22 12:55:07,385 - INFO - [The Hindu] Article: https://www.thehindu.com/news/national/karnataka/bengaluru-police-integrate-with-uber-ola-apps-for-real-time-emergency-support/article70425538.ece
2025-12-22 12:55:07,385 - INFO - [The Hindu] Attempt 1/1: Trying with 'selenium_browser' strategy...
2025-12-22 12:55:08,034 - INFO - [Times of India] Page content loaded.
2025-12-22 12:55:08,270 - INFO - [Times of India] Success with 'selenium_browser'. Found content (317 words).
2025-12-22 12:55:08,374 - INFO - Duplicate article skipped: Oman launches first polymer one-rial banknote, circulation starts from January 2026 | World News - The Times of India from Times of India
2025-12-22 12:55:08,825 - INFO - [The Hindu] Page content loaded.
2025-12-22 12:55:09,071 - INFO - [The Hindu] Success with 'selenium_browser'. Found content (450 words).
2025-12-22 12:55:09,136 - INFO - [Times of India] Article: https://timesofindia.indiatimes.com/world/middle-east/dubai-crown-prince-drives-elon-musk-around-the-city-revealing-plans-for-ai-innovation-space-technology-and-dubai-loop/articleshow/126117525.cms
2025-12-22 12:55:09,136 - INFO - [Times of India] Attempt 1/1: Trying with 'selenium_browser' strategy...
2025-12-22 12:55:09,185 - INFO - Saved article: Bengaluru police integrate with Uber, Ola apps for real-time emergency support - The Hindu from The Hindu
2025-12-22 12:55:10,553 - INFO - [The Hindu] Article: https://www.thehindu.com/news/national/jammu-and-kashmir/search-operation-widened-to-track-down-terrorists-hiding-in-forest-belt-in-jks-udhampur/article70425714.ece
2025-12-22 12:55:10,553 - INFO - [The Hindu] Attempt 1/1: Trying with 'selenium_browser' strategy...
2025-12-22 12:55:11,339 - INFO - [Times of India] Page content loaded.
2025-12-22 12:55:11,555 - INFO - [Times of India] Success with 'selenium_browser'. Found content (486 words).
2025-12-22 12:55:11,636 - INFO - Duplicate article skipped: Dubai Crown Prince drives Elon Musk around the city, revealing plans for AI innovation, space technology, and Dubai Loop | World News - The Times of India from Times of India
2025-12-22 12:55:11,901 - INFO - [The Hindu] Page content loaded.
2025-12-22 12:55:11,988 - INFO - [The Hindu] Success with 'selenium_browser'. Found content (280 words).
2025-12-22 12:55:12,083 - INFO - Saved article: Search operation widened to track down terrorists hiding in forest belt in J&K's Udhampur - The Hindu from The Hindu
2025-12-22 12:55:12,698 - INFO - [Times of India] Article: https://timesofindia.indiatimes.com/world/middle-east/uae-humanitarian-highlights-2025-1-46-billion-aid-delivered-globally/articleshow/126117313.cms
2025-12-22 12:55:12,699 - INFO - [Times of India] Attempt 1/1: Trying with 'selenium_browser' strategy...
2025-12-22 12:55:12,737 - INFO - [The Hindu] (Thread) Finished. Attempting to shut down its Selenium driver.
2025-12-22 12:55:13,027 - INFO - [The Hindu] (Thread) driver.quit() successful.
2025-12-22 12:55:14,219 - INFO - [Times of India] Page content loaded.
2025-12-22 12:55:14,375 - INFO - [Times of India] Success with 'selenium_browser'. Found content (804 words).
2025-12-22 12:55:14,433 - INFO - Duplicate article skipped: UAE humanitarian highlights 2025: $1.46 billion aid delivered globally | World News - The Times of India from Times of India
2025-12-22 12:55:15,074 - INFO - [Times of India] Article: https://timesofindia.indiatimes.com/world/middle-east/uae-students-launch-smartpocket-mobile-app-offering-student-savings-of-up-to-20-monthly/articleshow/126115751.cms
2025-12-22 12:55:15,074 - INFO - [Times of India] Attempt 1/1: Trying with 'selenium_browser' strategy...
2025-12-22 12:55:15,983 - INFO - [Times of India] Page content loaded.
2025-12-22 12:55:16,073 - INFO - [Times of India] Success with 'selenium_browser'. Found content (660 words).
2025-12-22 12:55:16,133 - INFO - Duplicate article skipped: UAE students launch SmartPocket mobile app, offering student savings of up to 20% monthly | World News - The Times of India from Times of India
2025-12-22 12:55:16,785 - INFO - [Times of India] (Thread) Finished. Attempting to shut down its Selenium driver.
2025-12-22 12:55:16,911 - INFO - [Times of India] (Thread) driver.quit() successful.
2025-12-22 12:55:16,912 - INFO - Shutting down thread pool (wait=False)...
2025-12-22 12:55:16,912 - INFO - Scraped: 3 BBC, 3 The Guardian, 10 The Hindu, 4 Times of India articles. (Total saved: 20)
2025-12-22 12:55:16,912 - INFO - --- Scraping job finished ---
2025-12-22 12:55:16,917 - INFO - --- Scraper service stopped and database connection closed. ---
2025-12-22 12:55:16,917 - INFO - --- Main thread finished. Forcing process exit to kill zombie threads. ---
