2026-02-11 10:56:54,337 - INFO - Initializing database connection at: news_articles.db
2026-02-11 10:56:54,337 - INFO - --- Scraper service started (CI Mode: Run Once) ---
2026-02-11 10:56:54,337 - INFO - --- Starting new scraping job (Parallel Mode) ---
2026-02-11 10:56:54,337 - INFO - Creating new robust session with 3 retries on 5xx/connection/read errors.
2026-02-11 10:56:54,337 - INFO - Proxy is DISABLED.
2026-02-11 10:56:54,337 - INFO - Starting scrape for BBC RSS feed: http://feeds.bbci.co.uk/news/world/rss.xml
2026-02-11 10:56:54,338 - INFO - [Times of India] (Thread) requires Selenium. Initializing driver...
2026-02-11 10:56:54,338 - INFO - Starting scrape for The Guardian RSS feed: https://www.theguardian.com/world/rss
2026-02-11 10:56:54,338 - INFO - Initializing headless Selenium Chrome driver (using SeleniumManager)...
2026-02-11 10:56:54,338 - INFO - [The Hindu] (Thread) requires Selenium. Initializing driver...
2026-02-11 10:56:54,339 - INFO - Submitted 4 jobs to thread pool. Waiting up to 300s for completion...
2026-02-11 10:56:54,339 - INFO - Initializing headless Selenium Chrome driver (using SeleniumManager)...
2026-02-11 10:56:54,437 - INFO - Found 45 articles in The Guardian RSS feed. Processing up to 10.
2026-02-11 10:56:54,438 - INFO - [The Guardian] Article: https://www.theguardian.com/world/2026/feb/09/deaths-migrant-boat-capsizes-mediterranean-libya
2026-02-11 10:56:54,438 - INFO - [The Guardian] Attempt 1/1: Trying with 'requests_browser' strategy...
2026-02-11 10:56:54,605 - INFO - Found 39 articles in BBC RSS feed. Processing up to 10.
2026-02-11 10:56:54,605 - INFO - [BBC] Article: https://www.bbc.com/news/articles/cr5l4yy3ezmo?at_medium=RSS&at_campaign=rss
2026-02-11 10:56:54,605 - INFO - [BBC] Attempt 1/1: Trying with 'requests_browser' strategy...
2026-02-11 10:56:54,627 - INFO - [The Guardian] Success with 'requests_browser'. Found content (367 words).
2026-02-11 10:56:54,671 - INFO - Duplicate article skipped: 53 people dead or missing after migrant boat capsizes in Mediterranean | Migration | The Guardian from The Guardian
2026-02-11 10:56:54,798 - INFO - [BBC] Success with 'requests_browser'. Found content (771 words).
2026-02-11 10:56:54,832 - INFO - Duplicate article skipped: Nancy Guthrie: Police search Arizona home of person detained in connection with case from BBC
2026-02-11 10:56:55,415 - INFO - [The Guardian] Article: https://www.theguardian.com/music/2026/feb/09/ebo-taylor-ghanaian-highlife-pioneer-dies-age-90
2026-02-11 10:56:55,415 - INFO - [The Guardian] Attempt 1/1: Trying with 'requests_browser' strategy...
2026-02-11 10:56:55,840 - INFO - [BBC] Article: https://www.bbc.com/news/articles/cx2gmde0vjlo?at_medium=RSS&at_campaign=rss
2026-02-11 10:56:55,840 - INFO - [BBC] Attempt 1/1: Trying with 'requests_browser' strategy...
2026-02-11 10:56:55,870 - INFO - [The Guardian] Success with 'requests_browser'. Found content (915 words).
2026-02-11 10:56:55,901 - INFO - Duplicate article skipped: Ebo Taylor, Ghanaian highlife pioneer and guitarist, dies age 90 | Music | The Guardian from The Guardian
2026-02-11 10:56:55,917 - INFO - [BBC] Success with 'requests_browser'. Found content (750 words).
2026-02-11 10:56:55,952 - INFO - Duplicate article skipped: US lawmakers urge Andrew to testify over Epstein files from BBC
2026-02-11 10:56:56,936 - INFO - [The Guardian] Article: https://www.theguardian.com/environment/2026/feb/09/weather-tracker-spain-and-portugal-hit-by-third-fatal-storm
2026-02-11 10:56:56,936 - INFO - [The Guardian] Attempt 1/1: Trying with 'requests_browser' strategy...
2026-02-11 10:56:56,967 - INFO - [BBC] Article: https://www.bbc.com/news/articles/c0k1j2j4607o?at_medium=RSS&at_campaign=rss
2026-02-11 10:56:56,967 - INFO - [BBC] Attempt 1/1: Trying with 'requests_browser' strategy...
2026-02-11 10:56:56,969 - INFO - [The Guardian] Success with 'requests_browser'. Found content (391 words).
2026-02-11 10:56:57,007 - INFO - Duplicate article skipped: Weather tracker: Spain and Portugal hit by third deadly storm in two weeks | Flooding | The Guardian from The Guardian
2026-02-11 10:56:57,034 - INFO - [BBC] Success with 'requests_browser'. Found content (805 words).
2026-02-11 10:56:57,067 - INFO - Duplicate article skipped: Netanyahu to meet Trump as Iran nuclear talks reach critical stage from BBC
2026-02-11 10:56:57,976 - INFO - [The Guardian] Article: https://www.theguardian.com/world/2026/feb/07/sudan-rsf-drone-attack-rahad-kills-displaced-people
2026-02-11 10:56:57,977 - INFO - [The Guardian] Attempt 1/1: Trying with 'requests_browser' strategy...
2026-02-11 10:56:58,178 - INFO - [The Guardian] Success with 'requests_browser'. Found content (817 words).
2026-02-11 10:56:58,217 - INFO - Duplicate article skipped: RSF drone attack kills 24 people fleeing fighting in central Sudan, says doctors group | Sudan | The Guardian from The Guardian
2026-02-11 10:56:58,482 - INFO - [BBC] Article: https://www.bbc.com/news/videos/c5yr82796j4o?at_medium=RSS&at_campaign=rss
2026-02-11 10:56:58,482 - INFO - [BBC] Attempt 1/1: Trying with 'requests_browser' strategy...
2026-02-11 10:56:58,536 - INFO - [BBC] Success with 'requests_browser'. Found content (129 words).
2026-02-11 10:56:58,574 - INFO - Duplicate article skipped: BBC's Lyse Doucet in Tehran for first time since unprecedented protest crackdown from BBC
2026-02-11 10:56:58,999 - INFO - [The Guardian] Article: https://www.theguardian.com/global-development/2026/feb/07/businesses-close-protest-malawi-tax-changes-electronic-invoicing-system
2026-02-11 10:56:58,999 - INFO - [The Guardian] Attempt 1/1: Trying with 'requests_browser' strategy...
2026-02-11 10:56:59,026 - INFO - [The Guardian] Success with 'requests_browser'. Found content (591 words).
2026-02-11 10:56:59,081 - INFO - Duplicate article skipped: Thousands of Malawi businesses close in protest over tax changes | Global development | The Guardian from The Guardian
2026-02-11 10:56:59,713 - INFO - [The Guardian] Article: https://www.theguardian.com/world/2026/feb/11/climate-fuelled-wildfires-patagonia-argentina-chile-oldest-trees
2026-02-11 10:56:59,713 - INFO - [The Guardian] Attempt 1/1: Trying with 'requests_browser' strategy...
2026-02-11 10:56:59,741 - INFO - [The Guardian] Success with 'requests_browser'. Found content (473 words).
2026-02-11 10:56:59,774 - INFO - Duplicate article skipped: Some of world’s oldest trees hit by climate-fuelled wildfires in Patagonia | Wildfires | The Guardian from The Guardian
2026-02-11 10:57:00,075 - INFO - [BBC] Article: https://www.bbc.com/news/articles/c0ljwyy7rrko?at_medium=RSS&at_campaign=rss
2026-02-11 10:57:00,075 - INFO - [BBC] Attempt 1/1: Trying with 'requests_browser' strategy...
2026-02-11 10:57:00,111 - INFO - [BBC] Success with 'requests_browser'. Found content (314 words).
2026-02-11 10:57:00,144 - INFO - Duplicate article skipped: Britney Spears sells rights to entire music catalogue from BBC
2026-02-11 10:57:00,629 - INFO - [The Guardian] Article: https://www.theguardian.com/world/2026/feb/11/mia-amor-mottley-on-course-for-third-term-as-barbados-heads-to-the-polls
2026-02-11 10:57:00,629 - INFO - [The Guardian] Attempt 1/1: Trying with 'requests_browser' strategy...
2026-02-11 10:57:00,657 - INFO - [The Guardian] Success with 'requests_browser'. Found content (657 words).
2026-02-11 10:57:00,686 - INFO - Duplicate article skipped: Mia Amor Mottley on course for third term, as Barbados heads to the polls | Barbados | The Guardian from The Guardian
2026-02-11 10:57:01,008 - INFO - [BBC] Article: https://www.bbc.com/news/articles/cx2407jrn83o?at_medium=RSS&at_campaign=rss
2026-02-11 10:57:01,008 - INFO - [BBC] Attempt 1/1: Trying with 'requests_browser' strategy...
2026-02-11 10:57:01,049 - INFO - [BBC] Success with 'requests_browser'. Found content (714 words).
2026-02-11 10:57:01,086 - INFO - Duplicate article skipped: Ex-police chief said Trump told him 'everyone' knew of Epstein's behaviour from BBC
2026-02-11 10:57:01,212 - INFO - [The Guardian] Article: https://www.theguardian.com/world/2026/feb/11/canada-school-shooting-ten-dead-including-suspect-in-attack-on-tumbler-ridge-secondary-school-and-residence-police-say
2026-02-11 10:57:01,212 - INFO - [The Guardian] Attempt 1/1: Trying with 'requests_browser' strategy...
2026-02-11 10:57:01,241 - INFO - [The Guardian] Success with 'requests_browser'. Found content (937 words).
2026-02-11 10:57:01,271 - INFO - Duplicate article skipped: Canada shooting: 10 dead including suspect in attack on Tumbler Ridge high school, police say | Tumbler Ridge school shooting | The Guardian from The Guardian
2026-02-11 10:57:01,738 - INFO - [BBC] Article: https://www.bbc.com/news/articles/ce94jm1pp5xo?at_medium=RSS&at_campaign=rss
2026-02-11 10:57:01,738 - INFO - [BBC] Attempt 1/1: Trying with 'requests_browser' strategy...
2026-02-11 10:57:01,775 - INFO - [BBC] Success with 'requests_browser'. Found content (356 words).
2026-02-11 10:57:01,815 - INFO - Duplicate article skipped: UK doubles troops in Norway to counter Russian 'threat to Arctic' from BBC
2026-02-11 10:57:02,259 - INFO - [The Guardian] Article: https://www.theguardian.com/us-news/2026/feb/10/trump-canada-windsor-detroit-bridge
2026-02-11 10:57:02,259 - INFO - [The Guardian] Attempt 1/1: Trying with 'requests_browser' strategy...
2026-02-11 10:57:02,289 - INFO - [The Guardian] Success with 'requests_browser'. Found content (678 words).
2026-02-11 10:57:02,320 - INFO - Duplicate article skipped: Mark Carney reminds Trump that Canada paid for key border bridge US president says he won’t open | Donald Trump | The Guardian from The Guardian
2026-02-11 10:57:02,974 - INFO - [BBC] Article: https://www.bbc.com/news/articles/crm820dp0yro?at_medium=RSS&at_campaign=rss
2026-02-11 10:57:02,974 - INFO - [BBC] Attempt 1/1: Trying with 'requests_browser' strategy...
2026-02-11 10:57:03,012 - INFO - [BBC] Success with 'requests_browser'. Found content (339 words).
2026-02-11 10:57:03,045 - INFO - Duplicate article skipped: Russian strikes near Kharkiv kill four, including children, Ukraine says from BBC
2026-02-11 10:57:03,297 - INFO - [The Guardian] Article: https://www.theguardian.com/world/2026/feb/10/project-cancelled-chile-worlds-clearest-skies
2026-02-11 10:57:03,297 - INFO - [The Guardian] Attempt 1/1: Trying with 'requests_browser' strategy...
2026-02-11 10:57:03,324 - INFO - [The Guardian] Success with 'requests_browser'. Found content (444 words).
2026-02-11 10:57:03,355 - INFO - Duplicate article skipped: Astronomers celebrate cancellation of $10bn Chile project that threatened clearest skies in the world | Chile | The Guardian from The Guardian
2026-02-11 10:57:03,763 - INFO - [BBC] Article: https://www.bbc.com/news/articles/c2lrn8q2q24o?at_medium=RSS&at_campaign=rss
2026-02-11 10:57:03,763 - INFO - [BBC] Attempt 1/1: Trying with 'requests_browser' strategy...
2026-02-11 10:57:03,804 - INFO - [BBC] Success with 'requests_browser'. Found content (540 words).
2026-02-11 10:57:03,840 - INFO - Saved article: India cuts takedown window to three hours for YouTube, Meta, X and others from BBC
2026-02-11 10:57:04,489 - INFO - [BBC] Article: https://www.bbc.com/news/articles/cgqg8xegxqxo?at_medium=RSS&at_campaign=rss
2026-02-11 10:57:04,489 - INFO - [BBC] Attempt 1/1: Trying with 'requests_browser' strategy...
2026-02-11 10:57:04,529 - INFO - [BBC] Success with 'requests_browser'. Found content (346 words).
2026-02-11 10:57:04,566 - INFO - Saved article: Ghana declares Wednesday 'Fugu Day' to promote batakari after Zambia banter from BBC
2026-02-11 10:57:04,937 - INFO - Selenium driver initialized successfully.
2026-02-11 10:57:04,937 - INFO - Selenium driver initialized successfully.
2026-02-11 10:57:04,937 - INFO - Starting scrape for The Hindu RSS feed: https://www.thehindu.com/news/national/feeder/default.rss
2026-02-11 10:57:04,937 - INFO - Starting scrape for Times of India RSS feed: https://timesofindia.indiatimes.com/rssfeeds/296589292.cms
2026-02-11 10:57:05,088 - INFO - Found 20 articles in Times of India RSS feed. Processing up to 10.
2026-02-11 10:57:05,088 - INFO - [Times of India] Article: https://timesofindia.indiatimes.com/world/rest-of-world/ghost-trees-rising-from-ice-the-100-year-old-earthquake-that-created-kazakhstans-eerie-underwater-forest/articleshow/128200589.cms
2026-02-11 10:57:05,088 - INFO - [Times of India] Attempt 1/1: Trying with 'selenium_browser' strategy...
2026-02-11 10:57:05,099 - INFO - Found 100 articles in The Hindu RSS feed. Processing up to 10.
2026-02-11 10:57:05,100 - INFO - [The Hindu] Article: https://www.thehindu.com/news/national/journalist-ravi-nair-convicted-in-adani-defamation-case/article70619379.ece
2026-02-11 10:57:05,100 - INFO - [The Hindu] Attempt 1/1: Trying with 'selenium_browser' strategy...
2026-02-11 10:57:10,922 - INFO - [The Hindu] Page content loaded.
2026-02-11 10:57:11,070 - INFO - [The Hindu] Success with 'selenium_browser'. Found content (157 words).
2026-02-11 10:57:11,234 - INFO - Saved article: Journalist Ravi Nair convicted in Adani defamation case - The Hindu from The Hindu
2026-02-11 10:57:12,646 - INFO - [The Hindu] Article: https://www.thehindu.com/news/international/with-eyes-on-trade-deals-and-reform-in-global-governance-lula-heads-to-india-with-260-firms/article70619339.ece
2026-02-11 10:57:12,646 - INFO - [The Hindu] Attempt 1/1: Trying with 'selenium_browser' strategy...
2026-02-11 10:57:14,778 - INFO - [The Hindu] Page content loaded.
2026-02-11 10:57:15,096 - INFO - [The Hindu] Success with 'selenium_browser'. Found content (982 words).
2026-02-11 10:57:15,270 - INFO - Saved article: With eyes on trade deals and reform in global governance, Lula heads to India with 260 firms - The Hindu from The Hindu
2026-02-11 10:57:16,303 - INFO - [The Hindu] Article: https://www.thehindu.com/news/national/tamil-nadu/epigraphy-plays-a-vital-role-in-tracing-socio-political-cultural-history-thangam-thennarasu/article70619229.ece
2026-02-11 10:57:16,303 - INFO - [The Hindu] Attempt 1/1: Trying with 'selenium_browser' strategy...
2026-02-11 10:57:18,873 - INFO - [The Hindu] Page content loaded.
2026-02-11 10:57:18,940 - INFO - [The Hindu] Success with 'selenium_browser'. Found content (424 words).
2026-02-11 10:57:19,006 - INFO - Saved article: Epigraphy plays a vital role in tracing socio-political, cultural history: Thangam Thennarasu - The Hindu from The Hindu
2026-02-11 10:57:20,054 - INFO - [The Hindu] Article: https://www.thehindu.com/news/national/tamil-nadu/tn-bjp-forms-seven-member-election-management-committee/article70619263.ece
2026-02-11 10:57:20,054 - INFO - [The Hindu] Attempt 1/1: Trying with 'selenium_browser' strategy...
2026-02-11 10:57:22,742 - INFO - [The Hindu] Page content loaded.
2026-02-11 10:57:22,825 - INFO - [The Hindu] Success with 'selenium_browser'. Found content (108 words).
2026-02-11 10:57:22,932 - INFO - Saved article: T.N. BJP forms seven-member election management committee - The Hindu from The Hindu
2026-02-11 10:57:23,917 - INFO - [The Hindu] Article: https://www.thehindu.com/news/national/tamil-nadu/people-will-decide-whether-tn-will-have-coalition-or-single-party-govt-congress-mp/article70618675.ece
2026-02-11 10:57:23,917 - INFO - [The Hindu] Attempt 1/1: Trying with 'selenium_browser' strategy...
2026-02-11 10:57:24,542 - INFO - [The Hindu] Page content loaded.
2026-02-11 10:57:24,589 - INFO - [The Hindu] Success with 'selenium_browser'. Found content (159 words).
2026-02-11 10:57:24,664 - INFO - Saved article: People will decide whether T.N. will have coalition or single-party government: Congress MP - The Hindu from The Hindu
2026-02-11 10:57:25,289 - INFO - [The Hindu] Article: https://www.thehindu.com/news/cities/Hyderabad/swiss-major-ubs-opens-gcc-in-hyderabad-to-hire-3000-people-over-two-years/article70619190.ece
2026-02-11 10:57:25,289 - INFO - [The Hindu] Attempt 1/1: Trying with 'selenium_browser' strategy...
2026-02-11 10:57:25,839 - INFO - [The Hindu] Page content loaded.
2026-02-11 10:57:25,881 - INFO - [The Hindu] Success with 'selenium_browser'. Found content (382 words).
2026-02-11 10:57:25,943 - INFO - Saved article: Swiss major UBS opens GCC in Hyderabad, to hire 3,000 people over two years - The Hindu from The Hindu
2026-02-11 10:57:26,982 - INFO - [The Hindu] Article: https://www.thehindu.com/news/national/kerala/greater-cochin-development-authority-open-to-hosting-non-sporting-events-in-keralas-kaloor-stadium-without-damaging-turf/article70619020.ece
2026-02-11 10:57:26,982 - INFO - [The Hindu] Attempt 1/1: Trying with 'selenium_browser' strategy...
2026-02-11 10:57:33,469 - INFO - [The Hindu] Page content loaded.
2026-02-11 10:57:33,748 - INFO - [The Hindu] Success with 'selenium_browser'. Found content (510 words).
2026-02-11 10:57:33,866 - INFO - Saved article: Greater Cochin Development Authority open to hosting non-sporting events in Kerala’s Kaloor stadium without damaging turf - The Hindu from The Hindu
2026-02-11 10:57:34,823 - INFO - [The Hindu] Article: https://www.thehindu.com/news/national/supreme-court-verdict-on-forest-evictions-in-assam-landmark-will-streamline-encroachment-drives-sarma/article70619191.ece
2026-02-11 10:57:34,823 - INFO - [The Hindu] Attempt 1/1: Trying with 'selenium_browser' strategy...
2026-02-11 10:57:35,703 - INFO - [The Hindu] Page content loaded.
2026-02-11 10:57:35,748 - INFO - [The Hindu] Success with 'selenium_browser'. Found content (414 words).
2026-02-11 10:57:35,828 - INFO - Saved article: Supreme Court verdict on forest evictions in Assam landmark, will streamline encroachment drives: Sarma - The Hindu from The Hindu
2026-02-11 10:57:36,637 - INFO - [The Hindu] Article: https://www.thehindu.com/news/national/tamil-nadu/sharing-of-powerwill-not-work-in-tamil-nadu-says-cm-stalin/article70618911.ece
2026-02-11 10:57:36,637 - INFO - [The Hindu] Attempt 1/1: Trying with 'selenium_browser' strategy...
2026-02-11 10:57:37,803 - INFO - [The Hindu] Page content loaded.
2026-02-11 10:57:37,859 - INFO - [The Hindu] Success with 'selenium_browser'. Found content (530 words).
2026-02-11 10:57:37,923 - INFO - Saved article: Sharing of power will not work in Tamil Nadu, says CM Stalin - The Hindu from The Hindu
2026-02-11 10:57:38,825 - INFO - [The Hindu] Article: https://www.thehindu.com/news/national/telangana/fire-breaks-out-at-a-private-school-in-sangareddy-no-casualties-reported/article70619104.ece
2026-02-11 10:57:38,825 - INFO - [The Hindu] Attempt 1/1: Trying with 'selenium_browser' strategy...
2026-02-11 10:57:40,111 - INFO - [The Hindu] Page content loaded.
2026-02-11 10:57:40,170 - INFO - [The Hindu] Success with 'selenium_browser'. Found content (194 words).
2026-02-11 10:57:40,250 - INFO - Saved article: Fire breaks out at a private school in Sangareddy, no casualties reported - The Hindu from The Hindu
2026-02-11 10:57:40,871 - INFO - [The Hindu] (Thread) Finished. Attempting to shut down its Selenium driver.
2026-02-11 10:57:41,030 - INFO - [The Hindu] (Thread) driver.quit() successful.
2026-02-11 10:58:05,107 - ERROR - [Times of India] Request failed for strategy 'selenium_browser' on URL https://timesofindia.indiatimes.com/world/rest-of-world/ghost-trees-rising-from-ice-the-100-year-old-earthquake-that-created-kazakhstans-eerie-underwater-forest/articleshow/128200589.cms: Message: timeout: Timed out receiving message from renderer: 59.904
  (Session info: chrome=144.0.7559.109)
Stacktrace:
#0 0x560fce54f4ba <unknown>
#1 0x560fcdfb8492 <unknown>
#2 0x560fcdf9fb47 <unknown>
#3 0x560fcdf9f756 <unknown>
#4 0x560fcdf9d271 <unknown>
#5 0x560fcdf9dbff <unknown>
#6 0x560fcdfad150 <unknown>
#7 0x560fcdfc7147 <unknown>
#8 0x560fcdfce34b <unknown>
#9 0x560fcdf9e369 <unknown>
#10 0x560fcdfc6eda <unknown>
#11 0x560fce056a78 <unknown>
#12 0x560fcdfff6a2 <unknown>
#13 0x560fce000491 <unknown>
#14 0x560fce515479 <unknown>
#15 0x560fce518391 <unknown>
#16 0x560fce501a89 <unknown>
#17 0x560fce518f4e <unknown>
#18 0x560fce4e8070 <unknown>
#19 0x560fce53cca8 <unknown>
#20 0x560fce53ce78 <unknown>
#21 0x560fce54e828 <unknown>
#22 0x7f2b01c9caa4 <unknown>
#23 0x7f2b01d29c6c <unknown>

2026-02-11 10:58:05,107 - ERROR - [Times of India] All scrape strategies failed for https://timesofindia.indiatimes.com/world/rest-of-world/ghost-trees-rising-from-ice-the-100-year-old-earthquake-that-created-kazakhstans-eerie-underwater-forest/articleshow/128200589.cms. Falling back to RSS description.
2026-02-11 10:58:05,109 - INFO - Saved article: Ghost trees rising from ice: The 100-year-old earthquake that created Kazakhstan’s eerie underwater forest from Times of India
2026-02-11 10:58:05,765 - INFO - [Times of India] Article: https://timesofindia.indiatimes.com/world/middle-east/uae-visa-rejection-reasons-top-mistakes-indians-make-and-how-to-avoid-them/articleshow/128196457.cms
2026-02-11 10:58:05,765 - INFO - [Times of India] Attempt 1/1: Trying with 'selenium_browser' strategy...
2026-02-11 10:58:06,440 - INFO - [Times of India] Page content loaded.
2026-02-11 10:58:06,547 - INFO - [Times of India] Success with 'selenium_browser'. Found content (905 words).
2026-02-11 10:58:06,650 - INFO - Saved article: UAE visa rejection reasons: Top mistakes Indians make and how to avoid them - The Times of India from Times of India
2026-02-11 10:58:07,954 - INFO - [Times of India] Article: https://timesofindia.indiatimes.com/world/south-asia/over-50-polling-stations-centres-how-bangladesh-is-preparing-for-first-election-since-hasina-ouster/articleshow/128198633.cms
2026-02-11 10:58:07,954 - INFO - [Times of India] Attempt 1/1: Trying with 'selenium_browser' strategy...
2026-02-11 10:58:08,612 - INFO - [Times of India] Page content loaded.
2026-02-11 10:58:08,745 - INFO - [Times of India] Success with 'selenium_browser'. Found content (505 words).
2026-02-11 10:58:08,799 - INFO - Saved article: 'Over 50% polling stations centres': How Bangladesh is preparing for first election since Hasina ouster - The Times of India from Times of India
2026-02-11 10:58:10,111 - INFO - [Times of India] Article: https://timesofindia.indiatimes.com/world/middle-east/uae-grocery-prices-set-to-drop-as-retailers-permanently-slash-prices-on-10000-essentials/articleshow/128198618.cms
2026-02-11 10:58:10,111 - INFO - [Times of India] Attempt 1/1: Trying with 'selenium_browser' strategy...
2026-02-11 10:58:10,773 - INFO - [Times of India] Page content loaded.
2026-02-11 10:58:10,918 - INFO - [Times of India] Success with 'selenium_browser'. Found content (508 words).
2026-02-11 10:58:10,985 - INFO - Saved article: UAE grocery prices set to drop as retailers permanently slash prices on 10,000 essentials | World News - The Times of India from Times of India
2026-02-11 10:58:11,552 - INFO - [Times of India] Article: https://timesofindia.indiatimes.com/world/middle-east/big-relief-for-uae-ofws-department-of-migrant-workers-rolls-out-new-digital-reforms-for-faster-services/articleshow/128193121.cms
2026-02-11 10:58:11,552 - INFO - [Times of India] Attempt 1/1: Trying with 'selenium_browser' strategy...
2026-02-11 10:58:12,817 - INFO - [Times of India] Page content loaded.
2026-02-11 10:58:12,904 - INFO - [Times of India] Success with 'selenium_browser'. Found content (970 words).
2026-02-11 10:58:12,954 - INFO - Duplicate article skipped: Big relief for UAE OFWs: Department of Migrant Workers rolls out new digital reforms for faster services - The Times of India from Times of India
2026-02-11 10:58:13,621 - INFO - [Times of India] Article: https://timesofindia.indiatimes.com/world/rest-of-world/who-is-vikash-ramkissoon-guyana-mp-whose-hindi-speech-in-parliament-went-viral/articleshow/128190022.cms
2026-02-11 10:58:13,621 - INFO - [Times of India] Attempt 1/1: Trying with 'selenium_browser' strategy...
2026-02-11 10:58:14,233 - INFO - [Times of India] Page content loaded.
2026-02-11 10:58:14,355 - INFO - [Times of India] Success with 'selenium_browser'. Found content (495 words).
2026-02-11 10:58:14,410 - INFO - Duplicate article skipped: Who is Vikash Ramkissoon? Guyana MP whose Hindi speech in Parliament went viral - The Times of India from Times of India
2026-02-11 10:58:15,267 - INFO - [Times of India] Article: https://timesofindia.indiatimes.com/world/middle-east/who-is-hind-al-owais-uae-human-rights-diplomat-named-in-469-jeffrey-epstein-emails/articleshow/128193007.cms
2026-02-11 10:58:15,267 - INFO - [Times of India] Attempt 1/1: Trying with 'selenium_browser' strategy...
2026-02-11 10:58:16,002 - INFO - [Times of India] Page content loaded.
2026-02-11 10:58:16,165 - INFO - [Times of India] Success with 'selenium_browser'. Found content (644 words).
2026-02-11 10:58:16,215 - INFO - Duplicate article skipped: Who is Hind Al-Owais? UAE human rights diplomat named in 469 Jeffrey Epstein emails | World News - The Times of India from Times of India
2026-02-11 10:58:17,534 - INFO - [Times of India] Article: https://timesofindia.indiatimes.com/world/middle-east/uae-drops-corporate-tax-for-sports-bodies-under-new-law-heres-who-qualifies/articleshow/128189920.cms
2026-02-11 10:58:17,534 - INFO - [Times of India] Attempt 1/1: Trying with 'selenium_browser' strategy...
2026-02-11 10:58:18,385 - INFO - [Times of India] Page content loaded.
2026-02-11 10:58:18,530 - INFO - [Times of India] Success with 'selenium_browser'. Found content (1057 words).
2026-02-11 10:58:18,587 - INFO - Duplicate article skipped: UAE drops corporate tax for sports bodies under new law: Here’s who qualifies - The Times of India from Times of India
2026-02-11 10:58:19,933 - INFO - [Times of India] Article: https://timesofindia.indiatimes.com/world/middle-east/kuwait-extends-two-day-public-holiday-for-65th-national-day-liberation-day-celebrations/articleshow/128191652.cms
2026-02-11 10:58:19,933 - INFO - [Times of India] Attempt 1/1: Trying with 'selenium_browser' strategy...
2026-02-11 10:58:20,739 - INFO - [Times of India] Page content loaded.
2026-02-11 10:58:20,871 - INFO - [Times of India] Success with 'selenium_browser'. Found content (557 words).
2026-02-11 10:58:20,921 - INFO - Duplicate article skipped: Kuwait extends two-day public holiday for 65th National Day, Liberation Day celebrations | World News - The Times of India from Times of India
2026-02-11 10:58:21,968 - INFO - [Times of India] Article: https://timesofindia.indiatimes.com/world/rest-of-world/what-really-destroyed-the-indus-valley-it-wasnt-war-but-a-slow-death-by-drought/articleshow/128191152.cms
2026-02-11 10:58:21,968 - INFO - [Times of India] Attempt 1/1: Trying with 'selenium_browser' strategy...
2026-02-11 10:58:22,449 - INFO - [Times of India] Page content loaded.
2026-02-11 10:58:22,577 - INFO - [Times of India] Success with 'selenium_browser'. Found content (446 words).
2026-02-11 10:58:22,632 - INFO - Duplicate article skipped: What really destroyed the Indus Valley? It wasn’t war, but a slow death by drought | World News - The Times of India from Times of India
2026-02-11 10:58:23,274 - INFO - [Times of India] (Thread) Finished. Attempting to shut down its Selenium driver.
2026-02-11 10:58:23,364 - INFO - [Times of India] (Thread) driver.quit() successful.
2026-02-11 10:58:23,364 - INFO - Shutting down thread pool (wait=False)...
2026-02-11 10:58:23,364 - INFO - Scraped: 0 The Guardian, 10 The Hindu, 2 BBC, 4 Times of India articles. (Total saved: 16)
2026-02-11 10:58:23,364 - INFO - --- Scraping job finished ---
2026-02-11 10:58:23,369 - INFO - --- Scraper service stopped and database connection closed. ---
2026-02-11 10:58:23,369 - INFO - --- Main thread finished. Forcing process exit to kill zombie threads. ---
