2026-02-09 07:13:30,857 - INFO - Initializing database connection at: news_articles.db
2026-02-09 07:13:30,857 - INFO - --- Scraper service started (CI Mode: Run Once) ---
2026-02-09 07:13:30,857 - INFO - --- Starting new scraping job (Parallel Mode) ---
2026-02-09 07:13:30,857 - INFO - Creating new robust session with 3 retries on 5xx/connection/read errors.
2026-02-09 07:13:30,858 - INFO - Proxy is DISABLED.
2026-02-09 07:13:30,858 - INFO - Starting scrape for BBC RSS feed: http://feeds.bbci.co.uk/news/world/rss.xml
2026-02-09 07:13:30,858 - INFO - [Times of India] (Thread) requires Selenium. Initializing driver...
2026-02-09 07:13:30,858 - INFO - Initializing headless Selenium Chrome driver (using SeleniumManager)...
2026-02-09 07:13:30,859 - INFO - Starting scrape for The Guardian RSS feed: https://www.theguardian.com/world/rss
2026-02-09 07:13:30,859 - INFO - [The Hindu] (Thread) requires Selenium. Initializing driver...
2026-02-09 07:13:30,859 - INFO - Initializing headless Selenium Chrome driver (using SeleniumManager)...
2026-02-09 07:13:30,860 - INFO - Submitted 4 jobs to thread pool. Waiting up to 300s for completion...
2026-02-09 07:13:31,024 - INFO - Found 45 articles in The Guardian RSS feed. Processing up to 10.
2026-02-09 07:13:31,024 - INFO - [The Guardian] Article: https://www.theguardian.com/world/2026/feb/07/sudan-rsf-drone-attack-rahad-kills-displaced-people
2026-02-09 07:13:31,024 - INFO - [The Guardian] Attempt 1/1: Trying with 'requests_browser' strategy...
2026-02-09 07:13:31,191 - INFO - [The Guardian] Success with 'requests_browser'. Found content (817 words).
2026-02-09 07:13:31,236 - INFO - Duplicate article skipped: RSF drone attack kills 24 people fleeing fighting in central Sudan, says doctors group | Sudan | The Guardian from The Guardian
2026-02-09 07:13:31,381 - INFO - Found 35 articles in BBC RSS feed. Processing up to 10.
2026-02-09 07:13:31,381 - INFO - [BBC] Article: https://www.bbc.com/news/articles/cjd9k852zdjo?at_medium=RSS&at_campaign=rss
2026-02-09 07:13:31,381 - INFO - [BBC] Attempt 1/1: Trying with 'requests_browser' strategy...
2026-02-09 07:13:31,535 - INFO - [BBC] Success with 'requests_browser'. Found content (596 words).
2026-02-09 07:13:31,575 - INFO - Saved article: Japan election: Stocks surge as Takaichi secures historic election victory from BBC
2026-02-09 07:13:32,319 - INFO - [BBC] Article: https://www.bbc.com/sport/american-football/articles/cjen2n5ql3zo?at_medium=RSS&at_campaign=rss
2026-02-09 07:13:32,319 - INFO - [BBC] Attempt 1/1: Trying with 'requests_browser' strategy...
2026-02-09 07:13:32,352 - INFO - [BBC] Success with 'requests_browser'. Found content (865 words).
2026-02-09 07:13:32,390 - INFO - Saved article: Super Bowl 2026: Seattle Seahawks beat New England Patriots to win second NFL championship - BBC Sport from BBC
2026-02-09 07:13:32,712 - INFO - [The Guardian] Article: https://www.theguardian.com/global-development/2026/feb/07/businesses-close-protest-malawi-tax-changes-electronic-invoicing-system
2026-02-09 07:13:32,713 - INFO - [The Guardian] Attempt 1/1: Trying with 'requests_browser' strategy...
2026-02-09 07:13:32,878 - INFO - [The Guardian] Success with 'requests_browser'. Found content (591 words).
2026-02-09 07:13:32,911 - INFO - Duplicate article skipped: Thousands of Malawi businesses close in protest over tax changes | Global development | The Guardian from The Guardian
2026-02-09 07:13:33,336 - INFO - [BBC] Article: https://www.bbc.com/news/articles/c394g7nnzmzo?at_medium=RSS&at_campaign=rss
2026-02-09 07:13:33,336 - INFO - [BBC] Attempt 1/1: Trying with 'requests_browser' strategy...
2026-02-09 07:13:33,374 - INFO - [BBC] Success with 'requests_browser'. Found content (940 words).
2026-02-09 07:13:33,418 - INFO - Saved article: Super Bowl half-time show: Bad Bunny piles on Puerto Rican patriotism from BBC
2026-02-09 07:13:33,929 - INFO - [The Guardian] Article: https://www.theguardian.com/environment/2026/feb/06/weather-tracker-storm-leonardo-europe-portugal-spain-northern-africa
2026-02-09 07:13:33,929 - INFO - [The Guardian] Attempt 1/1: Trying with 'requests_browser' strategy...
2026-02-09 07:13:34,084 - INFO - [The Guardian] Success with 'requests_browser'. Found content (438 words).
2026-02-09 07:13:34,121 - INFO - Duplicate article skipped: Weather tracker: Storm Leonardo continues to batter Europe and northern Africa | Europe | The Guardian from The Guardian
2026-02-09 07:13:34,146 - INFO - [BBC] Article: https://www.bbc.com/news/articles/c3vevxnw9pko?at_medium=RSS&at_campaign=rss
2026-02-09 07:13:34,146 - INFO - [BBC] Attempt 1/1: Trying with 'requests_browser' strategy...
2026-02-09 07:13:34,179 - INFO - [BBC] Success with 'requests_browser'. Found content (597 words).
2026-02-09 07:13:34,218 - INFO - Duplicate article skipped: Christchurch shooter seeks to overturn guilty plea from BBC
2026-02-09 07:13:35,308 - INFO - [BBC] Article: https://www.bbc.com/news/articles/c9wnjqzrv48o?at_medium=RSS&at_campaign=rss
2026-02-09 07:13:35,308 - INFO - [BBC] Attempt 1/1: Trying with 'requests_browser' strategy...
2026-02-09 07:13:35,336 - INFO - [BBC] Success with 'requests_browser'. Found content (357 words).
2026-02-09 07:13:35,374 - INFO - Saved article: Venezuela's opposition says party leader kidnapped hours after being freed from BBC
2026-02-09 07:13:35,593 - INFO - [The Guardian] Article: https://www.theguardian.com/world/2026/feb/05/nigeria-sends-troops-to-villages-attacked-by-jihadist-fighters
2026-02-09 07:13:35,593 - INFO - [The Guardian] Attempt 1/1: Trying with 'requests_browser' strategy...
2026-02-09 07:13:35,751 - INFO - [The Guardian] Success with 'requests_browser'. Found content (663 words).
2026-02-09 07:13:35,788 - INFO - Duplicate article skipped: ‘They killed my sons’: chief of Nigerian village where jihadists massacred hundreds recounts night of terror | Nigeria | The Guardian from The Guardian
2026-02-09 07:13:36,430 - INFO - [BBC] Article: https://www.bbc.com/news/articles/c62grw02gpjo?at_medium=RSS&at_campaign=rss
2026-02-09 07:13:36,430 - INFO - [BBC] Attempt 1/1: Trying with 'requests_browser' strategy...
2026-02-09 07:13:36,491 - INFO - [BBC] Success with 'requests_browser'. Found content (987 words).
2026-02-09 07:13:36,531 - INFO - Duplicate article skipped: Israeli president Isaac Herzog lays wreath at Bondi at start of controversial visit from BBC
2026-02-09 07:13:36,678 - INFO - [The Guardian] Article: https://www.theguardian.com/world/2026/feb/04/gunmen-west-nigeria-attack-red-cross
2026-02-09 07:13:36,678 - INFO - [The Guardian] Attempt 1/1: Trying with 'requests_browser' strategy...
2026-02-09 07:13:36,849 - INFO - [The Guardian] Success with 'requests_browser'. Found content (881 words).
2026-02-09 07:13:36,893 - INFO - Duplicate article skipped: Gunmen kill more than 160 people in attacks on two west Nigeria villages | Nigeria | The Guardian from The Guardian
2026-02-09 07:13:37,306 - INFO - [BBC] Article: https://www.bbc.com/news/articles/cx2jn4z4eq0o?at_medium=RSS&at_campaign=rss
2026-02-09 07:13:37,306 - INFO - [BBC] Attempt 1/1: Trying with 'requests_browser' strategy...
2026-02-09 07:13:37,342 - INFO - [BBC] Success with 'requests_browser'. Found content (789 words).
2026-02-09 07:13:37,380 - INFO - Duplicate article skipped: Thailand election 2026: PM claims victory with conservatives well ahead from BBC
2026-02-09 07:13:37,405 - INFO - [The Guardian] Article: https://www.theguardian.com/world/2026/feb/09/machado-ally-juan-pablo-guanipa-kidnapped-venezuela
2026-02-09 07:13:37,405 - INFO - [The Guardian] Attempt 1/1: Trying with 'requests_browser' strategy...
2026-02-09 07:13:37,561 - INFO - [The Guardian] Success with 'requests_browser'. Found content (524 words).
2026-02-09 07:13:37,597 - INFO - Saved article: Venezuela’s Machado says close ally kidnapped by ‘heavily armed’ men hours after prison release | Venezuela | The Guardian from The Guardian
2026-02-09 07:13:38,384 - INFO - [The Guardian] Article: https://www.theguardian.com/world/2026/feb/08/canada-alberta-separatism-join-us
2026-02-09 07:13:38,384 - INFO - [The Guardian] Attempt 1/1: Trying with 'requests_browser' strategy...
2026-02-09 07:13:38,548 - INFO - [The Guardian] Success with 'requests_browser'. Found content (798 words).
2026-02-09 07:13:38,584 - INFO - Duplicate article skipped: Canada is no stranger to separatism but push for Alberta to join US is a new peril | Canada | The Guardian from The Guardian
2026-02-09 07:13:38,687 - INFO - [BBC] Article: https://www.bbc.com/news/articles/cn87l12e4xeo?at_medium=RSS&at_campaign=rss
2026-02-09 07:13:38,687 - INFO - [BBC] Attempt 1/1: Trying with 'requests_browser' strategy...
2026-02-09 07:13:38,713 - INFO - [BBC] Success with 'requests_browser'. Found content (295 words).
2026-02-09 07:13:38,754 - INFO - Duplicate article skipped: France murder trial complicated by twin brothers with same DNA from BBC
2026-02-09 07:13:39,292 - INFO - [BBC] Article: https://www.bbc.com/news/articles/cy7j6xe8862o?at_medium=RSS&at_campaign=rss
2026-02-09 07:13:39,292 - INFO - [BBC] Attempt 1/1: Trying with 'requests_browser' strategy...
2026-02-09 07:13:39,325 - INFO - [BBC] Success with 'requests_browser'. Found content (661 words).
2026-02-09 07:13:39,365 - INFO - Duplicate article skipped: Vladimir Alexeyev: Russia names three suspects in shooting of general from BBC
2026-02-09 07:13:39,804 - INFO - [The Guardian] Article: https://www.theguardian.com/environment/2026/feb/07/bermuda-snail-thought-to-be-extinct-now-thrives-after-a-decades-effort
2026-02-09 07:13:39,804 - INFO - [The Guardian] Attempt 1/1: Trying with 'requests_browser' strategy...
2026-02-09 07:13:39,911 - INFO - Selenium driver initialized successfully.
2026-02-09 07:13:39,911 - INFO - Starting scrape for The Hindu RSS feed: https://www.thehindu.com/news/national/feeder/default.rss
2026-02-09 07:13:39,912 - INFO - Selenium driver initialized successfully.
2026-02-09 07:13:39,912 - INFO - Starting scrape for Times of India RSS feed: https://timesofindia.indiatimes.com/rssfeeds/296589292.cms
2026-02-09 07:13:39,917 - INFO - [BBC] Article: https://www.bbc.com/sport/articles/c98q5g51z4no?at_medium=RSS&at_campaign=rss
2026-02-09 07:13:39,917 - INFO - [BBC] Attempt 1/1: Trying with 'requests_browser' strategy...
2026-02-09 07:13:39,952 - INFO - [BBC] Success with 'requests_browser'. Found content (981 words).
2026-02-09 07:13:39,995 - INFO - Duplicate article skipped: Lindsey Vonn: American crashes out in women's downhill at Winter Olympics as Breezy Johnson wins gold - BBC Sport from BBC
2026-02-09 07:13:40,012 - INFO - [The Guardian] Success with 'requests_browser'. Found content (436 words).
2026-02-09 07:13:40,046 - INFO - Duplicate article skipped: Bermuda snail thought to be extinct now thrives after a decade’s effort | Wildlife | The Guardian from The Guardian
2026-02-09 07:13:40,114 - INFO - Found 20 articles in Times of India RSS feed. Processing up to 10.
2026-02-09 07:13:40,115 - INFO - [Times of India] Article: https://timesofindia.indiatimes.com/world/middle-east/saudi-arabia-large-scale-terminal-reshuffle-flight-changes-cut-off-times-other-key-details-for-passengers-heading-to-riyadh-airport/articleshow/128100888.cms
2026-02-09 07:13:40,115 - INFO - [Times of India] Attempt 1/1: Trying with 'selenium_browser' strategy...
2026-02-09 07:13:40,786 - INFO - Found 100 articles in The Hindu RSS feed. Processing up to 10.
2026-02-09 07:13:40,786 - INFO - [The Hindu] Article: https://www.thehindu.com/news/national/tamil-nadu/tn-cm-stalin-extends-free-meal-scheme-to-another-one-lakh-conservancy-workers-in-civic-bodies/article70609795.ece
2026-02-09 07:13:40,786 - INFO - [The Hindu] Attempt 1/1: Trying with 'selenium_browser' strategy...
2026-02-09 07:13:41,245 - INFO - [The Guardian] Article: https://www.theguardian.com/world/2026/feb/07/china-overturns-death-sentence-of-canadian-robert-lloyd-schellenberg-in-sign-of-diplomatic-thaw
2026-02-09 07:13:41,246 - INFO - [The Guardian] Attempt 1/1: Trying with 'requests_browser' strategy...
2026-02-09 07:13:41,271 - INFO - [The Guardian] Success with 'requests_browser'. Found content (526 words).
2026-02-09 07:13:41,314 - INFO - Duplicate article skipped: China overturns death sentence of Canadian in sign of diplomatic thaw | China | The Guardian from The Guardian
2026-02-09 07:13:42,781 - INFO - [The Guardian] Article: https://www.theguardian.com/us-news/2026/feb/06/trump-proclamation-us-imports-argentine-beef
2026-02-09 07:13:42,781 - INFO - [The Guardian] Attempt 1/1: Trying with 'requests_browser' strategy...
2026-02-09 07:13:43,031 - INFO - [The Guardian] Success with 'requests_browser'. Found content (303 words).
2026-02-09 07:13:43,160 - INFO - Duplicate article skipped: Trump signs proclamation to increase US imports of beef from Argentina | Donald Trump | The Guardian from The Guardian
2026-02-09 07:13:44,656 - INFO - [The Hindu] Page content loaded.
2026-02-09 07:13:44,787 - INFO - [The Hindu] Success with 'selenium_browser'. Found content (238 words).
2026-02-09 07:13:45,095 - INFO - Saved article: T.N. CM Stalin extends free meal scheme to another one lakh conservancy workers in civic bodies - The Hindu from The Hindu
2026-02-09 07:13:45,696 - INFO - [The Hindu] Article: https://www.thehindu.com/news/cities/Mangalore/three-men-attempt-to-kidnap-girl-heading-to-college-in-belthangady-in-karnataka/article70609823.ece
2026-02-09 07:13:45,696 - INFO - [The Hindu] Attempt 1/1: Trying with 'selenium_browser' strategy...
2026-02-09 07:13:50,124 - INFO - [The Hindu] Page content loaded.
2026-02-09 07:13:50,361 - INFO - [The Hindu] Success with 'selenium_browser'. Found content (204 words).
2026-02-09 07:13:50,504 - INFO - Saved article: Attempt to kidnap girl heading to college at Belthangady in Karnataka - The Hindu from The Hindu
2026-02-09 07:13:51,186 - INFO - [The Hindu] Article: https://www.thehindu.com/news/national/wait-for-action-congress-amid-reports-that-opposition-may-move-no-confidence-motion-against-speaker/article70609885.ece
2026-02-09 07:13:51,186 - INFO - [The Hindu] Attempt 1/1: Trying with 'selenium_browser' strategy...
2026-02-09 07:13:55,036 - INFO - [The Hindu] Page content loaded.
2026-02-09 07:13:55,202 - INFO - [The Hindu] Success with 'selenium_browser'. Found content (472 words).
2026-02-09 07:13:55,340 - INFO - Saved article: Wait for action: Congress amid reports that Opposition may move no confidence motion against Speaker - The Hindu from The Hindu
2026-02-09 07:13:56,785 - INFO - [The Hindu] Article: https://www.thehindu.com/news/national/inmessage-to-india-jamaat-chief-says-election-will-show-red-card-to-forces-of-hegemony/article70609791.ece
2026-02-09 07:13:56,785 - INFO - [The Hindu] Attempt 1/1: Trying with 'selenium_browser' strategy...
2026-02-09 07:13:57,440 - INFO - [The Hindu] Page content loaded.
2026-02-09 07:13:57,485 - INFO - [The Hindu] Success with 'selenium_browser'. Found content (512 words).
2026-02-09 07:13:57,538 - INFO - Saved article: In message to India, Jamaat chief says election will show ‘red card’ to forces of ‘hegemony’ - The Hindu from The Hindu
2026-02-09 07:13:58,367 - INFO - [The Hindu] Article: https://www.thehindu.com/news/national/kerala/scooter-rider-killed-in-wrong-way-crash-on-nh-66-in-keralas-kasaragod-police-book-deceased/article70609852.ece
2026-02-09 07:13:58,367 - INFO - [The Hindu] Attempt 1/1: Trying with 'selenium_browser' strategy...
2026-02-09 07:14:00,039 - INFO - [The Hindu] Page content loaded.
2026-02-09 07:14:00,123 - INFO - [The Hindu] Success with 'selenium_browser'. Found content (214 words).
2026-02-09 07:14:00,232 - INFO - Saved article: Scooter rider killed in wrong-way crash on NH 66 in Kerala’s Kasaragod; police name deceased as accused - The Hindu from The Hindu
2026-02-09 07:14:00,979 - INFO - [The Hindu] Article: https://www.thehindu.com/news/national/telangana/bandi-sanjay-accuses-congress-of-conniving-with-aimim-to-defeat-bjp-in-kmc-elections-through-vote-buying/article70608394.ece
2026-02-09 07:14:00,979 - INFO - [The Hindu] Attempt 1/1: Trying with 'selenium_browser' strategy...
2026-02-09 07:14:05,449 - INFO - [The Hindu] Page content loaded.
2026-02-09 07:14:05,554 - INFO - [The Hindu] Success with 'selenium_browser'. Found content (180 words).
2026-02-09 07:14:05,641 - INFO - Saved article: Bandi Sanjay accuses Congress of conniving with AIMIM to defeat BJP in KMC elections through vote buying - The Hindu from The Hindu
2026-02-09 07:14:06,320 - INFO - [The Hindu] Article: https://www.thehindu.com/news/national/karnataka/fire-guts-scrapyards-on-outskirts-of-mysuru/article70609766.ece
2026-02-09 07:14:06,320 - INFO - [The Hindu] Attempt 1/1: Trying with 'selenium_browser' strategy...
2026-02-09 07:14:07,626 - INFO - [The Hindu] Page content loaded.
2026-02-09 07:14:07,756 - INFO - [The Hindu] Success with 'selenium_browser'. Found content (161 words).
2026-02-09 07:14:07,849 - INFO - Saved article: Fire guts scrapyards on outskirts of Mysuru - The Hindu from The Hindu
2026-02-09 07:14:08,371 - INFO - [The Hindu] Article: https://www.thehindu.com/news/national/hole-in-govt-approach-congress-dig-over-ministers-remarks-on-russian-oil/article70609800.ece
2026-02-09 07:14:08,372 - INFO - [The Hindu] Attempt 1/1: Trying with 'selenium_browser' strategy...
2026-02-09 07:14:09,921 - INFO - [The Hindu] Page content loaded.
2026-02-09 07:14:10,044 - INFO - [The Hindu] Success with 'selenium_browser'. Found content (278 words).
2026-02-09 07:14:10,122 - INFO - Saved article: Hole in govt approach: Congress’ dig over Ministers' remarks on Russian oil - The Hindu from The Hindu
2026-02-09 07:14:10,725 - INFO - [The Hindu] Article: https://www.thehindu.com/news/national/kerala/kerala-cpim-state-secretary-demands-congress-high-command-clarify-stance-on-udfs-support-from-jamaat/article70609796.ece
2026-02-09 07:14:10,726 - INFO - [The Hindu] Attempt 1/1: Trying with 'selenium_browser' strategy...
2026-02-09 07:14:11,841 - INFO - [The Hindu] Page content loaded.
2026-02-09 07:14:11,966 - INFO - [The Hindu] Success with 'selenium_browser'. Found content (277 words).
2026-02-09 07:14:12,055 - INFO - Saved article: Kerala CPI(M) State secretary demands Congress High Command clarify stance on UDF’s support from Jamaat - The Hindu from The Hindu
2026-02-09 07:14:13,203 - INFO - [The Hindu] Article: https://www.thehindu.com/news/national/meghalaya/meghalaya-government-orders-judicial-inquiry-into-illegal-coal-mine-blast-that-claimed-27-lives/article70609804.ece
2026-02-09 07:14:13,203 - INFO - [The Hindu] Attempt 1/1: Trying with 'selenium_browser' strategy...
2026-02-09 07:14:15,008 - INFO - [The Hindu] Page content loaded.
2026-02-09 07:14:15,147 - INFO - [The Hindu] Success with 'selenium_browser'. Found content (196 words).
2026-02-09 07:14:15,235 - INFO - Saved article: Meghalaya orders judicial inquiry into illegal coal mine blast that claimed 27 lives - The Hindu from The Hindu
2026-02-09 07:14:16,531 - INFO - [The Hindu] (Thread) Finished. Attempting to shut down its Selenium driver.
2026-02-09 07:14:16,678 - INFO - [The Hindu] (Thread) driver.quit() successful.
2026-02-09 07:14:40,146 - ERROR - [Times of India] Request failed for strategy 'selenium_browser' on URL https://timesofindia.indiatimes.com/world/middle-east/saudi-arabia-large-scale-terminal-reshuffle-flight-changes-cut-off-times-other-key-details-for-passengers-heading-to-riyadh-airport/articleshow/128100888.cms: Message: timeout: Timed out receiving message from renderer: 59.914
  (Session info: chrome=144.0.7559.109)
Stacktrace:
#0 0x55e96a6d64ba <unknown>
#1 0x55e96a13f492 <unknown>
#2 0x55e96a126b47 <unknown>
#3 0x55e96a126756 <unknown>
#4 0x55e96a124271 <unknown>
#5 0x55e96a124bff <unknown>
#6 0x55e96a134150 <unknown>
#7 0x55e96a14e147 <unknown>
#8 0x55e96a15534b <unknown>
#9 0x55e96a125369 <unknown>
#10 0x55e96a14deda <unknown>
#11 0x55e96a1dda78 <unknown>
#12 0x55e96a1866a2 <unknown>
#13 0x55e96a187491 <unknown>
#14 0x55e96a69c479 <unknown>
#15 0x55e96a69f391 <unknown>
#16 0x55e96a688a89 <unknown>
#17 0x55e96a69ff4e <unknown>
#18 0x55e96a66f070 <unknown>
#19 0x55e96a6c3ca8 <unknown>
#20 0x55e96a6c3e78 <unknown>
#21 0x55e96a6d5828 <unknown>
#22 0x7f0f33c9caa4 <unknown>
#23 0x7f0f33d29c6c <unknown>

2026-02-09 07:14:40,147 - ERROR - [Times of India] All scrape strategies failed for https://timesofindia.indiatimes.com/world/middle-east/saudi-arabia-large-scale-terminal-reshuffle-flight-changes-cut-off-times-other-key-details-for-passengers-heading-to-riyadh-airport/articleshow/128100888.cms. Falling back to RSS description.
2026-02-09 07:14:40,150 - INFO - Saved article: Saudi Arabia large-scale terminal reshuffle: Flight changes, cut-off times, other key details for passengers heading to Riyadh airport from Times of India
2026-02-09 07:14:41,549 - INFO - [Times of India] Article: https://timesofindia.indiatimes.com/world/middle-east/iran-says-it-wont-be-scared-by-us-military-presence-amid-nuclear-programme-negotiations/articleshow/128094247.cms
2026-02-09 07:14:41,549 - INFO - [Times of India] Attempt 1/1: Trying with 'selenium_browser' strategy...
2026-02-09 07:14:44,104 - INFO - [Times of India] Page content loaded.
2026-02-09 07:14:44,285 - INFO - [Times of India] Success with 'selenium_browser'. Found content (374 words).
2026-02-09 07:14:44,397 - INFO - Saved article: Iran says 'it won’t be scared' by US military presence amid nuclear programme negotiations - The Times of India from Times of India
2026-02-09 07:14:45,408 - INFO - [Times of India] Article: https://timesofindia.indiatimes.com/world/us/elon-musk-offers-to-cover-legal-costs-of-epstein-victims-who-get-sued-for-speaking-truth/articleshow/128098239.cms
2026-02-09 07:14:45,408 - INFO - [Times of India] Attempt 1/1: Trying with 'selenium_browser' strategy...
2026-02-09 07:14:46,559 - INFO - [Times of India] Page content loaded.
2026-02-09 07:14:46,681 - INFO - [Times of India] Success with 'selenium_browser'. Found content (404 words).
2026-02-09 07:14:46,769 - INFO - Saved article: Elon Musk offers to cover legal costs of Epstein victims who get sued for 'speaking truth' - The Times of India from Times of India
2026-02-09 07:14:47,730 - INFO - [Times of India] Article: https://timesofindia.indiatimes.com/world/middle-east/scent-of-ramadan-2026-gulfs-top-arabic-cologne-trends-for-women/articleshow/128095648.cms
2026-02-09 07:14:47,730 - INFO - [Times of India] Attempt 1/1: Trying with 'selenium_browser' strategy...
2026-02-09 07:14:48,768 - INFO - [Times of India] Page content loaded.
2026-02-09 07:14:48,910 - INFO - [Times of India] Success with 'selenium_browser'. Found content (653 words).
2026-02-09 07:14:48,973 - INFO - Saved article: Scent of Ramadan 2026: Gulf's top Arabic cologne trends for women - The Times of India from Times of India
2026-02-09 07:14:50,354 - INFO - [Times of India] Article: https://timesofindia.indiatimes.com/world/middle-east/ramadan-2026-uae-announces-zakat-al-fitr-fidyah-kaffarah-rates/articleshow/128096611.cms
2026-02-09 07:14:50,354 - INFO - [Times of India] Attempt 1/1: Trying with 'selenium_browser' strategy...
2026-02-09 07:14:51,421 - INFO - [Times of India] Page content loaded.
2026-02-09 07:14:51,563 - INFO - [Times of India] Success with 'selenium_browser'. Found content (503 words).
2026-02-09 07:14:51,656 - INFO - Duplicate article skipped: Ramadan 2026: UAE announces zakat al fitr, fidyah, kaffarah rates | World News - The Times of India from Times of India
2026-02-09 07:14:53,112 - INFO - [Times of India] Article: https://timesofindia.indiatimes.com/world/us-streamers/his-third-eye-candace-owens-claims-charlie-kirk-believed-he-was-psychic-and-a-time-traveller/articleshow/128015481.cms
2026-02-09 07:14:53,113 - INFO - [Times of India] Attempt 1/1: Trying with 'selenium_browser' strategy...
2026-02-09 07:14:54,723 - INFO - [Times of India] Page content loaded.
2026-02-09 07:14:54,885 - INFO - [Times of India] Success with 'selenium_browser'. Found content (438 words).
2026-02-09 07:14:54,965 - INFO - Duplicate article skipped: “His third eye…”: Candace Owens claims Charlie Kirk believed he was psychic and a time traveller - The Times of India from Times of India
2026-02-09 07:14:56,171 - INFO - [Times of India] Article: https://timesofindia.indiatimes.com/world/rest-of-world/japan-election-2026-explained-who-won-who-lost-and-who-is-sanae-takaichi/articleshow/128093730.cms
2026-02-09 07:14:56,171 - INFO - [Times of India] Attempt 1/1: Trying with 'selenium_browser' strategy...
2026-02-09 07:14:57,436 - INFO - [Times of India] Page content loaded.
2026-02-09 07:14:57,593 - INFO - [Times of India] Success with 'selenium_browser'. Found content (1181 words).
2026-02-09 07:14:57,651 - INFO - Duplicate article skipped: Japan election 2026 explained: Who won, who lost and who is Sanae Takaichi? - The Times of India from Times of India
2026-02-09 07:14:59,008 - INFO - [Times of India] Article: https://timesofindia.indiatimes.com/science/self-growing-city-on-moon-in-10-years-why-elon-musks-spacex-may-make-mars-wait/articleshow/128093525.cms
2026-02-09 07:14:59,008 - INFO - [Times of India] Attempt 1/1: Trying with 'selenium_browser' strategy...
2026-02-09 07:15:00,143 - INFO - [Times of India] Page content loaded.
2026-02-09 07:15:00,273 - INFO - [Times of India] Success with 'selenium_browser'. Found content (426 words).
2026-02-09 07:15:00,341 - INFO - Duplicate article skipped: Self-growing city on Moon in 10 years? Why Elon Musk’s SpaceX may make Mars wait - The Times of India from Times of India
2026-02-09 07:15:01,512 - INFO - [Times of India] Article: https://timesofindia.indiatimes.com/world/middle-east/scent-of-ramadan-2026-arabic-fragrances-trending-in-mens-style-section-this-season-in-the-gulf/articleshow/128095050.cms
2026-02-09 07:15:01,512 - INFO - [Times of India] Attempt 1/1: Trying with 'selenium_browser' strategy...
2026-02-09 07:15:02,563 - INFO - [Times of India] Page content loaded.
2026-02-09 07:15:02,727 - INFO - [Times of India] Success with 'selenium_browser'. Found content (597 words).
2026-02-09 07:15:02,799 - INFO - Duplicate article skipped: Scent of Ramadan 2026: Arabic fragrances trending in men’s style section this season in the Gulf - The Times of India from Times of India
2026-02-09 07:15:04,185 - INFO - [Times of India] Article: https://timesofindia.indiatimes.com/world/middle-east/minimum-salary-needed-to-live-in-dubai-single-vs-family-cost-of-living-in-2026-uae-emirate/articleshow/128093905.cms
2026-02-09 07:15:04,185 - INFO - [Times of India] Attempt 1/1: Trying with 'selenium_browser' strategy...
2026-02-09 07:15:05,035 - INFO - [Times of India] Page content loaded.
2026-02-09 07:15:05,179 - INFO - [Times of India] Success with 'selenium_browser'. Found content (693 words).
2026-02-09 07:15:05,235 - INFO - Duplicate article skipped: Minimum salary needed to live in Dubai: Single vs family cost of living in 2026 UAE emirate - The Times of India from Times of India
2026-02-09 07:15:05,755 - INFO - [Times of India] (Thread) Finished. Attempting to shut down its Selenium driver.
2026-02-09 07:15:05,969 - INFO - [Times of India] (Thread) driver.quit() successful.
2026-02-09 07:15:05,970 - INFO - Shutting down thread pool (wait=False)...
2026-02-09 07:15:05,970 - INFO - Scraped: 4 Times of India, 1 The Guardian, 4 BBC, 10 The Hindu articles. (Total saved: 19)
2026-02-09 07:15:05,970 - INFO - --- Scraping job finished ---
2026-02-09 07:15:05,977 - INFO - --- Scraper service stopped and database connection closed. ---
2026-02-09 07:15:05,977 - INFO - --- Main thread finished. Forcing process exit to kill zombie threads. ---
