2026-01-10 02:04:17,803 - INFO - Initializing database connection at: news_articles.db
2026-01-10 02:04:17,803 - INFO - --- Scraper service started (CI Mode: Run Once) ---
2026-01-10 02:04:17,803 - INFO - --- Starting new scraping job (Parallel Mode) ---
2026-01-10 02:04:17,803 - INFO - Creating new robust session with 3 retries on 5xx/connection/read errors.
2026-01-10 02:04:17,804 - INFO - Proxy is DISABLED.
2026-01-10 02:04:17,804 - INFO - Starting scrape for BBC RSS feed: http://feeds.bbci.co.uk/news/world/rss.xml
2026-01-10 02:04:17,804 - INFO - [Times of India] (Thread) requires Selenium. Initializing driver...
2026-01-10 02:04:17,804 - INFO - Initializing headless Selenium Chrome driver (using SeleniumManager)...
2026-01-10 02:04:17,805 - INFO - Starting scrape for The Guardian RSS feed: https://www.theguardian.com/world/rss
2026-01-10 02:04:17,805 - INFO - [The Hindu] (Thread) requires Selenium. Initializing driver...
2026-01-10 02:04:17,806 - INFO - Submitted 4 jobs to thread pool. Waiting up to 300s for completion...
2026-01-10 02:04:17,806 - INFO - Initializing headless Selenium Chrome driver (using SeleniumManager)...
2026-01-10 02:04:17,972 - INFO - Found 45 articles in The Guardian RSS feed. Processing up to 10.
2026-01-10 02:04:17,972 - INFO - [The Guardian] Article: https://www.theguardian.com/global-development/2026/jan/09/the-gambia-female-genital-mutilation-fgm-supreme-court-case-overturn-ban
2026-01-10 02:04:17,972 - INFO - [The Guardian] Attempt 1/1: Trying with 'requests_browser' strategy...
2026-01-10 02:04:18,016 - INFO - [The Guardian] Success with 'requests_browser'. Found content (850 words).
2026-01-10 02:04:18,062 - INFO - Duplicate article skipped: Attempt to overturn the Gambia’s ban on FGM heard by supreme court | Global development | The Guardian from The Guardian
2026-01-10 02:04:18,273 - INFO - Found 29 articles in BBC RSS feed. Processing up to 10.
2026-01-10 02:04:18,274 - INFO - [BBC] Article: https://www.bbc.com/news/articles/c78vj5n7jg3o?at_medium=RSS&at_campaign=rss
2026-01-10 02:04:18,274 - INFO - [BBC] Attempt 1/1: Trying with 'requests_browser' strategy...
2026-01-10 02:04:18,746 - INFO - [BBC] Success with 'requests_browser'. Found content (571 words).
2026-01-10 02:04:18,797 - INFO - Saved article: Trump says US needs to 'own' Greenland to prevent Russia and China from taking it from BBC
2026-01-10 02:04:19,398 - INFO - [BBC] Article: https://www.bbc.com/news/articles/c4g49djqqjgo?at_medium=RSS&at_campaign=rss
2026-01-10 02:04:19,398 - INFO - [BBC] Attempt 1/1: Trying with 'requests_browser' strategy...
2026-01-10 02:04:19,444 - INFO - [The Guardian] Article: https://www.theguardian.com/world/2026/jan/08/questions-targeting-impact-us-airstrikes-in-nigeria
2026-01-10 02:04:19,444 - INFO - [The Guardian] Attempt 1/1: Trying with 'requests_browser' strategy...
2026-01-10 02:04:19,451 - INFO - [BBC] Success with 'requests_browser'. Found content (1137 words).
2026-01-10 02:04:19,485 - INFO - Duplicate article skipped: Iran leader Khamenei says anti-government protesters are vandals trying to please Trump from BBC
2026-01-10 02:04:19,502 - INFO - [The Guardian] Success with 'requests_browser'. Found content (795 words).
2026-01-10 02:04:19,541 - INFO - Duplicate article skipped: Two weeks on, questions linger over targeting and impact of US airstrikes in Nigeria | Nigeria | The Guardian from The Guardian
2026-01-10 02:04:20,238 - INFO - [BBC] Article: https://www.bbc.com/news/articles/cg7y0579lp8o?at_medium=RSS&at_campaign=rss
2026-01-10 02:04:20,238 - INFO - [BBC] Attempt 1/1: Trying with 'requests_browser' strategy...
2026-01-10 02:04:20,375 - INFO - [BBC] Success with 'requests_browser'. Found content (1502 words).
2026-01-10 02:04:20,402 - INFO - [The Guardian] Article: https://www.theguardian.com/world/2026/jan/02/anthony-joshuas-driver-charged-with-dangerous-driving-after-fatal-crash-in-nigeria
2026-01-10 02:04:20,408 - INFO - [The Guardian] Attempt 1/1: Trying with 'requests_browser' strategy...
2026-01-10 02:04:20,414 - INFO - Duplicate article skipped: Huge anti-government protests in Tehran and other Iranian cities, videos show from BBC
2026-01-10 02:04:20,551 - INFO - [The Guardian] Success with 'requests_browser'. Found content (346 words).
2026-01-10 02:04:20,587 - INFO - Duplicate article skipped: Anthony Joshua’s driver charged with dangerous driving after fatal crash in Nigeria | Anthony Joshua | The Guardian from The Guardian
2026-01-10 02:04:21,039 - INFO - [BBC] Article: https://www.bbc.com/news/articles/cz7yv4524gqo?at_medium=RSS&at_campaign=rss
2026-01-10 02:04:21,039 - INFO - [BBC] Attempt 1/1: Trying with 'requests_browser' strategy...
2026-01-10 02:04:21,258 - INFO - [BBC] Success with 'requests_browser'. Found content (801 words).
2026-01-10 02:04:21,294 - INFO - Duplicate article skipped: Video filmed by ICE agent who shot Minneapolis woman emerges from BBC
2026-01-10 02:04:21,957 - INFO - [The Guardian] Article: https://www.theguardian.com/science/2026/jan/01/cremation-pyre-in-africa-thought-to-be-worlds-oldest-containing-adult-remains
2026-01-10 02:04:21,957 - INFO - [The Guardian] Attempt 1/1: Trying with 'requests_browser' strategy...
2026-01-10 02:04:21,989 - INFO - [The Guardian] Success with 'requests_browser'. Found content (653 words).
2026-01-10 02:04:22,024 - INFO - Duplicate article skipped: Cremation pyre in Africa thought to be world’s oldest containing adult remains | Anthropology | The Guardian from The Guardian
2026-01-10 02:04:22,158 - INFO - [BBC] Article: https://www.bbc.com/news/articles/c4g0mq520zeo?at_medium=RSS&at_campaign=rss
2026-01-10 02:04:22,158 - INFO - [BBC] Attempt 1/1: Trying with 'requests_browser' strategy...
2026-01-10 02:04:22,193 - INFO - [BBC] Success with 'requests_browser'. Found content (518 words).
2026-01-10 02:04:22,225 - INFO - Duplicate article skipped: Owner of Swiss ski resort bar held in custody after deadly New Year's Eve fire from BBC
2026-01-10 02:04:23,188 - INFO - [BBC] Article: https://www.bbc.com/news/articles/c205dx61x76o?at_medium=RSS&at_campaign=rss
2026-01-10 02:04:23,188 - INFO - [BBC] Attempt 1/1: Trying with 'requests_browser' strategy...
2026-01-10 02:04:23,278 - INFO - [BBC] Success with 'requests_browser'. Found content (814 words).
2026-01-10 02:04:23,342 - INFO - Saved article: Trump seeks $100bn for Venezuela oil, but Exxon boss says country 'uninvestable' from BBC
2026-01-10 02:04:23,348 - INFO - [The Guardian] Article: https://www.theguardian.com/global-development/2026/jan/01/us-aid-cuts-conditions-un-humanitarian-pledge-ocha
2026-01-10 02:04:23,348 - INFO - [The Guardian] Attempt 1/1: Trying with 'requests_browser' strategy...
2026-01-10 02:04:23,384 - INFO - [The Guardian] Success with 'requests_browser'. Found content (631 words).
2026-01-10 02:04:23,420 - INFO - Duplicate article skipped: US ‘adapt, shrink or die’ terms for $2bn aid pot will mean UN bowing down to Washington, say experts | Aid | The Guardian from The Guardian
2026-01-10 02:04:24,013 - INFO - [BBC] Article: https://www.bbc.com/news/articles/cgqe9kv9xxvo?at_medium=RSS&at_campaign=rss
2026-01-10 02:04:24,013 - INFO - [BBC] Attempt 1/1: Trying with 'requests_browser' strategy...
2026-01-10 02:04:24,051 - INFO - [BBC] Success with 'requests_browser'. Found content (796 words).
2026-01-10 02:04:24,089 - INFO - Duplicate article skipped: Oreshnik ballistic missile fired in fresh strikes on Ukraine from BBC
2026-01-10 02:04:24,512 - INFO - [The Guardian] Article: https://www.theguardian.com/us-news/2026/jan/09/trump-oil-company-executives-meeting-venezuela
2026-01-10 02:04:24,512 - INFO - [The Guardian] Attempt 1/1: Trying with 'requests_browser' strategy...
2026-01-10 02:04:24,544 - INFO - [The Guardian] Success with 'requests_browser'. Found content (776 words).
2026-01-10 02:04:24,579 - INFO - Duplicate article skipped: Trump promises oil companies ‘total safety’ in Venezuela as he urges them to invest billions | Donald Trump | The Guardian from The Guardian
2026-01-10 02:04:24,780 - INFO - [BBC] Article: https://www.bbc.com/news/articles/c17zqz5pprwo?at_medium=RSS&at_campaign=rss
2026-01-10 02:04:24,780 - INFO - [BBC] Attempt 1/1: Trying with 'requests_browser' strategy...
2026-01-10 02:04:24,816 - INFO - [BBC] Success with 'requests_browser'. Found content (401 words).
2026-01-10 02:04:24,853 - INFO - Duplicate article skipped: Philippines: One dead, dozens trapped after giant landfill collapses in Cebu from BBC
2026-01-10 02:04:25,214 - INFO - Selenium driver initialized successfully.
2026-01-10 02:04:25,214 - INFO - Starting scrape for Times of India RSS feed: https://timesofindia.indiatimes.com/rssfeeds/296589292.cms
2026-01-10 02:04:25,215 - INFO - Selenium driver initialized successfully.
2026-01-10 02:04:25,215 - INFO - Starting scrape for The Hindu RSS feed: https://www.thehindu.com/news/national/feeder/default.rss
2026-01-10 02:04:25,411 - INFO - Found 100 articles in The Hindu RSS feed. Processing up to 10.
2026-01-10 02:04:25,411 - INFO - [The Hindu] Article: https://www.thehindu.com/news/national/bihar/police-personnel-behaving-like-criminals-will-not-be-tolerated-bihar-dgp/article70491208.ece
2026-01-10 02:04:25,411 - INFO - [The Hindu] Attempt 1/1: Trying with 'selenium_browser' strategy...
2026-01-10 02:04:25,426 - INFO - Found 20 articles in Times of India RSS feed. Processing up to 10.
2026-01-10 02:04:25,426 - INFO - [Times of India] Article: https://timesofindia.indiatimes.com/world/us/greenland-iran-colombia-whos-next-on-donald-trumps-bombing-radar/articleshow/126436006.cms
2026-01-10 02:04:25,426 - INFO - [Times of India] Attempt 1/1: Trying with 'selenium_browser' strategy...
2026-01-10 02:04:25,654 - INFO - [The Guardian] Article: https://www.theguardian.com/world/2026/jan/09/trump-venezuela-leadership-meeting-opposition-machado
2026-01-10 02:04:25,654 - INFO - [The Guardian] Attempt 1/1: Trying with 'requests_browser' strategy...
2026-01-10 02:04:25,712 - INFO - [The Guardian] Success with 'requests_browser'. Found content (1293 words).
2026-01-10 02:04:25,730 - INFO - [BBC] Article: https://www.bbc.com/news/articles/cdxj28xd542o?at_medium=RSS&at_campaign=rss
2026-01-10 02:04:25,737 - INFO - [BBC] Attempt 1/1: Trying with 'requests_browser' strategy...
2026-01-10 02:04:25,779 - INFO - Duplicate article skipped: Trump claims he has cancelled second wave of attacks on Venezuela | US attack on Venezuela | The Guardian from The Guardian
2026-01-10 02:04:25,803 - INFO - [BBC] Success with 'requests_browser'. Found content (561 words).
2026-01-10 02:04:25,860 - INFO - Duplicate article skipped: US seizes fifth oil tanker linked to Venezuela, officials say from BBC
2026-01-10 02:04:26,332 - INFO - [The Guardian] Article: https://www.theguardian.com/world/2026/jan/09/eu-states-back-controversial-mercosur-deal-with-latin-american-countries
2026-01-10 02:04:26,332 - INFO - [The Guardian] Attempt 1/1: Trying with 'requests_browser' strategy...
2026-01-10 02:04:26,381 - INFO - [The Guardian] Success with 'requests_browser'. Found content (553 words).
2026-01-10 02:04:26,455 - INFO - Duplicate article skipped: EU states back controversial Mercosur deal with Latin American countries | European Union | The Guardian from The Guardian
2026-01-10 02:04:26,575 - INFO - [BBC] Article: https://www.bbc.com/news/articles/c99kn52nx9do?at_medium=RSS&at_campaign=rss
2026-01-10 02:04:26,575 - INFO - [BBC] Attempt 1/1: Trying with 'requests_browser' strategy...
2026-01-10 02:04:26,651 - INFO - [BBC] Success with 'requests_browser'. Found content (977 words).
2026-01-10 02:04:26,715 - INFO - Duplicate article skipped: X could face ban in UK over deepfakes, minister says from BBC
2026-01-10 02:04:27,265 - INFO - [The Guardian] Article: https://www.theguardian.com/world/2026/jan/09/us-venezuela-oil-tanker-seizure
2026-01-10 02:04:27,265 - INFO - [The Guardian] Attempt 1/1: Trying with 'requests_browser' strategy...
2026-01-10 02:04:27,468 - INFO - [The Guardian] Success with 'requests_browser'. Found content (713 words).
2026-01-10 02:04:27,621 - INFO - Duplicate article skipped: US military forces seize fifth tanker in effort to control Venezuelan oil | US attack on Venezuela | The Guardian from The Guardian
2026-01-10 02:04:28,023 - INFO - [The Hindu] Page content loaded.
2026-01-10 02:04:28,414 - INFO - [The Hindu] Success with 'selenium_browser'. Found content (450 words).
2026-01-10 02:04:28,667 - INFO - [The Guardian] Article: https://www.theguardian.com/world/2026/jan/08/venezuela-to-release-important-number-of-detainees
2026-01-10 02:04:28,667 - INFO - [The Guardian] Attempt 1/1: Trying with 'requests_browser' strategy...
2026-01-10 02:04:28,849 - INFO - Saved article: Police personnel behaving like criminals will not be tolerated: Bihar DGP - The Hindu from The Hindu
2026-01-10 02:04:28,889 - INFO - [The Guardian] Success with 'requests_browser'. Found content (1111 words).
2026-01-10 02:04:29,078 - INFO - Duplicate article skipped: Venezuela begins releasing political detainees to ‘consolidate peace’ | Venezuela | The Guardian from The Guardian
2026-01-10 02:04:29,434 - INFO - [The Hindu] Article: https://www.thehindu.com/news/national/rajasthan/speeding-luxury-car-mows-down-16-in-rajasthans-jaipur-1-dead/article70493538.ece
2026-01-10 02:04:29,434 - INFO - [The Hindu] Attempt 1/1: Trying with 'selenium_browser' strategy...
2026-01-10 02:04:33,259 - INFO - [The Hindu] Page content loaded.
2026-01-10 02:04:33,383 - INFO - [The Hindu] Success with 'selenium_browser'. Found content (213 words).
2026-01-10 02:04:33,679 - INFO - Saved article: Speeding luxury car mows down 16 in Rajasthan’s Jaipur; 1 dead - The Hindu from The Hindu
2026-01-10 02:04:34,711 - INFO - [The Hindu] Article: https://www.thehindu.com/news/national/jammu-and-kashmir/dangerous-precedent-mehbooba-mufti-on-cancellation-of-mbbs-course-at-jks-mata-vaishno-devi-varsity/article70491610.ece
2026-01-10 02:04:34,711 - INFO - [The Hindu] Attempt 1/1: Trying with 'selenium_browser' strategy...
2026-01-10 02:04:40,141 - INFO - [The Hindu] Page content loaded.
2026-01-10 02:04:40,440 - INFO - [The Hindu] Success with 'selenium_browser'. Found content (425 words).
2026-01-10 02:04:40,649 - INFO - Saved article: ‘Dangerous precedent’: Mehbooba Mufti on cancellation of MBBS course at J&K’s Mata Vaishno Devi varsity - The Hindu from The Hindu
2026-01-10 02:04:41,865 - INFO - [The Hindu] Article: https://www.thehindu.com/news/national/odisha/naveen-patnaik-opposes-linking-of-pollution-certificate-with-sale-of-fuel-in-odisha/article70490706.ece
2026-01-10 02:04:41,865 - INFO - [The Hindu] Attempt 1/1: Trying with 'selenium_browser' strategy...
2026-01-10 02:04:44,213 - INFO - [The Hindu] Page content loaded.
2026-01-10 02:04:44,371 - INFO - [The Hindu] Success with 'selenium_browser'. Found content (269 words).
2026-01-10 02:04:44,460 - INFO - Saved article: Naveen Patnaik opposes linking of pollution certificate with sale of fuel in Odisha - The Hindu from The Hindu
2026-01-10 02:04:45,188 - INFO - [The Hindu] Article: https://www.thehindu.com/news/national/bihar/over-1000-members-of-jan-suraaj-partys-professional-wing-fired-after-bihar-polls/article70490943.ece
2026-01-10 02:04:45,188 - INFO - [The Hindu] Attempt 1/1: Trying with 'selenium_browser' strategy...
2026-01-10 02:04:49,383 - INFO - [The Hindu] Page content loaded.
2026-01-10 02:04:49,446 - INFO - [The Hindu] Success with 'selenium_browser'. Found content (516 words).
2026-01-10 02:04:49,503 - INFO - Saved article: Over 1,000 staff members of Jan Suraaj Party’s professional wing fired after Bihar polls - The Hindu from The Hindu
2026-01-10 02:04:50,764 - INFO - [The Hindu] Article: https://www.thehindu.com/sci-tech/science/aerosols-aloft-lift-thicken-winter-fog-over-north-india-iit-m-study/article70481848.ece
2026-01-10 02:04:50,764 - INFO - [The Hindu] Attempt 1/1: Trying with 'selenium_browser' strategy...
2026-01-10 02:04:52,849 - INFO - [The Hindu] Page content loaded.
2026-01-10 02:04:52,906 - INFO - [The Hindu] Success with 'selenium_browser'. Found content (405 words).
2026-01-10 02:04:52,971 - INFO - Saved article: Aerosols aloft lift, thicken winter fog over North India: IIT-M study - The Hindu from The Hindu
2026-01-10 02:04:53,562 - INFO - [The Hindu] Article: https://www.thehindu.com/news/national/gujarat/multiple-tremors-jolt-parts-of-rajkot-district-in-gujarat-between-jan-8-9-no-damage-reported/article70490643.ece
2026-01-10 02:04:53,562 - INFO - [The Hindu] Attempt 1/1: Trying with 'selenium_browser' strategy...
2026-01-10 02:04:54,321 - INFO - [The Hindu] Page content loaded.
2026-01-10 02:04:54,408 - INFO - [The Hindu] Success with 'selenium_browser'. Found content (337 words).
2026-01-10 02:04:54,496 - INFO - Saved article: Multiple tremors jolt parts of Rajkot district in Gujarat between Jan. 8-9; no damage reported - The Hindu from The Hindu
2026-01-10 02:04:55,388 - INFO - [The Hindu] Article: https://www.thehindu.com/news/national/chief-of-the-naval-staff-reviews-eastern-fleets-combat-readiness-during-operational-sea-sortie/article70491252.ece
2026-01-10 02:04:55,388 - INFO - [The Hindu] Attempt 1/1: Trying with 'selenium_browser' strategy...
2026-01-10 02:04:56,524 - INFO - [The Hindu] Page content loaded.
2026-01-10 02:04:56,612 - INFO - [The Hindu] Success with 'selenium_browser'. Found content (196 words).
2026-01-10 02:04:56,691 - INFO - Saved article: Chief of the Naval Staff reviews eastern fleet’s combat readiness during operational sea sortie - The Hindu from The Hindu
2026-01-10 02:04:57,901 - INFO - [The Hindu] Article: https://www.thehindu.com/news/national/west-bengal/sir-in-west-bengal-the-deleted-the-doubtful-and-the-disenfranchised/article70490633.ece
2026-01-10 02:04:57,902 - INFO - [The Hindu] Attempt 1/1: Trying with 'selenium_browser' strategy...
2026-01-10 02:05:00,195 - INFO - [The Hindu] Page content loaded.
2026-01-10 02:05:00,280 - INFO - [The Hindu] Success with 'selenium_browser'. Found content (2222 words).
2026-01-10 02:05:00,344 - INFO - Saved article: SIR in West Bengal: The deleted, the doubtful, and the disenfranchised - The Hindu from The Hindu
2026-01-10 02:05:01,098 - INFO - [The Hindu] Article: https://www.thehindu.com/news/national/zohran-mamdanis-note-to-umar-khalid-draws-criticism-from-mea/article70492430.ece
2026-01-10 02:05:01,098 - INFO - [The Hindu] Attempt 1/1: Trying with 'selenium_browser' strategy...
2026-01-10 02:05:01,867 - INFO - [The Hindu] Page content loaded.
2026-01-10 02:05:01,947 - INFO - [The Hindu] Success with 'selenium_browser'. Found content (199 words).
2026-01-10 02:05:02,035 - INFO - Duplicate article skipped: Zohran Mamdani’s note to Umar Khalid draws criticism from MEA - The Hindu from The Hindu
2026-01-10 02:05:03,520 - INFO - [The Hindu] (Thread) Finished. Attempting to shut down its Selenium driver.
2026-01-10 02:05:03,681 - INFO - [The Hindu] (Thread) driver.quit() successful.
2026-01-10 02:06:25,526 - ERROR - [Times of India] Request failed for strategy 'selenium_browser' on URL https://timesofindia.indiatimes.com/world/us/greenland-iran-colombia-whos-next-on-donald-trumps-bombing-radar/articleshow/126436006.cms: HTTPConnectionPool(host='localhost', port=32955): Read timed out. (read timeout=120)
2026-01-10 02:06:25,526 - ERROR - [Times of India] All scrape strategies failed for https://timesofindia.indiatimes.com/world/us/greenland-iran-colombia-whos-next-on-donald-trumps-bombing-radar/articleshow/126436006.cms. Falling back to RSS description.
2026-01-10 02:06:25,528 - INFO - Saved article: Greenland, Iran, Colombia? Who's next on Donald Trump's bombing radar from Times of India
2026-01-10 02:06:26,049 - INFO - [Times of India] Article: https://timesofindia.indiatimes.com/world/us/nobody-else-settled-wars-trump-reasserts-role-in-india-pakistan-ceasefire-makes-renewed-push-for-nobel-peace-prize/articleshow/126445671.cms
2026-01-10 02:06:26,049 - INFO - [Times of India] Attempt 1/1: Trying with 'selenium_browser' strategy...
2026-01-10 02:08:26,150 - ERROR - [Times of India] Request failed for strategy 'selenium_browser' on URL https://timesofindia.indiatimes.com/world/us/nobody-else-settled-wars-trump-reasserts-role-in-india-pakistan-ceasefire-makes-renewed-push-for-nobel-peace-prize/articleshow/126445671.cms: HTTPConnectionPool(host='localhost', port=32955): Read timed out. (read timeout=120)
2026-01-10 02:08:26,150 - ERROR - [Times of India] All scrape strategies failed for https://timesofindia.indiatimes.com/world/us/nobody-else-settled-wars-trump-reasserts-role-in-india-pakistan-ceasefire-makes-renewed-push-for-nobel-peace-prize/articleshow/126445671.cms. Falling back to RSS description.
2026-01-10 02:08:26,152 - INFO - Saved article: 'Nobody else settled wars': Trump reasserts role in India-Pakistan ceasefire; makes renewed push for Nobel Peace Prize from Times of India
2026-01-10 02:08:26,693 - INFO - [Times of India] Article: https://timesofindia.indiatimes.com/world/us/embarrassingly-obvious-h-1b-spouses-sue-us-over-ending-automatic-work-permit-extensions/articleshow/126443276.cms
2026-01-10 02:08:26,693 - INFO - [Times of India] Attempt 1/1: Trying with 'selenium_browser' strategy...
2026-01-10 02:09:17,809 - CRITICAL - --- TIMEOUT: 1 scrape jobs did not complete in 300s. ---
2026-01-10 02:09:17,809 - ERROR - A thread has timed out and will be abandoned.
2026-01-10 02:09:17,809 - INFO - Shutting down thread pool (wait=False)...
2026-01-10 02:09:17,809 - INFO - Scraped: 2 BBC, 9 The Hindu, 0 The Guardian, 1 Timed_Out_Jobs articles. (Total saved: 11)
2026-01-10 02:09:17,809 - INFO - --- Scraping job finished ---
2026-01-10 02:09:17,809 - INFO - --- Scraper service stopped and database connection closed. ---
2026-01-10 02:09:17,809 - INFO - --- Main thread finished. Forcing process exit to kill zombie threads. ---
