2026-01-20 18:51:15,720 - INFO - Initializing database connection at: news_articles.db
2026-01-20 18:51:15,720 - INFO - --- Scraper service started (CI Mode: Run Once) ---
2026-01-20 18:51:15,720 - INFO - --- Starting new scraping job (Parallel Mode) ---
2026-01-20 18:51:15,721 - INFO - Creating new robust session with 3 retries on 5xx/connection/read errors.
2026-01-20 18:51:15,721 - INFO - Proxy is DISABLED.
2026-01-20 18:51:15,721 - INFO - Starting scrape for BBC RSS feed: http://feeds.bbci.co.uk/news/world/rss.xml
2026-01-20 18:51:15,721 - INFO - [Times of India] (Thread) requires Selenium. Initializing driver...
2026-01-20 18:51:15,722 - INFO - Initializing headless Selenium Chrome driver (using SeleniumManager)...
2026-01-20 18:51:15,722 - INFO - Starting scrape for The Guardian RSS feed: https://www.theguardian.com/world/rss
2026-01-20 18:51:15,723 - INFO - [The Hindu] (Thread) requires Selenium. Initializing driver...
2026-01-20 18:51:15,723 - INFO - Initializing headless Selenium Chrome driver (using SeleniumManager)...
2026-01-20 18:51:15,723 - INFO - Submitted 4 jobs to thread pool. Waiting up to 300s for completion...
2026-01-20 18:51:15,863 - INFO - Found 45 articles in The Guardian RSS feed. Processing up to 10.
2026-01-20 18:51:15,863 - INFO - [The Guardian] Article: https://www.theguardian.com/us-news/2026/jan/20/us-diplomats-urged-to-remind-african-leaders-of-us-generosity-despite-usaid-closing
2026-01-20 18:51:15,863 - INFO - [The Guardian] Attempt 1/1: Trying with 'requests_browser' strategy...
2026-01-20 18:51:16,015 - INFO - [The Guardian] Success with 'requests_browser'. Found content (735 words).
2026-01-20 18:51:16,060 - INFO - Saved article: Head of US Africa bureau urges staff to highlight US ‘generosity’ despite aid cuts | US foreign policy | The Guardian from The Guardian
2026-01-20 18:51:16,112 - INFO - Found 35 articles in BBC RSS feed. Processing up to 10.
2026-01-20 18:51:16,112 - INFO - [BBC] Article: https://www.bbc.com/news/articles/c0mkp021rvro?at_medium=RSS&at_campaign=rss
2026-01-20 18:51:16,112 - INFO - [BBC] Attempt 1/1: Trying with 'requests_browser' strategy...
2026-01-20 18:51:16,311 - INFO - [BBC] Success with 'requests_browser'. Found content (1057 words).
2026-01-20 18:51:16,351 - INFO - Saved article: UK defends Chagos Islands deal after Trump calls handover 'act of great stupidity' from BBC
2026-01-20 18:51:16,747 - INFO - [The Guardian] Article: https://www.theguardian.com/global-development/2026/jan/19/brazen-political-influence-rich-laid-bare-wealth-billionaires-inequality-poverty-instability-oxfam
2026-01-20 18:51:16,747 - INFO - [The Guardian] Attempt 1/1: Trying with 'requests_browser' strategy...
2026-01-20 18:51:16,897 - INFO - [The Guardian] Success with 'requests_browser'. Found content (639 words).
2026-01-20 18:51:16,933 - INFO - Duplicate article skipped: ‘Brazen’ political influence of rich laid bare as wealth of billionaires reaches $18.3tn, says Oxfam | Global development | The Guardian from The Guardian
2026-01-20 18:51:17,502 - INFO - [BBC] Article: https://www.bbc.com/news/articles/c4gwp2me3gzo?at_medium=RSS&at_campaign=rss
2026-01-20 18:51:17,502 - INFO - [BBC] Attempt 1/1: Trying with 'requests_browser' strategy...
2026-01-20 18:51:17,549 - INFO - [BBC] Success with 'requests_browser'. Found content (765 words).
2026-01-20 18:51:17,589 - INFO - Saved article: EU to suspend approval of US tariffs deal from BBC
2026-01-20 18:51:17,899 - INFO - [The Guardian] Article: https://www.theguardian.com/world/2026/jan/18/ugandas-president-calls-opponents-terrorists-in-victory-speech
2026-01-20 18:51:17,900 - INFO - [The Guardian] Attempt 1/1: Trying with 'requests_browser' strategy...
2026-01-20 18:51:17,942 - INFO - [The Guardian] Success with 'requests_browser'. Found content (533 words).
2026-01-20 18:51:17,987 - INFO - Duplicate article skipped: Uganda’s president calls opponents 'terrorists' in victory speech | Uganda | The Guardian from The Guardian
2026-01-20 18:51:18,779 - INFO - [BBC] Article: https://www.bbc.com/news/articles/crle9k2gw6jo?at_medium=RSS&at_campaign=rss
2026-01-20 18:51:18,779 - INFO - [BBC] Attempt 1/1: Trying with 'requests_browser' strategy...
2026-01-20 18:51:18,819 - INFO - [BBC] Success with 'requests_browser'. Found content (722 words).
2026-01-20 18:51:18,856 - INFO - Saved article: Spain train crash: Shock and confusion as officials struggle for answers from BBC
2026-01-20 18:51:19,006 - INFO - [The Guardian] Article: https://www.theguardian.com/world/2026/jan/17/yoweri-museveni-wins-ugandan-election-as-opponent-condemns-fake-result
2026-01-20 18:51:19,007 - INFO - [The Guardian] Attempt 1/1: Trying with 'requests_browser' strategy...
2026-01-20 18:51:19,402 - INFO - [The Guardian] Success with 'requests_browser'. Found content (462 words).
2026-01-20 18:51:19,447 - INFO - Duplicate article skipped: Yoweri Museveni wins Ugandan election as opponent condemns ‘fake result’ | Uganda | The Guardian from The Guardian
2026-01-20 18:51:19,926 - INFO - [BBC] Article: https://www.bbc.com/news/articles/cwy1lpgqenxo?at_medium=RSS&at_campaign=rss
2026-01-20 18:51:19,926 - INFO - [BBC] Attempt 1/1: Trying with 'requests_browser' strategy...
2026-01-20 18:51:19,970 - INFO - [BBC] Success with 'requests_browser'. Found content (904 words).
2026-01-20 18:51:20,007 - INFO - Duplicate article skipped: Ukraine's parliament and half of Kyiv with no heating after Russian strikes from BBC
2026-01-20 18:51:20,661 - INFO - [The Guardian] Article: https://www.theguardian.com/uk-news/2026/jan/17/afcon-little-morocco-london-confidence-high
2026-01-20 18:51:20,661 - INFO - [The Guardian] Attempt 1/1: Trying with 'requests_browser' strategy...
2026-01-20 18:51:20,807 - INFO - [The Guardian] Success with 'requests_browser'. Found content (686 words).
2026-01-20 18:51:20,845 - INFO - Duplicate article skipped: Confidence runs high in London’s Little Morocco as Afcon glory beckons | London | The Guardian from The Guardian
2026-01-20 18:51:21,433 - INFO - [BBC] Article: https://www.bbc.com/news/articles/c4g39w8k8zwo?at_medium=RSS&at_campaign=rss
2026-01-20 18:51:21,433 - INFO - [BBC] Attempt 1/1: Trying with 'requests_browser' strategy...
2026-01-20 18:51:21,481 - INFO - [BBC] Success with 'requests_browser'. Found content (1089 words).
2026-01-20 18:51:21,541 - INFO - Duplicate article skipped: Kurdish-led SDF pulls out of camp for IS families during clashes in Syria from BBC
2026-01-20 18:51:21,622 - INFO - [The Guardian] Article: https://www.theguardian.com/us-news/2026/jan/20/catholic-cardinals-trump-foreign-policy
2026-01-20 18:51:21,622 - INFO - [The Guardian] Attempt 1/1: Trying with 'requests_browser' strategy...
2026-01-20 18:51:21,657 - INFO - [The Guardian] Success with 'requests_browser'. Found content (706 words).
2026-01-20 18:51:21,692 - INFO - Duplicate article skipped: Catholic cardinals warn US foreign policy under Trump risks global suffering | Trump administration | The Guardian from The Guardian
2026-01-20 18:51:22,197 - INFO - [BBC] Article: https://www.bbc.com/news/articles/cj0n127y74go?at_medium=RSS&at_campaign=rss
2026-01-20 18:51:22,197 - INFO - [BBC] Attempt 1/1: Trying with 'requests_browser' strategy...
2026-01-20 18:51:22,238 - INFO - [BBC] Success with 'requests_browser'. Found content (331 words).
2026-01-20 18:51:22,277 - INFO - Duplicate article skipped: Cow astonishes scientists with rare tool use from BBC
2026-01-20 18:51:22,383 - INFO - [The Guardian] Article: https://www.theguardian.com/world/2026/jan/20/colombia-ex-paramilitary-leader-salvatore-mancuso-jailed-crimes-against-indigenous-groups
2026-01-20 18:51:22,383 - INFO - [The Guardian] Attempt 1/1: Trying with 'requests_browser' strategy...
2026-01-20 18:51:22,418 - INFO - [The Guardian] Success with 'requests_browser'. Found content (428 words).
2026-01-20 18:51:22,463 - INFO - Duplicate article skipped: Colombian ex-paramilitary leader jailed for crimes against Indigenous groups | Colombia | The Guardian from The Guardian
2026-01-20 18:51:22,788 - INFO - [BBC] Article: https://www.bbc.com/news/articles/c338mdg1gn5o?at_medium=RSS&at_campaign=rss
2026-01-20 18:51:22,788 - INFO - [BBC] Attempt 1/1: Trying with 'requests_browser' strategy...
2026-01-20 18:51:22,828 - INFO - [BBC] Success with 'requests_browser'. Found content (563 words).
2026-01-20 18:51:22,864 - INFO - Saved article: Colombia sentences ex-paramilitary leader Mancuso to 40 years in jail from BBC
2026-01-20 18:51:23,185 - INFO - Selenium driver initialized successfully.
2026-01-20 18:51:23,185 - INFO - Selenium driver initialized successfully.
2026-01-20 18:51:23,186 - INFO - Starting scrape for The Hindu RSS feed: https://www.thehindu.com/news/national/feeder/default.rss
2026-01-20 18:51:23,186 - INFO - Starting scrape for Times of India RSS feed: https://timesofindia.indiatimes.com/rssfeeds/296589292.cms
2026-01-20 18:51:23,455 - INFO - Found 100 articles in The Hindu RSS feed. Processing up to 10.
2026-01-20 18:51:23,456 - INFO - [The Hindu] Article: https://www.thehindu.com/news/national/kerala/vinod-tawde-appointed-bjp-in-charge-for-kerala-assembly-polls/article70531011.ece
2026-01-20 18:51:23,456 - INFO - [The Hindu] Attempt 1/1: Trying with 'selenium_browser' strategy...
2026-01-20 18:51:23,587 - INFO - Found 20 articles in Times of India RSS feed. Processing up to 10.
2026-01-20 18:51:23,587 - INFO - [Times of India] Article: https://timesofindia.indiatimes.com/world/europe/from-red-maga-cap-to-mocking-videos-heres-how-greenland-responds-to-donald-trumps-threat/articleshow/126848346.cms
2026-01-20 18:51:23,587 - INFO - [Times of India] Attempt 1/1: Trying with 'selenium_browser' strategy...
2026-01-20 18:51:23,760 - INFO - [BBC] Article: https://www.bbc.com/news/articles/c20ge5qwdl2o?at_medium=RSS&at_campaign=rss
2026-01-20 18:51:23,760 - INFO - [BBC] Attempt 1/1: Trying with 'requests_browser' strategy...
2026-01-20 18:51:23,783 - INFO - [The Guardian] Article: https://www.theguardian.com/world/2026/jan/20/trial-peru-amazon-quinto-inuma-alvarado-indigenous-leader
2026-01-20 18:51:23,783 - INFO - [The Guardian] Attempt 1/1: Trying with 'requests_browser' strategy...
2026-01-20 18:51:23,815 - INFO - [BBC] Success with 'requests_browser'. Found content (613 words).
2026-01-20 18:51:23,861 - INFO - Duplicate article skipped: Australia parliament passes gun reform and anti-hate bills after Bondi shooting from BBC
2026-01-20 18:51:23,870 - INFO - [The Guardian] Success with 'requests_browser'. Found content (660 words).
2026-01-20 18:51:23,911 - INFO - Duplicate article skipped: Men charged with contract killing of Indigenous leader to go on trial in Peru | Peru | The Guardian from The Guardian
2026-01-20 18:51:24,751 - INFO - [The Guardian] Article: https://www.theguardian.com/world/2026/jan/19/guatemala-state-of-emergency-police-officers-killed-prison-gang-violence
2026-01-20 18:51:24,751 - INFO - [The Guardian] Attempt 1/1: Trying with 'requests_browser' strategy...
2026-01-20 18:51:24,797 - INFO - [The Guardian] Success with 'requests_browser'. Found content (498 words).
2026-01-20 18:51:24,860 - INFO - Duplicate article skipped: Guatemala declares state of emergency after eight police officers killed in prison gang violence | Guatemala | The Guardian from The Guardian
2026-01-20 18:51:24,885 - INFO - [BBC] Article: https://www.bbc.com/news/articles/cddg5ermzn7o?at_medium=RSS&at_campaign=rss
2026-01-20 18:51:24,885 - INFO - [BBC] Attempt 1/1: Trying with 'requests_browser' strategy...
2026-01-20 18:51:24,954 - INFO - [BBC] Success with 'requests_browser'. Found content (466 words).
2026-01-20 18:51:25,039 - INFO - Saved article: Burkina Faso's Sandaogo Damiba: Ex-president accused of murder plot expelled from Togo from BBC
2026-01-20 18:51:25,587 - INFO - [BBC] Article: https://www.bbc.com/news/articles/ceqz1lzdxw1o?at_medium=RSS&at_campaign=rss
2026-01-20 18:51:25,588 - INFO - [BBC] Attempt 1/1: Trying with 'requests_browser' strategy...
2026-01-20 18:51:25,644 - INFO - [BBC] Success with 'requests_browser'. Found content (391 words).
2026-01-20 18:51:25,707 - INFO - Duplicate article skipped: France makes first interception targeting small boat crossings to UK from BBC
2026-01-20 18:51:25,948 - INFO - [The Guardian] Article: https://www.theguardian.com/world/2026/jan/18/chile-president-declares-state-of-catastrophe-as-wildfires-kill
2026-01-20 18:51:25,948 - INFO - [The Guardian] Attempt 1/1: Trying with 'requests_browser' strategy...
2026-01-20 18:51:26,476 - INFO - [The Guardian] Success with 'requests_browser'. Found content (475 words).
2026-01-20 18:51:26,646 - INFO - Duplicate article skipped: Chilean president declares state of catastrophe as wildfires kill at least 18 | Chile | The Guardian from The Guardian
2026-01-20 18:52:03,877 - INFO - [The Hindu] Page content loaded.
2026-01-20 18:52:04,052 - INFO - [The Hindu] Success with 'selenium_browser'. Found content (94 words).
2026-01-20 18:52:04,245 - INFO - Saved article: Vinod Tawde appointed BJP in-charge for Kerala Assembly polls - The Hindu from The Hindu
2026-01-20 18:52:05,494 - INFO - [The Hindu] Article: https://www.thehindu.com/news/national/karnataka/lokayukta-takes-suo-motu-case-over-polluted-lakes-in-doddaballapur/article70530451.ece
2026-01-20 18:52:05,494 - INFO - [The Hindu] Attempt 1/1: Trying with 'selenium_browser' strategy...
2026-01-20 18:52:06,805 - INFO - [The Hindu] Page content loaded.
2026-01-20 18:52:06,907 - INFO - [The Hindu] Success with 'selenium_browser'. Found content (194 words).
2026-01-20 18:52:07,075 - INFO - Saved article: Lokayukta takes suo motu case over polluted lakes in Doddaballapur - The Hindu from The Hindu
2026-01-20 18:52:07,922 - INFO - [The Hindu] Article: https://www.thehindu.com/news/national/karnataka/bjp-appoints-ram-madhav-as-incharge-of-gba-polls/article70530889.ece
2026-01-20 18:52:07,922 - INFO - [The Hindu] Attempt 1/1: Trying with 'selenium_browser' strategy...
2026-01-20 18:52:09,610 - INFO - [The Hindu] Page content loaded.
2026-01-20 18:52:09,660 - WARNING - [The Hindu] FAILED with 'selenium_browser' (content was too short: 71 words).
2026-01-20 18:52:09,660 - ERROR - [The Hindu] All scrape strategies failed for https://www.thehindu.com/news/national/karnataka/bjp-appoints-ram-madhav-as-incharge-of-gba-polls/article70530889.ece. Falling back to RSS description.
2026-01-20 18:52:09,662 - INFO - Saved article: BJP appoints Ram Madhav as incharge of GBA polls from The Hindu
2026-01-20 18:52:10,583 - INFO - [The Hindu] Article: https://www.thehindu.com/news/national/andhra-pradesh/collectors-told-to-form-jacs-to-ensure-proper-hygiene-at-welfare-hostels-in-andhra-pradesh/article70529659.ece
2026-01-20 18:52:10,583 - INFO - [The Hindu] Attempt 1/1: Trying with 'selenium_browser' strategy...
2026-01-20 18:52:11,474 - INFO - [The Hindu] Page content loaded.
2026-01-20 18:52:11,524 - INFO - [The Hindu] Success with 'selenium_browser'. Found content (360 words).
2026-01-20 18:52:11,603 - INFO - Saved article: Collectors told to form JACs to ensure proper hygiene at welfare hostels in Andhra Pradesh - The Hindu from The Hindu
2026-01-20 18:52:12,984 - INFO - [The Hindu] Article: https://www.thehindu.com/news/cities/bangalore/inspector-suspended-for-negligence-in-murder-probe-in-bengaluru/article70530120.ece
2026-01-20 18:52:12,984 - INFO - [The Hindu] Attempt 1/1: Trying with 'selenium_browser' strategy...
2026-01-20 18:52:13,876 - INFO - [The Hindu] Page content loaded.
2026-01-20 18:52:13,919 - INFO - [The Hindu] Success with 'selenium_browser'. Found content (249 words).
2026-01-20 18:52:13,994 - INFO - Saved article: Inspector suspended for negligence in murder probe in Bengaluru - The Hindu from The Hindu
2026-01-20 18:52:15,149 - INFO - [The Hindu] Article: https://www.thehindu.com/news/national/andhra-pradesh/ap-commission-chief-condemns-indecent-behaviour-against-women-warns-of-stern-action/article70530228.ece
2026-01-20 18:52:15,149 - INFO - [The Hindu] Attempt 1/1: Trying with 'selenium_browser' strategy...
2026-01-20 18:52:16,139 - INFO - [The Hindu] Page content loaded.
2026-01-20 18:52:16,246 - INFO - [The Hindu] Success with 'selenium_browser'. Found content (193 words).
2026-01-20 18:52:16,347 - INFO - Saved article: A.P. Commission chief condemns ‘indecent behaviour’ against women, warns of stern action - The Hindu from The Hindu
2026-01-20 18:52:17,341 - INFO - [The Hindu] Article: https://www.thehindu.com/news/national/karnataka/five-from-ap-killed-in-road-accident-near-sindhanur/article70530851.ece
2026-01-20 18:52:17,341 - INFO - [The Hindu] Attempt 1/1: Trying with 'selenium_browser' strategy...
2026-01-20 18:52:18,505 - INFO - [The Hindu] Page content loaded.
2026-01-20 18:52:18,582 - INFO - [The Hindu] Success with 'selenium_browser'. Found content (199 words).
2026-01-20 18:52:18,660 - INFO - Saved article: Five from A.P. killed in road accident near Sindhanur - The Hindu from The Hindu
2026-01-20 18:52:19,990 - INFO - [The Hindu] Article: https://www.thehindu.com/news/national/maharashtra/palghar-tribals-long-march-collectors-office-land-rights-forest-rights-act/article70530745.ece
2026-01-20 18:52:19,991 - INFO - [The Hindu] Attempt 1/1: Trying with 'selenium_browser' strategy...
2026-01-20 18:52:21,042 - INFO - [The Hindu] Page content loaded.
2026-01-20 18:52:21,129 - INFO - [The Hindu] Success with 'selenium_browser'. Found content (836 words).
2026-01-20 18:52:21,238 - INFO - Saved article: Palghar long march: Won’t go home without land ownership, say protesters - The Hindu from The Hindu
2026-01-20 18:52:22,199 - INFO - [The Hindu] Article: https://www.thehindu.com/news/national/india-bangladesh-withdraws-families-dependents-diplomats-officials-missions-election-february/article70530755.ece
2026-01-20 18:52:22,199 - INFO - [The Hindu] Attempt 1/1: Trying with 'selenium_browser' strategy...
2026-01-20 18:52:23,241 - INFO - [The Hindu] Page content loaded.
2026-01-20 18:52:23,287 - INFO - [The Hindu] Success with 'selenium_browser'. Found content (286 words).
2026-01-20 18:52:23,368 - INFO - Saved article: India withdraws families, dependents of diplomats and officials from all missions in Bangladesh - The Hindu from The Hindu
2026-01-20 18:52:24,619 - INFO - [The Hindu] Article: https://www.thehindu.com/news/cities/Hyderabad/man-kills-wife-in-borabanda/article70529823.ece
2026-01-20 18:52:24,619 - INFO - [The Hindu] Attempt 1/1: Trying with 'selenium_browser' strategy...
2026-01-20 18:52:25,571 - INFO - [The Hindu] Page content loaded.
2026-01-20 18:52:25,622 - INFO - [The Hindu] Success with 'selenium_browser'. Found content (174 words).
2026-01-20 18:52:25,688 - INFO - Saved article: Man kills wife in Borabanda - The Hindu from The Hindu
2026-01-20 18:52:26,844 - INFO - [The Hindu] (Thread) Finished. Attempting to shut down its Selenium driver.
2026-01-20 18:52:27,014 - INFO - [The Hindu] (Thread) driver.quit() successful.
2026-01-20 18:53:23,608 - ERROR - [Times of India] Request failed for strategy 'selenium_browser' on URL https://timesofindia.indiatimes.com/world/europe/from-red-maga-cap-to-mocking-videos-heres-how-greenland-responds-to-donald-trumps-threat/articleshow/126848346.cms: HTTPConnectionPool(host='localhost', port=57277): Read timed out. (read timeout=120)
2026-01-20 18:53:23,608 - ERROR - [Times of India] All scrape strategies failed for https://timesofindia.indiatimes.com/world/europe/from-red-maga-cap-to-mocking-videos-heres-how-greenland-responds-to-donald-trumps-threat/articleshow/126848346.cms. Falling back to RSS description.
2026-01-20 18:53:23,611 - INFO - Saved article: From Red MAGA cap to mocking videos: Here's how Greenland responds to Donald Trump's threat from Times of India
2026-01-20 18:53:24,456 - INFO - [Times of India] Article: https://timesofindia.indiatimes.com/world/us/if-i-didnt-come-along-there-would-be-no-nato-trump-takes-credit-for-natos-existence-as-europe-bristles-over-greenland/articleshow/126844389.cms
2026-01-20 18:53:24,457 - INFO - [Times of India] Attempt 1/1: Trying with 'selenium_browser' strategy...
2026-01-20 18:55:24,461 - ERROR - [Times of India] Request failed for strategy 'selenium_browser' on URL https://timesofindia.indiatimes.com/world/us/if-i-didnt-come-along-there-would-be-no-nato-trump-takes-credit-for-natos-existence-as-europe-bristles-over-greenland/articleshow/126844389.cms: HTTPConnectionPool(host='localhost', port=57277): Read timed out. (read timeout=120)
2026-01-20 18:55:24,461 - ERROR - [Times of India] All scrape strategies failed for https://timesofindia.indiatimes.com/world/us/if-i-didnt-come-along-there-would-be-no-nato-trump-takes-credit-for-natos-existence-as-europe-bristles-over-greenland/articleshow/126844389.cms. Falling back to RSS description.
2026-01-20 18:55:24,463 - INFO - Saved article: 'If I didn’t come along, there would be no ... ': Trump takes credit as Europe bristles over Greenland from Times of India
2026-01-20 18:55:25,232 - INFO - [Times of India] Article: https://timesofindia.indiatimes.com/world/us/lets-buy-california-from-trump-danish-satire-petition-collects-signatures-to-counter-us-greenland-move/articleshow/126839937.cms
2026-01-20 18:55:25,232 - INFO - [Times of India] Attempt 1/1: Trying with 'selenium_browser' strategy...
2026-01-20 18:56:15,723 - CRITICAL - --- TIMEOUT: 1 scrape jobs did not complete in 300s. ---
2026-01-20 18:56:15,723 - ERROR - A thread has timed out and will be abandoned.
2026-01-20 18:56:15,723 - INFO - Shutting down thread pool (wait=False)...
2026-01-20 18:56:15,723 - INFO - Scraped: 10 The Hindu, 1 The Guardian, 5 BBC, 1 Timed_Out_Jobs articles. (Total saved: 16)
2026-01-20 18:56:15,723 - INFO - --- Scraping job finished ---
2026-01-20 18:56:15,723 - INFO - --- Scraper service stopped and database connection closed. ---
2026-01-20 18:56:15,723 - INFO - --- Main thread finished. Forcing process exit to kill zombie threads. ---
