2025-11-25 06:38:34,174 - INFO - Initializing database connection at: news_articles.db
2025-11-25 06:38:34,174 - INFO - --- Scraper service started (CI Mode: Run Once) ---
2025-11-25 06:38:34,174 - INFO - --- Starting new scraping job (Parallel Mode) ---
2025-11-25 06:38:34,174 - INFO - Creating new robust session with 3 retries on 5xx/connection/read errors.
2025-11-25 06:38:34,175 - INFO - Proxy is DISABLED.
2025-11-25 06:38:34,175 - INFO - Starting scrape for BBC RSS feed: http://feeds.bbci.co.uk/news/world/rss.xml
2025-11-25 06:38:34,175 - INFO - [Times of India] (Thread) requires Selenium. Initializing driver...
2025-11-25 06:38:34,175 - INFO - Initializing headless Selenium Chrome driver (using SeleniumManager)...
2025-11-25 06:38:34,176 - INFO - Starting scrape for The Guardian RSS feed: https://www.theguardian.com/world/rss
2025-11-25 06:38:34,176 - INFO - [The Hindu] (Thread) requires Selenium. Initializing driver...
2025-11-25 06:38:34,176 - INFO - Initializing headless Selenium Chrome driver (using SeleniumManager)...
2025-11-25 06:38:34,176 - INFO - Submitted 4 jobs to thread pool. Waiting up to 300s for completion...
2025-11-25 06:38:34,370 - INFO - Found 45 articles in The Guardian RSS feed. Processing up to 10.
2025-11-25 06:38:34,370 - INFO - [The Guardian] Article: https://www.theguardian.com/uk-news/2025/nov/24/uk-rejects-nigerian-request-to-deport-former-politican-ike-ekweremadu-jailed-for-organ-trafficking
2025-11-25 06:38:34,370 - INFO - [The Guardian] Attempt 1/1: Trying with 'requests_browser' strategy...
2025-11-25 06:38:34,400 - INFO - [The Guardian] Success with 'requests_browser'. Found content (546 words).
2025-11-25 06:38:34,430 - INFO - Duplicate article skipped: UK rejects Nigerian request to deport former politican jailed for organ trafficking | UK news | The Guardian from The Guardian
2025-11-25 06:38:34,748 - INFO - Found 28 articles in BBC RSS feed. Processing up to 10.
2025-11-25 06:38:34,748 - INFO - [BBC] Article: https://www.bbc.com/news/articles/cpd6qd10l94o?at_medium=RSS&at_campaign=rss
2025-11-25 06:38:34,748 - INFO - [BBC] Attempt 1/1: Trying with 'requests_browser' strategy...
2025-11-25 06:38:35,178 - INFO - [BBC] Success with 'requests_browser'. Found content (664 words).
2025-11-25 06:38:35,226 - INFO - Duplicate article skipped: Volodymyr Zelensky warns against giving away territory to Russia, as latest Ukraine talks end from BBC
2025-11-25 06:38:35,631 - INFO - [The Guardian] Article: https://www.theguardian.com/world/2025/nov/24/ethiopian-volcano-hayli-gubbi-erupts-first-time-12000-years
2025-11-25 06:38:35,631 - INFO - [The Guardian] Attempt 1/1: Trying with 'requests_browser' strategy...
2025-11-25 06:38:35,658 - INFO - [The Guardian] Success with 'requests_browser'. Found content (306 words).
2025-11-25 06:38:35,688 - INFO - Duplicate article skipped: Ethiopian volcano erupts for first time in 12,000 years | Ethiopia | The Guardian from The Guardian
2025-11-25 06:38:36,248 - INFO - [BBC] Article: https://www.bbc.com/news/articles/cy95jvw57v2o?at_medium=RSS&at_campaign=rss
2025-11-25 06:38:36,248 - INFO - [BBC] Attempt 1/1: Trying with 'requests_browser' strategy...
2025-11-25 06:38:36,285 - INFO - [BBC] Success with 'requests_browser'. Found content (508 words).
2025-11-25 06:38:36,324 - INFO - Saved article: Russia-Ukraine war: At least four dead as overnight strikes hit residential buildings from BBC
2025-11-25 06:38:36,826 - INFO - Selenium driver initialized successfully.
2025-11-25 06:38:36,826 - INFO - Starting scrape for The Hindu RSS feed: https://www.thehindu.com/news/national/feeder/default.rss
2025-11-25 06:38:36,827 - INFO - Selenium driver initialized successfully.
2025-11-25 06:38:36,827 - INFO - Starting scrape for Times of India RSS feed: https://timesofindia.indiatimes.com/rssfeeds/296589292.cms
2025-11-25 06:38:36,896 - INFO - [BBC] Article: https://www.bbc.com/news/articles/c0jew0lyv98o?at_medium=RSS&at_campaign=rss
2025-11-25 06:38:36,896 - INFO - [BBC] Attempt 1/1: Trying with 'requests_browser' strategy...
2025-11-25 06:38:37,000 - INFO - Found 20 articles in Times of India RSS feed. Processing up to 10.
2025-11-25 06:38:37,001 - INFO - [Times of India] Article: https://timesofindia.indiatimes.com/world/us/macron-spent-1-5m-candace-owens-alleges-french-president-wants-to-assassinate-her-claims-she-has-proof/articleshow/125555136.cms
2025-11-25 06:38:37,001 - INFO - [Times of India] Attempt 1/1: Trying with 'selenium_browser' strategy...
2025-11-25 06:38:37,128 - INFO - [BBC] Success with 'requests_browser'. Found content (526 words).
2025-11-25 06:38:37,157 - INFO - [The Guardian] Article: https://www.theguardian.com/world/2025/nov/23/cyril-ramaphosa-gavel-g20-summit-us-handover
2025-11-25 06:38:37,159 - INFO - [The Guardian] Attempt 1/1: Trying with 'requests_browser' strategy...
2025-11-25 06:38:37,160 - INFO - Duplicate article skipped: Belgian airports to be hit by strike over austerity from BBC
2025-11-25 06:38:37,190 - INFO - [The Guardian] Success with 'requests_browser'. Found content (520 words).
2025-11-25 06:38:37,226 - INFO - Duplicate article skipped: Cyril Ramaphosa closes G20 summit after US boycott and handover row | G20 | The Guardian from The Guardian
2025-11-25 06:38:37,243 - INFO - Found 100 articles in The Hindu RSS feed. Processing up to 10.
2025-11-25 06:38:37,243 - INFO - [The Hindu] Article: https://www.thehindu.com/news/national/uttar-pradesh/pm-modi-roadshow-ayodhya-ram-temple-nov-25-2025/article70320492.ece
2025-11-25 06:38:37,243 - INFO - [The Hindu] Attempt 1/1: Trying with 'selenium_browser' strategy...
2025-11-25 06:38:38,239 - INFO - [The Guardian] Article: https://www.theguardian.com/world/2025/nov/22/security-fears-rise-in-nigeria-after-more-than-300-taken-mass-school-kidnapping
2025-11-25 06:38:38,239 - INFO - [The Guardian] Attempt 1/1: Trying with 'requests_browser' strategy...
2025-11-25 06:38:38,285 - INFO - [The Guardian] Success with 'requests_browser'. Found content (642 words).
2025-11-25 06:38:38,352 - INFO - Duplicate article skipped: Security fears rise in Nigeria after more than 300 schoolchildren kidnapped | Nigeria | The Guardian from The Guardian
2025-11-25 06:38:38,553 - INFO - [BBC] Article: https://www.bbc.com/news/articles/cj4qdren425o?at_medium=RSS&at_campaign=rss
2025-11-25 06:38:38,553 - INFO - [BBC] Attempt 1/1: Trying with 'requests_browser' strategy...
2025-11-25 06:38:38,749 - INFO - [BBC] Success with 'requests_browser'. Found content (919 words).
2025-11-25 06:38:38,788 - INFO - Duplicate article skipped: Reggae legend Jimmy Cliff dies, aged 81 from BBC
2025-11-25 06:38:39,085 - INFO - [The Guardian] Article: https://www.theguardian.com/society/2025/nov/22/south-africa-g20-protests-gender-based-violence-national-disaster
2025-11-25 06:38:39,085 - INFO - [The Guardian] Attempt 1/1: Trying with 'requests_browser' strategy...
2025-11-25 06:38:39,155 - INFO - [The Guardian] Success with 'requests_browser'. Found content (437 words).
2025-11-25 06:38:39,329 - INFO - Duplicate article skipped: South Africa declares gender-based violence a national disaster amid G20 protests | Violence against women and girls | The Guardian from The Guardian
2025-11-25 06:38:39,420 - INFO - [BBC] Article: https://www.bbc.com/news/articles/ce8g8wrd61zo?at_medium=RSS&at_campaign=rss
2025-11-25 06:38:39,420 - INFO - [BBC] Attempt 1/1: Trying with 'requests_browser' strategy...
2025-11-25 06:38:39,529 - INFO - [BBC] Success with 'requests_browser'. Found content (980 words).
2025-11-25 06:38:39,654 - INFO - Duplicate article skipped: Machu Picchu hit by a row over tourist buses from BBC
2025-11-25 06:38:39,952 - INFO - [The Guardian] Article: https://www.theguardian.com/world/2025/nov/25/canadian-author-thomas-king-not-indigenous-cherokee-inconvenient-indian
2025-11-25 06:38:39,952 - INFO - [The Guardian] Attempt 1/1: Trying with 'requests_browser' strategy...
2025-11-25 06:38:40,055 - INFO - [The Guardian] Success with 'requests_browser'. Found content (541 words).
2025-11-25 06:38:40,136 - INFO - Duplicate article skipped: Canada: ‘Inconvenient Indian’ author Thomas King says he is not Indigenous | Canada | The Guardian from The Guardian
2025-11-25 06:38:40,704 - INFO - [BBC] Article: https://www.bbc.com/news/articles/cvgkwgyqzn0o?at_medium=RSS&at_campaign=rss
2025-11-25 06:38:40,704 - INFO - [BBC] Attempt 1/1: Trying with 'requests_browser' strategy...
2025-11-25 06:38:40,917 - INFO - [BBC] Success with 'requests_browser'. Found content (550 words).
2025-11-25 06:38:41,067 - INFO - Duplicate article skipped: Morgan Geyser, 'Slender Man' stabber, captured after fleeing custody from BBC
2025-11-25 06:38:41,254 - INFO - [The Guardian] Article: https://www.theguardian.com/us-news/live/2025/nov/24/us-politics-trump-venezuela-marjorie-tayor-greene-latest-updates
2025-11-25 06:38:41,254 - INFO - [The Guardian] Attempt 1/1: Trying with 'requests_browser' strategy...
2025-11-25 06:38:41,948 - INFO - [The Guardian] Success with 'requests_browser'. Found content (3832 words).
2025-11-25 06:38:42,086 - INFO - Duplicate article skipped: Cases against Comey and James tossed, Pentagon investigating US senator and Turning Point USA looks to 2028 – as it happened | Trump administration | The Guardian from The Guardian
2025-11-25 06:38:42,531 - INFO - [BBC] Article: https://www.bbc.com/news/articles/cq5qen5gnzqo?at_medium=RSS&at_campaign=rss
2025-11-25 06:38:42,531 - INFO - [BBC] Attempt 1/1: Trying with 'requests_browser' strategy...
2025-11-25 06:38:42,908 - INFO - [BBC] Success with 'requests_browser'. Found content (1020 words).
2025-11-25 06:38:43,050 - INFO - Duplicate article skipped: Niger state kidnap: Nigerian father felt helpless as he saw children taken from Catholic school in Papiri from BBC
2025-11-25 06:38:43,317 - INFO - [The Guardian] Article: https://www.theguardian.com/world/2025/nov/24/canada-grizzly-bear-attack-search
2025-11-25 06:38:43,320 - INFO - [The Guardian] Attempt 1/1: Trying with 'requests_browser' strategy...
2025-11-25 06:38:43,425 - INFO - [The Guardian] Success with 'requests_browser'. Found content (852 words).
2025-11-25 06:38:43,519 - INFO - Duplicate article skipped: Grizzly bear that attacked children and teachers in Canada still eludes searchers | Canada | The Guardian from The Guardian
2025-11-25 06:38:43,611 - INFO - [BBC] Article: https://www.bbc.com/news/articles/cn7klr7647jo?at_medium=RSS&at_campaign=rss
2025-11-25 06:38:43,611 - INFO - [BBC] Attempt 1/1: Trying with 'requests_browser' strategy...
2025-11-25 06:38:43,754 - INFO - [BBC] Success with 'requests_browser'. Found content (1038 words).
2025-11-25 06:38:44,041 - INFO - Duplicate article skipped: Gaza food kitchens still missing essential products despite ceasefire from BBC
2025-11-25 06:38:44,453 - INFO - [The Guardian] Article: https://www.theguardian.com/us-news/2025/nov/24/trump-conspiracy-venezuela-2020-election
2025-11-25 06:38:44,453 - INFO - [The Guardian] Attempt 1/1: Trying with 'requests_browser' strategy...
2025-11-25 06:38:44,463 - INFO - [The Hindu] Page content loaded.
2025-11-25 06:38:44,691 - INFO - [The Guardian] Success with 'requests_browser'. Found content (585 words).
2025-11-25 06:38:44,930 - INFO - [The Hindu] Success with 'selenium_browser'. Found content (319 words).
2025-11-25 06:38:45,035 - INFO - Duplicate article skipped: Trump hints support for fringe theory that Venezuela rigged 2020 election | US elections 2020 | The Guardian from The Guardian
2025-11-25 06:38:45,047 - INFO - [BBC] Article: https://www.bbc.com/news/articles/czxgdelzeq1o?at_medium=RSS&at_campaign=rss
2025-11-25 06:38:45,047 - INFO - [BBC] Attempt 1/1: Trying with 'requests_browser' strategy...
2025-11-25 06:38:45,331 - INFO - [BBC] Success with 'requests_browser'. Found content (455 words).
2025-11-25 06:38:45,431 - INFO - Saved article: PM Modi holds roadshow to Ram temple ahead of flag ceremony - The Hindu from The Hindu
2025-11-25 06:38:45,474 - INFO - Duplicate article skipped: South Korea's most prolific online sex criminal sentenced to life in prison from BBC
2025-11-25 06:38:45,655 - INFO - [The Guardian] Article: https://www.theguardian.com/world/2025/nov/24/venezuela-maduro-us-drug-cartel-terrorism
2025-11-25 06:38:45,655 - INFO - [The Guardian] Attempt 1/1: Trying with 'requests_browser' strategy...
2025-11-25 06:38:45,756 - INFO - [The Guardian] Success with 'requests_browser'. Found content (527 words).
2025-11-25 06:38:45,859 - INFO - Duplicate article skipped: Venezuela accuses US of using ‘narco-terrorism’ allegations to justify ‘regime change’ | Venezuela | The Guardian from The Guardian
2025-11-25 06:38:46,070 - INFO - [The Hindu] Article: https://www.thehindu.com/news/national/maharashtra/ambulance-driver-abandons-mother-newborn-in-palghar-probe-ordered/article70320374.ece
2025-11-25 06:38:46,071 - INFO - [The Hindu] Attempt 1/1: Trying with 'selenium_browser' strategy...
2025-11-25 06:38:46,577 - INFO - [BBC] Article: https://www.bbc.com/news/articles/cz94pdkzqvwo?at_medium=RSS&at_campaign=rss
2025-11-25 06:38:46,578 - INFO - [BBC] Attempt 1/1: Trying with 'requests_browser' strategy...
2025-11-25 06:38:46,725 - INFO - [BBC] Success with 'requests_browser'. Found content (362 words).
2025-11-25 06:38:46,992 - INFO - Duplicate article skipped: Australia senator suspended after burka stunt in parliament from BBC
2025-11-25 06:38:48,125 - INFO - [The Hindu] Page content loaded.
2025-11-25 06:38:48,323 - INFO - [The Hindu] Success with 'selenium_browser'. Found content (218 words).
2025-11-25 06:38:48,541 - INFO - Saved article: Ambulance driver 'abandons' mother, newborn in Palghar; probe ordered - The Hindu from The Hindu
2025-11-25 06:38:49,523 - INFO - [The Hindu] Article: https://www.thehindu.com/news/cities/Hyderabad/volcanic-ash-from-ethiopia-forces-flight-cancellations-in-hyderabad-rgia-urges-travellers-to-check-latest-flight-status/article70320390.ece
2025-11-25 06:38:49,523 - INFO - [The Hindu] Attempt 1/1: Trying with 'selenium_browser' strategy...
2025-11-25 06:40:37,094 - ERROR - [Times of India] Request failed for strategy 'selenium_browser' on URL https://timesofindia.indiatimes.com/world/us/macron-spent-1-5m-candace-owens-alleges-french-president-wants-to-assassinate-her-claims-she-has-proof/articleshow/125555136.cms: HTTPConnectionPool(host='localhost', port=43497): Read timed out. (read timeout=120)
2025-11-25 06:40:37,094 - ERROR - [Times of India] All scrape strategies failed for https://timesofindia.indiatimes.com/world/us/macron-spent-1-5m-candace-owens-alleges-french-president-wants-to-assassinate-her-claims-she-has-proof/articleshow/125555136.cms. Falling back to RSS description.
2025-11-25 06:40:37,096 - INFO - Saved article: ‘Macron spent $1.5m’: Candace Owens alleges French President wants to assassinate her from Times of India
2025-11-25 06:40:37,777 - INFO - [Times of India] Article: https://timesofindia.indiatimes.com/world/middle-east/akasa-air-cancels-india-gulf-flights-amid-volcanic-ash-disruption/articleshow/125556112.cms
2025-11-25 06:40:37,777 - INFO - [Times of India] Attempt 1/1: Trying with 'selenium_browser' strategy...
2025-11-25 06:40:49,600 - ERROR - [The Hindu] Request failed for strategy 'selenium_browser' on URL https://www.thehindu.com/news/cities/Hyderabad/volcanic-ash-from-ethiopia-forces-flight-cancellations-in-hyderabad-rgia-urges-travellers-to-check-latest-flight-status/article70320390.ece: HTTPConnectionPool(host='localhost', port=47837): Read timed out. (read timeout=120)
2025-11-25 06:40:49,600 - ERROR - [The Hindu] All scrape strategies failed for https://www.thehindu.com/news/cities/Hyderabad/volcanic-ash-from-ethiopia-forces-flight-cancellations-in-hyderabad-rgia-urges-travellers-to-check-latest-flight-status/article70320390.ece. Falling back to RSS description.
2025-11-25 06:40:49,602 - INFO - Saved article: Volcanic ash from Ethiopia forces flight cancellations in Hyderabad, RGIA urges travellers to check latest flight status from The Hindu
2025-11-25 06:40:50,525 - INFO - [The Hindu] Article: https://www.thehindu.com/news/cities/chennai/madhampatty-pakashala-case-madras-hc-refuses-to-restrain-joy-crizildaa-from-using-the-brands-hashtag-on-social-media/article70320280.ece
2025-11-25 06:40:50,525 - INFO - [The Hindu] Attempt 1/1: Trying with 'selenium_browser' strategy...
2025-11-25 06:42:37,866 - ERROR - [Times of India] Request failed for strategy 'selenium_browser' on URL https://timesofindia.indiatimes.com/world/middle-east/akasa-air-cancels-india-gulf-flights-amid-volcanic-ash-disruption/articleshow/125556112.cms: HTTPConnectionPool(host='localhost', port=43497): Read timed out. (read timeout=120)
2025-11-25 06:42:37,866 - ERROR - [Times of India] All scrape strategies failed for https://timesofindia.indiatimes.com/world/middle-east/akasa-air-cancels-india-gulf-flights-amid-volcanic-ash-disruption/articleshow/125556112.cms. Falling back to RSS description.
2025-11-25 06:42:37,867 - INFO - Saved article: Akasa Air cancels India-Gulf flights amid volcanic ash disruption from Times of India
2025-11-25 06:42:38,890 - INFO - [Times of India] Article: https://timesofindia.indiatimes.com/world/rest-of-world/silent-for-10000-years-then-a-blast-eyewitnesses-recall-ethiopia-volcano-eruption-new-videos-emerge/articleshow/125555463.cms
2025-11-25 06:42:38,890 - INFO - [Times of India] Attempt 1/1: Trying with 'selenium_browser' strategy...
2025-11-25 06:42:50,614 - ERROR - [The Hindu] Request failed for strategy 'selenium_browser' on URL https://www.thehindu.com/news/cities/chennai/madhampatty-pakashala-case-madras-hc-refuses-to-restrain-joy-crizildaa-from-using-the-brands-hashtag-on-social-media/article70320280.ece: HTTPConnectionPool(host='localhost', port=47837): Read timed out. (read timeout=120)
2025-11-25 06:42:50,614 - ERROR - [The Hindu] All scrape strategies failed for https://www.thehindu.com/news/cities/chennai/madhampatty-pakashala-case-madras-hc-refuses-to-restrain-joy-crizildaa-from-using-the-brands-hashtag-on-social-media/article70320280.ece. Falling back to RSS description.
2025-11-25 06:42:50,616 - INFO - Saved article: Madhampatty Pakashala case: Madras HC refuses to restrain Joy Crizildaa from using the brand’s hashtag on social media from The Hindu
2025-11-25 06:42:52,057 - INFO - [The Hindu] Article: https://www.thehindu.com/news/national/assam/assam-assembly-winter-session-adjournment-motion-allowed-to-discuss-zubeens-death/article70320322.ece
2025-11-25 06:42:52,057 - INFO - [The Hindu] Attempt 1/1: Trying with 'selenium_browser' strategy...
2025-11-25 06:43:34,177 - CRITICAL - --- TIMEOUT: 2 scrape jobs did not complete in 300s. ---
2025-11-25 06:43:34,177 - ERROR - A thread has timed out and will be abandoned.
2025-11-25 06:43:34,177 - ERROR - A thread has timed out and will be abandoned.
2025-11-25 06:43:34,177 - INFO - Shutting down thread pool (wait=False)...
2025-11-25 06:43:34,177 - INFO - Scraped: 0 The Guardian, 1 BBC, 2 Timed_Out_Jobs articles. (Total saved: 1)
2025-11-25 06:43:34,177 - INFO - --- Scraping job finished ---
2025-11-25 06:43:34,177 - INFO - --- Scraper service stopped and database connection closed. ---
2025-11-25 06:43:34,177 - INFO - --- Main thread finished. Forcing process exit to kill zombie threads. ---
