2025-12-20 10:25:29,474 - INFO - Initializing database connection at: news_articles.db
2025-12-20 10:25:29,474 - INFO - --- Scraper service started (CI Mode: Run Once) ---
2025-12-20 10:25:29,474 - INFO - --- Starting new scraping job (Parallel Mode) ---
2025-12-20 10:25:29,474 - INFO - Creating new robust session with 3 retries on 5xx/connection/read errors.
2025-12-20 10:25:29,475 - INFO - Proxy is DISABLED.
2025-12-20 10:25:29,475 - INFO - Starting scrape for BBC RSS feed: http://feeds.bbci.co.uk/news/world/rss.xml
2025-12-20 10:25:29,475 - INFO - [Times of India] (Thread) requires Selenium. Initializing driver...
2025-12-20 10:25:29,475 - INFO - Initializing headless Selenium Chrome driver (using SeleniumManager)...
2025-12-20 10:25:29,476 - INFO - Starting scrape for The Guardian RSS feed: https://www.theguardian.com/world/rss
2025-12-20 10:25:29,476 - INFO - [The Hindu] (Thread) requires Selenium. Initializing driver...
2025-12-20 10:25:29,477 - INFO - Submitted 4 jobs to thread pool. Waiting up to 300s for completion...
2025-12-20 10:25:29,477 - INFO - Initializing headless Selenium Chrome driver (using SeleniumManager)...
2025-12-20 10:25:29,658 - INFO - Found 45 articles in The Guardian RSS feed. Processing up to 10.
2025-12-20 10:25:29,658 - INFO - [The Guardian] Article: https://www.theguardian.com/society/2025/dec/19/hepatitis-b-vaccine-study-guinea-bissau-rfk
2025-12-20 10:25:29,658 - INFO - [The Guardian] Attempt 1/1: Trying with 'requests_browser' strategy...
2025-12-20 10:25:29,691 - INFO - [The Guardian] Success with 'requests_browser'. Found content (1565 words).
2025-12-20 10:25:29,729 - INFO - Duplicate article skipped: US plan for $1.6m hepatitis B vaccine study in Africa called ‘highly unethical’ | Vaccines and immunisation | The Guardian from The Guardian
2025-12-20 10:25:29,884 - INFO - Found 36 articles in BBC RSS feed. Processing up to 10.
2025-12-20 10:25:29,884 - INFO - [BBC] Article: https://www.bbc.com/news/articles/c5yq7zzw618o?at_medium=RSS&at_campaign=rss
2025-12-20 10:25:29,884 - INFO - [BBC] Attempt 1/1: Trying with 'requests_browser' strategy...
2025-12-20 10:25:30,353 - INFO - Selenium driver initialized successfully.
2025-12-20 10:25:30,353 - INFO - Starting scrape for The Hindu RSS feed: https://www.thehindu.com/news/national/feeder/default.rss
2025-12-20 10:25:30,355 - INFO - Selenium driver initialized successfully.
2025-12-20 10:25:30,355 - INFO - Starting scrape for Times of India RSS feed: https://timesofindia.indiatimes.com/rssfeeds/296589292.cms
2025-12-20 10:25:30,444 - INFO - [BBC] Success with 'requests_browser'. Found content (560 words).
2025-12-20 10:25:30,484 - INFO - Duplicate article skipped: US carries out 'massive' strike against IS in Syria from BBC
2025-12-20 10:25:30,499 - INFO - [The Guardian] Article: https://www.theguardian.com/global-development/2025/dec/19/colombian-mercenaries-sudan-rsf-us-sanctions-recruited-uk-registered-firms-investigation
2025-12-20 10:25:30,499 - INFO - [The Guardian] Attempt 1/1: Trying with 'requests_browser' strategy...
2025-12-20 10:25:30,536 - INFO - [The Guardian] Success with 'requests_browser'. Found content (1251 words).
2025-12-20 10:25:30,586 - INFO - Duplicate article skipped: Colombian mercenaries in Sudan ‘recruited by UK-registered firms’ | Conflict and arms | The Guardian from The Guardian
2025-12-20 10:25:30,600 - INFO - Found 20 articles in Times of India RSS feed. Processing up to 10.
2025-12-20 10:25:30,601 - INFO - [Times of India] Article: https://timesofindia.indiatimes.com/world/us/epstein-files-released-photo-of-andrew-mountbatten-with-ghislaine-maxwell-emerges-prince-seen-laying-across-womens-laps/articleshow/126091764.cms
2025-12-20 10:25:30,601 - INFO - [Times of India] Attempt 1/1: Trying with 'selenium_browser' strategy...
2025-12-20 10:25:30,626 - INFO - Found 100 articles in The Hindu RSS feed. Processing up to 10.
2025-12-20 10:25:30,626 - INFO - [The Hindu] Article: https://www.thehindu.com/news/national/eggs-safe-for-consumption-cancer-risk-claims-unfounded-fssai/article70419278.ece
2025-12-20 10:25:30,626 - INFO - [The Hindu] Attempt 1/1: Trying with 'selenium_browser' strategy...
2025-12-20 10:25:31,155 - INFO - [BBC] Article: https://www.bbc.com/news/articles/cp89p082y2xo?at_medium=RSS&at_campaign=rss
2025-12-20 10:25:31,155 - INFO - [BBC] Attempt 1/1: Trying with 'requests_browser' strategy...
2025-12-20 10:25:31,226 - INFO - [BBC] Success with 'requests_browser'. Found content (1125 words).
2025-12-20 10:25:31,295 - INFO - Duplicate article skipped: Putin vows no more wars if West treats Russia with respect from BBC
2025-12-20 10:25:31,950 - INFO - [The Guardian] Article: https://www.theguardian.com/global-development/2025/dec/18/morocco-genz212-protests-police-mass-arrests-beatings-detentions-rights
2025-12-20 10:25:31,950 - INFO - [The Guardian] Attempt 1/1: Trying with 'requests_browser' strategy...
2025-12-20 10:25:32,000 - INFO - [The Guardian] Success with 'requests_browser'. Found content (772 words).
2025-12-20 10:25:32,072 - INFO - [BBC] Article: https://www.bbc.com/news/articles/c5y9ed5d1r4o?at_medium=RSS&at_campaign=rss
2025-12-20 10:25:32,072 - INFO - [BBC] Attempt 1/1: Trying with 'requests_browser' strategy...
2025-12-20 10:25:32,234 - INFO - Duplicate article skipped: Morocco accused of ‘horrific’ abuse of detained gen Z protesters | Morocco | The Guardian from The Guardian
2025-12-20 10:25:32,264 - INFO - [BBC] Success with 'requests_browser'. Found content (556 words).
2025-12-20 10:25:32,379 - INFO - Duplicate article skipped: Steve Rosenberg: Was Putin's response to my question about war in Europe an olive branch? from BBC
2025-12-20 10:25:32,500 - INFO - [The Hindu] Page content loaded.
2025-12-20 10:25:32,886 - INFO - [The Hindu] Success with 'selenium_browser'. Found content (383 words).
2025-12-20 10:25:32,958 - INFO - [The Guardian] Article: https://www.theguardian.com/world/2025/dec/16/five-key-moments-in-the-assault-on-the-rights-of-women-and-girls-in-2025
2025-12-20 10:25:32,958 - INFO - [The Guardian] Attempt 1/1: Trying with 'requests_browser' strategy...
2025-12-20 10:25:33,098 - INFO - [BBC] Article: https://www.bbc.com/news/articles/c14v23vppz8o?at_medium=RSS&at_campaign=rss
2025-12-20 10:25:33,098 - INFO - [BBC] Attempt 1/1: Trying with 'requests_browser' strategy...
2025-12-20 10:25:33,167 - INFO - Saved article: Eggs safe for consumption; cancer risk claims unfounded: FSSAI - The Hindu from The Hindu
2025-12-20 10:25:33,174 - INFO - [The Guardian] Success with 'requests_browser'. Found content (914 words).
2025-12-20 10:25:33,280 - INFO - [BBC] Success with 'requests_browser'. Found content (541 words).
2025-12-20 10:25:33,605 - INFO - Duplicate article skipped: Five key moments in the assault on the rights of women and girls in 2025 | Anti-rights movement | The Guardian from The Guardian
2025-12-20 10:25:33,606 - INFO - Duplicate article skipped: Australian state to ban intifada chants after Bondi shooting from BBC
2025-12-20 10:25:33,945 - INFO - [The Hindu] Article: https://www.thehindu.com/news/national/nuclear-bill-bulldozed-in-parliament-to-help-pm-modi-restore-shanti-with-once-good-friend-congress/article70419216.ece
2025-12-20 10:25:33,945 - INFO - [The Hindu] Attempt 1/1: Trying with 'selenium_browser' strategy...
2025-12-20 10:25:34,197 - INFO - [BBC] Article: https://www.bbc.com/news/articles/c3e025vyppeo?at_medium=RSS&at_campaign=rss
2025-12-20 10:25:34,198 - INFO - [BBC] Attempt 1/1: Trying with 'requests_browser' strategy...
2025-12-20 10:25:34,373 - INFO - [BBC] Success with 'requests_browser'. Found content (817 words).
2025-12-20 10:25:34,570 - INFO - Duplicate article skipped: EU leaders to loan €90bn to Ukraine - but fail to agree on using Russian assets from BBC
2025-12-20 10:25:34,628 - INFO - [The Guardian] Article: https://www.theguardian.com/world/2025/dec/16/south-africa-russia-men-tricked-fighting-ukraine
2025-12-20 10:25:34,628 - INFO - [The Guardian] Attempt 1/1: Trying with 'requests_browser' strategy...
2025-12-20 10:25:34,693 - INFO - [The Guardian] Success with 'requests_browser'. Found content (503 words).
2025-12-20 10:25:34,768 - INFO - Duplicate article skipped: South Africa in talks with Russia over men ‘tricked’ into fighting in Ukraine | South Africa | The Guardian from The Guardian
2025-12-20 10:25:35,157 - INFO - [BBC] Article: https://www.bbc.com/news/articles/c8dy8r7lq0go?at_medium=RSS&at_campaign=rss
2025-12-20 10:25:35,157 - INFO - [BBC] Attempt 1/1: Trying with 'requests_browser' strategy...
2025-12-20 10:25:35,231 - INFO - [BBC] Success with 'requests_browser'. Found content (1597 words).
2025-12-20 10:25:35,319 - INFO - Duplicate article skipped: Palestinians tell BBC they were sexually abused in Israeli prisons from BBC
2025-12-20 10:25:35,590 - INFO - [The Guardian] Article: https://www.theguardian.com/us-news/2025/dec/19/trump-venezuela-war
2025-12-20 10:25:35,590 - INFO - [The Guardian] Attempt 1/1: Trying with 'requests_browser' strategy...
2025-12-20 10:25:35,638 - INFO - [The Guardian] Success with 'requests_browser'. Found content (817 words).
2025-12-20 10:25:35,782 - INFO - Duplicate article skipped: Trump and top aides refuse to rule out war with Venezuela | US foreign policy | The Guardian from The Guardian
2025-12-20 10:25:35,855 - INFO - [The Hindu] Page content loaded.
2025-12-20 10:25:35,950 - INFO - [The Hindu] Success with 'selenium_browser'. Found content (553 words).
2025-12-20 10:25:36,093 - INFO - Saved article: Nuclear Bill ‘bulldozed’ in Parliament to help PM Modi restore ‘SHANTI’ with ‘once good friend’: Congress - The Hindu from The Hindu
2025-12-20 10:25:36,657 - INFO - [BBC] Article: https://www.bbc.com/news/articles/cx251p7k23mo?at_medium=RSS&at_campaign=rss
2025-12-20 10:25:36,657 - INFO - [BBC] Attempt 1/1: Trying with 'requests_browser' strategy...
2025-12-20 10:25:36,727 - INFO - [The Hindu] Article: https://www.thehindu.com/news/national/courts-will-lean-toward-animals-who-are-silent-victims-of-commercial-ventures-supreme-court/article70419065.ece
2025-12-20 10:25:36,727 - INFO - [The Hindu] Attempt 1/1: Trying with 'selenium_browser' strategy...
2025-12-20 10:25:36,736 - INFO - [BBC] Success with 'requests_browser'. Found content (415 words).
2025-12-20 10:25:36,940 - INFO - Duplicate article skipped: Taiwan: Knife attacker kills three after smoke bombing Taipei metro from BBC
2025-12-20 10:25:37,282 - INFO - [The Guardian] Article: https://www.theguardian.com/world/2025/dec/19/montreal-grocery-store-santas-elves-robbery
2025-12-20 10:25:37,282 - INFO - [The Guardian] Attempt 1/1: Trying with 'requests_browser' strategy...
2025-12-20 10:25:37,382 - INFO - [The Guardian] Success with 'requests_browser'. Found content (403 words).
2025-12-20 10:25:37,523 - INFO - Duplicate article skipped: Santas and elves rob Montreal grocery store to ‘give food to the needy’ | Canada | The Guardian from The Guardian
2025-12-20 10:25:38,232 - INFO - [BBC] Article: https://www.bbc.com/news/articles/cp84p722m3do?at_medium=RSS&at_campaign=rss
2025-12-20 10:25:38,232 - INFO - [BBC] Attempt 1/1: Trying with 'requests_browser' strategy...
2025-12-20 10:25:38,322 - INFO - [BBC] Success with 'requests_browser'. Found content (516 words).
2025-12-20 10:25:38,442 - INFO - Duplicate article skipped: Erika Kirk endorses JD Vance for president at conservative event from BBC
2025-12-20 10:25:38,483 - INFO - [The Guardian] Article: https://www.theguardian.com/world/2025/dec/19/colombia-eln-guerrilla-group-attack-military-base
2025-12-20 10:25:38,483 - INFO - [The Guardian] Attempt 1/1: Trying with 'requests_browser' strategy...
2025-12-20 10:25:38,556 - INFO - [The Guardian] Success with 'requests_browser'. Found content (351 words).
2025-12-20 10:25:38,578 - INFO - [The Hindu] Page content loaded.
2025-12-20 10:25:38,661 - INFO - Duplicate article skipped: Seven Colombian soldiers killed in rebel drone attack on base near Venezuela | Colombia | The Guardian from The Guardian
2025-12-20 10:25:38,717 - INFO - [The Hindu] Success with 'selenium_browser'. Found content (312 words).
2025-12-20 10:25:38,867 - INFO - Saved article: Courts will lean toward animals who are silent victims of commercial ventures: Supreme Court - The Hindu from The Hindu
2025-12-20 10:25:39,513 - INFO - [The Guardian] Article: https://www.theguardian.com/world/2025/dec/19/i-cant-think-of-a-place-more-pristine-133000-hectares-of-chilean-patagonia-preserved-after-local-fundraising
2025-12-20 10:25:39,513 - INFO - [The Guardian] Attempt 1/1: Trying with 'requests_browser' strategy...
2025-12-20 10:25:39,587 - INFO - [The Guardian] Success with 'requests_browser'. Found content (1210 words).
2025-12-20 10:25:39,631 - INFO - [BBC] Article: https://www.bbc.com/news/articles/c5y9x4pj54eo?at_medium=RSS&at_campaign=rss
2025-12-20 10:25:39,631 - INFO - [BBC] Attempt 1/1: Trying with 'requests_browser' strategy...
2025-12-20 10:25:39,737 - INFO - Duplicate article skipped: ‘I can’t think of a place more pristine’: 133,000 hectares of Chilean Patagonia preserved after local fundraising | Chile | The Guardian from The Guardian
2025-12-20 10:25:39,748 - INFO - [BBC] Success with 'requests_browser'. Found content (346 words).
2025-12-20 10:25:39,851 - INFO - Duplicate article skipped: French court rejects Shein website ban over childlike sex dolls from BBC
2025-12-20 10:25:40,332 - INFO - [The Hindu] Article: https://www.thehindu.com/news/national/36-ex-judges-slam-opposition-move-to-impeach-justice-swaminathan/article70419178.ece
2025-12-20 10:25:40,332 - INFO - [The Hindu] Attempt 1/1: Trying with 'selenium_browser' strategy...
2025-12-20 10:25:40,397 - INFO - [The Guardian] Article: https://www.theguardian.com/world/2025/dec/18/brazilian-congress-passes-bill-cut-jair-bolsonaro-prison-term
2025-12-20 10:25:40,398 - INFO - [The Guardian] Attempt 1/1: Trying with 'requests_browser' strategy...
2025-12-20 10:25:40,422 - INFO - [BBC] Article: https://www.bbc.com/news/articles/cp89p41gr06o?at_medium=RSS&at_campaign=rss
2025-12-20 10:25:40,422 - INFO - [BBC] Attempt 1/1: Trying with 'requests_browser' strategy...
2025-12-20 10:25:40,847 - INFO - [The Guardian] Success with 'requests_browser'. Found content (472 words).
2025-12-20 10:25:40,930 - INFO - [BBC] Success with 'requests_browser'. Found content (291 words).
2025-12-20 10:25:41,297 - INFO - Duplicate article skipped: Rome: Tourists to face €2 fee to get near Trevi Fountain from BBC
2025-12-20 10:25:41,335 - INFO - Duplicate article skipped: Brazilian president vows to veto bill cutting Jair Bolsonaro’s prison term | Jair Bolsonaro | The Guardian from The Guardian
2025-12-20 10:25:51,509 - INFO - [The Hindu] Page content loaded.
2025-12-20 10:25:51,651 - INFO - [The Hindu] Success with 'selenium_browser'. Found content (512 words).
2025-12-20 10:25:51,747 - INFO - Saved article: 36 ex-judges slam Opposition move to impeach Justice Swaminathan - The Hindu from The Hindu
2025-12-20 10:25:52,641 - INFO - [The Hindu] Article: https://www.thehindu.com/news/national/jammu-and-kashmir/snow-rain-likely-as-kashmir-braces-for-chillai-kalan/article70419108.ece
2025-12-20 10:25:52,641 - INFO - [The Hindu] Attempt 1/1: Trying with 'selenium_browser' strategy...
2025-12-20 10:25:54,784 - INFO - [The Hindu] Page content loaded.
2025-12-20 10:25:54,863 - INFO - [The Hindu] Success with 'selenium_browser'. Found content (282 words).
2025-12-20 10:25:55,086 - INFO - Saved article: Snow, rain likely as Kashmir braces for 'Chillai-Kalan' - The Hindu from The Hindu
2025-12-20 10:25:55,725 - INFO - [The Hindu] Article: https://www.thehindu.com/entertainment/malayalis-saw-themselves-their-emotions-through-sreenivasans-characters-on-screen-says-mohanlal/article70419101.ece
2025-12-20 10:25:55,726 - INFO - [The Hindu] Attempt 1/1: Trying with 'selenium_browser' strategy...
2025-12-20 10:25:57,139 - INFO - [The Hindu] Page content loaded.
2025-12-20 10:25:57,341 - INFO - [The Hindu] Success with 'selenium_browser'. Found content (202 words).
2025-12-20 10:25:57,441 - INFO - Saved article: Malayalis saw themselves, their emotions through Sreenivasan’s characters on screen, says Mohanlal - The Hindu from The Hindu
2025-12-20 10:25:58,006 - INFO - [The Hindu] Article: https://www.thehindu.com/news/national/army-jawan-arrested-for-raping-woman-in-ranchi/article70419103.ece
2025-12-20 10:25:58,006 - INFO - [The Hindu] Attempt 1/1: Trying with 'selenium_browser' strategy...
2025-12-20 10:26:00,310 - INFO - [The Hindu] Page content loaded.
2025-12-20 10:26:00,538 - INFO - [The Hindu] Success with 'selenium_browser'. Found content (204 words).
2025-12-20 10:26:00,794 - INFO - Saved article: Army jawan arrested for raping woman in Ranchi - The Hindu from The Hindu
2025-12-20 10:26:01,735 - INFO - [The Hindu] Article: https://www.thehindu.com/news/national/kerala/sreenivasan-needed-just-two-films-to-cement-his-legacy-as-a-director/article70419093.ece
2025-12-20 10:26:01,735 - INFO - [The Hindu] Attempt 1/1: Trying with 'selenium_browser' strategy...
2025-12-20 10:26:02,849 - INFO - [The Hindu] Page content loaded.
2025-12-20 10:26:03,009 - INFO - [The Hindu] Success with 'selenium_browser'. Found content (424 words).
2025-12-20 10:26:03,106 - INFO - Saved article: Sreenivasan needed just two films to cement his legacy as a director - The Hindu from The Hindu
2025-12-20 10:26:04,448 - INFO - [The Hindu] Article: https://www.thehindu.com/news/national/kerala/kerala-local-body-polls-bjp-led-ndas-footprint-expands-in-alappuzha-district/article70419041.ece
2025-12-20 10:26:04,448 - INFO - [The Hindu] Attempt 1/1: Trying with 'selenium_browser' strategy...
2025-12-20 10:26:05,750 - INFO - [The Hindu] Page content loaded.
2025-12-20 10:26:06,385 - INFO - [The Hindu] Success with 'selenium_browser'. Found content (581 words).
2025-12-20 10:26:06,451 - INFO - Saved article: Kerala local body polls: BJP-led NDA’s footprint expands in Alappuzha district - The Hindu from The Hindu
2025-12-20 10:26:07,529 - INFO - [The Hindu] Article: https://www.thehindu.com/news/cities/Mangalore/udupi-chikkamagaluru-mp-kota-srinivas-poojary-demands-greenfield-expressway-between-talapady-in-dakshina-kannada-and-karwar-in-uttara-kannada/article70418946.ece
2025-12-20 10:26:07,529 - INFO - [The Hindu] Attempt 1/1: Trying with 'selenium_browser' strategy...
2025-12-20 10:26:08,574 - INFO - [The Hindu] Page content loaded.
2025-12-20 10:26:08,642 - INFO - [The Hindu] Success with 'selenium_browser'. Found content (324 words).
2025-12-20 10:26:08,717 - INFO - Duplicate article skipped: MP demands greenfield expressway between Talapady in DK and Karwar in UK - The Hindu from The Hindu
2025-12-20 10:26:09,877 - INFO - [The Hindu] (Thread) Finished. Attempting to shut down its Selenium driver.
2025-12-20 10:26:10,044 - INFO - [The Hindu] (Thread) driver.quit() successful.
2025-12-20 10:27:30,703 - ERROR - [Times of India] Request failed for strategy 'selenium_browser' on URL https://timesofindia.indiatimes.com/world/us/epstein-files-released-photo-of-andrew-mountbatten-with-ghislaine-maxwell-emerges-prince-seen-laying-across-womens-laps/articleshow/126091764.cms: HTTPConnectionPool(host='localhost', port=52771): Read timed out. (read timeout=120)
2025-12-20 10:27:30,703 - ERROR - [Times of India] All scrape strategies failed for https://timesofindia.indiatimes.com/world/us/epstein-files-released-photo-of-andrew-mountbatten-with-ghislaine-maxwell-emerges-prince-seen-laying-across-womens-laps/articleshow/126091764.cms. Falling back to RSS description.
2025-12-20 10:27:30,705 - INFO - Saved article: Epstein files released: Photo of Andrew Mountbatten with Ghislaine Maxwell emerges; prince seen laying across women’s laps from Times of India
2025-12-20 10:27:32,113 - INFO - [Times of India] Article: https://timesofindia.indiatimes.com/world/middle-east/mossad-agent-iran-executes-man-who-spied-for-israel-latest-such-execution/articleshow/126091506.cms
2025-12-20 10:27:32,113 - INFO - [Times of India] Attempt 1/1: Trying with 'selenium_browser' strategy...
2025-12-20 10:29:32,164 - ERROR - [Times of India] Request failed for strategy 'selenium_browser' on URL https://timesofindia.indiatimes.com/world/middle-east/mossad-agent-iran-executes-man-who-spied-for-israel-latest-such-execution/articleshow/126091506.cms: HTTPConnectionPool(host='localhost', port=52771): Read timed out. (read timeout=120)
2025-12-20 10:29:32,164 - ERROR - [Times of India] All scrape strategies failed for https://timesofindia.indiatimes.com/world/middle-east/mossad-agent-iran-executes-man-who-spied-for-israel-latest-such-execution/articleshow/126091506.cms. Falling back to RSS description.
2025-12-20 10:29:32,166 - INFO - Saved article: 'Mossad agent': Iran executes man who 'spied' for Israel; latest such execution from Times of India
2025-12-20 10:29:33,239 - INFO - [Times of India] Article: https://timesofindia.indiatimes.com/world/south-asia/who-will-bring-the-mad-murderers-to-justice-taslima-nasreen-says-mob-pounced-on-hindu-man-like-hyenas-blames-bangladesh-police/articleshow/126091358.cms
2025-12-20 10:29:33,239 - INFO - [Times of India] Attempt 1/1: Trying with 'selenium_browser' strategy...
2025-12-20 10:30:29,477 - CRITICAL - --- TIMEOUT: 1 scrape jobs did not complete in 300s. ---
2025-12-20 10:30:29,477 - ERROR - A thread has timed out and will be abandoned.
2025-12-20 10:30:29,477 - INFO - Shutting down thread pool (wait=False)...
2025-12-20 10:30:29,477 - INFO - Scraped: 0 BBC, 9 The Hindu, 0 The Guardian, 1 Timed_Out_Jobs articles. (Total saved: 9)
2025-12-20 10:30:29,477 - INFO - --- Scraping job finished ---
2025-12-20 10:30:29,478 - INFO - --- Scraper service stopped and database connection closed. ---
2025-12-20 10:30:29,478 - INFO - --- Main thread finished. Forcing process exit to kill zombie threads. ---
