2026-01-22 14:37:31,243 - INFO - Initializing database connection at: news_articles.db
2026-01-22 14:37:31,243 - INFO - --- Scraper service started (CI Mode: Run Once) ---
2026-01-22 14:37:31,243 - INFO - --- Starting new scraping job (Parallel Mode) ---
2026-01-22 14:37:31,243 - INFO - Creating new robust session with 3 retries on 5xx/connection/read errors.
2026-01-22 14:37:31,243 - INFO - Proxy is DISABLED.
2026-01-22 14:37:31,243 - INFO - Starting scrape for BBC RSS feed: http://feeds.bbci.co.uk/news/world/rss.xml
2026-01-22 14:37:31,244 - INFO - [Times of India] (Thread) requires Selenium. Initializing driver...
2026-01-22 14:37:31,244 - INFO - Initializing headless Selenium Chrome driver (using SeleniumManager)...
2026-01-22 14:37:31,244 - INFO - Starting scrape for The Guardian RSS feed: https://www.theguardian.com/world/rss
2026-01-22 14:37:31,245 - INFO - [The Hindu] (Thread) requires Selenium. Initializing driver...
2026-01-22 14:37:31,245 - INFO - Initializing headless Selenium Chrome driver (using SeleniumManager)...
2026-01-22 14:37:31,245 - INFO - Submitted 4 jobs to thread pool. Waiting up to 300s for completion...
2026-01-22 14:37:31,366 - INFO - Found 45 articles in The Guardian RSS feed. Processing up to 10.
2026-01-22 14:37:31,366 - INFO - [The Guardian] Article: https://www.theguardian.com/global-development/2026/jan/22/actionaid-rethink-child-sponsorship-decolonise-funding
2026-01-22 14:37:31,366 - INFO - [The Guardian] Attempt 1/1: Trying with 'requests_browser' strategy...
2026-01-22 14:37:31,380 - INFO - Found 40 articles in BBC RSS feed. Processing up to 10.
2026-01-22 14:37:31,381 - INFO - [BBC] Article: https://www.bbc.com/news/articles/c86vvjxe9z7o?at_medium=RSS&at_campaign=rss
2026-01-22 14:37:31,381 - INFO - [BBC] Attempt 1/1: Trying with 'requests_browser' strategy...
2026-01-22 14:37:31,402 - INFO - [The Guardian] Success with 'requests_browser'. Found content (688 words).
2026-01-22 14:37:31,445 - INFO - Duplicate article skipped: ActionAid to rethink child sponsorship as part of plan to ‘decolonise’ its work | Global development | The Guardian from The Guardian
2026-01-22 14:37:31,554 - INFO - [BBC] Success with 'requests_browser'. Found content (1082 words).
2026-01-22 14:37:31,594 - INFO - Duplicate article skipped: What we know about Trump's 'framework of a future deal' over Greenland from BBC
2026-01-22 14:37:32,192 - INFO - [BBC] Article: https://www.bbc.com/news/articles/cje11x527n4o?at_medium=RSS&at_campaign=rss
2026-01-22 14:37:32,192 - INFO - [BBC] Attempt 1/1: Trying with 'requests_browser' strategy...
2026-01-22 14:37:32,234 - INFO - [BBC] Success with 'requests_browser'. Found content (714 words).
2026-01-22 14:37:32,264 - INFO - [The Guardian] Article: https://www.theguardian.com/us-news/2026/jan/20/us-diplomats-urged-to-remind-african-leaders-of-us-generosity-despite-usaid-closing
2026-01-22 14:37:32,269 - INFO - [The Guardian] Attempt 1/1: Trying with 'requests_browser' strategy...
2026-01-22 14:37:32,272 - INFO - Duplicate article skipped: New Zealand: Two dead and several missing after deadly landslides from BBC
2026-01-22 14:37:32,300 - INFO - [The Guardian] Success with 'requests_browser'. Found content (797 words).
2026-01-22 14:37:32,338 - INFO - Duplicate article skipped: Head of US Africa bureau urges staff to highlight US ‘generosity’ despite aid cuts | US foreign policy | The Guardian from The Guardian
2026-01-22 14:37:33,353 - INFO - [BBC] Article: https://www.bbc.com/news/articles/cp9jj1j74ggo?at_medium=RSS&at_campaign=rss
2026-01-22 14:37:33,353 - INFO - [BBC] Attempt 1/1: Trying with 'requests_browser' strategy...
2026-01-22 14:37:33,399 - INFO - [BBC] Success with 'requests_browser'. Found content (1007 words).
2026-01-22 14:37:33,439 - INFO - Duplicate article skipped: UK holds off joining Trump's peace board over Putin concerns from BBC
2026-01-22 14:37:33,557 - INFO - [The Guardian] Article: https://www.theguardian.com/global-development/2026/jan/19/brazen-political-influence-rich-laid-bare-wealth-billionaires-inequality-poverty-instability-oxfam
2026-01-22 14:37:33,557 - INFO - [The Guardian] Attempt 1/1: Trying with 'requests_browser' strategy...
2026-01-22 14:37:33,588 - INFO - [The Guardian] Success with 'requests_browser'. Found content (639 words).
2026-01-22 14:37:33,624 - INFO - Duplicate article skipped: ‘Brazen’ political influence of rich laid bare as wealth of billionaires reaches $18.3tn, says Oxfam | Global development | The Guardian from The Guardian
2026-01-22 14:37:34,359 - INFO - [The Guardian] Article: https://www.theguardian.com/world/2026/jan/18/ugandas-president-calls-opponents-terrorists-in-victory-speech
2026-01-22 14:37:34,359 - INFO - [The Guardian] Attempt 1/1: Trying with 'requests_browser' strategy...
2026-01-22 14:37:34,396 - INFO - [The Guardian] Success with 'requests_browser'. Found content (533 words).
2026-01-22 14:37:34,438 - INFO - [BBC] Article: https://www.bbc.com/news/articles/c4g00mv29j5o?at_medium=RSS&at_campaign=rss
2026-01-22 14:37:34,439 - INFO - [BBC] Attempt 1/1: Trying with 'requests_browser' strategy...
2026-01-22 14:37:34,439 - INFO - Duplicate article skipped: Uganda’s president calls opponents 'terrorists' in victory speech | Uganda | The Guardian from The Guardian
2026-01-22 14:37:34,479 - INFO - [BBC] Success with 'requests_browser'. Found content (233 words).
2026-01-22 14:37:34,518 - INFO - Duplicate article skipped: Australia: Three dead in New South Wales shooting from BBC
2026-01-22 14:37:35,030 - INFO - [The Guardian] Article: https://www.theguardian.com/world/2026/jan/17/yoweri-museveni-wins-ugandan-election-as-opponent-condemns-fake-result
2026-01-22 14:37:35,030 - INFO - [The Guardian] Attempt 1/1: Trying with 'requests_browser' strategy...
2026-01-22 14:37:35,071 - INFO - [The Guardian] Success with 'requests_browser'. Found content (462 words).
2026-01-22 14:37:35,121 - INFO - Duplicate article skipped: Yoweri Museveni wins Ugandan election as opponent condemns ‘fake result’ | Uganda | The Guardian from The Guardian
2026-01-22 14:37:35,726 - INFO - [BBC] Article: https://www.bbc.com/news/articles/c9311l0d40qo?at_medium=RSS&at_campaign=rss
2026-01-22 14:37:35,726 - INFO - [BBC] Attempt 1/1: Trying with 'requests_browser' strategy...
2026-01-22 14:37:35,769 - INFO - [BBC] Success with 'requests_browser'. Found content (750 words).
2026-01-22 14:37:35,852 - INFO - Saved article: Rapid rollback of Kurdish-led forces reshapes Sharaa's Syria from BBC
2026-01-22 14:37:36,550 - INFO - [The Guardian] Article: https://www.theguardian.com/world/2026/jan/22/cross-border-crackdown-illegal-gold-mining-amazon
2026-01-22 14:37:36,550 - INFO - [The Guardian] Attempt 1/1: Trying with 'requests_browser' strategy...
2026-01-22 14:37:36,584 - INFO - [The Guardian] Success with 'requests_browser'. Found content (442 words).
2026-01-22 14:37:36,630 - INFO - Saved article: Nearly 200 arrested in cross-border crackdown on gold mining in Amazon | Americas | The Guardian from The Guardian
2026-01-22 14:37:36,729 - INFO - [BBC] Article: https://www.bbc.com/news/articles/cx2yy8z91n4o?at_medium=RSS&at_campaign=rss
2026-01-22 14:37:36,729 - INFO - [BBC] Attempt 1/1: Trying with 'requests_browser' strategy...
2026-01-22 14:37:36,767 - INFO - [BBC] Success with 'requests_browser'. Found content (397 words).
2026-01-22 14:37:36,807 - INFO - Duplicate article skipped: Japan suspends world's largest nuclear plant hours after restart from BBC
2026-01-22 14:37:37,264 - INFO - [The Guardian] Article: https://www.theguardian.com/world/2026/jan/22/delcy-rodriguez-capture-maduro-venezuela
2026-01-22 14:37:37,264 - INFO - [The Guardian] Attempt 1/1: Trying with 'requests_browser' strategy...
2026-01-22 14:37:37,301 - INFO - [The Guardian] Success with 'requests_browser'. Found content (922 words).
2026-01-22 14:37:37,343 - INFO - Saved article: Venezuela’s Delcy Rodríguez assured US of cooperation before Maduro’s capture | Venezuela | The Guardian from The Guardian
2026-01-22 14:37:37,619 - INFO - [BBC] Article: https://www.bbc.com/news/articles/cq5yywx39e7o?at_medium=RSS&at_campaign=rss
2026-01-22 14:37:37,619 - INFO - [BBC] Attempt 1/1: Trying with 'requests_browser' strategy...
2026-01-22 14:37:37,659 - INFO - [BBC] Success with 'requests_browser'. Found content (799 words).
2026-01-22 14:37:37,698 - INFO - Duplicate article skipped: Son-in-law of Venezuelan opposition candidate freed from jail, wife says from BBC
2026-01-22 14:37:37,749 - INFO - Selenium driver initialized successfully.
2026-01-22 14:37:37,750 - INFO - Selenium driver initialized successfully.
2026-01-22 14:37:37,750 - INFO - Starting scrape for The Hindu RSS feed: https://www.thehindu.com/news/national/feeder/default.rss
2026-01-22 14:37:37,750 - INFO - Starting scrape for Times of India RSS feed: https://timesofindia.indiatimes.com/rssfeeds/296589292.cms
2026-01-22 14:37:37,996 - INFO - Found 100 articles in The Hindu RSS feed. Processing up to 10.
2026-01-22 14:37:37,996 - INFO - [The Hindu] Article: https://www.thehindu.com/news/national/karnataka/hike-in-tax-on-unmanufactured-tobacco-tobacco-traders-to-stay-off-auction-platforms-in-karnataka-from-jan-24/article70538683.ece
2026-01-22 14:37:37,996 - INFO - [The Hindu] Attempt 1/1: Trying with 'selenium_browser' strategy...
2026-01-22 14:37:38,028 - INFO - Found 20 articles in Times of India RSS feed. Processing up to 10.
2026-01-22 14:37:38,028 - INFO - [Times of India] Article: https://timesofindia.indiatimes.com/world/us/once-in-a-lifetime-snowstorm-alert-issued-for-texas-residents-asked-to-prepare-as-if-a-hurricane-is-coming/articleshow/127162470.cms
2026-01-22 14:37:38,028 - INFO - [Times of India] Attempt 1/1: Trying with 'selenium_browser' strategy...
2026-01-22 14:37:38,823 - INFO - [The Guardian] Article: https://www.theguardian.com/world/2026/jan/21/sheinbaum-mexican-cartel-trump
2026-01-22 14:37:38,823 - INFO - [The Guardian] Attempt 1/1: Trying with 'requests_browser' strategy...
2026-01-22 14:37:38,861 - INFO - [The Guardian] Success with 'requests_browser'. Found content (627 words).
2026-01-22 14:37:38,902 - INFO - Duplicate article skipped: Sheinbaum defends transfer of Mexican cartel members amid efforts to appease Trump | Claudia Sheinbaum | The Guardian from The Guardian
2026-01-22 14:37:39,024 - INFO - [BBC] Article: https://www.bbc.com/news/articles/c4gwp2me3gzo?at_medium=RSS&at_campaign=rss
2026-01-22 14:37:39,024 - INFO - [BBC] Attempt 1/1: Trying with 'requests_browser' strategy...
2026-01-22 14:37:39,080 - INFO - [BBC] Success with 'requests_browser'. Found content (996 words).
2026-01-22 14:37:39,147 - INFO - Duplicate article skipped: EU suspends approval of US trade deal from BBC
2026-01-22 14:37:39,579 - INFO - [The Guardian] Article: https://www.theguardian.com/us-news/2026/jan/21/trump-canada-mark-carney
2026-01-22 14:37:39,579 - INFO - [The Guardian] Attempt 1/1: Trying with 'requests_browser' strategy...
2026-01-22 14:37:39,615 - INFO - [The Guardian] Success with 'requests_browser'. Found content (566 words).
2026-01-22 14:37:39,677 - INFO - Duplicate article skipped: Trump says Canada should be grateful for ‘freebies’ it gets from the US | Donald Trump | The Guardian from The Guardian
2026-01-22 14:37:39,965 - INFO - [BBC] Article: https://www.bbc.com/news/articles/cq844z9y4q9o?at_medium=RSS&at_campaign=rss
2026-01-22 14:37:39,965 - INFO - [BBC] Attempt 1/1: Trying with 'requests_browser' strategy...
2026-01-22 14:37:40,039 - INFO - [BBC] Success with 'requests_browser'. Found content (384 words).
2026-01-22 14:37:40,165 - INFO - Saved article: Muwanga Kivumbi: Ugandan MP and Bobi Wine ally arrested over election violence from BBC
2026-01-22 14:37:40,679 - INFO - [The Guardian] Article: https://www.theguardian.com/world/2026/jan/21/chile-abortion-opponent-gender-equality-minister
2026-01-22 14:37:40,679 - INFO - [The Guardian] Attempt 1/1: Trying with 'requests_browser' strategy...
2026-01-22 14:37:40,797 - INFO - [The Guardian] Success with 'requests_browser'. Found content (521 words).
2026-01-22 14:37:40,916 - INFO - Duplicate article skipped: Chile’s president-elect names staunch abortion opponent as gender equality minister | Chile | The Guardian from The Guardian
2026-01-22 14:37:41,106 - INFO - [BBC] Article: https://www.bbc.com/news/articles/cx2ll9wr562o?at_medium=RSS&at_campaign=rss
2026-01-22 14:37:41,106 - INFO - [BBC] Attempt 1/1: Trying with 'requests_browser' strategy...
2026-01-22 14:37:41,265 - INFO - [BBC] Success with 'requests_browser'. Found content (538 words).
2026-01-22 14:37:41,432 - INFO - Duplicate article skipped: South Africa gang violence: Firoz Cachalia says police not able to defeat gangsters from BBC
2026-01-22 14:37:42,883 - INFO - [The Hindu] Page content loaded.
2026-01-22 14:37:42,956 - INFO - [The Hindu] Success with 'selenium_browser'. Found content (391 words).
2026-01-22 14:37:43,075 - INFO - Saved article: Hike in tax on unmanufactured tobacco: Tobacco traders to stay off auction platforms in Karnataka from Jan. 24 - The Hindu from The Hindu
2026-01-22 14:37:44,489 - INFO - [The Hindu] Article: https://www.thehindu.com/news/national/karnataka/minister-reviews-accident-black-spots-identified-by-nwkrtc/article70534353.ece
2026-01-22 14:37:44,489 - INFO - [The Hindu] Attempt 1/1: Trying with 'selenium_browser' strategy...
2026-01-22 14:37:56,728 - INFO - [The Hindu] Page content loaded.
2026-01-22 14:37:56,819 - INFO - [The Hindu] Success with 'selenium_browser'. Found content (120 words).
2026-01-22 14:37:57,006 - INFO - Saved article: Minister reviews accident black spots identified by NWKRTC - The Hindu from The Hindu
2026-01-22 14:37:58,297 - INFO - [The Hindu] Article: https://www.thehindu.com/news/national/andhra-pradesh/jagan-accuses-tdp-of-falsely-claiming-credit-for-land-resurvey-during-ysrcp-regime/article70538054.ece
2026-01-22 14:37:58,297 - INFO - [The Hindu] Attempt 1/1: Trying with 'selenium_browser' strategy...
2026-01-22 14:38:03,392 - INFO - [The Hindu] Page content loaded.
2026-01-22 14:38:03,473 - INFO - [The Hindu] Success with 'selenium_browser'. Found content (337 words).
2026-01-22 14:38:03,580 - INFO - Saved article: Jagan accuses NDA of falsely claiming credit for land resurvey during YSRCP regime - The Hindu from The Hindu
2026-01-22 14:38:05,057 - INFO - [The Hindu] Article: https://www.thehindu.com/news/national/karnataka/headmaster-five-teachers-booked-as-minor-found-dead-in-wadagera-school/article70538501.ece
2026-01-22 14:38:05,057 - INFO - [The Hindu] Attempt 1/1: Trying with 'selenium_browser' strategy...
2026-01-22 14:38:05,832 - INFO - [The Hindu] Page content loaded.
2026-01-22 14:38:06,032 - INFO - [The Hindu] Success with 'selenium_browser'. Found content (232 words).
2026-01-22 14:38:06,111 - INFO - Saved article: Headmaster, five teachers booked as minor found dead in Wadagera school - The Hindu from The Hindu
2026-01-22 14:38:07,405 - INFO - [The Hindu] Article: https://www.thehindu.com/news/national/karnataka/valmiki-corporation-fraud-case-karnataka-hc-notice-to-mla-b-nagendra-on-cbis-plea-to-cancel-anticipatory-bail/article70538425.ece
2026-01-22 14:38:07,405 - INFO - [The Hindu] Attempt 1/1: Trying with 'selenium_browser' strategy...
2026-01-22 14:38:12,841 - INFO - [Times of India] Page content loaded.
2026-01-22 14:38:13,076 - INFO - [Times of India] Success with 'selenium_browser'. Found content (374 words).
2026-01-22 14:38:13,180 - INFO - Saved article: 'Once-in-a lifetime' snowstorm alert issued for Texas, residents asked to prepare as if a hurricane is coming - The Times of India from Times of India
2026-01-22 14:38:14,308 - INFO - [Times of India] Article: https://timesofindia.indiatimes.com/world/us/handcuffed-me-used-n-word-somali-woman-nasra-ahmed-explains-how-she-was-detained-by-ice/articleshow/127155978.cms
2026-01-22 14:38:14,309 - INFO - [Times of India] Attempt 1/1: Trying with 'selenium_browser' strategy...
2026-01-22 14:38:16,342 - INFO - [Times of India] Page content loaded.
2026-01-22 14:38:16,524 - INFO - [Times of India] Success with 'selenium_browser'. Found content (602 words).
2026-01-22 14:38:16,618 - INFO - Saved article: 'Handcuffed me, used N-word': Somali woman Nasra Ahmed explains how she was detained by ICE - The Times of India from Times of India
2026-01-22 14:38:17,183 - INFO - [Times of India] Article: https://timesofindia.indiatimes.com/world/us/meeting-was-good-trump-after-talks-zelenskyy-in-davos-has-a-message-for-putin/articleshow/127159812.cms
2026-01-22 14:38:17,183 - INFO - [Times of India] Attempt 1/1: Trying with 'selenium_browser' strategy...
2026-01-22 14:38:19,480 - INFO - [Times of India] Page content loaded.
2026-01-22 14:38:19,643 - INFO - [Times of India] Success with 'selenium_browser'. Found content (80 words).
2026-01-22 14:38:19,729 - INFO - Saved article: 'Meeting was good': Trump after talks Zelenskyy in Davos; has a message for Putin - The Times of India from Times of India
2026-01-22 14:38:20,611 - INFO - [Times of India] Article: https://timesofindia.indiatimes.com/world/europe/what-to-know-about-the-multiple-train-crashes-in-spain-this-week/articleshow/127161659.cms
2026-01-22 14:38:20,611 - INFO - [Times of India] Attempt 1/1: Trying with 'selenium_browser' strategy...
2026-01-22 14:38:22,948 - INFO - [Times of India] Page content loaded.
2026-01-22 14:38:23,171 - INFO - [Times of India] Success with 'selenium_browser'. Found content (673 words).
2026-01-22 14:38:23,289 - INFO - Saved article: What to know about the multiple train crashes in Spain this week - The Times of India from Times of India
2026-01-22 14:38:24,011 - INFO - [Times of India] Article: https://timesofindia.indiatimes.com/world/middle-east/did-it-really-snow-in-uae-the-truth-behind-dubai-crown-prince-sheikh-hamdans-viral-photo/articleshow/127149703.cms
2026-01-22 14:38:24,011 - INFO - [Times of India] Attempt 1/1: Trying with 'selenium_browser' strategy...
2026-01-22 14:38:24,973 - INFO - [Times of India] Page content loaded.
2026-01-22 14:38:25,105 - INFO - [Times of India] Success with 'selenium_browser'. Found content (494 words).
2026-01-22 14:38:25,162 - INFO - Saved article: Did it really snow in UAE? The truth behind Dubai crown prince Sheikh Hamdan’s viral photo | World News - The Times of India from Times of India
2026-01-22 14:38:26,290 - INFO - [Times of India] Article: https://timesofindia.indiatimes.com/world/middle-east/can-nris-in-uae-buy-property-on-behalf-of-a-friend-in-india-legal-ways-to-do-so/articleshow/127150542.cms
2026-01-22 14:38:26,290 - INFO - [Times of India] Attempt 1/1: Trying with 'selenium_browser' strategy...
2026-01-22 14:38:27,139 - INFO - [Times of India] Page content loaded.
2026-01-22 14:38:27,342 - INFO - [Times of India] Success with 'selenium_browser'. Found content (1177 words).
2026-01-22 14:38:27,401 - INFO - Saved article: Can NRIs in UAE buy property on behalf of a friend in India? Legal ways to do so - The Times of India from Times of India
2026-01-22 14:38:27,911 - INFO - [Times of India] Article: https://timesofindia.indiatimes.com/world/us/thousands-of-chinese-pilots-trained-every-year-in-america-new-book/articleshow/127148844.cms
2026-01-22 14:38:27,911 - INFO - [Times of India] Attempt 1/1: Trying with 'selenium_browser' strategy...
2026-01-22 14:38:28,713 - INFO - [Times of India] Page content loaded.
2026-01-22 14:38:28,939 - INFO - [Times of India] Success with 'selenium_browser'. Found content (473 words).
2026-01-22 14:38:28,993 - INFO - Saved article: Thousands of Chinese pilots trained every year in America: New book | World News - The Times of India from Times of India
2026-01-22 14:38:29,791 - INFO - [Times of India] Article: https://timesofindia.indiatimes.com/world/us/who-is-karishma-manzur-bangladeshi-born-democrat-calls-to-defund-ice-says-agents-may-be-from-extremist-groups/articleshow/127154721.cms
2026-01-22 14:38:29,791 - INFO - [Times of India] Attempt 1/1: Trying with 'selenium_browser' strategy...
2026-01-22 14:38:31,726 - INFO - [Times of India] Page content loaded.
2026-01-22 14:38:31,977 - INFO - [Times of India] Success with 'selenium_browser'. Found content (401 words).
2026-01-22 14:38:32,112 - INFO - Saved article: Who is Karishma Manzur? Bangladeshi-born Democrat calls to defund ICE, says agents may be from ‘extremist groups’ - The Times of India from Times of India
2026-01-22 14:38:33,335 - INFO - [Times of India] Article: https://timesofindia.indiatimes.com/world/us/stop-being-rude-british-operator-to-barron-trump-as-potus-son-reported-attack-on-woman/articleshow/127153193.cms
2026-01-22 14:38:33,336 - INFO - [Times of India] Attempt 1/1: Trying with 'selenium_browser' strategy...
2026-01-22 14:38:34,101 - INFO - [Times of India] Page content loaded.
2026-01-22 14:38:34,239 - INFO - [Times of India] Success with 'selenium_browser'. Found content (421 words).
2026-01-22 14:38:34,321 - INFO - Saved article: Stop being rude: British operator to Barron Trump as POTUS son reported attack on woman - The Times of India from Times of India
2026-01-22 14:38:34,867 - INFO - [Times of India] Article: https://timesofindia.indiatimes.com/world/us-streamers/he-wants-to-be-like-kanye-so-bad-kai-cenat-faces-backlash-online-after-being-called-performative-at-paris-fashion-week/articleshow/127120453.cms
2026-01-22 14:38:34,867 - INFO - [Times of India] Attempt 1/1: Trying with 'selenium_browser' strategy...
2026-01-22 14:38:36,222 - INFO - [Times of India] Page content loaded.
2026-01-22 14:38:36,381 - INFO - [Times of India] Success with 'selenium_browser'. Found content (387 words).
2026-01-22 14:38:36,469 - INFO - Saved article: "He wants to be like Kanye so bad”: Kai Cenat faces backlash online after being called “performative” at Paris Fashion Week - The Times of India from Times of India
2026-01-22 14:38:37,705 - INFO - [Times of India] (Thread) Finished. Attempting to shut down its Selenium driver.
2026-01-22 14:38:37,970 - INFO - [Times of India] (Thread) driver.quit() successful.
2026-01-22 14:38:40,474 - INFO - [The Hindu] Page content loaded.
2026-01-22 14:38:40,609 - INFO - [The Hindu] Success with 'selenium_browser'. Found content (374 words).
2026-01-22 14:38:40,728 - INFO - Saved article: Valmiki corporation fraud case: Karnataka HC notice to MLA B. Nagendra on CBI’s plea to cancel anticipatory bail - The Hindu from The Hindu
2026-01-22 14:38:42,118 - INFO - [The Hindu] Article: https://www.thehindu.com/news/national/sikkim/forest-fire-continues-in-sikkims-pangolakha-wildlife-sanctuary-near-indo-china-border/article70538556.ece
2026-01-22 14:38:42,119 - INFO - [The Hindu] Attempt 1/1: Trying with 'selenium_browser' strategy...
2026-01-22 14:38:42,861 - INFO - [The Hindu] Page content loaded.
2026-01-22 14:38:43,009 - INFO - [The Hindu] Success with 'selenium_browser'. Found content (157 words).
2026-01-22 14:38:43,070 - INFO - Saved article: Forest fire continues in Sikkim's Pangolakha Wildlife Sanctuary near Indo-China border - The Hindu from The Hindu
2026-01-22 14:38:44,427 - INFO - [The Hindu] Article: https://www.thehindu.com/news/national/telangana/braou-announces-special-re-admission-exercise/article70537806.ece
2026-01-22 14:38:44,427 - INFO - [The Hindu] Attempt 1/1: Trying with 'selenium_browser' strategy...
2026-01-22 14:38:47,329 - INFO - [The Hindu] Page content loaded.
2026-01-22 14:38:47,389 - INFO - [The Hindu] Success with 'selenium_browser'. Found content (91 words).
2026-01-22 14:38:47,458 - INFO - Saved article: BRAOU announces special re-admission exercise - The Hindu from The Hindu
2026-01-22 14:38:48,225 - INFO - [The Hindu] Article: https://www.thehindu.com/news/cities/bangalore/rebate-scheme-for-traffic-fines-in-karnataka-swells-revenue-at-cost-of-road-safety/article70529936.ece
2026-01-22 14:38:48,225 - INFO - [The Hindu] Attempt 1/1: Trying with 'selenium_browser' strategy...
2026-01-22 14:38:49,839 - INFO - [The Hindu] Page content loaded.
2026-01-22 14:38:49,905 - INFO - [The Hindu] Success with 'selenium_browser'. Found content (589 words).
2026-01-22 14:38:49,970 - INFO - Saved article: Rebate scheme for traffic fines in Karnataka swells revenue, at cost of road safety - The Hindu from The Hindu
2026-01-22 14:38:50,854 - INFO - [The Hindu] Article: https://www.thehindu.com/news/national/telangana/sru-features-in-the-world-university-rankings/article70537702.ece
2026-01-22 14:38:50,854 - INFO - [The Hindu] Attempt 1/1: Trying with 'selenium_browser' strategy...
2026-01-22 14:38:58,750 - INFO - [The Hindu] Page content loaded.
2026-01-22 14:38:58,824 - INFO - [The Hindu] Success with 'selenium_browser'. Found content (180 words).
2026-01-22 14:38:58,987 - INFO - Saved article: SRU features in THE world university rankings - The Hindu from The Hindu
2026-01-22 14:39:00,054 - INFO - [The Hindu] Article: https://www.thehindu.com/news/national/telangana/warangal-students-develop-ai-solution-for-farmers/article70537775.ece
2026-01-22 14:39:00,054 - INFO - [The Hindu] Attempt 1/1: Trying with 'selenium_browser' strategy...
2026-01-22 14:39:00,701 - INFO - [The Hindu] Page content loaded.
2026-01-22 14:39:00,847 - INFO - [The Hindu] Success with 'selenium_browser'. Found content (109 words).
2026-01-22 14:39:00,935 - INFO - Saved article: Warangal students develop AI solution for farmers - The Hindu from The Hindu
2026-01-22 14:39:02,160 - INFO - [The Hindu] (Thread) Finished. Attempting to shut down its Selenium driver.
2026-01-22 14:39:02,327 - INFO - [The Hindu] (Thread) driver.quit() successful.
2026-01-22 14:39:02,328 - INFO - Shutting down thread pool (wait=False)...
2026-01-22 14:39:02,328 - INFO - Scraped: 10 Times of India, 2 BBC, 10 The Hindu, 2 The Guardian articles. (Total saved: 24)
2026-01-22 14:39:02,328 - INFO - --- Scraping job finished ---
2026-01-22 14:39:02,336 - INFO - --- Scraper service stopped and database connection closed. ---
2026-01-22 14:39:02,336 - INFO - --- Main thread finished. Forcing process exit to kill zombie threads. ---
