2025-11-16 14:20:26,991 - INFO - Initializing database connection at: news_articles.db
2025-11-16 14:20:26,992 - INFO - --- Scraper service started (CI Mode: Run Once) ---
2025-11-16 14:20:26,992 - INFO - --- Starting new scraping job (Parallel Mode) ---
2025-11-16 14:20:26,992 - INFO - Creating new robust session with 3 retries on 5xx/connection/read errors.
2025-11-16 14:20:26,992 - INFO - Proxy is DISABLED.
2025-11-16 14:20:26,992 - INFO - Starting scrape for BBC RSS feed: http://feeds.bbci.co.uk/news/world/rss.xml
2025-11-16 14:20:26,992 - INFO - [Times of India] (Thread) requires Selenium. Initializing driver...
2025-11-16 14:20:26,993 - INFO - Initializing headless Selenium Chrome driver (using SeleniumManager)...
2025-11-16 14:20:26,993 - INFO - Starting scrape for The Guardian RSS feed: https://www.theguardian.com/world/rss
2025-11-16 14:20:26,994 - INFO - [The Hindu] (Thread) requires Selenium. Initializing driver...
2025-11-16 14:20:26,994 - INFO - Initializing headless Selenium Chrome driver (using SeleniumManager)...
2025-11-16 14:20:26,994 - INFO - Submitted 4 jobs to thread pool. Waiting up to 300s for completion...
2025-11-16 14:20:27,154 - INFO - Found 45 articles in The Guardian RSS feed. Processing up to 10.
2025-11-16 14:20:27,154 - INFO - [The Guardian] Article: https://www.theguardian.com/world/2025/nov/15/ethiopia-confirms-outbreak-of-deadly-marburg-virus
2025-11-16 14:20:27,154 - INFO - [The Guardian] Attempt 1/1: Trying with 'requests_browser' strategy...
2025-11-16 14:20:27,188 - INFO - [The Guardian] Success with 'requests_browser'. Found content (279 words).
2025-11-16 14:20:27,221 - INFO - Duplicate article skipped: Ethiopia confirms outbreak of deadly Marburg virus | Ethiopia | The Guardian from The Guardian
2025-11-16 14:20:27,311 - INFO - Found 29 articles in BBC RSS feed. Processing up to 10.
2025-11-16 14:20:27,311 - INFO - [BBC] Article: https://www.bbc.com/news/articles/c9wv4dx05q5o?at_medium=RSS&at_campaign=rss
2025-11-16 14:20:27,311 - INFO - [BBC] Attempt 1/1: Trying with 'requests_browser' strategy...
2025-11-16 14:20:27,469 - INFO - [BBC] Success with 'requests_browser'. Found content (716 words).
2025-11-16 14:20:27,524 - INFO - Duplicate article skipped: Trump targets ally Marjorie Taylor Greene ahead of Epstein files vote from BBC
2025-11-16 14:20:27,778 - INFO - [The Guardian] Article: https://www.theguardian.com/australia-news/2025/nov/16/australia-dubai-international-airshow-defence-weapons-arms-fair-sudan-uae
2025-11-16 14:20:27,778 - INFO - [The Guardian] Attempt 1/1: Trying with 'requests_browser' strategy...
2025-11-16 14:20:27,819 - INFO - [The Guardian] Success with 'requests_browser'. Found content (1164 words).
2025-11-16 14:20:27,868 - INFO - Duplicate article skipped: Australia is selling arms at a weapons fair in Dubai. Are they destined to be used in Sudan atrocities? | Australia news | The Guardian from The Guardian
2025-11-16 14:20:28,486 - INFO - [BBC] Article: https://www.bbc.com/news/articles/cn8vm30rr78o?at_medium=RSS&at_campaign=rss
2025-11-16 14:20:28,486 - INFO - [BBC] Attempt 1/1: Trying with 'requests_browser' strategy...
2025-11-16 14:20:28,524 - INFO - [BBC] Success with 'requests_browser'. Found content (410 words).
2025-11-16 14:20:28,555 - INFO - Duplicate article skipped: Thousands protest against government in Mexico City as clashes leave 120 injured from BBC
2025-11-16 14:20:28,592 - INFO - [The Guardian] Article: https://www.theguardian.com/global-development/2025/nov/15/health-uk-cut-global-fund-aids-tuberculosis-tb-malaria-africa
2025-11-16 14:20:28,592 - INFO - [The Guardian] Attempt 1/1: Trying with 'requests_browser' strategy...
2025-11-16 14:20:28,619 - INFO - [The Guardian] Success with 'requests_browser'. Found content (681 words).
2025-11-16 14:20:28,654 - INFO - Duplicate article skipped: UK warned that 15% cut to health fund will force ‘impossible choices’ on Africa | Global Fund to Fight Aids, Tuberculosis and Malaria | The Guardian from The Guardian
2025-11-16 14:20:29,340 - INFO - [The Guardian] Article: https://www.theguardian.com/world/2025/nov/14/anger-south-africa-plane-palestinians-held-12-hours
2025-11-16 14:20:29,340 - INFO - [The Guardian] Attempt 1/1: Trying with 'requests_browser' strategy...
2025-11-16 14:20:29,371 - INFO - [The Guardian] Success with 'requests_browser'. Found content (620 words).
2025-11-16 14:20:29,412 - INFO - Duplicate article skipped: South Africa to investigate ‘mysterious’ arrival of 153 Palestinians on plane | South Africa | The Guardian from The Guardian
2025-11-16 14:20:30,055 - INFO - [BBC] Article: https://www.bbc.com/news/articles/cgkz5k5erzgo?at_medium=RSS&at_campaign=rss
2025-11-16 14:20:30,055 - INFO - [BBC] Attempt 1/1: Trying with 'requests_browser' strategy...
2025-11-16 14:20:30,088 - INFO - [BBC] Success with 'requests_browser'. Found content (289 words).
2025-11-16 14:20:30,117 - INFO - Duplicate article skipped: At least four dead after migrant boats sink in Mediterranean from BBC
2025-11-16 14:20:30,886 - INFO - [The Guardian] Article: https://www.theguardian.com/world/2025/nov/14/british-egyptian-activist-alaa-abd-el-fattah-stopped-from-flying-to-uk-says-family
2025-11-16 14:20:30,886 - INFO - [The Guardian] Attempt 1/1: Trying with 'requests_browser' strategy...
2025-11-16 14:20:30,918 - INFO - [The Guardian] Success with 'requests_browser'. Found content (456 words).
2025-11-16 14:20:30,960 - INFO - Duplicate article skipped: British-Egyptian activist stopped from flying to UK, says family | Egypt | The Guardian from The Guardian
2025-11-16 14:20:31,369 - INFO - [BBC] Article: https://www.bbc.com/news/articles/cy40z22qqwwo?at_medium=RSS&at_campaign=rss
2025-11-16 14:20:31,369 - INFO - [BBC] Attempt 1/1: Trying with 'requests_browser' strategy...
2025-11-16 14:20:31,403 - INFO - [BBC] Success with 'requests_browser'. Found content (732 words).
2025-11-16 14:20:31,435 - INFO - Duplicate article skipped: COP30: Thousands march outside COP30 summit in call for action from BBC
2025-11-16 14:20:32,428 - INFO - [The Guardian] Article: https://www.theguardian.com/world/2025/nov/16/gen-z-protests-against-mexico-president-turn-violent-amid-anger-over-mayors-death
2025-11-16 14:20:32,428 - INFO - [The Guardian] Attempt 1/1: Trying with 'requests_browser' strategy...
2025-11-16 14:20:32,588 - INFO - [The Guardian] Success with 'requests_browser'. Found content (547 words).
2025-11-16 14:20:32,645 - INFO - Duplicate article skipped: At least 120 hurt in Gen Z protests over corruption and drug violence in Mexico | Mexico | The Guardian from The Guardian
2025-11-16 14:20:32,737 - INFO - [BBC] Article: https://www.bbc.com/news/articles/c891jp9j79do?at_medium=RSS&at_campaign=rss
2025-11-16 14:20:32,737 - INFO - [BBC] Attempt 1/1: Trying with 'requests_browser' strategy...
2025-11-16 14:20:32,768 - INFO - [BBC] Success with 'requests_browser'. Found content (895 words).
2025-11-16 14:20:32,796 - INFO - Duplicate article skipped: Trump says he will sue BBC for at least $1bn over Panorama edit from BBC
2025-11-16 14:20:33,371 - INFO - [The Guardian] Article: https://www.theguardian.com/world/2025/nov/16/chile-election-president-crime-migration-fears
2025-11-16 14:20:33,371 - INFO - [The Guardian] Attempt 1/1: Trying with 'requests_browser' strategy...
2025-11-16 14:20:33,396 - INFO - [The Guardian] Success with 'requests_browser'. Found content (664 words).
2025-11-16 14:20:33,428 - INFO - Duplicate article skipped: Chile votes for next president in contest dominated by crime and migration fears | Chile | The Guardian from The Guardian
2025-11-16 14:20:33,920 - INFO - [BBC] Article: https://www.bbc.com/news/articles/cnve03m0d94o?at_medium=RSS&at_campaign=rss
2025-11-16 14:20:33,920 - INFO - [BBC] Attempt 1/1: Trying with 'requests_browser' strategy...
2025-11-16 14:20:33,948 - INFO - [BBC] Success with 'requests_browser'. Found content (377 words).
2025-11-16 14:20:33,973 - INFO - Duplicate article skipped: Nearly 70 schools to close in Australia over fears of asbestos in play sand from BBC
2025-11-16 14:20:34,657 - INFO - [The Guardian] Article: https://www.theguardian.com/world/2025/nov/16/caribbean-reparations-crc-uk-visit-britain-colonial-legacy
2025-11-16 14:20:34,657 - INFO - [The Guardian] Attempt 1/1: Trying with 'requests_browser' strategy...
2025-11-16 14:20:34,685 - INFO - [The Guardian] Success with 'requests_browser'. Found content (667 words).
2025-11-16 14:20:34,721 - INFO - Duplicate article skipped: Caribbean reparations leaders in ‘historic’ first UK visit to press for justice | Reparations and reparative justice | The Guardian from The Guardian
2025-11-16 14:20:35,375 - INFO - [BBC] Article: https://www.bbc.com/news/articles/cvgwyyd8l58o?at_medium=RSS&at_campaign=rss
2025-11-16 14:20:35,375 - INFO - [BBC] Attempt 1/1: Trying with 'requests_browser' strategy...
2025-11-16 14:20:35,409 - INFO - [BBC] Success with 'requests_browser'. Found content (418 words).
2025-11-16 14:20:35,439 - INFO - Duplicate article skipped: Zelensky vows energy sector overhaul after $100m corruption scandal from BBC
2025-11-16 14:20:35,939 - INFO - [The Guardian] Article: https://www.theguardian.com/environment/2025/nov/15/indigenous-lands-must-be-recognised-as-part-of-climate-policy-says-brazilian-minister
2025-11-16 14:20:35,939 - INFO - [The Guardian] Attempt 1/1: Trying with 'requests_browser' strategy...
2025-11-16 14:20:35,969 - INFO - [The Guardian] Success with 'requests_browser'. Found content (777 words).
2025-11-16 14:20:36,007 - INFO - Duplicate article skipped: Indigenous lands must be recognised as part of climate policy, says Brazilian minister | Cop30 | The Guardian from The Guardian
2025-11-16 14:20:36,117 - INFO - [BBC] Article: https://www.bbc.com/news/articles/c620yzjpxlvo?at_medium=RSS&at_campaign=rss
2025-11-16 14:20:36,117 - INFO - [BBC] Attempt 1/1: Trying with 'requests_browser' strategy...
2025-11-16 14:20:36,144 - INFO - [BBC] Success with 'requests_browser'. Found content (190 words).
2025-11-16 14:20:36,173 - INFO - Duplicate article skipped: YouTuber Jack Doherty arrested in Miami on drug possession charges from BBC
2025-11-16 14:20:37,001 - INFO - [BBC] Article: https://www.bbc.com/news/articles/cdxr5drrpqxo?at_medium=RSS&at_campaign=rss
2025-11-16 14:20:37,002 - INFO - [BBC] Attempt 1/1: Trying with 'requests_browser' strategy...
2025-11-16 14:20:37,037 - INFO - [BBC] Success with 'requests_browser'. Found content (580 words).
2025-11-16 14:20:37,069 - INFO - Duplicate article skipped: Pope Leo welcomes cinema stars to the Vatican from BBC
2025-11-16 14:20:37,339 - INFO - [The Guardian] Article: https://www.theguardian.com/environment/2025/nov/14/protesters-blockade-cop30-summit-over-plight-of-indigenous-peoples
2025-11-16 14:20:37,340 - INFO - [The Guardian] Attempt 1/1: Trying with 'requests_browser' strategy...
2025-11-16 14:20:37,375 - INFO - [The Guardian] Success with 'requests_browser'. Found content (976 words).
2025-11-16 14:20:37,421 - INFO - Duplicate article skipped: Protesters blockade Cop30 summit over plight of Indigenous peoples | Cop30 | The Guardian from The Guardian
2025-11-16 14:20:37,841 - INFO - [BBC] Article: https://www.bbc.com/news/articles/czr1dm5vkjdo?at_medium=RSS&at_campaign=rss
2025-11-16 14:20:37,841 - INFO - [BBC] Attempt 1/1: Trying with 'requests_browser' strategy...
2025-11-16 14:20:37,871 - INFO - [BBC] Success with 'requests_browser'. Found content (223 words).
2025-11-16 14:20:37,900 - INFO - Duplicate article skipped: South Korean actress and K-pop star Nana fights off home intruder from BBC
2025-11-16 14:20:40,378 - INFO - Selenium driver initialized successfully.
2025-11-16 14:20:40,379 - INFO - Selenium driver initialized successfully.
2025-11-16 14:20:40,379 - INFO - Starting scrape for Times of India RSS feed: https://timesofindia.indiatimes.com/rssfeeds/296589292.cms
2025-11-16 14:20:40,379 - INFO - Starting scrape for The Hindu RSS feed: https://www.thehindu.com/news/national/feeder/default.rss
2025-11-16 14:20:40,550 - INFO - Found 100 articles in The Hindu RSS feed. Processing up to 10.
2025-11-16 14:20:40,550 - INFO - [The Hindu] Article: https://www.thehindu.com/news/national/telangana/warden-of-ashram-school-arrested-under-pocso-act/article70287625.ece
2025-11-16 14:20:40,550 - INFO - [The Hindu] Attempt 1/1: Trying with 'selenium_browser' strategy...
2025-11-16 14:20:40,709 - INFO - Found 20 articles in Times of India RSS feed. Processing up to 10.
2025-11-16 14:20:40,709 - INFO - [Times of India] Article: https://timesofindia.indiatimes.com/world/middle-east/oman-launches-emergency-passport-renewal-service-at-muscat-international-airport/articleshow/125364296.cms
2025-11-16 14:20:40,709 - INFO - [Times of India] Attempt 1/1: Trying with 'selenium_browser' strategy...
2025-11-16 14:20:48,956 - INFO - [The Hindu] Page content loaded.
2025-11-16 14:20:49,617 - INFO - [The Hindu] Success with 'selenium_browser'. Found content (110 words).
2025-11-16 14:20:49,809 - INFO - Saved article: Warden of Ashram school arrested under POCSO Act - The Hindu from The Hindu
2025-11-16 14:20:50,977 - INFO - [The Hindu] Article: https://www.thehindu.com/news/cities/Hyderabad/hyderabad-ngo-launches-affordable-icu-services/article70287280.ece
2025-11-16 14:20:50,977 - INFO - [The Hindu] Attempt 1/1: Trying with 'selenium_browser' strategy...
2025-11-16 14:20:56,875 - INFO - [The Hindu] Page content loaded.
2025-11-16 14:20:57,205 - INFO - [The Hindu] Success with 'selenium_browser'. Found content (140 words).
2025-11-16 14:20:57,367 - INFO - Saved article: Hyderabad NGO launches affordable ICU services - The Hindu from The Hindu
2025-11-16 14:20:58,287 - INFO - [The Hindu] Article: https://www.thehindu.com/news/national/karnataka/karnataka-launches-digital-nagarik-programme-in-govt-schools-to-enhance-cybersecurity-awareness-among-children/article70287346.ece
2025-11-16 14:20:58,287 - INFO - [The Hindu] Attempt 1/1: Trying with 'selenium_browser' strategy...
2025-11-16 14:20:59,381 - INFO - [The Hindu] Page content loaded.
2025-11-16 14:20:59,768 - INFO - [The Hindu] Success with 'selenium_browser'. Found content (321 words).
2025-11-16 14:20:59,897 - INFO - Saved article: Karnataka launches Digital Nagarik programme in govt. schools to enhance cybersecurity awareness among children - The Hindu from The Hindu
2025-11-16 14:21:00,966 - INFO - [The Hindu] Article: https://www.thehindu.com/news/national/andhra-pradesh/two-drown-in-mallimadugu-project-in-tirupati/article70287472.ece
2025-11-16 14:21:00,967 - INFO - [The Hindu] Attempt 1/1: Trying with 'selenium_browser' strategy...
2025-11-16 14:21:02,459 - INFO - [The Hindu] Page content loaded.
2025-11-16 14:21:02,779 - INFO - [The Hindu] Success with 'selenium_browser'. Found content (96 words).
2025-11-16 14:21:02,895 - INFO - Saved article: Two drown in Mallimadugu project in Tirupati - The Hindu from The Hindu
2025-11-16 14:21:03,601 - INFO - [The Hindu] Article: https://www.thehindu.com/news/national/delhi-red-fort-blast-nia-arrests-kashmiri-resident-umar-nabi-aide-updates/article70287490.ece
2025-11-16 14:21:03,601 - INFO - [The Hindu] Attempt 1/1: Trying with 'selenium_browser' strategy...
2025-11-16 14:21:04,775 - INFO - [The Hindu] Page content loaded.
2025-11-16 14:21:05,235 - INFO - [The Hindu] Success with 'selenium_browser'. Found content (290 words).
2025-11-16 14:21:05,466 - INFO - Saved article: NIA arrests alleged aide of ‘suicide bomber’ Umar Nabi in Delhi car blast case - The Hindu from The Hindu
2025-11-16 14:21:06,267 - INFO - [The Hindu] Article: https://www.thehindu.com/news/national/karnataka/rajamata-lakshmammanni-awards-presented/article70287579.ece
2025-11-16 14:21:06,267 - INFO - [The Hindu] Attempt 1/1: Trying with 'selenium_browser' strategy...
2025-11-16 14:21:07,895 - INFO - [The Hindu] Page content loaded.
2025-11-16 14:21:08,393 - INFO - [The Hindu] Success with 'selenium_browser'. Found content (140 words).
2025-11-16 14:21:08,585 - INFO - Saved article: Rajamata Lakshmammanni awards presented - The Hindu from The Hindu
2025-11-16 14:21:09,480 - INFO - [The Hindu] Article: https://www.thehindu.com/news/national/andhra-pradesh/reading-habit-ensures-peace-of-mind-says-minister/article70287223.ece
2025-11-16 14:21:09,480 - INFO - [The Hindu] Attempt 1/1: Trying with 'selenium_browser' strategy...
2025-11-16 14:21:10,813 - INFO - [The Hindu] Page content loaded.
2025-11-16 14:21:10,915 - INFO - [The Hindu] Success with 'selenium_browser'. Found content (156 words).
2025-11-16 14:21:11,038 - INFO - Saved article: Reading habit ensures peace of mind, says Minister - The Hindu from The Hindu
2025-11-16 14:21:11,831 - INFO - [The Hindu] Article: https://www.thehindu.com/news/national/kerala/special-intensive-revision-booth-level-officers-in-kerala-to-strike-work-on-monday-after-blos-death/article70287138.ece
2025-11-16 14:21:11,831 - INFO - [The Hindu] Attempt 1/1: Trying with 'selenium_browser' strategy...
2025-11-16 14:21:15,960 - INFO - [The Hindu] Page content loaded.
2025-11-16 14:21:16,097 - INFO - [The Hindu] Success with 'selenium_browser'. Found content (442 words).
2025-11-16 14:21:16,243 - INFO - Saved article: Special Intensive Revision: booth-level officers in Kerala to strike work on Monday after BLO’s death - The Hindu from The Hindu
2025-11-16 14:21:17,235 - INFO - [The Hindu] Article: https://www.thehindu.com/news/national/karnataka/call-for-efforts-to-promote-integration-of-northeast-into-mainstream-india/article70287258.ece
2025-11-16 14:21:17,235 - INFO - [The Hindu] Attempt 1/1: Trying with 'selenium_browser' strategy...
2025-11-16 14:21:40,724 - ERROR - [Times of India] Request failed for strategy 'selenium_browser' on URL https://timesofindia.indiatimes.com/world/middle-east/oman-launches-emergency-passport-renewal-service-at-muscat-international-airport/articleshow/125364296.cms: Message: timeout: Timed out receiving message from renderer: 59.698
  (Session info: chrome=142.0.7444.162)
Stacktrace:
#0 0x56022b5c032a <unknown>
#1 0x56022b00ce4b <unknown>
#2 0x56022aff4e0d <unknown>
#3 0x56022aff4af0 <unknown>
#4 0x56022aff28ff <unknown>
#5 0x56022aff327f <unknown>
#6 0x56022b001ca3 <unknown>
#7 0x56022b01b601 <unknown>
#8 0x56022b021e0b <unknown>
#9 0x56022aff39bd <unknown>
#10 0x56022b01b3a7 <unknown>
#11 0x56022b0ac170 <unknown>
#12 0x56022b051c1a <unknown>
#13 0x56022b052921 <unknown>
#14 0x56022b587239 <unknown>
#15 0x56022b58a1e8 <unknown>
#16 0x56022b5704c9 <unknown>
#17 0x56022b58adb5 <unknown>
#18 0x56022b557e93 <unknown>
#19 0x56022b5ad098 <unknown>
#20 0x56022b5ad273 <unknown>
#21 0x56022b5bf2c3 <unknown>
#22 0x7fd720e9caa4 <unknown>
#23 0x7fd720f29c6c <unknown>

2025-11-16 14:21:40,724 - ERROR - [Times of India] All scrape strategies failed for https://timesofindia.indiatimes.com/world/middle-east/oman-launches-emergency-passport-renewal-service-at-muscat-international-airport/articleshow/125364296.cms. Falling back to RSS description.
2025-11-16 14:21:40,726 - INFO - Saved article: Oman launches emergency passport renewal service at Muscat International Airport from Times of India
2025-11-16 14:21:41,551 - INFO - [Times of India] Article: https://timesofindia.indiatimes.com/world/us/pray-for-my-moms-safety-marjorie-taylor-greenes-daughter-speaks-out-as-trump-feud-over-h1-b-epstein-files-becomes-a-hotbed-of-threats/articleshow/125364257.cms
2025-11-16 14:21:41,551 - INFO - [Times of India] Attempt 1/1: Trying with 'selenium_browser' strategy...
2025-11-16 14:21:42,559 - INFO - [Times of India] Page content loaded.
2025-11-16 14:21:42,686 - INFO - [Times of India] Success with 'selenium_browser'. Found content (451 words).
2025-11-16 14:21:42,752 - INFO - Saved article: ‘Pray for my mom’s safety’: Marjorie Taylor Greene’s daughter speaks out as Trump feud over H1-B, Epstein files becomes a ‘hotbed of threats’ - The Times of India from Times of India
2025-11-16 14:21:43,569 - INFO - [Times of India] Article: https://timesofindia.indiatimes.com/world/rest-of-world/zelenskyy-government-shaken-by-100-million-corruption-scandal-as-top-officials-resign/articleshow/125364328.cms
2025-11-16 14:21:43,569 - INFO - [Times of India] Attempt 1/1: Trying with 'selenium_browser' strategy...
2025-11-16 14:21:44,631 - INFO - [Times of India] Page content loaded.
2025-11-16 14:21:44,734 - INFO - [Times of India] Success with 'selenium_browser'. Found content (456 words).
2025-11-16 14:21:44,806 - INFO - Saved article: Zelenskyy government shaken by $100 million corruption scandal as top officials resign | World News - The Times of India from Times of India
2025-11-16 14:21:45,698 - INFO - [Times of India] Article: https://timesofindia.indiatimes.com/world/middle-east/oman-air-updates-safety-rules-for-lithium-batteries-power-banks-smart-bags-and-e-cigarettes/articleshow/125363948.cms
2025-11-16 14:21:45,699 - INFO - [Times of India] Attempt 1/1: Trying with 'selenium_browser' strategy...
2025-11-16 14:21:46,702 - INFO - [Times of India] Page content loaded.
2025-11-16 14:21:46,825 - INFO - [Times of India] Success with 'selenium_browser'. Found content (394 words).
2025-11-16 14:21:46,898 - INFO - Saved article: Oman Air updates safety rules for lithium batteries, power banks, Smart Bags, and E cigarettes | World News - The Times of India from Times of India
2025-11-16 14:21:48,147 - INFO - [Times of India] Article: https://timesofindia.indiatimes.com/science/how-astronomers-recorded-the-fragmentation-of-comet-c/2025-k1-atlas-and-how-you-can-witness-its-remains-this-month/articleshow/125361376.cms
2025-11-16 14:21:48,147 - INFO - [Times of India] Attempt 1/1: Trying with 'selenium_browser' strategy...
2025-11-16 14:21:49,304 - INFO - [Times of India] Page content loaded.
2025-11-16 14:21:49,439 - INFO - [Times of India] Success with 'selenium_browser'. Found content (1019 words).
2025-11-16 14:21:49,551 - INFO - Duplicate article skipped: How astronomers recorded the fragmentation of Comet C/2025 K1 ATLAS and how you can witness its remains this month | - The Times of India from Times of India
2025-11-16 14:21:50,889 - INFO - [Times of India] Article: https://timesofindia.indiatimes.com/science/how-39000-year-old-ancient-rna-from-a-mammoth-found-in-siberia-reveals-its-biology/articleshow/125361229.cms
2025-11-16 14:21:50,889 - INFO - [Times of India] Attempt 1/1: Trying with 'selenium_browser' strategy...
2025-11-16 14:21:52,046 - INFO - [Times of India] Page content loaded.
2025-11-16 14:21:52,185 - INFO - [Times of India] Success with 'selenium_browser'. Found content (816 words).
2025-11-16 14:21:52,243 - INFO - Duplicate article skipped: How 39,000-year-old ancient RNA from a mammoth found in Siberia reveals its biology | - The Times of India from Times of India
2025-11-16 14:21:53,439 - INFO - [Times of India] Article: https://timesofindia.indiatimes.com/world/middle-east/oman-airports-becomes-worlds-first-to-roll-out-wi-fi-7-in-partnership-with-huawei/articleshow/125363423.cms
2025-11-16 14:21:53,439 - INFO - [Times of India] Attempt 1/1: Trying with 'selenium_browser' strategy...
2025-11-16 14:22:17,252 - ERROR - [The Hindu] Request failed for strategy 'selenium_browser' on URL https://www.thehindu.com/news/national/karnataka/call-for-efforts-to-promote-integration-of-northeast-into-mainstream-india/article70287258.ece: Message: timeout: Timed out receiving message from renderer: 59.962
  (Session info: chrome=142.0.7444.162)
Stacktrace:
#0 0x556f878c032a <unknown>
#1 0x556f8730ce4b <unknown>
#2 0x556f872f4e0d <unknown>
#3 0x556f872f4af0 <unknown>
#4 0x556f872f28ff <unknown>
#5 0x556f872f327f <unknown>
#6 0x556f87301ca3 <unknown>
#7 0x556f8731b601 <unknown>
#8 0x556f87321e0b <unknown>
#9 0x556f872f39bd <unknown>
#10 0x556f8731b3a7 <unknown>
#11 0x556f873ac170 <unknown>
#12 0x556f87351c1a <unknown>
#13 0x556f87352921 <unknown>
#14 0x556f87887239 <unknown>
#15 0x556f8788a1e8 <unknown>
#16 0x556f878704c9 <unknown>
#17 0x556f8788adb5 <unknown>
#18 0x556f87857e93 <unknown>
#19 0x556f878ad098 <unknown>
#20 0x556f878ad273 <unknown>
#21 0x556f878bf2c3 <unknown>
#22 0x7f539ea9caa4 <unknown>
#23 0x7f539eb29c6c <unknown>

2025-11-16 14:22:17,252 - ERROR - [The Hindu] All scrape strategies failed for https://www.thehindu.com/news/national/karnataka/call-for-efforts-to-promote-integration-of-northeast-into-mainstream-india/article70287258.ece. Falling back to RSS description.
2025-11-16 14:22:17,257 - INFO - Saved article: Call for efforts to promote integration of northeast into mainstream India from The Hindu
2025-11-16 14:22:18,536 - INFO - [The Hindu] Article: https://www.thehindu.com/news/national/telangana/3-alms-suspended-in-npdcl-for-consuming-liquor-in-office/article70287429.ece
2025-11-16 14:22:18,536 - INFO - [The Hindu] Attempt 1/1: Trying with 'selenium_browser' strategy...
2025-11-16 14:22:19,328 - INFO - [The Hindu] Page content loaded.
2025-11-16 14:22:19,370 - INFO - [The Hindu] Success with 'selenium_browser'. Found content (135 words).
2025-11-16 14:22:19,518 - INFO - Saved article: 3 ALMs suspended in NPDCL for consuming liquor in office - The Hindu from The Hindu
2025-11-16 14:22:20,498 - INFO - [The Hindu] (Thread) Finished. Attempting to shut down its Selenium driver.
2025-11-16 14:22:20,675 - INFO - [The Hindu] (Thread) driver.quit() successful.
2025-11-16 14:23:53,446 - ERROR - [Times of India] Request failed for strategy 'selenium_browser' on URL https://timesofindia.indiatimes.com/world/middle-east/oman-airports-becomes-worlds-first-to-roll-out-wi-fi-7-in-partnership-with-huawei/articleshow/125363423.cms: HTTPConnectionPool(host='localhost', port=33455): Read timed out. (read timeout=120)
2025-11-16 14:23:53,446 - ERROR - [Times of India] All scrape strategies failed for https://timesofindia.indiatimes.com/world/middle-east/oman-airports-becomes-worlds-first-to-roll-out-wi-fi-7-in-partnership-with-huawei/articleshow/125363423.cms. Falling back to RSS description.
2025-11-16 14:23:53,447 - INFO - Duplicate article skipped: Oman airports becomes world's first to roll out Wi-Fi 7 in partnership with Huawei from Times of India
2025-11-16 14:23:54,294 - INFO - [Times of India] Article: https://timesofindia.indiatimes.com/world/middle-east/dubai-unveils-4-launch-pads-for-flying-taxis-your-guide-to-boarding-the-worlds-first-aerial-taxi-in-2026/articleshow/125362818.cms
2025-11-16 14:23:54,294 - INFO - [Times of India] Attempt 1/1: Trying with 'selenium_browser' strategy...
2025-11-16 14:25:26,994 - CRITICAL - --- TIMEOUT: 1 scrape jobs did not complete in 300s. ---
2025-11-16 14:25:26,994 - ERROR - A thread has timed out and will be abandoned.
2025-11-16 14:25:26,994 - INFO - Shutting down thread pool (wait=False)...
2025-11-16 14:25:26,994 - INFO - Scraped: 0 BBC, 10 The Hindu, 0 The Guardian, 1 Timed_Out_Jobs articles. (Total saved: 10)
2025-11-16 14:25:26,994 - INFO - --- Scraping job finished ---
2025-11-16 14:25:26,994 - INFO - --- Scraper service stopped and database connection closed. ---
2025-11-16 14:25:26,994 - INFO - --- Main thread finished. Forcing process exit to kill zombie threads. ---
