2026-01-09 04:45:22,611 - INFO - Initializing database connection at: news_articles.db
2026-01-09 04:45:22,612 - INFO - --- Scraper service started (CI Mode: Run Once) ---
2026-01-09 04:45:22,612 - INFO - --- Starting new scraping job (Parallel Mode) ---
2026-01-09 04:45:22,612 - INFO - Creating new robust session with 3 retries on 5xx/connection/read errors.
2026-01-09 04:45:22,612 - INFO - Proxy is DISABLED.
2026-01-09 04:45:22,612 - INFO - Starting scrape for BBC RSS feed: http://feeds.bbci.co.uk/news/world/rss.xml
2026-01-09 04:45:22,612 - INFO - [Times of India] (Thread) requires Selenium. Initializing driver...
2026-01-09 04:45:22,613 - INFO - Initializing headless Selenium Chrome driver (using SeleniumManager)...
2026-01-09 04:45:22,613 - INFO - Starting scrape for The Guardian RSS feed: https://www.theguardian.com/world/rss
2026-01-09 04:45:22,613 - INFO - [The Hindu] (Thread) requires Selenium. Initializing driver...
2026-01-09 04:45:22,613 - INFO - Initializing headless Selenium Chrome driver (using SeleniumManager)...
2026-01-09 04:45:22,614 - INFO - Submitted 4 jobs to thread pool. Waiting up to 300s for completion...
2026-01-09 04:45:22,796 - INFO - Found 45 articles in The Guardian RSS feed. Processing up to 10.
2026-01-09 04:45:22,797 - INFO - [The Guardian] Article: https://www.theguardian.com/world/2026/jan/08/questions-targeting-impact-us-airstrikes-in-nigeria
2026-01-09 04:45:22,797 - INFO - [The Guardian] Attempt 1/1: Trying with 'requests_browser' strategy...
2026-01-09 04:45:22,830 - INFO - [The Guardian] Success with 'requests_browser'. Found content (795 words).
2026-01-09 04:45:22,868 - INFO - Duplicate article skipped: Two weeks on, questions linger over targeting and impact of US airstrikes in Nigeria | Nigeria | The Guardian from The Guardian
2026-01-09 04:45:22,882 - INFO - Found 33 articles in BBC RSS feed. Processing up to 10.
2026-01-09 04:45:22,882 - INFO - [BBC] Article: https://www.bbc.com/news/articles/cg7y0579lp8o?at_medium=RSS&at_campaign=rss
2026-01-09 04:45:22,882 - INFO - [BBC] Attempt 1/1: Trying with 'requests_browser' strategy...
2026-01-09 04:45:23,190 - INFO - [BBC] Success with 'requests_browser'. Found content (1406 words).
2026-01-09 04:45:23,226 - INFO - Duplicate article skipped: Huge anti-government protests in Tehran and other Iranian cities, videos show from BBC
2026-01-09 04:45:24,036 - INFO - [The Guardian] Article: https://www.theguardian.com/world/2026/jan/02/anthony-joshuas-driver-charged-with-dangerous-driving-after-fatal-crash-in-nigeria
2026-01-09 04:45:24,036 - INFO - [The Guardian] Attempt 1/1: Trying with 'requests_browser' strategy...
2026-01-09 04:45:24,060 - INFO - [The Guardian] Success with 'requests_browser'. Found content (346 words).
2026-01-09 04:45:24,094 - INFO - Duplicate article skipped: Anthony Joshua’s driver charged with dangerous driving after fatal crash in Nigeria | Anthony Joshua | The Guardian from The Guardian
2026-01-09 04:45:24,453 - INFO - [BBC] Article: https://www.bbc.com/news/videos/c78e9vmn7dgo?at_medium=RSS&at_campaign=rss
2026-01-09 04:45:24,453 - INFO - [BBC] Attempt 1/1: Trying with 'requests_browser' strategy...
2026-01-09 04:45:24,504 - INFO - [BBC] Success with 'requests_browser'. Found content (84 words).
2026-01-09 04:45:24,561 - INFO - Saved article: Watch: Buildings in Tehran set on fire as demonstrations spread across Iran from BBC
2026-01-09 04:45:25,262 - INFO - [The Guardian] Article: https://www.theguardian.com/science/2026/jan/01/cremation-pyre-in-africa-thought-to-be-worlds-oldest-containing-adult-remains
2026-01-09 04:45:25,262 - INFO - [The Guardian] Attempt 1/1: Trying with 'requests_browser' strategy...
2026-01-09 04:45:25,289 - INFO - [The Guardian] Success with 'requests_browser'. Found content (653 words).
2026-01-09 04:45:25,330 - INFO - Duplicate article skipped: Cremation pyre in Africa thought to be world’s oldest containing adult remains | Anthropology | The Guardian from The Guardian
2026-01-09 04:45:25,816 - INFO - [BBC] Article: https://www.bbc.com/news/articles/c99knmrx71go?at_medium=RSS&at_campaign=rss
2026-01-09 04:45:25,816 - INFO - [BBC] Attempt 1/1: Trying with 'requests_browser' strategy...
2026-01-09 04:45:25,847 - INFO - [BBC] Success with 'requests_browser'. Found content (782 words).
2026-01-09 04:45:25,884 - INFO - Duplicate article skipped: Minnesota officials say FBI blocked access to ICE shooting investigation from BBC
2026-01-09 04:45:25,959 - INFO - [The Guardian] Article: https://www.theguardian.com/global-development/2026/jan/01/us-aid-cuts-conditions-un-humanitarian-pledge-ocha
2026-01-09 04:45:25,959 - INFO - [The Guardian] Attempt 1/1: Trying with 'requests_browser' strategy...
2026-01-09 04:45:25,985 - INFO - [The Guardian] Success with 'requests_browser'. Found content (631 words).
2026-01-09 04:45:26,021 - INFO - Duplicate article skipped: US ‘adapt, shrink or die’ terms for $2bn aid pot will mean UN bowing down to Washington, say experts | Aid | The Guardian from The Guardian
2026-01-09 04:45:26,387 - INFO - [BBC] Article: https://www.bbc.com/news/articles/c0mkwl2g499o?at_medium=RSS&at_campaign=rss
2026-01-09 04:45:26,387 - INFO - [BBC] Attempt 1/1: Trying with 'requests_browser' strategy...
2026-01-09 04:45:26,420 - INFO - [BBC] Success with 'requests_browser'. Found content (562 words).
2026-01-09 04:45:26,462 - INFO - Saved article: Venezuelan government begins releasing political prisoners from BBC
2026-01-09 04:45:26,742 - INFO - [The Guardian] Article: https://www.theguardian.com/world/2025/dec/31/guinea-junta-chief-mamady-doumbouya-elected-president-after-opposition-boycott
2026-01-09 04:45:26,742 - INFO - [The Guardian] Attempt 1/1: Trying with 'requests_browser' strategy...
2026-01-09 04:45:26,763 - INFO - [The Guardian] Success with 'requests_browser'. Found content (399 words).
2026-01-09 04:45:26,796 - INFO - Duplicate article skipped: Guinea’s junta chief elected president after opposition boycott | Guinea | The Guardian from The Guardian
2026-01-09 04:45:27,366 - INFO - [BBC] Article: https://www.bbc.com/news/articles/c2lgjd51v95o?at_medium=RSS&at_campaign=rss
2026-01-09 04:45:27,366 - INFO - [BBC] Attempt 1/1: Trying with 'requests_browser' strategy...
2026-01-09 04:45:27,405 - INFO - [BBC] Success with 'requests_browser'. Found content (740 words).
2026-01-09 04:45:27,466 - INFO - Duplicate article skipped: Greenland: Vance criticises Denmark and Europe's handling of 'critical' territory from BBC
2026-01-09 04:45:27,492 - INFO - [The Guardian] Article: https://www.theguardian.com/world/2026/jan/08/venezuela-to-release-important-number-of-detainees
2026-01-09 04:45:27,493 - INFO - [The Guardian] Attempt 1/1: Trying with 'requests_browser' strategy...
2026-01-09 04:45:27,597 - INFO - [The Guardian] Success with 'requests_browser'. Found content (991 words).
2026-01-09 04:45:27,645 - INFO - Duplicate article skipped: Venezuela begins releasing political detainees to ‘consolidate peace’ | Venezuela | The Guardian from The Guardian
2026-01-09 04:45:28,089 - INFO - Selenium driver initialized successfully.
2026-01-09 04:45:28,089 - INFO - Selenium driver initialized successfully.
2026-01-09 04:45:28,089 - INFO - Starting scrape for Times of India RSS feed: https://timesofindia.indiatimes.com/rssfeeds/296589292.cms
2026-01-09 04:45:28,089 - INFO - Starting scrape for The Hindu RSS feed: https://www.thehindu.com/news/national/feeder/default.rss
2026-01-09 04:45:28,255 - INFO - Found 100 articles in The Hindu RSS feed. Processing up to 10.
2026-01-09 04:45:28,255 - INFO - [The Hindu] Article: https://www.thehindu.com/news/national/kerala/malayalam-language-bill-2025-what-it-proposes-and-why-it-has-triggered-opposition-outside-kerala-explained/article70486875.ece
2026-01-09 04:45:28,255 - INFO - [The Hindu] Attempt 1/1: Trying with 'selenium_browser' strategy...
2026-01-09 04:45:28,401 - INFO - Found 20 articles in Times of India RSS feed. Processing up to 10.
2026-01-09 04:45:28,401 - INFO - [Times of India] Article: https://timesofindia.indiatimes.com/etimes/trending/will-jesus-return-by-2026-prediction-markets-are-taking-real-money-bets-on-the-second-coming/articleshow/126425750.cms
2026-01-09 04:45:28,401 - INFO - [Times of India] Attempt 1/1: Trying with 'selenium_browser' strategy...
2026-01-09 04:45:28,494 - INFO - [BBC] Article: https://www.bbc.com/news/articles/cp80ln97py5o?at_medium=RSS&at_campaign=rss
2026-01-09 04:45:28,494 - INFO - [BBC] Attempt 1/1: Trying with 'requests_browser' strategy...
2026-01-09 04:45:28,532 - INFO - [BBC] Success with 'requests_browser'. Found content (633 words).
2026-01-09 04:45:28,590 - INFO - Duplicate article skipped: Trump withdraws US from key climate treaty and dozens of other groups from BBC
2026-01-09 04:45:28,876 - INFO - [The Guardian] Article: https://www.theguardian.com/world/2026/jan/08/brazil-president-lula-vetoes-bill-jair-bolsonaro-prison-sentence
2026-01-09 04:45:28,876 - INFO - [The Guardian] Attempt 1/1: Trying with 'requests_browser' strategy...
2026-01-09 04:45:28,907 - INFO - [The Guardian] Success with 'requests_browser'. Found content (455 words).
2026-01-09 04:45:28,981 - INFO - Duplicate article skipped: Brazilian president vetoes bill reducing Jair Bolsonaro’s prison sentence | Brazil | The Guardian from The Guardian
2026-01-09 04:45:29,758 - INFO - [BBC] Article: https://www.bbc.com/news/articles/c5y2v2p3nl8o?at_medium=RSS&at_campaign=rss
2026-01-09 04:45:29,758 - INFO - [BBC] Attempt 1/1: Trying with 'requests_browser' strategy...
2026-01-09 04:45:29,821 - INFO - [BBC] Success with 'requests_browser'. Found content (1286 words).
2026-01-09 04:45:29,847 - INFO - [The Guardian] Article: https://www.theguardian.com/world/2026/jan/08/venezuela-oil-deal-rodriguez-trump-vance-claims-us-control
2026-01-09 04:45:29,848 - INFO - [The Guardian] Attempt 1/1: Trying with 'requests_browser' strategy...
2026-01-09 04:45:30,022 - INFO - Saved article: Somalia's Siad Barre: Kenyan pilot tells BBC of his secret mission to fly his body from Nigeria from BBC
2026-01-09 04:45:30,047 - INFO - [The Guardian] Success with 'requests_browser'. Found content (1234 words).
2026-01-09 04:45:30,248 - INFO - Duplicate article skipped: Venezuela cooperating fully and US will control its oil for years, Trump claims | US attack on Venezuela | The Guardian from The Guardian
2026-01-09 04:45:30,828 - INFO - [BBC] Article: https://www.bbc.com/news/articles/ckgl8jgdxypo?at_medium=RSS&at_campaign=rss
2026-01-09 04:45:30,828 - INFO - [BBC] Attempt 1/1: Trying with 'requests_browser' strategy...
2026-01-09 04:45:30,898 - INFO - [The Guardian] Article: https://www.theguardian.com/business/2026/jan/08/shadow-fleet-ships-sanctioned-oil-reflagged-russia-lloyds-list-analysis
2026-01-09 04:45:30,899 - INFO - [The Guardian] Attempt 1/1: Trying with 'requests_browser' strategy...
2026-01-09 04:45:30,940 - INFO - [BBC] Success with 'requests_browser'. Found content (854 words).
2026-01-09 04:45:31,116 - INFO - [The Guardian] Success with 'requests_browser'. Found content (654 words).
2026-01-09 04:45:31,125 - INFO - Duplicate article skipped: China's crackdown on underground churches intensifies with new arrests from BBC
2026-01-09 04:45:31,302 - INFO - Duplicate article skipped: ‘Shadow fleet’ ships moving sanctioned oil reflagged to Russia at rising rate | Shipping industry | The Guardian from The Guardian
2026-01-09 04:45:31,826 - INFO - [BBC] Article: https://www.bbc.com/sport/tennis/articles/cx2gr00ndmyo?at_medium=RSS&at_campaign=rss
2026-01-09 04:45:31,826 - INFO - [BBC] Attempt 1/1: Trying with 'requests_browser' strategy...
2026-01-09 04:45:31,925 - INFO - [BBC] Success with 'requests_browser'. Found content (427 words).
2026-01-09 04:45:31,994 - INFO - Duplicate article skipped: Hajar Abdelkader: Wildcard serves 20 doubles faults and loses match in 37 minutes - BBC Sport from BBC
2026-01-09 04:45:32,514 - INFO - [The Guardian] Article: https://www.theguardian.com/us-news/2026/jan/08/venezuela-protester-arrested
2026-01-09 04:45:32,514 - INFO - [The Guardian] Attempt 1/1: Trying with 'requests_browser' strategy...
2026-01-09 04:45:32,532 - INFO - [The Hindu] Page content loaded.
2026-01-09 04:45:32,591 - INFO - [The Guardian] Success with 'requests_browser'. Found content (636 words).
2026-01-09 04:45:32,678 - INFO - Duplicate article skipped: US protester arrested after TV interview says she was targeted due to Venezuela trip | Protest (US) | The Guardian from The Guardian
2026-01-09 04:45:32,711 - INFO - [The Hindu] Success with 'selenium_browser'. Found content (649 words).
2026-01-09 04:45:32,797 - INFO - Saved article: Malayalam Language Bill, 2025: What it proposes and why it has triggered opposition outside Kerala | Explained - The Hindu from The Hindu
2026-01-09 04:45:33,251 - INFO - [BBC] Article: https://www.bbc.com/news/articles/c78e99pzr25o?at_medium=RSS&at_campaign=rss
2026-01-09 04:45:33,251 - INFO - [BBC] Attempt 1/1: Trying with 'requests_browser' strategy...
2026-01-09 04:45:33,331 - INFO - [BBC] Success with 'requests_browser'. Found content (768 words).
2026-01-09 04:45:33,364 - INFO - [The Hindu] Article: https://www.thehindu.com/entertainment/movies/studio-green-rushes-to-madras-high-court-to-get-karthi-starrer-vaa-vaathiyar-released/article70489335.ece
2026-01-09 04:45:33,364 - INFO - [The Hindu] Attempt 1/1: Trying with 'selenium_browser' strategy...
2026-01-09 04:45:33,552 - INFO - Duplicate article skipped: Spain: Catholic Church signs deal on sexual abuse compensation from BBC
2026-01-09 04:45:37,539 - INFO - [Times of India] Page content loaded.
2026-01-09 04:45:37,763 - INFO - [The Hindu] Page content loaded.
2026-01-09 04:45:37,953 - INFO - [Times of India] Success with 'selenium_browser'. Found content (981 words).
2026-01-09 04:45:38,106 - INFO - [The Hindu] Success with 'selenium_browser'. Found content (379 words).
2026-01-09 04:45:38,188 - INFO - Saved article: Will Jesus return by 2026? Prediction markets are taking real money bets on the Second Coming! | - The Times of India from Times of India
2026-01-09 04:45:38,190 - INFO - Saved article: Studio Green rushes to Madras High Court to get Karthi-starrer Vaa Vaathiyar released - The Hindu from The Hindu
2026-01-09 04:45:39,425 - INFO - [The Hindu] Article: https://www.thehindu.com/news/national/telangana/now-vehicle-owners-neednt-take-vehicles-to-rta-offices-for-registration/article70487118.ece
2026-01-09 04:45:39,425 - INFO - [The Hindu] Attempt 1/1: Trying with 'selenium_browser' strategy...
2026-01-09 04:45:39,644 - INFO - [Times of India] Article: https://timesofindia.indiatimes.com/business/international-business/trump-tariff-trial-what-happens-if-us-duties-are-struck-down-traders-worried-for-150-billion-refunds-possibility/articleshow/126426102.cms
2026-01-09 04:45:39,644 - INFO - [Times of India] Attempt 1/1: Trying with 'selenium_browser' strategy...
2026-01-09 04:45:43,073 - INFO - [The Hindu] Page content loaded.
2026-01-09 04:45:43,336 - INFO - [The Hindu] Success with 'selenium_browser'. Found content (206 words).
2026-01-09 04:45:43,447 - INFO - Saved article: Now, vehicle owners needn’t take vehicles to RTA offices for registration - The Hindu from The Hindu
2026-01-09 04:45:44,272 - INFO - [The Hindu] Article: https://www.thehindu.com/sci-tech/technology/indian-top-it-firms-set-for-another-tepid-quarter-on-weak-us-demand-client-spending/article70489302.ece
2026-01-09 04:45:44,272 - INFO - [The Hindu] Attempt 1/1: Trying with 'selenium_browser' strategy...
2026-01-09 04:45:44,871 - INFO - [The Hindu] Page content loaded.
2026-01-09 04:45:45,015 - INFO - [The Hindu] Success with 'selenium_browser'. Found content (484 words).
2026-01-09 04:45:45,102 - INFO - Saved article: Indian top IT firms set for another tepid quarter on weak US demand, client spending - The Hindu from The Hindu
2026-01-09 04:45:46,376 - INFO - [The Hindu] Article: https://www.thehindu.com/news/national/telangana/high-court-verdict-in-plea-over-telangana-dgp-appointment-today/article70487694.ece
2026-01-09 04:45:46,376 - INFO - [The Hindu] Attempt 1/1: Trying with 'selenium_browser' strategy...
2026-01-09 04:45:47,403 - INFO - [The Hindu] Page content loaded.
2026-01-09 04:45:47,507 - INFO - [The Hindu] Success with 'selenium_browser'. Found content (384 words).
2026-01-09 04:45:47,576 - INFO - Saved article: High Court verdict in plea over Telangana DGP appointment today - The Hindu from The Hindu
2026-01-09 04:45:48,803 - INFO - [The Hindu] Article: https://www.thehindu.com/news/national/andhra-pradesh/supreme-court-sets-aside-ap-hc-order-quashing-firs-filed-by-acb/article70487704.ece
2026-01-09 04:45:48,803 - INFO - [The Hindu] Attempt 1/1: Trying with 'selenium_browser' strategy...
2026-01-09 04:45:50,165 - INFO - [The Hindu] Page content loaded.
2026-01-09 04:45:50,233 - INFO - [The Hindu] Success with 'selenium_browser'. Found content (303 words).
2026-01-09 04:45:50,320 - INFO - Saved article: Supreme Court sets aside A.P. HC order quashing FIRs filed by ACB - The Hindu from The Hindu
2026-01-09 04:45:50,826 - INFO - [The Hindu] Article: https://www.thehindu.com/news/national/karnataka/chief-minister-siddaramaiah-urges-kerala-chief-minister-pinarayi-vijayan-to-withdraw-malayalam-bhasha-bill-2025/article70487831.ece
2026-01-09 04:45:50,826 - INFO - [The Hindu] Attempt 1/1: Trying with 'selenium_browser' strategy...
2026-01-09 04:45:52,065 - INFO - [The Hindu] Page content loaded.
2026-01-09 04:45:52,130 - INFO - [The Hindu] Success with 'selenium_browser'. Found content (428 words).
2026-01-09 04:45:52,222 - INFO - Saved article: Chief Minister Siddaramaiah urges Kerala Chief Minister Pinarayi Vijayan to withdraw Malayalam Bhasha Bill 2025 - The Hindu from The Hindu
2026-01-09 04:45:52,976 - INFO - [The Hindu] Article: https://www.thehindu.com/news/national/ed-facilitates-restitution-of-assets-in-illegal-remittance-case/article70487864.ece
2026-01-09 04:45:52,976 - INFO - [The Hindu] Attempt 1/1: Trying with 'selenium_browser' strategy...
2026-01-09 04:45:53,767 - INFO - [The Hindu] Page content loaded.
2026-01-09 04:45:53,857 - INFO - [The Hindu] Success with 'selenium_browser'. Found content (167 words).
2026-01-09 04:45:53,949 - INFO - Saved article: ED facilitates restitution of assets in illegal remittance case - The Hindu from The Hindu
2026-01-09 04:45:54,785 - INFO - [The Hindu] Article: https://www.thehindu.com/news/international/pakistan-to-take-up-with-india-any-development-activity-in-violation-of-iwt-foreign-office/article70489286.ece
2026-01-09 04:45:54,785 - INFO - [The Hindu] Attempt 1/1: Trying with 'selenium_browser' strategy...
2026-01-09 04:45:55,617 - INFO - [The Hindu] Page content loaded.
2026-01-09 04:45:55,690 - INFO - [The Hindu] Success with 'selenium_browser'. Found content (430 words).
2026-01-09 04:45:55,822 - INFO - Saved article: Pakistan to take up with India any development activity in violation of IWT: Foreign Office - The Hindu from The Hindu
2026-01-09 04:45:57,053 - INFO - [The Hindu] Article: https://www.thehindu.com/news/national/telangana/telangana-land-owner-on-ground-not-in-official-records/article70488210.ece
2026-01-09 04:45:57,053 - INFO - [The Hindu] Attempt 1/1: Trying with 'selenium_browser' strategy...
2026-01-09 04:45:57,866 - INFO - [The Hindu] Page content loaded.
2026-01-09 04:45:57,940 - INFO - [The Hindu] Success with 'selenium_browser'. Found content (1745 words).
2026-01-09 04:45:58,035 - INFO - Duplicate article skipped: Telangana land owner on ground, not in official records - The Hindu from The Hindu
2026-01-09 04:45:59,467 - INFO - [The Hindu] (Thread) Finished. Attempting to shut down its Selenium driver.
2026-01-09 04:45:59,579 - INFO - [The Hindu] (Thread) driver.quit() successful.
2026-01-09 04:47:39,745 - ERROR - [Times of India] Request failed for strategy 'selenium_browser' on URL https://timesofindia.indiatimes.com/business/international-business/trump-tariff-trial-what-happens-if-us-duties-are-struck-down-traders-worried-for-150-billion-refunds-possibility/articleshow/126426102.cms: HTTPConnectionPool(host='localhost', port=35863): Read timed out. (read timeout=120)
2026-01-09 04:47:39,745 - ERROR - [Times of India] All scrape strategies failed for https://timesofindia.indiatimes.com/business/international-business/trump-tariff-trial-what-happens-if-us-duties-are-struck-down-traders-worried-for-150-billion-refunds-possibility/articleshow/126426102.cms. Falling back to RSS description.
2026-01-09 04:47:39,748 - INFO - Saved article: What happens if Trump's tariffs are struck down? Traders 'worried' for $150 bn refunds from Times of India
2026-01-09 04:47:40,623 - INFO - [Times of India] Article: https://timesofindia.indiatimes.com/world/rest-of-world/garbage-avalanche-one-killed-several-injured-in-philippines-landfill-collapse-at-least-38-trapped/articleshow/126425885.cms
2026-01-09 04:47:40,624 - INFO - [Times of India] Attempt 1/1: Trying with 'selenium_browser' strategy...
2026-01-09 04:49:40,725 - ERROR - [Times of India] Request failed for strategy 'selenium_browser' on URL https://timesofindia.indiatimes.com/world/rest-of-world/garbage-avalanche-one-killed-several-injured-in-philippines-landfill-collapse-at-least-38-trapped/articleshow/126425885.cms: HTTPConnectionPool(host='localhost', port=35863): Read timed out. (read timeout=120)
2026-01-09 04:49:40,725 - ERROR - [Times of India] All scrape strategies failed for https://timesofindia.indiatimes.com/world/rest-of-world/garbage-avalanche-one-killed-several-injured-in-philippines-landfill-collapse-at-least-38-trapped/articleshow/126425885.cms. Falling back to RSS description.
2026-01-09 04:49:40,727 - INFO - Saved article: One killed, several injured in Philippines landfill collapse; at least 38 trapped from Times of India
2026-01-09 04:49:42,020 - INFO - [Times of India] Article: https://timesofindia.indiatimes.com/world/us/mounting-bloodshed-us-border-patrol-agents-shoot-2-in-portland-dhs-cites-alleged-venezuelan-gang-affiliation/articleshow/126426486.cms
2026-01-09 04:49:42,020 - INFO - [Times of India] Attempt 1/1: Trying with 'selenium_browser' strategy...
2026-01-09 04:50:22,614 - CRITICAL - --- TIMEOUT: 1 scrape jobs did not complete in 300s. ---
2026-01-09 04:50:22,614 - ERROR - A thread has timed out and will be abandoned.
2026-01-09 04:50:22,614 - INFO - Shutting down thread pool (wait=False)...
2026-01-09 04:50:22,614 - INFO - Scraped: 3 BBC, 9 The Hindu, 0 The Guardian, 1 Timed_Out_Jobs articles. (Total saved: 12)
2026-01-09 04:50:22,614 - INFO - --- Scraping job finished ---
2026-01-09 04:50:22,614 - INFO - --- Scraper service stopped and database connection closed. ---
2026-01-09 04:50:22,614 - INFO - --- Main thread finished. Forcing process exit to kill zombie threads. ---
