2026-03-04 05:12:44,709 - INFO - Initializing database connection at: news_articles.db
2026-03-04 05:12:44,709 - INFO - --- Scraper service started (CI Mode: Run Once) ---
2026-03-04 05:12:44,709 - INFO - --- Starting new scraping job (Parallel Mode) ---
2026-03-04 05:12:44,709 - INFO - Creating new robust session with 3 retries on 5xx/connection/read errors.
2026-03-04 05:12:44,710 - INFO - Proxy is DISABLED.
2026-03-04 05:12:44,710 - INFO - Starting scrape for BBC RSS feed: http://feeds.bbci.co.uk/news/world/rss.xml
2026-03-04 05:12:44,710 - INFO - [Times of India] (Thread) requires Selenium. Initializing driver...
2026-03-04 05:12:44,710 - INFO - Starting scrape for The Guardian RSS feed: https://www.theguardian.com/world/rss
2026-03-04 05:12:44,711 - INFO - Initializing headless Selenium Chrome driver (using SeleniumManager)...
2026-03-04 05:12:44,711 - INFO - [The Hindu] (Thread) requires Selenium. Initializing driver...
2026-03-04 05:12:44,711 - INFO - Submitted 4 jobs to thread pool. Waiting up to 300s for completion...
2026-03-04 05:12:44,711 - INFO - Initializing headless Selenium Chrome driver (using SeleniumManager)...
2026-03-04 05:12:44,842 - INFO - Found 45 articles in The Guardian RSS feed. Processing up to 10.
2026-03-04 05:12:44,843 - INFO - [The Guardian] Article: https://www.theguardian.com/world/2026/mar/03/south-sudan-risks-return-civil-war-violence-escalates
2026-03-04 05:12:44,843 - INFO - [The Guardian] Attempt 1/1: Trying with 'requests_browser' strategy...
2026-03-04 05:12:44,872 - INFO - [The Guardian] Success with 'requests_browser'. Found content (754 words).
2026-03-04 05:12:44,911 - INFO - Duplicate article skipped: South Sudan risks return to full-blown civil war as violence escalates | South Sudan | The Guardian from The Guardian
2026-03-04 05:12:44,989 - INFO - Found 44 articles in BBC RSS feed. Processing up to 10.
2026-03-04 05:12:44,989 - INFO - [BBC] Article: https://www.bbc.com/news/articles/cr5lz0vgy52o?at_medium=RSS&at_campaign=rss
2026-03-04 05:12:44,989 - INFO - [BBC] Attempt 1/1: Trying with 'requests_browser' strategy...
2026-03-04 05:12:45,190 - INFO - [BBC] Success with 'requests_browser'. Found content (834 words).
2026-03-04 05:12:45,236 - INFO - Duplicate article skipped: Gas and oil prices soar and shares tumble on fears conflict could escalate from BBC
2026-03-04 05:12:45,879 - INFO - [The Guardian] Article: https://www.theguardian.com/world/2026/mar/03/global-south-condemns-us-israeli-war-with-iran
2026-03-04 05:12:45,879 - INFO - [The Guardian] Attempt 1/1: Trying with 'requests_browser' strategy...
2026-03-04 05:12:45,908 - INFO - [The Guardian] Success with 'requests_browser'. Found content (892 words).
2026-03-04 05:12:45,954 - INFO - Duplicate article skipped: ‘Imperialist undertones’: global south condemns US-Israeli war with Iran | US-Israel war on Iran | The Guardian from The Guardian
2026-03-04 05:12:46,443 - INFO - [BBC] Article: https://www.bbc.com/news/articles/c8r1mzd8vygo?at_medium=RSS&at_campaign=rss
2026-03-04 05:12:46,443 - INFO - [BBC] Attempt 1/1: Trying with 'requests_browser' strategy...
2026-03-04 05:12:46,473 - INFO - [BBC] Success with 'requests_browser'. Found content (533 words).
2026-03-04 05:12:46,501 - INFO - [The Guardian] Article: https://www.theguardian.com/world/2026/feb/27/ghana-men-killed-fight-russia-ukraine
2026-03-04 05:12:46,502 - INFO - [The Guardian] Attempt 1/1: Trying with 'requests_browser' strategy...
2026-03-04 05:12:46,512 - INFO - Duplicate article skipped: Trump threatens to halt trade with Spain over air base access from BBC
2026-03-04 05:12:46,535 - INFO - [The Guardian] Success with 'requests_browser'. Found content (401 words).
2026-03-04 05:12:46,577 - INFO - Duplicate article skipped: Ghana says at least 55 of its people killed after Russia ‘lured’ them to fight Ukraine | Ukraine | The Guardian from The Guardian
2026-03-04 05:12:47,031 - INFO - [BBC] Article: https://www.bbc.com/news/articles/c4g74npdwnyo?at_medium=RSS&at_campaign=rss
2026-03-04 05:12:47,031 - INFO - [BBC] Attempt 1/1: Trying with 'requests_browser' strategy...
2026-03-04 05:12:47,064 - INFO - [BBC] Success with 'requests_browser'. Found content (671 words).
2026-03-04 05:12:47,102 - INFO - Duplicate article skipped: European allies rush to bolster Cyprus defences after drones target British base from BBC
2026-03-04 05:12:47,134 - INFO - [The Guardian] Article: https://www.theguardian.com/global-development/2026/feb/27/rising-anger-over-lop-sided-immoral-us-health-funding-pacts-africa-countries
2026-03-04 05:12:47,134 - INFO - [The Guardian] Attempt 1/1: Trying with 'requests_browser' strategy...
2026-03-04 05:12:47,157 - INFO - [The Guardian] Success with 'requests_browser'. Found content (1145 words).
2026-03-04 05:12:47,192 - INFO - Duplicate article skipped: Rising anger over ‘lop-sided’ and ‘immoral’ US health funding pacts with African countries | Global development | The Guardian from The Guardian
2026-03-04 05:12:48,243 - INFO - [The Guardian] Article: https://www.theguardian.com/global-development/2026/feb/26/women-arrested-uganda-kissing-public-lgbtq-laws
2026-03-04 05:12:48,243 - INFO - [The Guardian] Attempt 1/1: Trying with 'requests_browser' strategy...
2026-03-04 05:12:48,303 - INFO - [BBC] Article: https://www.bbc.com/news/articles/c4gq3ykg7pvo?at_medium=RSS&at_campaign=rss
2026-03-04 05:12:48,303 - INFO - [BBC] Attempt 1/1: Trying with 'requests_browser' strategy...
2026-03-04 05:12:48,335 - INFO - [BBC] Success with 'requests_browser'. Found content (1013 words).
2026-03-04 05:12:48,376 - INFO - Duplicate article skipped: Battered and isolated, Hezbollah drags Lebanon into another war from BBC
2026-03-04 05:12:48,390 - INFO - [The Guardian] Success with 'requests_browser'. Found content (645 words).
2026-03-04 05:12:48,426 - INFO - Duplicate article skipped: Two women arrested in Uganda for allegedly kissing in public could face life sentence | Global development | The Guardian from The Guardian
2026-03-04 05:12:48,966 - INFO - [BBC] Article: https://www.bbc.com/news/articles/c4gq33ynl07o?at_medium=RSS&at_campaign=rss
2026-03-04 05:12:48,966 - INFO - [BBC] Attempt 1/1: Trying with 'requests_browser' strategy...
2026-03-04 05:12:48,998 - INFO - [BBC] Success with 'requests_browser'. Found content (386 words).
2026-03-04 05:12:49,058 - INFO - Duplicate article skipped: First US soldiers to die in Iran conflict are identified from BBC
2026-03-04 05:12:49,247 - INFO - [The Guardian] Article: https://www.theguardian.com/us-news/2026/mar/04/us-military-action-operation-ecuador
2026-03-04 05:12:49,247 - INFO - [The Guardian] Attempt 1/1: Trying with 'requests_browser' strategy...
2026-03-04 05:12:49,269 - INFO - [The Guardian] Success with 'requests_browser'. Found content (154 words).
2026-03-04 05:12:49,322 - INFO - Saved article: US military launches operation in Ecuador to combat drug trafficking | US news | The Guardian from The Guardian
2026-03-04 05:12:49,874 - INFO - [The Guardian] Article: https://www.theguardian.com/world/2026/feb/28/miami-exiled-cubans-speedboat-shootout
2026-03-04 05:12:49,874 - INFO - [The Guardian] Attempt 1/1: Trying with 'requests_browser' strategy...
2026-03-04 05:12:49,904 - INFO - [The Guardian] Success with 'requests_browser'. Found content (1105 words).
2026-03-04 05:12:49,952 - INFO - Duplicate article skipped: ‘Adventurism has had its day’: speedboat shootout leaves Miami’s exiled Cubans bewildered | Cuba | The Guardian from The Guardian
2026-03-04 05:12:50,305 - INFO - [BBC] Article: https://www.bbc.com/news/articles/cn8z5zvlz5yo?at_medium=RSS&at_campaign=rss
2026-03-04 05:12:50,305 - INFO - [BBC] Attempt 1/1: Trying with 'requests_browser' strategy...
2026-03-04 05:12:50,352 - INFO - [BBC] Success with 'requests_browser'. Found content (1837 words).
2026-03-04 05:12:50,399 - INFO - Duplicate article skipped: Why Europe's leaders have struggled to speak as one on Iran from BBC
2026-03-04 05:12:51,130 - INFO - [BBC] Article: https://www.bbc.com/news/articles/c2lrgwl8n7go?at_medium=RSS&at_campaign=rss
2026-03-04 05:12:51,130 - INFO - [BBC] Attempt 1/1: Trying with 'requests_browser' strategy...
2026-03-04 05:12:51,164 - INFO - [BBC] Success with 'requests_browser'. Found content (628 words).
2026-03-04 05:12:51,204 - INFO - Duplicate article skipped: US nationals urged to leave Middle East as conflict spreads from BBC
2026-03-04 05:12:51,375 - INFO - [The Guardian] Article: https://www.theguardian.com/world/2026/feb/28/at-least-15-killed-as-cash-laden-military-cargo-plane-crashes-in-bolivia
2026-03-04 05:12:51,375 - INFO - [The Guardian] Attempt 1/1: Trying with 'requests_browser' strategy...
2026-03-04 05:12:51,397 - INFO - [The Guardian] Success with 'requests_browser'. Found content (428 words).
2026-03-04 05:12:51,429 - INFO - Duplicate article skipped: At least 20 killed as cash-laden military cargo plane crashes in Bolivia | Bolivia | The Guardian from The Guardian
2026-03-04 05:12:51,795 - INFO - [BBC] Article: https://www.bbc.com/news/articles/clyv10dre79o?at_medium=RSS&at_campaign=rss
2026-03-04 05:12:51,795 - INFO - [BBC] Attempt 1/1: Trying with 'requests_browser' strategy...
2026-03-04 05:12:51,830 - INFO - [BBC] Success with 'requests_browser'. Found content (994 words).
2026-03-04 05:12:51,868 - INFO - Duplicate article skipped: Zelensky fears Trump's Iran war could hurt Ukraine from BBC
2026-03-04 05:12:51,970 - INFO - [The Guardian] Article: https://www.theguardian.com/us-news/2026/feb/27/trump-cuba-regime-change
2026-03-04 05:12:51,970 - INFO - [The Guardian] Attempt 1/1: Trying with 'requests_browser' strategy...
2026-03-04 05:12:51,994 - INFO - [The Guardian] Success with 'requests_browser'. Found content (708 words).
2026-03-04 05:12:52,030 - INFO - Duplicate article skipped: Trump suggests US could carry out ‘friendly takeover’ of Cuba | Donald Trump | The Guardian from The Guardian
2026-03-04 05:12:53,259 - INFO - [BBC] Article: https://www.bbc.com/news/articles/c0e5r28y3xqo?at_medium=RSS&at_campaign=rss
2026-03-04 05:12:53,259 - INFO - [BBC] Attempt 1/1: Trying with 'requests_browser' strategy...
2026-03-04 05:12:53,285 - INFO - [The Guardian] Article: https://www.theguardian.com/us-news/2026/feb/27/cbp-border-drone-military-democrats
2026-03-04 05:12:53,286 - INFO - [The Guardian] Attempt 1/1: Trying with 'requests_browser' strategy...
2026-03-04 05:12:53,291 - INFO - [BBC] Success with 'requests_browser'. Found content (506 words).
2026-03-04 05:12:53,332 - INFO - Duplicate article skipped: New charges for son of Norway's crown princess on trial for rape from BBC
2026-03-04 05:12:53,350 - INFO - [The Guardian] Success with 'requests_browser'. Found content (503 words).
2026-03-04 05:12:53,385 - INFO - Duplicate article skipped: Democrats outraged at US military’s downing of CBP drone near Mexico border | US military | The Guardian from The Guardian
2026-03-04 05:12:54,730 - INFO - [BBC] Article: https://www.bbc.com/news/articles/cpv87wwmd0lo?at_medium=RSS&at_campaign=rss
2026-03-04 05:12:54,730 - INFO - [BBC] Attempt 1/1: Trying with 'requests_browser' strategy...
2026-03-04 05:12:54,765 - INFO - [BBC] Success with 'requests_browser'. Found content (758 words).
2026-03-04 05:12:54,804 - INFO - Duplicate article skipped: Guilty verdict for US father of teenage school shooter from BBC
2026-03-04 05:12:58,920 - INFO - Selenium driver initialized successfully.
2026-03-04 05:12:58,920 - INFO - Starting scrape for The Hindu RSS feed: https://www.thehindu.com/news/national/feeder/default.rss
2026-03-04 05:12:58,921 - INFO - Selenium driver initialized successfully.
2026-03-04 05:12:58,921 - INFO - Starting scrape for Times of India RSS feed: https://timesofindia.indiatimes.com/rssfeeds/296589292.cms
2026-03-04 05:12:58,999 - INFO - Found 20 articles in Times of India RSS feed. Processing up to 10.
2026-03-04 05:12:58,999 - INFO - [Times of India] Article: https://timesofindia.indiatimes.com/world/middle-east/us-israel-iran-war-news-live-udates-conflict-attack-middle-east-state-dubai-qatar-airways-of-emergency-explosions-tehran-gulf-countries-netanyahu-trump-us-ali-khamenei/liveblog/128959227.cms
2026-03-04 05:12:58,999 - INFO - [Times of India] Attempt 1/1: Trying with 'selenium_browser' strategy...
2026-03-04 05:12:59,093 - INFO - Found 100 articles in The Hindu RSS feed. Processing up to 10.
2026-03-04 05:12:59,093 - INFO - [The Hindu] Article: https://www.thehindu.com/news/national/tamil-nadu/stalin-pays-tribute-to-ayya-vaikundar-on-birth-anniversary/article70701960.ece
2026-03-04 05:12:59,093 - INFO - [The Hindu] Attempt 1/1: Trying with 'selenium_browser' strategy...
2026-03-04 05:13:59,015 - ERROR - [Times of India] Request failed for strategy 'selenium_browser' on URL https://timesofindia.indiatimes.com/world/middle-east/us-israel-iran-war-news-live-udates-conflict-attack-middle-east-state-dubai-qatar-airways-of-emergency-explosions-tehran-gulf-countries-netanyahu-trump-us-ali-khamenei/liveblog/128959227.cms: Message: timeout: Timed out receiving message from renderer: 59.493
  (Session info: chrome=145.0.7632.116)
Stacktrace:
#0 0x55b6ba419b6a <unknown>
#1 0x55b6b9e2ca32 <unknown>
#2 0x55b6b9e14007 <unknown>
#3 0x55b6b9e13c16 <unknown>
#4 0x55b6b9e11731 <unknown>
#5 0x55b6b9e120bf <unknown>
#6 0x55b6b9e21560 <unknown>
#7 0x55b6b9e3b707 <unknown>
#8 0x55b6b9e428db <unknown>
#9 0x55b6b9e12829 <unknown>
#10 0x55b6b9e3b49c <unknown>
#11 0x55b6b9eca6e1 <unknown>
#12 0x55b6b9e73c0f <unknown>
#13 0x55b6b9e749d1 <unknown>
#14 0x55b6ba3de6b9 <unknown>
#15 0x55b6ba3e15c1 <unknown>
#16 0x55b6ba3cae29 <unknown>
#17 0x55b6ba3e217e <unknown>
#18 0x55b6ba3b14b0 <unknown>
#19 0x55b6ba406578 <unknown>
#20 0x55b6ba40674b <unknown>
#21 0x55b6ba4181a3 <unknown>
#22 0x7f8362c9caa4 <unknown>
#23 0x7f8362d29c6c <unknown>

2026-03-04 05:13:59,015 - ERROR - [Times of India] All scrape strategies failed for https://timesofindia.indiatimes.com/world/middle-east/us-israel-iran-war-news-live-udates-conflict-attack-middle-east-state-dubai-qatar-airways-of-emergency-explosions-tehran-gulf-countries-netanyahu-trump-us-ali-khamenei/liveblog/128959227.cms. Falling back to RSS description.
2026-03-04 05:13:59,016 - INFO - Duplicate article skipped: Ayatollah's son Mojtaba Khamenei elected as Iran's next Supreme Leader: Report from Times of India
2026-03-04 05:13:59,114 - ERROR - [The Hindu] Request failed for strategy 'selenium_browser' on URL https://www.thehindu.com/news/national/tamil-nadu/stalin-pays-tribute-to-ayya-vaikundar-on-birth-anniversary/article70701960.ece: Message: timeout: Timed out receiving message from renderer: 59.809
  (Session info: chrome=145.0.7632.116)
Stacktrace:
#0 0x55dc91c30b6a <unknown>
#1 0x55dc91643a32 <unknown>
#2 0x55dc9162b007 <unknown>
#3 0x55dc9162ac16 <unknown>
#4 0x55dc91628731 <unknown>
#5 0x55dc916290bf <unknown>
#6 0x55dc91638560 <unknown>
#7 0x55dc91652707 <unknown>
#8 0x55dc916598db <unknown>
#9 0x55dc91629829 <unknown>
#10 0x55dc9165249c <unknown>
#11 0x55dc916e16e1 <unknown>
#12 0x55dc9168ac0f <unknown>
#13 0x55dc9168b9d1 <unknown>
#14 0x55dc91bf56b9 <unknown>
#15 0x55dc91bf85c1 <unknown>
#16 0x55dc91be1e29 <unknown>
#17 0x55dc91bf917e <unknown>
#18 0x55dc91bc84b0 <unknown>
#19 0x55dc91c1d578 <unknown>
#20 0x55dc91c1d74b <unknown>
#21 0x55dc91c2f1a3 <unknown>
#22 0x7fe3e049caa4 <unknown>
#23 0x7fe3e0529c6c <unknown>

2026-03-04 05:13:59,114 - ERROR - [The Hindu] All scrape strategies failed for https://www.thehindu.com/news/national/tamil-nadu/stalin-pays-tribute-to-ayya-vaikundar-on-birth-anniversary/article70701960.ece. Falling back to RSS description.
2026-03-04 05:13:59,117 - INFO - Saved article: Stalin pays tribute to Ayya Vaikundar on birth anniversary from The Hindu
2026-03-04 05:14:00,264 - INFO - [Times of India] Article: https://timesofindia.indiatimes.com/world/us-streamers/adin-ross-sister-madeline-ross-dies-at-36-in-broward-county-florida-cause-of-death-pending/articleshow/128997137.cms
2026-03-04 05:14:00,265 - INFO - [Times of India] Attempt 1/1: Trying with 'selenium_browser' strategy...
2026-03-04 05:14:00,552 - INFO - [The Hindu] Article: https://www.thehindu.com/news/national/karnataka/minister-tells-officials-to-fill-hanchinal-lake-in-vijayapura-with-treated-water/article70700512.ece
2026-03-04 05:14:00,552 - INFO - [The Hindu] Attempt 1/1: Trying with 'selenium_browser' strategy...
2026-03-04 05:14:02,756 - INFO - [Times of India] Page content loaded.
2026-03-04 05:14:03,066 - INFO - [Times of India] Success with 'selenium_browser'. Found content (364 words).
2026-03-04 05:14:03,160 - INFO - [The Hindu] Page content loaded.
2026-03-04 05:14:03,212 - INFO - Saved article: Adin Ross sister Madeline Ross dies at 36 in Broward County Florida, cause of death pending - The Times of India from Times of India
2026-03-04 05:14:03,513 - INFO - [The Hindu] Success with 'selenium_browser'. Found content (159 words).
2026-03-04 05:14:03,611 - INFO - Saved article: Minister tells officials to fill Hanchinal lake in Vijayapura with treated water - The Hindu from The Hindu
2026-03-04 05:14:03,899 - INFO - [Times of India] Article: https://timesofindia.indiatimes.com/world/us-streamers/connecting-dots-journalist-defends-candace-owens-amid-bride-of-charlie-controversy-claims-charlie-kirk-mystery-will-be-solved/articleshow/128996892.cms
2026-03-04 05:14:03,899 - INFO - [Times of India] Attempt 1/1: Trying with 'selenium_browser' strategy...
2026-03-04 05:14:04,871 - INFO - [The Hindu] Article: https://www.thehindu.com/news/national/tamil-nadu/dmkseatsharingtalkswithkamalhaasans-mnm/article70702074.ece
2026-03-04 05:14:04,871 - INFO - [The Hindu] Attempt 1/1: Trying with 'selenium_browser' strategy...
2026-03-04 05:14:05,310 - INFO - [Times of India] Page content loaded.
2026-03-04 05:14:05,526 - INFO - [Times of India] Success with 'selenium_browser'. Found content (492 words).
2026-03-04 05:14:05,618 - INFO - Saved article: “Connecting dots” Journalist defends Candace Owens amid Bride of Charlie controversy, claims Charlie Kirk mystery will be solved - The Times of India from Times of India
2026-03-04 05:14:06,589 - INFO - [Times of India] Article: https://timesofindia.indiatimes.com/world/middle-east/middle-east-crisis-irans-20k-drones-take-on-defences-of-us-worth-4-million/articleshow/129000886.cms
2026-03-04 05:14:06,589 - INFO - [Times of India] Attempt 1/1: Trying with 'selenium_browser' strategy...
2026-03-04 05:14:07,765 - INFO - [The Hindu] Page content loaded.
2026-03-04 05:14:07,848 - WARNING - [The Hindu] FAILED with 'selenium_browser' (content was too short: 67 words).
2026-03-04 05:14:07,848 - ERROR - [The Hindu] All scrape strategies failed for https://www.thehindu.com/news/national/tamil-nadu/dmkseatsharingtalkswithkamalhaasans-mnm/article70702074.ece. Falling back to RSS description.
2026-03-04 05:14:07,851 - INFO - Saved article: DMK to hold seat sharing talks with Kamal Haasan‘s MNM on March 4 from The Hindu
2026-03-04 05:14:08,700 - INFO - [The Hindu] Article: https://www.thehindu.com/news/national/karnataka/rbi-imposes-fine-on-bdcc-bank-over-non-compliance-of-loan-disbursal-norms/article70700010.ece
2026-03-04 05:14:08,700 - INFO - [The Hindu] Attempt 1/1: Trying with 'selenium_browser' strategy...
2026-03-04 05:14:28,030 - WARNING - [Times of India] Page timed out (10s). No <p> tags found. Proceeding anyway.
2026-03-04 05:14:28,203 - INFO - [Times of India] Success with 'selenium_browser'. Found content (142 words).
2026-03-04 05:14:28,294 - INFO - Duplicate article skipped: Iran Drones: Middle East tensions: Iran's $20k drones take on defences of US worth $4 million - The Times of India from Times of India
2026-03-04 05:14:29,107 - INFO - [Times of India] Article: https://timesofindia.indiatimes.com/world/middle-east/top-iran-official-vows-attacks-on-tankers-using-strait-of-hormuz/articleshow/129000654.cms
2026-03-04 05:14:29,107 - INFO - [Times of India] Attempt 1/1: Trying with 'selenium_browser' strategy...
2026-03-04 05:14:33,184 - INFO - [Times of India] Page content loaded.
2026-03-04 05:14:33,436 - INFO - [Times of India] Success with 'selenium_browser'. Found content (216 words).
2026-03-04 05:14:33,517 - INFO - Duplicate article skipped: Strait Of Hormuz: Top Iran official vows attacks on tankers using Strait of Hormuz - The Times of India from Times of India
2026-03-04 05:14:34,259 - INFO - [Times of India] Article: https://timesofindia.indiatimes.com/world/middle-east/irans-strategy-expand-war-increase-cost-outlast-donald-trump/articleshow/129000469.cms
2026-03-04 05:14:34,259 - INFO - [Times of India] Attempt 1/1: Trying with 'selenium_browser' strategy...
2026-03-04 05:14:45,707 - WARNING - [Times of India] Page timed out (10s). No <p> tags found. Proceeding anyway.
2026-03-04 05:14:45,851 - INFO - [Times of India] Success with 'selenium_browser'. Found content (652 words).
2026-03-04 05:14:45,950 - INFO - Duplicate article skipped: Iran Strategy: Iran's strategy: Expand war, increase cost, outlast Donald Trump - The Times of India from Times of India
2026-03-04 05:14:46,741 - INFO - [Times of India] Article: https://timesofindia.indiatimes.com/world/us/was-the-us-attack-on-iran-predicted-just-days-before-ex-cia-officer-john-kiriakous-shocking-warning/articleshow/128992084.cms
2026-03-04 05:14:46,741 - INFO - [Times of India] Attempt 1/1: Trying with 'selenium_browser' strategy...
2026-03-04 05:14:48,385 - INFO - [Times of India] Page content loaded.
2026-03-04 05:14:48,546 - INFO - [Times of India] Success with 'selenium_browser'. Found content (1259 words).
2026-03-04 05:14:48,616 - INFO - Duplicate article skipped: Was the US attack on Iran predicted just days before? Ex-CIA officer John Kiriakou's shocking warning | World News - The Times of India from Times of India
2026-03-04 05:14:49,526 - INFO - [Times of India] Article: https://timesofindia.indiatimes.com/world/us/im-not-happy-with-the-uk-donald-trump-criticizes-keir-starmer-over-military-access/articleshow/128990391.cms
2026-03-04 05:14:49,526 - INFO - [Times of India] Attempt 1/1: Trying with 'selenium_browser' strategy...
2026-03-04 05:14:50,735 - INFO - [Times of India] Page content loaded.
2026-03-04 05:14:50,870 - INFO - [Times of India] Success with 'selenium_browser'. Found content (657 words).
2026-03-04 05:14:50,930 - INFO - Duplicate article skipped: ‘I’m not happy with UK’: Donald Trump criticizes Keir Starmer over military access - The Times of India from Times of India
2026-03-04 05:14:52,112 - INFO - [Times of India] Article: https://timesofindia.indiatimes.com/world/us/4-days-without-a-plan-trump-admin-slammed-as-it-issues-helpline-numbers-for-americans-stranded-in-middle-east/articleshow/128990370.cms
2026-03-04 05:14:52,112 - INFO - [Times of India] Attempt 1/1: Trying with 'selenium_browser' strategy...
2026-03-04 05:14:54,227 - INFO - [Times of India] Page content loaded.
2026-03-04 05:14:54,361 - INFO - [Times of India] Success with 'selenium_browser'. Found content (325 words).
2026-03-04 05:14:54,435 - INFO - Duplicate article skipped: '4 days without a plan': Trump admin slammed as it issues helpline number for Americans stranded in Middle East - The Times of India from Times of India
2026-03-04 05:14:55,754 - INFO - [Times of India] Article: https://timesofindia.indiatimes.com/world/us/hearts-broken-beyond-words-indian-origin-savitha-shans-parents-breaks-silence-after-daughter-killed-in-austin-shooting/articleshow/128989489.cms
2026-03-04 05:14:55,754 - INFO - [Times of India] Attempt 1/1: Trying with 'selenium_browser' strategy...
2026-03-04 05:14:58,648 - INFO - [Times of India] Page content loaded.
2026-03-04 05:14:58,822 - INFO - [Times of India] Success with 'selenium_browser'. Found content (392 words).
2026-03-04 05:14:58,971 - INFO - Duplicate article skipped: 'Hearts broken beyond words': Indian-origin Savitha Shan's parents breaks silence after daughter killed in Austin shooting - The Times of India from Times of India
2026-03-04 05:14:59,764 - INFO - [Times of India] (Thread) Finished. Attempting to shut down its Selenium driver.
2026-03-04 05:15:00,323 - INFO - [Times of India] (Thread) driver.quit() successful.
2026-03-04 05:15:08,720 - ERROR - [The Hindu] Request failed for strategy 'selenium_browser' on URL https://www.thehindu.com/news/national/karnataka/rbi-imposes-fine-on-bdcc-bank-over-non-compliance-of-loan-disbursal-norms/article70700010.ece: Message: timeout: Timed out receiving message from renderer: 59.949
  (Session info: chrome=145.0.7632.116)
Stacktrace:
#0 0x55dc91c30b6a <unknown>
#1 0x55dc91643a32 <unknown>
#2 0x55dc9162b007 <unknown>
#3 0x55dc9162ac16 <unknown>
#4 0x55dc91628731 <unknown>
#5 0x55dc916290bf <unknown>
#6 0x55dc91638560 <unknown>
#7 0x55dc91652707 <unknown>
#8 0x55dc916598db <unknown>
#9 0x55dc91629829 <unknown>
#10 0x55dc9165249c <unknown>
#11 0x55dc916e16e1 <unknown>
#12 0x55dc9168ac0f <unknown>
#13 0x55dc9168b9d1 <unknown>
#14 0x55dc91bf56b9 <unknown>
#15 0x55dc91bf85c1 <unknown>
#16 0x55dc91be1e29 <unknown>
#17 0x55dc91bf917e <unknown>
#18 0x55dc91bc84b0 <unknown>
#19 0x55dc91c1d578 <unknown>
#20 0x55dc91c1d74b <unknown>
#21 0x55dc91c2f1a3 <unknown>
#22 0x7fe3e049caa4 <unknown>
#23 0x7fe3e0529c6c <unknown>

2026-03-04 05:15:08,720 - ERROR - [The Hindu] All scrape strategies failed for https://www.thehindu.com/news/national/karnataka/rbi-imposes-fine-on-bdcc-bank-over-non-compliance-of-loan-disbursal-norms/article70700010.ece. Falling back to RSS description.
2026-03-04 05:15:08,722 - INFO - Saved article: RBI imposes fine on BDCC bank over non compliance of loan disbursal norms from The Hindu
2026-03-04 05:15:10,198 - INFO - [The Hindu] Article: https://www.thehindu.com/news/national/jairam-ramesh-flays-bjp-mps-praise-of-modi-compares-parliament-to-north-koreas-assembly/article70702016.ece
2026-03-04 05:15:10,198 - INFO - [The Hindu] Attempt 1/1: Trying with 'selenium_browser' strategy...
2026-03-04 05:15:10,929 - INFO - [The Hindu] Page content loaded.
2026-03-04 05:15:11,094 - INFO - [The Hindu] Success with 'selenium_browser'. Found content (856 words).
2026-03-04 05:15:11,174 - INFO - Saved article: Jairam Ramesh flays BJP MPs' praise of PM Modi, compares Parliament to North Korea's Assembly - The Hindu from The Hindu
2026-03-04 05:15:12,180 - INFO - [The Hindu] Article: https://www.thehindu.com/news/national/karnataka/silent-surge-in-districts-door-to-door-screening-reveals-uneven-burden-of-ncds-in-karnataka/article70700148.ece
2026-03-04 05:15:12,180 - INFO - [The Hindu] Attempt 1/1: Trying with 'selenium_browser' strategy...
2026-03-04 05:15:13,036 - INFO - [The Hindu] Page content loaded.
2026-03-04 05:15:13,103 - INFO - [The Hindu] Success with 'selenium_browser'. Found content (539 words).
2026-03-04 05:15:13,203 - INFO - Saved article: Silent surge in districts: Door-to-door screening reveals uneven burden of NCDs in Karnataka - The Hindu from The Hindu
2026-03-04 05:15:14,346 - INFO - [The Hindu] Article: https://www.thehindu.com/news/national/tamil-nadu/education-strong-foundation-steady-expansion-and-some-striking-signals/article70656082.ece
2026-03-04 05:15:14,346 - INFO - [The Hindu] Attempt 1/1: Trying with 'selenium_browser' strategy...
2026-03-04 05:15:15,284 - INFO - [The Hindu] Page content loaded.
2026-03-04 05:15:15,561 - INFO - [The Hindu] Success with 'selenium_browser'. Found content (2169 words).
2026-03-04 05:15:15,646 - INFO - Saved article: Education: Strong foundation, steady expansion, and some striking signals - The Hindu from The Hindu
2026-03-04 05:15:16,707 - INFO - [The Hindu] Article: https://www.thehindu.com/news/cities/Hyderabad/massive-blaze-guts-15-furniture-sheds-in-bachupally-no-casualties-reported/article70701925.ece
2026-03-04 05:15:16,707 - INFO - [The Hindu] Attempt 1/1: Trying with 'selenium_browser' strategy...
2026-03-04 05:15:18,037 - INFO - [The Hindu] Page content loaded.
2026-03-04 05:15:18,107 - INFO - [The Hindu] Success with 'selenium_browser'. Found content (107 words).
2026-03-04 05:15:18,232 - INFO - Saved article: Telangana Hyderabad: Fire guts 15 furniture sheds in Bachupally; no casualties reported - The Hindu from The Hindu
2026-03-04 05:15:19,561 - INFO - [The Hindu] Article: https://www.thehindu.com/news/national/kerala/has-keralas-political-landscape-reached-an-inflection-point/article70478693.ece
2026-03-04 05:15:19,561 - INFO - [The Hindu] Attempt 1/1: Trying with 'selenium_browser' strategy...
2026-03-04 05:15:20,788 - INFO - [The Hindu] Page content loaded.
2026-03-04 05:15:21,045 - INFO - [The Hindu] Success with 'selenium_browser'. Found content (2514 words).
2026-03-04 05:15:21,166 - INFO - Saved article: Has Kerala’s political landscape reached an inflection point? - The Hindu from The Hindu
2026-03-04 05:15:22,498 - INFO - [The Hindu] Article: https://www.thehindu.com/news/national/tamil-nadu/party-is-bigger-than-individuals-says-congress-mp-manickam-tagore-who-advocated-power-sharing-with-dmk/article70701962.ece
2026-03-04 05:15:22,498 - INFO - [The Hindu] Attempt 1/1: Trying with 'selenium_browser' strategy...
2026-03-04 05:15:23,581 - INFO - [The Hindu] Page content loaded.
2026-03-04 05:15:23,833 - INFO - [The Hindu] Success with 'selenium_browser'. Found content (120 words).
2026-03-04 05:15:23,909 - INFO - Saved article: Tamil Nadu: Party is bigger than individuals, says Congress MP Manickam Tagore who advocated power sharing with DMK - The Hindu from The Hindu
2026-03-04 05:15:24,642 - INFO - [The Hindu] (Thread) Finished. Attempting to shut down its Selenium driver.
2026-03-04 05:15:24,815 - INFO - [The Hindu] (Thread) driver.quit() successful.
2026-03-04 05:15:24,816 - INFO - Shutting down thread pool (wait=False)...
2026-03-04 05:15:24,816 - INFO - Scraped: 2 Times of India, 10 The Hindu, 1 The Guardian, 0 BBC articles. (Total saved: 13)
2026-03-04 05:15:24,816 - INFO - --- Scraping job finished ---
2026-03-04 05:15:24,821 - INFO - --- Scraper service stopped and database connection closed. ---
2026-03-04 05:15:24,821 - INFO - --- Main thread finished. Forcing process exit to kill zombie threads. ---
