2026-01-27 13:03:24,666 - INFO - Initializing database connection at: news_articles.db
2026-01-27 13:03:24,666 - INFO - --- Scraper service started (CI Mode: Run Once) ---
2026-01-27 13:03:24,666 - INFO - --- Starting new scraping job (Parallel Mode) ---
2026-01-27 13:03:24,667 - INFO - Creating new robust session with 3 retries on 5xx/connection/read errors.
2026-01-27 13:03:24,667 - INFO - Proxy is DISABLED.
2026-01-27 13:03:24,667 - INFO - Starting scrape for BBC RSS feed: http://feeds.bbci.co.uk/news/world/rss.xml
2026-01-27 13:03:24,667 - INFO - [Times of India] (Thread) requires Selenium. Initializing driver...
2026-01-27 13:03:24,667 - INFO - Initializing headless Selenium Chrome driver (using SeleniumManager)...
2026-01-27 13:03:24,668 - INFO - Starting scrape for The Guardian RSS feed: https://www.theguardian.com/world/rss
2026-01-27 13:03:24,669 - INFO - [The Hindu] (Thread) requires Selenium. Initializing driver...
2026-01-27 13:03:24,669 - INFO - Initializing headless Selenium Chrome driver (using SeleniumManager)...
2026-01-27 13:03:24,669 - INFO - Submitted 4 jobs to thread pool. Waiting up to 300s for completion...
2026-01-27 13:03:24,822 - INFO - Found 38 articles in BBC RSS feed. Processing up to 10.
2026-01-27 13:03:24,822 - INFO - [BBC] Article: https://www.bbc.com/news/articles/crrnee01r9jo?at_medium=RSS&at_campaign=rss
2026-01-27 13:03:24,822 - INFO - [BBC] Attempt 1/1: Trying with 'requests_browser' strategy...
2026-01-27 13:03:24,830 - INFO - Found 45 articles in The Guardian RSS feed. Processing up to 10.
2026-01-27 13:03:24,830 - INFO - [The Guardian] Article: https://www.theguardian.com/world/2026/jan/26/hundreds-feared-dead-after-attempting-to-cross-mediterranean-amid-cyclone-harry
2026-01-27 13:03:24,830 - INFO - [The Guardian] Attempt 1/1: Trying with 'requests_browser' strategy...
2026-01-27 13:03:24,867 - INFO - [The Guardian] Success with 'requests_browser'. Found content (388 words).
2026-01-27 13:03:24,903 - INFO - Duplicate article skipped: Hundreds feared dead in attempt to cross Mediterranean during cyclone | Italy | The Guardian from The Guardian
2026-01-27 13:03:25,045 - INFO - [BBC] Success with 'requests_browser'. Found content (1055 words).
2026-01-27 13:03:25,083 - INFO - Duplicate article skipped: Trade deal: India and EU announce FTA amid Trump tariff tensions from BBC
2026-01-27 13:03:25,769 - INFO - [The Guardian] Article: https://www.theguardian.com/world/2026/jan/26/crocodile-warnings-floods-devastate-southern-africa
2026-01-27 13:03:25,769 - INFO - [The Guardian] Attempt 1/1: Trying with 'requests_browser' strategy...
2026-01-27 13:03:25,807 - INFO - [The Guardian] Success with 'requests_browser'. Found content (501 words).
2026-01-27 13:03:25,852 - INFO - Duplicate article skipped: Crocodile warnings as floods devastate southern Africa | Africa | The Guardian from The Guardian
2026-01-27 13:03:26,244 - INFO - [BBC] Article: https://www.bbc.com/news/articles/cgrdlr70qg4o?at_medium=RSS&at_campaign=rss
2026-01-27 13:03:26,245 - INFO - [BBC] Attempt 1/1: Trying with 'requests_browser' strategy...
2026-01-27 13:03:26,287 - INFO - [BBC] Success with 'requests_browser'. Found content (1172 words).
2026-01-27 13:03:26,326 - INFO - Duplicate article skipped: US immigration chief Gregory Bovino set to leave Minneapolis after deadly shooting from BBC
2026-01-27 13:03:27,105 - INFO - [The Guardian] Article: https://www.theguardian.com/world/2026/jan/23/guinea-bissau-hepatitis-b-vaccine-study
2026-01-27 13:03:27,105 - INFO - [The Guardian] Attempt 1/1: Trying with 'requests_browser' strategy...
2026-01-27 13:03:27,136 - INFO - [BBC] Article: https://www.bbc.com/news/articles/cp3z8ek7eqyo?at_medium=RSS&at_campaign=rss
2026-01-27 13:03:27,137 - INFO - [BBC] Attempt 1/1: Trying with 'requests_browser' strategy...
2026-01-27 13:03:27,171 - INFO - [BBC] Success with 'requests_browser'. Found content (570 words).
2026-01-27 13:03:27,210 - INFO - Duplicate article skipped: US winter storm leaves deaths, power outages and flight delays from BBC
2026-01-27 13:03:27,226 - INFO - [The Guardian] Success with 'requests_browser'. Found content (1061 words).
2026-01-27 13:03:27,261 - INFO - Duplicate article skipped: ‘It’s the sovereignty of the country’: Guinea-Bissau says US vaccine study suspended | Guinea-Bissau | The Guardian from The Guardian
2026-01-27 13:03:28,447 - INFO - [The Guardian] Article: https://www.theguardian.com/global-development/2026/jan/22/actionaid-rethink-child-sponsorship-decolonise-funding
2026-01-27 13:03:28,447 - INFO - [The Guardian] Attempt 1/1: Trying with 'requests_browser' strategy...
2026-01-27 13:03:28,542 - INFO - [BBC] Article: https://www.bbc.com/news/articles/c0lx2pj84l4o?at_medium=RSS&at_campaign=rss
2026-01-27 13:03:28,542 - INFO - [BBC] Attempt 1/1: Trying with 'requests_browser' strategy...
2026-01-27 13:03:28,547 - INFO - [The Guardian] Success with 'requests_browser'. Found content (688 words).
2026-01-27 13:03:28,586 - INFO - Duplicate article skipped: ActionAid to rethink child sponsorship as part of plan to ‘decolonise’ its work | Global development | The Guardian from The Guardian
2026-01-27 13:03:28,608 - INFO - [BBC] Success with 'requests_browser'. Found content (356 words).
2026-01-27 13:03:28,644 - INFO - Duplicate article skipped: Rodrigo Duterte: Philippines former president fit for trial, ICC says from BBC
2026-01-27 13:03:29,528 - INFO - [The Guardian] Article: https://www.theguardian.com/us-news/2026/jan/20/us-diplomats-urged-to-remind-african-leaders-of-us-generosity-despite-usaid-closing
2026-01-27 13:03:29,528 - INFO - [The Guardian] Attempt 1/1: Trying with 'requests_browser' strategy...
2026-01-27 13:03:29,654 - INFO - [The Guardian] Success with 'requests_browser'. Found content (797 words).
2026-01-27 13:03:29,660 - INFO - [BBC] Article: https://www.bbc.com/news/articles/c23r2l81708o?at_medium=RSS&at_campaign=rss
2026-01-27 13:03:29,660 - INFO - [BBC] Attempt 1/1: Trying with 'requests_browser' strategy...
2026-01-27 13:03:29,693 - INFO - Duplicate article skipped: Head of US Africa bureau urges staff to highlight US ‘generosity’ despite aid cuts | US foreign policy | The Guardian from The Guardian
2026-01-27 13:03:29,716 - INFO - [BBC] Success with 'requests_browser'. Found content (384 words).
2026-01-27 13:03:29,780 - INFO - Duplicate article skipped: Japan court orders compensation for migrants lured to North Korea from BBC
2026-01-27 13:03:30,573 - INFO - [BBC] Article: https://www.bbc.com/news/articles/cpqyp9w84eeo?at_medium=RSS&at_campaign=rss
2026-01-27 13:03:30,573 - INFO - [BBC] Attempt 1/1: Trying with 'requests_browser' strategy...
2026-01-27 13:03:30,608 - INFO - [BBC] Success with 'requests_browser'. Found content (321 words).
2026-01-27 13:03:30,643 - INFO - Duplicate article skipped: Victoria: Australia firefighters battle 'emergency level' blazes from BBC
2026-01-27 13:03:30,738 - INFO - [The Guardian] Article: https://www.theguardian.com/us-news/2026/jan/26/canadian-ryan-wedding-ex-olympian-drug-trafficking
2026-01-27 13:03:30,738 - INFO - [The Guardian] Attempt 1/1: Trying with 'requests_browser' strategy...
2026-01-27 13:03:30,847 - INFO - [The Guardian] Success with 'requests_browser'. Found content (475 words).
2026-01-27 13:03:30,894 - INFO - Saved article: Canadian ex-Olympian pleads not guilty to 17 felonies including drug trafficking | US crime | The Guardian from The Guardian
2026-01-27 13:03:31,869 - INFO - [BBC] Article: https://www.bbc.com/news/articles/cd7zp581q5do?at_medium=RSS&at_campaign=rss
2026-01-27 13:03:31,869 - INFO - [BBC] Attempt 1/1: Trying with 'requests_browser' strategy...
2026-01-27 13:03:31,904 - INFO - [BBC] Success with 'requests_browser'. Found content (614 words).
2026-01-27 13:03:31,941 - INFO - Duplicate article skipped: Nipah virus: Some Asia airports screen passengers after outbreak in India from BBC
2026-01-27 13:03:32,151 - INFO - Selenium driver initialized successfully.
2026-01-27 13:03:32,151 - INFO - Starting scrape for The Hindu RSS feed: https://www.thehindu.com/news/national/feeder/default.rss
2026-01-27 13:03:32,152 - INFO - Selenium driver initialized successfully.
2026-01-27 13:03:32,152 - INFO - Starting scrape for Times of India RSS feed: https://timesofindia.indiatimes.com/rssfeeds/296589292.cms
2026-01-27 13:03:32,243 - INFO - [The Guardian] Article: https://www.theguardian.com/world/2026/jan/26/guyana-opposition-leader-us-extradition
2026-01-27 13:03:32,243 - INFO - [The Guardian] Attempt 1/1: Trying with 'requests_browser' strategy...
2026-01-27 13:03:32,271 - INFO - [The Guardian] Success with 'requests_browser'. Found content (416 words).
2026-01-27 13:03:32,306 - INFO - Duplicate article skipped: Guyanese businessman facing US extradition elected opposition leader | Guyana | The Guardian from The Guardian
2026-01-27 13:03:32,324 - INFO - Found 100 articles in The Hindu RSS feed. Processing up to 10.
2026-01-27 13:03:32,324 - INFO - [The Hindu] Article: https://www.thehindu.com/news/national/odisha/farmer-organisation-calls-dawn-to-dusk-odisha-bandh-over-paddy-procurement-mess-on-january-28/article70556514.ece
2026-01-27 13:03:32,325 - INFO - [The Hindu] Attempt 1/1: Trying with 'selenium_browser' strategy...
2026-01-27 13:03:32,419 - INFO - Found 20 articles in Times of India RSS feed. Processing up to 10.
2026-01-27 13:03:32,419 - INFO - [Times of India] Article: https://timesofindia.indiatimes.com/world/us/being-homan-how-killing-of-alex-pretti-triggered-gregory-bovinos-exit-from-minneapolis/articleshow/127625162.cms
2026-01-27 13:03:32,419 - INFO - [Times of India] Attempt 1/1: Trying with 'selenium_browser' strategy...
2026-01-27 13:03:32,676 - INFO - [BBC] Article: https://www.bbc.com/news/articles/cwyw3ynwe37o?at_medium=RSS&at_campaign=rss
2026-01-27 13:03:32,676 - INFO - [BBC] Attempt 1/1: Trying with 'requests_browser' strategy...
2026-01-27 13:03:32,713 - INFO - [BBC] Success with 'requests_browser'. Found content (565 words).
2026-01-27 13:03:32,754 - INFO - Duplicate article skipped: Trump raises US tariffs on South Korea imports to 25% from BBC
2026-01-27 13:03:33,537 - INFO - [BBC] Article: https://www.bbc.com/news/articles/c1m7kde3y3zo?at_medium=RSS&at_campaign=rss
2026-01-27 13:03:33,537 - INFO - [BBC] Attempt 1/1: Trying with 'requests_browser' strategy...
2026-01-27 13:03:33,591 - INFO - [The Guardian] Article: https://www.theguardian.com/environment/2026/jan/26/uk-supermarkets-push-for-amazon-soy-safeguards-after-brazil-scraps-ban
2026-01-27 13:03:33,591 - INFO - [The Guardian] Attempt 1/1: Trying with 'requests_browser' strategy...
2026-01-27 13:03:33,597 - INFO - [BBC] Success with 'requests_browser'. Found content (617 words).
2026-01-27 13:03:33,681 - INFO - Duplicate article skipped: New Iran videos show bodies piled up in hospital and snipers on roofs from BBC
2026-01-27 13:03:33,692 - INFO - [The Guardian] Success with 'requests_browser'. Found content (694 words).
2026-01-27 13:03:33,747 - INFO - Duplicate article skipped: UK supermarkets push for Amazon soy safeguards after traders abandon ban | Amazon rainforest | The Guardian from The Guardian
2026-01-27 13:03:34,393 - INFO - [BBC] Article: https://www.bbc.com/news/articles/c07x003vx0yo?at_medium=RSS&at_campaign=rss
2026-01-27 13:03:34,393 - INFO - [BBC] Attempt 1/1: Trying with 'requests_browser' strategy...
2026-01-27 13:03:34,468 - INFO - [BBC] Success with 'requests_browser'. Found content (691 words).
2026-01-27 13:03:34,557 - INFO - Duplicate article skipped: French MPs take first step towards banning social media for under-15s from BBC
2026-01-27 13:03:34,668 - INFO - [The Guardian] Article: https://www.theguardian.com/world/2026/jan/26/toronto-snowstorm-record-snowfall-total
2026-01-27 13:03:34,668 - INFO - [The Guardian] Attempt 1/1: Trying with 'requests_browser' strategy...
2026-01-27 13:03:34,769 - INFO - [The Guardian] Success with 'requests_browser'. Found content (441 words).
2026-01-27 13:03:34,948 - INFO - Duplicate article skipped: Toronto digs itself out after largest snowfall in city’s history | Toronto | The Guardian from The Guardian
2026-01-27 13:03:35,880 - INFO - [The Guardian] Article: https://www.theguardian.com/world/2026/jan/26/gunmen-invade-salamanca-football-match-guanajuato-mexico-crime
2026-01-27 13:03:35,880 - INFO - [The Guardian] Attempt 1/1: Trying with 'requests_browser' strategy...
2026-01-27 13:03:35,956 - INFO - [The Guardian] Success with 'requests_browser'. Found content (346 words).
2026-01-27 13:03:36,058 - INFO - Duplicate article skipped: Gunmen open fire at football match in Mexico, killing at least 11 | Mexico | The Guardian from The Guardian
2026-01-27 13:03:37,406 - INFO - [The Hindu] Page content loaded.
2026-01-27 13:03:37,474 - INFO - [The Hindu] Success with 'selenium_browser'. Found content (322 words).
2026-01-27 13:03:37,555 - INFO - Saved article: Farmer organisation calls dawn-to-dusk Odisha bandh over ‘paddy procurement mess’ on January 28 - The Hindu from The Hindu
2026-01-27 13:03:38,241 - INFO - [The Hindu] Article: https://www.thehindu.com/news/national/karnataka/one-more-tiger-cub-captured-in-chamarajanagars-nanjidevanapura/article70556412.ece
2026-01-27 13:03:38,241 - INFO - [The Hindu] Attempt 1/1: Trying with 'selenium_browser' strategy...
2026-01-27 13:03:44,077 - INFO - [The Hindu] Page content loaded.
2026-01-27 13:03:44,248 - INFO - [The Hindu] Success with 'selenium_browser'. Found content (205 words).
2026-01-27 13:03:44,789 - INFO - Saved article: One more tiger cub captured in Chamarajanagar’s Nanjidevanapura - The Hindu from The Hindu
2026-01-27 13:03:45,948 - INFO - [The Hindu] Article: https://www.thehindu.com/news/national/karnataka/mandya-gets-gandhi-bhavan/article70556679.ece
2026-01-27 13:03:45,949 - INFO - [The Hindu] Attempt 1/1: Trying with 'selenium_browser' strategy...
2026-01-27 13:03:50,965 - INFO - [The Hindu] Page content loaded.
2026-01-27 13:03:51,104 - INFO - [The Hindu] Success with 'selenium_browser'. Found content (272 words).
2026-01-27 13:03:51,238 - INFO - Saved article: Mandya gets Gandhi Bhavan - The Hindu from The Hindu
2026-01-27 13:03:52,330 - INFO - [The Hindu] Article: https://www.thehindu.com/news/national/kerala/congress-pushes-for-bigger-share-in-udf-seat-negotiations/article70556650.ece
2026-01-27 13:03:52,330 - INFO - [The Hindu] Attempt 1/1: Trying with 'selenium_browser' strategy...
2026-01-27 13:03:53,130 - INFO - [The Hindu] Page content loaded.
2026-01-27 13:03:53,415 - INFO - [The Hindu] Success with 'selenium_browser'. Found content (412 words).
2026-01-27 13:03:53,526 - INFO - Saved article: Congress pushes for bigger share in UDF seat negotiations - The Hindu from The Hindu
2026-01-27 13:03:54,232 - INFO - [The Hindu] Article: https://www.thehindu.com/news/national/telangana/telangana-heading-to-join-ageing-states-people-above-60-years-rose-from-101-to-125-in-a-decade/article70555997.ece
2026-01-27 13:03:54,232 - INFO - [The Hindu] Attempt 1/1: Trying with 'selenium_browser' strategy...
2026-01-27 13:03:56,946 - INFO - [The Hindu] Page content loaded.
2026-01-27 13:03:57,030 - INFO - [The Hindu] Success with 'selenium_browser'. Found content (462 words).
2026-01-27 13:03:57,114 - INFO - Saved article: Telangana heading to join ageing States; people above 60 years rose from 10.1% to 12.5% in a decade - The Hindu from The Hindu
2026-01-27 13:03:58,252 - INFO - [The Hindu] Article: https://www.thehindu.com/business/budget/nirmala-sitharaman-takes-part-in-customary-halwa-ceremony-marks-final-stage-of-budget-preparation/article70556634.ece
2026-01-27 13:03:58,252 - INFO - [The Hindu] Attempt 1/1: Trying with 'selenium_browser' strategy...
2026-01-27 13:03:59,438 - INFO - [The Hindu] Page content loaded.
2026-01-27 13:03:59,508 - INFO - [The Hindu] Success with 'selenium_browser'. Found content (742 words).
2026-01-27 13:03:59,590 - INFO - Saved article: Nirmala Sitharaman takes part in customary halwa ceremony; marks final stage of Budget preparation - The Hindu from The Hindu
2026-01-27 13:04:00,338 - INFO - [The Hindu] Article: https://www.thehindu.com/news/national/kerala/psychology-fest-at-loyola-college-of-social-sciences/article70550271.ece
2026-01-27 13:04:00,338 - INFO - [The Hindu] Attempt 1/1: Trying with 'selenium_browser' strategy...
2026-01-27 13:04:03,018 - INFO - [The Hindu] Page content loaded.
2026-01-27 13:04:03,175 - WARNING - [The Hindu] FAILED with 'selenium_browser' (content was too short: 69 words).
2026-01-27 13:04:03,176 - ERROR - [The Hindu] All scrape strategies failed for https://www.thehindu.com/news/national/kerala/psychology-fest-at-loyola-college-of-social-sciences/article70550271.ece. Falling back to RSS description.
2026-01-27 13:04:03,179 - INFO - Saved article: Psychology fest at Loyola College of Social Sciences from The Hindu
2026-01-27 13:04:04,633 - INFO - [The Hindu] Article: https://www.thehindu.com/news/national/modi-government-wants-to-push-country-back-to-era-of-maharajas-rahul-slams-mgnrega-repeal/article70556530.ece
2026-01-27 13:04:04,633 - INFO - [The Hindu] Attempt 1/1: Trying with 'selenium_browser' strategy...
2026-01-27 13:04:06,609 - INFO - [The Hindu] Page content loaded.
2026-01-27 13:04:06,907 - INFO - [The Hindu] Success with 'selenium_browser'. Found content (350 words).
2026-01-27 13:04:07,067 - INFO - Saved article: Modi government wants to push country back to era of ‘maharajas’: Rahul slams MGNREGA repeal - The Hindu from The Hindu
2026-01-27 13:04:07,952 - INFO - [The Hindu] Article: https://www.thehindu.com/news/national/west-bengal/protest-march-held-in-kolkata-over-peoples-harassment-during-bengal-sir/article70556534.ece
2026-01-27 13:04:07,952 - INFO - [The Hindu] Attempt 1/1: Trying with 'selenium_browser' strategy...
2026-01-27 13:04:08,605 - INFO - [The Hindu] Page content loaded.
2026-01-27 13:04:08,648 - INFO - [The Hindu] Success with 'selenium_browser'. Found content (220 words).
2026-01-27 13:04:08,706 - INFO - Saved article: Protest march held in Kolkata over people’s ‘harassment’ during Bengal SIR - The Hindu from The Hindu
2026-01-27 13:04:09,636 - INFO - [The Hindu] Article: https://www.thehindu.com/news/national/kerala/kshec-invites-research-papers-for-national-research-conference-2026/article70550239.ece
2026-01-27 13:04:09,637 - INFO - [The Hindu] Attempt 1/1: Trying with 'selenium_browser' strategy...
2026-01-27 13:04:11,005 - INFO - [Times of India] Page content loaded.
2026-01-27 13:04:11,295 - INFO - [Times of India] Success with 'selenium_browser'. Found content (684 words).
2026-01-27 13:04:11,463 - INFO - Saved article: Being Homan: How killing of Alex Pretti triggered Gregory Bovino's exit from Minneapolis - The Times of India from Times of India
2026-01-27 13:04:12,115 - INFO - [Times of India] Article: https://timesofindia.indiatimes.com/world/us/india-hating-us-youtuber-goes-to-canada-to-cover-indian-invasion-claims-to-have-hired-human-smuggler-to-sneak-him-across-border/articleshow/127623921.cms
2026-01-27 13:04:12,115 - INFO - [Times of India] Attempt 1/1: Trying with 'selenium_browser' strategy...
2026-01-27 13:04:12,566 - INFO - [The Hindu] Page content loaded.
2026-01-27 13:04:12,731 - INFO - [The Hindu] Success with 'selenium_browser'. Found content (118 words).
2026-01-27 13:04:13,005 - INFO - Saved article: KSHEC invites research papers for National Research Conference 2026 - The Hindu from The Hindu
2026-01-27 13:04:13,823 - INFO - [Times of India] Page content loaded.
2026-01-27 13:04:13,904 - INFO - [The Hindu] (Thread) Finished. Attempting to shut down its Selenium driver.
2026-01-27 13:04:14,113 - INFO - [Times of India] Success with 'selenium_browser'. Found content (322 words).
2026-01-27 13:04:14,174 - INFO - [The Hindu] (Thread) driver.quit() successful.
2026-01-27 13:04:14,207 - INFO - Saved article: India-hating US YouTuber goes to Canada to cover 'Indian invasion'; claims to have hired human smuggler to sneak him across border - The Times of India from Times of India
2026-01-27 13:04:14,863 - INFO - [Times of India] Article: https://timesofindia.indiatimes.com/world/us/katy-perry-shares-step-by-step-guide-to-block-10-billion-ice-funding-bill-trudeau-made-her-do-it-says-social-media/articleshow/127624207.cms
2026-01-27 13:04:14,863 - INFO - [Times of India] Attempt 1/1: Trying with 'selenium_browser' strategy...
2026-01-27 13:04:16,162 - INFO - [Times of India] Page content loaded.
2026-01-27 13:04:16,263 - INFO - [Times of India] Success with 'selenium_browser'. Found content (163 words).
2026-01-27 13:04:16,286 - INFO - Saved article: Katy Perry shares step-by-step guide to block $10 billion ICE funding bill; ‘Trudeau made her do it,’ says social media - The Times of India from Times of India
2026-01-27 13:04:17,641 - INFO - [Times of India] Article: https://timesofindia.indiatimes.com/world/us-streamers/tiktok-star-kristy-scott-signals-fresh-start-with-ysl-campaign-after-difficult-split-from-desmond-scott/articleshow/127597984.cms
2026-01-27 13:04:17,642 - INFO - [Times of India] Attempt 1/1: Trying with 'selenium_browser' strategy...
2026-01-27 13:04:18,874 - INFO - [Times of India] Page content loaded.
2026-01-27 13:04:18,998 - INFO - [Times of India] Success with 'selenium_browser'. Found content (359 words).
2026-01-27 13:04:19,068 - INFO - Saved article: TikTok star Kristy Scott signals fresh start with YSL campaign after difficult split from Desmond Scott - The Times of India from Times of India
2026-01-27 13:04:20,101 - INFO - [Times of India] Article: https://timesofindia.indiatimes.com/world/us/trump-isnt-what-he-used-to-be-as-white-house-staff-say-hes-thinking-more-about-death/articleshow/127621776.cms
2026-01-27 13:04:20,101 - INFO - [Times of India] Attempt 1/1: Trying with 'selenium_browser' strategy...
2026-01-27 13:04:20,865 - INFO - [Times of India] Page content loaded.
2026-01-27 13:04:21,006 - INFO - [Times of India] Success with 'selenium_browser'. Found content (514 words).
2026-01-27 13:04:21,059 - INFO - Saved article: Trump ‘isn’t what he used to be’, as White House staff say he’s thinking more about death - The Times of India from Times of India
2026-01-27 13:04:21,915 - INFO - [Times of India] Article: https://timesofindia.indiatimes.com/world/us-streamers/im-a-really-ugly-guy-asmongold-sparks-debate-after-claiming-women-only-talked-to-him-because-of-clout/articleshow/127596629.cms
2026-01-27 13:04:21,915 - INFO - [Times of India] Attempt 1/1: Trying with 'selenium_browser' strategy...
2026-01-27 13:04:23,114 - INFO - [Times of India] Page content loaded.
2026-01-27 13:04:23,243 - INFO - [Times of India] Success with 'selenium_browser'. Found content (368 words).
2026-01-27 13:04:23,298 - INFO - Saved article: “I’m a really ugly guy”: Asmongold sparks debate after claiming women only talked to him because of clout - The Times of India from Times of India
2026-01-27 13:04:24,214 - INFO - [Times of India] Article: https://timesofindia.indiatimes.com/world/us-streamers/mrbeast-melts-hearts-after-gifting-disabled-12-year-old-fan-a-one-of-a-kind-bionic-beast-arm/articleshow/127594856.cms
2026-01-27 13:04:24,214 - INFO - [Times of India] Attempt 1/1: Trying with 'selenium_browser' strategy...
2026-01-27 13:04:24,976 - INFO - [Times of India] Page content loaded.
2026-01-27 13:04:25,115 - INFO - [Times of India] Success with 'selenium_browser'. Found content (346 words).
2026-01-27 13:04:25,172 - INFO - Saved article: MrBeast melts hearts after gifting disabled 12-year-old fan a one-of-a-kind bionic ‘Beast Arm’ - The Times of India from Times of India
2026-01-27 13:04:25,726 - INFO - [Times of India] Article: https://timesofindia.indiatimes.com/world/rest-of-world/bleeding-waterfalls-of-antarctica-inside-the-mysterious-crimson-blood-falls-that-hide-millions-of-years-of-frozen-secrets/articleshow/127618510.cms
2026-01-27 13:04:25,727 - INFO - [Times of India] Attempt 1/1: Trying with 'selenium_browser' strategy...
2026-01-27 13:04:26,627 - INFO - [Times of India] Page content loaded.
2026-01-27 13:04:26,743 - INFO - [Times of India] Success with 'selenium_browser'. Found content (729 words).
2026-01-27 13:04:26,797 - INFO - Saved article: ‘Bleeding waterfalls of Antarctica’: Inside the mysterious crimson 'blood falls' that hide millions of years of frozen secrets | World News - The Times of India from Times of India
2026-01-27 13:04:28,149 - INFO - [Times of India] Article: https://timesofindia.indiatimes.com/world/middle-east/saudi-central-bank-releases-bank-holiday-schedule-through-2029/articleshow/127618152.cms
2026-01-27 13:04:28,149 - INFO - [Times of India] Attempt 1/1: Trying with 'selenium_browser' strategy...
2026-01-27 13:04:28,808 - INFO - [Times of India] Page content loaded.
2026-01-27 13:04:28,924 - INFO - [Times of India] Success with 'selenium_browser'. Found content (450 words).
2026-01-27 13:04:28,989 - INFO - Saved article: Saudi Central Bank releases bank holiday schedule through 2029 | World News - The Times of India from Times of India
2026-01-27 13:04:30,433 - INFO - [Times of India] Article: https://timesofindia.indiatimes.com/world/rest-of-world/china-may-be-sitting-on-one-of-the-largest-gold-finds-ever-recorded-worth-83-billion/articleshow/127616709.cms
2026-01-27 13:04:30,434 - INFO - [Times of India] Attempt 1/1: Trying with 'selenium_browser' strategy...
2026-01-27 13:04:31,314 - INFO - [Times of India] Page content loaded.
2026-01-27 13:04:31,444 - INFO - [Times of India] Success with 'selenium_browser'. Found content (604 words).
2026-01-27 13:04:31,494 - INFO - Saved article: China may be sitting on one of the largest gold finds ever recorded, worth $83 billion | World News - The Times of India from Times of India
2026-01-27 13:04:32,640 - INFO - [Times of India] (Thread) Finished. Attempting to shut down its Selenium driver.
2026-01-27 13:04:32,938 - INFO - [Times of India] (Thread) driver.quit() successful.
2026-01-27 13:04:32,938 - INFO - Shutting down thread pool (wait=False)...
2026-01-27 13:04:32,938 - INFO - Scraped: 0 BBC, 10 Times of India, 1 The Guardian, 10 The Hindu articles. (Total saved: 21)
2026-01-27 13:04:32,939 - INFO - --- Scraping job finished ---
2026-01-27 13:04:32,943 - INFO - --- Scraper service stopped and database connection closed. ---
2026-01-27 13:04:32,943 - INFO - --- Main thread finished. Forcing process exit to kill zombie threads. ---
