2026-01-27 06:45:01,724 - INFO - Initializing database connection at: news_articles.db
2026-01-27 06:45:01,724 - INFO - --- Scraper service started (CI Mode: Run Once) ---
2026-01-27 06:45:01,725 - INFO - --- Starting new scraping job (Parallel Mode) ---
2026-01-27 06:45:01,725 - INFO - Creating new robust session with 3 retries on 5xx/connection/read errors.
2026-01-27 06:45:01,725 - INFO - Proxy is DISABLED.
2026-01-27 06:45:01,725 - INFO - Starting scrape for BBC RSS feed: http://feeds.bbci.co.uk/news/world/rss.xml
2026-01-27 06:45:01,725 - INFO - [Times of India] (Thread) requires Selenium. Initializing driver...
2026-01-27 06:45:01,726 - INFO - Initializing headless Selenium Chrome driver (using SeleniumManager)...
2026-01-27 06:45:01,726 - INFO - Starting scrape for The Guardian RSS feed: https://www.theguardian.com/world/rss
2026-01-27 06:45:01,729 - INFO - [The Hindu] (Thread) requires Selenium. Initializing driver...
2026-01-27 06:45:01,729 - INFO - Initializing headless Selenium Chrome driver (using SeleniumManager)...
2026-01-27 06:45:01,730 - INFO - Submitted 4 jobs to thread pool. Waiting up to 300s for completion...
2026-01-27 06:45:01,865 - INFO - Found 45 articles in The Guardian RSS feed. Processing up to 10.
2026-01-27 06:45:01,865 - INFO - [The Guardian] Article: https://www.theguardian.com/world/2026/jan/26/hundreds-feared-dead-after-attempting-to-cross-mediterranean-amid-cyclone-harry
2026-01-27 06:45:01,865 - INFO - [The Guardian] Attempt 1/1: Trying with 'requests_browser' strategy...
2026-01-27 06:45:01,906 - INFO - [The Guardian] Success with 'requests_browser'. Found content (388 words).
2026-01-27 06:45:01,941 - INFO - Duplicate article skipped: Hundreds feared dead in attempt to cross Mediterranean during cyclone | Italy | The Guardian from The Guardian
2026-01-27 06:45:02,272 - INFO - Found 35 articles in BBC RSS feed. Processing up to 10.
2026-01-27 06:45:02,272 - INFO - [BBC] Article: https://www.bbc.com/news/articles/cgrdlr70qg4o?at_medium=RSS&at_campaign=rss
2026-01-27 06:45:02,272 - INFO - [BBC] Attempt 1/1: Trying with 'requests_browser' strategy...
2026-01-27 06:45:02,430 - INFO - [BBC] Success with 'requests_browser'. Found content (933 words).
2026-01-27 06:45:02,468 - INFO - Duplicate article skipped: US immigration chief Bovino set to leave Minneapolis after deadly shooting from BBC
2026-01-27 06:45:02,647 - INFO - [The Guardian] Article: https://www.theguardian.com/world/2026/jan/26/crocodile-warnings-floods-devastate-southern-africa
2026-01-27 06:45:02,647 - INFO - [The Guardian] Attempt 1/1: Trying with 'requests_browser' strategy...
2026-01-27 06:45:02,689 - INFO - [The Guardian] Success with 'requests_browser'. Found content (501 words).
2026-01-27 06:45:02,734 - INFO - Duplicate article skipped: Crocodile warnings as floods devastate southern Africa | Africa | The Guardian from The Guardian
2026-01-27 06:45:03,182 - INFO - [BBC] Article: https://www.bbc.com/news/videos/crkr1g5vnveo?at_medium=RSS&at_campaign=rss
2026-01-27 06:45:03,182 - INFO - [BBC] Attempt 1/1: Trying with 'requests_browser' strategy...
2026-01-27 06:45:03,251 - WARNING - [BBC] FAILED with 'requests_browser' (content was too short: 78 words).
2026-01-27 06:45:03,251 - ERROR - [BBC] All scrape strategies failed for https://www.bbc.com/news/videos/crkr1g5vnveo?at_medium=RSS&at_campaign=rss. Falling back to RSS description.
2026-01-27 06:45:03,251 - INFO - Duplicate article skipped: 'We're all terrified', Minnesotan tells the BBC in tears from BBC
2026-01-27 06:45:03,626 - INFO - [The Guardian] Article: https://www.theguardian.com/world/2026/jan/23/guinea-bissau-hepatitis-b-vaccine-study
2026-01-27 06:45:03,627 - INFO - [The Guardian] Attempt 1/1: Trying with 'requests_browser' strategy...
2026-01-27 06:45:03,778 - INFO - [The Guardian] Success with 'requests_browser'. Found content (1061 words).
2026-01-27 06:45:03,811 - INFO - Duplicate article skipped: ‘It’s the sovereignty of the country’: Guinea-Bissau says US vaccine study suspended | Guinea-Bissau | The Guardian from The Guardian
2026-01-27 06:45:04,041 - INFO - [BBC] Article: https://www.bbc.com/news/articles/crrnee01r9jo?at_medium=RSS&at_campaign=rss
2026-01-27 06:45:04,041 - INFO - [BBC] Attempt 1/1: Trying with 'requests_browser' strategy...
2026-01-27 06:45:04,080 - INFO - [BBC] Success with 'requests_browser'. Found content (616 words).
2026-01-27 06:45:04,119 - INFO - Saved article: Trade deal: India and EU to announce FTA amid Trump tariff tensions from BBC
2026-01-27 06:45:05,030 - INFO - [The Guardian] Article: https://www.theguardian.com/global-development/2026/jan/22/actionaid-rethink-child-sponsorship-decolonise-funding
2026-01-27 06:45:05,030 - INFO - [The Guardian] Attempt 1/1: Trying with 'requests_browser' strategy...
2026-01-27 06:45:05,184 - INFO - [The Guardian] Success with 'requests_browser'. Found content (688 words).
2026-01-27 06:45:05,221 - INFO - Duplicate article skipped: ActionAid to rethink child sponsorship as part of plan to ‘decolonise’ its work | Global development | The Guardian from The Guardian
2026-01-27 06:45:05,296 - INFO - [BBC] Article: https://www.bbc.com/news/articles/cp3z8ek7eqyo?at_medium=RSS&at_campaign=rss
2026-01-27 06:45:05,296 - INFO - [BBC] Attempt 1/1: Trying with 'requests_browser' strategy...
2026-01-27 06:45:05,332 - INFO - [BBC] Success with 'requests_browser'. Found content (476 words).
2026-01-27 06:45:05,369 - INFO - Duplicate article skipped: US winter storm leaves deaths, power outages and flight delays from BBC
2026-01-27 06:45:05,951 - INFO - [BBC] Article: https://www.bbc.com/news/articles/cwyw3ynwe37o?at_medium=RSS&at_campaign=rss
2026-01-27 06:45:05,951 - INFO - [BBC] Attempt 1/1: Trying with 'requests_browser' strategy...
2026-01-27 06:45:05,990 - INFO - [BBC] Success with 'requests_browser'. Found content (452 words).
2026-01-27 06:45:06,028 - INFO - Duplicate article skipped: Trump raises US tariffs on South Korea imports to 25% from BBC
2026-01-27 06:45:06,152 - INFO - [The Guardian] Article: https://www.theguardian.com/us-news/2026/jan/20/us-diplomats-urged-to-remind-african-leaders-of-us-generosity-despite-usaid-closing
2026-01-27 06:45:06,152 - INFO - [The Guardian] Attempt 1/1: Trying with 'requests_browser' strategy...
2026-01-27 06:45:06,325 - INFO - [The Guardian] Success with 'requests_browser'. Found content (797 words).
2026-01-27 06:45:06,362 - INFO - Duplicate article skipped: Head of US Africa bureau urges staff to highlight US ‘generosity’ despite aid cuts | US foreign policy | The Guardian from The Guardian
2026-01-27 06:45:06,753 - INFO - [BBC] Article: https://www.bbc.com/news/articles/c23r2l81708o?at_medium=RSS&at_campaign=rss
2026-01-27 06:45:06,753 - INFO - [BBC] Attempt 1/1: Trying with 'requests_browser' strategy...
2026-01-27 06:45:06,789 - INFO - [BBC] Success with 'requests_browser'. Found content (384 words).
2026-01-27 06:45:06,847 - INFO - Saved article: Japan court orders compensation for migrants lured to North Korea from BBC
2026-01-27 06:45:07,646 - INFO - [The Guardian] Article: https://www.theguardian.com/world/2026/jan/26/guyana-opposition-leader-us-extradition
2026-01-27 06:45:07,646 - INFO - [The Guardian] Attempt 1/1: Trying with 'requests_browser' strategy...
2026-01-27 06:45:07,668 - INFO - [BBC] Article: https://www.bbc.com/news/articles/c1m7kde3y3zo?at_medium=RSS&at_campaign=rss
2026-01-27 06:45:07,668 - INFO - [BBC] Attempt 1/1: Trying with 'requests_browser' strategy...
2026-01-27 06:45:07,680 - INFO - [The Guardian] Success with 'requests_browser'. Found content (416 words).
2026-01-27 06:45:07,723 - INFO - Duplicate article skipped: Guyanese businessman facing US extradition elected opposition leader | Guyana | The Guardian from The Guardian
2026-01-27 06:45:07,743 - INFO - [BBC] Success with 'requests_browser'. Found content (617 words).
2026-01-27 06:45:07,777 - INFO - Duplicate article skipped: New Iran videos show bodies piled up in hospital and snipers on roofs from BBC
2026-01-27 06:45:08,773 - INFO - [The Guardian] Article: https://www.theguardian.com/environment/2026/jan/26/uk-supermarkets-push-for-amazon-soy-safeguards-after-brazil-scraps-ban
2026-01-27 06:45:08,773 - INFO - [The Guardian] Attempt 1/1: Trying with 'requests_browser' strategy...
2026-01-27 06:45:08,805 - INFO - [The Guardian] Success with 'requests_browser'. Found content (694 words).
2026-01-27 06:45:08,839 - INFO - Duplicate article skipped: UK supermarkets push for Amazon soy safeguards after traders abandon ban | Amazon rainforest | The Guardian from The Guardian
2026-01-27 06:45:09,228 - INFO - [BBC] Article: https://www.bbc.com/news/articles/c07x003vx0yo?at_medium=RSS&at_campaign=rss
2026-01-27 06:45:09,229 - INFO - [BBC] Attempt 1/1: Trying with 'requests_browser' strategy...
2026-01-27 06:45:09,266 - INFO - [BBC] Success with 'requests_browser'. Found content (691 words).
2026-01-27 06:45:09,303 - INFO - Duplicate article skipped: French MPs take first step towards banning social media for under-15s from BBC
2026-01-27 06:45:10,309 - INFO - [The Guardian] Article: https://www.theguardian.com/world/2026/jan/26/toronto-snowstorm-record-snowfall-total
2026-01-27 06:45:10,309 - INFO - [The Guardian] Attempt 1/1: Trying with 'requests_browser' strategy...
2026-01-27 06:45:10,344 - INFO - [The Guardian] Success with 'requests_browser'. Found content (441 words).
2026-01-27 06:45:10,379 - INFO - Duplicate article skipped: Toronto digs itself out after largest snowfall in city’s history | Toronto | The Guardian from The Guardian
2026-01-27 06:45:10,410 - INFO - Selenium driver initialized successfully.
2026-01-27 06:45:10,410 - INFO - Starting scrape for The Hindu RSS feed: https://www.thehindu.com/news/national/feeder/default.rss
2026-01-27 06:45:10,411 - INFO - Selenium driver initialized successfully.
2026-01-27 06:45:10,411 - INFO - Starting scrape for Times of India RSS feed: https://timesofindia.indiatimes.com/rssfeeds/296589292.cms
2026-01-27 06:45:10,579 - INFO - [BBC] Article: https://www.bbc.com/news/articles/c24g8v6qr1mo?at_medium=RSS&at_campaign=rss
2026-01-27 06:45:10,579 - INFO - [BBC] Attempt 1/1: Trying with 'requests_browser' strategy...
2026-01-27 06:45:10,619 - INFO - [BBC] Success with 'requests_browser'. Found content (729 words).
2026-01-27 06:45:10,655 - INFO - Duplicate article skipped: Landmark social media trial to begin over addiction claims from BBC
2026-01-27 06:45:10,733 - INFO - Found 20 articles in Times of India RSS feed. Processing up to 10.
2026-01-27 06:45:10,733 - INFO - [Times of India] Article: https://timesofindia.indiatimes.com/world/middle-east/nipah-virus-alert-is-the-uae-at-risk-following-the-india-outbreak/articleshow/127599137.cms
2026-01-27 06:45:10,733 - INFO - [Times of India] Attempt 1/1: Trying with 'selenium_browser' strategy...
2026-01-27 06:45:11,393 - INFO - [The Guardian] Article: https://www.theguardian.com/world/2026/jan/26/gunmen-invade-salamanca-football-match-guanajuato-mexico-crime
2026-01-27 06:45:11,393 - INFO - [The Guardian] Attempt 1/1: Trying with 'requests_browser' strategy...
2026-01-27 06:45:11,430 - INFO - Found 100 articles in The Hindu RSS feed. Processing up to 10.
2026-01-27 06:45:11,430 - INFO - [The Hindu] Article: https://www.thehindu.com/news/cities/Hyderabad/aerobatic-shows-and-34-aircraft-on-display-what-the-general-public-can-look-forward-to-at-wings-india-2026-in-hyderabad/article70555424.ece
2026-01-27 06:45:11,430 - INFO - [The Hindu] Attempt 1/1: Trying with 'selenium_browser' strategy...
2026-01-27 06:45:11,546 - INFO - [The Guardian] Success with 'requests_browser'. Found content (346 words).
2026-01-27 06:45:11,583 - INFO - Duplicate article skipped: Gunmen open fire at football match in Mexico, killing at least 11 | Mexico | The Guardian from The Guardian
2026-01-27 06:45:11,831 - INFO - [BBC] Article: https://www.bbc.com/news/articles/c5ydvz7nz4mo?at_medium=RSS&at_campaign=rss
2026-01-27 06:45:11,831 - INFO - [BBC] Attempt 1/1: Trying with 'requests_browser' strategy...
2026-01-27 06:45:11,893 - INFO - [BBC] Success with 'requests_browser'. Found content (931 words).
2026-01-27 06:45:11,950 - INFO - Duplicate article skipped: Israel says it has retrieved remains of final Gaza hostage Ran Gvili from BBC
2026-01-27 06:45:12,835 - INFO - [The Guardian] Article: https://www.theguardian.com/us-news/2026/jan/26/costa-rica-us-deportation
2026-01-27 06:45:12,835 - INFO - [The Guardian] Attempt 1/1: Trying with 'requests_browser' strategy...
2026-01-27 06:45:13,035 - INFO - [The Guardian] Success with 'requests_browser'. Found content (2060 words).
2026-01-27 06:45:13,272 - INFO - Duplicate article skipped: ‘They threw us out like baggage’: Russian family deported from US to Costa Rica still in limbo | US immigration | The Guardian from The Guardian
2026-01-27 06:45:15,231 - INFO - [The Hindu] Page content loaded.
2026-01-27 06:45:15,560 - INFO - [The Hindu] Success with 'selenium_browser'. Found content (317 words).
2026-01-27 06:45:15,767 - INFO - Saved article: Aerobatic shows and 34 aircraft on display: What the general public can look forward to at Wings India 2026 in Hyderabad - The Hindu from The Hindu
2026-01-27 06:45:16,423 - INFO - [The Hindu] Article: https://www.thehindu.com/shorts/only-un-security-council-has-legal-authority-secy-general-guterres/article70555453.ece
2026-01-27 06:45:16,423 - INFO - [The Hindu] Attempt 1/1: Trying with 'selenium_browser' strategy...
2026-01-27 06:45:28,397 - WARNING - [The Hindu] Page timed out (10s). No <p> tags found. Proceeding anyway.
2026-01-27 06:45:28,796 - WARNING - [The Hindu] FAILED with 'selenium_browser' (content was too short: 50 words).
2026-01-27 06:45:28,796 - ERROR - [The Hindu] All scrape strategies failed for https://www.thehindu.com/shorts/only-un-security-council-has-legal-authority-secy-general-guterres/article70555453.ece. Falling back to RSS description.
2026-01-27 06:45:28,799 - INFO - Saved article: Only UN Security Council has legal authority: Secy General Guterres from The Hindu
2026-01-27 06:45:29,493 - INFO - [The Hindu] Article: https://www.thehindu.com/news/national/india-european-union-trade-deal-prime-minister-modi-updates/article70555431.ece
2026-01-27 06:45:29,493 - INFO - [The Hindu] Attempt 1/1: Trying with 'selenium_browser' strategy...
2026-01-27 06:45:32,763 - INFO - [The Hindu] Page content loaded.
2026-01-27 06:45:32,882 - INFO - [The Hindu] Success with 'selenium_browser'. Found content (253 words).
2026-01-27 06:45:32,956 - INFO - Saved article: PM Modi announces signing of India-EU Free Trade Agreement - The Hindu from The Hindu
2026-01-27 06:45:33,990 - INFO - [The Hindu] Article: https://www.thehindu.com/news/national/jharkhand/elderly-man-beaten-to-death-over-witchcraft-suspicion-in-jharkhands-palamu/article70555415.ece
2026-01-27 06:45:33,990 - INFO - [The Hindu] Attempt 1/1: Trying with 'selenium_browser' strategy...
2026-01-27 06:45:36,723 - INFO - [The Hindu] Page content loaded.
2026-01-27 06:45:36,819 - INFO - [The Hindu] Success with 'selenium_browser'. Found content (126 words).
2026-01-27 06:45:36,994 - INFO - Saved article: Elderly man beaten to death over ‘witchcraft’ suspicion in Jharkhand’s Palamu - The Hindu from The Hindu
2026-01-27 06:45:37,860 - INFO - [The Hindu] Article: https://www.thehindu.com/news/national/kerala/youth-arrested-for-alleged-murder-of-woman-in-keralas-kozhikode/article70555383.ece
2026-01-27 06:45:37,860 - INFO - [The Hindu] Attempt 1/1: Trying with 'selenium_browser' strategy...
2026-01-27 06:45:39,521 - INFO - [The Hindu] Page content loaded.
2026-01-27 06:45:39,887 - INFO - [The Hindu] Success with 'selenium_browser'. Found content (128 words).
2026-01-27 06:45:39,979 - INFO - Saved article: Man arrested for alleged murder of woman in Kerala’s Kozhikode - The Hindu from The Hindu
2026-01-27 06:45:40,702 - INFO - [The Hindu] Article: https://www.thehindu.com/news/cities/Hyderabad/laryngectomy-survivors-set-world-record-with-national-anthem-recital-at-hyderabad-cancer-hospital/article70553901.ece
2026-01-27 06:45:40,702 - INFO - [The Hindu] Attempt 1/1: Trying with 'selenium_browser' strategy...
2026-01-27 06:45:41,415 - INFO - [The Hindu] Page content loaded.
2026-01-27 06:45:41,493 - INFO - [The Hindu] Success with 'selenium_browser'. Found content (184 words).
2026-01-27 06:45:41,571 - INFO - Saved article: Laryngectomy survivors set world record with national anthem recital at Hyderabad cancer hospital - The Hindu from The Hindu
2026-01-27 06:45:42,667 - INFO - [The Hindu] Article: https://www.thehindu.com/business/Industry/indian-oil-to-raise-brazilian-crude-purchases-as-russian-imports-slow-executive-says/article70555391.ece
2026-01-27 06:45:42,667 - INFO - [The Hindu] Attempt 1/1: Trying with 'selenium_browser' strategy...
2026-01-27 06:45:47,917 - INFO - [The Hindu] Page content loaded.
2026-01-27 06:45:48,082 - INFO - [The Hindu] Success with 'selenium_browser'. Found content (216 words).
2026-01-27 06:45:48,165 - INFO - Saved article: Indian Oil to raise Brazilian crude purchases as Russian imports slow, executive says - The Hindu from The Hindu
2026-01-27 06:45:49,108 - INFO - [The Hindu] Article: https://www.thehindu.com/news/national/telangana/200-more-stray-dogs-killed-in-telanganas-pathipaka-village/article70555364.ece
2026-01-27 06:45:49,108 - INFO - [The Hindu] Attempt 1/1: Trying with 'selenium_browser' strategy...
2026-01-27 06:45:51,596 - INFO - [The Hindu] Page content loaded.
2026-01-27 06:45:51,756 - INFO - [The Hindu] Success with 'selenium_browser'. Found content (389 words).
2026-01-27 06:45:51,880 - INFO - Saved article: 200 more stray dogs killed in Telangana’s Pathipaka village - The Hindu from The Hindu
2026-01-27 06:45:52,652 - INFO - [The Hindu] Article: https://www.thehindu.com/business/Industry/china-halts-sale-of-sun-pharma-drug-used-to-treat-dementia/article70555358.ece
2026-01-27 06:45:52,652 - INFO - [The Hindu] Attempt 1/1: Trying with 'selenium_browser' strategy...
2026-01-27 06:45:53,261 - INFO - [The Hindu] Page content loaded.
2026-01-27 06:45:53,388 - INFO - [The Hindu] Success with 'selenium_browser'. Found content (164 words).
2026-01-27 06:45:53,465 - INFO - Saved article: China halts sale of Sun Pharma drug used to treat dementia - The Hindu from The Hindu
2026-01-27 06:45:54,505 - INFO - [The Hindu] Article: https://www.thehindu.com/news/national/tamil-nadu/jana-nayagan-censor-row-madras-high-court-sets-aside-single-judges-order-in-favour-of-actor-vijays-movie/article70555168.ece
2026-01-27 06:45:54,505 - INFO - [The Hindu] Attempt 1/1: Trying with 'selenium_browser' strategy...
2026-01-27 06:45:56,476 - INFO - [The Hindu] Page content loaded.
2026-01-27 06:45:56,774 - INFO - [The Hindu] Success with 'selenium_browser'. Found content (1054 words).
2026-01-27 06:45:56,849 - INFO - Saved article: Jana Nayagan release date hearing: Madras High Court sets aside single judge’s order in favour of actor Vijay’s film - The Hindu from The Hindu
2026-01-27 06:45:58,139 - INFO - [The Hindu] (Thread) Finished. Attempting to shut down its Selenium driver.
2026-01-27 06:45:58,304 - INFO - [The Hindu] (Thread) driver.quit() successful.
2026-01-27 06:46:09,032 - INFO - [Times of India] Page content loaded.
2026-01-27 06:46:09,356 - INFO - [Times of India] Success with 'selenium_browser'. Found content (874 words).
2026-01-27 06:46:09,470 - INFO - Saved article: Nipah Virus Alert: Is the UAE at risk following the India outbreak? | World News - The Times of India from Times of India
2026-01-27 06:46:10,667 - INFO - [Times of India] Article: https://timesofindia.indiatimes.com/world/us/who-is-tom-homan-donald-trumps-point-man-sent-to-minneapolis-as-protests-erupt-over-ice-raids/articleshow/127597280.cms
2026-01-27 06:46:10,667 - INFO - [Times of India] Attempt 1/1: Trying with 'selenium_browser' strategy...
2026-01-27 06:46:40,331 - INFO - [Times of India] Page content loaded.
2026-01-27 06:46:40,511 - INFO - [Times of India] Success with 'selenium_browser'. Found content (411 words).
2026-01-27 06:46:40,617 - INFO - Saved article: Who is Tom Homan? Donald Trump’s point man sent to Minneapolis as protests erupt over ICE raids - The Times of India from Times of India
2026-01-27 06:46:41,187 - INFO - [Times of India] Article: https://timesofindia.indiatimes.com/world/middle-east/uae-reiterates-ban-on-use-of-its-territory-for-hostile-actions-against-iran/articleshow/127598159.cms
2026-01-27 06:46:41,187 - INFO - [Times of India] Attempt 1/1: Trying with 'selenium_browser' strategy...
2026-01-27 06:46:41,800 - INFO - [Times of India] Page content loaded.
2026-01-27 06:46:41,886 - INFO - [Times of India] Success with 'selenium_browser'. Found content (249 words).
2026-01-27 06:46:41,934 - INFO - Saved article: UAE reiterates ban on use of its territory for hostile actions against Iran | World News - The Times of India from Times of India
2026-01-27 06:46:43,349 - INFO - [Times of India] Article: https://timesofindia.indiatimes.com/world/middle-east/uae-weather-forecast-foggy-mornings-and-humid-conditions-expected-this-week/articleshow/127596206.cms
2026-01-27 06:46:43,349 - INFO - [Times of India] Attempt 1/1: Trying with 'selenium_browser' strategy...
2026-01-27 06:46:44,639 - INFO - [Times of India] Page content loaded.
2026-01-27 06:46:44,736 - INFO - [Times of India] Success with 'selenium_browser'. Found content (369 words).
2026-01-27 06:46:44,801 - INFO - Saved article: UAE weather forecast: Foggy mornings and humid conditions expected this week | World News - The Times of India from Times of India
2026-01-27 06:46:46,144 - INFO - [Times of India] Article: https://timesofindia.indiatimes.com/world/us/us-winter-storm-havoc-at-least-30-dead-over-half-a-million-without-power-all-you-need-to-know/articleshow/127593065.cms
2026-01-27 06:46:46,144 - INFO - [Times of India] Attempt 1/1: Trying with 'selenium_browser' strategy...
2026-01-27 06:46:47,385 - INFO - [Times of India] Page content loaded.
2026-01-27 06:46:47,515 - INFO - [Times of India] Success with 'selenium_browser'. Found content (1099 words).
2026-01-27 06:46:47,567 - INFO - Saved article: US winter storm havoc: At least 30 dead, over half a million without power — all you need to know - The Times of India from Times of India
2026-01-27 06:46:48,644 - INFO - [Times of India] Article: https://timesofindia.indiatimes.com/world/us/trump-doesnt-want-violence-on-us-streets-white-house-defends-immigration-crackdown-after-alex-pretti-killing-in-minneapolis/articleshow/127589308.cms
2026-01-27 06:46:48,644 - INFO - [Times of India] Attempt 1/1: Trying with 'selenium_browser' strategy...
2026-01-27 06:46:50,169 - INFO - [Times of India] Page content loaded.
2026-01-27 06:46:50,281 - INFO - [Times of India] Success with 'selenium_browser'. Found content (300 words).
2026-01-27 06:46:50,360 - INFO - Saved article: ‘Trump doesn’t want violence on US streets’: White House defends immigration crackdown after Alex Pretti killing in Minneapolis - The Times of India from Times of India
2026-01-27 06:46:51,478 - INFO - [Times of India] Article: https://timesofindia.indiatimes.com/world/uk/stonehenge-mystery-solved-study-reveals-how-25-tonne-stones-reached-the-site-in-southern-england/articleshow/127561744.cms
2026-01-27 06:46:51,478 - INFO - [Times of India] Attempt 1/1: Trying with 'selenium_browser' strategy...
2026-01-27 06:46:52,855 - INFO - [Times of India] Page content loaded.
2026-01-27 06:46:52,977 - INFO - [Times of India] Success with 'selenium_browser'. Found content (625 words).
2026-01-27 06:46:53,036 - INFO - Saved article: Stonehenge mystery solved? Study reveals how 25-tonne stones reached the site in southern England | World News - The Times of India from Times of India
2026-01-27 06:46:54,375 - INFO - [Times of India] Article: https://timesofindia.indiatimes.com/world/europe/good-luck-keep-on-dreaming-nato-chief-issues-blunt-warning-to-europe-on-us-role/articleshow/127594745.cms
2026-01-27 06:46:54,375 - INFO - [Times of India] Attempt 1/1: Trying with 'selenium_browser' strategy...
2026-01-27 06:46:55,858 - INFO - [Times of India] Page content loaded.
2026-01-27 06:46:55,982 - INFO - [Times of India] Success with 'selenium_browser'. Found content (463 words).
2026-01-27 06:46:56,048 - INFO - Duplicate article skipped: 'Good luck, keep on dreaming': Nato chief issues blunt warning to Europe on US role - The Times of India from Times of India
2026-01-27 06:46:56,734 - INFO - [Times of India] Article: https://timesofindia.indiatimes.com/world/us/why-marco-rubio-pretends-to-be-a-mummy-on-air-force-one-inside-trumps-sleepless-flights/articleshow/127586130.cms
2026-01-27 06:46:56,734 - INFO - [Times of India] Attempt 1/1: Trying with 'selenium_browser' strategy...
2026-01-27 06:46:57,490 - INFO - [Times of India] Page content loaded.
2026-01-27 06:46:57,594 - INFO - [Times of India] Success with 'selenium_browser'. Found content (459 words).
2026-01-27 06:46:57,647 - INFO - Duplicate article skipped: Why Marco Rubio pretends to be a ‘mummy’ on Air Force One? Inside Trump’s sleepless flights - The Times of India from Times of India
2026-01-27 06:46:58,400 - INFO - [Times of India] Article: https://timesofindia.indiatimes.com/world/us-streamers/brandon-paul-breaks-down-after-tiktok-star-mackenzie-paul-dies-at-26-following-three-year-battle-with-acute-myeloid-leukaemia/articleshow/127581603.cms
2026-01-27 06:46:58,400 - INFO - [Times of India] Attempt 1/1: Trying with 'selenium_browser' strategy...
2026-01-27 06:46:59,354 - INFO - [Times of India] Page content loaded.
2026-01-27 06:46:59,457 - INFO - [Times of India] Success with 'selenium_browser'. Found content (435 words).
2026-01-27 06:46:59,506 - INFO - Duplicate article skipped: Brandon Paul breaks down after TikTok star MacKenzie Paul dies at 26 following three year battle with acute myeloid leukaemia - The Times of India from Times of India
2026-01-27 06:47:00,792 - INFO - [Times of India] (Thread) Finished. Attempting to shut down its Selenium driver.
2026-01-27 06:47:01,128 - INFO - [Times of India] (Thread) driver.quit() successful.
2026-01-27 06:47:01,128 - INFO - Shutting down thread pool (wait=False)...
2026-01-27 06:47:01,128 - INFO - Scraped: 2 BBC, 7 Times of India, 10 The Hindu, 0 The Guardian articles. (Total saved: 19)
2026-01-27 06:47:01,128 - INFO - --- Scraping job finished ---
2026-01-27 06:47:01,135 - INFO - --- Scraper service stopped and database connection closed. ---
2026-01-27 06:47:01,135 - INFO - --- Main thread finished. Forcing process exit to kill zombie threads. ---
