2025-12-22 18:38:06,545 - INFO - Initializing database connection at: news_articles.db
2025-12-22 18:38:06,546 - INFO - --- Scraper service started (CI Mode: Run Once) ---
2025-12-22 18:38:06,546 - INFO - --- Starting new scraping job (Parallel Mode) ---
2025-12-22 18:38:06,546 - INFO - Creating new robust session with 3 retries on 5xx/connection/read errors.
2025-12-22 18:38:06,546 - INFO - Proxy is DISABLED.
2025-12-22 18:38:06,546 - INFO - Starting scrape for BBC RSS feed: http://feeds.bbci.co.uk/news/world/rss.xml
2025-12-22 18:38:06,547 - INFO - [Times of India] (Thread) requires Selenium. Initializing driver...
2025-12-22 18:38:06,547 - INFO - Initializing headless Selenium Chrome driver (using SeleniumManager)...
2025-12-22 18:38:06,547 - INFO - Starting scrape for The Guardian RSS feed: https://www.theguardian.com/world/rss
2025-12-22 18:38:06,548 - INFO - [The Hindu] (Thread) requires Selenium. Initializing driver...
2025-12-22 18:38:06,548 - INFO - Initializing headless Selenium Chrome driver (using SeleniumManager)...
2025-12-22 18:38:06,548 - INFO - Submitted 4 jobs to thread pool. Waiting up to 300s for completion...
2025-12-22 18:38:06,677 - INFO - Found 45 articles in The Guardian RSS feed. Processing up to 10.
2025-12-22 18:38:06,677 - INFO - [The Guardian] Article: https://www.theguardian.com/world/2025/dec/22/freed-nigerian-schoolchildren-set-to-be-reunited-with-families
2025-12-22 18:38:06,678 - INFO - [The Guardian] Attempt 1/1: Trying with 'requests_browser' strategy...
2025-12-22 18:38:06,791 - INFO - [The Guardian] Success with 'requests_browser'. Found content (366 words).
2025-12-22 18:38:06,825 - INFO - Duplicate article skipped: Freed Nigerian schoolchildren to be reunited with families | Nigeria | The Guardian from The Guardian
2025-12-22 18:38:07,151 - INFO - Found 32 articles in BBC RSS feed. Processing up to 10.
2025-12-22 18:38:07,152 - INFO - [BBC] Article: https://www.bbc.com/news/articles/ckgmd132ge4o?at_medium=RSS&at_campaign=rss
2025-12-22 18:38:07,152 - INFO - [BBC] Attempt 1/1: Trying with 'requests_browser' strategy...
2025-12-22 18:38:07,384 - INFO - [The Guardian] Article: https://www.theguardian.com/world/2025/dec/21/more-kidnapped-schoolchildren-freed-in-nigeria
2025-12-22 18:38:07,384 - INFO - [The Guardian] Attempt 1/1: Trying with 'requests_browser' strategy...
2025-12-22 18:38:07,407 - INFO - [The Guardian] Success with 'requests_browser'. Found content (382 words).
2025-12-22 18:38:07,442 - INFO - Duplicate article skipped: Another 130 kidnapped schoolchildren released in Nigeria | Nigeria | The Guardian from The Guardian
2025-12-22 18:38:07,519 - INFO - [BBC] Success with 'requests_browser'. Found content (729 words).
2025-12-22 18:38:07,556 - INFO - Duplicate article skipped: New Trump envoy says he will serve to make Greenland part of US from BBC
2025-12-22 18:38:08,257 - INFO - [The Guardian] Article: https://www.theguardian.com/uk-news/2025/dec/21/manchester-museum-uncover-hidden-histories-africa-hub
2025-12-22 18:38:08,257 - INFO - [The Guardian] Attempt 1/1: Trying with 'requests_browser' strategy...
2025-12-22 18:38:08,284 - INFO - [The Guardian] Success with 'requests_browser'. Found content (543 words).
2025-12-22 18:38:08,335 - INFO - Duplicate article skipped: Manchester Museum seeks help to uncover hidden histories of African collection | Manchester | The Guardian from The Guardian
2025-12-22 18:38:08,505 - INFO - [BBC] Article: https://www.bbc.com/news/articles/c8jwn9wznx1o?at_medium=RSS&at_campaign=rss
2025-12-22 18:38:08,505 - INFO - [BBC] Attempt 1/1: Trying with 'requests_browser' strategy...
2025-12-22 18:38:08,532 - INFO - [BBC] Success with 'requests_browser'. Found content (334 words).
2025-12-22 18:38:08,566 - INFO - Duplicate article skipped: Russian general killed by car bomb in Moscow, officials say from BBC
2025-12-22 18:38:08,979 - INFO - Selenium driver initialized successfully.
2025-12-22 18:38:08,979 - INFO - Starting scrape for Times of India RSS feed: https://timesofindia.indiatimes.com/rssfeeds/296589292.cms
2025-12-22 18:38:08,980 - INFO - Selenium driver initialized successfully.
2025-12-22 18:38:08,980 - INFO - Starting scrape for The Hindu RSS feed: https://www.thehindu.com/news/national/feeder/default.rss
2025-12-22 18:38:09,142 - INFO - Found 100 articles in The Hindu RSS feed. Processing up to 10.
2025-12-22 18:38:09,143 - INFO - [The Hindu] Article: https://www.thehindu.com/news/national/andhra-pradesh/govt-committed-to-welfare-of-christians-says-ap-cm-naidu/article70427204.ece
2025-12-22 18:38:09,143 - INFO - [The Hindu] Attempt 1/1: Trying with 'selenium_browser' strategy...
2025-12-22 18:38:09,150 - INFO - Found 20 articles in Times of India RSS feed. Processing up to 10.
2025-12-22 18:38:09,150 - INFO - [Times of India] Article: https://timesofindia.indiatimes.com/world/us/embarrassment-fbi-director-kash-patel-under-fire-for-using-taxpayer-funded-armoured-bmw-x5-new-jet-demand/articleshow/126127095.cms
2025-12-22 18:38:09,150 - INFO - [Times of India] Attempt 1/1: Trying with 'selenium_browser' strategy...
2025-12-22 18:38:09,607 - INFO - [The Guardian] Article: https://www.theguardian.com/global-development/2025/dec/21/sweden-and-germany-slash-aid-budgets-to-focus-on-ukraine-and-defence-spending
2025-12-22 18:38:09,607 - INFO - [The Guardian] Attempt 1/1: Trying with 'requests_browser' strategy...
2025-12-22 18:38:09,647 - INFO - [The Guardian] Success with 'requests_browser'. Found content (721 words).
2025-12-22 18:38:09,711 - INFO - Duplicate article skipped: Sweden and Germany slash aid budgets to focus on Ukraine and defence spending | Global development | The Guardian from The Guardian
2025-12-22 18:38:10,049 - INFO - [BBC] Article: https://www.bbc.com/news/articles/c2084n1pyvdo?at_medium=RSS&at_campaign=rss
2025-12-22 18:38:10,049 - INFO - [BBC] Attempt 1/1: Trying with 'requests_browser' strategy...
2025-12-22 18:38:10,108 - INFO - [BBC] Success with 'requests_browser'. Found content (1054 words).
2025-12-22 18:38:10,202 - INFO - Saved article: Baby Siwar back in hospital in Gaza after returning from treatment in Jordan from BBC
2025-12-22 18:38:10,884 - INFO - [The Guardian] Article: https://www.theguardian.com/world/2025/dec/21/gunmen-johannesburg-township-in-south-africas-second-mass-shooting-within-weeks
2025-12-22 18:38:10,884 - INFO - [The Guardian] Attempt 1/1: Trying with 'requests_browser' strategy...
2025-12-22 18:38:11,008 - INFO - [The Guardian] Success with 'requests_browser'. Found content (473 words).
2025-12-22 18:38:11,062 - INFO - [BBC] Article: https://www.bbc.com/news/articles/cz0n51p00jmo?at_medium=RSS&at_campaign=rss
2025-12-22 18:38:11,062 - INFO - [BBC] Attempt 1/1: Trying with 'requests_browser' strategy...
2025-12-22 18:38:11,225 - INFO - Duplicate article skipped: Gunmen kill nine in Johannesburg township in South Africa’s second mass shooting this month | South Africa | The Guardian from The Guardian
2025-12-22 18:38:11,234 - INFO - [BBC] Success with 'requests_browser'. Found content (352 words).
2025-12-22 18:38:11,326 - INFO - Duplicate article skipped: Élysée Palace staff member to stand trial over theft of precious tableware from BBC
2025-12-22 18:38:12,518 - INFO - [BBC] Article: https://www.bbc.com/news/articles/c5ydej888n9o?at_medium=RSS&at_campaign=rss
2025-12-22 18:38:12,518 - INFO - [BBC] Attempt 1/1: Trying with 'requests_browser' strategy...
2025-12-22 18:38:12,616 - INFO - [BBC] Success with 'requests_browser'. Found content (653 words).
2025-12-22 18:38:12,724 - INFO - [The Guardian] Article: https://www.theguardian.com/world/2025/dec/22/ecuador-guayaquil-four-military-sentenced
2025-12-22 18:38:12,724 - INFO - [The Guardian] Attempt 1/1: Trying with 'requests_browser' strategy...
2025-12-22 18:38:12,908 - INFO - Duplicate article skipped: Thailand, Cambodia agree to talks in bid to end deadly conflict - minister from BBC
2025-12-22 18:38:12,938 - INFO - [The Guardian] Success with 'requests_browser'. Found content (578 words).
2025-12-22 18:38:13,076 - INFO - Saved article: Ecuador court sentences 11 air force troops over disappearance of four boys | Ecuador | The Guardian from The Guardian
2025-12-22 18:38:13,443 - INFO - [BBC] Article: https://www.bbc.com/news/articles/ce86l95gx5po?at_medium=RSS&at_campaign=rss
2025-12-22 18:38:13,443 - INFO - [BBC] Attempt 1/1: Trying with 'requests_browser' strategy...
2025-12-22 18:38:13,636 - INFO - [BBC] Success with 'requests_browser'. Found content (919 words).
2025-12-22 18:38:13,727 - INFO - Duplicate article skipped: Bondi gunmen 'meticulously' planned attack for months, police allege from BBC
2025-12-22 18:38:14,570 - INFO - [The Guardian] Article: https://www.theguardian.com/media/2025/dec/22/cbs-pulls-60-minutes-segment-el-salvador-prison
2025-12-22 18:38:14,570 - INFO - [The Guardian] Attempt 1/1: Trying with 'requests_browser' strategy...
2025-12-22 18:38:14,725 - INFO - [The Hindu] Page content loaded.
2025-12-22 18:38:14,783 - INFO - [BBC] Article: https://www.bbc.com/news/articles/cd74ldr2zryo?at_medium=RSS&at_campaign=rss
2025-12-22 18:38:14,784 - INFO - [BBC] Attempt 1/1: Trying with 'requests_browser' strategy...
2025-12-22 18:38:14,955 - INFO - [The Guardian] Success with 'requests_browser'. Found content (1190 words).
2025-12-22 18:38:15,182 - INFO - [BBC] Success with 'requests_browser'. Found content (531 words).
2025-12-22 18:38:15,387 - INFO - Saved article: Outrage after CBS pulls 60 Minutes segment on El Salvador’s Cecot prison | CBS | The Guardian from The Guardian
2025-12-22 18:38:15,419 - INFO - [The Hindu] Success with 'selenium_browser'. Found content (144 words).
2025-12-22 18:38:15,439 - INFO - Duplicate article skipped: Gold and silver hit records as investors hunt for safety from BBC
2025-12-22 18:38:15,617 - INFO - Saved article: Govt. committed to welfare of Christians, says A.P. CM Naidu - The Hindu from The Hindu
2025-12-22 18:38:16,245 - INFO - [The Hindu] Article: https://www.thehindu.com/news/national/andhra-pradesh/fetal-anomalies-scanning-unit-set-up-in-7-secondary-hospitals-in-state/article70427145.ece
2025-12-22 18:38:16,246 - INFO - [The Hindu] Attempt 1/1: Trying with 'selenium_browser' strategy...
2025-12-22 18:38:16,249 - INFO - [The Guardian] Article: https://www.theguardian.com/media/2025/dec/22/cbs-news-delays-60-minutes-segment-featuring-investigation-into-cecot-megaprison
2025-12-22 18:38:16,249 - INFO - [The Guardian] Attempt 1/1: Trying with 'requests_browser' strategy...
2025-12-22 18:38:16,345 - INFO - [The Guardian] Success with 'requests_browser'. Found content (1052 words).
2025-12-22 18:38:16,449 - INFO - Duplicate article skipped: CBS News delays 60 Minutes segment on El Salvador’s Cecot mega-prison | CBS | The Guardian from The Guardian
2025-12-22 18:38:16,734 - INFO - [BBC] Article: https://www.bbc.com/news/articles/c5y2veyg1pno?at_medium=RSS&at_campaign=rss
2025-12-22 18:38:16,734 - INFO - [BBC] Attempt 1/1: Trying with 'requests_browser' strategy...
2025-12-22 18:38:16,919 - INFO - [BBC] Success with 'requests_browser'. Found content (529 words).
2025-12-22 18:38:17,064 - INFO - Saved article: Detty December: Ghana diaspora official doesn't want term linked to his country from BBC
2025-12-22 18:38:17,209 - INFO - [The Guardian] Article: https://www.theguardian.com/world/2025/dec/22/man-jailed-1335-years-el-salvador-sentences-ms-13-gang-members
2025-12-22 18:38:17,209 - INFO - [The Guardian] Attempt 1/1: Trying with 'requests_browser' strategy...
2025-12-22 18:38:17,254 - INFO - [The Guardian] Success with 'requests_browser'. Found content (273 words).
2025-12-22 18:38:17,362 - INFO - Duplicate article skipped: Man jailed for 1,335 years as El Salvador sentences almost 250 MS-13 gang members | El Salvador | The Guardian from The Guardian
2025-12-22 18:38:17,797 - INFO - [BBC] Article: https://www.bbc.com/news/articles/cdd5j9jdvy9o?at_medium=RSS&at_campaign=rss
2025-12-22 18:38:17,797 - INFO - [BBC] Attempt 1/1: Trying with 'requests_browser' strategy...
2025-12-22 18:38:17,881 - INFO - [BBC] Success with 'requests_browser'. Found content (772 words).
2025-12-22 18:38:18,035 - INFO - Duplicate article skipped: US lawmakers threaten Pam Bondi with contempt action over unreleased Epstein material from BBC
2025-12-22 18:38:18,225 - INFO - [The Guardian] Article: https://www.theguardian.com/us-news/2025/dec/21/coast-guard-pursuing-oil-tanker-venezuela-coast
2025-12-22 18:38:18,225 - INFO - [The Guardian] Attempt 1/1: Trying with 'requests_browser' strategy...
2025-12-22 18:38:18,469 - INFO - [The Guardian] Success with 'requests_browser'. Found content (651 words).
2025-12-22 18:38:18,657 - INFO - Duplicate article skipped: US Coast Guard pursuing another oil tanker off coast of Venezuela | Trump administration | The Guardian from The Guardian
2025-12-22 18:38:19,032 - INFO - [BBC] Article: https://www.bbc.com/news/articles/cn5lnzlvqg2o?at_medium=RSS&at_campaign=rss
2025-12-22 18:38:19,032 - INFO - [BBC] Attempt 1/1: Trying with 'requests_browser' strategy...
2025-12-22 18:38:19,149 - INFO - [BBC] Success with 'requests_browser'. Found content (529 words).
2025-12-22 18:38:19,226 - INFO - Duplicate article skipped: US and Ukraine call Miami talks productive despite no breakthrough from BBC
2025-12-22 18:38:21,682 - INFO - [The Hindu] Page content loaded.
2025-12-22 18:38:21,928 - INFO - [The Hindu] Success with 'selenium_browser'. Found content (195 words).
2025-12-22 18:38:22,076 - INFO - Saved article: Fetal anomalies scanning unit set up in 7 secondary hospitals in State - The Hindu from The Hindu
2025-12-22 18:38:22,756 - INFO - [The Hindu] Article: https://www.thehindu.com/news/national/kerala/5th-edition-of-beypore-water-fest-to-give-prominence-to-local-talent/article70426589.ece
2025-12-22 18:38:22,756 - INFO - [The Hindu] Attempt 1/1: Trying with 'selenium_browser' strategy...
2025-12-22 18:38:24,442 - INFO - [The Hindu] Page content loaded.
2025-12-22 18:38:24,634 - INFO - [The Hindu] Success with 'selenium_browser'. Found content (399 words).
2025-12-22 18:38:25,135 - INFO - Saved article: 5th edition of Beypore water fest to give prominence to local talent - The Hindu from The Hindu
2025-12-22 18:38:25,683 - INFO - [The Hindu] Article: https://www.thehindu.com/news/national/kerala/two-tanks-within-kochi-corporation-limits-need-urgent-intervention-says-kwa/article70423528.ece
2025-12-22 18:38:25,683 - INFO - [The Hindu] Attempt 1/1: Trying with 'selenium_browser' strategy...
2025-12-22 18:38:32,045 - INFO - [The Hindu] Page content loaded.
2025-12-22 18:38:32,221 - INFO - [The Hindu] Success with 'selenium_browser'. Found content (269 words).
2025-12-22 18:38:32,318 - INFO - Saved article: Two tanks within Kochi Corporation limits need urgent intervention, says KWA - The Hindu from The Hindu
2025-12-22 18:38:33,623 - INFO - [The Hindu] Article: https://www.thehindu.com/business/cbi-banks-hold-meet-to-fast-track-fraud-investigations/article70426045.ece
2025-12-22 18:38:33,623 - INFO - [The Hindu] Attempt 1/1: Trying with 'selenium_browser' strategy...
2025-12-22 18:38:39,605 - INFO - [The Hindu] Page content loaded.
2025-12-22 18:38:39,701 - INFO - [The Hindu] Success with 'selenium_browser'. Found content (357 words).
2025-12-22 18:38:39,780 - INFO - Saved article: CBI, banks hold meet to fast-track fraud investigations - The Hindu from The Hindu
2025-12-22 18:38:41,000 - INFO - [The Hindu] Article: https://www.thehindu.com/news/national/telangana/ugandan-national-deported-from-hyderabad-for-illegal-stay-and-suspected-drug-trafficking-links/article70426083.ece
2025-12-22 18:38:41,000 - INFO - [The Hindu] Attempt 1/1: Trying with 'selenium_browser' strategy...
2025-12-22 18:38:43,083 - INFO - [The Hindu] Page content loaded.
2025-12-22 18:38:43,149 - INFO - [The Hindu] Success with 'selenium_browser'. Found content (350 words).
2025-12-22 18:38:43,219 - INFO - Saved article: Ugandan national deported from Hyderabad for illegal stay and suspected drug trafficking links - The Hindu from The Hindu
2025-12-22 18:38:44,065 - INFO - [The Hindu] Article: https://www.thehindu.com/news/national/jammu-and-kashmir/kishtwar-shutdown-after-bjp-calls-for-street-protests-over-attacks-on-hindus-in-bangladesh/article70426932.ece
2025-12-22 18:38:44,065 - INFO - [The Hindu] Attempt 1/1: Trying with 'selenium_browser' strategy...
2025-12-22 18:38:44,763 - INFO - [The Hindu] Page content loaded.
2025-12-22 18:38:44,809 - INFO - [The Hindu] Success with 'selenium_browser'. Found content (213 words).
2025-12-22 18:38:44,868 - INFO - Saved article: Kishtwar ‘shutdown’ after BJP calls for street protests over attacks on Hindus in Bangladesh - The Hindu from The Hindu
2025-12-22 18:38:46,064 - INFO - [The Hindu] Article: https://www.thehindu.com/news/national/telangana/cirdapreeds-launch-international-rural-innovation-challenge-2026/article70427302.ece
2025-12-22 18:38:46,064 - INFO - [The Hindu] Attempt 1/1: Trying with 'selenium_browser' strategy...
2025-12-22 18:38:47,846 - INFO - [The Hindu] Page content loaded.
2025-12-22 18:38:48,008 - INFO - [The Hindu] Success with 'selenium_browser'. Found content (226 words).
2025-12-22 18:38:48,109 - INFO - Saved article: CIRDAP–REEDS Launch International Rural Innovation Challenge 2026 - The Hindu from The Hindu
2025-12-22 18:38:49,578 - INFO - [The Hindu] Article: https://www.thehindu.com/news/national/ashok-gehlot-accuses-centre-of-selling-aravallis-alleges-conspiracy-behind-policy-changes/article70427128.ece
2025-12-22 18:38:49,578 - INFO - [The Hindu] Attempt 1/1: Trying with 'selenium_browser' strategy...
2025-12-22 18:38:50,376 - INFO - [The Hindu] Page content loaded.
2025-12-22 18:38:50,477 - INFO - [The Hindu] Success with 'selenium_browser'. Found content (291 words).
2025-12-22 18:38:50,620 - INFO - Saved article: Ashok Gehlot accuses Centre of ‘selling’ Aravallis, alleges conspiracy behind policy changes - The Hindu from The Hindu
2025-12-22 18:38:51,436 - INFO - [The Hindu] Article: https://www.thehindu.com/news/national/tamil-nadu/prepare-for-multiple-possibilities-while-navigating-uncertainty-of-career-choices-say-experts-at-webinar/article70426554.ece
2025-12-22 18:38:51,436 - INFO - [The Hindu] Attempt 1/1: Trying with 'selenium_browser' strategy...
2025-12-22 18:38:53,637 - INFO - [The Hindu] Page content loaded.
2025-12-22 18:38:53,714 - INFO - [The Hindu] Success with 'selenium_browser'. Found content (293 words).
2025-12-22 18:38:53,789 - INFO - Saved article: Prepare for multiple possibilities while navigating uncertainty of career choices, say experts at webinar - The Hindu from The Hindu
2025-12-22 18:38:54,702 - INFO - [The Hindu] (Thread) Finished. Attempting to shut down its Selenium driver.
2025-12-22 18:38:54,881 - INFO - [The Hindu] (Thread) driver.quit() successful.
2025-12-22 18:40:09,243 - ERROR - [Times of India] Request failed for strategy 'selenium_browser' on URL https://timesofindia.indiatimes.com/world/us/embarrassment-fbi-director-kash-patel-under-fire-for-using-taxpayer-funded-armoured-bmw-x5-new-jet-demand/articleshow/126127095.cms: HTTPConnectionPool(host='localhost', port=44003): Read timed out. (read timeout=120)
2025-12-22 18:40:09,243 - ERROR - [Times of India] All scrape strategies failed for https://timesofindia.indiatimes.com/world/us/embarrassment-fbi-director-kash-patel-under-fire-for-using-taxpayer-funded-armoured-bmw-x5-new-jet-demand/articleshow/126127095.cms. Falling back to RSS description.
2025-12-22 18:40:09,245 - INFO - Saved article: ‘Embarrassment’: FBI director Kash Patel under fire for using taxpayer-funded armoured BMW X5, new jet demand from Times of India
2025-12-22 18:40:10,279 - INFO - [Times of India] Article: https://timesofindia.indiatimes.com/world/us/marjorie-taylor-greene-says-venezuelas-maduro-critical-of-israel-opposition-maria-corina-machado-backs-strong-ties-with-jerusalem/articleshow/126125928.cms
2025-12-22 18:40:10,279 - INFO - [Times of India] Attempt 1/1: Trying with 'selenium_browser' strategy...
2025-12-22 18:42:10,380 - ERROR - [Times of India] Request failed for strategy 'selenium_browser' on URL https://timesofindia.indiatimes.com/world/us/marjorie-taylor-greene-says-venezuelas-maduro-critical-of-israel-opposition-maria-corina-machado-backs-strong-ties-with-jerusalem/articleshow/126125928.cms: HTTPConnectionPool(host='localhost', port=44003): Read timed out. (read timeout=120)
2025-12-22 18:42:10,380 - ERROR - [Times of India] All scrape strategies failed for https://timesofindia.indiatimes.com/world/us/marjorie-taylor-greene-says-venezuelas-maduro-critical-of-israel-opposition-maria-corina-machado-backs-strong-ties-with-jerusalem/articleshow/126125928.cms. Falling back to RSS description.
2025-12-22 18:42:10,381 - INFO - Saved article: Marjorie Taylor Greene says Venezuela’s Maduro critical of Israel, opposition Maria Corina Machado backs strong ties with Jerusalem from Times of India
2025-12-22 18:42:11,433 - INFO - [Times of India] Article: https://timesofindia.indiatimes.com/world/us/disturbing-new-epstein-photos-spark-outrage-what-us-doj-has-released-whats-still-hidden/articleshow/126125797.cms
2025-12-22 18:42:11,433 - INFO - [Times of India] Attempt 1/1: Trying with 'selenium_browser' strategy...
2025-12-22 18:43:06,548 - CRITICAL - --- TIMEOUT: 1 scrape jobs did not complete in 300s. ---
2025-12-22 18:43:06,549 - ERROR - A thread has timed out and will be abandoned.
2025-12-22 18:43:06,549 - INFO - Shutting down thread pool (wait=False)...
2025-12-22 18:43:06,549 - INFO - Scraped: 2 BBC, 10 The Hindu, 2 The Guardian, 1 Timed_Out_Jobs articles. (Total saved: 14)
2025-12-22 18:43:06,549 - INFO - --- Scraping job finished ---
2025-12-22 18:43:06,549 - INFO - --- Scraper service stopped and database connection closed. ---
2025-12-22 18:43:06,549 - INFO - --- Main thread finished. Forcing process exit to kill zombie threads. ---
