2026-01-17 04:36:45,999 - INFO - Initializing database connection at: news_articles.db
2026-01-17 04:36:46,000 - INFO - --- Scraper service started (CI Mode: Run Once) ---
2026-01-17 04:36:46,000 - INFO - --- Starting new scraping job (Parallel Mode) ---
2026-01-17 04:36:46,000 - INFO - Creating new robust session with 3 retries on 5xx/connection/read errors.
2026-01-17 04:36:46,000 - INFO - Proxy is DISABLED.
2026-01-17 04:36:46,000 - INFO - Starting scrape for BBC RSS feed: http://feeds.bbci.co.uk/news/world/rss.xml
2026-01-17 04:36:46,001 - INFO - [Times of India] (Thread) requires Selenium. Initializing driver...
2026-01-17 04:36:46,001 - INFO - Initializing headless Selenium Chrome driver (using SeleniumManager)...
2026-01-17 04:36:46,001 - INFO - Starting scrape for The Guardian RSS feed: https://www.theguardian.com/world/rss
2026-01-17 04:36:46,002 - INFO - [The Hindu] (Thread) requires Selenium. Initializing driver...
2026-01-17 04:36:46,002 - INFO - Submitted 4 jobs to thread pool. Waiting up to 300s for completion...
2026-01-17 04:36:46,002 - INFO - Initializing headless Selenium Chrome driver (using SeleniumManager)...
2026-01-17 04:36:46,118 - INFO - Found 45 articles in The Guardian RSS feed. Processing up to 10.
2026-01-17 04:36:46,118 - INFO - [The Guardian] Article: https://www.theguardian.com/world/2026/jan/16/uganda-election-early-results-show-museveni-in-lead-as-violence-reported
2026-01-17 04:36:46,118 - INFO - [The Guardian] Attempt 1/1: Trying with 'requests_browser' strategy...
2026-01-17 04:36:46,152 - INFO - [The Guardian] Success with 'requests_browser'. Found content (674 words).
2026-01-17 04:36:46,200 - INFO - Duplicate article skipped: Uganda’s opposition leader ‘taken by army’ as Museveni nears re-election | Uganda | The Guardian from The Guardian
2026-01-17 04:36:46,289 - INFO - Found 29 articles in BBC RSS feed. Processing up to 10.
2026-01-17 04:36:46,289 - INFO - [BBC] Article: https://www.bbc.com/news/articles/c07xv92vrz2o?at_medium=RSS&at_campaign=rss
2026-01-17 04:36:46,289 - INFO - [BBC] Attempt 1/1: Trying with 'requests_browser' strategy...
2026-01-17 04:36:46,488 - INFO - [BBC] Success with 'requests_browser'. Found content (660 words).
2026-01-17 04:36:46,526 - INFO - Duplicate article skipped: Blair and Rubio among names on Gaza 'Board of Peace' from BBC
2026-01-17 04:36:47,394 - INFO - [BBC] Article: https://www.bbc.com/news/articles/c70lx085z85o?at_medium=RSS&at_campaign=rss
2026-01-17 04:36:47,394 - INFO - [BBC] Attempt 1/1: Trying with 'requests_browser' strategy...
2026-01-17 04:36:47,426 - INFO - [BBC] Success with 'requests_browser'. Found content (754 words).
2026-01-17 04:36:47,461 - INFO - Duplicate article skipped: Exiled crown prince urges world to help protesters topple Iran's government from BBC
2026-01-17 04:36:47,487 - INFO - [The Guardian] Article: https://www.theguardian.com/us-news/2026/jan/15/hepatitis-b-vaccines-study-africa-cancel
2026-01-17 04:36:47,487 - INFO - [The Guardian] Attempt 1/1: Trying with 'requests_browser' strategy...
2026-01-17 04:36:47,513 - INFO - [The Guardian] Success with 'requests_browser'. Found content (1391 words).
2026-01-17 04:36:47,548 - INFO - Duplicate article skipped: Controversial US study on hepatitis B vaccines in Africa is cancelled | Vaccines and immunisation | The Guardian from The Guardian
2026-01-17 04:36:48,356 - INFO - [BBC] Article: https://www.bbc.com/news/articles/czx1wgvpr1zo?at_medium=RSS&at_campaign=rss
2026-01-17 04:36:48,357 - INFO - [BBC] Attempt 1/1: Trying with 'requests_browser' strategy...
2026-01-17 04:36:48,389 - INFO - [BBC] Success with 'requests_browser'. Found content (1019 words).
2026-01-17 04:36:48,426 - INFO - Duplicate article skipped: US justice department investigating Minnesota Democrats over alleged ICE obstruction from BBC
2026-01-17 04:36:48,553 - INFO - [The Guardian] Article: https://www.theguardian.com/environment/2026/jan/16/weather-tracer-extreme-rainfall-inundates-south-africa-mozambique-flood-warning
2026-01-17 04:36:48,553 - INFO - [The Guardian] Attempt 1/1: Trying with 'requests_browser' strategy...
2026-01-17 04:36:48,573 - INFO - [The Guardian] Success with 'requests_browser'. Found content (391 words).
2026-01-17 04:36:48,607 - INFO - Duplicate article skipped: Extreme rainfall inundates South Africa and Mozambique | South Africa | The Guardian from The Guardian
2026-01-17 04:36:49,648 - INFO - [BBC] Article: https://www.bbc.com/news/articles/cj3vlgrl4r2o?at_medium=RSS&at_campaign=rss
2026-01-17 04:36:49,648 - INFO - [BBC] Attempt 1/1: Trying with 'requests_browser' strategy...
2026-01-17 04:36:49,679 - INFO - [BBC] Success with 'requests_browser'. Found content (772 words).
2026-01-17 04:36:49,713 - INFO - Duplicate article skipped: 'I was hit in the face by pellets': Iranians on border describe violence and more protestsand violence during blackout from BBC
2026-01-17 04:36:49,866 - INFO - [The Guardian] Article: https://www.theguardian.com/global-development/2026/jan/16/cloth-wraps-treated-with-insecticide-cut-malaria-cases-in-babies
2026-01-17 04:36:49,866 - INFO - [The Guardian] Attempt 1/1: Trying with 'requests_browser' strategy...
2026-01-17 04:36:49,889 - INFO - [The Guardian] Success with 'requests_browser'. Found content (760 words).
2026-01-17 04:36:49,926 - INFO - Duplicate article skipped: Cloth wraps treated with ‘dirt cheap’ insecticide cut malaria cases in babies | Global health | The Guardian from The Guardian
2026-01-17 04:36:50,306 - INFO - [BBC] Article: https://www.bbc.com/news/articles/c74vdgkw1kzo?at_medium=RSS&at_campaign=rss
2026-01-17 04:36:50,306 - INFO - [BBC] Attempt 1/1: Trying with 'requests_browser' strategy...
2026-01-17 04:36:50,338 - INFO - [BBC] Success with 'requests_browser'. Found content (852 words).
2026-01-17 04:36:50,375 - INFO - Duplicate article skipped: Paracetamol is safe in pregnancy, says new evidence against Trump autism claims from BBC
2026-01-17 04:36:51,354 - INFO - [The Guardian] Article: https://www.theguardian.com/world/2026/jan/16/nigeria-call-overhaul-healthcare-sector-death-bestselling-author-toddler
2026-01-17 04:36:51,354 - INFO - [The Guardian] Attempt 1/1: Trying with 'requests_browser' strategy...
2026-01-17 04:36:51,378 - INFO - [The Guardian] Success with 'requests_browser'. Found content (770 words).
2026-01-17 04:36:51,439 - INFO - Duplicate article skipped: Death of Chimamanda Ngozi Adichie’s son prompts calls for overhaul of Nigeria’s healthcare sector | Nigeria | The Guardian from The Guardian
2026-01-17 04:36:51,625 - INFO - [BBC] Article: https://www.bbc.com/news/articles/c9qpy952xvno?at_medium=RSS&at_campaign=rss
2026-01-17 04:36:51,625 - INFO - [BBC] Attempt 1/1: Trying with 'requests_browser' strategy...
2026-01-17 04:36:51,658 - INFO - [BBC] Success with 'requests_browser'. Found content (941 words).
2026-01-17 04:36:51,700 - INFO - Duplicate article skipped: Trump threatens new tariffs on countries opposed to Greenland takeover as US lawmakers visit Denmark to ease tensions from BBC
2026-01-17 04:36:52,058 - INFO - [The Guardian] Article: https://www.theguardian.com/us-news/2026/jan/16/trump-administration-mistake-college-student-detained
2026-01-17 04:36:52,058 - INFO - [The Guardian] Attempt 1/1: Trying with 'requests_browser' strategy...
2026-01-17 04:36:52,084 - INFO - [The Guardian] Success with 'requests_browser'. Found content (758 words).
2026-01-17 04:36:52,121 - INFO - Duplicate article skipped: Trump administration says deporting college student trying to surprise family was a ‘mistake’ | US immigration | The Guardian from The Guardian
2026-01-17 04:36:52,250 - INFO - [BBC] Article: https://www.bbc.com/news/articles/c78vzye1l2no?at_medium=RSS&at_campaign=rss
2026-01-17 04:36:52,250 - INFO - [BBC] Attempt 1/1: Trying with 'requests_browser' strategy...
2026-01-17 04:36:52,286 - INFO - [BBC] Success with 'requests_browser'. Found content (774 words).
2026-01-17 04:36:52,326 - INFO - Duplicate article skipped: Uganda election results show Yoweri Museveni heading for victory as his main rival Bobi Wine cries foul from BBC
2026-01-17 04:36:52,656 - INFO - [The Guardian] Article: https://www.theguardian.com/world/2026/jan/16/cia-chief-visits-maduro-successor-as-machado-vows-to-become-venezuelas-president
2026-01-17 04:36:52,656 - INFO - [The Guardian] Attempt 1/1: Trying with 'requests_browser' strategy...
2026-01-17 04:36:52,685 - INFO - [The Guardian] Success with 'requests_browser'. Found content (906 words).
2026-01-17 04:36:52,726 - INFO - Duplicate article skipped: CIA chief visits Maduro successor as Machado vows to become Venezuela’s president | Venezuela | The Guardian from The Guardian
2026-01-17 04:36:53,008 - INFO - [BBC] Article: https://www.bbc.com/news/articles/cz7y14ypg2qo?at_medium=RSS&at_campaign=rss
2026-01-17 04:36:53,008 - INFO - [BBC] Attempt 1/1: Trying with 'requests_browser' strategy...
2026-01-17 04:36:53,040 - INFO - [BBC] Success with 'requests_browser'. Found content (524 words).
2026-01-17 04:36:53,071 - INFO - Duplicate article skipped: Machado vows to lead Venezuela 'when right time comes' from BBC
2026-01-17 04:36:53,878 - INFO - [The Guardian] Article: https://www.theguardian.com/world/2026/jan/16/brazil-jair-bolsonaro-reduce-sentence-reading-books
2026-01-17 04:36:53,878 - INFO - [The Guardian] Attempt 1/1: Trying with 'requests_browser' strategy...
2026-01-17 04:36:53,903 - INFO - [The Guardian] Success with 'requests_browser'. Found content (406 words).
2026-01-17 04:36:53,944 - INFO - Duplicate article skipped: Brazil’s Bolsonaro finds novel way to reduce 27-year sentence: reading books | Jair Bolsonaro | The Guardian from The Guardian
2026-01-17 04:36:54,543 - INFO - [BBC] Article: https://www.bbc.com/news/articles/cvgjn5yyeljo?at_medium=RSS&at_campaign=rss
2026-01-17 04:36:54,543 - INFO - [BBC] Attempt 1/1: Trying with 'requests_browser' strategy...
2026-01-17 04:36:54,581 - INFO - [BBC] Success with 'requests_browser'. Found content (754 words).
2026-01-17 04:36:54,618 - INFO - Duplicate article skipped: CIA director had two-hour meeting with new Venezuelan leader in Caracas from BBC
2026-01-17 04:36:54,964 - INFO - [The Guardian] Article: https://www.theguardian.com/world/2026/jan/16/china-canada-partnership-new-global-realities-carney-xi-jinping
2026-01-17 04:36:54,964 - INFO - [The Guardian] Attempt 1/1: Trying with 'requests_browser' strategy...
2026-01-17 04:36:54,994 - INFO - [The Guardian] Success with 'requests_browser'. Found content (608 words).
2026-01-17 04:36:55,044 - INFO - Duplicate article skipped: Canada PM hails strategic partnership with China to adapt to ‘new global realities’ | Canada | The Guardian from The Guardian
2026-01-17 04:36:55,413 - INFO - [BBC] Article: https://www.bbc.com/news/articles/cy59pvkqvl5o?at_medium=RSS&at_campaign=rss
2026-01-17 04:36:55,413 - INFO - [BBC] Attempt 1/1: Trying with 'requests_browser' strategy...
2026-01-17 04:36:55,447 - INFO - [BBC] Success with 'requests_browser'. Found content (929 words).
2026-01-17 04:36:55,488 - INFO - Duplicate article skipped: China and Canada announce tariffs relief after a high-stakes meeting from BBC
2026-01-17 04:36:56,252 - INFO - [The Guardian] Article: https://www.theguardian.com/world/2026/jan/16/julio-iglesias-denies-sexual-abuse-claims-of-two-former-female-employees
2026-01-17 04:36:56,252 - INFO - [The Guardian] Attempt 1/1: Trying with 'requests_browser' strategy...
2026-01-17 04:36:56,274 - INFO - [The Guardian] Success with 'requests_browser'. Found content (505 words).
2026-01-17 04:36:56,309 - INFO - Duplicate article skipped: Julio Iglesias denies sexual abuse claims of two former female employees | Spain | The Guardian from The Guardian
2026-01-17 04:36:56,659 - INFO - Selenium driver initialized successfully.
2026-01-17 04:36:56,659 - INFO - Starting scrape for Times of India RSS feed: https://timesofindia.indiatimes.com/rssfeeds/296589292.cms
2026-01-17 04:36:56,660 - INFO - Selenium driver initialized successfully.
2026-01-17 04:36:56,660 - INFO - Starting scrape for The Hindu RSS feed: https://www.thehindu.com/news/national/feeder/default.rss
2026-01-17 04:36:56,786 - INFO - Found 100 articles in The Hindu RSS feed. Processing up to 10.
2026-01-17 04:36:56,786 - INFO - [The Hindu] Article: https://www.thehindu.com/news/national/karnataka/pursued-by-stray-dogs-bike-rider-drives-into-wall-and-dies-in-belagavi/article70516192.ece
2026-01-17 04:36:56,787 - INFO - [The Hindu] Attempt 1/1: Trying with 'selenium_browser' strategy...
2026-01-17 04:36:56,847 - INFO - Found 20 articles in Times of India RSS feed. Processing up to 10.
2026-01-17 04:36:56,847 - INFO - [Times of India] Article: https://timesofindia.indiatimes.com/world/us/nile-water-sharing-dispute-trump-offers-to-mediate-egypt-ethiopia-fallout-writes-to-al-sisi/articleshow/126599922.cms
2026-01-17 04:36:56,847 - INFO - [Times of India] Attempt 1/1: Trying with 'selenium_browser' strategy...
2026-01-17 04:37:02,889 - INFO - [The Hindu] Page content loaded.
2026-01-17 04:37:03,346 - WARNING - [The Hindu] FAILED with 'selenium_browser' (content was too short: 67 words).
2026-01-17 04:37:03,346 - ERROR - [The Hindu] All scrape strategies failed for https://www.thehindu.com/news/national/karnataka/pursued-by-stray-dogs-bike-rider-drives-into-wall-and-dies-in-belagavi/article70516192.ece. Falling back to RSS description.
2026-01-17 04:37:03,359 - INFO - Saved article: Pursued by stray dogs, bike rider drives into wall and dies in Belagavi from The Hindu
2026-01-17 04:37:04,847 - INFO - [The Hindu] Article: https://www.thehindu.com/news/national/telangana/how-banking-bottlenecks-slow-cybercrime-investigations-in-telangana/article70505752.ece
2026-01-17 04:37:04,847 - INFO - [The Hindu] Attempt 1/1: Trying with 'selenium_browser' strategy...
2026-01-17 04:37:08,773 - INFO - [The Hindu] Page content loaded.
2026-01-17 04:37:08,907 - INFO - [The Hindu] Success with 'selenium_browser'. Found content (853 words).
2026-01-17 04:37:09,033 - INFO - Saved article: How banking bottlenecks slow cybercrime investigations in Telangana - The Hindu from The Hindu
2026-01-17 04:37:09,543 - INFO - [The Hindu] Article: https://www.thehindu.com/news/national/kerala/53-year-old-arrested-after-acid-attack-on-minor-girl-in-keralas-wayanad/article70517575.ece
2026-01-17 04:37:09,544 - INFO - [The Hindu] Attempt 1/1: Trying with 'selenium_browser' strategy...
2026-01-17 04:37:10,380 - INFO - [Times of India] Page content loaded.
2026-01-17 04:37:10,753 - INFO - [Times of India] Success with 'selenium_browser'. Found content (405 words).
2026-01-17 04:37:10,904 - INFO - Saved article: Nile water sharing dispute: Trump offers to mediate Egypt-Ethiopia fallout; writes to Al-Sisi - The Times of India from Times of India
2026-01-17 04:37:12,238 - INFO - [Times of India] Article: https://timesofindia.indiatimes.com/world/us-streamers/tiktok-star-desmond-scott-mystery-woman-revealed-as-houston-model-marissa-springer-days-after-kristy-scott-divorce-filing/articleshow/126592892.cms
2026-01-17 04:37:12,238 - INFO - [Times of India] Attempt 1/1: Trying with 'selenium_browser' strategy...
2026-01-17 04:37:12,888 - INFO - [The Hindu] Page content loaded.
2026-01-17 04:37:13,084 - INFO - [The Hindu] Success with 'selenium_browser'. Found content (166 words).
2026-01-17 04:37:13,281 - INFO - Saved article: 53-year-old arrested after acid attack on minor girl in Kerala’s Wayanad - The Hindu from The Hindu
2026-01-17 04:37:14,058 - INFO - [The Hindu] Article: https://www.thehindu.com/news/national/uttar-pradesh/kgmu-case-vhp-protests-in-lucknow-over-alleged-religious-conversions/article70517552.ece
2026-01-17 04:37:14,058 - INFO - [The Hindu] Attempt 1/1: Trying with 'selenium_browser' strategy...
2026-01-17 04:37:19,182 - INFO - [The Hindu] Page content loaded.
2026-01-17 04:37:19,336 - INFO - [The Hindu] Success with 'selenium_browser'. Found content (545 words).
2026-01-17 04:37:19,463 - INFO - Saved article: KGMU case: VHP protests in Lucknow over alleged religious conversions - The Hindu from The Hindu
2026-01-17 04:37:19,495 - INFO - [Times of India] Page content loaded.
2026-01-17 04:37:19,651 - INFO - [Times of India] Success with 'selenium_browser'. Found content (425 words).
2026-01-17 04:37:19,807 - INFO - Saved article: TikTok star Desmond Scott mystery woman revealed as Houston model Marissa Springer days after Kristy Scott divorce filing - The Times of India from Times of India
2026-01-17 04:37:20,774 - INFO - [The Hindu] Article: https://www.thehindu.com/news/national/punjab/sad-flags-threat-to-majithias-life-inside-jail-seeks-punjab-governors-intervention/article70517533.ece
2026-01-17 04:37:20,774 - INFO - [The Hindu] Attempt 1/1: Trying with 'selenium_browser' strategy...
2026-01-17 04:37:21,199 - INFO - [Times of India] Article: https://timesofindia.indiatimes.com/world/us-streamers/twitch-streamer-mizkif-finally-reveals-what-really-caused-his-physical-fight-with-mitch-jones-after-trying-to-fix-their-feud/articleshow/126596079.cms
2026-01-17 04:37:21,199 - INFO - [Times of India] Attempt 1/1: Trying with 'selenium_browser' strategy...
2026-01-17 04:37:29,821 - INFO - [Times of India] Page content loaded.
2026-01-17 04:37:30,184 - INFO - [Times of India] Success with 'selenium_browser'. Found content (479 words).
2026-01-17 04:37:30,379 - INFO - Saved article: Twitch streamer Mizkif finally reveals what really caused his physical fight with Mitch Jones after trying to fix their feud - The Times of India from Times of India
2026-01-17 04:37:31,173 - INFO - [Times of India] Article: https://timesofindia.indiatimes.com/world/us-streamers/what-are-the-charges-against-youtuber-jack-doherty-as-court-mentions-drug-charges-and-his-january-hearing-absence/articleshow/126595230.cms
2026-01-17 04:37:31,173 - INFO - [Times of India] Attempt 1/1: Trying with 'selenium_browser' strategy...
2026-01-17 04:37:32,201 - INFO - [Times of India] Page content loaded.
2026-01-17 04:37:32,384 - INFO - [Times of India] Success with 'selenium_browser'. Found content (431 words).
2026-01-17 04:37:32,465 - INFO - Saved article: What are the charges against YouTuber Jack Doherty as court mentions drug charges and his January hearing absence - The Times of India from Times of India
2026-01-17 04:37:33,360 - INFO - [Times of India] Article: https://timesofindia.indiatimes.com/world/south-asia/hindu-schoolteachers-house-set-ablaze-in-sylhet/articleshow/126599287.cms
2026-01-17 04:37:33,361 - INFO - [Times of India] Attempt 1/1: Trying with 'selenium_browser' strategy...
2026-01-17 04:37:34,746 - INFO - [Times of India] Page content loaded.
2026-01-17 04:37:34,894 - INFO - [Times of India] Success with 'selenium_browser'. Found content (218 words).
2026-01-17 04:37:34,984 - INFO - Saved article: Hindu schoolteacher's house set ablaze in Bangladesh's Sylhet - The Times of India from Times of India
2026-01-17 04:37:35,694 - INFO - [Times of India] Article: https://timesofindia.indiatimes.com/world/china/beijing-won-its-war-for-blue-skies-but-nearby-villagers-are-paying-the-price/articleshow/126598301.cms
2026-01-17 04:37:35,694 - INFO - [Times of India] Attempt 1/1: Trying with 'selenium_browser' strategy...
2026-01-17 04:37:36,787 - INFO - [Times of India] Page content loaded.
2026-01-17 04:37:36,939 - INFO - [Times of India] Success with 'selenium_browser'. Found content (523 words).
2026-01-17 04:37:37,009 - INFO - Duplicate article skipped: Beijing won its war for blue skies, but nearby villagers are paying the price - The Times of India from Times of India
2026-01-17 04:37:38,198 - INFO - [Times of India] Article: https://timesofindia.indiatimes.com/world/us/us-tells-un-all-options-on-table-iran-warns-will-respond-to-any-aggression/articleshow/126598190.cms
2026-01-17 04:37:38,198 - INFO - [Times of India] Attempt 1/1: Trying with 'selenium_browser' strategy...
2026-01-17 04:37:40,972 - INFO - [Times of India] Page content loaded.
2026-01-17 04:37:41,296 - INFO - [Times of India] Success with 'selenium_browser'. Found content (338 words).
2026-01-17 04:37:41,392 - INFO - Duplicate article skipped: US tells UN all options on table, Iran warns will respond to any aggression - The Times of India from Times of India
2026-01-17 04:37:42,754 - INFO - [Times of India] Article: https://timesofindia.indiatimes.com/world/rest-of-world/nobel-medal-has-been-sold-before/articleshow/126597935.cms
2026-01-17 04:37:42,754 - INFO - [Times of India] Attempt 1/1: Trying with 'selenium_browser' strategy...
2026-01-17 04:37:43,997 - INFO - [Times of India] Page content loaded.
2026-01-17 04:37:44,209 - INFO - [Times of India] Success with 'selenium_browser'. Found content (208 words).
2026-01-17 04:37:44,268 - INFO - Saved article: Nobel medal has been sold before - The Times of India from Times of India
2026-01-17 04:37:44,873 - INFO - [Times of India] Article: https://timesofindia.indiatimes.com/world/south-asia/slain-osman-hadis-brother-appointed-to-bangladeshs-uk-mission/articleshow/126597718.cms
2026-01-17 04:37:44,873 - INFO - [Times of India] Attempt 1/1: Trying with 'selenium_browser' strategy...
2026-01-17 04:37:56,397 - WARNING - [Times of India] Page timed out (10s). No <p> tags found. Proceeding anyway.
2026-01-17 04:37:56,600 - INFO - [Times of India] Success with 'selenium_browser'. Found content (106 words).
2026-01-17 04:37:56,713 - INFO - Saved article: Slain Osman Hadi's brother appointed to Bangladesh's UK mission - The Times of India from Times of India
2026-01-17 04:37:57,768 - INFO - [Times of India] Article: https://timesofindia.indiatimes.com/world/south-asia/jamaat-e-islami-led-grand-alliance-sees-rift-ahead-of-bangladesh-general-elections/articleshow/126597594.cms
2026-01-17 04:37:57,769 - INFO - [Times of India] Attempt 1/1: Trying with 'selenium_browser' strategy...
2026-01-17 04:38:09,165 - WARNING - [Times of India] Page timed out (10s). No <p> tags found. Proceeding anyway.
2026-01-17 04:38:09,324 - INFO - [Times of India] Success with 'selenium_browser'. Found content (285 words).
2026-01-17 04:38:09,405 - INFO - Saved article: Jamaat-e-Islami-led grand alliance sees rift ahead of Bangladesh general elections - The Times of India from Times of India
2026-01-17 04:38:10,477 - INFO - [Times of India] (Thread) Finished. Attempting to shut down its Selenium driver.
2026-01-17 04:38:10,754 - INFO - [Times of India] (Thread) driver.quit() successful.
2026-01-17 04:39:20,812 - ERROR - [The Hindu] Request failed for strategy 'selenium_browser' on URL https://www.thehindu.com/news/national/punjab/sad-flags-threat-to-majithias-life-inside-jail-seeks-punjab-governors-intervention/article70517533.ece: HTTPConnectionPool(host='localhost', port=40139): Read timed out. (read timeout=120)
2026-01-17 04:39:20,812 - ERROR - [The Hindu] All scrape strategies failed for https://www.thehindu.com/news/national/punjab/sad-flags-threat-to-majithias-life-inside-jail-seeks-punjab-governors-intervention/article70517533.ece. Falling back to RSS description.
2026-01-17 04:39:20,814 - INFO - Saved article: SAD flags threat to Majithia's life inside jail, seeks Punjab Governor's intervention from The Hindu
2026-01-17 04:39:21,753 - INFO - [The Hindu] Article: https://www.thehindu.com/news/national/government-aims-to-formally-recognise-1-lakh-tribal-healers-from-sts-as-partners-in-health-services/article70515477.ece
2026-01-17 04:39:21,753 - INFO - [The Hindu] Attempt 1/1: Trying with 'selenium_browser' strategy...
2026-01-17 04:41:21,851 - ERROR - [The Hindu] Request failed for strategy 'selenium_browser' on URL https://www.thehindu.com/news/national/government-aims-to-formally-recognise-1-lakh-tribal-healers-from-sts-as-partners-in-health-services/article70515477.ece: HTTPConnectionPool(host='localhost', port=40139): Read timed out. (read timeout=120)
2026-01-17 04:41:21,851 - ERROR - [The Hindu] All scrape strategies failed for https://www.thehindu.com/news/national/government-aims-to-formally-recognise-1-lakh-tribal-healers-from-sts-as-partners-in-health-services/article70515477.ece. Falling back to RSS description.
2026-01-17 04:41:21,854 - INFO - Saved article: Government aims to ‘formally recognise’ 1 lakh tribal healers from STs as ‘partners in health services’ from The Hindu
2026-01-17 04:41:22,829 - INFO - [The Hindu] Article: https://www.thehindu.com/news/cities/Delhi/delhi-minimum-temperature-flight-status-aqi-pollution-update-january-17/article70517490.ece
2026-01-17 04:41:22,830 - INFO - [The Hindu] Attempt 1/1: Trying with 'selenium_browser' strategy...
2026-01-17 04:41:46,006 - CRITICAL - --- TIMEOUT: 1 scrape jobs did not complete in 300s. ---
2026-01-17 04:41:46,006 - ERROR - A thread has timed out and will be abandoned.
2026-01-17 04:41:46,006 - INFO - Shutting down thread pool (wait=False)...
2026-01-17 04:41:46,006 - INFO - Scraped: 0 The Guardian, 8 Times of India, 0 BBC, 1 Timed_Out_Jobs articles. (Total saved: 8)
2026-01-17 04:41:46,006 - INFO - --- Scraping job finished ---
2026-01-17 04:41:46,006 - INFO - --- Scraper service stopped and database connection closed. ---
2026-01-17 04:41:46,006 - INFO - --- Main thread finished. Forcing process exit to kill zombie threads. ---
