2026-01-15 18:45:00,199 - INFO - Initializing database connection at: news_articles.db
2026-01-15 18:45:00,199 - INFO - --- Scraper service started (CI Mode: Run Once) ---
2026-01-15 18:45:00,199 - INFO - --- Starting new scraping job (Parallel Mode) ---
2026-01-15 18:45:00,199 - INFO - Creating new robust session with 3 retries on 5xx/connection/read errors.
2026-01-15 18:45:00,199 - INFO - Proxy is DISABLED.
2026-01-15 18:45:00,200 - INFO - Starting scrape for BBC RSS feed: http://feeds.bbci.co.uk/news/world/rss.xml
2026-01-15 18:45:00,200 - INFO - [Times of India] (Thread) requires Selenium. Initializing driver...
2026-01-15 18:45:00,200 - INFO - Initializing headless Selenium Chrome driver (using SeleniumManager)...
2026-01-15 18:45:00,200 - INFO - Starting scrape for The Guardian RSS feed: https://www.theguardian.com/world/rss
2026-01-15 18:45:00,201 - INFO - [The Hindu] (Thread) requires Selenium. Initializing driver...
2026-01-15 18:45:00,201 - INFO - Initializing headless Selenium Chrome driver (using SeleniumManager)...
2026-01-15 18:45:00,201 - INFO - Submitted 4 jobs to thread pool. Waiting up to 300s for completion...
2026-01-15 18:45:00,303 - INFO - Found 45 articles in The Guardian RSS feed. Processing up to 10.
2026-01-15 18:45:00,303 - INFO - [The Guardian] Article: https://www.theguardian.com/us-news/2026/jan/15/hepatitis-b-vaccines-study-africa-cancel
2026-01-15 18:45:00,303 - INFO - [The Guardian] Attempt 1/1: Trying with 'requests_browser' strategy...
2026-01-15 18:45:00,329 - INFO - [The Guardian] Success with 'requests_browser'. Found content (1357 words).
2026-01-15 18:45:00,365 - INFO - Duplicate article skipped: Controversial US study on hepatitis B vaccines in Africa is cancelled | US news | The Guardian from The Guardian
2026-01-15 18:45:00,445 - INFO - Found 23 articles in BBC RSS feed. Processing up to 10.
2026-01-15 18:45:00,446 - INFO - [BBC] Article: https://www.bbc.com/news/articles/cd0ydjvxpejo?at_medium=RSS&at_campaign=rss
2026-01-15 18:45:00,446 - INFO - [BBC] Attempt 1/1: Trying with 'requests_browser' strategy...
2026-01-15 18:45:00,888 - INFO - [BBC] Success with 'requests_browser'. Found content (966 words).
2026-01-15 18:45:00,926 - INFO - Duplicate article skipped: European military personnel arrive in Greenland as Trump says US needs island from BBC
2026-01-15 18:45:01,591 - INFO - [The Guardian] Article: https://www.theguardian.com/world/2026/jan/15/uganda-vote-election-yoweri-museveni-bobi-wine
2026-01-15 18:45:01,591 - INFO - [The Guardian] Attempt 1/1: Trying with 'requests_browser' strategy...
2026-01-15 18:45:01,623 - INFO - [The Guardian] Success with 'requests_browser'. Found content (931 words).
2026-01-15 18:45:01,663 - INFO - Duplicate article skipped: Opposition candidate Bobi Wine claims ‘massive ballot stuffing’ as Uganda goes to polls | Uganda | The Guardian from The Guardian
2026-01-15 18:45:01,864 - INFO - [BBC] Article: https://www.bbc.com/news/articles/c205r8n0276o?at_medium=RSS&at_campaign=rss
2026-01-15 18:45:01,864 - INFO - [BBC] Attempt 1/1: Trying with 'requests_browser' strategy...
2026-01-15 18:45:01,905 - INFO - [BBC] Success with 'requests_browser'. Found content (607 words).
2026-01-15 18:45:01,943 - INFO - Duplicate article skipped: Astronauts splash down to Earth after medical evacuation from space station from BBC
2026-01-15 18:45:02,517 - INFO - [The Guardian] Article: https://www.theguardian.com/us-news/2026/jan/13/trump-administration-ends-tps-somalia
2026-01-15 18:45:02,517 - INFO - [The Guardian] Attempt 1/1: Trying with 'requests_browser' strategy...
2026-01-15 18:45:02,541 - INFO - [The Guardian] Success with 'requests_browser'. Found content (870 words).
2026-01-15 18:45:02,581 - INFO - Duplicate article skipped: Trump administration ends temporary protected status for Somalis in US | Trump administration | The Guardian from The Guardian
2026-01-15 18:45:03,120 - INFO - [The Guardian] Article: https://www.theguardian.com/business/2026/jan/13/developing-countries-poorer-world-bank-report
2026-01-15 18:45:03,120 - INFO - [The Guardian] Attempt 1/1: Trying with 'requests_browser' strategy...
2026-01-15 18:45:03,136 - INFO - [BBC] Article: https://www.bbc.com/news/articles/cp80zjx091yo?at_medium=RSS&at_campaign=rss
2026-01-15 18:45:03,136 - INFO - [BBC] Attempt 1/1: Trying with 'requests_browser' strategy...
2026-01-15 18:45:03,152 - INFO - [The Guardian] Success with 'requests_browser'. Found content (654 words).
2026-01-15 18:45:03,194 - INFO - Duplicate article skipped: Quarter of developing countries poorer than in 2019, World Bank finds | World Bank | The Guardian from The Guardian
2026-01-15 18:45:03,208 - INFO - [BBC] Success with 'requests_browser'. Found content (492 words).
2026-01-15 18:45:03,244 - INFO - Duplicate article skipped: Erfan Soltani: Iran denies plan to execute detained protester from BBC
2026-01-15 18:45:03,811 - INFO - [BBC] Article: https://www.bbc.com/news/articles/cg7vdpy1l2vo?at_medium=RSS&at_campaign=rss
2026-01-15 18:45:03,811 - INFO - [BBC] Attempt 1/1: Trying with 'requests_browser' strategy...
2026-01-15 18:45:03,866 - INFO - [BBC] Success with 'requests_browser'. Found content (2995 words).
2026-01-15 18:45:03,913 - INFO - Duplicate article skipped: The Taliban rift at the top of the leadership in Afghanistan from BBC
2026-01-15 18:45:04,487 - INFO - [BBC] Article: https://www.bbc.com/news/articles/cy4qdnj5vl9o?at_medium=RSS&at_campaign=rss
2026-01-15 18:45:04,487 - INFO - [BBC] Attempt 1/1: Trying with 'requests_browser' strategy...
2026-01-15 18:45:04,489 - INFO - [The Guardian] Article: https://www.theguardian.com/books/2026/jan/12/chimamanda-ngozi-adichie-accuses-lagos-hospital-negligence-son-death
2026-01-15 18:45:04,489 - INFO - [The Guardian] Attempt 1/1: Trying with 'requests_browser' strategy...
2026-01-15 18:45:04,519 - INFO - [The Guardian] Success with 'requests_browser'. Found content (537 words).
2026-01-15 18:45:04,572 - INFO - Duplicate article skipped: Author Chimamanda Ngozi Adichie accuses Lagos hospital of negligence after son’s death | Chimamanda Ngozi Adichie | The Guardian from The Guardian
2026-01-15 18:45:04,574 - INFO - [BBC] Success with 'requests_browser'. Found content (565 words).
2026-01-15 18:45:04,657 - INFO - Saved article: US forces seize a sixth Venezuela-linked oil tanker in Caribbean Sea from BBC
2026-01-15 18:45:05,343 - INFO - [The Guardian] Article: https://www.theguardian.com/us-news/live/2026/jan/15/us-politics-latest-news-updates-donald-trump-venezuela-maria-corina-machado
2026-01-15 18:45:05,343 - INFO - [The Guardian] Attempt 1/1: Trying with 'requests_browser' strategy...
2026-01-15 18:45:05,546 - INFO - [The Guardian] Success with 'requests_browser'. Found content (1952 words).
2026-01-15 18:45:05,606 - INFO - [BBC] Article: https://www.bbc.com/news/articles/cp3z7441nz7o?at_medium=RSS&at_campaign=rss
2026-01-15 18:45:05,611 - INFO - [BBC] Attempt 1/1: Trying with 'requests_browser' strategy...
2026-01-15 18:45:05,629 - INFO - Duplicate article skipped: Minnesota governor calls on Trump to ‘turn the temperature down’ after Trump threatens to invoke Insurrection Act – live | ICE (US Immigration and Customs Enforcement) | The Guardian from The Guardian
2026-01-15 18:45:05,652 - INFO - [BBC] Success with 'requests_browser'. Found content (774 words).
2026-01-15 18:45:05,693 - INFO - Duplicate article skipped: Pitfalls loom as Trump's Gaza peace plan enters second phase from BBC
2026-01-15 18:45:06,379 - INFO - [The Guardian] Article: https://www.theguardian.com/us-news/2026/jan/15/trump-maria-corina-machado-venezuela
2026-01-15 18:45:06,379 - INFO - [The Guardian] Attempt 1/1: Trying with 'requests_browser' strategy...
2026-01-15 18:45:06,401 - INFO - [The Guardian] Success with 'requests_browser'. Found content (760 words).
2026-01-15 18:45:06,439 - INFO - Duplicate article skipped: Trump to discuss Venezuela’s future with Machado after Maduro’s capture | US news | The Guardian from The Guardian
2026-01-15 18:45:06,669 - INFO - Selenium driver initialized successfully.
2026-01-15 18:45:06,669 - INFO - Starting scrape for The Hindu RSS feed: https://www.thehindu.com/news/national/feeder/default.rss
2026-01-15 18:45:06,670 - INFO - Selenium driver initialized successfully.
2026-01-15 18:45:06,670 - INFO - Starting scrape for Times of India RSS feed: https://timesofindia.indiatimes.com/rssfeeds/296589292.cms
2026-01-15 18:45:06,824 - INFO - Found 100 articles in The Hindu RSS feed. Processing up to 10.
2026-01-15 18:45:06,825 - INFO - [The Hindu] Article: https://www.thehindu.com/news/cities/mumbai/maharashtra-civic-polls-young-voters-left-confused-over-new-alliances-in-mumbai/article70512642.ece
2026-01-15 18:45:06,825 - INFO - [The Hindu] Attempt 1/1: Trying with 'selenium_browser' strategy...
2026-01-15 18:45:06,895 - INFO - Found 20 articles in Times of India RSS feed. Processing up to 10.
2026-01-15 18:45:06,896 - INFO - [Times of India] Article: https://timesofindia.indiatimes.com/world/us/5-businesses-registered-in-one-house-viral-video-claims-massive-h-1b-fraud-salaries-over-100000-per-year/articleshow/126551413.cms
2026-01-15 18:45:06,896 - INFO - [Times of India] Attempt 1/1: Trying with 'selenium_browser' strategy...
2026-01-15 18:45:07,174 - INFO - [BBC] Article: https://www.bbc.com/news/articles/cly56w0p9e1o?at_medium=RSS&at_campaign=rss
2026-01-15 18:45:07,174 - INFO - [BBC] Attempt 1/1: Trying with 'requests_browser' strategy...
2026-01-15 18:45:07,214 - INFO - [BBC] Success with 'requests_browser'. Found content (554 words).
2026-01-15 18:45:07,267 - INFO - Duplicate article skipped: Boeing knew of flaw in part linked to UPS plane crash, report says from BBC
2026-01-15 18:45:07,472 - INFO - [The Guardian] Article: https://www.theguardian.com/business/2026/jan/15/trump-big-oil-venezuela
2026-01-15 18:45:07,472 - INFO - [The Guardian] Attempt 1/1: Trying with 'requests_browser' strategy...
2026-01-15 18:45:07,660 - INFO - [The Guardian] Success with 'requests_browser'. Found content (955 words).
2026-01-15 18:45:07,736 - INFO - Duplicate article skipped: Why big oil giants may not rush to buy into Donald Trump’s Venezuelan vision | Business | The Guardian from The Guardian
2026-01-15 18:45:08,692 - INFO - [BBC] Article: https://www.bbc.com/news/articles/czr46ypzl4yo?at_medium=RSS&at_campaign=rss
2026-01-15 18:45:08,692 - INFO - [BBC] Attempt 1/1: Trying with 'requests_browser' strategy...
2026-01-15 18:45:08,750 - INFO - [BBC] Success with 'requests_browser'. Found content (456 words).
2026-01-15 18:45:08,756 - INFO - [The Guardian] Article: https://www.theguardian.com/world/2026/jan/14/venezuelan-political-prisoners-released
2026-01-15 18:45:08,756 - INFO - [The Guardian] Attempt 1/1: Trying with 'requests_browser' strategy...
2026-01-15 18:45:08,905 - INFO - Saved article: Ethiopia says seized ammunition sent by Eritrea to Fano rebels in Amhara from BBC
2026-01-15 18:45:08,956 - INFO - [The Guardian] Success with 'requests_browser'. Found content (954 words).
2026-01-15 18:45:09,037 - INFO - Duplicate article skipped: Venezuela regime claims release of political prisoners is sign of new era | Venezuela | The Guardian from The Guardian
2026-01-15 18:45:09,734 - INFO - [The Guardian] Article: https://www.theguardian.com/world/2026/jan/14/quebec-premier-francois-legault-resigns
2026-01-15 18:45:09,737 - INFO - [The Guardian] Attempt 1/1: Trying with 'requests_browser' strategy...
2026-01-15 18:45:09,780 - INFO - [BBC] Article: https://www.bbc.com/news/articles/cx2xn1yvgr4o?at_medium=RSS&at_campaign=rss
2026-01-15 18:45:09,781 - INFO - [BBC] Attempt 1/1: Trying with 'requests_browser' strategy...
2026-01-15 18:45:09,796 - INFO - [The Guardian] Success with 'requests_browser'. Found content (585 words).
2026-01-15 18:45:09,909 - INFO - Duplicate article skipped: Quebec premier François Legault resigns from post in surprise move | Quebec | The Guardian from The Guardian
2026-01-15 18:45:09,955 - INFO - [BBC] Success with 'requests_browser'. Found content (911 words).
2026-01-15 18:45:10,059 - INFO - Duplicate article skipped: Uganda awaits results of presidential election between Yoweri Museveni and Bobi Wine from BBC
2026-01-15 18:45:11,048 - INFO - [BBC] Article: https://www.bbc.com/news/articles/cm2xv0w07dgo?at_medium=RSS&at_campaign=rss
2026-01-15 18:45:11,048 - INFO - [BBC] Attempt 1/1: Trying with 'requests_browser' strategy...
2026-01-15 18:45:11,313 - INFO - [BBC] Success with 'requests_browser'. Found content (166 words).
2026-01-15 18:45:11,469 - INFO - Saved article: Large fire breaks out in Dutch city of Utrecht following explosion from BBC
2026-01-15 18:45:13,642 - INFO - [The Hindu] Page content loaded.
2026-01-15 18:45:14,188 - INFO - [The Hindu] Success with 'selenium_browser'. Found content (638 words).
2026-01-15 18:45:14,935 - INFO - Saved article: Maharashtra civic polls: Young voters left confused over new alliances in Mumbai - The Hindu from The Hindu
2026-01-15 18:45:15,472 - INFO - [The Hindu] Article: https://www.thehindu.com/news/national/punjab/punjab-cm-mann-appears-before-akal-takht-secretariat-to-clarify-remarks-on-sikh-traditions/article70512956.ece
2026-01-15 18:45:15,472 - INFO - [The Hindu] Attempt 1/1: Trying with 'selenium_browser' strategy...
2026-01-15 18:45:17,842 - INFO - [The Hindu] Page content loaded.
2026-01-15 18:45:17,897 - INFO - [The Hindu] Success with 'selenium_browser'. Found content (713 words).
2026-01-15 18:45:17,984 - INFO - Saved article: Punjab CM Mann appears before Akal Takht Secretariat to clarify remarks on Sikh traditions - The Hindu from The Hindu
2026-01-15 18:45:18,674 - INFO - [The Hindu] Article: https://www.thehindu.com/news/national/india-planning-evacuation-of-nationals-from-iran-official-sources/article70512927.ece
2026-01-15 18:45:18,674 - INFO - [The Hindu] Attempt 1/1: Trying with 'selenium_browser' strategy...
2026-01-15 18:45:19,275 - INFO - [Times of India] Page content loaded.
2026-01-15 18:45:19,644 - INFO - [Times of India] Success with 'selenium_browser'. Found content (329 words).
2026-01-15 18:45:19,822 - INFO - [The Hindu] Page content loaded.
2026-01-15 18:45:19,870 - INFO - Saved article: '5 businesses registered in one house': Viral video claims massive H-1B fraud, salaries over $100,000 per year - The Times of India from Times of India
2026-01-15 18:45:20,056 - INFO - [The Hindu] Success with 'selenium_browser'. Found content (301 words).
2026-01-15 18:45:20,147 - INFO - Saved article: India planning evacuation of nationals from Iran: Official sources - The Hindu from The Hindu
2026-01-15 18:45:21,070 - INFO - [Times of India] Article: https://timesofindia.indiatimes.com/world/us/why-am-i-paying-taxes-woman-slams-government-over-immigration-says-childs-learning-suffered-due-to-non-english-speaking-students/articleshow/126550142.cms
2026-01-15 18:45:21,070 - INFO - [Times of India] Attempt 1/1: Trying with 'selenium_browser' strategy...
2026-01-15 18:45:21,275 - INFO - [The Hindu] Article: https://www.thehindu.com/news/national/tripura/tripura-cm-ready-to-accept-roman-script-for-kokborok-language-tipra-motha-claims/article70512954.ece
2026-01-15 18:45:21,324 - INFO - [The Hindu] Attempt 1/1: Trying with 'selenium_browser' strategy...
2026-01-15 18:45:24,231 - INFO - [Times of India] Page content loaded.
2026-01-15 18:45:24,886 - INFO - [Times of India] Success with 'selenium_browser'. Found content (256 words).
2026-01-15 18:45:25,007 - INFO - Saved article: ‘Why am I paying taxes?’ Woman slams government over immigration, says child’s learning suffered due to non-English-speaking students - The Times of India from Times of India
2026-01-15 18:45:25,734 - INFO - [Times of India] Article: https://timesofindia.indiatimes.com/world/us/two-pakistanis-in-new-jersey-lied-about-citizenship-illegally-voted-in-2020-election/articleshow/126550877.cms
2026-01-15 18:45:25,734 - INFO - [Times of India] Attempt 1/1: Trying with 'selenium_browser' strategy...
2026-01-15 18:45:30,294 - INFO - [The Hindu] Page content loaded.
2026-01-15 18:45:30,517 - INFO - [The Hindu] Success with 'selenium_browser'. Found content (233 words).
2026-01-15 18:45:30,636 - INFO - Saved article: Tripura CM ready to accept Roman script for Kokborok language, Tipra Motha claims - The Hindu from The Hindu
2026-01-15 18:45:31,715 - INFO - [The Hindu] Article: https://www.thehindu.com/news/national/sir-citizenship-election-commission-sc-petitioner-query/article70512859.ece
2026-01-15 18:45:31,715 - INFO - [The Hindu] Attempt 1/1: Trying with 'selenium_browser' strategy...
2026-01-15 18:45:32,686 - INFO - [Times of India] Page content loaded.
2026-01-15 18:45:32,964 - INFO - [Times of India] Success with 'selenium_browser'. Found content (304 words).
2026-01-15 18:45:33,085 - INFO - Saved article: Two Pakistanis in New Jersey lied about citizenship, illegally voted in 2020 election - The Times of India from Times of India
2026-01-15 18:45:33,693 - INFO - [The Hindu] Page content loaded.
2026-01-15 18:45:34,102 - INFO - [The Hindu] Success with 'selenium_browser'. Found content (674 words).
2026-01-15 18:45:34,235 - INFO - [Times of India] Article: https://timesofindia.indiatimes.com/etimes/trending/after-44-years-in-prison-man-reacts-to-seeing-iphones-and-digital-billboards-for-the-first-time/articleshow/126548638.cms
2026-01-15 18:45:34,235 - INFO - [Times of India] Attempt 1/1: Trying with 'selenium_browser' strategy...
2026-01-15 18:45:34,259 - INFO - Duplicate article skipped: Can’t we presume that voters who survived multiple roll revisions are citizens, Supreme Court poses petitioners’ query to ECI - The Hindu from The Hindu
2026-01-15 18:45:34,967 - INFO - [The Hindu] Article: https://www.thehindu.com/entertainment/ar-rahman-says-hindi-film-industry-has-changed-over-past-eight-years-it-could-be-a-communal-thing/article70512923.ece
2026-01-15 18:45:34,967 - INFO - [The Hindu] Attempt 1/1: Trying with 'selenium_browser' strategy...
2026-01-15 18:45:36,556 - INFO - [The Hindu] Page content loaded.
2026-01-15 18:45:36,785 - INFO - [Times of India] Page content loaded.
2026-01-15 18:45:36,815 - INFO - [The Hindu] Success with 'selenium_browser'. Found content (639 words).
2026-01-15 18:45:37,044 - INFO - Duplicate article skipped: A.R. Rahman says Hindi film industry has changed over past eight years: ‘It could be a communal thing’ - The Hindu from The Hindu
2026-01-15 18:45:37,910 - INFO - [The Hindu] Article: https://www.thehindu.com/shorts/firecrackers-hidden-in-parcels-spark-major-lorry-fire-in-thrissur/article70512919.ece
2026-01-15 18:45:37,910 - INFO - [The Hindu] Attempt 1/1: Trying with 'selenium_browser' strategy...
2026-01-15 18:45:38,114 - INFO - [Times of India] Success with 'selenium_browser'. Found content (735 words).
2026-01-15 18:45:38,411 - INFO - Saved article: After 44 years in prison, man reacts to seeing iPhones and digital billboards for the first time | - The Times of India from Times of India
2026-01-15 18:45:39,316 - INFO - [Times of India] Article: https://timesofindia.indiatimes.com/world/us/trump-warns-of-invoking-insurrection-act/articleshow/126550339.cms
2026-01-15 18:45:39,316 - INFO - [Times of India] Attempt 1/1: Trying with 'selenium_browser' strategy...
2026-01-15 18:45:42,429 - INFO - [Times of India] Page content loaded.
2026-01-15 18:45:42,607 - INFO - [Times of India] Success with 'selenium_browser'. Found content (680 words).
2026-01-15 18:45:42,704 - INFO - Saved article: Trump warns of invoking Insurrection Act - The Times of India from Times of India
2026-01-15 18:45:43,738 - INFO - [Times of India] Article: https://timesofindia.indiatimes.com/world/us/is-charlie-kirk-x-man-candace-owens-sparks-backlash-with-new-claims-about-tpusa-founder/articleshow/126549309.cms
2026-01-15 18:45:43,738 - INFO - [Times of India] Attempt 1/1: Trying with 'selenium_browser' strategy...
2026-01-15 18:45:45,050 - INFO - [Times of India] Page content loaded.
2026-01-15 18:45:45,331 - INFO - [Times of India] Success with 'selenium_browser'. Found content (278 words).
2026-01-15 18:45:45,428 - INFO - Duplicate article skipped: Is Charlie Kirk X-Man? Candace Owens sparks backlash with new claims about TPUSA founder - The Times of India from Times of India
2026-01-15 18:45:46,819 - INFO - [Times of India] Article: https://timesofindia.indiatimes.com/world/us/can-barely-speak-english-maga-grills-indian-origin-shri-thanedar-after-congressman-announces-bill-to-abolish-ice/articleshow/126549801.cms
2026-01-15 18:45:46,819 - INFO - [Times of India] Attempt 1/1: Trying with 'selenium_browser' strategy...
2026-01-15 18:45:47,762 - INFO - [Times of India] Page content loaded.
2026-01-15 18:45:47,864 - INFO - [Times of India] Success with 'selenium_browser'. Found content (361 words).
2026-01-15 18:45:47,922 - INFO - Duplicate article skipped: 'Can barely speak English': MAGA grills Indian-origin Shri Thanedar after Congressman announces bill to abolish ICE - The Times of India from Times of India
2026-01-15 18:45:48,941 - INFO - [Times of India] Article: https://timesofindia.indiatimes.com/world/us/pakistanis-in-america-highly-affluent-south-asia-expert-questions-trumps-visa-freeze-for-75-countries/articleshow/126549707.cms
2026-01-15 18:45:48,941 - INFO - [Times of India] Attempt 1/1: Trying with 'selenium_browser' strategy...
2026-01-15 18:45:49,262 - WARNING - [The Hindu] Page timed out (10s). No <p> tags found. Proceeding anyway.
2026-01-15 18:45:49,289 - WARNING - [The Hindu] FAILED with 'selenium_browser' (content was too short: 45 words).
2026-01-15 18:45:49,290 - ERROR - [The Hindu] All scrape strategies failed for https://www.thehindu.com/shorts/firecrackers-hidden-in-parcels-spark-major-lorry-fire-in-thrissur/article70512919.ece. Falling back to RSS description.
2026-01-15 18:45:49,290 - INFO - Duplicate article skipped: Firecrackers hidden in parcels spark major lorry fire in Thrissur from The Hindu
2026-01-15 18:45:49,511 - INFO - [Times of India] Page content loaded.
2026-01-15 18:45:49,650 - INFO - [Times of India] Success with 'selenium_browser'. Found content (455 words).
2026-01-15 18:45:49,722 - INFO - Saved article: Pakistanis in America highly affluent: South Asia expert questions Trump's visa freeze for 75 countries - The Times of India from Times of India
2026-01-15 18:45:50,333 - INFO - [The Hindu] Article: https://www.thehindu.com/news/cities/mumbai/maharashtra-civic-body-election-exit-poll-predictions-bjp-shiv-sena/article70512892.ece
2026-01-15 18:45:50,333 - INFO - [The Hindu] Attempt 1/1: Trying with 'selenium_browser' strategy...
2026-01-15 18:45:51,019 - INFO - [Times of India] Article: https://timesofindia.indiatimes.com/world/us/kamala-harris-buys-8-15-million-malibu-mansion-a-look-at-the-luxurious-seaside-property/articleshow/126549255.cms
2026-01-15 18:45:51,019 - INFO - [Times of India] Attempt 1/1: Trying with 'selenium_browser' strategy...
2026-01-15 18:45:52,648 - INFO - [The Hindu] Page content loaded.
2026-01-15 18:45:52,731 - INFO - [Times of India] Page content loaded.
2026-01-15 18:45:52,744 - INFO - [The Hindu] Success with 'selenium_browser'. Found content (531 words).
2026-01-15 18:45:52,855 - INFO - Duplicate article skipped: Maharashtra civic polls: In battle for Mumbai, exit polls predict clear win for BJP-Shiv Sena alliance - The Hindu from The Hindu
2026-01-15 18:45:52,903 - INFO - [Times of India] Success with 'selenium_browser'. Found content (407 words).
2026-01-15 18:45:52,972 - INFO - Saved article: Kamala Harris buys $8.15 million Malibu mansion – a look at the luxurious seaside property - The Times of India from Times of India
2026-01-15 18:45:53,437 - INFO - [The Hindu] Article: https://www.thehindu.com/shorts/sec-rejects-claims-of-ink-fraud-in-mumbai-civic-polls/article70512901.ece
2026-01-15 18:45:53,437 - INFO - [The Hindu] Attempt 1/1: Trying with 'selenium_browser' strategy...
2026-01-15 18:45:54,153 - INFO - [Times of India] Article: https://timesofindia.indiatimes.com/world/us/from-venezuela-to-iran-how-americas-missile-push-is-running-into-a-solid-rocket-motor-supply-crisis-explained-us-missile-crisis/articleshow/126549114.cms
2026-01-15 18:45:54,153 - INFO - [Times of India] Attempt 1/1: Trying with 'selenium_browser' strategy...
2026-01-15 18:45:55,295 - INFO - [Times of India] Page content loaded.
2026-01-15 18:45:55,424 - INFO - [Times of India] Success with 'selenium_browser'. Found content (1101 words).
2026-01-15 18:45:55,501 - INFO - Saved article: From Venezuela to Iran: How America’s missile push is running into a solid rocket motor supply crisis -explained - The Times of India from Times of India
2026-01-15 18:45:56,042 - INFO - [Times of India] (Thread) Finished. Attempting to shut down its Selenium driver.
2026-01-15 18:45:56,167 - INFO - [Times of India] (Thread) driver.quit() successful.
2026-01-15 18:46:04,371 - WARNING - [The Hindu] Page timed out (10s). No <p> tags found. Proceeding anyway.
2026-01-15 18:46:04,395 - WARNING - [The Hindu] FAILED with 'selenium_browser' (content was too short: 60 words).
2026-01-15 18:46:04,395 - ERROR - [The Hindu] All scrape strategies failed for https://www.thehindu.com/shorts/sec-rejects-claims-of-ink-fraud-in-mumbai-civic-polls/article70512901.ece. Falling back to RSS description.
2026-01-15 18:46:04,395 - INFO - Duplicate article skipped: SEC rejects claims of ‘ink fraud’ in Mumbai civic polls from The Hindu
2026-01-15 18:46:05,448 - INFO - [The Hindu] Article: https://www.thehindu.com/shorts/ink-used-in-bmc-elections-can-be-easily-removed-sachin-sawant/article70512896.ece
2026-01-15 18:46:05,448 - INFO - [The Hindu] Attempt 1/1: Trying with 'selenium_browser' strategy...
2026-01-15 18:46:15,823 - WARNING - [The Hindu] Page timed out (10s). No <p> tags found. Proceeding anyway.
2026-01-15 18:46:15,842 - WARNING - [The Hindu] FAILED with 'selenium_browser' (content was too short: 68 words).
2026-01-15 18:46:15,842 - ERROR - [The Hindu] All scrape strategies failed for https://www.thehindu.com/shorts/ink-used-in-bmc-elections-can-be-easily-removed-sachin-sawant/article70512896.ece. Falling back to RSS description.
2026-01-15 18:46:15,843 - INFO - Duplicate article skipped: Ink used in BMC elections can be easily removed: Sachin Sawant from The Hindu
2026-01-15 18:46:17,082 - INFO - [The Hindu] (Thread) Finished. Attempting to shut down its Selenium driver.
2026-01-15 18:46:17,233 - INFO - [The Hindu] (Thread) driver.quit() successful.
2026-01-15 18:46:17,234 - INFO - Shutting down thread pool (wait=False)...
2026-01-15 18:46:17,234 - INFO - Scraped: 4 The Hindu, 0 The Guardian, 8 Times of India, 3 BBC articles. (Total saved: 15)
2026-01-15 18:46:17,234 - INFO - --- Scraping job finished ---
2026-01-15 18:46:17,240 - INFO - --- Scraper service stopped and database connection closed. ---
2026-01-15 18:46:17,240 - INFO - --- Main thread finished. Forcing process exit to kill zombie threads. ---
