2025-12-14 10:25:59,533 - INFO - Initializing database connection at: news_articles.db
2025-12-14 10:25:59,534 - INFO - --- Scraper service started (CI Mode: Run Once) ---
2025-12-14 10:25:59,534 - INFO - --- Starting new scraping job (Parallel Mode) ---
2025-12-14 10:25:59,534 - INFO - Creating new robust session with 3 retries on 5xx/connection/read errors.
2025-12-14 10:25:59,534 - INFO - Proxy is DISABLED.
2025-12-14 10:25:59,534 - INFO - Starting scrape for BBC RSS feed: http://feeds.bbci.co.uk/news/world/rss.xml
2025-12-14 10:25:59,535 - INFO - [Times of India] (Thread) requires Selenium. Initializing driver...
2025-12-14 10:25:59,535 - INFO - Initializing headless Selenium Chrome driver (using SeleniumManager)...
2025-12-14 10:25:59,535 - INFO - Starting scrape for The Guardian RSS feed: https://www.theguardian.com/world/rss
2025-12-14 10:25:59,536 - INFO - [The Hindu] (Thread) requires Selenium. Initializing driver...
2025-12-14 10:25:59,536 - INFO - Initializing headless Selenium Chrome driver (using SeleniumManager)...
2025-12-14 10:25:59,536 - INFO - Submitted 4 jobs to thread pool. Waiting up to 300s for completion...
2025-12-14 10:25:59,663 - INFO - Found 45 articles in The Guardian RSS feed. Processing up to 10.
2025-12-14 10:25:59,663 - INFO - [The Guardian] Article: https://www.theguardian.com/world/2025/dec/13/drone-strike-on-un-facility-in-war-torn-sudan-leaves-six-peacekeepers-dead
2025-12-14 10:25:59,663 - INFO - [The Guardian] Attempt 1/1: Trying with 'requests_browser' strategy...
2025-12-14 10:25:59,670 - INFO - Found 28 articles in BBC RSS feed. Processing up to 10.
2025-12-14 10:25:59,671 - INFO - [BBC] Article: https://www.bbc.com/news/articles/cre329w709qo?at_medium=RSS&at_campaign=rss
2025-12-14 10:25:59,671 - INFO - [BBC] Attempt 1/1: Trying with 'requests_browser' strategy...
2025-12-14 10:25:59,703 - INFO - [The Guardian] Success with 'requests_browser'. Found content (357 words).
2025-12-14 10:25:59,748 - INFO - Duplicate article skipped: Drone strike on UN facility in war-torn Sudan leaves six peacekeepers dead | Sudan | The Guardian from The Guardian
2025-12-14 10:26:00,408 - INFO - [BBC] Success with 'requests_browser'. Found content (768 words).
2025-12-14 10:26:00,445 - INFO - Duplicate article skipped: Brown University shooting: Manhunt continues after two killed and nine injured from BBC
2025-12-14 10:26:00,827 - INFO - [The Guardian] Article: https://www.theguardian.com/world/2025/dec/13/us-accuses-rwanda-of-violating-peace-deal
2025-12-14 10:26:00,827 - INFO - [The Guardian] Attempt 1/1: Trying with 'requests_browser' strategy...
2025-12-14 10:26:00,988 - INFO - [The Guardian] Success with 'requests_browser'. Found content (632 words).
2025-12-14 10:26:01,021 - INFO - Duplicate article skipped: US scolds Rwanda for breaking peace deal as M23 rebels seize key Congo city | Rwanda | The Guardian from The Guardian
2025-12-14 10:26:01,659 - INFO - [BBC] Article: https://www.bbc.com/news/articles/cvg1r89m6g7o?at_medium=RSS&at_campaign=rss
2025-12-14 10:26:01,659 - INFO - [BBC] Attempt 1/1: Trying with 'requests_browser' strategy...
2025-12-14 10:26:01,785 - INFO - [The Guardian] Article: https://www.theguardian.com/us-news/2025/dec/12/trump-ends-temporary-legal-status-ethiopia
2025-12-14 10:26:01,785 - INFO - [The Guardian] Attempt 1/1: Trying with 'requests_browser' strategy...
2025-12-14 10:26:01,946 - INFO - [The Guardian] Success with 'requests_browser'. Found content (322 words).
2025-12-14 10:26:01,980 - INFO - Duplicate article skipped: US ends temporary legal status for Ethiopians amid Trump crackdown | Trump administration | The Guardian from The Guardian
2025-12-14 10:26:02,240 - INFO - [BBC] Success with 'requests_browser'. Found content (1005 words).
2025-12-14 10:26:02,281 - INFO - Saved article: 'Never give up': Belarusian prisoners celebrate release after US lifts sanctions from BBC
2025-12-14 10:26:03,002 - INFO - [BBC] Article: https://www.bbc.com/news/articles/c2dz7r708dxo?at_medium=RSS&at_campaign=rss
2025-12-14 10:26:03,002 - INFO - [BBC] Attempt 1/1: Trying with 'requests_browser' strategy...
2025-12-14 10:26:03,022 - INFO - [BBC] Success with 'requests_browser'. Found content (295 words).
2025-12-14 10:26:03,054 - INFO - Saved article: Five arrested over plot to attack German Christmas market from BBC
2025-12-14 10:26:03,127 - INFO - [The Guardian] Article: https://www.theguardian.com/world/2025/dec/12/uk-sanctions-four-rsf-commanders-heinous-violence-against-sudan-civilians
2025-12-14 10:26:03,127 - INFO - [The Guardian] Attempt 1/1: Trying with 'requests_browser' strategy...
2025-12-14 10:26:03,325 - INFO - [The Guardian] Success with 'requests_browser'. Found content (798 words).
2025-12-14 10:26:03,373 - INFO - Duplicate article skipped: UK imposes sanctions on four RSF officers for ‘heinous’ mass killings in Sudan | Sudan | The Guardian from The Guardian
2025-12-14 10:26:03,662 - INFO - [BBC] Article: https://www.bbc.com/news/articles/cx2dklj3rxvo?at_medium=RSS&at_campaign=rss
2025-12-14 10:26:03,662 - INFO - [BBC] Attempt 1/1: Trying with 'requests_browser' strategy...
2025-12-14 10:26:04,264 - INFO - [BBC] Success with 'requests_browser'. Found content (597 words).
2025-12-14 10:26:04,299 - INFO - Duplicate article skipped: Israel targets senior Hamas official in deadly Gaza strike from BBC
2025-12-14 10:26:04,703 - INFO - [The Guardian] Article: https://www.theguardian.com/world/2025/dec/11/fate-of-11-nigerian-troops-unclear-after-unauthorised-plane-landing-in-burkina-faso
2025-12-14 10:26:04,704 - INFO - [The Guardian] Attempt 1/1: Trying with 'requests_browser' strategy...
2025-12-14 10:26:04,892 - INFO - [BBC] Article: https://www.bbc.com/news/articles/c9d9vpxjp2go?at_medium=RSS&at_campaign=rss
2025-12-14 10:26:04,892 - INFO - [BBC] Attempt 1/1: Trying with 'requests_browser' strategy...
2025-12-14 10:26:05,072 - INFO - [BBC] Success with 'requests_browser'. Found content (532 words).
2025-12-14 10:26:05,103 - INFO - Duplicate article skipped: Three Americans killed by IS gunman in Syria, US military says from BBC
2025-12-14 10:26:05,306 - INFO - [The Guardian] Success with 'requests_browser'. Found content (276 words).
2025-12-14 10:26:05,362 - INFO - Duplicate article skipped: Fate of 11 Nigerian troops unclear after ‘unauthorised’ plane landing in Burkina Faso | Burkina Faso | The Guardian from The Guardian
2025-12-14 10:26:06,123 - INFO - [The Guardian] Article: https://www.theguardian.com/world/2025/dec/14/chile-presidential-election
2025-12-14 10:26:06,123 - INFO - [The Guardian] Attempt 1/1: Trying with 'requests_browser' strategy...
2025-12-14 10:26:06,278 - INFO - [The Guardian] Success with 'requests_browser'. Found content (809 words).
2025-12-14 10:26:06,314 - INFO - Saved article: Far-right José Antonio Kast favored to win as Chile votes in presidential runoff | Chile | The Guardian from The Guardian
2025-12-14 10:26:06,562 - INFO - [BBC] Article: https://www.bbc.com/news/videos/cy4xgxm2848o?at_medium=RSS&at_campaign=rss
2025-12-14 10:26:06,562 - INFO - [BBC] Attempt 1/1: Trying with 'requests_browser' strategy...
2025-12-14 10:26:06,606 - INFO - [BBC] Success with 'requests_browser'. Found content (126 words).
2025-12-14 10:26:06,649 - INFO - Saved article: John Cena takes his final bow, after last ever WWE fight from BBC
2025-12-14 10:26:07,574 - INFO - [BBC] Article: https://www.bbc.com/news/articles/c4g66nll48do?at_medium=RSS&at_campaign=rss
2025-12-14 10:26:07,574 - INFO - [BBC] Attempt 1/1: Trying with 'requests_browser' strategy...
2025-12-14 10:26:07,741 - INFO - [BBC] Success with 'requests_browser'. Found content (694 words).
2025-12-14 10:26:07,773 - INFO - Duplicate article skipped: Anger at Lionel Messi 'GOAT' India tour as fans throw chairs and bottles at stadium event from BBC
2025-12-14 10:26:07,781 - INFO - [The Guardian] Article: https://www.theguardian.com/world/2025/dec/13/venezuela-oil-exports-reportedly-fall-sharply-after-us-seizure-of-tanker-skipper
2025-12-14 10:26:07,781 - INFO - [The Guardian] Attempt 1/1: Trying with 'requests_browser' strategy...
2025-12-14 10:26:07,803 - INFO - [The Guardian] Success with 'requests_browser'. Found content (574 words).
2025-12-14 10:26:07,837 - INFO - Duplicate article skipped: Venezuela oil exports reportedly fall sharply after US seizure of tanker | Venezuela | The Guardian from The Guardian
2025-12-14 10:26:08,830 - INFO - [The Guardian] Article: https://www.theguardian.com/world/2025/dec/12/brazilian-judge-sanction-lifted-bolsonaro
2025-12-14 10:26:08,830 - INFO - [The Guardian] Attempt 1/1: Trying with 'requests_browser' strategy...
2025-12-14 10:26:08,850 - INFO - [The Guardian] Success with 'requests_browser'. Found content (426 words).
2025-12-14 10:26:08,884 - INFO - Duplicate article skipped: US treasury lifts sanctions on Brazilian judge who presided over Bolsonaro case | Brazil | The Guardian from The Guardian
2025-12-14 10:26:08,964 - INFO - [BBC] Article: https://www.bbc.com/news/articles/c0l9954yr9ko?at_medium=RSS&at_campaign=rss
2025-12-14 10:26:08,964 - INFO - [BBC] Attempt 1/1: Trying with 'requests_browser' strategy...
2025-12-14 10:26:08,992 - INFO - [BBC] Success with 'requests_browser'. Found content (963 words).
2025-12-14 10:26:09,037 - INFO - Duplicate article skipped: One million households without electricity in Ukraine after Russian strikes from BBC
2025-12-14 10:26:09,985 - INFO - [The Guardian] Article: https://www.theguardian.com/world/2025/dec/12/colombia-eln-guerrilla-rebels-trump
2025-12-14 10:26:09,985 - INFO - [The Guardian] Attempt 1/1: Trying with 'requests_browser' strategy...
2025-12-14 10:26:10,006 - INFO - [The Guardian] Success with 'requests_browser'. Found content (436 words).
2025-12-14 10:26:10,039 - INFO - Duplicate article skipped: Colombian rebels warn civilians of military drills amid ‘imperialist’ Trump threats | Colombia | The Guardian from The Guardian
2025-12-14 10:26:10,129 - INFO - Selenium driver initialized successfully.
2025-12-14 10:26:10,129 - INFO - Starting scrape for Times of India RSS feed: https://timesofindia.indiatimes.com/rssfeeds/296589292.cms
2025-12-14 10:26:10,130 - INFO - Selenium driver initialized successfully.
2025-12-14 10:26:10,130 - INFO - Starting scrape for The Hindu RSS feed: https://www.thehindu.com/news/national/feeder/default.rss
2025-12-14 10:26:10,200 - INFO - [BBC] Article: https://www.bbc.com/news/articles/cd0kkyx3vvxo?at_medium=RSS&at_campaign=rss
2025-12-14 10:26:10,200 - INFO - [BBC] Attempt 1/1: Trying with 'requests_browser' strategy...
2025-12-14 10:26:10,228 - INFO - Found 100 articles in The Hindu RSS feed. Processing up to 10.
2025-12-14 10:26:10,228 - INFO - [The Hindu] Article: https://www.thehindu.com/news/cities/Mangalore/sarod-recital-by-pt-sarothy-mesmerises-mangaluru-audience/article70395108.ece
2025-12-14 10:26:10,228 - INFO - [The Hindu] Attempt 1/1: Trying with 'selenium_browser' strategy...
2025-12-14 10:26:10,352 - INFO - Found 20 articles in Times of India RSS feed. Processing up to 10.
2025-12-14 10:26:10,353 - INFO - [Times of India] Article: https://timesofindia.indiatimes.com/world/middle-east/dubai-ruler-sheikh-mohammed-awards-great-arab-minds-honour-to-palestinian-architect-suad-al-amri/articleshow/125960018.cms
2025-12-14 10:26:10,353 - INFO - [Times of India] Attempt 1/1: Trying with 'selenium_browser' strategy...
2025-12-14 10:26:10,391 - INFO - [BBC] Success with 'requests_browser'. Found content (633 words).
2025-12-14 10:26:10,428 - INFO - Duplicate article skipped: Cambodia shuts border crossings with Thailand as fighting continues from BBC
2025-12-14 10:26:10,580 - INFO - [The Guardian] Article: https://www.theguardian.com/world/2025/dec/12/canada-liberals-government-majority-conservative-michael-ma
2025-12-14 10:26:10,580 - INFO - [The Guardian] Attempt 1/1: Trying with 'requests_browser' strategy...
2025-12-14 10:26:10,609 - INFO - [The Guardian] Success with 'requests_browser'. Found content (467 words).
2025-12-14 10:26:10,650 - INFO - Duplicate article skipped: Canada’s Liberals edge closer to majority after Conservative lawmaker crosses floor | Canada | The Guardian from The Guardian
2025-12-14 10:26:11,172 - INFO - [BBC] Article: https://www.bbc.com/news/articles/crk777lj763o?at_medium=RSS&at_campaign=rss
2025-12-14 10:26:11,173 - INFO - [BBC] Attempt 1/1: Trying with 'requests_browser' strategy...
2025-12-14 10:26:11,219 - INFO - [BBC] Success with 'requests_browser'. Found content (1013 words).
2025-12-14 10:26:11,279 - INFO - Duplicate article skipped: New Epstein photos show Trump, Clinton and Andrew from BBC
2025-12-14 10:26:15,318 - INFO - [The Hindu] Page content loaded.
2025-12-14 10:26:15,723 - INFO - [The Hindu] Success with 'selenium_browser'. Found content (234 words).
2025-12-14 10:26:15,994 - INFO - Saved article: Sarod recital by Pt. Sarothy mesmerises Mangaluru audience - The Hindu from The Hindu
2025-12-14 10:26:16,764 - INFO - [The Hindu] Article: https://www.thehindu.com/news/national/andhra-pradesh/googles-data-center-cognizant-and-other-companies-ensure-more-jobs-for-youngsters-cutm-founder/article70394944.ece
2025-12-14 10:26:16,764 - INFO - [The Hindu] Attempt 1/1: Trying with 'selenium_browser' strategy...
2025-12-14 10:26:20,091 - INFO - [The Hindu] Page content loaded.
2025-12-14 10:26:20,413 - INFO - [The Hindu] Success with 'selenium_browser'. Found content (233 words).
2025-12-14 10:26:20,848 - INFO - Saved article: Google’s data center, Cognizant and other companies ensure more jobs for youngsters: CUTM founder - The Hindu from The Hindu
2025-12-14 10:26:22,124 - INFO - [The Hindu] Article: https://www.thehindu.com/news/national/uttar-pradesh/union-minister-of-state-for-finance-pankaj-chaudhary-new-up-bjp-chief/article70395249.ece
2025-12-14 10:26:22,124 - INFO - [The Hindu] Attempt 1/1: Trying with 'selenium_browser' strategy...
2025-12-14 10:26:26,389 - INFO - [The Hindu] Page content loaded.
2025-12-14 10:26:26,598 - INFO - [The Hindu] Success with 'selenium_browser'. Found content (170 words).
2025-12-14 10:26:26,704 - INFO - Saved article: Union Minister of State for Finance Pankaj Chaudhary new U.P. BJP Chief - The Hindu from The Hindu
2025-12-14 10:26:27,309 - INFO - [The Hindu] Article: https://www.thehindu.com/news/national/kerala/mm-mani-expresses-contrition-for-blaming-ungrateful-social-welfare-pension-beneficiaries-for-ldfs-local-body-poll-losses/article70395089.ece
2025-12-14 10:26:27,309 - INFO - [The Hindu] Attempt 1/1: Trying with 'selenium_browser' strategy...
2025-12-14 10:26:27,965 - INFO - [The Hindu] Page content loaded.
2025-12-14 10:26:28,039 - INFO - [The Hindu] Success with 'selenium_browser'. Found content (347 words).
2025-12-14 10:26:28,146 - INFO - Saved article: M.M. Mani expresses contrition for blaming ‘ungrateful’ social welfare pension beneficiaries for LDF’s poll losses - The Hindu from The Hindu
2025-12-14 10:26:29,130 - INFO - [The Hindu] Article: https://www.thehindu.com/news/national/rajasthan/nearly-4-gw-of-solar-capacity-in-rajasthan-hit-by-transmission-constraints/article70395031.ece
2025-12-14 10:26:29,130 - INFO - [The Hindu] Attempt 1/1: Trying with 'selenium_browser' strategy...
2025-12-14 10:26:29,935 - INFO - [The Hindu] Page content loaded.
2025-12-14 10:26:30,008 - INFO - [The Hindu] Success with 'selenium_browser'. Found content (868 words).
2025-12-14 10:26:30,114 - INFO - Saved article: Rajasthan Solar Power Curtailment: 4.3 GW Hit by Transmission Shortage - The Hindu from The Hindu
2025-12-14 10:26:31,190 - INFO - [The Hindu] Article: https://www.thehindu.com/news/national/west-bengal/organiser-of-messis-kolkata-event-remanded-to-police-custody-members-of-enquiry-committee-visit-stadium/article70395178.ece
2025-12-14 10:26:31,190 - INFO - [The Hindu] Attempt 1/1: Trying with 'selenium_browser' strategy...
2025-12-14 10:26:32,119 - INFO - [The Hindu] Page content loaded.
2025-12-14 10:26:32,212 - INFO - [The Hindu] Success with 'selenium_browser'. Found content (408 words).
2025-12-14 10:26:32,335 - INFO - Saved article: Organiser of Messi’s Kolkata event remanded to police custody, members of enquiry committee visit stadium - The Hindu from The Hindu
2025-12-14 10:26:33,287 - INFO - [The Hindu] Article: https://www.thehindu.com/news/national/odisha/excise-officials-attacked-by-miscreants-during-raids-on-bars-in-bhubaneswar/article70395198.ece
2025-12-14 10:26:33,287 - INFO - [The Hindu] Attempt 1/1: Trying with 'selenium_browser' strategy...
2025-12-14 10:26:34,161 - INFO - [The Hindu] Page content loaded.
2025-12-14 10:26:34,321 - INFO - [The Hindu] Success with 'selenium_browser'. Found content (174 words).
2025-12-14 10:26:34,403 - INFO - Saved article: Excise officials attacked by miscreants during raids on bars in Bhubaneswar - The Hindu from The Hindu
2025-12-14 10:26:35,218 - INFO - [The Hindu] Article: https://www.thehindu.com/news/national/attempt-to-shield-infiltrators-bjp-ahead-of-congresss-rally-against-vote-theft/article70395141.ece
2025-12-14 10:26:35,218 - INFO - [The Hindu] Attempt 1/1: Trying with 'selenium_browser' strategy...
2025-12-14 10:26:36,668 - INFO - [The Hindu] Page content loaded.
2025-12-14 10:26:36,752 - INFO - [The Hindu] Success with 'selenium_browser'. Found content (390 words).
2025-12-14 10:26:36,835 - INFO - Duplicate article skipped: Attempt to shield ‘infiltrators’: BJP ahead of Congress’s rally against ‘vote theft’ - The Hindu from The Hindu
2025-12-14 10:26:38,128 - INFO - [The Hindu] Article: https://www.thehindu.com/news/national/congress-vote-chori-rally-rahul-gandhi-mallikarjun-kharge-live-updates-december-14-2025/article70395138.ece
2025-12-14 10:26:38,128 - INFO - [The Hindu] Attempt 1/1: Trying with 'selenium_browser' strategy...
2025-12-14 10:26:40,344 - INFO - [The Hindu] Page content loaded.
2025-12-14 10:26:40,685 - INFO - [The Hindu] Success with 'selenium_browser'. Found content (109 words).
2025-12-14 10:26:40,813 - INFO - Duplicate article skipped: Congress rally against 'vote chori': Congress seeks to hold govt., ECI accountable; attempt to shield infiltrators, says BJP - The Hindu from The Hindu
2025-12-14 10:26:41,789 - INFO - [The Hindu] Article: https://www.thehindu.com/news/national/tamil-nadu/nirl-inks-mou-with-ptc-india-limited-for-establishment-of-green-energy-joint-venture/article70394999.ece
2025-12-14 10:26:41,789 - INFO - [The Hindu] Attempt 1/1: Trying with 'selenium_browser' strategy...
2025-12-14 10:26:44,586 - INFO - [The Hindu] Page content loaded.
2025-12-14 10:26:44,736 - INFO - [The Hindu] Success with 'selenium_browser'. Found content (169 words).
2025-12-14 10:26:44,820 - INFO - Duplicate article skipped: NIRL inks MoU with PTC India Limited for establishment of green energy joint venture - The Hindu from The Hindu
2025-12-14 10:26:46,017 - INFO - [The Hindu] (Thread) Finished. Attempting to shut down its Selenium driver.
2025-12-14 10:26:46,190 - INFO - [The Hindu] (Thread) driver.quit() successful.
2025-12-14 10:27:10,380 - ERROR - [Times of India] Request failed for strategy 'selenium_browser' on URL https://timesofindia.indiatimes.com/world/middle-east/dubai-ruler-sheikh-mohammed-awards-great-arab-minds-honour-to-palestinian-architect-suad-al-amri/articleshow/125960018.cms: Message: timeout: Timed out receiving message from renderer: 59.931
  (Session info: chrome=143.0.7499.40)
Stacktrace:
#0 0x55e88b76516a <unknown>
#1 0x55e88b1e2c4b <unknown>
#2 0x55e88b1cacf3 <unknown>
#3 0x55e88b1ca9d6 <unknown>
#4 0x55e88b1c8897 <unknown>
#5 0x55e88b1c91af <unknown>
#6 0x55e88b1d7970 <unknown>
#7 0x55e88b1f1017 <unknown>
#8 0x55e88b1f76cb <unknown>
#9 0x55e88b1c98d8 <unknown>
#10 0x55e88b1f0dc3 <unknown>
#11 0x55e88b27ff60 <unknown>
#12 0x55e88b226c42 <unknown>
#13 0x55e88b2278f1 <unknown>
#14 0x55e88b72df09 <unknown>
#15 0x55e88b730e4d <unknown>
#16 0x55e88b716c51 <unknown>
#17 0x55e88b731a2b <unknown>
#18 0x55e88b6fda20 <unknown>
#19 0x55e88b752a78 <unknown>
#20 0x55e88b752c49 <unknown>
#21 0x55e88b7644c3 <unknown>
#22 0x7fa82c09caa4 <unknown>
#23 0x7fa82c129c6c <unknown>

2025-12-14 10:27:10,380 - ERROR - [Times of India] All scrape strategies failed for https://timesofindia.indiatimes.com/world/middle-east/dubai-ruler-sheikh-mohammed-awards-great-arab-minds-honour-to-palestinian-architect-suad-al-amri/articleshow/125960018.cms. Falling back to RSS description.
2025-12-14 10:27:10,387 - INFO - Saved article: Dubai Ruler Sheikh Mohammed awards Great Arab Minds honour to Palestinian architect Suad Al-Amri from Times of India
2025-12-14 10:27:11,035 - INFO - [Times of India] Article: https://timesofindia.indiatimes.com/world/rest-of-world/mass-shooting-at-bondi-beach-australian-pm-anthony-albanese-calls-situation-distressing-multiple-casualties-reported/articleshow/125959885.cms
2025-12-14 10:27:11,035 - INFO - [Times of India] Attempt 1/1: Trying with 'selenium_browser' strategy...
2025-12-14 10:27:13,433 - INFO - [Times of India] Page content loaded.
2025-12-14 10:27:13,665 - INFO - [Times of India] Success with 'selenium_browser'. Found content (116 words).
2025-12-14 10:27:13,826 - INFO - Saved article: Mass shooting at Bondi Beach: Australian PM Anthony Albanese calls situation ‘distressing’; multiple casualties reported - The Times of India from Times of India
2025-12-14 10:27:15,035 - INFO - [Times of India] Article: https://timesofindia.indiatimes.com/world/middle-east/kuwait-expats-can-renew-civil-id-digitally-without-stepping-out-heres-how/articleshow/125959875.cms
2025-12-14 10:27:15,035 - INFO - [Times of India] Attempt 1/1: Trying with 'selenium_browser' strategy...
2025-12-14 10:27:16,578 - INFO - [Times of India] Page content loaded.
2025-12-14 10:27:16,752 - INFO - [Times of India] Success with 'selenium_browser'. Found content (291 words).
2025-12-14 10:27:16,823 - INFO - Saved article: Kuwait: Expats can renew Civil ID digitally without stepping out; Here’s how | World News - The Times of India from Times of India
2025-12-14 10:27:18,001 - INFO - [Times of India] Article: https://timesofindia.indiatimes.com/world/middle-east/difficult-times-hamas-confirms-top-commander-raed-saad-killed-in-israeli-strike-fragile-truce-tested/articleshow/125959665.cms
2025-12-14 10:27:18,001 - INFO - [Times of India] Attempt 1/1: Trying with 'selenium_browser' strategy...
2025-12-14 10:27:19,253 - INFO - [Times of India] Page content loaded.
2025-12-14 10:27:19,394 - INFO - [Times of India] Success with 'selenium_browser'. Found content (369 words).
2025-12-14 10:27:19,456 - INFO - Saved article: ‘Difficult times’: Hamas confirms top commander Raed Saad killed in Israeli strike; fragile truce tested - The Times of India from Times of India
2025-12-14 10:27:20,873 - INFO - [Times of India] Article: https://timesofindia.indiatimes.com/world/middle-east/flydubai-launches-direct-flights-between-the-uae-and-latvia/articleshow/125958187.cms
2025-12-14 10:27:20,873 - INFO - [Times of India] Attempt 1/1: Trying with 'selenium_browser' strategy...
2025-12-14 10:29:20,973 - ERROR - [Times of India] Request failed for strategy 'selenium_browser' on URL https://timesofindia.indiatimes.com/world/middle-east/flydubai-launches-direct-flights-between-the-uae-and-latvia/articleshow/125958187.cms: HTTPConnectionPool(host='localhost', port=41811): Read timed out. (read timeout=120)
2025-12-14 10:29:20,974 - ERROR - [Times of India] All scrape strategies failed for https://timesofindia.indiatimes.com/world/middle-east/flydubai-launches-direct-flights-between-the-uae-and-latvia/articleshow/125958187.cms. Falling back to RSS description.
2025-12-14 10:29:20,976 - INFO - Saved article: flydubai launches direct flights between the UAE and Latvia from Times of India
2025-12-14 10:29:21,758 - INFO - [Times of India] Article: https://timesofindia.indiatimes.com/world/middle-east/saudi-arabia-guarantees-30-days-paid-leave-housing-and-strict-work-rules-for-agricultural-and-herding-workers/articleshow/125958601.cms
2025-12-14 10:29:21,758 - INFO - [Times of India] Attempt 1/1: Trying with 'selenium_browser' strategy...
2025-12-14 10:30:59,536 - CRITICAL - --- TIMEOUT: 1 scrape jobs did not complete in 300s. ---
2025-12-14 10:30:59,536 - ERROR - A thread has timed out and will be abandoned.
2025-12-14 10:30:59,536 - INFO - Shutting down thread pool (wait=False)...
2025-12-14 10:30:59,537 - INFO - Scraped: 3 BBC, 7 The Hindu, 1 The Guardian, 1 Timed_Out_Jobs articles. (Total saved: 11)
2025-12-14 10:30:59,537 - INFO - --- Scraping job finished ---
2025-12-14 10:30:59,537 - INFO - --- Scraper service stopped and database connection closed. ---
2025-12-14 10:30:59,537 - INFO - --- Main thread finished. Forcing process exit to kill zombie threads. ---
