2025-11-14 13:32:50,555 - INFO - Initializing database connection at: news_articles.db
2025-11-14 13:32:50,555 - INFO - --- Scraper service started (CI Mode: Run Once) ---
2025-11-14 13:32:50,555 - INFO - --- Starting new scraping job (Parallel Mode) ---
2025-11-14 13:32:50,555 - INFO - Creating new robust session with 3 retries on 5xx/connection/read errors.
2025-11-14 13:32:50,555 - INFO - Proxy is DISABLED.
2025-11-14 13:32:50,556 - INFO - Starting scrape for BBC RSS feed: http://feeds.bbci.co.uk/news/world/rss.xml
2025-11-14 13:32:50,556 - INFO - [Times of India] (Thread) requires Selenium. Initializing driver...
2025-11-14 13:32:50,556 - INFO - Initializing headless Selenium Chrome driver (using SeleniumManager)...
2025-11-14 13:32:50,556 - INFO - Starting scrape for The Guardian RSS feed: https://www.theguardian.com/world/rss
2025-11-14 13:32:50,557 - INFO - [The Hindu] (Thread) requires Selenium. Initializing driver...
2025-11-14 13:32:50,557 - INFO - Initializing headless Selenium Chrome driver (using SeleniumManager)...
2025-11-14 13:32:50,557 - INFO - Submitted 4 jobs to thread pool. Waiting up to 300s for completion...
2025-11-14 13:32:50,798 - INFO - Found 44 articles in The Guardian RSS feed. Processing up to 10.
2025-11-14 13:32:50,798 - INFO - [The Guardian] Article: https://www.theguardian.com/world/2025/nov/14/anger-south-africa-plane-palestinians-held-12-hours
2025-11-14 13:32:50,798 - INFO - [The Guardian] Attempt 1/1: Trying with 'requests_browser' strategy...
2025-11-14 13:32:50,841 - INFO - Found 23 articles in BBC RSS feed. Processing up to 10.
2025-11-14 13:32:50,841 - INFO - [BBC] Article: https://www.bbc.com/news/articles/cn4jn94gyllo?at_medium=RSS&at_campaign=rss
2025-11-14 13:32:50,842 - INFO - [BBC] Attempt 1/1: Trying with 'requests_browser' strategy...
2025-11-14 13:32:50,852 - INFO - [The Guardian] Success with 'requests_browser'. Found content (412 words).
2025-11-14 13:32:50,888 - INFO - Duplicate article skipped: Anger in South Africa after Palestinians held on plane for 12 hours | South Africa | The Guardian from The Guardian
2025-11-14 13:32:51,079 - INFO - [BBC] Success with 'requests_browser'. Found content (567 words).
2025-11-14 13:32:51,121 - INFO - Duplicate article skipped: Russian drone slams into block of flats in deadly wave of strikes across Kyiv from BBC
2025-11-14 13:32:52,183 - INFO - [The Guardian] Article: https://www.theguardian.com/world/2025/nov/14/british-egyptian-activist-alaa-abd-el-fattah-stopped-from-flying-to-uk-says-family
2025-11-14 13:32:52,184 - INFO - [The Guardian] Attempt 1/1: Trying with 'requests_browser' strategy...
2025-11-14 13:32:52,227 - INFO - [The Guardian] Success with 'requests_browser'. Found content (456 words).
2025-11-14 13:32:52,269 - INFO - Duplicate article skipped: British-Egyptian activist stopped from flying to UK, says family | Egypt | The Guardian from The Guardian
2025-11-14 13:32:52,475 - INFO - [BBC] Article: https://www.bbc.com/news/articles/c874nw4g2zzo?at_medium=RSS&at_campaign=rss
2025-11-14 13:32:52,475 - INFO - [BBC] Attempt 1/1: Trying with 'requests_browser' strategy...
2025-11-14 13:32:52,525 - INFO - [BBC] Success with 'requests_browser'. Found content (1118 words).
2025-11-14 13:32:52,558 - INFO - Duplicate article skipped: BBC apologises to Trump over Panorama edit but refuses to pay compensation from BBC
2025-11-14 13:32:53,094 - INFO - [The Guardian] Article: https://www.theguardian.com/world/2025/nov/12/state-sanctioned-fuel-smuggling-cost-libya-20bn-over-three-years-report
2025-11-14 13:32:53,094 - INFO - [The Guardian] Attempt 1/1: Trying with 'requests_browser' strategy...
2025-11-14 13:32:53,254 - INFO - [The Guardian] Success with 'requests_browser'. Found content (670 words).
2025-11-14 13:32:53,291 - INFO - Duplicate article skipped: State-sanctioned fuel smuggling cost Libya $20bn over three years – report | Libya | The Guardian from The Guardian
2025-11-14 13:32:53,500 - INFO - [BBC] Article: https://www.bbc.com/news/articles/c4gpkerdn9qo?at_medium=RSS&at_campaign=rss
2025-11-14 13:32:53,500 - INFO - [BBC] Attempt 1/1: Trying with 'requests_browser' strategy...
2025-11-14 13:32:53,547 - INFO - [BBC] Success with 'requests_browser'. Found content (796 words).
2025-11-14 13:32:53,579 - INFO - Duplicate article skipped: Germany agrees new military service plan to boost troop numbers from BBC
2025-11-14 13:32:54,115 - INFO - [BBC] Article: https://www.bbc.com/news/articles/c17p1nwy7q8o?at_medium=RSS&at_campaign=rss
2025-11-14 13:32:54,115 - INFO - [BBC] Attempt 1/1: Trying with 'requests_browser' strategy...
2025-11-14 13:32:54,168 - INFO - [BBC] Success with 'requests_browser'. Found content (1181 words).
2025-11-14 13:32:54,209 - INFO - Duplicate article skipped: Sudan conflict: Marco Rubio calls for international action to cut weapons supplies to RSF from BBC
2025-11-14 13:32:54,221 - INFO - [The Guardian] Article: https://www.theguardian.com/global-development/2025/nov/13/british-american-tobacco-africa-zambia-uk
2025-11-14 13:32:54,221 - INFO - [The Guardian] Attempt 1/1: Trying with 'requests_browser' strategy...
2025-11-14 13:32:54,375 - INFO - [The Guardian] Success with 'requests_browser'. Found content (753 words).
2025-11-14 13:32:54,413 - INFO - Duplicate article skipped: ‘Utter hypocrisy’: tobacco firm lobbied against rules in Africa that are law in UK | Global development | The Guardian from The Guardian
2025-11-14 13:32:54,943 - INFO - [The Guardian] Article: https://www.theguardian.com/world/2025/nov/12/french-algerian-writer-boualem-sansal-pardoned-and-to-be-released-from-prison
2025-11-14 13:32:54,944 - INFO - [The Guardian] Attempt 1/1: Trying with 'requests_browser' strategy...
2025-11-14 13:32:54,979 - INFO - [The Guardian] Success with 'requests_browser'. Found content (322 words).
2025-11-14 13:32:55,012 - INFO - [BBC] Article: https://www.bbc.com/news/articles/czxnerkx5pgo?at_medium=RSS&at_campaign=rss
2025-11-14 13:32:55,016 - INFO - [BBC] Attempt 1/1: Trying with 'requests_browser' strategy...
2025-11-14 13:32:55,017 - INFO - Duplicate article skipped: French-Algerian writer Boualem Sansal pardoned and to be released from prison | Algeria | The Guardian from The Guardian
2025-11-14 13:32:55,057 - INFO - [BBC] Success with 'requests_browser'. Found content (321 words).
2025-11-14 13:32:55,089 - INFO - Duplicate article skipped: Israel confirms identity of hostage body returned by Hamas as Manny Godard from BBC
2025-11-14 13:32:56,291 - INFO - [The Guardian] Article: https://www.theguardian.com/world/2025/nov/14/venezuela-maduro-urges-trump-to-avoid-afghanistan-style-forever-war
2025-11-14 13:32:56,291 - INFO - [The Guardian] Attempt 1/1: Trying with 'requests_browser' strategy...
2025-11-14 13:32:56,463 - INFO - [BBC] Article: https://www.bbc.com/news/articles/c051q4pnz39o?at_medium=RSS&at_campaign=rss
2025-11-14 13:32:56,467 - INFO - [BBC] Attempt 1/1: Trying with 'requests_browser' strategy...
2025-11-14 13:32:56,475 - INFO - [The Guardian] Success with 'requests_browser'. Found content (499 words).
2025-11-14 13:32:56,525 - INFO - Saved article: Venezuela’s Maduro urges Trump to avoid Afghanistan-style ‘forever war’ | Venezuela | The Guardian from The Guardian
2025-11-14 13:32:56,543 - INFO - [BBC] Success with 'requests_browser'. Found content (579 words).
2025-11-14 13:32:56,577 - INFO - Duplicate article skipped: Wicked: Man who grabbed Ariana Grande in Singapore charged in court from BBC
2025-11-14 13:32:57,116 - INFO - [The Guardian] Article: https://www.theguardian.com/environment/2025/nov/14/london-judge-rules-bhp-group-liable-for-brazil-2015-samarco-dam-collapse
2025-11-14 13:32:57,117 - INFO - [The Guardian] Attempt 1/1: Trying with 'requests_browser' strategy...
2025-11-14 13:32:57,335 - INFO - [BBC] Article: https://www.bbc.com/news/articles/crklvx2n7rzo?at_medium=RSS&at_campaign=rss
2025-11-14 13:32:57,335 - INFO - [BBC] Attempt 1/1: Trying with 'requests_browser' strategy...
2025-11-14 13:32:57,408 - INFO - [The Guardian] Success with 'requests_browser'. Found content (429 words).
2025-11-14 13:32:57,448 - INFO - Duplicate article skipped: London judge rules BHP Group liable for Brazil’s 2015 Samarco dam collapse | Mining | The Guardian from The Guardian
2025-11-14 13:32:57,690 - INFO - Selenium driver initialized successfully.
2025-11-14 13:32:57,690 - INFO - Starting scrape for Times of India RSS feed: https://timesofindia.indiatimes.com/rssfeeds/296589292.cms
2025-11-14 13:32:57,691 - INFO - Selenium driver initialized successfully.
2025-11-14 13:32:57,691 - INFO - Starting scrape for The Hindu RSS feed: https://www.thehindu.com/news/national/feeder/default.rss
2025-11-14 13:32:57,807 - INFO - [BBC] Success with 'requests_browser'. Found content (1053 words).
2025-11-14 13:32:57,841 - INFO - Duplicate article skipped: China and Japan in escalating spat over Taiwan: What to know from BBC
2025-11-14 13:32:57,981 - INFO - Found 20 articles in Times of India RSS feed. Processing up to 10.
2025-11-14 13:32:57,981 - INFO - [Times of India] Article: https://timesofindia.indiatimes.com/world/us/indian-origin-maga-ally-says-brown-american-vivek-ramaswamy-can-make-education-better-for-whiteys-how-ironic-it-will-be-/articleshow/125326910.cms
2025-11-14 13:32:57,981 - INFO - [Times of India] Attempt 1/1: Trying with 'selenium_browser' strategy...
2025-11-14 13:32:58,067 - INFO - [The Guardian] Article: https://www.theguardian.com/environment/live/2025/nov/13/cop30-live-calls-for-just-transition-plan-grow-as-report-warns-world-on-track-for-26c-of-heating
2025-11-14 13:32:58,067 - INFO - [The Guardian] Attempt 1/1: Trying with 'requests_browser' strategy...
2025-11-14 13:32:58,310 - INFO - [The Guardian] Success with 'requests_browser'. Found content (3548 words).
2025-11-14 13:32:58,408 - INFO - Duplicate article skipped: Cop30: ‘We will exterminate ourselves’ if we keep extracting fossil fuels, activists say – as it happened | Cop30 | The Guardian from The Guardian
2025-11-14 13:32:58,855 - INFO - Found 100 articles in The Hindu RSS feed. Processing up to 10.
2025-11-14 13:32:58,855 - INFO - [The Hindu] Article: https://www.thehindu.com/news/national/andhra-pradesh/upsc-prelims-free-residential-training-for-scst-aspirants-from-annamayya-district/article70279984.ece
2025-11-14 13:32:58,855 - INFO - [The Hindu] Attempt 1/1: Trying with 'selenium_browser' strategy...
2025-11-14 13:32:59,103 - INFO - [BBC] Article: https://www.bbc.com/news/articles/c397mldgrnjo?at_medium=RSS&at_campaign=rss
2025-11-14 13:32:59,103 - INFO - [BBC] Attempt 1/1: Trying with 'requests_browser' strategy...
2025-11-14 13:32:59,275 - INFO - [BBC] Success with 'requests_browser'. Found content (599 words).
2025-11-14 13:32:59,321 - INFO - Duplicate article skipped: Alaa Abdel Fattah: Freed British-Egyptian activist not allowed to fly to UK, family says from BBC
2025-11-14 13:32:59,711 - INFO - [The Guardian] Article: https://www.theguardian.com/world/2025/nov/13/canada-arctic-spy-threats-russia-china
2025-11-14 13:32:59,716 - INFO - [The Guardian] Attempt 1/1: Trying with 'requests_browser' strategy...
2025-11-14 13:32:59,780 - INFO - [The Guardian] Success with 'requests_browser'. Found content (427 words).
2025-11-14 13:32:59,894 - INFO - Duplicate article skipped: Canada says Russia and China are ramping up spy efforts in Arctic region | Canada | The Guardian from The Guardian
2025-11-14 13:33:00,374 - INFO - [BBC] Article: https://www.bbc.com/news/articles/c0qpvq3v3xeo?at_medium=RSS&at_campaign=rss
2025-11-14 13:33:00,375 - INFO - [BBC] Attempt 1/1: Trying with 'requests_browser' strategy...
2025-11-14 13:33:00,434 - INFO - [BBC] Success with 'requests_browser'. Found content (706 words).
2025-11-14 13:33:00,534 - INFO - Duplicate article skipped: Australian schools shut over asbestos risk in children's sand from BBC
2025-11-14 13:33:00,820 - INFO - [The Guardian] Article: https://www.theguardian.com/environment/2025/nov/13/row-over-definition-of-gender-hangs-over-cop30-plans-to-support-women
2025-11-14 13:33:00,820 - INFO - [The Guardian] Attempt 1/1: Trying with 'requests_browser' strategy...
2025-11-14 13:33:00,909 - INFO - [The Guardian] Success with 'requests_browser'. Found content (927 words).
2025-11-14 13:33:01,006 - INFO - Duplicate article skipped: Row over definition of ‘gender’ hangs over Cop30 plans to support women | Cop30 | The Guardian from The Guardian
2025-11-14 13:33:01,573 - INFO - [BBC] Article: https://www.bbc.com/news/articles/ce9d7pj543eo?at_medium=RSS&at_campaign=rss
2025-11-14 13:33:01,574 - INFO - [BBC] Attempt 1/1: Trying with 'requests_browser' strategy...
2025-11-14 13:33:01,698 - INFO - [BBC] Success with 'requests_browser'. Found content (831 words).
2025-11-14 13:33:01,779 - INFO - Duplicate article skipped: Canadian boycott of US travel shows no sign of slowing from BBC
2025-11-14 13:33:36,061 - INFO - [Times of India] Page content loaded.
2025-11-14 13:33:36,346 - INFO - [Times of India] Success with 'selenium_browser'. Found content (468 words).
2025-11-14 13:33:36,509 - INFO - Saved article: Indian origin MAGA ally says 'brown American' Vivek Ramaswamy can make education better for 'whiteys': 'How ironic it will be...' - The Times of India from Times of India
2025-11-14 13:33:37,345 - INFO - [Times of India] Article: https://timesofindia.indiatimes.com/world/rest-of-world/im-beyond-that-indian-origin-doctor-death-jayant-patel-linked-to-many-deaths-in-australia-happily-settled-in-us/articleshow/125327630.cms
2025-11-14 13:33:37,345 - INFO - [Times of India] Attempt 1/1: Trying with 'selenium_browser' strategy...
2025-11-14 13:34:37,364 - ERROR - [Times of India] Request failed for strategy 'selenium_browser' on URL https://timesofindia.indiatimes.com/world/rest-of-world/im-beyond-that-indian-origin-doctor-death-jayant-patel-linked-to-many-deaths-in-australia-happily-settled-in-us/articleshow/125327630.cms: Message: timeout: Timed out receiving message from renderer: 59.668
  (Session info: chrome=142.0.7444.59)
Stacktrace:
#0 0x55aa10d3baea <unknown>
#1 0x55aa10787cdb <unknown>
#2 0x55aa1076fc84 <unknown>
#3 0x55aa1076f967 <unknown>
#4 0x55aa1076d76f <unknown>
#5 0x55aa1076e0ef <unknown>
#6 0x55aa1077cb33 <unknown>
#7 0x55aa10796491 <unknown>
#8 0x55aa1079ccab <unknown>
#9 0x55aa1076e82d <unknown>
#10 0x55aa10796239 <unknown>
#11 0x55aa10826fff <unknown>
#12 0x55aa107ccaca <unknown>
#13 0x55aa107cd7d1 <unknown>
#14 0x55aa10d02ab9 <unknown>
#15 0x55aa10d05a8c <unknown>
#16 0x55aa10cebd49 <unknown>
#17 0x55aa10d06685 <unknown>
#18 0x55aa10cd36c3 <unknown>
#19 0x55aa10d287d8 <unknown>
#20 0x55aa10d289b3 <unknown>
#21 0x55aa10d3aa83 <unknown>
#22 0x7fb625e9caa4 <unknown>
#23 0x7fb625f29c6c <unknown>

2025-11-14 13:34:37,364 - ERROR - [Times of India] All scrape strategies failed for https://timesofindia.indiatimes.com/world/rest-of-world/im-beyond-that-indian-origin-doctor-death-jayant-patel-linked-to-many-deaths-in-australia-happily-settled-in-us/articleshow/125327630.cms. Falling back to RSS description.
2025-11-14 13:34:37,367 - INFO - Saved article: 'I'm beyond that': Indian-origin 'Doctor Death' Jayant Patel, linked to many deaths in Australia, happily settled in US from Times of India
2025-11-14 13:34:38,096 - INFO - [Times of India] Article: https://timesofindia.indiatimes.com/world/us-streamers/most-popular-streamers-and-their-roblox-usernames-in-2025/articleshow/125327528.cms
2025-11-14 13:34:38,096 - INFO - [Times of India] Attempt 1/1: Trying with 'selenium_browser' strategy...
2025-11-14 13:34:52,290 - WARNING - [Times of India] Page timed out (10s). No <p> tags found. Proceeding anyway.
2025-11-14 13:34:52,510 - INFO - [Times of India] Success with 'selenium_browser'. Found content (469 words).
2025-11-14 13:34:52,605 - INFO - Duplicate article skipped: Most popular streamers and their Roblox usernames in 2025 - The Times of India from Times of India
2025-11-14 13:34:53,746 - INFO - [Times of India] Article: https://timesofindia.indiatimes.com/world/middle-east/yo-yo-honey-singh-returns-to-dubai-stage-for-global-tour-kick-off-how-to-grab-your-tickets/articleshow/125327207.cms
2025-11-14 13:34:53,746 - INFO - [Times of India] Attempt 1/1: Trying with 'selenium_browser' strategy...
2025-11-14 13:34:54,660 - INFO - [Times of India] Page content loaded.
2025-11-14 13:34:54,795 - INFO - [Times of India] Success with 'selenium_browser'. Found content (546 words).
2025-11-14 13:34:54,874 - INFO - Duplicate article skipped: Yo Yo Honey Singh returns to Dubai stage for global tour kick-off, how to grab your tickets | World News - The Times of India from Times of India
2025-11-14 13:34:56,236 - INFO - [Times of India] Article: https://timesofindia.indiatimes.com/life-style/health-fitness/health-news/warning-the-sun-might-be-secretly-racing-your-aging-us-heatwave-hotspotsexposed/articleshow/125322688.cms
2025-11-14 13:34:56,236 - INFO - [Times of India] Attempt 1/1: Trying with 'selenium_browser' strategy...
2025-11-14 13:34:57,601 - INFO - [Times of India] Page content loaded.
2025-11-14 13:34:57,725 - INFO - [Times of India] Success with 'selenium_browser'. Found content (729 words).
2025-11-14 13:34:57,780 - INFO - Duplicate article skipped: Warning! The Sun might be secretly racing your aging; US heatwave hotspots exposed | - The Times of India from Times of India
2025-11-14 13:34:58,956 - ERROR - [The Hindu] Request failed for strategy 'selenium_browser' on URL https://www.thehindu.com/news/national/andhra-pradesh/upsc-prelims-free-residential-training-for-scst-aspirants-from-annamayya-district/article70279984.ece: HTTPConnectionPool(host='localhost', port=35053): Read timed out. (read timeout=120)
2025-11-14 13:34:58,956 - ERROR - [The Hindu] All scrape strategies failed for https://www.thehindu.com/news/national/andhra-pradesh/upsc-prelims-free-residential-training-for-scst-aspirants-from-annamayya-district/article70279984.ece. Falling back to RSS description.
2025-11-14 13:34:58,958 - INFO - Saved article: UPSC (Prelims): free residential training for SC/ST aspirants in Annamayya district from The Hindu
2025-11-14 13:34:59,024 - INFO - [Times of India] Article: https://timesofindia.indiatimes.com/science/30000-fossils-uncovered-in-the-arctic-show-how-oceans-came-back-to-life-after-the-great-dying/articleshow/125321390.cms
2025-11-14 13:34:59,025 - INFO - [Times of India] Attempt 1/1: Trying with 'selenium_browser' strategy...
2025-11-14 13:35:00,383 - INFO - [The Hindu] Article: https://www.thehindu.com/news/national/supreme-court-believes-cji-must-have-acted-on-the-anguish-of-approached-nclat-member/article70279484.ece
2025-11-14 13:35:00,383 - INFO - [The Hindu] Attempt 1/1: Trying with 'selenium_browser' strategy...
2025-11-14 13:35:00,521 - INFO - [Times of India] Page content loaded.
2025-11-14 13:35:00,639 - INFO - [Times of India] Success with 'selenium_browser'. Found content (619 words).
2025-11-14 13:35:00,701 - INFO - Duplicate article skipped: 30,000 fossils uncovered in the Arctic show how oceans came back to life after the ‘Great Dying’ | - The Times of India from Times of India
2025-11-14 13:35:02,071 - INFO - [Times of India] Article: https://timesofindia.indiatimes.com/world/middle-east/dubai-is-giving-away-aed-2-5-million-to-app-creators-globally-heres-how-to-enter-the-challenge/articleshow/125319043.cms
2025-11-14 13:35:02,071 - INFO - [Times of India] Attempt 1/1: Trying with 'selenium_browser' strategy...
2025-11-14 13:35:03,573 - INFO - [Times of India] Page content loaded.
2025-11-14 13:35:03,722 - INFO - [Times of India] Success with 'selenium_browser'. Found content (757 words).
2025-11-14 13:35:03,781 - INFO - Duplicate article skipped: Dubai is giving away AED 2.5 million to app creators globally, Here's how to enter the challenge | World News - The Times of India from Times of India
2025-11-14 13:35:05,278 - INFO - [Times of India] Article: https://timesofindia.indiatimes.com/world/middle-east/will-dubais-20-minute-city-vision-melt-under-extreme-summer-heat-is-there-a-plan/articleshow/125317772.cms
2025-11-14 13:35:05,279 - INFO - [Times of India] Attempt 1/1: Trying with 'selenium_browser' strategy...
2025-11-14 13:35:06,787 - INFO - [Times of India] Page content loaded.
2025-11-14 13:35:06,917 - INFO - [Times of India] Success with 'selenium_browser'. Found content (696 words).
2025-11-14 13:35:06,977 - INFO - Duplicate article skipped: Will Dubai’s 20-minute city vision melt under extreme summer heat? Is there a plan? | World News - The Times of India from Times of India
2025-11-14 13:35:08,300 - INFO - [Times of India] Article: https://timesofindia.indiatimes.com/entertainment/english/music/news/zayn-malik-reportedly-rejoins-one-direction-10-years-after-quitting-the-band-documents-reveal/articleshow/125306250.cms
2025-11-14 13:35:08,301 - INFO - [Times of India] Attempt 1/1: Trying with 'selenium_browser' strategy...
2025-11-14 13:35:09,614 - INFO - [Times of India] Page content loaded.
2025-11-14 13:35:09,745 - INFO - [Times of India] Success with 'selenium_browser'. Found content (999 words).
2025-11-14 13:35:09,798 - INFO - Duplicate article skipped: Zayn Malik reportedly rejoins ‘One Direction’ 10 years after quitting the band: Documents reveal | - The Times of India from Times of India
2025-11-14 13:35:10,374 - INFO - [Times of India] Article: https://timesofindia.indiatimes.com/world/us/homeless-cocaine-and-sugar-dating-ad-inside-the-unsealed-files-reviving-gaetzs-sex-scandal-involving-17-year-old/articleshow/125316172.cms
2025-11-14 13:35:10,374 - INFO - [Times of India] Attempt 1/1: Trying with 'selenium_browser' strategy...
2025-11-14 13:35:11,761 - INFO - [Times of India] Page content loaded.
2025-11-14 13:35:11,894 - INFO - [Times of India] Success with 'selenium_browser'. Found content (395 words).
2025-11-14 13:35:11,950 - INFO - Duplicate article skipped: Homeless, cocaine and sugar dating ad: Inside the unsealed files reviving Gaetz's sex scandal involving 17-year-old - The Times of India from Times of India
2025-11-14 13:35:12,822 - INFO - [Times of India] (Thread) Finished. Attempting to shut down its Selenium driver.
2025-11-14 13:35:13,129 - INFO - [Times of India] (Thread) driver.quit() successful.
2025-11-14 13:37:00,428 - ERROR - [The Hindu] Request failed for strategy 'selenium_browser' on URL https://www.thehindu.com/news/national/supreme-court-believes-cji-must-have-acted-on-the-anguish-of-approached-nclat-member/article70279484.ece: HTTPConnectionPool(host='localhost', port=35053): Read timed out. (read timeout=120)
2025-11-14 13:37:00,428 - ERROR - [The Hindu] All scrape strategies failed for https://www.thehindu.com/news/national/supreme-court-believes-cji-must-have-acted-on-the-anguish-of-approached-nclat-member/article70279484.ece. Falling back to RSS description.
2025-11-14 13:37:00,430 - INFO - Saved article: Supreme Court believes CJI ‘must have’ acted on the anguish of ‘approached’ NCLAT Member from The Hindu
2025-11-14 13:37:00,932 - INFO - [The Hindu] Article: https://www.thehindu.com/news/national/andhra-pradesh/baal-aadhaar-drive-in-tekkali/article70279836.ece
2025-11-14 13:37:00,932 - INFO - [The Hindu] Attempt 1/1: Trying with 'selenium_browser' strategy...
2025-11-14 13:37:50,557 - CRITICAL - --- TIMEOUT: 1 scrape jobs did not complete in 300s. ---
2025-11-14 13:37:50,558 - ERROR - A thread has timed out and will be abandoned.
2025-11-14 13:37:50,558 - INFO - Shutting down thread pool (wait=False)...
2025-11-14 13:37:50,558 - INFO - Scraped: 0 BBC, 2 Times of India, 1 The Guardian, 1 Timed_Out_Jobs articles. (Total saved: 3)
2025-11-14 13:37:50,558 - INFO - --- Scraping job finished ---
2025-11-14 13:37:50,558 - INFO - --- Scraper service stopped and database connection closed. ---
2025-11-14 13:37:50,558 - INFO - --- Main thread finished. Forcing process exit to kill zombie threads. ---
