2025-11-18 04:29:53,380 - INFO - Initializing database connection at: news_articles.db
2025-11-18 04:29:53,380 - INFO - --- Scraper service started (CI Mode: Run Once) ---
2025-11-18 04:29:53,381 - INFO - --- Starting new scraping job (Parallel Mode) ---
2025-11-18 04:29:53,381 - INFO - Creating new robust session with 3 retries on 5xx/connection/read errors.
2025-11-18 04:29:53,381 - INFO - Proxy is DISABLED.
2025-11-18 04:29:53,381 - INFO - Starting scrape for BBC RSS feed: http://feeds.bbci.co.uk/news/world/rss.xml
2025-11-18 04:29:53,381 - INFO - [Times of India] (Thread) requires Selenium. Initializing driver...
2025-11-18 04:29:53,382 - INFO - Initializing headless Selenium Chrome driver (using SeleniumManager)...
2025-11-18 04:29:53,382 - INFO - Starting scrape for The Guardian RSS feed: https://www.theguardian.com/world/rss
2025-11-18 04:29:53,382 - INFO - [The Hindu] (Thread) requires Selenium. Initializing driver...
2025-11-18 04:29:53,382 - INFO - Initializing headless Selenium Chrome driver (using SeleniumManager)...
2025-11-18 04:29:53,383 - INFO - Submitted 4 jobs to thread pool. Waiting up to 300s for completion...
2025-11-18 04:29:53,515 - INFO - Found 45 articles in The Guardian RSS feed. Processing up to 10.
2025-11-18 04:29:53,515 - INFO - [The Guardian] Article: https://www.theguardian.com/global-development/2025/nov/17/nestle-accused-of-risking-health-of-babies-for-profit-over-added-sugar-in-cereals-sold-in-african-countries
2025-11-18 04:29:53,515 - INFO - [The Guardian] Attempt 1/1: Trying with 'requests_browser' strategy...
2025-11-18 04:29:53,721 - INFO - Found 25 articles in BBC RSS feed. Processing up to 10.
2025-11-18 04:29:53,721 - INFO - [BBC] Article: https://www.bbc.com/news/articles/c0rpkgq4wllo?at_medium=RSS&at_campaign=rss
2025-11-18 04:29:53,721 - INFO - [BBC] Attempt 1/1: Trying with 'requests_browser' strategy...
2025-11-18 04:29:53,966 - INFO - [BBC] Success with 'requests_browser'. Found content (724 words).
2025-11-18 04:29:54,024 - INFO - Duplicate article skipped: Trump's plan for Gaza backed by UN Security Council from BBC
2025-11-18 04:29:54,034 - INFO - [The Guardian] Success with 'requests_browser'. Found content (744 words).
2025-11-18 04:29:54,069 - INFO - Duplicate article skipped: Nestlé accused of ’risking health of babies for profit’ over added sugar in cereals sold in African countries | Global development | The Guardian from The Guardian
2025-11-18 04:29:55,001 - INFO - [BBC] Article: https://www.bbc.com/news/articles/c4g311jn1m9o?at_medium=RSS&at_campaign=rss
2025-11-18 04:29:55,002 - INFO - [BBC] Attempt 1/1: Trying with 'requests_browser' strategy...
2025-11-18 04:29:55,038 - INFO - [BBC] Success with 'requests_browser'. Found content (1663 words).
2025-11-18 04:29:55,074 - INFO - Duplicate article skipped: A Chinese firm bought an insurer for CIA agents - part of Beijing's trillion dollar spending spree from BBC
2025-11-18 04:29:55,560 - INFO - [The Guardian] Article: https://www.theguardian.com/music/2025/nov/17/nicki-minaj-un-speech-trump-nigeria-christian
2025-11-18 04:29:55,560 - INFO - [The Guardian] Attempt 1/1: Trying with 'requests_browser' strategy...
2025-11-18 04:29:55,608 - INFO - [The Guardian] Success with 'requests_browser'. Found content (512 words).
2025-11-18 04:29:55,659 - INFO - Duplicate article skipped: Nicki Minaj to spotlight plight of Nigerian Christians in UN speech arranged by White House | Nicki Minaj | The Guardian from The Guardian
2025-11-18 04:29:56,137 - INFO - [BBC] Article: https://www.bbc.com/news/articles/cj0el0vg8mno?at_medium=RSS&at_campaign=rss
2025-11-18 04:29:56,137 - INFO - [BBC] Attempt 1/1: Trying with 'requests_browser' strategy...
2025-11-18 04:29:56,164 - INFO - [BBC] Success with 'requests_browser'. Found content (431 words).
2025-11-18 04:29:56,198 - INFO - Duplicate article skipped: James Comey: Judge says government 'missteps' may have tainted case against ex-FBI boss from BBC
2025-11-18 04:29:56,275 - INFO - [The Guardian] Article: https://www.theguardian.com/world/2025/nov/17/eswatini-5-m-dollars-us-deportees
2025-11-18 04:29:56,275 - INFO - [The Guardian] Attempt 1/1: Trying with 'requests_browser' strategy...
2025-11-18 04:29:56,321 - INFO - [The Guardian] Success with 'requests_browser'. Found content (330 words).
2025-11-18 04:29:56,357 - INFO - Duplicate article skipped: Eswatini confirms receiving over $5m from US to accept deportees | Eswatini | The Guardian from The Guardian
2025-11-18 04:29:57,582 - INFO - [The Guardian] Article: https://www.theguardian.com/world/2025/nov/17/sheffield-based-propagandist-sudan-rsf-militia-abdalmonim-alrabea
2025-11-18 04:29:57,582 - INFO - [The Guardian] Attempt 1/1: Trying with 'requests_browser' strategy...
2025-11-18 04:29:57,612 - INFO - [The Guardian] Success with 'requests_browser'. Found content (814 words).
2025-11-18 04:29:57,652 - INFO - Duplicate article skipped: ‘His role is to recruit’: the Sheffield-based propagandist for Sudan’s RSF militia | Sudan | The Guardian from The Guardian
2025-11-18 04:29:57,674 - INFO - [BBC] Article: https://www.bbc.com/news/articles/cddr199d3z0o?at_medium=RSS&at_campaign=rss
2025-11-18 04:29:57,674 - INFO - [BBC] Attempt 1/1: Trying with 'requests_browser' strategy...
2025-11-18 04:29:57,699 - INFO - [BBC] Success with 'requests_browser'. Found content (558 words).
2025-11-18 04:29:57,734 - INFO - Saved article: Larry Summers steps back from public role after Epstein emails emerge from BBC
2025-11-18 04:29:58,317 - INFO - [BBC] Article: https://www.bbc.com/news/articles/cwy170jkekdo?at_medium=RSS&at_campaign=rss
2025-11-18 04:29:58,317 - INFO - [BBC] Attempt 1/1: Trying with 'requests_browser' strategy...
2025-11-18 04:29:58,345 - INFO - [BBC] Success with 'requests_browser'. Found content (715 words).
2025-11-18 04:29:58,380 - INFO - Duplicate article skipped: Ukraine to get 100 French-made Rafale F4 fighter jets in 'historic' deal from BBC
2025-11-18 04:29:58,460 - INFO - [The Guardian] Article: https://www.theguardian.com/world/2025/nov/15/ethiopia-confirms-outbreak-of-deadly-marburg-virus
2025-11-18 04:29:58,460 - INFO - [The Guardian] Attempt 1/1: Trying with 'requests_browser' strategy...
2025-11-18 04:29:58,948 - INFO - [The Guardian] Success with 'requests_browser'. Found content (279 words).
2025-11-18 04:29:58,981 - INFO - Duplicate article skipped: Ethiopia confirms outbreak of deadly Marburg virus | Ethiopia | The Guardian from The Guardian
2025-11-18 04:29:59,250 - INFO - [BBC] Article: https://www.bbc.com/news/articles/c1wlr7r747eo?at_medium=RSS&at_campaign=rss
2025-11-18 04:29:59,250 - INFO - [BBC] Attempt 1/1: Trying with 'requests_browser' strategy...
2025-11-18 04:29:59,447 - INFO - [BBC] Success with 'requests_browser'. Found content (327 words).
2025-11-18 04:29:59,505 - INFO - Duplicate article skipped: Johann Sebastian Bach: Lost pieces performed for first time in 320 years from BBC
2025-11-18 04:29:59,957 - INFO - [The Guardian] Article: https://www.theguardian.com/environment/live/2025/nov/17/cop30-belem-brazil-global-warming-latest-news-updates
2025-11-18 04:29:59,957 - INFO - [The Guardian] Attempt 1/1: Trying with 'requests_browser' strategy...
2025-11-18 04:30:00,536 - INFO - [The Guardian] Success with 'requests_browser'. Found content (4056 words).
2025-11-18 04:30:00,631 - INFO - Duplicate article skipped: Cop30: UN accused of crackdown on Indigenous people – as it happened | Cop30 | The Guardian from The Guardian
2025-11-18 04:30:00,632 - INFO - [BBC] Article: https://www.bbc.com/news/articles/c17pj0gr75lo?at_medium=RSS&at_campaign=rss
2025-11-18 04:30:00,632 - INFO - [BBC] Attempt 1/1: Trying with 'requests_browser' strategy...
2025-11-18 04:30:00,796 - INFO - [BBC] Success with 'requests_browser'. Found content (862 words).
2025-11-18 04:30:00,831 - INFO - Duplicate article skipped: KPop Demon Hunters star on how her life mirrored main character Rumi's journey from BBC
2025-11-18 04:30:00,891 - INFO - Selenium driver initialized successfully.
2025-11-18 04:30:00,891 - INFO - Starting scrape for Times of India RSS feed: https://timesofindia.indiatimes.com/rssfeeds/296589292.cms
2025-11-18 04:30:00,892 - INFO - Selenium driver initialized successfully.
2025-11-18 04:30:00,892 - INFO - Starting scrape for The Hindu RSS feed: https://www.thehindu.com/news/national/feeder/default.rss
2025-11-18 04:30:01,060 - INFO - Found 20 articles in Times of India RSS feed. Processing up to 10.
2025-11-18 04:30:01,061 - INFO - [Times of India] Article: https://timesofindia.indiatimes.com/world/us/deeply-ashamed-larry-summers-steps-back-from-public-roles-scrutiny-mounts-over-epstein-emails/articleshow/125400708.cms
2025-11-18 04:30:01,061 - INFO - [Times of India] Attempt 1/1: Trying with 'selenium_browser' strategy...
2025-11-18 04:30:01,137 - INFO - [The Guardian] Article: https://www.theguardian.com/politics/2025/nov/17/uk-downplays-reports-stopped-sharing-intelligence-us-yvette-cooper
2025-11-18 04:30:01,137 - INFO - [The Guardian] Attempt 1/1: Trying with 'requests_browser' strategy...
2025-11-18 04:30:01,322 - INFO - [The Guardian] Success with 'requests_browser'. Found content (516 words).
2025-11-18 04:30:01,365 - INFO - Duplicate article skipped: UK downplays reports it has stopped sharing intelligence with US regarding narco-traffickers | Yvette Cooper | The Guardian from The Guardian
2025-11-18 04:30:01,849 - INFO - Found 100 articles in The Hindu RSS feed. Processing up to 10.
2025-11-18 04:30:01,850 - INFO - [The Hindu] Article: https://www.thehindu.com/news/national/chhattisgarh/chhattisgarh-sukma-encounter-maoists-security-forces-errabor/article70293196.ece
2025-11-18 04:30:01,850 - INFO - [The Hindu] Attempt 1/1: Trying with 'selenium_browser' strategy...
2025-11-18 04:30:01,922 - INFO - [BBC] Article: https://www.bbc.com/news/articles/cp3dgkx419qo?at_medium=RSS&at_campaign=rss
2025-11-18 04:30:01,922 - INFO - [BBC] Attempt 1/1: Trying with 'requests_browser' strategy...
2025-11-18 04:30:01,952 - INFO - [BBC] Success with 'requests_browser'. Found content (707 words).
2025-11-18 04:30:01,996 - INFO - Duplicate article skipped: South Africa to refuse charter flights of Palestinians over fears of 'cleansing agenda' from BBC
2025-11-18 04:30:02,738 - INFO - [The Guardian] Article: https://www.theguardian.com/us-news/2025/nov/17/trump-venezuelan-drug-cartel
2025-11-18 04:30:02,738 - INFO - [The Guardian] Attempt 1/1: Trying with 'requests_browser' strategy...
2025-11-18 04:30:02,955 - INFO - [The Guardian] Success with 'requests_browser'. Found content (797 words).
2025-11-18 04:30:03,012 - INFO - Duplicate article skipped: US will label supposed Venezuelan drug cartel ‘headed by Maduro’ as terrorist organization | US news | The Guardian from The Guardian
2025-11-18 04:30:03,419 - INFO - [BBC] Article: https://www.bbc.com/news/articles/cp8531xvy26o?at_medium=RSS&at_campaign=rss
2025-11-18 04:30:03,419 - INFO - [BBC] Attempt 1/1: Trying with 'requests_browser' strategy...
2025-11-18 04:30:03,762 - INFO - [BBC] Success with 'requests_browser'. Found content (645 words).
2025-11-18 04:30:03,925 - INFO - Duplicate article skipped: Canada's parliament narrowly approves Prime Minister Carney's first federal budget from BBC
2025-11-18 04:30:04,143 - INFO - [The Guardian] Article: https://www.theguardian.com/world/2025/nov/17/far-right-candidate-jose-antonio-kast-favourite-to-become-chiles-next-president-after-first-round-vote
2025-11-18 04:30:04,143 - INFO - [The Guardian] Attempt 1/1: Trying with 'requests_browser' strategy...
2025-11-18 04:30:04,286 - INFO - [The Guardian] Success with 'requests_browser'. Found content (573 words).
2025-11-18 04:30:04,405 - INFO - Duplicate article skipped: Far-right candidate José Antonio Kast favourite to become Chile’s next president after first round vote | Chile | The Guardian from The Guardian
2025-11-18 04:30:04,970 - INFO - [BBC] Article: https://www.bbc.com/news/articles/cpd2gwwx101o?at_medium=RSS&at_campaign=rss
2025-11-18 04:30:04,970 - INFO - [BBC] Attempt 1/1: Trying with 'requests_browser' strategy...
2025-11-18 04:30:05,169 - INFO - [BBC] Success with 'requests_browser'. Found content (425 words).
2025-11-18 04:30:05,264 - INFO - Duplicate article skipped: Louvre closes gallery due to structural issue from BBC
2025-11-18 04:30:05,909 - INFO - [The Guardian] Article: https://www.theguardian.com/environment/2025/nov/16/have-courage-to-create-fossil-fuel-phaseout-roadmap-at-cop30-brazilian-minister-urges
2025-11-18 04:30:05,909 - INFO - [The Guardian] Attempt 1/1: Trying with 'requests_browser' strategy...
2025-11-18 04:30:06,291 - INFO - [The Guardian] Success with 'requests_browser'. Found content (1091 words).
2025-11-18 04:30:06,509 - INFO - Duplicate article skipped: Have courage to create fossil fuel phaseout roadmap at Cop30, Brazilian minister urges | Cop30 | The Guardian from The Guardian
2025-11-18 04:30:07,057 - INFO - [The Hindu] Page content loaded.
2025-11-18 04:30:07,258 - INFO - [The Hindu] Success with 'selenium_browser'. Found content (85 words).
2025-11-18 04:30:07,507 - INFO - Saved article: Encounter breaks out between police and Maoists in Chhattisgarh's Sukma - The Hindu from The Hindu
2025-11-18 04:30:08,940 - INFO - [The Hindu] Article: https://www.thehindu.com/news/national/kerala/kerala-local-body-polls-prakashan-couple-in-electoral-contest-at-kochi-corporation/article70289957.ece
2025-11-18 04:30:08,940 - INFO - [The Hindu] Attempt 1/1: Trying with 'selenium_browser' strategy...
2025-11-18 04:30:11,691 - INFO - [Times of India] Page content loaded.
2025-11-18 04:30:12,165 - INFO - [The Hindu] Page content loaded.
2025-11-18 04:30:12,397 - INFO - [Times of India] Success with 'selenium_browser'. Found content (452 words).
2025-11-18 04:30:12,608 - INFO - [The Hindu] Success with 'selenium_browser'. Found content (475 words).
2025-11-18 04:30:12,834 - INFO - Saved article: ‘Deeply ashamed’: Larry Summers steps back from public roles; scrutiny mounts over Epstein emails - The Times of India from Times of India
2025-11-18 04:30:12,867 - INFO - Saved article: Kerala local body polls: ‘Prakashan couple’ in electoral contest at Kochi Corporation - The Hindu from The Hindu
2025-11-18 04:30:13,584 - INFO - [Times of India] Article: https://timesofindia.indiatimes.com/world/us/profound-missteps-us-magistrate-judge-orders-grand-jury-files-to-former-fbi-director-comey-rebukes-doj-for-flawed-probe/articleshow/125399667.cms
2025-11-18 04:30:13,584 - INFO - [Times of India] Attempt 1/1: Trying with 'selenium_browser' strategy...
2025-11-18 04:30:13,975 - INFO - [The Hindu] Article: https://www.thehindu.com/news/national/kerala/kerala-local-body-polls-fierce-three-cornered-battle-on-the-cards-in-varkala/article70287762.ece
2025-11-18 04:30:13,975 - INFO - [The Hindu] Attempt 1/1: Trying with 'selenium_browser' strategy...
2025-11-18 04:30:16,648 - INFO - [Times of India] Page content loaded.
2025-11-18 04:30:17,136 - INFO - [Times of India] Success with 'selenium_browser'. Found content (252 words).
2025-11-18 04:30:17,223 - INFO - [The Hindu] Page content loaded.
2025-11-18 04:30:17,407 - INFO - Saved article: 'Profound missteps’: US magistrate judge orders grand jury files to former FBI director Comey; rebukes DOJ for flawed probe - The Times of India from Times of India
2025-11-18 04:30:17,536 - INFO - [The Hindu] Success with 'selenium_browser'. Found content (704 words).
2025-11-18 04:30:17,753 - INFO - Saved article: Kerala local body polls: Fierce three-cornered battle on the cards in Varkala - The Hindu from The Hindu
2025-11-18 04:30:18,578 - INFO - [Times of India] Article: https://timesofindia.indiatimes.com/world/us/well-be-selling-f-35s-donald-trump-clears-deal-with-saudi-arabia-us-cautious-over-saudichina-ties/articleshow/125398796.cms
2025-11-18 04:30:18,578 - INFO - [Times of India] Attempt 1/1: Trying with 'selenium_browser' strategy...
2025-11-18 04:30:18,741 - INFO - [The Hindu] Article: https://www.thehindu.com/news/national/kerala/kerala-local-body-polls-congress-attempts-to-brush-aside-the-bihar-election-blues/article70290926.ece
2025-11-18 04:30:18,741 - INFO - [The Hindu] Attempt 1/1: Trying with 'selenium_browser' strategy...
2025-11-18 04:30:26,289 - INFO - [Times of India] Page content loaded.
2025-11-18 04:30:26,792 - INFO - [Times of India] Success with 'selenium_browser'. Found content (394 words).
2025-11-18 04:30:27,122 - INFO - Duplicate article skipped: ‘We’ll be selling F-35s’: Donald Trump clears deal with Saudi Arabia; US cautious over Saudi–China ties - The Times of India from Times of India
2025-11-18 04:30:27,489 - INFO - [The Hindu] Page content loaded.
2025-11-18 04:30:27,699 - INFO - [The Hindu] Success with 'selenium_browser'. Found content (749 words).
2025-11-18 04:30:27,964 - INFO - Saved article: Kerala local body polls: Congress attempts to brush aside the Bihar election blues - The Hindu from The Hindu
2025-11-18 04:30:28,462 - INFO - [Times of India] Article: https://timesofindia.indiatimes.com/world/us-streamers/candace-owens-sparks-chaos-with-new-britney-spears-trafficking-claim-as-lou-taylor-link-trends-after-kim-kardashian-video/articleshow/125386632.cms
2025-11-18 04:30:28,462 - INFO - [Times of India] Attempt 1/1: Trying with 'selenium_browser' strategy...
2025-11-18 04:30:29,095 - INFO - [The Hindu] Article: https://www.thehindu.com/news/national/karnataka/saudi-arabia-bus-crash-hubballi-resident-among-the-dead/article70293125.ece
2025-11-18 04:30:29,095 - INFO - [The Hindu] Attempt 1/1: Trying with 'selenium_browser' strategy...
2025-11-18 04:30:33,052 - INFO - [The Hindu] Page content loaded.
2025-11-18 04:30:33,232 - INFO - [The Hindu] Success with 'selenium_browser'. Found content (131 words).
2025-11-18 04:30:33,399 - INFO - Saved article: Saudi Arabia bus crash: Hubballi resident among the dead - The Hindu from The Hindu
2025-11-18 04:30:34,742 - INFO - [The Hindu] Article: https://www.thehindu.com/news/national/ed-searches-al-falah-university-faridabad-delhi-car-blast-probe-case/article70293079.ece
2025-11-18 04:30:34,743 - INFO - [The Hindu] Attempt 1/1: Trying with 'selenium_browser' strategy...
2025-11-18 04:30:36,587 - INFO - [The Hindu] Page content loaded.
2025-11-18 04:30:36,656 - INFO - [The Hindu] Success with 'selenium_browser'. Found content (584 words).
2025-11-18 04:30:37,087 - INFO - Saved article: Delhi car blast case: ED conducts searches at Faridabad’s Al-Falah University, linked persons - The Hindu from The Hindu
2025-11-18 04:30:37,885 - INFO - [The Hindu] Article: https://www.thehindu.com/news/national/maharashtra/protests-over-shivaji-bust-removal-from-pune-govt-office-reinstated-amid-uproar/article70293071.ece
2025-11-18 04:30:37,885 - INFO - [The Hindu] Attempt 1/1: Trying with 'selenium_browser' strategy...
2025-11-18 04:30:38,925 - INFO - [The Hindu] Page content loaded.
2025-11-18 04:30:38,971 - INFO - [The Hindu] Success with 'selenium_browser'. Found content (260 words).
2025-11-18 04:30:39,053 - INFO - Saved article: Protests over Shivaji bust removal from Pune govt office; reinstated amid uproar - The Hindu from The Hindu
2025-11-18 04:30:40,085 - INFO - [The Hindu] Article: https://www.thehindu.com/news/national/odisha/odishas-popular-singer-humane-sagar-dies-at-36-cm-majhi-bjds-naveen-patnaik-convey-condolences/article70293045.ece
2025-11-18 04:30:40,085 - INFO - [The Hindu] Attempt 1/1: Trying with 'selenium_browser' strategy...
2025-11-18 04:30:41,137 - INFO - [The Hindu] Page content loaded.
2025-11-18 04:30:41,197 - INFO - [The Hindu] Success with 'selenium_browser'. Found content (322 words).
2025-11-18 04:30:41,285 - INFO - Duplicate article skipped: Odisha’s popular singer Humane Sagar dies at 36; CM Majhi, BJD’s Naveen Patnaik convey condolences - The Hindu from The Hindu
2025-11-18 04:30:42,185 - INFO - [The Hindu] Article: https://www.thehindu.com/news/national/the-trajectory-of-anti-rape-laws-in-india-explained/article70290398.ece
2025-11-18 04:30:42,185 - INFO - [The Hindu] Attempt 1/1: Trying with 'selenium_browser' strategy...
2025-11-18 04:30:43,305 - INFO - [The Hindu] Page content loaded.
2025-11-18 04:30:43,357 - INFO - [The Hindu] Success with 'selenium_browser'. Found content (1209 words).
2025-11-18 04:30:43,446 - INFO - Duplicate article skipped: The trajectory of anti-rape laws in India | Explained - The Hindu from The Hindu
2025-11-18 04:30:44,699 - INFO - [The Hindu] Article: https://www.thehindu.com/data/muslim-mlas-share-in-bihar-assembly-drops-top-45-in-2025/article70291724.ece
2025-11-18 04:30:44,699 - INFO - [The Hindu] Attempt 1/1: Trying with 'selenium_browser' strategy...
2025-11-18 04:30:45,854 - INFO - [The Hindu] Page content loaded.
2025-11-18 04:30:45,903 - INFO - [The Hindu] Success with 'selenium_browser'. Found content (282 words).
2025-11-18 04:30:45,954 - INFO - Duplicate article skipped: Muslim MLAs share in Bihar Assembly drops top 4.5% in 2025 - The Hindu from The Hindu
2025-11-18 04:30:47,429 - INFO - [The Hindu] (Thread) Finished. Attempting to shut down its Selenium driver.
2025-11-18 04:30:47,601 - INFO - [The Hindu] (Thread) driver.quit() successful.
2025-11-18 04:32:28,558 - ERROR - [Times of India] Request failed for strategy 'selenium_browser' on URL https://timesofindia.indiatimes.com/world/us-streamers/candace-owens-sparks-chaos-with-new-britney-spears-trafficking-claim-as-lou-taylor-link-trends-after-kim-kardashian-video/articleshow/125386632.cms: HTTPConnectionPool(host='localhost', port=41195): Read timed out. (read timeout=120)
2025-11-18 04:32:28,558 - ERROR - [Times of India] All scrape strategies failed for https://timesofindia.indiatimes.com/world/us-streamers/candace-owens-sparks-chaos-with-new-britney-spears-trafficking-claim-as-lou-taylor-link-trends-after-kim-kardashian-video/articleshow/125386632.cms. Falling back to RSS description.
2025-11-18 04:32:28,558 - INFO - Duplicate article skipped: Candace Owens sparks chaos with new Britney Spears trafficking claim as Lou Taylor link trends after Kim Kardashian video from Times of India
2025-11-18 04:32:29,388 - INFO - [Times of India] Article: https://timesofindia.indiatimes.com/world/us-streamers/megyn-kellys-viral-reaction-to-trans-woman-giselle-byrd-joining-the-massachusetts-commission-on-the-womens-status-sparks-big-debate/articleshow/125398313.cms
2025-11-18 04:32:29,388 - INFO - [Times of India] Attempt 1/1: Trying with 'selenium_browser' strategy...
2025-11-18 04:34:29,458 - ERROR - [Times of India] Request failed for strategy 'selenium_browser' on URL https://timesofindia.indiatimes.com/world/us-streamers/megyn-kellys-viral-reaction-to-trans-woman-giselle-byrd-joining-the-massachusetts-commission-on-the-womens-status-sparks-big-debate/articleshow/125398313.cms: HTTPConnectionPool(host='localhost', port=41195): Read timed out. (read timeout=120)
2025-11-18 04:34:29,459 - ERROR - [Times of India] All scrape strategies failed for https://timesofindia.indiatimes.com/world/us-streamers/megyn-kellys-viral-reaction-to-trans-woman-giselle-byrd-joining-the-massachusetts-commission-on-the-womens-status-sparks-big-debate/articleshow/125398313.cms. Falling back to RSS description.
2025-11-18 04:34:29,459 - INFO - Duplicate article skipped: Megyn Kelly’s viral reaction to trans woman Giselle Byrd joining the Massachusetts Commission on the Women’s status sparks big debate from Times of India
2025-11-18 04:34:30,956 - INFO - [Times of India] Article: https://timesofindia.indiatimes.com/world/us/trumps-gaza-peace-plan-unsc-approves-us-drafted-resolution-hamas-rejects-proposal/articleshow/125398562.cms
2025-11-18 04:34:30,957 - INFO - [Times of India] Attempt 1/1: Trying with 'selenium_browser' strategy...
2025-11-18 04:34:53,383 - CRITICAL - --- TIMEOUT: 1 scrape jobs did not complete in 300s. ---
2025-11-18 04:34:53,383 - ERROR - A thread has timed out and will be abandoned.
2025-11-18 04:34:53,383 - INFO - Shutting down thread pool (wait=False)...
2025-11-18 04:34:53,383 - INFO - Scraped: 0 The Guardian, 7 The Hindu, 1 BBC, 1 Timed_Out_Jobs articles. (Total saved: 8)
2025-11-18 04:34:53,383 - INFO - --- Scraping job finished ---
2025-11-18 04:34:53,383 - INFO - --- Scraper service stopped and database connection closed. ---
2025-11-18 04:34:53,383 - INFO - --- Main thread finished. Forcing process exit to kill zombie threads. ---
