2025-12-23 04:41:37,969 - INFO - Initializing database connection at: news_articles.db
2025-12-23 04:41:37,969 - INFO - --- Scraper service started (CI Mode: Run Once) ---
2025-12-23 04:41:37,969 - INFO - --- Starting new scraping job (Parallel Mode) ---
2025-12-23 04:41:37,969 - INFO - Creating new robust session with 3 retries on 5xx/connection/read errors.
2025-12-23 04:41:37,969 - INFO - Proxy is DISABLED.
2025-12-23 04:41:37,970 - INFO - Starting scrape for BBC RSS feed: http://feeds.bbci.co.uk/news/world/rss.xml
2025-12-23 04:41:37,970 - INFO - [Times of India] (Thread) requires Selenium. Initializing driver...
2025-12-23 04:41:37,970 - INFO - Initializing headless Selenium Chrome driver (using SeleniumManager)...
2025-12-23 04:41:37,971 - INFO - Starting scrape for The Guardian RSS feed: https://www.theguardian.com/world/rss
2025-12-23 04:41:37,971 - INFO - [The Hindu] (Thread) requires Selenium. Initializing driver...
2025-12-23 04:41:37,971 - INFO - Initializing headless Selenium Chrome driver (using SeleniumManager)...
2025-12-23 04:41:37,971 - INFO - Submitted 4 jobs to thread pool. Waiting up to 300s for completion...
2025-12-23 04:41:38,065 - INFO - Found 36 articles in BBC RSS feed. Processing up to 10.
2025-12-23 04:41:38,066 - INFO - [BBC] Article: https://www.bbc.com/news/articles/ckgmd132ge4o?at_medium=RSS&at_campaign=rss
2025-12-23 04:41:38,066 - INFO - [BBC] Attempt 1/1: Trying with 'requests_browser' strategy...
2025-12-23 04:41:38,257 - INFO - Found 45 articles in The Guardian RSS feed. Processing up to 10.
2025-12-23 04:41:38,257 - INFO - [The Guardian] Article: https://www.theguardian.com/world/2025/dec/22/freed-nigerian-schoolchildren-set-to-be-reunited-with-families
2025-12-23 04:41:38,257 - INFO - [The Guardian] Attempt 1/1: Trying with 'requests_browser' strategy...
2025-12-23 04:41:38,281 - INFO - [The Guardian] Success with 'requests_browser'. Found content (365 words).
2025-12-23 04:41:38,320 - INFO - Duplicate article skipped: Freed Nigerian schoolchildren to be reunited with families | Nigeria | The Guardian from The Guardian
2025-12-23 04:41:38,382 - INFO - [BBC] Success with 'requests_browser'. Found content (794 words).
2025-12-23 04:41:38,420 - INFO - Duplicate article skipped: Trump says US needs Greenland after naming special envoy from BBC
2025-12-23 04:41:39,195 - INFO - [The Guardian] Article: https://www.theguardian.com/world/2025/dec/21/more-kidnapped-schoolchildren-freed-in-nigeria
2025-12-23 04:41:39,195 - INFO - [The Guardian] Attempt 1/1: Trying with 'requests_browser' strategy...
2025-12-23 04:41:39,219 - INFO - [The Guardian] Success with 'requests_browser'. Found content (382 words).
2025-12-23 04:41:39,253 - INFO - Duplicate article skipped: Another 130 kidnapped schoolchildren released in Nigeria | Nigeria | The Guardian from The Guardian
2025-12-23 04:41:39,430 - INFO - [BBC] Article: https://www.bbc.com/news/articles/ce86le5dyxyo?at_medium=RSS&at_campaign=rss
2025-12-23 04:41:39,430 - INFO - [BBC] Attempt 1/1: Trying with 'requests_browser' strategy...
2025-12-23 04:41:39,455 - INFO - [BBC] Success with 'requests_browser'. Found content (255 words).
2025-12-23 04:41:39,489 - INFO - Duplicate article skipped: Wegovy pill approved by US FDA for weight loss from BBC
2025-12-23 04:41:39,915 - INFO - [The Guardian] Article: https://www.theguardian.com/uk-news/2025/dec/21/manchester-museum-uncover-hidden-histories-africa-hub
2025-12-23 04:41:39,915 - INFO - [The Guardian] Attempt 1/1: Trying with 'requests_browser' strategy...
2025-12-23 04:41:39,938 - INFO - [The Guardian] Success with 'requests_browser'. Found content (543 words).
2025-12-23 04:41:39,975 - INFO - Duplicate article skipped: Manchester Museum seeks help to uncover hidden histories of African collection | Manchester | The Guardian from The Guardian
2025-12-23 04:41:40,562 - INFO - [The Guardian] Article: https://www.theguardian.com/global-development/2025/dec/21/sweden-and-germany-slash-aid-budgets-to-focus-on-ukraine-and-defence-spending
2025-12-23 04:41:40,562 - INFO - [The Guardian] Attempt 1/1: Trying with 'requests_browser' strategy...
2025-12-23 04:41:40,587 - INFO - [The Guardian] Success with 'requests_browser'. Found content (721 words).
2025-12-23 04:41:40,609 - INFO - [BBC] Article: https://www.bbc.com/news/articles/cdxe8yqlvgzo?at_medium=RSS&at_campaign=rss
2025-12-23 04:41:40,609 - INFO - [BBC] Attempt 1/1: Trying with 'requests_browser' strategy...
2025-12-23 04:41:40,624 - INFO - Duplicate article skipped: Sweden and Germany slash aid budgets to focus on Ukraine and defence spending | Global development | The Guardian from The Guardian
2025-12-23 04:41:40,645 - INFO - [BBC] Success with 'requests_browser'. Found content (655 words).
2025-12-23 04:41:40,678 - INFO - Duplicate article skipped: Russia escalates attacks on key Ukrainian region of Odesa from BBC
2025-12-23 04:41:41,606 - INFO - [The Guardian] Article: https://www.theguardian.com/world/2025/dec/21/gunmen-johannesburg-township-in-south-africas-second-mass-shooting-within-weeks
2025-12-23 04:41:41,606 - INFO - [The Guardian] Attempt 1/1: Trying with 'requests_browser' strategy...
2025-12-23 04:41:41,628 - INFO - [The Guardian] Success with 'requests_browser'. Found content (473 words).
2025-12-23 04:41:41,664 - INFO - Duplicate article skipped: Gunmen kill nine in Johannesburg township in South Africa’s second mass shooting this month | South Africa | The Guardian from The Guardian
2025-12-23 04:41:41,919 - INFO - [BBC] Article: https://www.bbc.com/news/articles/cz7ndpq42y0o?at_medium=RSS&at_campaign=rss
2025-12-23 04:41:41,919 - INFO - [BBC] Attempt 1/1: Trying with 'requests_browser' strategy...
2025-12-23 04:41:41,944 - INFO - [BBC] Success with 'requests_browser'. Found content (479 words).
2025-12-23 04:41:41,977 - INFO - Duplicate article skipped: Wildfire-hit town wins €468m in Spain's Christmas lottery from BBC
2025-12-23 04:41:42,855 - INFO - [BBC] Article: https://www.bbc.com/news/articles/c99722j4lkgo?at_medium=RSS&at_campaign=rss
2025-12-23 04:41:42,855 - INFO - [BBC] Attempt 1/1: Trying with 'requests_browser' strategy...
2025-12-23 04:41:42,891 - INFO - [BBC] Success with 'requests_browser'. Found content (839 words).
2025-12-23 04:41:42,954 - INFO - Duplicate article skipped: Trump says US is pursuing third oil tanker linked to Venezuela from BBC
2025-12-23 04:41:42,964 - INFO - [The Guardian] Article: https://www.theguardian.com/world/2025/dec/23/russia-china-support-venezuela-trump-pressure-maduro
2025-12-23 04:41:42,964 - INFO - [The Guardian] Attempt 1/1: Trying with 'requests_browser' strategy...
2025-12-23 04:41:42,995 - INFO - [The Guardian] Success with 'requests_browser'. Found content (602 words).
2025-12-23 04:41:43,031 - INFO - Saved article: Russia and China pledge support for Venezuela as Trump ratchets up pressure on Maduro | Venezuela | The Guardian from The Guardian
2025-12-23 04:41:44,088 - INFO - [The Guardian] Article: https://www.theguardian.com/world/2025/dec/23/former-blackrock-executive-mark-wiseman-named-as-canadas-next-ambassador-to-us
2025-12-23 04:41:44,088 - INFO - [The Guardian] Attempt 1/1: Trying with 'requests_browser' strategy...
2025-12-23 04:41:44,110 - INFO - [The Guardian] Success with 'requests_browser'. Found content (394 words).
2025-12-23 04:41:44,150 - INFO - Duplicate article skipped: Former BlackRock executive Mark Wiseman named as Canada’s next ambassador to US | Canada | The Guardian from The Guardian
2025-12-23 04:41:44,263 - INFO - [BBC] Article: https://www.bbc.com/news/articles/c2084n1pyvdo?at_medium=RSS&at_campaign=rss
2025-12-23 04:41:44,264 - INFO - [BBC] Attempt 1/1: Trying with 'requests_browser' strategy...
2025-12-23 04:41:44,298 - INFO - [BBC] Success with 'requests_browser'. Found content (1077 words).
2025-12-23 04:41:44,336 - INFO - Duplicate article skipped: Baby Siwar back in hospital in Gaza after returning from treatment in Jordan from BBC
2025-12-23 04:41:45,071 - INFO - [The Guardian] Article: https://www.theguardian.com/media/2025/dec/22/cbs-pulls-60-minutes-segment-el-salvador-prison
2025-12-23 04:41:45,071 - INFO - [The Guardian] Attempt 1/1: Trying with 'requests_browser' strategy...
2025-12-23 04:41:45,096 - INFO - [The Guardian] Success with 'requests_browser'. Found content (1192 words).
2025-12-23 04:41:45,131 - INFO - Duplicate article skipped: Outrage after CBS pulls 60 Minutes segment on El Salvador’s Cecot prison | CBS | The Guardian from The Guardian
2025-12-23 04:41:45,166 - INFO - [BBC] Article: https://www.bbc.com/news/articles/c2084nq2npjo?at_medium=RSS&at_campaign=rss
2025-12-23 04:41:45,166 - INFO - [BBC] Attempt 1/1: Trying with 'requests_browser' strategy...
2025-12-23 04:41:45,196 - INFO - [BBC] Success with 'requests_browser'. Found content (623 words).
2025-12-23 04:41:45,232 - INFO - Duplicate article skipped: Donald Trump unveils new class of battleships named after himself from BBC
2025-12-23 04:41:46,215 - INFO - Selenium driver initialized successfully.
2025-12-23 04:41:46,215 - INFO - Starting scrape for The Hindu RSS feed: https://www.thehindu.com/news/national/feeder/default.rss
2025-12-23 04:41:46,216 - INFO - Selenium driver initialized successfully.
2025-12-23 04:41:46,216 - INFO - Starting scrape for Times of India RSS feed: https://timesofindia.indiatimes.com/rssfeeds/296589292.cms
2025-12-23 04:41:46,252 - INFO - [BBC] Article: https://www.bbc.com/news/articles/cx25rled0ylo?at_medium=RSS&at_campaign=rss
2025-12-23 04:41:46,252 - INFO - [BBC] Attempt 1/1: Trying with 'requests_browser' strategy...
2025-12-23 04:41:46,278 - INFO - [BBC] Success with 'requests_browser'. Found content (387 words).
2025-12-23 04:41:46,311 - INFO - Duplicate article skipped: Vince Zampella, Call of Duty co-creator, dies in California car crash from BBC
2025-12-23 04:41:46,332 - INFO - Found 100 articles in The Hindu RSS feed. Processing up to 10.
2025-12-23 04:41:46,332 - INFO - [The Hindu] Article: https://www.thehindu.com/news/national/manipur/two-cadres-of-proscribed-outfit-held-in-manipur/article70428398.ece
2025-12-23 04:41:46,332 - INFO - [The Hindu] Attempt 1/1: Trying with 'selenium_browser' strategy...
2025-12-23 04:41:46,390 - INFO - [The Guardian] Article: https://www.theguardian.com/world/2025/dec/22/ecuador-guayaquil-four-military-sentenced
2025-12-23 04:41:46,390 - INFO - [The Guardian] Attempt 1/1: Trying with 'requests_browser' strategy...
2025-12-23 04:41:46,413 - INFO - [The Guardian] Success with 'requests_browser'. Found content (577 words).
2025-12-23 04:41:46,448 - INFO - Duplicate article skipped: Ecuador court sentences 11 air force troops over disappearance of four boys | Ecuador | The Guardian from The Guardian
2025-12-23 04:41:46,976 - INFO - Found 20 articles in Times of India RSS feed. Processing up to 10.
2025-12-23 04:41:46,976 - INFO - [Times of India] Article: https://timesofindia.indiatimes.com/world/us/hes-gotta-watch-himself-trump-threatens-colombian-president-over-cocaine-trafficking-in-us-video/articleshow/126132897.cms
2025-12-23 04:41:46,976 - INFO - [Times of India] Attempt 1/1: Trying with 'selenium_browser' strategy...
2025-12-23 04:41:47,489 - INFO - [The Guardian] Article: https://www.theguardian.com/media/2025/dec/22/cbs-news-delays-60-minutes-segment-featuring-investigation-into-cecot-megaprison
2025-12-23 04:41:47,489 - INFO - [The Guardian] Attempt 1/1: Trying with 'requests_browser' strategy...
2025-12-23 04:41:47,532 - INFO - [The Guardian] Success with 'requests_browser'. Found content (1052 words).
2025-12-23 04:41:47,599 - INFO - Duplicate article skipped: CBS News delays 60 Minutes segment on El Salvador’s Cecot mega-prison | CBS | The Guardian from The Guardian
2025-12-23 04:41:47,708 - INFO - [BBC] Article: https://www.bbc.com/news/articles/cx2dmj7p8y2o?at_medium=RSS&at_campaign=rss
2025-12-23 04:41:47,708 - INFO - [BBC] Attempt 1/1: Trying with 'requests_browser' strategy...
2025-12-23 04:41:47,922 - INFO - [BBC] Success with 'requests_browser'. Found content (830 words).
2025-12-23 04:41:48,001 - INFO - Duplicate article skipped: NGOs fear Israel registration rules risk collapse of Gaza aid operations from BBC
2025-12-23 04:41:49,497 - INFO - [BBC] Article: https://www.bbc.com/news/articles/c8jwn9wznx1o?at_medium=RSS&at_campaign=rss
2025-12-23 04:41:49,499 - INFO - [BBC] Attempt 1/1: Trying with 'requests_browser' strategy...
2025-12-23 04:41:49,568 - INFO - [BBC] Success with 'requests_browser'. Found content (334 words).
2025-12-23 04:41:49,666 - INFO - Duplicate article skipped: Russian general killed by car bomb in Moscow, officials say from BBC
2025-12-23 04:41:54,762 - INFO - [The Hindu] Page content loaded.
2025-12-23 04:41:54,951 - INFO - [The Hindu] Success with 'selenium_browser'. Found content (185 words).
2025-12-23 04:41:55,181 - INFO - Saved article: Two cadres of proscribed outfit held in Manipur - The Hindu from The Hindu
2025-12-23 04:41:55,793 - INFO - [The Hindu] Article: https://www.thehindu.com/news/cities/Delhi/delhiites-wake-up-to-hazardous-air-aqi-crosses-400-at-27-stations-several-others-slip-to-severe-plus-range/article70428404.ece
2025-12-23 04:41:55,793 - INFO - [The Hindu] Attempt 1/1: Trying with 'selenium_browser' strategy...
2025-12-23 04:42:01,617 - INFO - [The Hindu] Page content loaded.
2025-12-23 04:42:02,176 - INFO - [The Hindu] Success with 'selenium_browser'. Found content (297 words).
2025-12-23 04:42:02,483 - INFO - Saved article: Delhiites wake up to hazardous air, AQI crosses 400 at 27 stations; several others slip to ‘severe plus’ range - The Hindu from The Hindu
2025-12-23 04:42:03,755 - INFO - [The Hindu] Article: https://www.thehindu.com/news/national/kerala/four-of-family-found-dead-in-keralas-kannur-family-feud-over-child-custody-cited-as-cause/article70428317.ece
2025-12-23 04:42:03,755 - INFO - [The Hindu] Attempt 1/1: Trying with 'selenium_browser' strategy...
2025-12-23 04:42:05,129 - INFO - [The Hindu] Page content loaded.
2025-12-23 04:42:05,227 - INFO - [The Hindu] Success with 'selenium_browser'. Found content (226 words).
2025-12-23 04:42:05,417 - INFO - Saved article: Four of family found dead in Kerala’s Kannur; family feud over child custody cited as cause - The Hindu from The Hindu
2025-12-23 04:42:06,283 - INFO - [The Hindu] Article: https://www.thehindu.com/news/national/on-the-right-to-a-healthy-environment/article70425821.ece
2025-12-23 04:42:06,283 - INFO - [The Hindu] Attempt 1/1: Trying with 'selenium_browser' strategy...
2025-12-23 04:42:07,537 - INFO - [The Hindu] Page content loaded.
2025-12-23 04:42:08,270 - INFO - [The Hindu] Success with 'selenium_browser'. Found content (1481 words).
2025-12-23 04:42:08,393 - INFO - Saved article: On the right to a healthy environment - The Hindu from The Hindu
2025-12-23 04:42:09,124 - INFO - [The Hindu] Article: https://www.thehindu.com/news/national/bjp-proposing-elimination-of-indian-constitution-rahul-gandhi-in-berlin/article70428308.ece
2025-12-23 04:42:09,124 - INFO - [The Hindu] Attempt 1/1: Trying with 'selenium_browser' strategy...
2025-12-23 04:43:09,144 - ERROR - [The Hindu] Request failed for strategy 'selenium_browser' on URL https://www.thehindu.com/news/national/bjp-proposing-elimination-of-indian-constitution-rahul-gandhi-in-berlin/article70428308.ece: Message: timeout: Timed out receiving message from renderer: 59.955
  (Session info: chrome=143.0.7499.109)
Stacktrace:
#0 0x555da7c1619a <unknown>
#1 0x555da7693c4b <unknown>
#2 0x555da767bcf3 <unknown>
#3 0x555da767b9d6 <unknown>
#4 0x555da7679897 <unknown>
#5 0x555da767a1af <unknown>
#6 0x555da7688970 <unknown>
#7 0x555da76a2017 <unknown>
#8 0x555da76a86cb <unknown>
#9 0x555da767a8d8 <unknown>
#10 0x555da76a1dc3 <unknown>
#11 0x555da7730f60 <unknown>
#12 0x555da76d7c42 <unknown>
#13 0x555da76d88f1 <unknown>
#14 0x555da7bdef39 <unknown>
#15 0x555da7be1e7d <unknown>
#16 0x555da7bc7c81 <unknown>
#17 0x555da7be2a5b <unknown>
#18 0x555da7baea50 <unknown>
#19 0x555da7c03aa8 <unknown>
#20 0x555da7c03c79 <unknown>
#21 0x555da7c154f3 <unknown>
#22 0x7fb863c9caa4 <unknown>
#23 0x7fb863d29c6c <unknown>

2025-12-23 04:43:09,144 - ERROR - [The Hindu] All scrape strategies failed for https://www.thehindu.com/news/national/bjp-proposing-elimination-of-indian-constitution-rahul-gandhi-in-berlin/article70428308.ece. Falling back to RSS description.
2025-12-23 04:43:09,145 - INFO - Saved article: BJP proposing elimination of Indian Constitution: Rahul Gandhi in Berlin from The Hindu
2025-12-23 04:43:09,649 - INFO - [The Hindu] Article: https://www.thehindu.com/news/national/tamil-nadu/institutional-mechanisms-dont-work-any-more-need-to-convert-electorate-to-honest-people-judge-zak-yacoob/article70427175.ece
2025-12-23 04:43:09,649 - INFO - [The Hindu] Attempt 1/1: Trying with 'selenium_browser' strategy...
2025-12-23 04:43:10,641 - INFO - [The Hindu] Page content loaded.
2025-12-23 04:43:10,862 - INFO - [The Hindu] Success with 'selenium_browser'. Found content (353 words).
2025-12-23 04:43:10,934 - INFO - Duplicate article skipped: Institutional mechanisms don’t work any more; need to convert electorate to honest people: Judge Zak Yacoob - The Hindu from The Hindu
2025-12-23 04:43:11,590 - INFO - [The Hindu] Article: https://www.thehindu.com/news/national/uttarakhand/haridwar-hotel-cancel-christmas-event-after-protest-by-hindu-groups/article70427146.ece
2025-12-23 04:43:11,590 - INFO - [The Hindu] Attempt 1/1: Trying with 'selenium_browser' strategy...
2025-12-23 04:43:12,390 - INFO - [The Hindu] Page content loaded.
2025-12-23 04:43:12,531 - INFO - [The Hindu] Success with 'selenium_browser'. Found content (172 words).
2025-12-23 04:43:12,621 - INFO - Duplicate article skipped: Haridwar hotel cancel Christmas event after protest by Hindu groups - The Hindu from The Hindu
2025-12-23 04:43:13,807 - INFO - [The Hindu] Article: https://www.thehindu.com/news/national/maharashtra/shiv-sena-ubt-and-mns-to-announce-alliance-in-two-days/article70426579.ece
2025-12-23 04:43:13,807 - INFO - [The Hindu] Attempt 1/1: Trying with 'selenium_browser' strategy...
2025-12-23 04:43:14,555 - INFO - [The Hindu] Page content loaded.
2025-12-23 04:43:14,651 - INFO - [The Hindu] Success with 'selenium_browser'. Found content (362 words).
2025-12-23 04:43:14,758 - INFO - Duplicate article skipped: Shiv Sena (UBT) and MNS to announce alliance in two days - The Hindu from The Hindu
2025-12-23 04:43:15,392 - INFO - [The Hindu] Article: https://www.thehindu.com/news/national/haryana/haryana-assembly-amends-private-universities-law-to-tighten-its-grip-over-the-institutes/article70427231.ece
2025-12-23 04:43:15,393 - INFO - [The Hindu] Attempt 1/1: Trying with 'selenium_browser' strategy...
2025-12-23 04:43:16,359 - INFO - [The Hindu] Page content loaded.
2025-12-23 04:43:16,439 - INFO - [The Hindu] Success with 'selenium_browser'. Found content (414 words).
2025-12-23 04:43:16,522 - INFO - Duplicate article skipped: Haryana Assembly amends private universities law to tighten its grip over the institutes - The Hindu from The Hindu
2025-12-23 04:43:17,811 - INFO - [The Hindu] Article: https://www.thehindu.com/news/national/west-bengal/bjp-is-pushing-country-towardsits-endby-removing-gandhijis-name-from-mgnrega-mamata-on-vb-g-ram-g-bill/article70426477.ece
2025-12-23 04:43:17,811 - INFO - [The Hindu] Attempt 1/1: Trying with 'selenium_browser' strategy...
2025-12-23 04:43:18,597 - INFO - [The Hindu] Page content loaded.
2025-12-23 04:43:18,708 - INFO - [The Hindu] Success with 'selenium_browser'. Found content (292 words).
2025-12-23 04:43:18,809 - INFO - Duplicate article skipped: BJP is pushing country towards its end by removing Gandhiji’s name from MGNREGA: Mamata on VB-G RAM G Bill - The Hindu from The Hindu
2025-12-23 04:43:20,225 - INFO - [The Hindu] (Thread) Finished. Attempting to shut down its Selenium driver.
2025-12-23 04:43:20,363 - INFO - [The Hindu] (Thread) driver.quit() successful.
2025-12-23 04:43:47,050 - ERROR - [Times of India] Request failed for strategy 'selenium_browser' on URL https://timesofindia.indiatimes.com/world/us/hes-gotta-watch-himself-trump-threatens-colombian-president-over-cocaine-trafficking-in-us-video/articleshow/126132897.cms: HTTPConnectionPool(host='localhost', port=51893): Read timed out. (read timeout=120)
2025-12-23 04:43:47,051 - ERROR - [Times of India] All scrape strategies failed for https://timesofindia.indiatimes.com/world/us/hes-gotta-watch-himself-trump-threatens-colombian-president-over-cocaine-trafficking-in-us-video/articleshow/126132897.cms. Falling back to RSS description.
2025-12-23 04:43:47,052 - INFO - Saved article: 'He's gotta watch himself': Trump threatens Colombian President over cocaine trafficking in US - video from Times of India
2025-12-23 04:43:48,468 - INFO - [Times of India] Article: https://timesofindia.indiatimes.com/business/india-business/india-china-ties-chinese-embassy-rolls-out-online-visa-portal-cuts-paperwork-in-person-visits/articleshow/126131544.cms
2025-12-23 04:43:48,469 - INFO - [Times of India] Attempt 1/1: Trying with 'selenium_browser' strategy...
2025-12-23 04:45:48,525 - ERROR - [Times of India] Request failed for strategy 'selenium_browser' on URL https://timesofindia.indiatimes.com/business/india-business/india-china-ties-chinese-embassy-rolls-out-online-visa-portal-cuts-paperwork-in-person-visits/articleshow/126131544.cms: HTTPConnectionPool(host='localhost', port=51893): Read timed out. (read timeout=120)
2025-12-23 04:45:48,525 - ERROR - [Times of India] All scrape strategies failed for https://timesofindia.indiatimes.com/business/india-business/india-china-ties-chinese-embassy-rolls-out-online-visa-portal-cuts-paperwork-in-person-visits/articleshow/126131544.cms. Falling back to RSS description.
2025-12-23 04:45:48,528 - INFO - Saved article: India-China ties: Chinese embassy rolls out online visa portal; cuts paperwork, in-person visits from Times of India
2025-12-23 04:45:49,144 - INFO - [Times of India] Article: https://timesofindia.indiatimes.com/world/us/restrictions-on-semiautomatic-firearms-trump-administration-sues-washington-dc-over-gun-laws-cites-second-amendment-violations/articleshow/126131915.cms
2025-12-23 04:45:49,144 - INFO - [Times of India] Attempt 1/1: Trying with 'selenium_browser' strategy...
2025-12-23 04:46:37,972 - CRITICAL - --- TIMEOUT: 1 scrape jobs did not complete in 300s. ---
2025-12-23 04:46:37,972 - ERROR - A thread has timed out and will be abandoned.
2025-12-23 04:46:37,972 - INFO - Shutting down thread pool (wait=False)...
2025-12-23 04:46:37,972 - INFO - Scraped: 1 The Guardian, 0 BBC, 5 The Hindu, 1 Timed_Out_Jobs articles. (Total saved: 6)
2025-12-23 04:46:37,972 - INFO - --- Scraping job finished ---
2025-12-23 04:46:37,972 - INFO - --- Scraper service stopped and database connection closed. ---
2025-12-23 04:46:37,972 - INFO - --- Main thread finished. Forcing process exit to kill zombie threads. ---
