2025-12-10 06:40:34,362 - INFO - Initializing database connection at: news_articles.db
2025-12-10 06:40:34,362 - INFO - --- Scraper service started (CI Mode: Run Once) ---
2025-12-10 06:40:34,362 - INFO - --- Starting new scraping job (Parallel Mode) ---
2025-12-10 06:40:34,362 - INFO - Creating new robust session with 3 retries on 5xx/connection/read errors.
2025-12-10 06:40:34,362 - INFO - Proxy is DISABLED.
2025-12-10 06:40:34,363 - INFO - Starting scrape for BBC RSS feed: http://feeds.bbci.co.uk/news/world/rss.xml
2025-12-10 06:40:34,363 - INFO - [Times of India] (Thread) requires Selenium. Initializing driver...
2025-12-10 06:40:34,363 - INFO - Initializing headless Selenium Chrome driver (using SeleniumManager)...
2025-12-10 06:40:34,363 - INFO - Starting scrape for The Guardian RSS feed: https://www.theguardian.com/world/rss
2025-12-10 06:40:34,364 - INFO - [The Hindu] (Thread) requires Selenium. Initializing driver...
2025-12-10 06:40:34,364 - INFO - Initializing headless Selenium Chrome driver (using SeleniumManager)...
2025-12-10 06:40:34,364 - INFO - Submitted 4 jobs to thread pool. Waiting up to 300s for completion...
2025-12-10 06:40:34,510 - INFO - Found 45 articles in The Guardian RSS feed. Processing up to 10.
2025-12-10 06:40:34,510 - INFO - [The Guardian] Article: https://www.theguardian.com/world/2025/dec/09/drc-fighting-forces-200000-to-flee-just-days-after-washington-peace-deal
2025-12-10 06:40:34,510 - INFO - [The Guardian] Attempt 1/1: Trying with 'requests_browser' strategy...
2025-12-10 06:40:34,815 - INFO - Found 51 articles in BBC RSS feed. Processing up to 10.
2025-12-10 06:40:34,815 - INFO - [BBC] Article: https://www.bbc.com/news/articles/clydlwldkvko?at_medium=RSS&at_campaign=rss
2025-12-10 06:40:34,815 - INFO - [BBC] Attempt 1/1: Trying with 'requests_browser' strategy...
2025-12-10 06:40:34,892 - INFO - [The Guardian] Success with 'requests_browser'. Found content (408 words).
2025-12-10 06:40:34,923 - INFO - Duplicate article skipped: DRC fighting forces 200,000 to flee just days after Washington peace deal | Democratic Republic of the Congo | The Guardian from The Guardian
2025-12-10 06:40:35,307 - INFO - [BBC] Success with 'requests_browser'. Found content (805 words).
2025-12-10 06:40:35,338 - INFO - Duplicate article skipped: Trump criticises 'decaying' European countries and 'weak' leaders from BBC
2025-12-10 06:40:35,914 - INFO - [The Guardian] Article: https://www.theguardian.com/world/2025/dec/09/colombian-mercenaries-sudan-sanctions
2025-12-10 06:40:35,914 - INFO - [The Guardian] Attempt 1/1: Trying with 'requests_browser' strategy...
2025-12-10 06:40:35,952 - INFO - [The Guardian] Success with 'requests_browser'. Found content (506 words).
2025-12-10 06:40:35,984 - INFO - Duplicate article skipped: US puts sanctions on network said to funnel Colombian mercenaries to Sudan | Sudan | The Guardian from The Guardian
2025-12-10 06:40:36,757 - INFO - [BBC] Article: https://www.bbc.com/news/articles/ckgmy90z991o?at_medium=RSS&at_campaign=rss
2025-12-10 06:40:36,757 - INFO - [BBC] Attempt 1/1: Trying with 'requests_browser' strategy...
2025-12-10 06:40:36,825 - INFO - [BBC] Success with 'requests_browser'. Found content (1443 words).
2025-12-10 06:40:36,865 - INFO - Saved article: Sperm from donor with cancer-causing gene was used to conceive almost 200 children from BBC
2025-12-10 06:40:37,370 - INFO - [The Guardian] Article: https://www.theguardian.com/world/2025/dec/09/nigeria-troops-held-burkina-faso-emergency-landing
2025-12-10 06:40:37,370 - INFO - [The Guardian] Attempt 1/1: Trying with 'requests_browser' strategy...
2025-12-10 06:40:37,407 - INFO - [The Guardian] Success with 'requests_browser'. Found content (386 words).
2025-12-10 06:40:37,436 - INFO - Duplicate article skipped: Nigerian troops held in Burkina Faso after ‘unfriendly’ emergency landing | Nigeria | The Guardian from The Guardian
2025-12-10 06:40:38,173 - INFO - [BBC] Article: https://www.bbc.com/news/articles/cvg8m5lj2lzo?at_medium=RSS&at_campaign=rss
2025-12-10 06:40:38,173 - INFO - [BBC] Attempt 1/1: Trying with 'requests_browser' strategy...
2025-12-10 06:40:38,215 - INFO - [BBC] Success with 'requests_browser'. Found content (571 words).
2025-12-10 06:40:38,247 - INFO - Duplicate article skipped: Brazil: Chaos breaks out in Congress during Jair Bolsonaro sentence vote from BBC
2025-12-10 06:40:38,754 - INFO - [The Guardian] Article: https://www.theguardian.com/world/2025/dec/08/white-supremacist-notions-threaten-sovereignty-of-south-africa-ramaphosa
2025-12-10 06:40:38,754 - INFO - [The Guardian] Attempt 1/1: Trying with 'requests_browser' strategy...
2025-12-10 06:40:38,881 - INFO - [BBC] Article: https://www.bbc.com/news/articles/c208vd511ljo?at_medium=RSS&at_campaign=rss
2025-12-10 06:40:38,881 - INFO - [BBC] Attempt 1/1: Trying with 'requests_browser' strategy...
2025-12-10 06:40:38,921 - INFO - [BBC] Success with 'requests_browser'. Found content (329 words).
2025-12-10 06:40:38,953 - INFO - Duplicate article skipped: Nobel officials unsure when Peace Prize winner will arrive for ceremony from BBC
2025-12-10 06:40:39,147 - INFO - [The Guardian] Success with 'requests_browser'. Found content (547 words).
2025-12-10 06:40:39,187 - INFO - Duplicate article skipped: False claims Afrikaners are persecuted threaten South Africa’s sovereignty, says president | South Africa | The Guardian from The Guardian
2025-12-10 06:40:39,616 - INFO - [BBC] Article: https://www.bbc.com/news/videos/cx2px9x20exo?at_medium=RSS&at_campaign=rss
2025-12-10 06:40:39,616 - INFO - [BBC] Attempt 1/1: Trying with 'requests_browser' strategy...
2025-12-10 06:40:39,916 - INFO - [BBC] Success with 'requests_browser'. Found content (94 words).
2025-12-10 06:40:39,954 - INFO - Duplicate article skipped: 'What's your name?' - Moment police confront Luigi Mangione at McDonald's from BBC
2025-12-10 06:40:40,538 - INFO - [The Guardian] Article: https://www.theguardian.com/world/2025/dec/08/ancient-egyptian-pleasure-boat-found-archaeologists-alexandria-coast
2025-12-10 06:40:40,538 - INFO - [The Guardian] Attempt 1/1: Trying with 'requests_browser' strategy...
2025-12-10 06:40:40,665 - INFO - [BBC] Article: https://www.bbc.com/news/articles/cx2e0n3p9vvo?at_medium=RSS&at_campaign=rss
2025-12-10 06:40:40,665 - INFO - [BBC] Attempt 1/1: Trying with 'requests_browser' strategy...
2025-12-10 06:40:40,732 - INFO - [BBC] Success with 'requests_browser'. Found content (366 words).
2025-12-10 06:40:40,762 - INFO - Duplicate article skipped: Man who grabbed Ariana Grande kicked out of Lady Gaga concert from BBC
2025-12-10 06:40:40,914 - INFO - [The Guardian] Success with 'requests_browser'. Found content (765 words).
2025-12-10 06:40:40,945 - INFO - Duplicate article skipped: Ancient Egyptian pleasure boat found by archaeologists off Alexandria coast | Egypt | The Guardian from The Guardian
2025-12-10 06:40:41,563 - INFO - [BBC] Article: https://www.bbc.com/news/articles/cwyx8yj410po?at_medium=RSS&at_campaign=rss
2025-12-10 06:40:41,563 - INFO - [BBC] Attempt 1/1: Trying with 'requests_browser' strategy...
2025-12-10 06:40:41,606 - INFO - [BBC] Success with 'requests_browser'. Found content (601 words).
2025-12-10 06:40:41,636 - INFO - Duplicate article skipped: Iain Douglas-Hamilton, pioneering elephant conservationist, dies aged 83 from BBC
2025-12-10 06:40:41,795 - INFO - [The Guardian] Article: https://www.theguardian.com/us-news/live/2025/dec/09/hegseth-rubio-venezuela-trump-tariffs-pennsylvania-nvidia-china-us-politics-latest-news-updates
2025-12-10 06:40:41,795 - INFO - [The Guardian] Attempt 1/1: Trying with 'requests_browser' strategy...
2025-12-10 06:40:42,125 - INFO - [The Guardian] Success with 'requests_browser'. Found content (1276 words).
2025-12-10 06:40:42,200 - INFO - Duplicate article skipped: Trump speech on affordability ramps up bigotry and false statements – as it happened | US politics | The Guardian from The Guardian
2025-12-10 06:40:42,428 - INFO - [BBC] Article: https://www.bbc.com/news/articles/ckgl63lrpkmo?at_medium=RSS&at_campaign=rss
2025-12-10 06:40:42,428 - INFO - [BBC] Attempt 1/1: Trying with 'requests_browser' strategy...
2025-12-10 06:40:42,578 - INFO - [BBC] Success with 'requests_browser'. Found content (886 words).
2025-12-10 06:40:42,610 - INFO - Duplicate article skipped: Trump touts upbeat message on cost of living as Americans feel the pinch from BBC
2025-12-10 06:40:43,122 - INFO - [BBC] Article: https://www.bbc.com/news/articles/c773de38p2go?at_medium=RSS&at_campaign=rss
2025-12-10 06:40:43,122 - INFO - [BBC] Attempt 1/1: Trying with 'requests_browser' strategy...
2025-12-10 06:40:43,566 - INFO - [The Guardian] Article: https://www.theguardian.com/world/2025/dec/09/honduras-president-alleges-electoral-coup-under-way-amid-trump-interference
2025-12-10 06:40:43,566 - INFO - [The Guardian] Attempt 1/1: Trying with 'requests_browser' strategy...
2025-12-10 06:40:43,607 - INFO - [The Guardian] Success with 'requests_browser'. Found content (627 words).
2025-12-10 06:40:43,643 - INFO - Duplicate article skipped: Honduras president alleges ‘electoral coup’ under way amid Trump ‘interference’ | Honduras | The Guardian from The Guardian
2025-12-10 06:40:43,705 - INFO - [BBC] Success with 'requests_browser'. Found content (748 words).
2025-12-10 06:40:43,738 - INFO - Duplicate article skipped: Congress ups pressure over boat strike video with threat to Hegseth's budget from BBC
2025-12-10 06:40:44,572 - INFO - [The Guardian] Article: https://www.theguardian.com/world/2025/dec/09/nobel-peace-prize-maria-corina-machado-venezuela-oslo
2025-12-10 06:40:44,572 - INFO - [The Guardian] Attempt 1/1: Trying with 'requests_browser' strategy...
2025-12-10 06:40:44,614 - INFO - [The Guardian] Success with 'requests_browser'. Found content (746 words).
2025-12-10 06:40:44,658 - INFO - Duplicate article skipped: Oslo appearance by Nobel peace prize winner María Corina Machado cancelled | Nobel peace prize | The Guardian from The Guardian
2025-12-10 06:40:45,154 - INFO - [BBC] Article: https://www.bbc.com/news/articles/crl95eg33k1o?at_medium=RSS&at_campaign=rss
2025-12-10 06:40:45,154 - INFO - [BBC] Attempt 1/1: Trying with 'requests_browser' strategy...
2025-12-10 06:40:45,354 - INFO - [BBC] Success with 'requests_browser'. Found content (662 words).
2025-12-10 06:40:45,385 - INFO - Duplicate article skipped: EU investigates Google over AI-generated summaries in search results from BBC
2025-12-10 06:40:45,535 - INFO - [The Guardian] Article: https://www.theguardian.com/us-news/2025/dec/08/trump-mexico-tariffs-water-dispute
2025-12-10 06:40:45,535 - INFO - [The Guardian] Attempt 1/1: Trying with 'requests_browser' strategy...
2025-12-10 06:40:45,929 - INFO - [The Guardian] Success with 'requests_browser'. Found content (613 words).
2025-12-10 06:40:45,961 - INFO - Duplicate article skipped: ‘Very unfair’: Trump threatens extra 5% tariff on Mexico over water dispute | Trump tariffs | The Guardian from The Guardian
2025-12-10 06:40:46,005 - INFO - Selenium driver initialized successfully.
2025-12-10 06:40:46,005 - INFO - Selenium driver initialized successfully.
2025-12-10 06:40:46,005 - INFO - Starting scrape for Times of India RSS feed: https://timesofindia.indiatimes.com/rssfeeds/296589292.cms
2025-12-10 06:40:46,005 - INFO - Starting scrape for The Hindu RSS feed: https://www.thehindu.com/news/national/feeder/default.rss
2025-12-10 06:40:46,266 - INFO - Found 100 articles in The Hindu RSS feed. Processing up to 10.
2025-12-10 06:40:46,267 - INFO - [The Hindu] Article: https://www.thehindu.com/news/national/odisha/centre-approves-road-projects-for-odisha/article70379267.ece
2025-12-10 06:40:46,267 - INFO - [The Hindu] Attempt 1/1: Trying with 'selenium_browser' strategy...
2025-12-10 06:40:46,480 - INFO - Found 20 articles in Times of India RSS feed. Processing up to 10.
2025-12-10 06:40:46,480 - INFO - [Times of India] Article: https://timesofindia.indiatimes.com/world/middle-east/uae-named-among-the-world-strongest-passports-for-2025-ranked-7th-globally/articleshow/125883781.cms
2025-12-10 06:40:46,480 - INFO - [Times of India] Attempt 1/1: Trying with 'selenium_browser' strategy...
2025-12-10 06:40:46,862 - INFO - [The Guardian] Article: https://www.theguardian.com/us-news/2025/dec/08/ice-family-college-student-deported-honduras
2025-12-10 06:40:46,862 - INFO - [The Guardian] Attempt 1/1: Trying with 'requests_browser' strategy...
2025-12-10 06:40:47,241 - INFO - [The Guardian] Success with 'requests_browser'. Found content (535 words).
2025-12-10 06:40:47,273 - INFO - Duplicate article skipped: Family of student deported to Honduras say they were targeted by ICE agents | US immigration | The Guardian from The Guardian
2025-12-10 06:40:53,831 - INFO - [The Hindu] Page content loaded.
2025-12-10 06:40:54,239 - INFO - [The Hindu] Success with 'selenium_browser'. Found content (287 words).
2025-12-10 06:40:54,497 - INFO - Saved article: Centre approves road projects worth ₹44,771 crore for Odisha - The Hindu from The Hindu
2025-12-10 06:40:55,781 - INFO - [The Hindu] Article: https://www.thehindu.com/food/features/from-colonial-kitchens-to-kerala-plantations-the-story-of-indias-first-christmas-cake/article70371807.ece
2025-12-10 06:40:55,781 - INFO - [The Hindu] Attempt 1/1: Trying with 'selenium_browser' strategy...
2025-12-10 06:40:56,898 - INFO - [Times of India] Page content loaded.
2025-12-10 06:40:57,283 - INFO - [Times of India] Success with 'selenium_browser'. Found content (630 words).
2025-12-10 06:40:57,469 - INFO - Saved article: UAE named among the World strongest passports for 2025, ranked 7th globally | World News - The Times of India from Times of India
2025-12-10 06:40:58,442 - INFO - [Times of India] Article: https://timesofindia.indiatimes.com/world/middle-east/saudi-arabia-to-witness-centurys-longest-solar-eclipse-on-august-2-2027/articleshow/125883095.cms
2025-12-10 06:40:58,442 - INFO - [Times of India] Attempt 1/1: Trying with 'selenium_browser' strategy...
2025-12-10 06:40:59,124 - INFO - [The Hindu] Page content loaded.
2025-12-10 06:40:59,509 - INFO - [The Hindu] Success with 'selenium_browser'. Found content (1228 words).
2025-12-10 06:40:59,732 - INFO - Saved article: From Colonial Kitchens to Kerala Plantations: The story of India’s first Christmas cake - The Hindu from The Hindu
2025-12-10 06:41:00,253 - INFO - [The Hindu] Article: https://www.thehindu.com/news/national/kerala/sabarimala-gold-theft-case-sit-defers-recording-ramesh-chennithalas-statement/article70379148.ece
2025-12-10 06:41:00,253 - INFO - [The Hindu] Attempt 1/1: Trying with 'selenium_browser' strategy...
2025-12-10 06:41:00,602 - INFO - [Times of India] Page content loaded.
2025-12-10 06:41:00,915 - INFO - [Times of India] Success with 'selenium_browser'. Found content (642 words).
2025-12-10 06:41:01,050 - INFO - Saved article: Saudi Arabia to witness century’s longest Solar Eclipse on August 2, 2027 | World News - The Times of India from Times of India
2025-12-10 06:41:01,402 - INFO - [The Hindu] Page content loaded.
2025-12-10 06:41:01,856 - INFO - [The Hindu] Success with 'selenium_browser'. Found content (635 words).
2025-12-10 06:41:01,994 - INFO - Saved article: Sabarimala gold theft case: SIT defers recording Ramesh Chennithala’s statement - The Hindu from The Hindu
2025-12-10 06:41:02,085 - INFO - [Times of India] Article: https://timesofindia.indiatimes.com/world/europe/veggie-burgers-under-fire-why-is-europe-planning-to-ban-names-of-plant-based-foods-proposal-lists-29-terms/articleshow/125883527.cms
2025-12-10 06:41:02,087 - INFO - [Times of India] Attempt 1/1: Trying with 'selenium_browser' strategy...
2025-12-10 06:41:03,157 - INFO - [The Hindu] Article: https://www.thehindu.com/news/national/deepavali-inscribed-on-unescos-intangible-cultural-heritage-list/article70379284.ece
2025-12-10 06:41:03,157 - INFO - [The Hindu] Attempt 1/1: Trying with 'selenium_browser' strategy...
2025-12-10 06:41:04,589 - INFO - [The Hindu] Page content loaded.
2025-12-10 06:41:04,828 - INFO - [The Hindu] Success with 'selenium_browser'. Found content (168 words).
2025-12-10 06:41:04,972 - INFO - Saved article: Deepavali inscribed on UNESCO's Intangible Cultural Heritage list - The Hindu from The Hindu
2025-12-10 06:41:05,163 - INFO - [Times of India] Page content loaded.
2025-12-10 06:41:05,303 - INFO - [Times of India] Success with 'selenium_browser'. Found content (526 words).
2025-12-10 06:41:05,375 - INFO - Saved article: Veggie 'burgers' under fire: Why is Europe planning to ban names of plant-based foods? Proposal lists 29 terms | World News - The Times of India from Times of India
2025-12-10 06:41:05,681 - INFO - [The Hindu] Article: https://www.thehindu.com/news/national/telangana/harish-calls-telangana-rising-global-summit-a-real-estate-expo-demands-cm-revanth-to-release-white-paper-on-investments/article70379252.ece
2025-12-10 06:41:05,681 - INFO - [The Hindu] Attempt 1/1: Trying with 'selenium_browser' strategy...
2025-12-10 06:41:06,143 - INFO - [Times of India] Article: https://timesofindia.indiatimes.com/world/middle-east/uae-imposes-travel-ban-on-mali-urges-citizens-to-return-immediately/articleshow/125882393.cms
2025-12-10 06:41:06,143 - INFO - [Times of India] Attempt 1/1: Trying with 'selenium_browser' strategy...
2025-12-10 06:41:07,737 - INFO - [Times of India] Page content loaded.
2025-12-10 06:41:07,992 - INFO - [Times of India] Success with 'selenium_browser'. Found content (212 words).
2025-12-10 06:41:08,086 - INFO - Saved article: UAE imposes travel ban on Mali, urges citizens to return immediately | World News - The Times of India from Times of India
2025-12-10 06:41:09,522 - INFO - [Times of India] Article: https://timesofindia.indiatimes.com/business/international-business/americas-affordability-woes-trump-claims-prices-came-down-tremendously-hits-back-at-democrats-con-job/articleshow/125880351.cms
2025-12-10 06:41:09,522 - INFO - [Times of India] Attempt 1/1: Trying with 'selenium_browser' strategy...
2025-12-10 06:41:10,203 - INFO - [The Hindu] Page content loaded.
2025-12-10 06:41:10,408 - INFO - [The Hindu] Success with 'selenium_browser'. Found content (291 words).
2025-12-10 06:41:10,589 - INFO - Saved article: Harish calls Telangana Rising Global Summit a real estate expo, demands CM Revanth to release white paper on investments - The Hindu from The Hindu
2025-12-10 06:41:10,920 - INFO - [Times of India] Page content loaded.
2025-12-10 06:41:11,124 - INFO - [Times of India] Success with 'selenium_browser'. Found content (613 words).
2025-12-10 06:41:11,174 - INFO - Duplicate article skipped: America's affordability woes: Trump claims prices came down 'tremendously'; hits back at Democrat's 'con job' - The Times of India from Times of India
2025-12-10 06:41:11,762 - INFO - [The Hindu] Article: https://www.thehindu.com/news/national/telangana/three-killed-one-injured-as-car-overturns-in-telanganas-adilabad-amid-poor-visibility/article70379157.ece
2025-12-10 06:41:11,762 - INFO - [The Hindu] Attempt 1/1: Trying with 'selenium_browser' strategy...
2025-12-10 06:41:12,559 - INFO - [Times of India] Article: https://timesofindia.indiatimes.com/world/us/miami-elections-eileen-higgins-becomes-citys-first-ever-female-mayor-who-is-she/articleshow/125881328.cms
2025-12-10 06:41:12,559 - INFO - [Times of India] Attempt 1/1: Trying with 'selenium_browser' strategy...
2025-12-10 06:41:12,742 - INFO - [The Hindu] Page content loaded.
2025-12-10 06:41:12,831 - INFO - [The Hindu] Success with 'selenium_browser'. Found content (127 words).
2025-12-10 06:41:13,003 - INFO - Saved article: Three killed, one injured as car overturns in Telangana’s Adilabad amid poor visibility - The Hindu from The Hindu
2025-12-10 06:41:13,541 - INFO - [The Hindu] Article: https://www.thehindu.com/news/national/kerala/kerala-local-body-polls-as-kochi-corporation-awaits-new-council-experts-flag-core-urban-challenges/article70379119.ece
2025-12-10 06:41:13,542 - INFO - [The Hindu] Attempt 1/1: Trying with 'selenium_browser' strategy...
2025-12-10 06:41:14,994 - INFO - [Times of India] Page content loaded.
2025-12-10 06:41:15,239 - INFO - [Times of India] Success with 'selenium_browser'. Found content (433 words).
2025-12-10 06:41:15,301 - INFO - Duplicate article skipped: Miami Mayoral Elections: Eileen Higgins becomes city’s first-ever female mayor - who is she? | World News - The Times of India from Times of India
2025-12-10 06:41:15,507 - INFO - [The Hindu] Page content loaded.
2025-12-10 06:41:15,858 - INFO - [The Hindu] Success with 'selenium_browser'. Found content (581 words).
2025-12-10 06:41:16,048 - INFO - Saved article: Kerala local body polls: As Kochi Corporation awaits new council, experts and residents flag core urban challenges - The Hindu from The Hindu
2025-12-10 06:41:16,690 - INFO - [Times of India] Article: https://timesofindia.indiatimes.com/etimes/trending/meme-artist-sinks-25000-handsome-squidward-statue-into-the-sea-to-mess-with-future-archaeologists/articleshow/125879818.cms
2025-12-10 06:41:16,690 - INFO - [Times of India] Attempt 1/1: Trying with 'selenium_browser' strategy...
2025-12-10 06:41:17,075 - INFO - [The Hindu] Article: https://www.thehindu.com/news/national/madhya-pradesh/four-constables-killed-as-their-vehicle-collides-with-truck-in-madhya-pradeshs-sagar/article70379120.ece
2025-12-10 06:41:17,075 - INFO - [The Hindu] Attempt 1/1: Trying with 'selenium_browser' strategy...
2025-12-10 06:41:18,884 - INFO - [The Hindu] Page content loaded.
2025-12-10 06:41:18,956 - INFO - [The Hindu] Success with 'selenium_browser'. Found content (247 words).
2025-12-10 06:41:19,042 - INFO - Saved article: Four constables killed as their vehicle collides with truck in Madhya Pradesh's Sagar - The Hindu from The Hindu
2025-12-10 06:41:19,596 - INFO - [The Hindu] Article: https://www.thehindu.com/news/national/karnataka/greater-mysurupush-ksrtceyesinfrastructureboost-withfournew-depots/article70378844.ece
2025-12-10 06:41:19,596 - INFO - [The Hindu] Attempt 1/1: Trying with 'selenium_browser' strategy...
2025-12-10 06:41:20,859 - INFO - [The Hindu] Page content loaded.
2025-12-10 06:41:20,938 - INFO - [The Hindu] Success with 'selenium_browser'. Found content (352 words).
2025-12-10 06:41:21,081 - INFO - Saved article: Greater Mysuru push: KSRTC eyes infrastructure boost with four new depots - The Hindu from The Hindu
2025-12-10 06:41:22,290 - INFO - [The Hindu] Article: https://www.thehindu.com/news/national/telangana/telangana-rising-vision-2047-document-unveiled-charts-roadmap-to-achieve-3-trillion-economy/article70377583.ece
2025-12-10 06:41:22,290 - INFO - [The Hindu] Attempt 1/1: Trying with 'selenium_browser' strategy...
2025-12-10 06:41:26,702 - INFO - [The Hindu] Page content loaded.
2025-12-10 06:41:26,833 - INFO - [The Hindu] Success with 'selenium_browser'. Found content (315 words).
2025-12-10 06:41:27,011 - INFO - Saved article: Telangana Rising Vision-2047 document unveiled, charts roadmap to achieve $3 trillion economy - The Hindu from The Hindu
2025-12-10 06:41:28,246 - INFO - [The Hindu] (Thread) Finished. Attempting to shut down its Selenium driver.
2025-12-10 06:41:28,342 - INFO - [The Hindu] (Thread) driver.quit() successful.
2025-12-10 06:41:29,243 - WARNING - [Times of India] Page timed out (10s). No <p> tags found. Proceeding anyway.
2025-12-10 06:41:29,417 - INFO - [Times of India] Success with 'selenium_browser'. Found content (703 words).
2025-12-10 06:41:29,503 - INFO - Duplicate article skipped: Meme artist sinks $25,000 handsome Squidward statue into the sea to mess with future archaeologists | - The Times of India from Times of India
2025-12-10 06:41:30,194 - INFO - [Times of India] Article: https://timesofindia.indiatimes.com/world/us/unitedhealthcare-ceo-murder-luigi-mangiones-arrest-video-made-public-what-bodycam-footage-shows/articleshow/125881141.cms
2025-12-10 06:41:30,194 - INFO - [Times of India] Attempt 1/1: Trying with 'selenium_browser' strategy...
2025-12-10 06:41:30,794 - INFO - [Times of India] Page content loaded.
2025-12-10 06:41:30,945 - INFO - [Times of India] Success with 'selenium_browser'. Found content (434 words).
2025-12-10 06:41:31,050 - INFO - Duplicate article skipped: Gave fake name, ID: How cops arrested Luigi Mangione for CEO murder - bodycam footage released - The Times of India from Times of India
2025-12-10 06:41:32,068 - INFO - [Times of India] Article: https://timesofindia.indiatimes.com/science/3i/atlas-is-carrying-key-ingredients-for-life-nasa-scientist-finds/articleshow/125874065.cms
2025-12-10 06:41:32,068 - INFO - [Times of India] Attempt 1/1: Trying with 'selenium_browser' strategy...
2025-12-10 06:41:32,644 - INFO - [Times of India] Page content loaded.
2025-12-10 06:41:32,804 - INFO - [Times of India] Success with 'selenium_browser'. Found content (1104 words).
2025-12-10 06:41:32,843 - INFO - Duplicate article skipped: 3I/ATLAS is carrying ‘key’ ingredients for life, NASA scientist finds | - The Times of India from Times of India
2025-12-10 06:41:33,584 - INFO - [Times of India] Article: https://timesofindia.indiatimes.com/world/us-streamers/do-some-horrible-things-to-her-disturbing-sexual-assault-threats-against-streamer-fanfan-reported-at-the-streamer-awards-2025/articleshow/125880003.cms
2025-12-10 06:41:33,584 - INFO - [Times of India] Attempt 1/1: Trying with 'selenium_browser' strategy...
2025-12-10 06:41:34,219 - INFO - [Times of India] Page content loaded.
2025-12-10 06:41:34,371 - INFO - [Times of India] Success with 'selenium_browser'. Found content (383 words).
2025-12-10 06:41:34,417 - INFO - Duplicate article skipped: “Do some horrible things to her”: Disturbing sexual assault threats against streamer Fanfan reported at The Streamer Awards 2025 | World News - The Times of India from Times of India
2025-12-10 06:41:35,556 - INFO - [Times of India] (Thread) Finished. Attempting to shut down its Selenium driver.
2025-12-10 06:41:35,648 - INFO - [Times of India] (Thread) driver.quit() successful.
2025-12-10 06:41:35,648 - INFO - Shutting down thread pool (wait=False)...
2025-12-10 06:41:35,648 - INFO - Scraped: 10 The Hindu, 1 BBC, 0 The Guardian, 4 Times of India articles. (Total saved: 15)
2025-12-10 06:41:35,648 - INFO - --- Scraping job finished ---
2025-12-10 06:41:35,655 - INFO - --- Scraper service stopped and database connection closed. ---
2025-12-10 06:41:35,655 - INFO - --- Main thread finished. Forcing process exit to kill zombie threads. ---
