2026-01-12 06:45:59,948 - INFO - Initializing database connection at: news_articles.db
2026-01-12 06:45:59,949 - INFO - --- Scraper service started (CI Mode: Run Once) ---
2026-01-12 06:45:59,949 - INFO - --- Starting new scraping job (Parallel Mode) ---
2026-01-12 06:45:59,949 - INFO - Creating new robust session with 3 retries on 5xx/connection/read errors.
2026-01-12 06:45:59,949 - INFO - Proxy is DISABLED.
2026-01-12 06:45:59,949 - INFO - Starting scrape for BBC RSS feed: http://feeds.bbci.co.uk/news/world/rss.xml
2026-01-12 06:45:59,950 - INFO - [Times of India] (Thread) requires Selenium. Initializing driver...
2026-01-12 06:45:59,950 - INFO - Initializing headless Selenium Chrome driver (using SeleniumManager)...
2026-01-12 06:45:59,950 - INFO - Starting scrape for The Guardian RSS feed: https://www.theguardian.com/world/rss
2026-01-12 06:45:59,952 - INFO - [The Hindu] (Thread) requires Selenium. Initializing driver...
2026-01-12 06:45:59,952 - INFO - Initializing headless Selenium Chrome driver (using SeleniumManager)...
2026-01-12 06:45:59,952 - INFO - Submitted 4 jobs to thread pool. Waiting up to 300s for completion...
2026-01-12 06:46:00,053 - INFO - Found 45 articles in The Guardian RSS feed. Processing up to 10.
2026-01-12 06:46:00,054 - INFO - [The Guardian] Article: https://www.theguardian.com/global-development/2026/jan/09/the-gambia-female-genital-mutilation-fgm-supreme-court-case-overturn-ban
2026-01-12 06:46:00,054 - INFO - [The Guardian] Attempt 1/1: Trying with 'requests_browser' strategy...
2026-01-12 06:46:00,095 - INFO - [The Guardian] Success with 'requests_browser'. Found content (850 words).
2026-01-12 06:46:00,135 - INFO - Duplicate article skipped: Attempt to overturn the Gambia’s ban on FGM heard by supreme court | Global development | The Guardian from The Guardian
2026-01-12 06:46:00,346 - INFO - Found 27 articles in BBC RSS feed. Processing up to 10.
2026-01-12 06:46:00,346 - INFO - [BBC] Article: https://www.bbc.com/news/articles/cm2jek15m8no?at_medium=RSS&at_campaign=rss
2026-01-12 06:46:00,346 - INFO - [BBC] Attempt 1/1: Trying with 'requests_browser' strategy...
2026-01-12 06:46:00,640 - INFO - [BBC] Success with 'requests_browser'. Found content (1139 words).
2026-01-12 06:46:00,679 - INFO - Duplicate article skipped: Iran warns it will retaliate if US attacks, as hundreds killed in protests from BBC
2026-01-12 06:46:00,922 - INFO - [The Guardian] Article: https://www.theguardian.com/world/2026/jan/08/questions-targeting-impact-us-airstrikes-in-nigeria
2026-01-12 06:46:00,922 - INFO - [The Guardian] Attempt 1/1: Trying with 'requests_browser' strategy...
2026-01-12 06:46:00,949 - INFO - [The Guardian] Success with 'requests_browser'. Found content (795 words).
2026-01-12 06:46:00,987 - INFO - Duplicate article skipped: Two weeks on, questions linger over targeting and impact of US airstrikes in Nigeria | Nigeria | The Guardian from The Guardian
2026-01-12 06:46:01,953 - INFO - [The Guardian] Article: https://www.theguardian.com/world/2026/jan/02/anthony-joshuas-driver-charged-with-dangerous-driving-after-fatal-crash-in-nigeria
2026-01-12 06:46:01,953 - INFO - [The Guardian] Attempt 1/1: Trying with 'requests_browser' strategy...
2026-01-12 06:46:01,980 - INFO - [The Guardian] Success with 'requests_browser'. Found content (346 words).
2026-01-12 06:46:02,013 - INFO - Duplicate article skipped: Anthony Joshua’s driver charged with dangerous driving after fatal crash in Nigeria | Anthony Joshua | The Guardian from The Guardian
2026-01-12 06:46:02,108 - INFO - [BBC] Article: https://www.bbc.com/news/articles/cx2kv2gn62vo?at_medium=RSS&at_campaign=rss
2026-01-12 06:46:02,108 - INFO - [BBC] Attempt 1/1: Trying with 'requests_browser' strategy...
2026-01-12 06:46:02,146 - INFO - [BBC] Success with 'requests_browser'. Found content (807 words).
2026-01-12 06:46:02,185 - INFO - Duplicate article skipped: Trump tells Cuba to 'make a deal, before it is too late' from BBC
2026-01-12 06:46:03,166 - INFO - [The Guardian] Article: https://www.theguardian.com/science/2026/jan/01/cremation-pyre-in-africa-thought-to-be-worlds-oldest-containing-adult-remains
2026-01-12 06:46:03,166 - INFO - [The Guardian] Attempt 1/1: Trying with 'requests_browser' strategy...
2026-01-12 06:46:03,193 - INFO - [The Guardian] Success with 'requests_browser'. Found content (653 words).
2026-01-12 06:46:03,229 - INFO - Duplicate article skipped: Cremation pyre in Africa thought to be world’s oldest containing adult remains | Anthropology | The Guardian from The Guardian
2026-01-12 06:46:03,485 - INFO - [BBC] Article: https://www.bbc.com/news/articles/cvgpnwnqygro?at_medium=RSS&at_campaign=rss
2026-01-12 06:46:03,485 - INFO - [BBC] Attempt 1/1: Trying with 'requests_browser' strategy...
2026-01-12 06:46:03,518 - INFO - [BBC] Success with 'requests_browser'. Found content (856 words).
2026-01-12 06:46:03,555 - INFO - Duplicate article skipped: Thousands march and dozens arrested in Minneapolis protests against ICE from BBC
2026-01-12 06:46:03,807 - INFO - [The Guardian] Article: https://www.theguardian.com/global-development/2026/jan/01/us-aid-cuts-conditions-un-humanitarian-pledge-ocha
2026-01-12 06:46:03,807 - INFO - [The Guardian] Attempt 1/1: Trying with 'requests_browser' strategy...
2026-01-12 06:46:03,841 - INFO - [The Guardian] Success with 'requests_browser'. Found content (631 words).
2026-01-12 06:46:03,879 - INFO - Duplicate article skipped: US ‘adapt, shrink or die’ terms for $2bn aid pot will mean UN bowing down to Washington, say experts | Aid | The Guardian from The Guardian
2026-01-12 06:46:04,155 - INFO - [BBC] Article: https://www.bbc.com/news/articles/c75xdg2p36lo?at_medium=RSS&at_campaign=rss
2026-01-12 06:46:04,155 - INFO - [BBC] Attempt 1/1: Trying with 'requests_browser' strategy...
2026-01-12 06:46:04,186 - INFO - [BBC] Success with 'requests_browser'. Found content (503 words).
2026-01-12 06:46:04,223 - INFO - Duplicate article skipped: One dead and 300 buildings destroyed in Australia bushfires from BBC
2026-01-12 06:46:04,518 - INFO - [The Guardian] Article: https://www.theguardian.com/us-news/2026/jan/12/donald-trump-threatens-block-exxonmobil-venezuela
2026-01-12 06:46:04,518 - INFO - [The Guardian] Attempt 1/1: Trying with 'requests_browser' strategy...
2026-01-12 06:46:04,544 - INFO - [The Guardian] Success with 'requests_browser'. Found content (472 words).
2026-01-12 06:46:04,612 - INFO - Duplicate article skipped: Trump threatens to block ExxonMobil from Venezuela after CEO calls country ‘uninvestable’ | Trump administration | The Guardian from The Guardian
2026-01-12 06:46:05,371 - INFO - [BBC] Article: https://www.bbc.com/news/articles/c74vnxlvl40o?at_medium=RSS&at_campaign=rss
2026-01-12 06:46:05,371 - INFO - [BBC] Attempt 1/1: Trying with 'requests_browser' strategy...
2026-01-12 06:46:05,405 - INFO - [BBC] Success with 'requests_browser'. Found content (330 words).
2026-01-12 06:46:05,440 - INFO - Duplicate article skipped: Thousands of tourists stranded in Lapland as cold grounds flights from BBC
2026-01-12 06:46:06,065 - INFO - [The Guardian] Article: https://www.theguardian.com/us-news/2026/jan/11/trump-tells-cuba-to-make-a-deal-or-face-the-consequences
2026-01-12 06:46:06,065 - INFO - [The Guardian] Attempt 1/1: Trying with 'requests_browser' strategy...
2026-01-12 06:46:06,099 - INFO - [The Guardian] Success with 'requests_browser'. Found content (683 words).
2026-01-12 06:46:06,144 - INFO - Duplicate article skipped: Trump tells Cuba to ‘make a deal’ or face the consequences | Cuba | The Guardian from The Guardian
2026-01-12 06:46:06,581 - INFO - [BBC] Article: https://www.bbc.com/news/articles/c4gr7nlx421o?at_medium=RSS&at_campaign=rss
2026-01-12 06:46:06,581 - INFO - [BBC] Attempt 1/1: Trying with 'requests_browser' strategy...
2026-01-12 06:46:06,612 - INFO - [BBC] Success with 'requests_browser'. Found content (354 words).
2026-01-12 06:46:06,647 - INFO - Duplicate article skipped: Bride and groom killed by gas explosion day after Pakistan wedding from BBC
2026-01-12 06:46:06,910 - INFO - [The Guardian] Article: https://www.theguardian.com/us-news/2026/jan/11/ice-death-costa-rica-randall-gamboa-esquivel
2026-01-12 06:46:06,910 - INFO - [The Guardian] Attempt 1/1: Trying with 'requests_browser' strategy...
2026-01-12 06:46:06,940 - INFO - [The Guardian] Success with 'requests_browser'. Found content (1029 words).
2026-01-12 06:46:06,978 - INFO - Duplicate article skipped: Family seeks answers after ICE deported man to Costa Rica in vegetative state | ICE (US Immigration and Customs Enforcement) | The Guardian from The Guardian
2026-01-12 06:46:07,745 - INFO - [BBC] Article: https://www.bbc.com/news/articles/ckgn5g90lggo?at_medium=RSS&at_campaign=rss
2026-01-12 06:46:07,745 - INFO - [BBC] Attempt 1/1: Trying with 'requests_browser' strategy...
2026-01-12 06:46:07,782 - INFO - [BBC] Success with 'requests_browser'. Found content (353 words).
2026-01-12 06:46:07,826 - INFO - Duplicate article skipped: Khartoum: Sudan's government return to capital after nearly 3 years of war from BBC
2026-01-12 06:46:07,891 - INFO - [The Guardian] Article: https://www.theguardian.com/us-news/2026/jan/10/us-citizens-venezuela-paramilitaries
2026-01-12 06:46:07,891 - INFO - [The Guardian] Attempt 1/1: Trying with 'requests_browser' strategy...
2026-01-12 06:46:07,918 - INFO - [The Guardian] Success with 'requests_browser'. Found content (454 words).
2026-01-12 06:46:07,954 - INFO - Duplicate article skipped: US urges its citizens to flee Venezuela amid reports of paramilitaries | Trump administration | The Guardian from The Guardian
2026-01-12 06:46:08,043 - INFO - Selenium driver initialized successfully.
2026-01-12 06:46:08,043 - INFO - Selenium driver initialized successfully.
2026-01-12 06:46:08,043 - INFO - Starting scrape for Times of India RSS feed: https://timesofindia.indiatimes.com/rssfeeds/296589292.cms
2026-01-12 06:46:08,043 - INFO - Starting scrape for The Hindu RSS feed: https://www.thehindu.com/news/national/feeder/default.rss
2026-01-12 06:46:08,251 - INFO - Found 100 articles in The Hindu RSS feed. Processing up to 10.
2026-01-12 06:46:08,251 - INFO - [The Hindu] Article: https://www.thehindu.com/news/national/west-bengal/west-bengal-sir-eci-signals-action-after-official-questions-process-in-public/article70500351.ece
2026-01-12 06:46:08,251 - INFO - [The Hindu] Attempt 1/1: Trying with 'selenium_browser' strategy...
2026-01-12 06:46:08,255 - INFO - Found 20 articles in Times of India RSS feed. Processing up to 10.
2026-01-12 06:46:08,256 - INFO - [Times of India] Article: https://timesofindia.indiatimes.com/world/middle-east/dubai-witnesses-record-breaking-gold-prices-as-24k-crosses-dh550/articleshow/126477491.cms
2026-01-12 06:46:08,256 - INFO - [Times of India] Attempt 1/1: Trying with 'selenium_browser' strategy...
2026-01-12 06:46:08,436 - INFO - [BBC] Article: https://www.bbc.com/news/articles/cly95x9qe4ko?at_medium=RSS&at_campaign=rss
2026-01-12 06:46:08,436 - INFO - [BBC] Attempt 1/1: Trying with 'requests_browser' strategy...
2026-01-12 06:46:08,467 - INFO - [The Guardian] Article: https://www.theguardian.com/world/2026/jan/10/nicaraguan-authorities-arrests-dozens-for-reportedly-supporting-maduro-capture
2026-01-12 06:46:08,468 - INFO - [The Guardian] Attempt 1/1: Trying with 'requests_browser' strategy...
2026-01-12 06:46:08,476 - INFO - [BBC] Success with 'requests_browser'. Found content (537 words).
2026-01-12 06:46:08,526 - INFO - Duplicate article skipped: Bob Weir, Grateful Dead co-founder, dies aged 78 from BBC
2026-01-12 06:46:08,555 - INFO - [The Guardian] Success with 'requests_browser'. Found content (324 words).
2026-01-12 06:46:08,612 - INFO - Duplicate article skipped: Nicaraguan authorities arrest dozens for reportedly supporting Maduro capture | Nicaragua | The Guardian from The Guardian
2026-01-12 06:46:09,438 - INFO - [BBC] Article: https://www.bbc.com/news/articles/cly9597r4qpo?at_medium=RSS&at_campaign=rss
2026-01-12 06:46:09,439 - INFO - [BBC] Attempt 1/1: Trying with 'requests_browser' strategy...
2026-01-12 06:46:09,501 - INFO - [BBC] Success with 'requests_browser'. Found content (467 words).
2026-01-12 06:46:09,573 - INFO - Duplicate article skipped: US military strikes Islamic State group targets in Syria, officials say from BBC
2026-01-12 06:46:10,550 - INFO - [BBC] Article: https://www.bbc.com/news/articles/cx2p84xleg2o?at_medium=RSS&at_campaign=rss
2026-01-12 06:46:10,550 - INFO - [BBC] Attempt 1/1: Trying with 'requests_browser' strategy...
2026-01-12 06:46:10,626 - INFO - [BBC] Success with 'requests_browser'. Found content (394 words).
2026-01-12 06:46:10,757 - INFO - Duplicate article skipped: Last Kurdish forces leave Aleppo after ceasefire deal reached from BBC
2026-01-12 06:46:12,307 - INFO - [The Hindu] Page content loaded.
2026-01-12 06:46:12,510 - INFO - [The Hindu] Success with 'selenium_browser'. Found content (350 words).
2026-01-12 06:46:12,715 - INFO - Saved article: West Bengal SIR: ECI signals action after official questions process in public - The Hindu from The Hindu
2026-01-12 06:46:13,342 - INFO - [The Hindu] Article: https://www.thehindu.com/news/national/telangana/registration-department-shifts-focus-from-revenue-to-citizen-centric-services-ponguleti/article70500364.ece
2026-01-12 06:46:13,343 - INFO - [The Hindu] Attempt 1/1: Trying with 'selenium_browser' strategy...
2026-01-12 06:46:19,660 - INFO - [The Hindu] Page content loaded.
2026-01-12 06:46:19,931 - INFO - [The Hindu] Success with 'selenium_browser'. Found content (303 words).
2026-01-12 06:46:20,470 - INFO - Saved article: Registration department shifts focus from revenue to citizen-centric services: Ponguleti - The Hindu from The Hindu
2026-01-12 06:46:21,908 - INFO - [The Hindu] Article: https://www.thehindu.com/sci-tech/science/what-does-two-pslv-mission-failures-in-a-row-mean-for-isro-analysis/article70500376.ece
2026-01-12 06:46:21,909 - INFO - [The Hindu] Attempt 1/1: Trying with 'selenium_browser' strategy...
2026-01-12 06:46:26,657 - INFO - [The Hindu] Page content loaded.
2026-01-12 06:46:26,950 - INFO - [The Hindu] Success with 'selenium_browser'. Found content (1423 words).
2026-01-12 06:46:27,136 - INFO - Saved article: What does two PSLV mission failures in a row mean for ISRO? | Analysis - The Hindu from The Hindu
2026-01-12 06:46:28,506 - INFO - [The Hindu] Article: https://www.thehindu.com/news/national/karnataka/karnataka-excise-minister-directs-officials-to-prevent-production-of-illicit-liquor-hooch-in-yadgir-district/article70497923.ece
2026-01-12 06:46:28,506 - INFO - [The Hindu] Attempt 1/1: Trying with 'selenium_browser' strategy...
2026-01-12 06:46:29,823 - INFO - [The Hindu] Page content loaded.
2026-01-12 06:46:30,041 - INFO - [The Hindu] Success with 'selenium_browser'. Found content (159 words).
2026-01-12 06:46:30,168 - INFO - Saved article: Karnataka Excise Minister directs officials to prevent production of illicit liquor, hooch in Yadgir district - The Hindu from The Hindu
2026-01-12 06:46:31,076 - INFO - [The Hindu] Article: https://www.thehindu.com/news/national/kerala/probe-launched-after-drone-sighted-over-kannur-central-jail-in-kerala/article70500347.ece
2026-01-12 06:46:31,077 - INFO - [The Hindu] Attempt 1/1: Trying with 'selenium_browser' strategy...
2026-01-12 06:46:33,338 - INFO - [The Hindu] Page content loaded.
2026-01-12 06:46:33,579 - INFO - [The Hindu] Success with 'selenium_browser'. Found content (197 words).
2026-01-12 06:46:33,843 - INFO - Saved article: Probe launched after ‘drone’ sighted over Kannur Central Jail in Kerala - The Hindu from The Hindu
2026-01-12 06:46:34,442 - INFO - [The Hindu] Article: https://www.thehindu.com/news/national/maharashtra/we-agreed-on-friendly-fights-but-ajit-pawars-restraint-appears-shaken-devendra-fadnavis/article70500301.ece
2026-01-12 06:46:34,442 - INFO - [The Hindu] Attempt 1/1: Trying with 'selenium_browser' strategy...
2026-01-12 06:46:37,353 - INFO - [The Hindu] Page content loaded.
2026-01-12 06:46:37,505 - INFO - [The Hindu] Success with 'selenium_browser'. Found content (711 words).
2026-01-12 06:46:37,685 - INFO - Saved article: We agreed on friendly fights, but Ajit Pawar’s restraint appears shaken: Devendra Fadnavis - The Hindu from The Hindu
2026-01-12 06:46:38,760 - INFO - [The Hindu] Article: https://www.thehindu.com/news/national/indian-high-commission-hosts-pongal-festivities-for-migrant-workers-in-singapore/article70500151.ece
2026-01-12 06:46:38,761 - INFO - [The Hindu] Attempt 1/1: Trying with 'selenium_browser' strategy...
2026-01-12 06:46:41,848 - INFO - [The Hindu] Page content loaded.
2026-01-12 06:46:42,152 - INFO - [The Hindu] Success with 'selenium_browser'. Found content (329 words).
2026-01-12 06:46:42,334 - INFO - Saved article: Indian High Commission hosts Pongal festivities for migrant workers in Singapore - The Hindu from The Hindu
2026-01-12 06:46:42,972 - INFO - [The Hindu] Article: https://www.thehindu.com/news/national/karnataka/bjp-assassinated-mahatma-gandhi-for-second-time-by-changing-mgnrega-name-says-karnataka-minister-shivraj-tangadagi/article70498386.ece
2026-01-12 06:46:42,973 - INFO - [The Hindu] Attempt 1/1: Trying with 'selenium_browser' strategy...
2026-01-12 06:46:44,990 - INFO - [The Hindu] Page content loaded.
2026-01-12 06:46:45,098 - INFO - [The Hindu] Success with 'selenium_browser'. Found content (321 words).
2026-01-12 06:46:45,232 - INFO - Saved article: BJP assassinated Mahatma Gandhi for second time by changing MGNREGA name: Karnataka Minister - The Hindu from The Hindu
2026-01-12 06:46:45,979 - INFO - [The Hindu] Article: https://www.thehindu.com/news/national/karnataka/we-will-change-landscape-of-kalaburagi-in-the-next-two-and-a-half-years-says-karnataka-minister-priyank-kharge/article70498240.ece
2026-01-12 06:46:45,980 - INFO - [The Hindu] Attempt 1/1: Trying with 'selenium_browser' strategy...
2026-01-12 06:46:47,595 - INFO - [The Hindu] Page content loaded.
2026-01-12 06:46:47,723 - INFO - [The Hindu] Success with 'selenium_browser'. Found content (397 words).
2026-01-12 06:46:47,810 - INFO - Saved article: Will change landscape of Kalaburagi in the next two-and-a-half years: Karnataka Minister - The Hindu from The Hindu
2026-01-12 06:46:48,823 - INFO - [The Hindu] Article: https://www.thehindu.com/news/cities/chennai/karur-stampede-case-tvk-chief-vijay-leaves-for-delhi-to-appear-before-cbi/article70500211.ece
2026-01-12 06:46:48,823 - INFO - [The Hindu] Attempt 1/1: Trying with 'selenium_browser' strategy...
2026-01-12 06:46:52,344 - INFO - [The Hindu] Page content loaded.
2026-01-12 06:46:52,435 - INFO - [The Hindu] Success with 'selenium_browser'. Found content (88 words).
2026-01-12 06:46:52,517 - INFO - Saved article: Karur stampede case: TVK chief Vijay arrives in Delhi to appear before CBI - The Hindu from The Hindu
2026-01-12 06:46:53,259 - INFO - [The Hindu] (Thread) Finished. Attempting to shut down its Selenium driver.
2026-01-12 06:46:53,412 - INFO - [The Hindu] (Thread) driver.quit() successful.
2026-01-12 06:48:08,269 - ERROR - [Times of India] Request failed for strategy 'selenium_browser' on URL https://timesofindia.indiatimes.com/world/middle-east/dubai-witnesses-record-breaking-gold-prices-as-24k-crosses-dh550/articleshow/126477491.cms: HTTPConnectionPool(host='localhost', port=56411): Read timed out. (read timeout=120)
2026-01-12 06:48:08,269 - ERROR - [Times of India] All scrape strategies failed for https://timesofindia.indiatimes.com/world/middle-east/dubai-witnesses-record-breaking-gold-prices-as-24k-crosses-dh550/articleshow/126477491.cms. Falling back to RSS description.
2026-01-12 06:48:08,272 - INFO - Saved article: Dubai witnesses record-breaking Gold prices as 24k crosses Dh550 from Times of India
2026-01-12 06:48:09,524 - INFO - [Times of India] Article: https://timesofindia.indiatimes.com/world/middle-east/saudi-arabia-arrests-nearly-19000-illegal-residents-deporting-over-10000-in-one-week/articleshow/126477031.cms
2026-01-12 06:48:09,524 - INFO - [Times of India] Attempt 1/1: Trying with 'selenium_browser' strategy...
2026-01-12 06:50:09,550 - ERROR - [Times of India] Request failed for strategy 'selenium_browser' on URL https://timesofindia.indiatimes.com/world/middle-east/saudi-arabia-arrests-nearly-19000-illegal-residents-deporting-over-10000-in-one-week/articleshow/126477031.cms: HTTPConnectionPool(host='localhost', port=56411): Read timed out. (read timeout=120)
2026-01-12 06:50:09,550 - ERROR - [Times of India] All scrape strategies failed for https://timesofindia.indiatimes.com/world/middle-east/saudi-arabia-arrests-nearly-19000-illegal-residents-deporting-over-10000-in-one-week/articleshow/126477031.cms. Falling back to RSS description.
2026-01-12 06:50:09,552 - INFO - Saved article: Saudi Arabia arrests nearly 19,000 illegal residents, deporting over 10,000 in one week from Times of India
2026-01-12 06:50:10,689 - INFO - [Times of India] Article: https://timesofindia.indiatimes.com/etimes/trending/owen-cooper-net-worth-how-rich-is-16-year-old-winner-of-golden-globe-emmy-critics-choice-award/articleshow/126476714.cms
2026-01-12 06:50:10,689 - INFO - [Times of India] Attempt 1/1: Trying with 'selenium_browser' strategy...
2026-01-12 06:50:59,952 - CRITICAL - --- TIMEOUT: 1 scrape jobs did not complete in 300s. ---
2026-01-12 06:50:59,953 - ERROR - A thread has timed out and will be abandoned.
2026-01-12 06:50:59,953 - INFO - Shutting down thread pool (wait=False)...
2026-01-12 06:50:59,953 - INFO - Scraped: 0 BBC, 0 The Guardian, 10 The Hindu, 1 Timed_Out_Jobs articles. (Total saved: 10)
2026-01-12 06:50:59,953 - INFO - --- Scraping job finished ---
2026-01-12 06:50:59,953 - INFO - --- Scraper service stopped and database connection closed. ---
2026-01-12 06:50:59,953 - INFO - --- Main thread finished. Forcing process exit to kill zombie threads. ---
