2025-12-03 04:33:23,089 - INFO - Initializing database connection at: news_articles.db
2025-12-03 04:33:23,089 - INFO - --- Scraper service started (CI Mode: Run Once) ---
2025-12-03 04:33:23,089 - INFO - --- Starting new scraping job (Parallel Mode) ---
2025-12-03 04:33:23,089 - INFO - Creating new robust session with 3 retries on 5xx/connection/read errors.
2025-12-03 04:33:23,089 - INFO - Proxy is DISABLED.
2025-12-03 04:33:23,090 - INFO - Starting scrape for BBC RSS feed: http://feeds.bbci.co.uk/news/world/rss.xml
2025-12-03 04:33:23,090 - INFO - [Times of India] (Thread) requires Selenium. Initializing driver...
2025-12-03 04:33:23,090 - INFO - Initializing headless Selenium Chrome driver (using SeleniumManager)...
2025-12-03 04:33:23,091 - INFO - Starting scrape for The Guardian RSS feed: https://www.theguardian.com/world/rss
2025-12-03 04:33:23,091 - INFO - [The Hindu] (Thread) requires Selenium. Initializing driver...
2025-12-03 04:33:23,091 - INFO - Initializing headless Selenium Chrome driver (using SeleniumManager)...
2025-12-03 04:33:23,091 - INFO - Submitted 4 jobs to thread pool. Waiting up to 300s for completion...
2025-12-03 04:33:23,345 - INFO - Found 45 articles in The Guardian RSS feed. Processing up to 10.
2025-12-03 04:33:23,345 - INFO - [The Guardian] Article: https://www.theguardian.com/us-news/2025/dec/02/trump-somali-immigrants-minnesota
2025-12-03 04:33:23,345 - INFO - [The Guardian] Attempt 1/1: Trying with 'requests_browser' strategy...
2025-12-03 04:33:23,388 - INFO - Found 38 articles in BBC RSS feed. Processing up to 10.
2025-12-03 04:33:23,388 - INFO - [BBC] Article: https://www.bbc.com/news/articles/cwyv0ex7v8ro?at_medium=RSS&at_campaign=rss
2025-12-03 04:33:23,388 - INFO - [BBC] Attempt 1/1: Trying with 'requests_browser' strategy...
2025-12-03 04:33:23,396 - INFO - [The Guardian] Success with 'requests_browser'. Found content (473 words).
2025-12-03 04:33:23,431 - INFO - Duplicate article skipped: Trump calls Somali immigrants ‘garbage’ as US reportedly targets Minnesota community | Trump administration | The Guardian from The Guardian
2025-12-03 04:33:23,954 - INFO - [BBC] Success with 'requests_browser'. Found content (952 words).
2025-12-03 04:33:23,988 - INFO - Duplicate article skipped: Kremlin signals no breakthrough after Ukraine talks with US from BBC
2025-12-03 04:33:24,620 - INFO - [The Guardian] Article: https://www.theguardian.com/world/2025/dec/01/south-africans-court-alleged-recruitment-russia-war-ukraine
2025-12-03 04:33:24,620 - INFO - [The Guardian] Attempt 1/1: Trying with 'requests_browser' strategy...
2025-12-03 04:33:24,745 - INFO - [The Guardian] Success with 'requests_browser'. Found content (506 words).
2025-12-03 04:33:24,789 - INFO - Duplicate article skipped: Five South Africans in court over alleged recruitment for Russia’s war in Ukraine | South Africa | The Guardian from The Guardian
2025-12-03 04:33:24,834 - INFO - [BBC] Article: https://www.bbc.com/news/articles/cpq47derx2vo?at_medium=RSS&at_campaign=rss
2025-12-03 04:33:24,834 - INFO - [BBC] Attempt 1/1: Trying with 'requests_browser' strategy...
2025-12-03 04:33:24,870 - INFO - [BBC] Success with 'requests_browser'. Found content (991 words).
2025-12-03 04:33:24,906 - INFO - Duplicate article skipped: Ukrainians in war-ravaged Donbas weigh prospects of peace deal from BBC
2025-12-03 04:33:25,709 - INFO - [BBC] Article: https://www.bbc.com/news/articles/c0r95q9kv1go?at_medium=RSS&at_campaign=rss
2025-12-03 04:33:25,709 - INFO - [BBC] Attempt 1/1: Trying with 'requests_browser' strategy...
2025-12-03 04:33:25,745 - INFO - [BBC] Success with 'requests_browser'. Found content (1075 words).
2025-12-03 04:33:25,782 - INFO - Duplicate article skipped: US authorised second deadly Venezuela boat strike, White House says from BBC
2025-12-03 04:33:25,952 - INFO - [The Guardian] Article: https://www.theguardian.com/global-development/2025/dec/01/global-health-hiv-aids-funding-cuts-infections-prevention
2025-12-03 04:33:25,952 - INFO - [The Guardian] Attempt 1/1: Trying with 'requests_browser' strategy...
2025-12-03 04:33:26,185 - INFO - [The Guardian] Success with 'requests_browser'. Found content (674 words).
2025-12-03 04:33:26,222 - INFO - Duplicate article skipped: Aid cuts have shaken HIV/Aids care to its core – and will mean millions more infections ahead | Global health | The Guardian from The Guardian
2025-12-03 04:33:26,932 - INFO - [BBC] Article: https://www.bbc.com/news/articles/cedxyvx74p4o?at_medium=RSS&at_campaign=rss
2025-12-03 04:33:26,933 - INFO - [BBC] Attempt 1/1: Trying with 'requests_browser' strategy...
2025-12-03 04:33:26,965 - INFO - [BBC] Success with 'requests_browser'. Found content (768 words).
2025-12-03 04:33:27,002 - INFO - Duplicate article skipped: Sanchar Saathi: India mandates state-owned cyber safety app on all smartphones from BBC
2025-12-03 04:33:27,409 - INFO - [The Guardian] Article: https://www.theguardian.com/world/2025/nov/30/african-leaders-push-for-recognition-of-colonial-crimes-and-reparations
2025-12-03 04:33:27,410 - INFO - [The Guardian] Attempt 1/1: Trying with 'requests_browser' strategy...
2025-12-03 04:33:27,446 - INFO - [The Guardian] Success with 'requests_browser'. Found content (670 words).
2025-12-03 04:33:27,493 - INFO - Duplicate article skipped: African leaders push for recognition of colonial crimes and reparations | Colonialism | The Guardian from The Guardian
2025-12-03 04:33:27,621 - INFO - [BBC] Article: https://www.bbc.com/news/articles/cn41jge1990o?at_medium=RSS&at_campaign=rss
2025-12-03 04:33:27,621 - INFO - [BBC] Attempt 1/1: Trying with 'requests_browser' strategy...
2025-12-03 04:33:27,652 - INFO - [BBC] Success with 'requests_browser'. Found content (595 words).
2025-12-03 04:33:27,688 - INFO - Duplicate article skipped: Pope prays at site of Beirut port blast at end of Lebanon visit from BBC
2025-12-03 04:33:28,428 - INFO - [The Guardian] Article: https://www.theguardian.com/world/2025/nov/28/jacob-zuma-daughter-resigns-claims-south-africans-tricked-fight-russia
2025-12-03 04:33:28,428 - INFO - [The Guardian] Attempt 1/1: Trying with 'requests_browser' strategy...
2025-12-03 04:33:28,573 - INFO - [The Guardian] Success with 'requests_browser'. Found content (753 words).
2025-12-03 04:33:28,610 - INFO - Duplicate article skipped: Jacob Zuma’s daughter resigns amid claims South Africans tricked to fight for Russia | South Africa | The Guardian from The Guardian
2025-12-03 04:33:29,151 - INFO - [BBC] Article: https://www.bbc.com/news/articles/cg7v24m1leyo?at_medium=RSS&at_campaign=rss
2025-12-03 04:33:29,151 - INFO - [BBC] Attempt 1/1: Trying with 'requests_browser' strategy...
2025-12-03 04:33:29,180 - INFO - [BBC] Success with 'requests_browser'. Found content (236 words).
2025-12-03 04:33:29,215 - INFO - Duplicate article skipped: Rare Fabergé egg fetches record £22.9m at London auction from BBC
2025-12-03 04:33:29,724 - INFO - [BBC] Article: https://www.bbc.com/news/articles/c0q5n3x0jn9o?at_medium=RSS&at_campaign=rss
2025-12-03 04:33:29,724 - INFO - [BBC] Attempt 1/1: Trying with 'requests_browser' strategy...
2025-12-03 04:33:29,755 - INFO - [BBC] Success with 'requests_browser'. Found content (328 words).
2025-12-03 04:33:29,777 - INFO - [The Guardian] Article: https://www.theguardian.com/us-news/live/2025/dec/02/donald-trump-pete-hegseth-boat-venezuela-maduro-tennessee-us-politics-live-news-updates
2025-12-03 04:33:29,777 - INFO - [The Guardian] Attempt 1/1: Trying with 'requests_browser' strategy...
2025-12-03 04:33:29,795 - INFO - Duplicate article skipped: Thousands of rounds of German army ammunition stolen from lorry from BBC
2025-12-03 04:33:30,168 - INFO - [The Guardian] Success with 'requests_browser'. Found content (4155 words).
2025-12-03 04:33:30,261 - INFO - Duplicate article skipped: Pete Hegseth says he ‘didn’t stick around’ to watch second strike on alleged drug boat as Democrats slam administration over attacks – as it happened | Trump administration | The Guardian from The Guardian
2025-12-03 04:33:30,543 - INFO - [BBC] Article: https://www.bbc.com/news/articles/c93n4nx5yqro?at_medium=RSS&at_campaign=rss
2025-12-03 04:33:30,543 - INFO - [BBC] Attempt 1/1: Trying with 'requests_browser' strategy...
2025-12-03 04:33:30,589 - INFO - [BBC] Success with 'requests_browser'. Found content (1032 words).
2025-12-03 04:33:30,630 - INFO - Selenium driver initialized successfully.
2025-12-03 04:33:30,630 - INFO - Starting scrape for Times of India RSS feed: https://timesofindia.indiatimes.com/rssfeeds/296589292.cms
2025-12-03 04:33:30,633 - INFO - Duplicate article skipped: Why is US President Trump threatening Venezuela's President Maduro? from BBC
2025-12-03 04:33:30,633 - INFO - Selenium driver initialized successfully.
2025-12-03 04:33:30,633 - INFO - Starting scrape for The Hindu RSS feed: https://www.thehindu.com/news/national/feeder/default.rss
2025-12-03 04:33:30,758 - INFO - Found 20 articles in Times of India RSS feed. Processing up to 10.
2025-12-03 04:33:30,760 - INFO - [Times of India] Article: https://timesofindia.indiatimes.com/world/us/ban-h-1b-visas-desi-maga-backer-nalin-haley-wants-corporates-to-hire-certain-number-of-americans-watch/articleshow/125732051.cms
2025-12-03 04:33:30,760 - INFO - [Times of India] Attempt 1/1: Trying with 'selenium_browser' strategy...
2025-12-03 04:33:30,766 - INFO - Found 100 articles in The Hindu RSS feed. Processing up to 10.
2025-12-03 04:33:30,766 - INFO - [The Hindu] Article: https://www.thehindu.com/news/national/karnataka/german-delegation-applauds-ksrtcs-inclusive-mobility-innovations-in-bengaluru/article70348982.ece
2025-12-03 04:33:30,766 - INFO - [The Hindu] Attempt 1/1: Trying with 'selenium_browser' strategy...
2025-12-03 04:33:31,363 - INFO - [The Guardian] Article: https://www.theguardian.com/world/2025/dec/02/trump-intervention-honduras-presidential-vote-count-stalls-nasry-asfura
2025-12-03 04:33:31,363 - INFO - [The Guardian] Attempt 1/1: Trying with 'requests_browser' strategy...
2025-12-03 04:33:31,407 - INFO - [The Guardian] Success with 'requests_browser'. Found content (945 words).
2025-12-03 04:33:31,454 - INFO - Duplicate article skipped: Trump frees ex-Honduran president from prison as country awaits knife-edge election result | Honduras | The Guardian from The Guardian
2025-12-03 04:33:32,055 - INFO - [BBC] Article: https://www.bbc.com/news/articles/ce3wq2zznz1o?at_medium=RSS&at_campaign=rss
2025-12-03 04:33:32,055 - INFO - [BBC] Attempt 1/1: Trying with 'requests_browser' strategy...
2025-12-03 04:33:32,113 - INFO - [BBC] Success with 'requests_browser'. Found content (740 words).
2025-12-03 04:33:32,167 - INFO - Duplicate article skipped: Guinea Bissau coup: Nigeria grants asylum to presidential candidate Fernando Dias from BBC
2025-12-03 04:33:32,884 - INFO - [The Guardian] Article: https://www.theguardian.com/us-news/2025/dec/02/pete-hegseth-franklin-the-turtle
2025-12-03 04:33:32,884 - INFO - [The Guardian] Attempt 1/1: Trying with 'requests_browser' strategy...
2025-12-03 04:33:33,080 - INFO - [The Guardian] Success with 'requests_browser'. Found content (438 words).
2025-12-03 04:33:33,227 - INFO - Duplicate article skipped: Publisher condemns ‘violent’ use of Franklin the Turtle after Hegseth’s boat strike post | Pete Hegseth | The Guardian from The Guardian
2025-12-03 04:33:33,549 - INFO - [BBC] Article: https://www.bbc.com/news/articles/ce8ng18p7v3o?at_medium=RSS&at_campaign=rss
2025-12-03 04:33:33,549 - INFO - [BBC] Attempt 1/1: Trying with 'requests_browser' strategy...
2025-12-03 04:33:33,673 - INFO - [BBC] Success with 'requests_browser'. Found content (582 words).
2025-12-03 04:33:33,737 - INFO - [The Guardian] Article: https://www.theguardian.com/us-news/2025/dec/02/monterrey-mexico-air-quality-industrial-pollution
2025-12-03 04:33:33,737 - INFO - [The Guardian] Attempt 1/1: Trying with 'requests_browser' strategy...
2025-12-03 04:33:33,838 - INFO - Duplicate article skipped: Hong Kong leader orders investigation into deadly fire that killed 151 from BBC
2025-12-03 04:33:33,924 - INFO - [The Guardian] Success with 'requests_browser'. Found content (3688 words).
2025-12-03 04:33:34,079 - INFO - Duplicate article skipped: Revealed: Mexico’s industrial boomtown is making goods for the US. Residents say they’re ‘breathing poison’ | Mexico | The Guardian from The Guardian
2025-12-03 04:33:35,432 - INFO - [The Guardian] Article: https://www.theguardian.com/world/2025/dec/02/st-lucia-election-prime-minister-philip-pierre-wins
2025-12-03 04:33:35,432 - INFO - [The Guardian] Attempt 1/1: Trying with 'requests_browser' strategy...
2025-12-03 04:33:35,757 - INFO - [The Guardian] Success with 'requests_browser'. Found content (313 words).
2025-12-03 04:33:35,891 - INFO - Duplicate article skipped: St Lucia prime minister Philip Pierre keeps majority as ruling party wins | St Lucia | The Guardian from The Guardian
2025-12-03 04:33:36,415 - INFO - [The Hindu] Page content loaded.
2025-12-03 04:33:36,738 - INFO - [The Hindu] Success with 'selenium_browser'. Found content (137 words).
2025-12-03 04:33:37,227 - INFO - Saved article: German delegation applauds KSRTC’s inclusive mobility innovations - The Hindu from The Hindu
2025-12-03 04:33:37,918 - INFO - [The Hindu] Article: https://www.thehindu.com/news/national/kerala/kerala-local-body-polls-will-gold-scandal-kcm-shift-coalition-strains-redraw-pathanamthittas-electoral-map/article70345436.ece
2025-12-03 04:33:37,918 - INFO - [The Hindu] Attempt 1/1: Trying with 'selenium_browser' strategy...
2025-12-03 04:33:43,845 - INFO - [The Hindu] Page content loaded.
2025-12-03 04:33:44,019 - INFO - [The Hindu] Success with 'selenium_browser'. Found content (403 words).
2025-12-03 04:33:44,203 - INFO - Saved article: Kerala local body polls: Will gold scandal, KC(M) shift, coalition strains redraw Pathanamthitta’s electoral map? - The Hindu from The Hindu
2025-12-03 04:33:45,637 - INFO - [The Hindu] Article: https://www.thehindu.com/news/national/parliament-winter-session-lok-sabha-rajya-sabha-day-3-highlights-december-3-2025/article70351973.ece
2025-12-03 04:33:45,637 - INFO - [The Hindu] Attempt 1/1: Trying with 'selenium_browser' strategy...
2025-12-03 04:33:48,832 - INFO - [The Hindu] Page content loaded.
2025-12-03 04:33:48,957 - INFO - [The Hindu] Success with 'selenium_browser'. Found content (191 words).
2025-12-03 04:33:49,051 - INFO - Saved article: Parliament Winter session Day 3 LIVE: Opposition leaders to meet in Parliament to discuss joint strategy - The Hindu from The Hindu
2025-12-03 04:33:50,053 - INFO - [The Hindu] Article: https://www.thehindu.com/news/national/telangana/hectic-activity-on-for-ghmc-expansion/article70350092.ece
2025-12-03 04:33:50,053 - INFO - [The Hindu] Attempt 1/1: Trying with 'selenium_browser' strategy...
2025-12-03 04:33:50,892 - INFO - [The Hindu] Page content loaded.
2025-12-03 04:33:51,046 - INFO - [The Hindu] Success with 'selenium_browser'. Found content (392 words).
2025-12-03 04:33:51,118 - INFO - Saved article: Hectic activity on for GHMC expansion - The Hindu from The Hindu
2025-12-03 04:33:52,085 - INFO - [The Hindu] Article: https://www.thehindu.com/news/national/telangana/13-students-fall-ill-after-breakfast-at-gurukul-in-gadwal/article70350176.ece
2025-12-03 04:33:52,085 - INFO - [The Hindu] Attempt 1/1: Trying with 'selenium_browser' strategy...
2025-12-03 04:33:54,356 - INFO - [The Hindu] Page content loaded.
2025-12-03 04:33:54,464 - INFO - [The Hindu] Success with 'selenium_browser'. Found content (201 words).
2025-12-03 04:33:54,583 - INFO - Saved article: 13 students fall ill after breakfast at Gurukul in Gadwal - The Hindu from The Hindu
2025-12-03 04:33:55,345 - INFO - [The Hindu] Article: https://www.thehindu.com/news/national/telangana/differently-abled-boy-injured-in-attack-by-stray-dogs/article70349895.ece
2025-12-03 04:33:55,345 - INFO - [The Hindu] Attempt 1/1: Trying with 'selenium_browser' strategy...
2025-12-03 04:33:57,549 - INFO - [The Hindu] Page content loaded.
2025-12-03 04:33:57,794 - INFO - [The Hindu] Success with 'selenium_browser'. Found content (288 words).
2025-12-03 04:33:57,866 - INFO - Saved article: Differently abled boy injured in attack by stray dogs - The Hindu from The Hindu
2025-12-03 04:33:58,652 - INFO - [The Hindu] Article: https://www.thehindu.com/news/cities/Hyderabad/intoxicated-woman-booked-for-creating-nuisance-on-jeedimetlaroad/article70350450.ece
2025-12-03 04:33:58,653 - INFO - [The Hindu] Attempt 1/1: Trying with 'selenium_browser' strategy...
2025-12-03 04:34:00,850 - INFO - [The Hindu] Page content loaded.
2025-12-03 04:34:00,974 - INFO - [The Hindu] Success with 'selenium_browser'. Found content (87 words).
2025-12-03 04:34:01,077 - INFO - Duplicate article skipped: Intoxicated woman booked for creating nuisance on Jeedimetla road - The Hindu from The Hindu
2025-12-03 04:34:02,526 - INFO - [The Hindu] Article: https://www.thehindu.com/news/cities/Hyderabad/man-gets-six-years-of-ri-for-sexually-assaulting-minor-boy/article70350342.ece
2025-12-03 04:34:02,526 - INFO - [The Hindu] Attempt 1/1: Trying with 'selenium_browser' strategy...
2025-12-03 04:34:04,413 - INFO - [The Hindu] Page content loaded.
2025-12-03 04:34:04,484 - INFO - [The Hindu] Success with 'selenium_browser'. Found content (200 words).
2025-12-03 04:34:04,568 - INFO - Duplicate article skipped: Man gets six years of RI for sexually assaulting minor boy - The Hindu from The Hindu
2025-12-03 04:34:05,636 - INFO - [The Hindu] Article: https://www.thehindu.com/news/cities/Hyderabad/70-year-old-man-found-murdered-in-shamshabad-two-neighbours-held/article70350198.ece
2025-12-03 04:34:05,636 - INFO - [The Hindu] Attempt 1/1: Trying with 'selenium_browser' strategy...
2025-12-03 04:34:07,464 - INFO - [The Hindu] Page content loaded.
2025-12-03 04:34:07,653 - INFO - [The Hindu] Success with 'selenium_browser'. Found content (222 words).
2025-12-03 04:34:07,748 - INFO - Duplicate article skipped: 70-year-old man found murdered in Shamshabad; two neighbours held - The Hindu from The Hindu
2025-12-03 04:34:08,726 - INFO - [The Hindu] Article: https://www.thehindu.com/news/cities/Hyderabad/ed-to-auction-seized-aircraft-linked-to-falcon-scam/article70349976.ece
2025-12-03 04:34:08,727 - INFO - [The Hindu] Attempt 1/1: Trying with 'selenium_browser' strategy...
2025-12-03 04:34:11,250 - INFO - [The Hindu] Page content loaded.
2025-12-03 04:34:11,317 - INFO - [The Hindu] Success with 'selenium_browser'. Found content (305 words).
2025-12-03 04:34:11,430 - INFO - Duplicate article skipped: ED to auction seized aircraft linked to Falcon scam - The Hindu from The Hindu
2025-12-03 04:34:12,111 - INFO - [The Hindu] (Thread) Finished. Attempting to shut down its Selenium driver.
2025-12-03 04:34:12,244 - INFO - [The Hindu] (Thread) driver.quit() successful.
2025-12-03 04:35:30,803 - ERROR - [Times of India] Request failed for strategy 'selenium_browser' on URL https://timesofindia.indiatimes.com/world/us/ban-h-1b-visas-desi-maga-backer-nalin-haley-wants-corporates-to-hire-certain-number-of-americans-watch/articleshow/125732051.cms: HTTPConnectionPool(host='localhost', port=50415): Read timed out. (read timeout=120)
2025-12-03 04:35:30,803 - ERROR - [Times of India] All scrape strategies failed for https://timesofindia.indiatimes.com/world/us/ban-h-1b-visas-desi-maga-backer-nalin-haley-wants-corporates-to-hire-certain-number-of-americans-watch/articleshow/125732051.cms. Falling back to RSS description.
2025-12-03 04:35:30,804 - INFO - Duplicate article skipped: 'Ban H-1B visas': Desi MAGA backer Nalin Haley wants corporates to hire 'certain number of Americans' - watch from Times of India
2025-12-03 04:35:31,693 - INFO - [Times of India] Article: https://timesofindia.indiatimes.com/world/rest-of-world/13-year-old-pulled-the-trigger-chilling-details-of-public-execution-of-afghan-man-80000-watched/articleshow/125731855.cms
2025-12-03 04:35:31,693 - INFO - [Times of India] Attempt 1/1: Trying with 'selenium_browser' strategy...
2025-12-03 04:37:31,728 - ERROR - [Times of India] Request failed for strategy 'selenium_browser' on URL https://timesofindia.indiatimes.com/world/rest-of-world/13-year-old-pulled-the-trigger-chilling-details-of-public-execution-of-afghan-man-80000-watched/articleshow/125731855.cms: HTTPConnectionPool(host='localhost', port=50415): Read timed out. (read timeout=120)
2025-12-03 04:37:31,729 - ERROR - [Times of India] All scrape strategies failed for https://timesofindia.indiatimes.com/world/rest-of-world/13-year-old-pulled-the-trigger-chilling-details-of-public-execution-of-afghan-man-80000-watched/articleshow/125731855.cms. Falling back to RSS description.
2025-12-03 04:37:31,729 - INFO - Duplicate article skipped: '13-year-old pulled the trigger': Chilling details of public execution of Afghan man; '80,000 watched' from Times of India
2025-12-03 04:37:33,068 - INFO - [Times of India] Article: https://timesofindia.indiatimes.com/world/us-streamers/i-will-be-naming-candace-owens-alleges-tpusa-leaders-betrayed-charlie-kirk-before-deadly-shooting-and-vows-to-show-evidence/articleshow/125728624.cms
2025-12-03 04:37:33,069 - INFO - [Times of India] Attempt 1/1: Trying with 'selenium_browser' strategy...
2025-12-03 04:38:23,092 - CRITICAL - --- TIMEOUT: 1 scrape jobs did not complete in 300s. ---
2025-12-03 04:38:23,092 - ERROR - A thread has timed out and will be abandoned.
2025-12-03 04:38:23,092 - INFO - Shutting down thread pool (wait=False)...
2025-12-03 04:38:23,092 - INFO - Scraped: 0 The Guardian, 6 The Hindu, 0 BBC, 1 Timed_Out_Jobs articles. (Total saved: 6)
2025-12-03 04:38:23,092 - INFO - --- Scraping job finished ---
2025-12-03 04:38:23,092 - INFO - --- Scraper service stopped and database connection closed. ---
2025-12-03 04:38:23,092 - INFO - --- Main thread finished. Forcing process exit to kill zombie threads. ---
