2025-11-28 10:27:33,060 - INFO - Initializing database connection at: news_articles.db
2025-11-28 10:27:33,060 - INFO - --- Scraper service started (CI Mode: Run Once) ---
2025-11-28 10:27:33,060 - INFO - --- Starting new scraping job (Parallel Mode) ---
2025-11-28 10:27:33,060 - INFO - Creating new robust session with 3 retries on 5xx/connection/read errors.
2025-11-28 10:27:33,061 - INFO - Proxy is DISABLED.
2025-11-28 10:27:33,061 - INFO - Starting scrape for BBC RSS feed: http://feeds.bbci.co.uk/news/world/rss.xml
2025-11-28 10:27:33,061 - INFO - [Times of India] (Thread) requires Selenium. Initializing driver...
2025-11-28 10:27:33,061 - INFO - Initializing headless Selenium Chrome driver (using SeleniumManager)...
2025-11-28 10:27:33,062 - INFO - Starting scrape for The Guardian RSS feed: https://www.theguardian.com/world/rss
2025-11-28 10:27:33,062 - INFO - [The Hindu] (Thread) requires Selenium. Initializing driver...
2025-11-28 10:27:33,063 - INFO - Submitted 4 jobs to thread pool. Waiting up to 300s for completion...
2025-11-28 10:27:33,063 - INFO - Initializing headless Selenium Chrome driver (using SeleniumManager)...
2025-11-28 10:27:33,185 - INFO - Found 45 articles in The Guardian RSS feed. Processing up to 10.
2025-11-28 10:27:33,185 - INFO - [The Guardian] Article: https://www.theguardian.com/environment/2025/nov/28/africa-forests-transformed-carbon-sink-carbon-source-study
2025-11-28 10:27:33,185 - INFO - [The Guardian] Attempt 1/1: Trying with 'requests_browser' strategy...
2025-11-28 10:27:33,221 - INFO - [The Guardian] Success with 'requests_browser'. Found content (458 words).
2025-11-28 10:27:33,266 - INFO - Found 31 articles in BBC RSS feed. Processing up to 10.
2025-11-28 10:27:33,266 - INFO - [BBC] Article: https://www.bbc.com/news/articles/c79xd17dre3o?at_medium=RSS&at_campaign=rss
2025-11-28 10:27:33,266 - INFO - [BBC] Attempt 1/1: Trying with 'requests_browser' strategy...
2025-11-28 10:27:33,320 - INFO - Saved article: Africa’s forests transformed from carbon sink to carbon source, study finds | Climate crisis | The Guardian from The Guardian
2025-11-28 10:27:33,482 - INFO - [BBC] Success with 'requests_browser'. Found content (566 words).
2025-11-28 10:27:33,520 - INFO - Saved article: Hong Kong tower blocks fire death toll rises to 128 from BBC
2025-11-28 10:27:34,328 - INFO - [The Guardian] Article: https://www.theguardian.com/world/2025/nov/26/guinea-bissau-officers-take-total-control-close-borders-amid-election-chaos
2025-11-28 10:27:34,328 - INFO - [The Guardian] Attempt 1/1: Trying with 'requests_browser' strategy...
2025-11-28 10:27:34,353 - INFO - [The Guardian] Success with 'requests_browser'. Found content (412 words).
2025-11-28 10:27:34,387 - INFO - Duplicate article skipped: Guinea-Bissau military takes ‘total control’ amid election chaos | Guinea-Bissau | The Guardian from The Guardian
2025-11-28 10:27:34,769 - INFO - [BBC] Article: https://www.bbc.com/news/articles/cn8e5j20g27o?at_medium=RSS&at_campaign=rss
2025-11-28 10:27:34,769 - INFO - [BBC] Attempt 1/1: Trying with 'requests_browser' strategy...
2025-11-28 10:27:34,801 - INFO - [BBC] Success with 'requests_browser'. Found content (814 words).
2025-11-28 10:27:34,837 - INFO - Duplicate article skipped: Hong Kong fire: Anger and unanswered questions from BBC
2025-11-28 10:27:35,497 - INFO - [The Guardian] Article: https://www.theguardian.com/world/2025/nov/25/nigerian-schoolgirls-rescued-after-mass-abduction-in-kebbi
2025-11-28 10:27:35,497 - INFO - [The Guardian] Attempt 1/1: Trying with 'requests_browser' strategy...
2025-11-28 10:27:35,532 - INFO - [The Guardian] Success with 'requests_browser'. Found content (515 words).
2025-11-28 10:27:35,573 - INFO - Duplicate article skipped: Nigerian schoolgirls rescued after mass abduction in Kebbi | Nigeria | The Guardian from The Guardian
2025-11-28 10:27:36,230 - INFO - [BBC] Article: https://www.bbc.com/news/articles/cdxweyy157go?at_medium=RSS&at_campaign=rss
2025-11-28 10:27:36,230 - INFO - [BBC] Attempt 1/1: Trying with 'requests_browser' strategy...
2025-11-28 10:27:36,262 - INFO - [BBC] Success with 'requests_browser'. Found content (706 words).
2025-11-28 10:27:36,299 - INFO - Duplicate article skipped: Trump says US will 'permanently pause migration' from 'third world countries' from BBC
2025-11-28 10:27:36,582 - INFO - [The Guardian] Article: https://www.theguardian.com/world/2025/nov/25/jacob-zuma-daughter-accused-tricking-men-fighting-for-russia-in-ukraine
2025-11-28 10:27:36,583 - INFO - [The Guardian] Attempt 1/1: Trying with 'requests_browser' strategy...
2025-11-28 10:27:36,613 - INFO - [The Guardian] Success with 'requests_browser'. Found content (656 words).
2025-11-28 10:27:36,656 - INFO - Duplicate article skipped: Jacob Zuma’s daughter accused of tricking men into fighting for Russia in Ukraine | South Africa | The Guardian from The Guardian
2025-11-28 10:27:37,246 - INFO - [The Guardian] Article: https://www.theguardian.com/uk-news/2025/nov/24/uk-rejects-nigerian-request-to-deport-former-politican-ike-ekweremadu-jailed-for-organ-trafficking
2025-11-28 10:27:37,246 - INFO - [The Guardian] Attempt 1/1: Trying with 'requests_browser' strategy...
2025-11-28 10:27:37,271 - INFO - [The Guardian] Success with 'requests_browser'. Found content (545 words).
2025-11-28 10:27:37,305 - INFO - Duplicate article skipped: UK rejects Nigerian request to deport former politican jailed for organ trafficking | UK news | The Guardian from The Guardian
2025-11-28 10:27:37,497 - INFO - [BBC] Article: https://www.bbc.com/news/articles/cwyx4y6007lo?at_medium=RSS&at_campaign=rss
2025-11-28 10:27:37,497 - INFO - [BBC] Attempt 1/1: Trying with 'requests_browser' strategy...
2025-11-28 10:27:37,530 - INFO - [BBC] Success with 'requests_browser'. Found content (972 words).
2025-11-28 10:27:37,561 - INFO - Duplicate article skipped: National Guard member dies after shooting in Washington DC from BBC
2025-11-28 10:27:38,384 - INFO - [The Guardian] Article: https://www.theguardian.com/world/2025/nov/28/st-vincent-caribbean-opposition-party-celebrates-historic-election-win
2025-11-28 10:27:38,384 - INFO - [The Guardian] Attempt 1/1: Trying with 'requests_browser' strategy...
2025-11-28 10:27:38,410 - INFO - [The Guardian] Success with 'requests_browser'. Found content (497 words).
2025-11-28 10:27:38,416 - INFO - [BBC] Article: https://www.bbc.com/news/videos/cp9kxxy123do?at_medium=RSS&at_campaign=rss
2025-11-28 10:27:38,416 - INFO - [BBC] Attempt 1/1: Trying with 'requests_browser' strategy...
2025-11-28 10:27:38,474 - INFO - Saved article: St Vincent opposition party celebrates historic election win | St Vincent and the Grenadines | The Guardian from The Guardian
2025-11-28 10:27:38,512 - WARNING - [BBC] FAILED with 'requests_browser' (content was too short: 66 words).
2025-11-28 10:27:38,512 - ERROR - [BBC] All scrape strategies failed for https://www.bbc.com/news/videos/cp9kxxy123do?at_medium=RSS&at_campaign=rss. Falling back to RSS description.
2025-11-28 10:27:38,514 - INFO - Saved article: Scores killed as floods sweep several Asian nations from BBC
2025-11-28 10:27:39,031 - INFO - [BBC] Article: https://www.bbc.com/news/articles/c058lp086zvo?at_medium=RSS&at_campaign=rss
2025-11-28 10:27:39,031 - INFO - [BBC] Attempt 1/1: Trying with 'requests_browser' strategy...
2025-11-28 10:27:39,063 - INFO - [BBC] Success with 'requests_browser'. Found content (526 words).
2025-11-28 10:27:39,097 - INFO - Duplicate article skipped: Ukraine anti-corruption agents search home of Zelensky's top adviser Yermak from BBC
2025-11-28 10:27:39,641 - INFO - [The Guardian] Article: https://www.theguardian.com/world/2025/nov/27/st-vincent-prime-minister-seeks-record-sixth-term-in-tight-election
2025-11-28 10:27:39,641 - INFO - [The Guardian] Attempt 1/1: Trying with 'requests_browser' strategy...
2025-11-28 10:27:39,667 - INFO - [The Guardian] Success with 'requests_browser'. Found content (676 words).
2025-11-28 10:27:39,702 - INFO - Duplicate article skipped: St Vincent prime minister seeks record sixth term in tight election | St Vincent and the Grenadines | The Guardian from The Guardian
2025-11-28 10:27:39,851 - INFO - [BBC] Article: https://www.bbc.com/news/articles/clyz7njqwvvo?at_medium=RSS&at_campaign=rss
2025-11-28 10:27:39,851 - INFO - [BBC] Attempt 1/1: Trying with 'requests_browser' strategy...
2025-11-28 10:27:39,878 - INFO - [BBC] Success with 'requests_browser'. Found content (344 words).
2025-11-28 10:27:39,912 - INFO - Duplicate article skipped: Japan's same-sex marriage ban is constitutional, says Tokyo court from BBC
2025-11-28 10:27:40,436 - INFO - [The Guardian] Article: https://www.theguardian.com/politics/2025/nov/28/uk-home-office-rejects-visa-young-girl-destitute-jamaica-hurricane-melissa
2025-11-28 10:27:40,436 - INFO - [The Guardian] Attempt 1/1: Trying with 'requests_browser' strategy...
2025-11-28 10:27:40,460 - INFO - [The Guardian] Success with 'requests_browser'. Found content (550 words).
2025-11-28 10:27:40,495 - INFO - Duplicate article skipped: UK rejects visa for girl left destitute in Jamaica by Hurricane Melissa | Home Office | The Guardian from The Guardian
2025-11-28 10:27:40,715 - INFO - [BBC] Article: https://www.bbc.com/news/articles/clyd4llgrego?at_medium=RSS&at_campaign=rss
2025-11-28 10:27:40,715 - INFO - [BBC] Attempt 1/1: Trying with 'requests_browser' strategy...
2025-11-28 10:27:40,744 - INFO - [BBC] Success with 'requests_browser'. Found content (415 words).
2025-11-28 10:27:40,783 - INFO - Saved article: Louvre to hike ticket prices for most non-EU tourists by 45% from BBC
2025-11-28 10:27:41,122 - INFO - [The Guardian] Article: https://www.theguardian.com/world/2025/nov/27/mark-carney-alberta-oil-pipeline-deal-canada-first-nations
2025-11-28 10:27:41,122 - INFO - [The Guardian] Attempt 1/1: Trying with 'requests_browser' strategy...
2025-11-28 10:27:41,148 - INFO - [The Guardian] Success with 'requests_browser'. Found content (723 words).
2025-11-28 10:27:41,183 - INFO - Duplicate article skipped: Canada minister resigns from cabinet over Carney’s controversial oil pipeline deal | Canada | The Guardian from The Guardian
2025-11-28 10:27:41,750 - INFO - [BBC] Article: https://www.bbc.com/news/articles/c741m97lk42o?at_medium=RSS&at_campaign=rss
2025-11-28 10:27:41,750 - INFO - [BBC] Attempt 1/1: Trying with 'requests_browser' strategy...
2025-11-28 10:27:41,783 - INFO - [BBC] Success with 'requests_browser'. Found content (599 words).
2025-11-28 10:27:41,819 - INFO - Duplicate article skipped: Guinea-Bissau’s ousted President Umaro Sissoco Embaló flees to Senegal after coup from BBC
2025-11-28 10:27:42,070 - INFO - [The Guardian] Article: https://www.theguardian.com/world/2025/nov/27/perus-ousted-president-of-the-poor-gets-11-year-sentence-for-rebellion
2025-11-28 10:27:42,070 - INFO - [The Guardian] Attempt 1/1: Trying with 'requests_browser' strategy...
2025-11-28 10:27:42,103 - INFO - [The Guardian] Success with 'requests_browser'. Found content (346 words).
2025-11-28 10:27:42,136 - INFO - Duplicate article skipped: Peru’s ousted ‘president of the poor’ gets 11-year sentence for rebellion | Peru | The Guardian from The Guardian
2025-11-28 10:27:42,808 - INFO - [BBC] Article: https://www.bbc.com/news/articles/c1w9qe7n984o?at_medium=RSS&at_campaign=rss
2025-11-28 10:27:42,808 - INFO - [BBC] Attempt 1/1: Trying with 'requests_browser' strategy...
2025-11-28 10:27:42,842 - INFO - [BBC] Success with 'requests_browser'. Found content (796 words).
2025-11-28 10:27:42,876 - INFO - Duplicate article skipped: Quebec moves to expand secularism law, limit public prayer from BBC
2025-11-28 10:27:46,294 - INFO - Selenium driver initialized successfully.
2025-11-28 10:27:46,294 - INFO - Starting scrape for Times of India RSS feed: https://timesofindia.indiatimes.com/rssfeeds/296589292.cms
2025-11-28 10:27:46,295 - INFO - Selenium driver initialized successfully.
2025-11-28 10:27:46,295 - INFO - Starting scrape for The Hindu RSS feed: https://www.thehindu.com/news/national/feeder/default.rss
2025-11-28 10:27:46,493 - INFO - Found 100 articles in The Hindu RSS feed. Processing up to 10.
2025-11-28 10:27:46,493 - INFO - [The Hindu] Article: https://www.thehindu.com/news/national/west-bengal/trinamool-congress-meets-election-commission-of-india/article70334244.ece
2025-11-28 10:27:46,493 - INFO - [The Hindu] Attempt 1/1: Trying with 'selenium_browser' strategy...
2025-11-28 10:27:46,499 - INFO - Found 20 articles in Times of India RSS feed. Processing up to 10.
2025-11-28 10:27:46,499 - INFO - [Times of India] Article: https://timesofindia.indiatimes.com/world/middle-east/sharjah-police-announce-black-points-waiver-and-fine-discounts-for-uaes-54th-national-day/articleshow/125631206.cms
2025-11-28 10:27:46,499 - INFO - [Times of India] Attempt 1/1: Trying with 'selenium_browser' strategy...
2025-11-28 10:27:50,382 - INFO - [The Hindu] Page content loaded.
2025-11-28 10:27:50,473 - INFO - [The Hindu] Success with 'selenium_browser'. Found content (309 words).
2025-11-28 10:27:50,648 - INFO - Saved article: TMC claims 40 SIR-related deaths in West Bengal; says CEC has ‘blood on his hands’ - The Hindu from The Hindu
2025-11-28 10:27:51,773 - INFO - [The Hindu] Article: https://www.thehindu.com/news/national/telangana/major-multi-state-raids-disrupt-nationwide-drug-cartel-network-run-by-nigerian-handlers/article70334055.ece
2025-11-28 10:27:51,773 - INFO - [The Hindu] Attempt 1/1: Trying with 'selenium_browser' strategy...
2025-11-28 10:27:54,577 - INFO - [The Hindu] Page content loaded.
2025-11-28 10:27:54,989 - INFO - [The Hindu] Success with 'selenium_browser'. Found content (672 words).
2025-11-28 10:27:55,258 - INFO - Saved article: Major multi-State raids disrupt nationwide drug cartel network run by Nigerian handlers in India - The Hindu from The Hindu
2025-11-28 10:27:56,433 - INFO - [The Hindu] Article: https://www.thehindu.com/news/cities/Mangalore/modi-in-udupi-hinting-at-pakistan-pm-says-india-knows-how-to-maintain-peace-and-protect-itself/article70334109.ece
2025-11-28 10:27:56,433 - INFO - [The Hindu] Attempt 1/1: Trying with 'selenium_browser' strategy...
2025-11-28 10:27:57,182 - INFO - [Times of India] Page content loaded.
2025-11-28 10:27:57,609 - INFO - [Times of India] Success with 'selenium_browser'. Found content (436 words).
2025-11-28 10:27:58,171 - INFO - Saved article: Sharjah police announce black points waiver and fine discounts for UAE’s 54th National Day | World News - The Times of India from Times of India
2025-11-28 10:27:59,637 - INFO - [Times of India] Article: https://timesofindia.indiatimes.com/world/rest-of-world/hong-kong-tragedy-fire-alarms-of-affected-buildings-failed-toll-rises-to-128/articleshow/125632887.cms
2025-11-28 10:27:59,637 - INFO - [Times of India] Attempt 1/1: Trying with 'selenium_browser' strategy...
2025-11-28 10:28:01,425 - INFO - [The Hindu] Page content loaded.
2025-11-28 10:28:01,740 - INFO - [The Hindu] Success with 'selenium_browser'. Found content (489 words).
2025-11-28 10:28:02,012 - INFO - Saved article: Modi in Udupi: Hinting at Pakistan, PM says India knows how to maintain peace and protect itself - The Hindu from The Hindu
2025-11-28 10:28:03,438 - INFO - [The Hindu] Article: https://www.thehindu.com/news/national/tamil-nadu/state-wide-tours-of-nda-leaders-give-hope-for-change-of-power-in-tamil-nadu-says-gk-vasan/article70333828.ece
2025-11-28 10:28:03,438 - INFO - [The Hindu] Attempt 1/1: Trying with 'selenium_browser' strategy...
2025-11-28 10:28:06,764 - INFO - [Times of India] Page content loaded.
2025-11-28 10:28:07,151 - INFO - [The Hindu] Page content loaded.
2025-11-28 10:28:07,213 - INFO - [Times of India] Success with 'selenium_browser'. Found content (578 words).
2025-11-28 10:28:07,517 - INFO - [The Hindu] Success with 'selenium_browser'. Found content (257 words).
2025-11-28 10:28:07,530 - INFO - Saved article: Hong Kong tragedy: Fire alarms of affected buildings failed; toll rises to 128 - The Times of India from Times of India
2025-11-28 10:28:07,673 - INFO - Saved article: State-wide tours of NDA leaders give hope for change of power in Tamil Nadu, says G.K. Vasan - The Hindu from The Hindu
2025-11-28 10:28:08,512 - INFO - [Times of India] Article: https://timesofindia.indiatimes.com/world/rest-of-world/sri-lanka-56-killed-as-floods-landslides-triggered-by-torrential-rains-batter-the-island-dozens-missing/articleshow/125628919.cms
2025-11-28 10:28:08,512 - INFO - [Times of India] Attempt 1/1: Trying with 'selenium_browser' strategy...
2025-11-28 10:28:08,650 - INFO - [The Hindu] Article: https://www.thehindu.com/news/national/kerala/special-squads-in-action-against-illicit-liquor-trade-in-kerala-ahead-of-local-body-polls/article70334086.ece
2025-11-28 10:28:08,650 - INFO - [The Hindu] Attempt 1/1: Trying with 'selenium_browser' strategy...
2025-11-28 10:28:09,736 - INFO - [Times of India] Page content loaded.
2025-11-28 10:28:09,794 - INFO - [The Hindu] Page content loaded.
2025-11-28 10:28:09,979 - INFO - [The Hindu] Success with 'selenium_browser'. Found content (392 words).
2025-11-28 10:28:10,008 - INFO - [Times of India] Success with 'selenium_browser'. Found content (255 words).
2025-11-28 10:28:10,204 - INFO - Saved article: Special squads in action against illicit liquor trade in Kerala ahead of local body polls - The Hindu from The Hindu
2025-11-28 10:28:10,231 - INFO - Duplicate article skipped: Sri Lanka: 56 killed as floods, landslides triggered by torrential rains batter the island; dozens missing - The Times of India from Times of India
2025-11-28 10:28:11,373 - INFO - [Times of India] Article: https://timesofindia.indiatimes.com/world/middle-east/emirates-celebrates-54th-uae-national-day-with-special-inflight-food-and-entertainment/articleshow/125632515.cms
2025-11-28 10:28:11,373 - INFO - [Times of India] Attempt 1/1: Trying with 'selenium_browser' strategy...
2025-11-28 10:28:11,516 - INFO - [The Hindu] Article: https://www.thehindu.com/news/national/union-defence-minister-rajnath-singh-at-chanakya-defence-dialogue/article70334181.ece
2025-11-28 10:28:11,516 - INFO - [The Hindu] Attempt 1/1: Trying with 'selenium_browser' strategy...
2025-11-28 10:28:12,889 - INFO - [Times of India] Page content loaded.
2025-11-28 10:28:12,994 - INFO - [The Hindu] Page content loaded.
2025-11-28 10:28:13,061 - INFO - [Times of India] Success with 'selenium_browser'. Found content (543 words).
2025-11-28 10:28:13,185 - INFO - Duplicate article skipped: Emirates celebrates 54th UAE National Day with special inflight food and entertainment | World News - The Times of India from Times of India
2025-11-28 10:28:13,289 - INFO - [The Hindu] Success with 'selenium_browser'. Found content (275 words).
2025-11-28 10:28:13,517 - INFO - Saved article: India has become voice of balance and responsibility in current global environment, says Rajnath Singh - The Hindu from The Hindu
2025-11-28 10:28:14,087 - INFO - [The Hindu] Article: https://www.thehindu.com/news/national/tamil-nadu/sengottaiyans-entry-into-tvk-may-not-affect-aiadmk-but-benefit-vijay-experts/article70333893.ece
2025-11-28 10:28:14,087 - INFO - [The Hindu] Attempt 1/1: Trying with 'selenium_browser' strategy...
2025-11-28 10:28:14,538 - INFO - [Times of India] Article: https://timesofindia.indiatimes.com/world/middle-east/uae-national-day-rulers-of-ras-al-khaimah-and-ajman-pardoned-1079-inmates-offers-them-a-clean-slate/articleshow/125631851.cms
2025-11-28 10:28:14,538 - INFO - [Times of India] Attempt 1/1: Trying with 'selenium_browser' strategy...
2025-11-28 10:28:16,644 - INFO - [Times of India] Page content loaded.
2025-11-28 10:28:16,821 - INFO - [Times of India] Success with 'selenium_browser'. Found content (437 words).
2025-11-28 10:28:17,021 - INFO - Saved article: UAE National Day: Rulers of Ras Al Khaimah and Ajman pardoned 1,079 inmates, offers them a clean slate | World News - The Times of India from Times of India
2025-11-28 10:28:18,505 - INFO - [Times of India] Article: https://timesofindia.indiatimes.com/world/us/swaddling-hijab-married-brother-donald-trump-attacks-congresswoman-ilhan-omar-remarks-amid-crackdown-on-immigration/articleshow/125631021.cms
2025-11-28 10:28:18,505 - INFO - [Times of India] Attempt 1/1: Trying with 'selenium_browser' strategy...
2025-11-28 10:28:20,457 - INFO - [The Hindu] Page content loaded.
2025-11-28 10:28:20,603 - INFO - [The Hindu] Success with 'selenium_browser'. Found content (352 words).
2025-11-28 10:28:20,774 - INFO - Saved article: Sengottaiyan’s entry into TVK may not affect AIADMK but benefit Vijay: experts - The Hindu from The Hindu
2025-11-28 10:28:20,987 - INFO - [Times of India] Page content loaded.
2025-11-28 10:28:21,103 - INFO - [Times of India] Success with 'selenium_browser'. Found content (217 words).
2025-11-28 10:28:21,197 - INFO - Saved article: 'Swaddling hijab, married brother': Donald Trump attacks Congresswoman Ilhan Omar; remarks amid crackdown on immigration - The Times of India from Times of India
2025-11-28 10:28:21,857 - INFO - [Times of India] Article: https://timesofindia.indiatimes.com/world/middle-east/riyadh-metro-enters-guinness-world-records-as-the-world-longest-driverless-network-at-176km/articleshow/125630736.cms
2025-11-28 10:28:21,857 - INFO - [Times of India] Attempt 1/1: Trying with 'selenium_browser' strategy...
2025-11-28 10:28:21,963 - INFO - [The Hindu] Article: https://www.thehindu.com/news/national/andhra-pradesh/andhra-pradesh-chambers-delegation-submits-pre-budget-representation-to-nirmala-sitharaman/article70333922.ece
2025-11-28 10:28:21,963 - INFO - [The Hindu] Attempt 1/1: Trying with 'selenium_browser' strategy...
2025-11-28 10:28:23,314 - INFO - [The Hindu] Page content loaded.
2025-11-28 10:28:23,401 - INFO - [The Hindu] Success with 'selenium_browser'. Found content (245 words).
2025-11-28 10:28:23,503 - INFO - Saved article: Andhra Pradesh Chambers delegation submits pre-Budget representation to Nirmala Sitharaman - The Hindu from The Hindu
2025-11-28 10:28:24,300 - INFO - [The Hindu] Article: https://www.thehindu.com/news/cities/bangalore/67-kg-hydro-ganja-in-10-days-bengaluru-customs-nets-massive-drug-hauls-in-airport-interceptions/article70333731.ece
2025-11-28 10:28:24,300 - INFO - [The Hindu] Attempt 1/1: Trying with 'selenium_browser' strategy...
2025-11-28 10:28:25,841 - INFO - [The Hindu] Page content loaded.
2025-11-28 10:28:26,012 - INFO - [The Hindu] Success with 'selenium_browser'. Found content (340 words).
2025-11-28 10:28:26,091 - INFO - [Times of India] Page content loaded.
2025-11-28 10:28:26,109 - INFO - Saved article: 67 kg hydro ganja in 10 days: Bengaluru Customs nets massive drug hauls in airport interceptions - The Hindu from The Hindu
2025-11-28 10:28:26,850 - INFO - [The Hindu] Article: https://www.thehindu.com/news/international/will-pm-modi-take-up-south-africas-cause-with-good-friend-trump-asks-congress/article70333695.ece
2025-11-28 10:28:26,851 - INFO - [The Hindu] Attempt 1/1: Trying with 'selenium_browser' strategy...
2025-11-28 10:28:28,133 - INFO - [Times of India] Success with 'selenium_browser'. Found content (632 words).
2025-11-28 10:28:28,273 - INFO - Duplicate article skipped: Riyadh Metro enters Guinness World Records as the world longest driverless network at 176km | World News - The Times of India from Times of India
2025-11-28 10:28:29,176 - INFO - [Times of India] Article: https://timesofindia.indiatimes.com/world/us/who-was-sarah-beckstrom-national-guard-member-shot-near-white-house-dies-from-injuries/articleshow/125628756.cms
2025-11-28 10:28:29,176 - INFO - [Times of India] Attempt 1/1: Trying with 'selenium_browser' strategy...
2025-11-28 10:28:30,393 - INFO - [The Hindu] Page content loaded.
2025-11-28 10:28:30,584 - INFO - [The Hindu] Success with 'selenium_browser'. Found content (546 words).
2025-11-28 10:28:30,851 - INFO - Saved article: Will PM Modi take up South Africa's cause with ‘good friend’ Trump, asks Congress - The Hindu from The Hindu
2025-11-28 10:28:31,004 - INFO - [Times of India] Page content loaded.
2025-11-28 10:28:31,176 - INFO - [Times of India] Success with 'selenium_browser'. Found content (425 words).
2025-11-28 10:28:31,295 - INFO - Duplicate article skipped: Who was Sarah Beckstrom? National Guard member shot near White House, dies from injuries - The Times of India from Times of India
2025-11-28 10:28:32,048 - INFO - [The Hindu] (Thread) Finished. Attempting to shut down its Selenium driver.
2025-11-28 10:28:32,261 - INFO - [The Hindu] (Thread) driver.quit() successful.
2025-11-28 10:28:32,733 - INFO - [Times of India] Article: https://timesofindia.indiatimes.com/world/middle-east/uae-national-day-2025-dubai-offers-free-public-parking-and-extended-metro-hours-on-holidays/articleshow/125630284.cms
2025-11-28 10:28:32,733 - INFO - [Times of India] Attempt 1/1: Trying with 'selenium_browser' strategy...
2025-11-28 10:28:35,619 - INFO - [Times of India] Page content loaded.
2025-11-28 10:28:35,826 - INFO - [Times of India] Success with 'selenium_browser'. Found content (483 words).
2025-11-28 10:28:35,985 - INFO - Duplicate article skipped: UAE National Day 2025: Dubai offers free public parking and extended metro hours on holidays | World News - The Times of India from Times of India
2025-11-28 10:28:36,734 - INFO - [Times of India] Article: https://timesofindia.indiatimes.com/world/us/turkey-doesnt-actually-taste-that-good-how-jd-vance-celebrated-thanksgiving-watch/articleshow/125627939.cms
2025-11-28 10:28:36,734 - INFO - [Times of India] Attempt 1/1: Trying with 'selenium_browser' strategy...
2025-11-28 10:30:36,835 - ERROR - [Times of India] Request failed for strategy 'selenium_browser' on URL https://timesofindia.indiatimes.com/world/us/turkey-doesnt-actually-taste-that-good-how-jd-vance-celebrated-thanksgiving-watch/articleshow/125627939.cms: HTTPConnectionPool(host='localhost', port=53607): Read timed out. (read timeout=120)
2025-11-28 10:30:36,835 - ERROR - [Times of India] All scrape strategies failed for https://timesofindia.indiatimes.com/world/us/turkey-doesnt-actually-taste-that-good-how-jd-vance-celebrated-thanksgiving-watch/articleshow/125627939.cms. Falling back to RSS description.
2025-11-28 10:30:36,835 - INFO - Duplicate article skipped: ‘Turkey doesn’t actually taste that good’: How JD Vance celebrated Thanksgiving — watch from Times of India
2025-11-28 10:30:38,269 - INFO - [Times of India] (Thread) Finished. Attempting to shut down its Selenium driver.
2025-11-28 10:32:33,065 - CRITICAL - --- TIMEOUT: 1 scrape jobs did not complete in 300s. ---
2025-11-28 10:32:33,065 - ERROR - A thread has timed out and will be abandoned.
2025-11-28 10:32:33,066 - INFO - Shutting down thread pool (wait=False)...
2025-11-28 10:32:33,066 - INFO - Scraped: 2 The Guardian, 3 BBC, 10 The Hindu, 1 Timed_Out_Jobs articles. (Total saved: 15)
2025-11-28 10:32:33,066 - INFO - --- Scraping job finished ---
2025-11-28 10:32:33,066 - INFO - --- Scraper service stopped and database connection closed. ---
2025-11-28 10:32:33,066 - INFO - --- Main thread finished. Forcing process exit to kill zombie threads. ---
