2026-01-29 08:50:38,372 - INFO - Initializing database connection at: news_articles.db
2026-01-29 08:50:38,372 - INFO - --- Scraper service started (CI Mode: Run Once) ---
2026-01-29 08:50:38,373 - INFO - --- Starting new scraping job (Parallel Mode) ---
2026-01-29 08:50:38,373 - INFO - Creating new robust session with 3 retries on 5xx/connection/read errors.
2026-01-29 08:50:38,373 - INFO - Proxy is DISABLED.
2026-01-29 08:50:38,373 - INFO - Starting scrape for BBC RSS feed: http://feeds.bbci.co.uk/news/world/rss.xml
2026-01-29 08:50:38,373 - INFO - [Times of India] (Thread) requires Selenium. Initializing driver...
2026-01-29 08:50:38,373 - INFO - Initializing headless Selenium Chrome driver (using SeleniumManager)...
2026-01-29 08:50:38,374 - INFO - Starting scrape for The Guardian RSS feed: https://www.theguardian.com/world/rss
2026-01-29 08:50:38,374 - INFO - [The Hindu] (Thread) requires Selenium. Initializing driver...
2026-01-29 08:50:38,374 - INFO - Initializing headless Selenium Chrome driver (using SeleniumManager)...
2026-01-29 08:50:38,374 - INFO - Submitted 4 jobs to thread pool. Waiting up to 300s for completion...
2026-01-29 08:50:38,516 - INFO - Found 45 articles in The Guardian RSS feed. Processing up to 10.
2026-01-29 08:50:38,517 - INFO - [The Guardian] Article: https://www.theguardian.com/world/2026/jan/26/hundreds-feared-dead-after-attempting-to-cross-mediterranean-amid-cyclone-harry
2026-01-29 08:50:38,517 - INFO - [The Guardian] Attempt 1/1: Trying with 'requests_browser' strategy...
2026-01-29 08:50:38,541 - INFO - [The Guardian] Success with 'requests_browser'. Found content (388 words).
2026-01-29 08:50:38,577 - INFO - Duplicate article skipped: Hundreds feared dead in attempt to cross Mediterranean during cyclone | Italy | The Guardian from The Guardian
2026-01-29 08:50:38,590 - INFO - Found 40 articles in BBC RSS feed. Processing up to 10.
2026-01-29 08:50:38,590 - INFO - [BBC] Article: https://www.bbc.com/news/articles/ce3kenge1k9o?at_medium=RSS&at_campaign=rss
2026-01-29 08:50:38,590 - INFO - [BBC] Attempt 1/1: Trying with 'requests_browser' strategy...
2026-01-29 08:50:38,782 - INFO - [BBC] Success with 'requests_browser'. Found content (1101 words).
2026-01-29 08:50:38,841 - INFO - Saved article: What could happen if the US strikes Iran? Here are seven scenarios from BBC
2026-01-29 08:50:39,970 - INFO - [The Guardian] Article: https://www.theguardian.com/world/2026/jan/26/crocodile-warnings-floods-devastate-southern-africa
2026-01-29 08:50:39,970 - INFO - [The Guardian] Attempt 1/1: Trying with 'requests_browser' strategy...
2026-01-29 08:50:39,998 - INFO - [The Guardian] Success with 'requests_browser'. Found content (501 words).
2026-01-29 08:50:40,047 - INFO - Duplicate article skipped: Crocodile warnings as floods devastate southern Africa | Africa | The Guardian from The Guardian
2026-01-29 08:50:40,125 - INFO - [BBC] Article: https://www.bbc.com/news/articles/cvgp47neze4o?at_medium=RSS&at_campaign=rss
2026-01-29 08:50:40,126 - INFO - [BBC] Attempt 1/1: Trying with 'requests_browser' strategy...
2026-01-29 08:50:40,158 - INFO - [BBC] Success with 'requests_browser'. Found content (298 words).
2026-01-29 08:50:40,201 - INFO - Saved article: Niamey gunfire: Blasts heard near Niger airport from BBC
2026-01-29 08:50:40,925 - INFO - [The Guardian] Article: https://www.theguardian.com/world/2026/jan/23/guinea-bissau-hepatitis-b-vaccine-study
2026-01-29 08:50:40,925 - INFO - [The Guardian] Attempt 1/1: Trying with 'requests_browser' strategy...
2026-01-29 08:50:40,949 - INFO - [The Guardian] Success with 'requests_browser'. Found content (1061 words).
2026-01-29 08:50:40,986 - INFO - Duplicate article skipped: ‘It’s the sovereignty of the country’: Guinea-Bissau says US vaccine study suspended | Guinea-Bissau | The Guardian from The Guardian
2026-01-29 08:50:41,437 - INFO - [BBC] Article: https://www.bbc.com/news/articles/ckgn0w129lqo?at_medium=RSS&at_campaign=rss
2026-01-29 08:50:41,437 - INFO - [BBC] Attempt 1/1: Trying with 'requests_browser' strategy...
2026-01-29 08:50:41,474 - INFO - [BBC] Success with 'requests_browser'. Found content (891 words).
2026-01-29 08:50:41,517 - INFO - Duplicate article skipped: Border agents involved in fatal shooting of Alex Pretti in Minneapolis placed on leave from BBC
2026-01-29 08:50:41,584 - INFO - [The Guardian] Article: https://www.theguardian.com/global-development/2026/jan/22/actionaid-rethink-child-sponsorship-decolonise-funding
2026-01-29 08:50:41,584 - INFO - [The Guardian] Attempt 1/1: Trying with 'requests_browser' strategy...
2026-01-29 08:50:41,607 - INFO - [The Guardian] Success with 'requests_browser'. Found content (688 words).
2026-01-29 08:50:41,644 - INFO - Duplicate article skipped: ActionAid to rethink child sponsorship as part of plan to ‘decolonise’ its work | Global development | The Guardian from The Guardian
2026-01-29 08:50:42,477 - INFO - [The Guardian] Article: https://www.theguardian.com/us-news/2026/jan/20/us-diplomats-urged-to-remind-african-leaders-of-us-generosity-despite-usaid-closing
2026-01-29 08:50:42,477 - INFO - [The Guardian] Attempt 1/1: Trying with 'requests_browser' strategy...
2026-01-29 08:50:42,503 - INFO - [The Guardian] Success with 'requests_browser'. Found content (797 words).
2026-01-29 08:50:42,541 - INFO - Duplicate article skipped: Head of US Africa bureau urges staff to highlight US ‘generosity’ despite aid cuts | US foreign policy | The Guardian from The Guardian
2026-01-29 08:50:42,931 - INFO - [BBC] Article: https://www.bbc.com/news/articles/c5yx015nkplo?at_medium=RSS&at_campaign=rss
2026-01-29 08:50:42,931 - INFO - [BBC] Attempt 1/1: Trying with 'requests_browser' strategy...
2026-01-29 08:50:42,971 - INFO - [BBC] Success with 'requests_browser'. Found content (1164 words).
2026-01-29 08:50:43,034 - INFO - Duplicate article skipped: 'Don't take us to a hospital': Iran protesters treated in secret to avoid arrest from BBC
2026-01-29 08:50:43,820 - INFO - [The Guardian] Article: https://www.theguardian.com/us-news/live/2026/jan/28/ilhan-omar-attack-trump-minneapolis-ecuador-embassy-rubio-venezuela-machado-iran-iraq-latest-news-updates
2026-01-29 08:50:43,820 - INFO - [The Guardian] Attempt 1/1: Trying with 'requests_browser' strategy...
2026-01-29 08:50:43,890 - INFO - [BBC] Article: https://www.bbc.com/news/articles/cx2gdrvy9gjo?at_medium=RSS&at_campaign=rss
2026-01-29 08:50:43,890 - INFO - [BBC] Attempt 1/1: Trying with 'requests_browser' strategy...
2026-01-29 08:50:44,084 - INFO - [The Guardian] Success with 'requests_browser'. Found content (3117 words).
2026-01-29 08:50:44,183 - INFO - Duplicate article skipped: US congressman meets five-year-old Liam Ramos and his father at ICE detention center – as it happened | Minnesota ICE shootings | The Guardian from The Guardian
2026-01-29 08:50:44,190 - INFO - [BBC] Success with 'requests_browser'. Found content (580 words).
2026-01-29 08:50:44,231 - INFO - Saved article: China executes 11 members of Myanmar scam mafia from BBC
2026-01-29 08:50:44,948 - INFO - Selenium driver initialized successfully.
2026-01-29 08:50:44,948 - INFO - Starting scrape for The Hindu RSS feed: https://www.thehindu.com/news/national/feeder/default.rss
2026-01-29 08:50:44,949 - INFO - Selenium driver initialized successfully.
2026-01-29 08:50:44,949 - INFO - Starting scrape for Times of India RSS feed: https://timesofindia.indiatimes.com/rssfeeds/296589292.cms
2026-01-29 08:50:45,024 - INFO - Found 20 articles in Times of India RSS feed. Processing up to 10.
2026-01-29 08:50:45,024 - INFO - [Times of India] Article: https://timesofindia.indiatimes.com/world/rest-of-world/thai-military-plane-crashes-in-chiang-mai-during-training-two-pilots-killed/articleshow/127764442.cms
2026-01-29 08:50:45,024 - INFO - [Times of India] Attempt 1/1: Trying with 'selenium_browser' strategy...
2026-01-29 08:50:45,156 - INFO - Found 100 articles in The Hindu RSS feed. Processing up to 10.
2026-01-29 08:50:45,157 - INFO - [The Hindu] Article: https://www.thehindu.com/news/national/we-are-on-the-same-page-says-shashi-tharoor-after-meeting-rahul-kharge/article70564709.ece
2026-01-29 08:50:45,157 - INFO - [The Hindu] Attempt 1/1: Trying with 'selenium_browser' strategy...
2026-01-29 08:50:45,403 - INFO - [BBC] Article: https://www.bbc.com/news/articles/cgjwpq4pggjo?at_medium=RSS&at_campaign=rss
2026-01-29 08:50:45,403 - INFO - [BBC] Attempt 1/1: Trying with 'requests_browser' strategy...
2026-01-29 08:50:45,445 - INFO - [BBC] Success with 'requests_browser'. Found content (661 words).
2026-01-29 08:50:45,471 - INFO - [The Guardian] Article: https://www.theguardian.com/world/2026/jan/28/can-venezuelas-delcy-rodriguez-become-a-latin-american-deng-xiaoping
2026-01-29 08:50:45,472 - INFO - [The Guardian] Attempt 1/1: Trying with 'requests_browser' strategy...
2026-01-29 08:50:45,527 - INFO - Duplicate article skipped: Panic on crowded Ukraine train - passenger describes moment of Russian drone strike from BBC
2026-01-29 08:50:45,547 - INFO - [The Guardian] Success with 'requests_browser'. Found content (1260 words).
2026-01-29 08:50:45,610 - INFO - Duplicate article skipped: Can Venezuela’s Delcy Rodríguez become a Latin American Deng Xiaoping? | Venezuela | The Guardian from The Guardian
2026-01-29 08:50:46,045 - INFO - [BBC] Article: https://www.bbc.com/news/articles/cddgpp7jpm8o?at_medium=RSS&at_campaign=rss
2026-01-29 08:50:46,046 - INFO - [BBC] Attempt 1/1: Trying with 'requests_browser' strategy...
2026-01-29 08:50:46,106 - INFO - [BBC] Success with 'requests_browser'. Found content (952 words).
2026-01-29 08:50:46,192 - INFO - Saved article: Arijit Singh retires as playback singer in Indian films from BBC
2026-01-29 08:50:46,719 - INFO - [BBC] Article: https://www.bbc.com/news/articles/cvgnq54v79xo?at_medium=RSS&at_campaign=rss
2026-01-29 08:50:46,719 - INFO - [BBC] Attempt 1/1: Trying with 'requests_browser' strategy...
2026-01-29 08:50:46,786 - INFO - [The Guardian] Article: https://www.theguardian.com/world/2026/jan/27/mexico-cuba-trump-oil
2026-01-29 08:50:46,786 - INFO - [The Guardian] Attempt 1/1: Trying with 'requests_browser' strategy...
2026-01-29 08:50:46,931 - INFO - [BBC] Success with 'requests_browser'. Found content (313 words).
2026-01-29 08:50:46,944 - INFO - [The Guardian] Success with 'requests_browser'. Found content (390 words).
2026-01-29 08:50:47,235 - INFO - Duplicate article skipped: Mexico’s president says cancellation of oil shipment to Cuba is ‘sovereign’ decision | Mexico | The Guardian from The Guardian
2026-01-29 08:50:47,235 - INFO - Duplicate article skipped: Plane crashes in Colombia, killing all 15 on board from BBC
2026-01-29 08:50:48,578 - INFO - [The Guardian] Article: https://www.theguardian.com/us-news/2026/jan/27/five-year-old-girl-us-citizen-and-mother-deported-honduras
2026-01-29 08:50:48,578 - INFO - [The Guardian] Attempt 1/1: Trying with 'requests_browser' strategy...
2026-01-29 08:50:48,606 - INFO - [BBC] Article: https://www.bbc.com/news/articles/c205yl3kvzmo?at_medium=RSS&at_campaign=rss
2026-01-29 08:50:48,606 - INFO - [BBC] Attempt 1/1: Trying with 'requests_browser' strategy...
2026-01-29 08:50:48,822 - INFO - [BBC] Success with 'requests_browser'. Found content (530 words).
2026-01-29 08:50:48,826 - INFO - [The Guardian] Success with 'requests_browser'. Found content (892 words).
2026-01-29 08:50:49,115 - INFO - Duplicate article skipped: At least five killed after Storm Kristin hits Portugal from BBC
2026-01-29 08:50:49,196 - INFO - Duplicate article skipped: Five-year-old deported to Honduras despite being US citizen is latest child victim of Trump crackdown | US immigration | The Guardian from The Guardian
2026-01-29 08:50:49,514 - INFO - [The Hindu] Page content loaded.
2026-01-29 08:50:49,825 - INFO - [The Hindu] Success with 'selenium_browser'. Found content (313 words).
2026-01-29 08:50:50,046 - INFO - Saved article: We are on the same page, says Shashi Tharoor after meeting Rahul, Kharge - The Hindu from The Hindu
2026-01-29 08:50:50,559 - INFO - [BBC] Article: https://www.bbc.com/news/articles/cly5pd459gko?at_medium=RSS&at_campaign=rss
2026-01-29 08:50:50,559 - INFO - [BBC] Attempt 1/1: Trying with 'requests_browser' strategy...
2026-01-29 08:50:50,608 - INFO - [The Guardian] Article: https://www.theguardian.com/us-news/2026/jan/26/canadian-ryan-wedding-ex-olympian-drug-trafficking
2026-01-29 08:50:50,608 - INFO - [The Guardian] Attempt 1/1: Trying with 'requests_browser' strategy...
2026-01-29 08:50:50,862 - INFO - [The Hindu] Article: https://www.thehindu.com/news/national/kerala/kerala-budget-2026-free-education-up-to-graduate-level-for-arts-and-science-students/article70564678.ece
2026-01-29 08:50:50,862 - INFO - [The Hindu] Attempt 1/1: Trying with 'selenium_browser' strategy...
2026-01-29 08:50:50,898 - INFO - [The Guardian] Success with 'requests_browser'. Found content (475 words).
2026-01-29 08:50:50,906 - INFO - [BBC] Success with 'requests_browser'. Found content (1132 words).
2026-01-29 08:50:51,388 - INFO - Duplicate article skipped: Canadian ex-Olympian pleads not guilty to 17 felonies including drug trafficking | US crime | The Guardian from The Guardian
2026-01-29 08:50:51,511 - INFO - Duplicate article skipped: Iran: Trump warns 'time is running out' for nuclear deal as US military builds up in Gulf from BBC
2026-01-29 08:50:55,789 - INFO - [The Hindu] Page content loaded.
2026-01-29 08:50:56,021 - INFO - [The Hindu] Success with 'selenium_browser'. Found content (480 words).
2026-01-29 08:50:56,468 - INFO - Saved article: Kerala Budget 2026: Free education up to graduate level for Arts and Science students - The Hindu from The Hindu
2026-01-29 08:50:57,464 - INFO - [The Hindu] Article: https://www.thehindu.com/business/budget/economic-survey-2025-26-steel-sector-faces-challenges-of-international-price-disparity-raw-material-security/article70564601.ece
2026-01-29 08:50:57,464 - INFO - [The Hindu] Attempt 1/1: Trying with 'selenium_browser' strategy...
2026-01-29 08:51:02,996 - INFO - [The Hindu] Page content loaded.
2026-01-29 08:51:03,129 - INFO - [The Hindu] Success with 'selenium_browser'. Found content (286 words).
2026-01-29 08:51:03,276 - INFO - Saved article: Economic Survey 2025-26: Steel sector faces challenges of international price disparity, raw material security - The Hindu from The Hindu
2026-01-29 08:51:03,995 - INFO - [The Hindu] Article: https://www.thehindu.com/business/Economy/expanding-network-of-ftas-supports-indias-trade-strategy-economic-survey/article70564658.ece
2026-01-29 08:51:03,995 - INFO - [The Hindu] Attempt 1/1: Trying with 'selenium_browser' strategy...
2026-01-29 08:51:15,343 - INFO - [The Hindu] Page content loaded.
2026-01-29 08:51:15,480 - INFO - [The Hindu] Success with 'selenium_browser'. Found content (197 words).
2026-01-29 08:51:15,575 - INFO - Saved article: Expanding network of FTAs supports India's trade strategy: Economic Survey - The Hindu from The Hindu
2026-01-29 08:51:16,676 - INFO - [The Hindu] Article: https://www.thehindu.com/business/budget/economic-survey-2025-26-frequent-policy-changes-at-export-front-disrupt-supply-chains-markets-once-lost-hard-to-regain/article70564640.ece
2026-01-29 08:51:16,676 - INFO - [The Hindu] Attempt 1/1: Trying with 'selenium_browser' strategy...
2026-01-29 08:51:23,238 - INFO - [The Hindu] Page content loaded.
2026-01-29 08:51:23,475 - INFO - [The Hindu] Success with 'selenium_browser'. Found content (421 words).
2026-01-29 08:51:23,685 - INFO - Saved article: Economic Survey 2025-26: 'Frequent policy changes at export front disrupt supply chains; markets once lost hard to regain' - The Hindu from The Hindu
2026-01-29 08:51:24,805 - INFO - [The Hindu] Article: https://www.thehindu.com/news/national/kerala/kerala-budget-udf-slams-it-as-political-tool-filled-with-empty-promises-ahead-of-assembly-elections/article70564642.ece
2026-01-29 08:51:24,805 - INFO - [The Hindu] Attempt 1/1: Trying with 'selenium_browser' strategy...
2026-01-29 08:51:26,979 - INFO - [The Hindu] Page content loaded.
2026-01-29 08:51:27,054 - INFO - [The Hindu] Success with 'selenium_browser'. Found content (516 words).
2026-01-29 08:51:27,160 - INFO - Saved article: Kerala Budget: UDF slams it as ‘political tool filled with empty promises’ ahead of Assembly elections - The Hindu from The Hindu
2026-01-29 08:51:27,902 - INFO - [The Hindu] Article: https://www.thehindu.com/news/national/telangana/sit-issues-notice-to-kcr-in-phone-tapping-case/article70564644.ece
2026-01-29 08:51:27,902 - INFO - [The Hindu] Attempt 1/1: Trying with 'selenium_browser' strategy...
2026-01-29 08:51:30,502 - INFO - [The Hindu] Page content loaded.
2026-01-29 08:51:30,616 - INFO - [The Hindu] Success with 'selenium_browser'. Found content (192 words).
2026-01-29 08:51:30,726 - INFO - Saved article: SIT serves notice on KCR in phone-tapping case - The Hindu from The Hindu
2026-01-29 08:51:31,423 - INFO - [The Hindu] Article: https://www.thehindu.com/sci-tech/technology/airtel-partners-adobe-to-offer-express-premium-access-free-to-360-million-customers/article70564307.ece
2026-01-29 08:51:31,424 - INFO - [The Hindu] Attempt 1/1: Trying with 'selenium_browser' strategy...
2026-01-29 08:51:32,310 - INFO - [The Hindu] Page content loaded.
2026-01-29 08:51:32,399 - INFO - [The Hindu] Success with 'selenium_browser'. Found content (183 words).
2026-01-29 08:51:32,489 - INFO - Saved article: Airtel partners with Adobe to offer Express Premium access free to 360 million customers - The Hindu from The Hindu
2026-01-29 08:51:33,777 - INFO - [The Hindu] Article: https://www.thehindu.com/business/budget/rising-exports-reflective-of-acceptance-of-india-made-cars-across-global-markets-economic-survey/article70564612.ece
2026-01-29 08:51:33,778 - INFO - [The Hindu] Attempt 1/1: Trying with 'selenium_browser' strategy...
2026-01-29 08:51:34,783 - INFO - [The Hindu] Page content loaded.
2026-01-29 08:51:34,909 - INFO - [The Hindu] Success with 'selenium_browser'. Found content (284 words).
2026-01-29 08:51:34,982 - INFO - Saved article: Rising exports reflective of acceptance of India-made cars across global markets: Economic Survey - The Hindu from The Hindu
2026-01-29 08:51:36,461 - INFO - [The Hindu] Article: https://www.thehindu.com/news/national/supreme-court-stays-2026-ugc-equity-regulations-calls-it-too-sweeping/article70564593.ece
2026-01-29 08:51:36,461 - INFO - [The Hindu] Attempt 1/1: Trying with 'selenium_browser' strategy...
2026-01-29 08:51:38,316 - INFO - [The Hindu] Page content loaded.
2026-01-29 08:51:38,481 - INFO - [The Hindu] Success with 'selenium_browser'. Found content (467 words).
2026-01-29 08:51:38,559 - INFO - Saved article: Supreme Court stays 2026 UGC Equity Regulations, calls it ‘too sweeping’ - The Hindu from The Hindu
2026-01-29 08:51:39,567 - INFO - [The Hindu] (Thread) Finished. Attempting to shut down its Selenium driver.
2026-01-29 08:51:39,738 - INFO - [The Hindu] (Thread) driver.quit() successful.
2026-01-29 08:51:45,058 - ERROR - [Times of India] Request failed for strategy 'selenium_browser' on URL https://timesofindia.indiatimes.com/world/rest-of-world/thai-military-plane-crashes-in-chiang-mai-during-training-two-pilots-killed/articleshow/127764442.cms: Message: timeout: Timed out receiving message from renderer: 59.931
  (Session info: chrome=144.0.7559.59)
Stacktrace:
#0 0x558c562aec3a <unknown>
#1 0x558c55cc8969 <unknown>
#2 0x558c55cb0201 <unknown>
#3 0x558c55cafe26 <unknown>
#4 0x558c55cad94b <unknown>
#5 0x558c55cae2cf <unknown>
#6 0x558c55cbd700 <unknown>
#7 0x558c55cd76f7 <unknown>
#8 0x558c55cde97b <unknown>
#9 0x558c55caea39 <unknown>
#10 0x558c55cd748a <unknown>
#11 0x558c55d66d98 <unknown>
#12 0x558c55d0fbe2 <unknown>
#13 0x558c55d10991 <unknown>
#14 0x558c56274a99 <unknown>
#15 0x558c562779b1 <unknown>
#16 0x558c562610a9 <unknown>
#17 0x558c5627856e <unknown>
#18 0x558c562475e0 <unknown>
#19 0x558c5629c358 <unknown>
#20 0x558c5629c528 <unknown>
#21 0x558c562adfa8 <unknown>
#22 0x7f3cd229caa4 <unknown>
#23 0x7f3cd2329c6c <unknown>

2026-01-29 08:51:45,058 - ERROR - [Times of India] All scrape strategies failed for https://timesofindia.indiatimes.com/world/rest-of-world/thai-military-plane-crashes-in-chiang-mai-during-training-two-pilots-killed/articleshow/127764442.cms. Falling back to RSS description.
2026-01-29 08:51:45,066 - INFO - Saved article: Thai military plane crashes in Chiang Mai during training; two pilots killed from Times of India
2026-01-29 08:51:46,506 - INFO - [Times of India] Article: https://timesofindia.indiatimes.com/etimes/trending/watch-wheel-falls-off-british-airways-flight-from-la-video-goes-viral-as-plane-completes-5000-miles-to-land-safely-in-london/articleshow/127762960.cms
2026-01-29 08:51:46,507 - INFO - [Times of India] Attempt 1/1: Trying with 'selenium_browser' strategy...
2026-01-29 08:51:49,604 - INFO - [Times of India] Page content loaded.
2026-01-29 08:51:49,742 - INFO - [Times of India] Success with 'selenium_browser'. Found content (593 words).
2026-01-29 08:51:49,804 - INFO - Saved article: Watch: Wheel falls off British Airways flight from LA, video goes viral as plane completes 5,000 miles to land safely in London - The Times of India from Times of India
2026-01-29 08:51:50,347 - INFO - [Times of India] Article: https://timesofindia.indiatimes.com/world/rest-of-world/worlds-largest-late-roman-hoard-of-50000-ancient-coins-discovered-off-sardinia-near-arzachena/articleshow/127764917.cms
2026-01-29 08:51:50,347 - INFO - [Times of India] Attempt 1/1: Trying with 'selenium_browser' strategy...
2026-01-29 08:51:53,178 - INFO - [Times of India] Page content loaded.
2026-01-29 08:51:53,381 - INFO - [Times of India] Success with 'selenium_browser'. Found content (563 words).
2026-01-29 08:51:53,502 - INFO - Saved article: World’s largest late Roman hoard of 50,000 ancient coins discovered off Sardinia near Arzachena | World News - The Times of India from Times of India
2026-01-29 08:51:54,148 - INFO - [Times of India] Article: https://timesofindia.indiatimes.com/world/us/breaking-bad-star-giancarlo-espositos-shocking-call-for-revolution-civil-war-remark-goes-viral-we-will-not-be-iced-out/articleshow/127758008.cms
2026-01-29 08:51:54,149 - INFO - [Times of India] Attempt 1/1: Trying with 'selenium_browser' strategy...
2026-01-29 08:51:56,338 - INFO - [Times of India] Page content loaded.
2026-01-29 08:51:56,506 - INFO - [Times of India] Success with 'selenium_browser'. Found content (1040 words).
2026-01-29 08:51:56,590 - INFO - Saved article: Breaking Bad star Giancarlo Esposito’s shocking call for revolution, civil war remark goes viral: 'We will not be ICE’d out' - The Times of India from Times of India
2026-01-29 08:51:57,686 - INFO - [Times of India] Article: https://timesofindia.indiatimes.com/world/rest-of-world/australia-uncovers-the-worlds-largest-dinosaur-footprints-from-130-million-years-ago/articleshow/127693934.cms
2026-01-29 08:51:57,686 - INFO - [Times of India] Attempt 1/1: Trying with 'selenium_browser' strategy...
2026-01-29 08:51:58,249 - INFO - [Times of India] Page content loaded.
2026-01-29 08:51:58,393 - INFO - [Times of India] Success with 'selenium_browser'. Found content (632 words).
2026-01-29 08:51:58,439 - INFO - Duplicate article skipped: Australia uncovers the world’s largest dinosaur footprints from 130 million years ago | World News - The Times of India from Times of India
2026-01-29 08:51:59,029 - INFO - [Times of India] Article: https://timesofindia.indiatimes.com/world/rest-of-world/this-spanish-town-has-been-living-under-a-rock-for-500-years-and-people-still-call-it-home/articleshow/127704506.cms
2026-01-29 08:51:59,029 - INFO - [Times of India] Attempt 1/1: Trying with 'selenium_browser' strategy...
2026-01-29 08:52:00,006 - INFO - [Times of India] Page content loaded.
2026-01-29 08:52:00,135 - INFO - [Times of India] Success with 'selenium_browser'. Found content (403 words).
2026-01-29 08:52:00,192 - INFO - Duplicate article skipped: This Spanish town has been living under a rock for 500 years — and people still call it home | World News - The Times of India from Times of India
2026-01-29 08:52:00,860 - INFO - [Times of India] Article: https://timesofindia.indiatimes.com/world/us-streamers/streamer-ray-j-hospitalized-and-warned-about-failing-heart-after-years-of-drinking-and-partying/articleshow/127735150.cms
2026-01-29 08:52:00,860 - INFO - [Times of India] Attempt 1/1: Trying with 'selenium_browser' strategy...
2026-01-29 08:52:01,495 - INFO - [Times of India] Page content loaded.
2026-01-29 08:52:01,638 - INFO - [Times of India] Success with 'selenium_browser'. Found content (397 words).
2026-01-29 08:52:01,706 - INFO - Duplicate article skipped: Streamer Ray J hospitalized and warned about failing heart after years of drinking and partying - The Times of India from Times of India
2026-01-29 08:52:02,781 - INFO - [Times of India] Article: https://timesofindia.indiatimes.com/world/middle-east/us-hands-gulf-the-worlds-most-powerful-ai-chips-clears-exports-to-uae-and-saudi-arabia/articleshow/127755000.cms
2026-01-29 08:52:02,781 - INFO - [Times of India] Attempt 1/1: Trying with 'selenium_browser' strategy...
2026-01-29 08:52:03,743 - INFO - [Times of India] Page content loaded.
2026-01-29 08:52:03,866 - INFO - [Times of India] Success with 'selenium_browser'. Found content (92 words).
2026-01-29 08:52:03,891 - INFO - Duplicate article skipped: US hands Gulf the world’s most powerful AI chips: Clears exports to UAE and Saudi Arabia - The Times of India from Times of India
2026-01-29 08:52:05,301 - INFO - [Times of India] Article: https://timesofindia.indiatimes.com/world/china/homicide-fraud-gambling-dens-why-did-china-execute-11-members-of-a-family/articleshow/127755554.cms
2026-01-29 08:52:05,301 - INFO - [Times of India] Attempt 1/1: Trying with 'selenium_browser' strategy...
2026-01-29 08:52:05,977 - INFO - [Times of India] Page content loaded.
2026-01-29 08:52:06,102 - INFO - [Times of India] Success with 'selenium_browser'. Found content (226 words).
2026-01-29 08:52:06,149 - INFO - Duplicate article skipped: Homicide, fraud, gambling dens: Why did China execute 11 members of a family? - The Times of India from Times of India
2026-01-29 08:52:07,005 - INFO - [Times of India] Article: https://timesofindia.indiatimes.com/world/us/watch-trumps-tiktok-moment-with-his-number-one-fan-nicki-minaj/articleshow/127753784.cms
2026-01-29 08:52:07,006 - INFO - [Times of India] Attempt 1/1: Trying with 'selenium_browser' strategy...
2026-01-29 08:52:07,467 - INFO - [Times of India] Page content loaded.
2026-01-29 08:52:07,648 - INFO - [Times of India] Success with 'selenium_browser'. Found content (377 words).
2026-01-29 08:52:07,699 - INFO - Duplicate article skipped: Watch: Trump’s TikTok moment with his 'number one fan' Nicki Minaj - The Times of India from Times of India
2026-01-29 08:52:09,188 - INFO - [Times of India] (Thread) Finished. Attempting to shut down its Selenium driver.
2026-01-29 08:52:09,391 - INFO - [Times of India] (Thread) driver.quit() successful.
2026-01-29 08:52:09,391 - INFO - Shutting down thread pool (wait=False)...
2026-01-29 08:52:09,391 - INFO - Scraped: 10 The Hindu, 4 BBC, 0 The Guardian, 4 Times of India articles. (Total saved: 18)
2026-01-29 08:52:09,391 - INFO - --- Scraping job finished ---
2026-01-29 08:52:09,396 - INFO - --- Scraper service stopped and database connection closed. ---
2026-01-29 08:52:09,396 - INFO - --- Main thread finished. Forcing process exit to kill zombie threads. ---
